Cell type report:                       Count       Area
  Tap cell                               2672    3343.21
  Buffer                                  113     878.34
  Timing Repair Buffer                   1091    5642.91
  Inverter                                224     923.39
  Sequential cell                        1597   45129.53
  Multi-Input combinational cell         4190   36774.02
  Total                                  9887   92691.40

Cell instance report:
  sky130_fd_sc_hd__a2111oi_0                1       8.76
  sky130_fd_sc_hd__a2111oi_1                2      20.02
  sky130_fd_sc_hd__a211o_1                 15     131.38
  sky130_fd_sc_hd__a211o_4                  1      17.52
  sky130_fd_sc_hd__a211oi_1                32     240.23
  sky130_fd_sc_hd__a21boi_0                 9      67.56
  sky130_fd_sc_hd__a21boi_1                 2      15.01
  sky130_fd_sc_hd__a21boi_2                 2      22.52
  sky130_fd_sc_hd__a21boi_4                 1      18.77
  sky130_fd_sc_hd__a21o_1                  60     450.43
  sky130_fd_sc_hd__a21o_4                   7     105.10
  sky130_fd_sc_hd__a21oi_1                310    1551.49
  sky130_fd_sc_hd__a21oi_2                 60     525.50
  sky130_fd_sc_hd__a221o_4                  2      42.54
  sky130_fd_sc_hd__a221oi_1                46     402.89
  sky130_fd_sc_hd__a222oi_1                39     390.37
  sky130_fd_sc_hd__a22o_1                  16     140.13
  sky130_fd_sc_hd__a22oi_1                 73     548.03
  sky130_fd_sc_hd__a2bb2oi_1                3      26.28
  sky130_fd_sc_hd__a311oi_1                 2      17.52
  sky130_fd_sc_hd__a31o_1                   3      26.28
  sky130_fd_sc_hd__a31o_4                   2      35.03
  sky130_fd_sc_hd__a31oi_1                 71     444.18
  sky130_fd_sc_hd__a32o_1                   6      60.06
  sky130_fd_sc_hd__a32oi_1                 14     122.62
  sky130_fd_sc_hd__a41o_1                   1      10.01
  sky130_fd_sc_hd__a41oi_1                  5      43.79
  sky130_fd_sc_hd__and2_0                  13      81.33
  sky130_fd_sc_hd__and2_4                  18     157.65
  sky130_fd_sc_hd__and3_1                  24     150.14
  sky130_fd_sc_hd__and3_4                  39     439.17
  sky130_fd_sc_hd__and3b_1                  1       8.76
  sky130_fd_sc_hd__and4_1                   3      26.28
  sky130_fd_sc_hd__and4_4                  24     270.26
  sky130_fd_sc_hd__and4b_4                  2      27.53
  sky130_fd_sc_hd__buf_1                  728    2732.62
  sky130_fd_sc_hd__buf_2                   83     415.40
  sky130_fd_sc_hd__buf_4                  274    2056.97
  sky130_fd_sc_hd__buf_6                   95    1069.78
  sky130_fd_sc_hd__clkdlybuf4s15_1          8      80.08
  sky130_fd_sc_hd__clkdlybuf4s15_2          5      56.30
  sky130_fd_sc_hd__clkdlybuf4s18_2         11     110.11
  sky130_fd_sc_hd__clkinv_1                32     120.12
  sky130_fd_sc_hd__clkinv_2                 2      10.01
  sky130_fd_sc_hd__clkinv_8                 1      16.27
  sky130_fd_sc_hd__conb_1                 138     518.00
  sky130_fd_sc_hd__dfxtp_1                 54    1081.04
  sky130_fd_sc_hd__dfxtp_2                256    5445.22
  sky130_fd_sc_hd__dfxtp_4                  7     166.41
  sky130_fd_sc_hd__edfxtp_1              1280   38436.86
  sky130_fd_sc_hd__fa_1                     5     100.10
  sky130_fd_sc_hd__ha_1                   185    2314.72
  sky130_fd_sc_hd__ha_2                    14     210.20
  sky130_fd_sc_hd__inv_1                  143     536.76
  sky130_fd_sc_hd__inv_2                   21      78.83
  sky130_fd_sc_hd__inv_4                   23     143.89
  sky130_fd_sc_hd__inv_6                    2      17.52
  sky130_fd_sc_hd__mux2_1                  52     585.56
  sky130_fd_sc_hd__mux2_4                   8     120.12
  sky130_fd_sc_hd__mux2i_1                 87     870.84
  sky130_fd_sc_hd__mux4_2                 545   12274.27
  sky130_fd_sc_hd__nand2_1                430    1614.05
  sky130_fd_sc_hd__nand2_4                 86     968.43
  sky130_fd_sc_hd__nand2b_1                18     112.61
  sky130_fd_sc_hd__nand3_1                 79     395.38
  sky130_fd_sc_hd__nand3b_1                 3      22.52
  sky130_fd_sc_hd__nand4_1                 29     181.42
  sky130_fd_sc_hd__nand4b_1                 1       8.76
  sky130_fd_sc_hd__nor2_1                 379    1422.61
  sky130_fd_sc_hd__nor2_2                  67     419.15
  sky130_fd_sc_hd__nor2_4                  40     450.43
  sky130_fd_sc_hd__nor2b_1                 16     100.10
  sky130_fd_sc_hd__nor2b_2                  3      26.28
  sky130_fd_sc_hd__nor2b_4                  4      55.05
  sky130_fd_sc_hd__nor3_1                 108     540.52
  sky130_fd_sc_hd__nor3_2                  19     190.18
  sky130_fd_sc_hd__nor3_4                   1      16.27
  sky130_fd_sc_hd__nor3b_1                 11      82.58
  sky130_fd_sc_hd__nor3b_2                  3      37.54
  sky130_fd_sc_hd__nor4_1                  13      81.33
  sky130_fd_sc_hd__nor4_2                  15     187.68
  sky130_fd_sc_hd__nor4b_1                  1       8.76
  sky130_fd_sc_hd__nor4b_2                  2      30.03
  sky130_fd_sc_hd__o2111ai_1                1       8.76
  sky130_fd_sc_hd__o211ai_1                26     195.19
  sky130_fd_sc_hd__o21a_1                  75     563.04
  sky130_fd_sc_hd__o21ai_0                486    2432.33
  sky130_fd_sc_hd__o21ai_1                  2      10.01
  sky130_fd_sc_hd__o21ai_4                  5      81.33
  sky130_fd_sc_hd__o21bai_1                31     232.72
  sky130_fd_sc_hd__o21bai_2                 5      56.30
  sky130_fd_sc_hd__o21bai_4                 2      37.54
  sky130_fd_sc_hd__o221a_1                  5      56.30
  sky130_fd_sc_hd__o221ai_1                28     245.24
  sky130_fd_sc_hd__o221ai_2                12     180.17
  sky130_fd_sc_hd__o22a_1                   2      17.52
  sky130_fd_sc_hd__o22ai_1                 21     131.38
  sky130_fd_sc_hd__o22ai_2                  5      62.56
  sky130_fd_sc_hd__o311a_1                  1      10.01
  sky130_fd_sc_hd__o311ai_0                16     140.13
  sky130_fd_sc_hd__o311ai_1                 1       8.76
  sky130_fd_sc_hd__o31a_1                   3      26.28
  sky130_fd_sc_hd__o31ai_1                 22     165.16
  sky130_fd_sc_hd__o32a_1                   1      10.01
  sky130_fd_sc_hd__o32ai_1                 17     148.89
  sky130_fd_sc_hd__o41ai_1                  1       8.76
  sky130_fd_sc_hd__or2_0                    1       6.26
  sky130_fd_sc_hd__or2_4                   11      96.34
  sky130_fd_sc_hd__or3_1                    6      37.54
  sky130_fd_sc_hd__or3_4                   11     123.87
  sky130_fd_sc_hd__or4_1                    2      15.01
  sky130_fd_sc_hd__or4_4                    2      22.52
  sky130_fd_sc_hd__or4b_1                   2      20.02
  sky130_fd_sc_hd__or4b_4                   2      27.53
  sky130_fd_sc_hd__tapvpwrvgnd_1         2672    3343.21
  sky130_fd_sc_hd__xnor2_1                 92     805.77
  sky130_fd_sc_hd__xor2_1                  21     183.93
  sky130_fd_sc_hd__xor2_2                   1      16.27
