[-59.326, -55.230): * (4)
[-55.230, -51.134): ** (24)
[-51.134, -47.039): *** (41)
[-47.039, -42.943):  (0)
[-42.943, -38.847):  (0)
[-38.847, -34.752):  (0)
[-34.752, -30.656):  (0)
[-30.656, -26.560):  (0)
[-26.560, -22.465):  (0)
[-22.465, -18.369):  (0)
[-18.369, -14.273): *** (32)
[-14.273, -10.178): ******************************************* (515)
[-10.178, -6.082): ******************************************* (509)
[-6.082, -1.986): ****** (66)
[-1.986,  2.109): ******************************************** (526)
[ 2.109,  6.205): ************************************************** (595)
[ 6.205, 10.301): ************** (168)
[10.301, 14.396): ************** (169)
[14.396, 18.492): ******* (86)
[18.492, 22.588]: *** (31)
