[WARNING STA-0503] report_checks -group_count is deprecated. Use -group_path_count instead.
Startpoint: _9504_ (rising edge-triggered flip-flop clocked by clk0)
Endpoint: pcpi_rs1[18]$_DFFE_PP_
          (rising edge-triggered flip-flop clocked by clk0)
Path Group: clk0
Path Type: max
Corner: slow

Fanout     Cap    Slew   Delay    Time   Description
-----------------------------------------------------------------------------
                  0.00    0.00    0.00   clock clk0 (rise edge)
                          0.00    0.00   clock network delay (ideal)
                  0.00    0.00    0.00 ^ _9504_/CLK (sky130_fd_sc_hd__dfxtp_1)
   259    1.92   61.61   46.39   46.39 ^ _9504_/Q (sky130_fd_sc_hd__dfxtp_1)
                                         _0005_ (net)
                 61.62    0.18   46.58 ^ _5773_/A (sky130_fd_sc_hd__inv_1)
     8    0.04    8.63   24.87   71.45 v _5773_/Y (sky130_fd_sc_hd__inv_1)
                                         _1259_ (net)
                  8.63    0.00   71.45 v _6252_/A1 (sky130_fd_sc_hd__o21ai_0)
     1    0.00    1.04    5.24   76.68 ^ _6252_/Y (sky130_fd_sc_hd__o21ai_0)
                                         _1710_ (net)
                  1.04    0.00   76.68 ^ _6253_/B2 (sky130_fd_sc_hd__o22ai_1)
     1    0.00    0.82    0.54   77.22 v _6253_/Y (sky130_fd_sc_hd__o22ai_1)
                                         _1711_ (net)
                  0.82    0.00   77.22 v _6254_/A1 (sky130_fd_sc_hd__mux2i_1)
     1    0.02    1.92    2.12   79.35 ^ _6254_/Y (sky130_fd_sc_hd__mux2i_1)
                                         _1712_ (net)
                  1.92    0.00   79.35 ^ _6255_/B (sky130_fd_sc_hd__nor2_1)
     1    0.00    0.56    0.75   80.10 v _6255_/Y (sky130_fd_sc_hd__nor2_1)
                                         _1713_ (net)
                  0.56    0.00   80.10 v _6260_/B1 (sky130_fd_sc_hd__a2111oi_0)
     1    0.00    1.35    1.82   81.92 ^ _6260_/Y (sky130_fd_sc_hd__a2111oi_0)
                                         _1718_ (net)
                  1.35    0.00   81.92 ^ _6261_/B1 (sky130_fd_sc_hd__o21ai_0)
     1    0.00    0.56    0.73   82.65 v _6261_/Y (sky130_fd_sc_hd__o21ai_0)
                                         _4761_ (net)
                  0.56    0.00   82.65 v pcpi_rs1[18]$_DFFE_PP_/D (sky130_fd_sc_hd__edfxtp_1)
                                 82.65   data arrival time

                  0.00   25.00   25.00   clock clk0 (rise edge)
                          0.00   25.00   clock network delay (ideal)
                          0.00   25.00   clock reconvergence pessimism
                                 25.00 ^ pcpi_rs1[18]$_DFFE_PP_/CLK (sky130_fd_sc_hd__edfxtp_1)
                         -1.67   23.33   library setup time
                                 23.33   data required time
-----------------------------------------------------------------------------
                                 23.33   data required time
                                -82.65   data arrival time
-----------------------------------------------------------------------------
                                -59.33   slack (VIOLATED)


Startpoint: _9504_ (rising edge-triggered flip-flop clocked by clk0)
Endpoint: pcpi_rs1[26]$_DFFE_PP_
          (rising edge-triggered flip-flop clocked by clk0)
Path Group: clk0
Path Type: max
Corner: slow

Fanout     Cap    Slew   Delay    Time   Description
-----------------------------------------------------------------------------
                  0.00    0.00    0.00   clock clk0 (rise edge)
                          0.00    0.00   clock network delay (ideal)
                  0.00    0.00    0.00 ^ _9504_/CLK (sky130_fd_sc_hd__dfxtp_1)
   259    1.92   61.61   46.39   46.39 ^ _9504_/Q (sky130_fd_sc_hd__dfxtp_1)
                                         _0005_ (net)
                 61.62    0.18   46.58 ^ _5773_/A (sky130_fd_sc_hd__inv_1)
     8    0.04    8.63   24.87   71.45 v _5773_/Y (sky130_fd_sc_hd__inv_1)
                                         _1259_ (net)
                  8.63    0.00   71.45 v _6475_/A1 (sky130_fd_sc_hd__a21oi_1)
     1    0.00    0.89    5.28   76.72 ^ _6475_/Y (sky130_fd_sc_hd__a21oi_1)
                                         _1918_ (net)
                  0.89    0.00   76.72 ^ _6480_/A1 (sky130_fd_sc_hd__o21ai_0)
     1    0.00    1.10    0.58   77.31 v _6480_/Y (sky130_fd_sc_hd__o21ai_0)
                                         _1923_ (net)
                  1.10    0.00   77.31 v _6496_/A2 (sky130_fd_sc_hd__a31oi_1)
     1    0.03    2.40    2.76   80.06 ^ _6496_/Y (sky130_fd_sc_hd__a31oi_1)
                                         _1939_ (net)
                  2.40    0.00   80.06 ^ _6502_/A2 (sky130_fd_sc_hd__a21oi_1)
     1    0.00    0.55    1.06   81.12 v _6502_/Y (sky130_fd_sc_hd__a21oi_1)
                                         _1945_ (net)
                  0.55    0.00   81.12 v _6503_/B1 (sky130_fd_sc_hd__o21ai_0)
     1    0.00    0.43    0.49   81.62 ^ _6503_/Y (sky130_fd_sc_hd__o21ai_0)
                                         _4770_ (net)
                  0.43    0.00   81.62 ^ pcpi_rs1[26]$_DFFE_PP_/D (sky130_fd_sc_hd__edfxtp_1)
                                 81.62   data arrival time

                  0.00   25.00   25.00   clock clk0 (rise edge)
                          0.00   25.00   clock network delay (ideal)
                          0.00   25.00   clock reconvergence pessimism
                                 25.00 ^ pcpi_rs1[26]$_DFFE_PP_/CLK (sky130_fd_sc_hd__edfxtp_1)
                         -0.58   24.42   library setup time
                                 24.42   data required time
-----------------------------------------------------------------------------
                                 24.42   data required time
                                -81.62   data arrival time
-----------------------------------------------------------------------------
                                -57.19   slack (VIOLATED)


Startpoint: _9504_ (rising edge-triggered flip-flop clocked by clk0)
Endpoint: pcpi_rs1[8]$_DFFE_PP_
          (rising edge-triggered flip-flop clocked by clk0)
Path Group: clk0
Path Type: max
Corner: slow

Fanout     Cap    Slew   Delay    Time   Description
-----------------------------------------------------------------------------
                  0.00    0.00    0.00   clock clk0 (rise edge)
                          0.00    0.00   clock network delay (ideal)
                  0.00    0.00    0.00 ^ _9504_/CLK (sky130_fd_sc_hd__dfxtp_1)
   259    1.92   61.61   46.39   46.39 ^ _9504_/Q (sky130_fd_sc_hd__dfxtp_1)
                                         _0005_ (net)
                 61.62    0.18   46.58 ^ _5773_/A (sky130_fd_sc_hd__inv_1)
     8    0.04    8.63   24.87   71.45 v _5773_/Y (sky130_fd_sc_hd__inv_1)
                                         _1259_ (net)
                  8.63    0.00   71.45 v _5920_/A (sky130_fd_sc_hd__nand2_1)
     1    0.00    1.11    4.19   75.64 ^ _5920_/Y (sky130_fd_sc_hd__nand2_1)
                                         _1398_ (net)
                  1.11    0.00   75.64 ^ _5927_/A1 (sky130_fd_sc_hd__a221o_1)
     1    0.01    0.34    1.03   76.67 ^ _5927_/X (sky130_fd_sc_hd__a221o_1)
                                         _1405_ (net)
                  0.34    0.00   76.67 ^ _5928_/A2 (sky130_fd_sc_hd__a21oi_1)
     1    0.00    1.54    0.26   76.94 v _5928_/Y (sky130_fd_sc_hd__a21oi_1)
                                         _1406_ (net)
                  1.54    0.00   76.94 v _5940_/A (sky130_fd_sc_hd__nor2_1)
     1    0.02    1.45    2.12   79.06 ^ _5940_/Y (sky130_fd_sc_hd__nor2_1)
                                         _1418_ (net)
                  1.45    0.00   79.06 ^ _5947_/B1 (sky130_fd_sc_hd__a221oi_1)
     1    0.00    1.13    0.73   79.79 v _5947_/Y (sky130_fd_sc_hd__a221oi_1)
                                         _1425_ (net)
                  1.13    0.00   79.79 v _5948_/B1 (sky130_fd_sc_hd__o21ai_0)
     1    0.00    0.47    0.86   80.65 ^ _5948_/Y (sky130_fd_sc_hd__o21ai_0)
                                         _4782_ (net)
                  0.47    0.00   80.65 ^ pcpi_rs1[8]$_DFFE_PP_/D (sky130_fd_sc_hd__edfxtp_1)
                                 80.65   data arrival time

                  0.00   25.00   25.00   clock clk0 (rise edge)
                          0.00   25.00   clock network delay (ideal)
                          0.00   25.00   clock reconvergence pessimism
                                 25.00 ^ pcpi_rs1[8]$_DFFE_PP_/CLK (sky130_fd_sc_hd__edfxtp_1)
                         -0.60   24.40   library setup time
                                 24.40   data required time
-----------------------------------------------------------------------------
                                 24.40   data required time
                                -80.65   data arrival time
-----------------------------------------------------------------------------
                                -56.25   slack (VIOLATED)


Startpoint: _9504_ (rising edge-triggered flip-flop clocked by clk0)
Endpoint: pcpi_rs1[4]$_DFFE_PP_
          (rising edge-triggered flip-flop clocked by clk0)
Path Group: clk0
Path Type: max
Corner: slow

Fanout     Cap    Slew   Delay    Time   Description
-----------------------------------------------------------------------------
                  0.00    0.00    0.00   clock clk0 (rise edge)
                          0.00    0.00   clock network delay (ideal)
                  0.00    0.00    0.00 ^ _9504_/CLK (sky130_fd_sc_hd__dfxtp_1)
   259    1.92   61.61   46.39   46.39 ^ _9504_/Q (sky130_fd_sc_hd__dfxtp_1)
                                         _0005_ (net)
                 61.62    0.18   46.58 ^ _5773_/A (sky130_fd_sc_hd__inv_1)
     8    0.04    8.63   24.87   71.45 v _5773_/Y (sky130_fd_sc_hd__inv_1)
                                         _1259_ (net)
                  8.63    0.00   71.45 v _5775_/A (sky130_fd_sc_hd__nand2_1)
     1    0.00    1.06    4.05   75.50 ^ _5775_/Y (sky130_fd_sc_hd__nand2_1)
                                         _1261_ (net)
                  1.06    0.00   75.50 ^ _5778_/B1 (sky130_fd_sc_hd__a221o_1)
     1    0.00    0.27    0.88   76.39 ^ _5778_/X (sky130_fd_sc_hd__a221o_1)
                                         _1264_ (net)
                  0.27    0.00   76.39 ^ _5799_/A1 (sky130_fd_sc_hd__a22oi_1)
     1    0.00    0.19    0.27   76.66 v _5799_/Y (sky130_fd_sc_hd__a22oi_1)
                                         _1285_ (net)
                  0.19    0.00   76.66 v _5800_/B (sky130_fd_sc_hd__nor2_1)
     1    0.04    2.66    2.17   78.83 ^ _5800_/Y (sky130_fd_sc_hd__nor2_1)
                                         _1286_ (net)
                  2.66    0.01   78.84 ^ _5801_/D1 (sky130_fd_sc_hd__a2111oi_0)
     1    0.00    0.50    1.13   79.97 v _5801_/Y (sky130_fd_sc_hd__a2111oi_0)
                                         _1287_ (net)
                  0.50    0.00   79.97 v _5802_/B (sky130_fd_sc_hd__nand2_1)
     1    0.00    0.25    0.45   80.42 ^ _5802_/Y (sky130_fd_sc_hd__nand2_1)
                                         _4778_ (net)
                  0.25    0.00   80.42 ^ pcpi_rs1[4]$_DFFE_PP_/D (sky130_fd_sc_hd__edfxtp_1)
                                 80.42   data arrival time

                  0.00   25.00   25.00   clock clk0 (rise edge)
                          0.00   25.00   clock network delay (ideal)
                          0.00   25.00   clock reconvergence pessimism
                                 25.00 ^ pcpi_rs1[4]$_DFFE_PP_/CLK (sky130_fd_sc_hd__edfxtp_1)
                         -0.50   24.50   library setup time
                                 24.50   data required time
-----------------------------------------------------------------------------
                                 24.50   data required time
                                -80.42   data arrival time
-----------------------------------------------------------------------------
                                -55.91   slack (VIOLATED)


Startpoint: _9504_ (rising edge-triggered flip-flop clocked by clk0)
Endpoint: pcpi_rs1[17]$_DFFE_PP_
          (rising edge-triggered flip-flop clocked by clk0)
Path Group: clk0
Path Type: max
Corner: slow

Fanout     Cap    Slew   Delay    Time   Description
-----------------------------------------------------------------------------
                  0.00    0.00    0.00   clock clk0 (rise edge)
                          0.00    0.00   clock network delay (ideal)
                  0.00    0.00    0.00 ^ _9504_/CLK (sky130_fd_sc_hd__dfxtp_1)
   259    1.92   61.61   46.39   46.39 ^ _9504_/Q (sky130_fd_sc_hd__dfxtp_1)
                                         _0005_ (net)
                 61.62    0.18   46.58 ^ _5773_/A (sky130_fd_sc_hd__inv_1)
     8    0.04    8.63   24.87   71.45 v _5773_/Y (sky130_fd_sc_hd__inv_1)
                                         _1259_ (net)
                  8.63    0.00   71.45 v _6205_/A (sky130_fd_sc_hd__nand2_1)
     1    0.00    1.13    4.28   75.72 ^ _6205_/Y (sky130_fd_sc_hd__nand2_1)
                                         _1665_ (net)
                  1.13    0.00   75.72 ^ _6212_/A1 (sky130_fd_sc_hd__a21oi_1)
     1    0.01    0.24    0.67   76.39 v _6212_/Y (sky130_fd_sc_hd__a21oi_1)
                                         _1672_ (net)
                  0.24    0.00   76.39 v _6213_/B1 (sky130_fd_sc_hd__o22ai_1)
     1    0.00    0.57    0.54   76.93 ^ _6213_/Y (sky130_fd_sc_hd__o22ai_1)
                                         _1673_ (net)
                  0.57    0.00   76.93 ^ _6223_/A2 (sky130_fd_sc_hd__o211ai_1)
     1    0.01    1.51    0.54   77.47 v _6223_/Y (sky130_fd_sc_hd__o211ai_1)
                                         _1683_ (net)
                  1.51    0.00   77.47 v _6235_/A2 (sky130_fd_sc_hd__o211ai_1)
     1    0.00    0.56    1.48   78.95 ^ _6235_/Y (sky130_fd_sc_hd__o211ai_1)
                                         _4760_ (net)
                  0.56    0.00   78.95 ^ pcpi_rs1[17]$_DFFE_PP_/D (sky130_fd_sc_hd__edfxtp_1)
                                 78.95   data arrival time

                  0.00   25.00   25.00   clock clk0 (rise edge)
                          0.00   25.00   clock network delay (ideal)
                          0.00   25.00   clock reconvergence pessimism
                                 25.00 ^ pcpi_rs1[17]$_DFFE_PP_/CLK (sky130_fd_sc_hd__edfxtp_1)
                         -0.64   24.36   library setup time
                                 24.36   data required time
-----------------------------------------------------------------------------
                                 24.36   data required time
                                -78.95   data arrival time
-----------------------------------------------------------------------------
                                -54.58   slack (VIOLATED)


Startpoint: _9509_ (rising edge-triggered flip-flop clocked by clk0)
Endpoint: mem_la_wdata[4]$_DFFE_PP_
          (rising edge-triggered flip-flop clocked by clk0)
Path Group: clk0
Path Type: max
Corner: slow

Fanout     Cap    Slew   Delay    Time   Description
-----------------------------------------------------------------------------
                  0.00    0.00    0.00   clock clk0 (rise edge)
                          0.00    0.00   clock network delay (ideal)
                  0.00    0.00    0.00 ^ _9509_/CLK (sky130_fd_sc_hd__dfxtp_1)
   263    1.94   62.17   46.80   46.80 ^ _9509_/Q (sky130_fd_sc_hd__dfxtp_1)
                                         _0000_ (net)
                 62.17    0.20   47.00 ^ _6803_/S0 (sky130_fd_sc_hd__mux4_2)
     1    0.00    0.38   22.27   69.27 v _6803_/X (sky130_fd_sc_hd__mux4_2)
                                         _2206_ (net)
                  0.38    0.00   69.27 v _6812_/A2 (sky130_fd_sc_hd__a21oi_1)
     1    0.00    0.92    0.73   70.00 ^ _6812_/Y (sky130_fd_sc_hd__a21oi_1)
                                         _2215_ (net)
                  0.92    0.00   70.00 ^ _6818_/A2 (sky130_fd_sc_hd__o21ai_0)
     1    0.01    0.96    0.67   70.67 v _6818_/Y (sky130_fd_sc_hd__o21ai_0)
                                         _2221_ (net)
                  0.96    0.00   70.67 v _6827_/A2 (sky130_fd_sc_hd__o21ai_0)
     2    0.04    5.35    4.79   75.46 ^ _6827_/Y (sky130_fd_sc_hd__o21ai_0)
                                         _2230_ (net)
                  5.35    0.01   75.47 ^ _6829_/A2 (sky130_fd_sc_hd__o21ai_0)
     1    0.01    0.64    2.37   77.84 v _6829_/Y (sky130_fd_sc_hd__o21ai_0)
                                         _0101_ (net)
                  0.64    0.00   77.84 v mem_la_wdata[4]$_DFFE_PP_/D (sky130_fd_sc_hd__edfxtp_1)
                                 77.84   data arrival time

                  0.00   25.00   25.00   clock clk0 (rise edge)
                          0.00   25.00   clock network delay (ideal)
                          0.00   25.00   clock reconvergence pessimism
                                 25.00 ^ mem_la_wdata[4]$_DFFE_PP_/CLK (sky130_fd_sc_hd__edfxtp_1)
                         -1.72   23.28   library setup time
                                 23.28   data required time
-----------------------------------------------------------------------------
                                 23.28   data required time
                                -77.84   data arrival time
-----------------------------------------------------------------------------
                                -54.56   slack (VIOLATED)


Startpoint: _9509_ (rising edge-triggered flip-flop clocked by clk0)
Endpoint: rv32_soc/reg_sh[4]$_DFF_P_
          (rising edge-triggered flip-flop clocked by clk0)
Path Group: clk0
Path Type: max
Corner: slow

Fanout     Cap    Slew   Delay    Time   Description
-----------------------------------------------------------------------------
                  0.00    0.00    0.00   clock clk0 (rise edge)
                          0.00    0.00   clock network delay (ideal)
                  0.00    0.00    0.00 ^ _9509_/CLK (sky130_fd_sc_hd__dfxtp_1)
   263    1.94   62.17   46.80   46.80 ^ _9509_/Q (sky130_fd_sc_hd__dfxtp_1)
                                         _0000_ (net)
                 62.17    0.20   47.00 ^ _6803_/S0 (sky130_fd_sc_hd__mux4_2)
     1    0.00    0.38   22.27   69.27 v _6803_/X (sky130_fd_sc_hd__mux4_2)
                                         _2206_ (net)
                  0.38    0.00   69.27 v _6812_/A2 (sky130_fd_sc_hd__a21oi_1)
     1    0.00    0.92    0.73   70.00 ^ _6812_/Y (sky130_fd_sc_hd__a21oi_1)
                                         _2215_ (net)
                  0.92    0.00   70.00 ^ _6818_/A2 (sky130_fd_sc_hd__o21ai_0)
     1    0.01    0.96    0.67   70.67 v _6818_/Y (sky130_fd_sc_hd__o21ai_0)
                                         _2221_ (net)
                  0.96    0.00   70.67 v _6827_/A2 (sky130_fd_sc_hd__o21ai_0)
     2    0.04    5.35    4.79   75.46 ^ _6827_/Y (sky130_fd_sc_hd__o21ai_0)
                                         _2230_ (net)
                  5.35    0.01   75.47 ^ _7399_/A (sky130_fd_sc_hd__inv_1)
     1    0.00    0.60    1.67   77.13 v _7399_/Y (sky130_fd_sc_hd__inv_1)
                                         _2769_ (net)
                  0.60    0.00   77.13 v _7400_/A2 (sky130_fd_sc_hd__a21oi_1)
     1    0.00    0.42    0.85   77.98 ^ _7400_/Y (sky130_fd_sc_hd__a21oi_1)
                                         _2770_ (net)
                  0.42    0.00   77.98 ^ _7406_/A2 (sky130_fd_sc_hd__o31ai_1)
     1    0.00    0.45    0.31   78.29 v _7406_/Y (sky130_fd_sc_hd__o31ai_1)
                                         _0047_ (net)
                  0.45    0.00   78.29 v rv32_soc/reg_sh[4]$_DFF_P_/D (sky130_fd_sc_hd__dfxtp_1)
                                 78.29   data arrival time

                  0.00   25.00   25.00   clock clk0 (rise edge)
                          0.00   25.00   clock network delay (ideal)
                          0.00   25.00   clock reconvergence pessimism
                                 25.00 ^ rv32_soc/reg_sh[4]$_DFF_P_/CLK (sky130_fd_sc_hd__dfxtp_1)
                         -1.06   23.94   library setup time
                                 23.94   data required time
-----------------------------------------------------------------------------
                                 23.94   data required time
                                -78.29   data arrival time
-----------------------------------------------------------------------------
                                -54.34   slack (VIOLATED)


Startpoint: _9509_ (rising edge-triggered flip-flop clocked by clk0)
Endpoint: rv32_soc/reg_sh[1]$_DFFE_PP_
          (rising edge-triggered flip-flop clocked by clk0)
Path Group: clk0
Path Type: max
Corner: slow

Fanout     Cap    Slew   Delay    Time   Description
-----------------------------------------------------------------------------
                  0.00    0.00    0.00   clock clk0 (rise edge)
                          0.00    0.00   clock network delay (ideal)
                  0.00    0.00    0.00 ^ _9509_/CLK (sky130_fd_sc_hd__dfxtp_1)
   263    1.94   62.17   46.80   46.80 ^ _9509_/Q (sky130_fd_sc_hd__dfxtp_1)
                                         _0000_ (net)
                 62.17    0.28   47.08 ^ _6743_/S0 (sky130_fd_sc_hd__mux4_2)
     1    0.00    0.69   23.50   70.58 ^ _6743_/X (sky130_fd_sc_hd__mux4_2)
                                         _2149_ (net)
                  0.69    0.00   70.58 ^ _6744_/A2 (sky130_fd_sc_hd__o21ai_0)
     1    0.00    1.82    0.48   71.06 v _6744_/Y (sky130_fd_sc_hd__o21ai_0)
                                         _2150_ (net)
                  1.82    0.00   71.06 v _6749_/A2 (sky130_fd_sc_hd__o221ai_1)
     1    0.03    3.31    3.60   74.66 ^ _6749_/Y (sky130_fd_sc_hd__o221ai_1)
                                         _2155_ (net)
                  3.31    0.00   74.67 ^ _6750_/C (sky130_fd_sc_hd__nand3_1)
     2    0.01    0.55    1.72   76.39 v _6750_/Y (sky130_fd_sc_hd__nand3_1)
                                         _2156_ (net)
                  0.55    0.00   76.39 v _7387_/B_N (sky130_fd_sc_hd__nor2b_1)
     1    0.00    0.17    0.77   77.15 v _7387_/Y (sky130_fd_sc_hd__nor2b_1)
                                         _2761_ (net)
                  0.17    0.00   77.15 v _7389_/A2 (sky130_fd_sc_hd__o32ai_1)
     1    0.00    0.77    1.09   78.25 ^ _7389_/Y (sky130_fd_sc_hd__o32ai_1)
                                         _0044_ (net)
                  0.77    0.00   78.25 ^ rv32_soc/reg_sh[1]$_DFFE_PP_/D (sky130_fd_sc_hd__edfxtp_1)
                                 78.25   data arrival time

                  0.00   25.00   25.00   clock clk0 (rise edge)
                          0.00   25.00   clock network delay (ideal)
                          0.00   25.00   clock reconvergence pessimism
                                 25.00 ^ rv32_soc/reg_sh[1]$_DFFE_PP_/CLK (sky130_fd_sc_hd__edfxtp_1)
                         -0.74   24.26   library setup time
                                 24.26   data required time
-----------------------------------------------------------------------------
                                 24.26   data required time
                                -78.25   data arrival time
-----------------------------------------------------------------------------
                                -53.98   slack (VIOLATED)


Startpoint: _9504_ (rising edge-triggered flip-flop clocked by clk0)
Endpoint: pcpi_rs1[25]$_DFFE_PP_
          (rising edge-triggered flip-flop clocked by clk0)
Path Group: clk0
Path Type: max
Corner: slow

Fanout     Cap    Slew   Delay    Time   Description
-----------------------------------------------------------------------------
                  0.00    0.00    0.00   clock clk0 (rise edge)
                          0.00    0.00   clock network delay (ideal)
                  0.00    0.00    0.00 ^ _9504_/CLK (sky130_fd_sc_hd__dfxtp_1)
   259    1.92   61.61   46.39   46.39 ^ _9504_/Q (sky130_fd_sc_hd__dfxtp_1)
                                         _0005_ (net)
                 61.62    0.23   46.63 ^ _6444_/S0 (sky130_fd_sc_hd__mux4_2)
     1    0.00    0.68   23.25   69.88 ^ _6444_/X (sky130_fd_sc_hd__mux4_2)
                                         _1888_ (net)
                  0.68    0.00   69.88 ^ _6445_/A2 (sky130_fd_sc_hd__o21ai_0)
     1    0.00    1.59    0.45   70.33 v _6445_/Y (sky130_fd_sc_hd__o21ai_0)
                                         _1889_ (net)
                  1.59    0.00   70.33 v _6450_/A2 (sky130_fd_sc_hd__o22ai_1)
     1    0.00    0.70    1.63   71.96 ^ _6450_/Y (sky130_fd_sc_hd__o22ai_1)
                                         _1894_ (net)
                  0.70    0.00   71.96 ^ _6451_/B (sky130_fd_sc_hd__nand2_1)
     1    0.00    1.12    0.42   72.38 v _6451_/Y (sky130_fd_sc_hd__nand2_1)
                                         _1895_ (net)
                  1.12    0.00   72.38 v _6462_/A1 (sky130_fd_sc_hd__a21oi_1)
     1    0.03    2.82    3.02   75.40 ^ _6462_/Y (sky130_fd_sc_hd__a21oi_1)
                                         _1906_ (net)
                  2.82    0.00   75.40 ^ _6467_/B1 (sky130_fd_sc_hd__a2111oi_0)
     1    0.00    1.25    1.18   76.59 v _6467_/Y (sky130_fd_sc_hd__a2111oi_0)
                                         _1911_ (net)
                  1.25    0.00   76.59 v _6468_/B1 (sky130_fd_sc_hd__o21ai_0)
     1    0.00    0.41    0.90   77.49 ^ _6468_/Y (sky130_fd_sc_hd__o21ai_0)
                                         _4769_ (net)
                  0.41    0.00   77.49 ^ pcpi_rs1[25]$_DFFE_PP_/D (sky130_fd_sc_hd__edfxtp_1)
                                 77.49   data arrival time

                  0.00   25.00   25.00   clock clk0 (rise edge)
                          0.00   25.00   clock network delay (ideal)
                          0.00   25.00   clock reconvergence pessimism
                                 25.00 ^ pcpi_rs1[25]$_DFFE_PP_/CLK (sky130_fd_sc_hd__edfxtp_1)
                         -0.57   24.43   library setup time
                                 24.43   data required time
-----------------------------------------------------------------------------
                                 24.43   data required time
                                -77.49   data arrival time
-----------------------------------------------------------------------------
                                -53.06   slack (VIOLATED)


Startpoint: _9509_ (rising edge-triggered flip-flop clocked by clk0)
Endpoint: mem_la_wdata[1]$_DFFE_PP_
          (rising edge-triggered flip-flop clocked by clk0)
Path Group: clk0
Path Type: max
Corner: slow

Fanout     Cap    Slew   Delay    Time   Description
-----------------------------------------------------------------------------
                  0.00    0.00    0.00   clock clk0 (rise edge)
                          0.00    0.00   clock network delay (ideal)
                  0.00    0.00    0.00 ^ _9509_/CLK (sky130_fd_sc_hd__dfxtp_1)
   263    1.94   62.17   46.80   46.80 ^ _9509_/Q (sky130_fd_sc_hd__dfxtp_1)
                                         _0000_ (net)
                 62.17    0.28   47.08 ^ _6743_/S0 (sky130_fd_sc_hd__mux4_2)
     1    0.00    0.69   23.50   70.58 ^ _6743_/X (sky130_fd_sc_hd__mux4_2)
                                         _2149_ (net)
                  0.69    0.00   70.58 ^ _6744_/A2 (sky130_fd_sc_hd__o21ai_0)
     1    0.00    1.82    0.48   71.06 v _6744_/Y (sky130_fd_sc_hd__o21ai_0)
                                         _2150_ (net)
                  1.82    0.00   71.06 v _6749_/A2 (sky130_fd_sc_hd__o221ai_1)
     1    0.03    3.31    3.60   74.66 ^ _6749_/Y (sky130_fd_sc_hd__o221ai_1)
                                         _2155_ (net)
                  3.31    0.00   74.67 ^ _6750_/C (sky130_fd_sc_hd__nand3_1)
     2    0.01    0.55    1.72   76.39 v _6750_/Y (sky130_fd_sc_hd__nand3_1)
                                         _2156_ (net)
                  0.55    0.00   76.39 v _6752_/A2 (sky130_fd_sc_hd__o21ai_0)
     1    0.00    0.53    0.81   77.20 ^ _6752_/Y (sky130_fd_sc_hd__o21ai_0)
                                         _0086_ (net)
                  0.53    0.00   77.20 ^ mem_la_wdata[1]$_DFFE_PP_/D (sky130_fd_sc_hd__edfxtp_1)
                                 77.20   data arrival time

                  0.00   25.00   25.00   clock clk0 (rise edge)
                          0.00   25.00   clock network delay (ideal)
                          0.00   25.00   clock reconvergence pessimism
                                 25.00 ^ mem_la_wdata[1]$_DFFE_PP_/CLK (sky130_fd_sc_hd__edfxtp_1)
                         -0.63   24.37   library setup time
                                 24.37   data required time
-----------------------------------------------------------------------------
                                 24.37   data required time
                                -77.20   data arrival time
-----------------------------------------------------------------------------
                                -52.82   slack (VIOLATED)


