Startpoint: latched_stalu$_SDFFE_PN0P_ (rising edge-triggered flip-flop)
Endpoint: reg_next_pc[31]$_SDFFE_PN0P_ (rising edge-triggered flip-flop)
Path Group: unconstrained
Path Type: max
Corner: slow

Fanout     Cap    Slew   Delay    Time   Description
-----------------------------------------------------------------------------
                  0.98    0.00    0.00 ^ latched_stalu$_SDFFE_PN0P_/CLK (sky130_fd_sc_hd__dfxtp_2)
    33    0.25    4.57    4.98    4.98 ^ latched_stalu$_SDFFE_PN0P_/Q (sky130_fd_sc_hd__dfxtp_2)
                                         latched_stalu (net)
                  4.57    0.00    4.99 ^ _5682_/S (sky130_fd_sc_hd__mux2i_1)
     2    0.02    1.70    3.25    8.24 ^ _5682_/Y (sky130_fd_sc_hd__mux2i_1)
                                         _1275_ (net)
                  1.70    0.00    8.24 ^ _5684_/A2 (sky130_fd_sc_hd__o21a_1)
     4    0.02    0.75    1.45    9.69 ^ _5684_/X (sky130_fd_sc_hd__o21a_1)
                                         _1277_ (net)
                  0.75    0.00    9.69 ^ _5685_/A (sky130_fd_sc_hd__inv_1)
     2    0.01    0.16    0.45   10.14 v _5685_/Y (sky130_fd_sc_hd__inv_1)
                                         _4144_ (net)
                  0.16    0.00   10.14 v _9165_/B (sky130_fd_sc_hd__ha_1)
     3    0.01    0.23    1.48   11.61 v _9165_/SUM (sky130_fd_sc_hd__ha_1)
                                         _4200_ (net)
                  0.23    0.00   11.61 v _7858_/B_N (sky130_fd_sc_hd__nor2b_1)
     1    0.00    0.08    0.56   12.17 v _7858_/Y (sky130_fd_sc_hd__nor2b_1)
                                         _3121_ (net)
                  0.08    0.00   12.17 v _7859_/A2 (sky130_fd_sc_hd__o21ai_0)
     2    0.01    1.06    0.99   13.16 ^ _7859_/Y (sky130_fd_sc_hd__o21ai_0)
                                         _3122_ (net)
                  1.06    0.00   13.16 ^ _7862_/A2 (sky130_fd_sc_hd__a21boi_2)
     2    0.01    0.15    0.59   13.75 v _7862_/Y (sky130_fd_sc_hd__a21boi_2)
                                         _3125_ (net)
                  0.15    0.00   13.75 v _7880_/A2 (sky130_fd_sc_hd__o21ai_0)
     2    0.01    1.32    1.23   14.98 ^ _7880_/Y (sky130_fd_sc_hd__o21ai_0)
                                         _3141_ (net)
                  1.32    0.00   14.98 ^ _7883_/A2 (sky130_fd_sc_hd__a21boi_1)
     2    0.01    0.23    0.78   15.76 v _7883_/Y (sky130_fd_sc_hd__a21boi_1)
                                         _3144_ (net)
                  0.23    0.00   15.76 v _7899_/A2 (sky130_fd_sc_hd__o21ai_0)
     2    0.01    0.98    1.01   16.77 ^ _7899_/Y (sky130_fd_sc_hd__o21ai_0)
                                         _3158_ (net)
                  0.98    0.00   16.77 ^ _7900_/A2 (sky130_fd_sc_hd__a21boi_0)
     2    0.01    0.25    0.71   17.48 v _7900_/Y (sky130_fd_sc_hd__a21boi_0)
                                         _3159_ (net)
                  0.25    0.00   17.48 v _7923_/A2 (sky130_fd_sc_hd__o21ai_0)
     2    0.01    1.17    1.17   18.65 ^ _7923_/Y (sky130_fd_sc_hd__o21ai_0)
                                         _3180_ (net)
                  1.17    0.00   18.65 ^ _7924_/A2 (sky130_fd_sc_hd__a21boi_2)
     2    0.01    0.17    0.64   19.29 v _7924_/Y (sky130_fd_sc_hd__a21boi_2)
                                         _3181_ (net)
                  0.17    0.00   19.29 v _7947_/A2 (sky130_fd_sc_hd__o21ai_0)
     2    0.01    1.43    1.32   20.61 ^ _7947_/Y (sky130_fd_sc_hd__o21ai_0)
                                         _3202_ (net)
                  1.43    0.00   20.61 ^ _7948_/A2 (sky130_fd_sc_hd__a21boi_0)
     2    0.01    0.29    0.90   21.52 v _7948_/Y (sky130_fd_sc_hd__a21boi_0)
                                         _3203_ (net)
                  0.29    0.00   21.52 v _7975_/A2 (sky130_fd_sc_hd__o21ai_0)
     2    0.01    1.00    1.05   22.57 ^ _7975_/Y (sky130_fd_sc_hd__o21ai_0)
                                         _3228_ (net)
                  1.00    0.00   22.57 ^ _7976_/A2 (sky130_fd_sc_hd__a21boi_0)
     2    0.00    0.22    0.68   23.25 v _7976_/Y (sky130_fd_sc_hd__a21boi_0)
                                         _3229_ (net)
                  0.22    0.00   23.25 v _7999_/A2 (sky130_fd_sc_hd__o21ai_0)
     2    0.01    1.36    1.29   24.54 ^ _7999_/Y (sky130_fd_sc_hd__o21ai_0)
                                         _3250_ (net)
                  1.36    0.00   24.54 ^ _8000_/A2 (sky130_fd_sc_hd__a21boi_0)
     2    0.01    0.27    0.86   25.40 v _8000_/Y (sky130_fd_sc_hd__a21boi_0)
                                         _3251_ (net)
                  0.27    0.00   25.40 v _8021_/A2 (sky130_fd_sc_hd__o21ai_0)
     2    0.01    1.14    1.16   26.56 ^ _8021_/Y (sky130_fd_sc_hd__o21ai_0)
                                         _3270_ (net)
                  1.14    0.00   26.56 ^ _8022_/A2 (sky130_fd_sc_hd__a21boi_0)
     2    0.01    0.25    0.77   27.33 v _8022_/Y (sky130_fd_sc_hd__a21boi_0)
                                         _3271_ (net)
                  0.25    0.00   27.33 v _8042_/A2 (sky130_fd_sc_hd__o21ai_0)
     2    0.01    1.08    1.10   28.43 ^ _8042_/Y (sky130_fd_sc_hd__o21ai_0)
                                         _3289_ (net)
                  1.08    0.00   28.43 ^ _8044_/A2 (sky130_fd_sc_hd__a21oi_1)
     2    0.01    0.19    0.66   29.09 v _8044_/Y (sky130_fd_sc_hd__a21oi_1)
                                         _3291_ (net)
                  0.19    0.00   29.09 v _8065_/A2 (sky130_fd_sc_hd__o21ai_0)
     2    0.01    1.58    1.45   30.54 ^ _8065_/Y (sky130_fd_sc_hd__o21ai_0)
                                         _3310_ (net)
                  1.58    0.00   30.54 ^ _8066_/A2 (sky130_fd_sc_hd__a21boi_0)
     2    0.01    0.30    0.96   31.50 v _8066_/Y (sky130_fd_sc_hd__a21boi_0)
                                         _3311_ (net)
                  0.30    0.00   31.50 v _8081_/A2 (sky130_fd_sc_hd__o21ai_0)
     2    0.01    1.21    1.22   32.73 ^ _8081_/Y (sky130_fd_sc_hd__o21ai_0)
                                         _3324_ (net)
                  1.21    0.00   32.73 ^ _8084_/A2 (sky130_fd_sc_hd__a21boi_1)
     2    0.01    0.20    0.71   33.44 v _8084_/Y (sky130_fd_sc_hd__a21boi_1)
                                         _3327_ (net)
                  0.20    0.00   33.44 v _8102_/A2 (sky130_fd_sc_hd__o21ai_0)
     3    0.01    1.49    1.39   34.83 ^ _8102_/Y (sky130_fd_sc_hd__o21ai_0)
                                         _3343_ (net)
                  1.49    0.00   34.83 ^ _8150_/A2 (sky130_fd_sc_hd__a2111oi_0)
     2    0.01    0.32    0.97   35.80 v _8150_/Y (sky130_fd_sc_hd__a2111oi_0)
                                         _3387_ (net)
                  0.32    0.00   35.80 v _8155_/A1 (sky130_fd_sc_hd__o21ai_0)
     1    0.00    0.49    0.72   36.52 ^ _8155_/Y (sky130_fd_sc_hd__o21ai_0)
                                         _3392_ (net)
                  0.49    0.00   36.52 ^ _8156_/B (sky130_fd_sc_hd__nand2_1)
     1    0.00    0.10    0.32   36.83 v _8156_/Y (sky130_fd_sc_hd__nand2_1)
                                         _3393_ (net)
                  0.10    0.00   36.83 v _8159_/A2 (sky130_fd_sc_hd__o221ai_1)
     1    0.00    0.76    0.81   37.64 ^ _8159_/Y (sky130_fd_sc_hd__o221ai_1)
                                         _3396_ (net)
                  0.76    0.00   37.64 ^ _8161_/B1 (sky130_fd_sc_hd__a22o_1)
     1    0.00    0.13    0.68   38.32 ^ _8161_/X (sky130_fd_sc_hd__a22o_1)
                                         _0270_ (net)
                  0.13    0.00   38.32 ^ reg_next_pc[31]$_SDFFE_PN0P_/D (sky130_fd_sc_hd__dfxtp_1)
                                 38.32   data arrival time
-----------------------------------------------------------------------------
(Path is unconstrained)


