[WARNING STA-0503] report_checks -group_count is deprecated. Use -group_path_count instead.
Startpoint: latched_stalu$_SDFFE_PN0P_ (rising edge-triggered flip-flop)
Endpoint: reg_next_pc[31]$_SDFFE_PN0P_ (rising edge-triggered flip-flop)
Path Group: unconstrained
Path Type: max
Corner: slow

Fanout     Cap    Slew   Delay    Time   Description
-----------------------------------------------------------------------------
                  0.98    0.00    0.00 ^ latched_stalu$_SDFFE_PN0P_/CLK (sky130_fd_sc_hd__dfxtp_2)
    33    0.25    4.57    4.98    4.98 ^ latched_stalu$_SDFFE_PN0P_/Q (sky130_fd_sc_hd__dfxtp_2)
                                         latched_stalu (net)
                  4.57    0.00    4.99 ^ _5682_/S (sky130_fd_sc_hd__mux2i_1)
     2    0.02    1.70    3.25    8.24 ^ _5682_/Y (sky130_fd_sc_hd__mux2i_1)
                                         _1275_ (net)
                  1.70    0.00    8.24 ^ _5684_/A2 (sky130_fd_sc_hd__o21a_1)
     4    0.02    0.75    1.45    9.69 ^ _5684_/X (sky130_fd_sc_hd__o21a_1)
                                         _1277_ (net)
                  0.75    0.00    9.69 ^ _5685_/A (sky130_fd_sc_hd__inv_1)
     2    0.01    0.16    0.45   10.14 v _5685_/Y (sky130_fd_sc_hd__inv_1)
                                         _4144_ (net)
                  0.16    0.00   10.14 v _9165_/B (sky130_fd_sc_hd__ha_1)
     3    0.01    0.23    1.48   11.61 v _9165_/SUM (sky130_fd_sc_hd__ha_1)
                                         _4200_ (net)
                  0.23    0.00   11.61 v _7858_/B_N (sky130_fd_sc_hd__nor2b_1)
     1    0.00    0.08    0.56   12.17 v _7858_/Y (sky130_fd_sc_hd__nor2b_1)
                                         _3121_ (net)
                  0.08    0.00   12.17 v _7859_/A2 (sky130_fd_sc_hd__o21ai_0)
     2    0.01    1.06    0.99   13.16 ^ _7859_/Y (sky130_fd_sc_hd__o21ai_0)
                                         _3122_ (net)
                  1.06    0.00   13.16 ^ _7862_/A2 (sky130_fd_sc_hd__a21boi_2)
     2    0.01    0.15    0.59   13.75 v _7862_/Y (sky130_fd_sc_hd__a21boi_2)
                                         _3125_ (net)
                  0.15    0.00   13.75 v _7880_/A2 (sky130_fd_sc_hd__o21ai_0)
     2    0.01    1.32    1.23   14.98 ^ _7880_/Y (sky130_fd_sc_hd__o21ai_0)
                                         _3141_ (net)
                  1.32    0.00   14.98 ^ _7883_/A2 (sky130_fd_sc_hd__a21boi_1)
     2    0.01    0.23    0.78   15.76 v _7883_/Y (sky130_fd_sc_hd__a21boi_1)
                                         _3144_ (net)
                  0.23    0.00   15.76 v _7899_/A2 (sky130_fd_sc_hd__o21ai_0)
     2    0.01    0.98    1.01   16.77 ^ _7899_/Y (sky130_fd_sc_hd__o21ai_0)
                                         _3158_ (net)
                  0.98    0.00   16.77 ^ _7900_/A2 (sky130_fd_sc_hd__a21boi_0)
     2    0.01    0.25    0.71   17.48 v _7900_/Y (sky130_fd_sc_hd__a21boi_0)
                                         _3159_ (net)
                  0.25    0.00   17.48 v _7923_/A2 (sky130_fd_sc_hd__o21ai_0)
     2    0.01    1.17    1.17   18.65 ^ _7923_/Y (sky130_fd_sc_hd__o21ai_0)
                                         _3180_ (net)
                  1.17    0.00   18.65 ^ _7924_/A2 (sky130_fd_sc_hd__a21boi_2)
     2    0.01    0.17    0.64   19.29 v _7924_/Y (sky130_fd_sc_hd__a21boi_2)
                                         _3181_ (net)
                  0.17    0.00   19.29 v _7947_/A2 (sky130_fd_sc_hd__o21ai_0)
     2    0.01    1.43    1.32   20.61 ^ _7947_/Y (sky130_fd_sc_hd__o21ai_0)
                                         _3202_ (net)
                  1.43    0.00   20.61 ^ _7948_/A2 (sky130_fd_sc_hd__a21boi_0)
     2    0.01    0.29    0.90   21.52 v _7948_/Y (sky130_fd_sc_hd__a21boi_0)
                                         _3203_ (net)
                  0.29    0.00   21.52 v _7975_/A2 (sky130_fd_sc_hd__o21ai_0)
     2    0.01    1.00    1.05   22.57 ^ _7975_/Y (sky130_fd_sc_hd__o21ai_0)
                                         _3228_ (net)
                  1.00    0.00   22.57 ^ _7976_/A2 (sky130_fd_sc_hd__a21boi_0)
     2    0.00    0.22    0.68   23.25 v _7976_/Y (sky130_fd_sc_hd__a21boi_0)
                                         _3229_ (net)
                  0.22    0.00   23.25 v _7999_/A2 (sky130_fd_sc_hd__o21ai_0)
     2    0.01    1.36    1.29   24.54 ^ _7999_/Y (sky130_fd_sc_hd__o21ai_0)
                                         _3250_ (net)
                  1.36    0.00   24.54 ^ _8000_/A2 (sky130_fd_sc_hd__a21boi_0)
     2    0.01    0.27    0.86   25.40 v _8000_/Y (sky130_fd_sc_hd__a21boi_0)
                                         _3251_ (net)
                  0.27    0.00   25.40 v _8021_/A2 (sky130_fd_sc_hd__o21ai_0)
     2    0.01    1.14    1.16   26.56 ^ _8021_/Y (sky130_fd_sc_hd__o21ai_0)
                                         _3270_ (net)
                  1.14    0.00   26.56 ^ _8022_/A2 (sky130_fd_sc_hd__a21boi_0)
     2    0.01    0.25    0.77   27.33 v _8022_/Y (sky130_fd_sc_hd__a21boi_0)
                                         _3271_ (net)
                  0.25    0.00   27.33 v _8042_/A2 (sky130_fd_sc_hd__o21ai_0)
     2    0.01    1.08    1.10   28.43 ^ _8042_/Y (sky130_fd_sc_hd__o21ai_0)
                                         _3289_ (net)
                  1.08    0.00   28.43 ^ _8044_/A2 (sky130_fd_sc_hd__a21oi_1)
     2    0.01    0.19    0.66   29.09 v _8044_/Y (sky130_fd_sc_hd__a21oi_1)
                                         _3291_ (net)
                  0.19    0.00   29.09 v _8065_/A2 (sky130_fd_sc_hd__o21ai_0)
     2    0.01    1.58    1.45   30.54 ^ _8065_/Y (sky130_fd_sc_hd__o21ai_0)
                                         _3310_ (net)
                  1.58    0.00   30.54 ^ _8066_/A2 (sky130_fd_sc_hd__a21boi_0)
     2    0.01    0.30    0.96   31.50 v _8066_/Y (sky130_fd_sc_hd__a21boi_0)
                                         _3311_ (net)
                  0.30    0.00   31.50 v _8081_/A2 (sky130_fd_sc_hd__o21ai_0)
     2    0.01    1.21    1.22   32.73 ^ _8081_/Y (sky130_fd_sc_hd__o21ai_0)
                                         _3324_ (net)
                  1.21    0.00   32.73 ^ _8084_/A2 (sky130_fd_sc_hd__a21boi_1)
     2    0.01    0.20    0.71   33.44 v _8084_/Y (sky130_fd_sc_hd__a21boi_1)
                                         _3327_ (net)
                  0.20    0.00   33.44 v _8102_/A2 (sky130_fd_sc_hd__o21ai_0)
     3    0.01    1.49    1.39   34.83 ^ _8102_/Y (sky130_fd_sc_hd__o21ai_0)
                                         _3343_ (net)
                  1.49    0.00   34.83 ^ _8150_/A2 (sky130_fd_sc_hd__a2111oi_0)
     2    0.01    0.32    0.97   35.80 v _8150_/Y (sky130_fd_sc_hd__a2111oi_0)
                                         _3387_ (net)
                  0.32    0.00   35.80 v _8155_/A1 (sky130_fd_sc_hd__o21ai_0)
     1    0.00    0.49    0.72   36.52 ^ _8155_/Y (sky130_fd_sc_hd__o21ai_0)
                                         _3392_ (net)
                  0.49    0.00   36.52 ^ _8156_/B (sky130_fd_sc_hd__nand2_1)
     1    0.00    0.10    0.32   36.83 v _8156_/Y (sky130_fd_sc_hd__nand2_1)
                                         _3393_ (net)
                  0.10    0.00   36.83 v _8159_/A2 (sky130_fd_sc_hd__o221ai_1)
     1    0.00    0.76    0.81   37.64 ^ _8159_/Y (sky130_fd_sc_hd__o221ai_1)
                                         _3396_ (net)
                  0.76    0.00   37.64 ^ _8161_/B1 (sky130_fd_sc_hd__a22o_1)
     1    0.00    0.13    0.68   38.32 ^ _8161_/X (sky130_fd_sc_hd__a22o_1)
                                         _0270_ (net)
                  0.13    0.00   38.32 ^ reg_next_pc[31]$_SDFFE_PN0P_/D (sky130_fd_sc_hd__dfxtp_1)
                                 38.32   data arrival time
-----------------------------------------------------------------------------
(Path is unconstrained)


Startpoint: latched_stalu$_SDFFE_PN0P_ (rising edge-triggered flip-flop)
Endpoint: reg_next_pc[29]$_SDFFE_PN0P_ (rising edge-triggered flip-flop)
Path Group: unconstrained
Path Type: max
Corner: slow

Fanout     Cap    Slew   Delay    Time   Description
-----------------------------------------------------------------------------
                  0.98    0.00    0.00 ^ latched_stalu$_SDFFE_PN0P_/CLK (sky130_fd_sc_hd__dfxtp_2)
    33    0.25    4.57    4.98    4.98 ^ latched_stalu$_SDFFE_PN0P_/Q (sky130_fd_sc_hd__dfxtp_2)
                                         latched_stalu (net)
                  4.57    0.00    4.99 ^ _5682_/S (sky130_fd_sc_hd__mux2i_1)
     2    0.02    1.70    3.25    8.24 ^ _5682_/Y (sky130_fd_sc_hd__mux2i_1)
                                         _1275_ (net)
                  1.70    0.00    8.24 ^ _5684_/A2 (sky130_fd_sc_hd__o21a_1)
     4    0.02    0.75    1.45    9.69 ^ _5684_/X (sky130_fd_sc_hd__o21a_1)
                                         _1277_ (net)
                  0.75    0.00    9.69 ^ _5685_/A (sky130_fd_sc_hd__inv_1)
     2    0.01    0.16    0.45   10.14 v _5685_/Y (sky130_fd_sc_hd__inv_1)
                                         _4144_ (net)
                  0.16    0.00   10.14 v _9165_/B (sky130_fd_sc_hd__ha_1)
     3    0.01    0.23    1.48   11.61 v _9165_/SUM (sky130_fd_sc_hd__ha_1)
                                         _4200_ (net)
                  0.23    0.00   11.61 v _7858_/B_N (sky130_fd_sc_hd__nor2b_1)
     1    0.00    0.08    0.56   12.17 v _7858_/Y (sky130_fd_sc_hd__nor2b_1)
                                         _3121_ (net)
                  0.08    0.00   12.17 v _7859_/A2 (sky130_fd_sc_hd__o21ai_0)
     2    0.01    1.06    0.99   13.16 ^ _7859_/Y (sky130_fd_sc_hd__o21ai_0)
                                         _3122_ (net)
                  1.06    0.00   13.16 ^ _7862_/A2 (sky130_fd_sc_hd__a21boi_2)
     2    0.01    0.15    0.59   13.75 v _7862_/Y (sky130_fd_sc_hd__a21boi_2)
                                         _3125_ (net)
                  0.15    0.00   13.75 v _7880_/A2 (sky130_fd_sc_hd__o21ai_0)
     2    0.01    1.32    1.23   14.98 ^ _7880_/Y (sky130_fd_sc_hd__o21ai_0)
                                         _3141_ (net)
                  1.32    0.00   14.98 ^ _7883_/A2 (sky130_fd_sc_hd__a21boi_1)
     2    0.01    0.23    0.78   15.76 v _7883_/Y (sky130_fd_sc_hd__a21boi_1)
                                         _3144_ (net)
                  0.23    0.00   15.76 v _7899_/A2 (sky130_fd_sc_hd__o21ai_0)
     2    0.01    0.98    1.01   16.77 ^ _7899_/Y (sky130_fd_sc_hd__o21ai_0)
                                         _3158_ (net)
                  0.98    0.00   16.77 ^ _7900_/A2 (sky130_fd_sc_hd__a21boi_0)
     2    0.01    0.25    0.71   17.48 v _7900_/Y (sky130_fd_sc_hd__a21boi_0)
                                         _3159_ (net)
                  0.25    0.00   17.48 v _7923_/A2 (sky130_fd_sc_hd__o21ai_0)
     2    0.01    1.17    1.17   18.65 ^ _7923_/Y (sky130_fd_sc_hd__o21ai_0)
                                         _3180_ (net)
                  1.17    0.00   18.65 ^ _7924_/A2 (sky130_fd_sc_hd__a21boi_2)
     2    0.01    0.17    0.64   19.29 v _7924_/Y (sky130_fd_sc_hd__a21boi_2)
                                         _3181_ (net)
                  0.17    0.00   19.29 v _7947_/A2 (sky130_fd_sc_hd__o21ai_0)
     2    0.01    1.43    1.32   20.61 ^ _7947_/Y (sky130_fd_sc_hd__o21ai_0)
                                         _3202_ (net)
                  1.43    0.00   20.61 ^ _7948_/A2 (sky130_fd_sc_hd__a21boi_0)
     2    0.01    0.29    0.90   21.52 v _7948_/Y (sky130_fd_sc_hd__a21boi_0)
                                         _3203_ (net)
                  0.29    0.00   21.52 v _7975_/A2 (sky130_fd_sc_hd__o21ai_0)
     2    0.01    1.00    1.05   22.57 ^ _7975_/Y (sky130_fd_sc_hd__o21ai_0)
                                         _3228_ (net)
                  1.00    0.00   22.57 ^ _7976_/A2 (sky130_fd_sc_hd__a21boi_0)
     2    0.00    0.22    0.68   23.25 v _7976_/Y (sky130_fd_sc_hd__a21boi_0)
                                         _3229_ (net)
                  0.22    0.00   23.25 v _7999_/A2 (sky130_fd_sc_hd__o21ai_0)
     2    0.01    1.36    1.29   24.54 ^ _7999_/Y (sky130_fd_sc_hd__o21ai_0)
                                         _3250_ (net)
                  1.36    0.00   24.54 ^ _8000_/A2 (sky130_fd_sc_hd__a21boi_0)
     2    0.01    0.27    0.86   25.40 v _8000_/Y (sky130_fd_sc_hd__a21boi_0)
                                         _3251_ (net)
                  0.27    0.00   25.40 v _8021_/A2 (sky130_fd_sc_hd__o21ai_0)
     2    0.01    1.14    1.16   26.56 ^ _8021_/Y (sky130_fd_sc_hd__o21ai_0)
                                         _3270_ (net)
                  1.14    0.00   26.56 ^ _8022_/A2 (sky130_fd_sc_hd__a21boi_0)
     2    0.01    0.25    0.77   27.33 v _8022_/Y (sky130_fd_sc_hd__a21boi_0)
                                         _3271_ (net)
                  0.25    0.00   27.33 v _8042_/A2 (sky130_fd_sc_hd__o21ai_0)
     2    0.01    1.08    1.10   28.43 ^ _8042_/Y (sky130_fd_sc_hd__o21ai_0)
                                         _3289_ (net)
                  1.08    0.00   28.43 ^ _8044_/A2 (sky130_fd_sc_hd__a21oi_1)
     2    0.01    0.19    0.66   29.09 v _8044_/Y (sky130_fd_sc_hd__a21oi_1)
                                         _3291_ (net)
                  0.19    0.00   29.09 v _8065_/A2 (sky130_fd_sc_hd__o21ai_0)
     2    0.01    1.58    1.45   30.54 ^ _8065_/Y (sky130_fd_sc_hd__o21ai_0)
                                         _3310_ (net)
                  1.58    0.00   30.54 ^ _8066_/A2 (sky130_fd_sc_hd__a21boi_0)
     2    0.01    0.30    0.96   31.50 v _8066_/Y (sky130_fd_sc_hd__a21boi_0)
                                         _3311_ (net)
                  0.30    0.00   31.50 v _8081_/A2 (sky130_fd_sc_hd__o21ai_0)
     2    0.01    1.21    1.22   32.73 ^ _8081_/Y (sky130_fd_sc_hd__o21ai_0)
                                         _3324_ (net)
                  1.21    0.00   32.73 ^ _8084_/A2 (sky130_fd_sc_hd__a21boi_1)
     2    0.01    0.20    0.71   33.44 v _8084_/Y (sky130_fd_sc_hd__a21boi_1)
                                         _3327_ (net)
                  0.20    0.00   33.44 v _8102_/A2 (sky130_fd_sc_hd__o21ai_0)
     3    0.01    1.49    1.39   34.83 ^ _8102_/Y (sky130_fd_sc_hd__o21ai_0)
                                         _3343_ (net)
                  1.49    0.00   34.83 ^ _8125_/A2 (sky130_fd_sc_hd__a211oi_1)
     1    0.00    0.17    0.74   35.57 v _8125_/Y (sky130_fd_sc_hd__a211oi_1)
                                         _3364_ (net)
                  0.17    0.00   35.57 v _8127_/A_N (sky130_fd_sc_hd__nand2b_1)
     2    0.01    0.17    0.62   36.18 v _8127_/Y (sky130_fd_sc_hd__nand2b_1)
                                         _3366_ (net)
                  0.17    0.00   36.18 v _8129_/B (sky130_fd_sc_hd__or2_0)
     1    0.00    0.15    0.92   37.11 v _8129_/X (sky130_fd_sc_hd__or2_0)
                                         _3368_ (net)
                  0.15    0.00   37.11 v _8133_/A3 (sky130_fd_sc_hd__a31oi_1)
     1    0.00    0.44    0.61   37.72 ^ _8133_/Y (sky130_fd_sc_hd__a31oi_1)
                                         _3372_ (net)
                  0.44    0.00   37.72 ^ _8136_/A1 (sky130_fd_sc_hd__o21ai_0)
     1    0.00    0.11    0.34   38.06 v _8136_/Y (sky130_fd_sc_hd__o21ai_0)
                                         _0268_ (net)
                  0.11    0.00   38.06 v reg_next_pc[29]$_SDFFE_PN0P_/D (sky130_fd_sc_hd__dfxtp_2)
                                 38.06   data arrival time
-----------------------------------------------------------------------------
(Path is unconstrained)


Startpoint: latched_stalu$_SDFFE_PN0P_ (rising edge-triggered flip-flop)
Endpoint: reg_next_pc[27]$_SDFFE_PN0P_ (rising edge-triggered flip-flop)
Path Group: unconstrained
Path Type: max
Corner: slow

Fanout     Cap    Slew   Delay    Time   Description
-----------------------------------------------------------------------------
                  0.98    0.00    0.00 ^ latched_stalu$_SDFFE_PN0P_/CLK (sky130_fd_sc_hd__dfxtp_2)
    33    0.25    4.57    4.98    4.98 ^ latched_stalu$_SDFFE_PN0P_/Q (sky130_fd_sc_hd__dfxtp_2)
                                         latched_stalu (net)
                  4.57    0.00    4.99 ^ _5682_/S (sky130_fd_sc_hd__mux2i_1)
     2    0.02    1.70    3.25    8.24 ^ _5682_/Y (sky130_fd_sc_hd__mux2i_1)
                                         _1275_ (net)
                  1.70    0.00    8.24 ^ _5684_/A2 (sky130_fd_sc_hd__o21a_1)
     4    0.02    0.75    1.45    9.69 ^ _5684_/X (sky130_fd_sc_hd__o21a_1)
                                         _1277_ (net)
                  0.75    0.00    9.69 ^ _5685_/A (sky130_fd_sc_hd__inv_1)
     2    0.01    0.16    0.45   10.14 v _5685_/Y (sky130_fd_sc_hd__inv_1)
                                         _4144_ (net)
                  0.16    0.00   10.14 v _9165_/B (sky130_fd_sc_hd__ha_1)
     3    0.01    0.23    1.48   11.61 v _9165_/SUM (sky130_fd_sc_hd__ha_1)
                                         _4200_ (net)
                  0.23    0.00   11.61 v _7858_/B_N (sky130_fd_sc_hd__nor2b_1)
     1    0.00    0.08    0.56   12.17 v _7858_/Y (sky130_fd_sc_hd__nor2b_1)
                                         _3121_ (net)
                  0.08    0.00   12.17 v _7859_/A2 (sky130_fd_sc_hd__o21ai_0)
     2    0.01    1.06    0.99   13.16 ^ _7859_/Y (sky130_fd_sc_hd__o21ai_0)
                                         _3122_ (net)
                  1.06    0.00   13.16 ^ _7862_/A2 (sky130_fd_sc_hd__a21boi_2)
     2    0.01    0.15    0.59   13.75 v _7862_/Y (sky130_fd_sc_hd__a21boi_2)
                                         _3125_ (net)
                  0.15    0.00   13.75 v _7880_/A2 (sky130_fd_sc_hd__o21ai_0)
     2    0.01    1.32    1.23   14.98 ^ _7880_/Y (sky130_fd_sc_hd__o21ai_0)
                                         _3141_ (net)
                  1.32    0.00   14.98 ^ _7883_/A2 (sky130_fd_sc_hd__a21boi_1)
     2    0.01    0.23    0.78   15.76 v _7883_/Y (sky130_fd_sc_hd__a21boi_1)
                                         _3144_ (net)
                  0.23    0.00   15.76 v _7899_/A2 (sky130_fd_sc_hd__o21ai_0)
     2    0.01    0.98    1.01   16.77 ^ _7899_/Y (sky130_fd_sc_hd__o21ai_0)
                                         _3158_ (net)
                  0.98    0.00   16.77 ^ _7900_/A2 (sky130_fd_sc_hd__a21boi_0)
     2    0.01    0.25    0.71   17.48 v _7900_/Y (sky130_fd_sc_hd__a21boi_0)
                                         _3159_ (net)
                  0.25    0.00   17.48 v _7923_/A2 (sky130_fd_sc_hd__o21ai_0)
     2    0.01    1.17    1.17   18.65 ^ _7923_/Y (sky130_fd_sc_hd__o21ai_0)
                                         _3180_ (net)
                  1.17    0.00   18.65 ^ _7924_/A2 (sky130_fd_sc_hd__a21boi_2)
     2    0.01    0.17    0.64   19.29 v _7924_/Y (sky130_fd_sc_hd__a21boi_2)
                                         _3181_ (net)
                  0.17    0.00   19.29 v _7947_/A2 (sky130_fd_sc_hd__o21ai_0)
     2    0.01    1.43    1.32   20.61 ^ _7947_/Y (sky130_fd_sc_hd__o21ai_0)
                                         _3202_ (net)
                  1.43    0.00   20.61 ^ _7948_/A2 (sky130_fd_sc_hd__a21boi_0)
     2    0.01    0.29    0.90   21.52 v _7948_/Y (sky130_fd_sc_hd__a21boi_0)
                                         _3203_ (net)
                  0.29    0.00   21.52 v _7975_/A2 (sky130_fd_sc_hd__o21ai_0)
     2    0.01    1.00    1.05   22.57 ^ _7975_/Y (sky130_fd_sc_hd__o21ai_0)
                                         _3228_ (net)
                  1.00    0.00   22.57 ^ _7976_/A2 (sky130_fd_sc_hd__a21boi_0)
     2    0.00    0.22    0.68   23.25 v _7976_/Y (sky130_fd_sc_hd__a21boi_0)
                                         _3229_ (net)
                  0.22    0.00   23.25 v _7999_/A2 (sky130_fd_sc_hd__o21ai_0)
     2    0.01    1.36    1.29   24.54 ^ _7999_/Y (sky130_fd_sc_hd__o21ai_0)
                                         _3250_ (net)
                  1.36    0.00   24.54 ^ _8000_/A2 (sky130_fd_sc_hd__a21boi_0)
     2    0.01    0.27    0.86   25.40 v _8000_/Y (sky130_fd_sc_hd__a21boi_0)
                                         _3251_ (net)
                  0.27    0.00   25.40 v _8021_/A2 (sky130_fd_sc_hd__o21ai_0)
     2    0.01    1.14    1.16   26.56 ^ _8021_/Y (sky130_fd_sc_hd__o21ai_0)
                                         _3270_ (net)
                  1.14    0.00   26.56 ^ _8022_/A2 (sky130_fd_sc_hd__a21boi_0)
     2    0.01    0.25    0.77   27.33 v _8022_/Y (sky130_fd_sc_hd__a21boi_0)
                                         _3271_ (net)
                  0.25    0.00   27.33 v _8042_/A2 (sky130_fd_sc_hd__o21ai_0)
     2    0.01    1.08    1.10   28.43 ^ _8042_/Y (sky130_fd_sc_hd__o21ai_0)
                                         _3289_ (net)
                  1.08    0.00   28.43 ^ _8044_/A2 (sky130_fd_sc_hd__a21oi_1)
     2    0.01    0.19    0.66   29.09 v _8044_/Y (sky130_fd_sc_hd__a21oi_1)
                                         _3291_ (net)
                  0.19    0.00   29.09 v _8065_/A2 (sky130_fd_sc_hd__o21ai_0)
     2    0.01    1.58    1.45   30.54 ^ _8065_/Y (sky130_fd_sc_hd__o21ai_0)
                                         _3310_ (net)
                  1.58    0.00   30.54 ^ _8066_/A2 (sky130_fd_sc_hd__a21boi_0)
     2    0.01    0.30    0.96   31.50 v _8066_/Y (sky130_fd_sc_hd__a21boi_0)
                                         _3311_ (net)
                  0.30    0.00   31.50 v _8081_/A2 (sky130_fd_sc_hd__o21ai_0)
     2    0.01    1.21    1.22   32.73 ^ _8081_/Y (sky130_fd_sc_hd__o21ai_0)
                                         _3324_ (net)
                  1.21    0.00   32.73 ^ _8084_/A2 (sky130_fd_sc_hd__a21boi_1)
     2    0.01    0.20    0.71   33.44 v _8084_/Y (sky130_fd_sc_hd__a21boi_1)
                                         _3327_ (net)
                  0.20    0.00   33.44 v _8102_/A2 (sky130_fd_sc_hd__o21ai_0)
     3    0.01    1.49    1.39   34.83 ^ _8102_/Y (sky130_fd_sc_hd__o21ai_0)
                                         _3343_ (net)
                  1.49    0.00   34.83 ^ _8103_/B (sky130_fd_sc_hd__nand2_1)
     1    0.00    0.21    0.75   35.58 v _8103_/Y (sky130_fd_sc_hd__nand2_1)
                                         _3344_ (net)
                  0.21    0.00   35.58 v _8104_/B (sky130_fd_sc_hd__xnor2_1)
     1    0.00    0.61    0.71   36.29 ^ _8104_/Y (sky130_fd_sc_hd__xnor2_1)
                                         _3345_ (net)
                  0.61    0.00   36.29 ^ _8105_/B (sky130_fd_sc_hd__nor2_1)
     1    0.00    0.12    0.31   36.60 v _8105_/Y (sky130_fd_sc_hd__nor2_1)
                                         _3346_ (net)
                  0.12    0.00   36.60 v _8112_/A1 (sky130_fd_sc_hd__o21ai_0)
     1    0.00    0.40    0.53   37.13 ^ _8112_/Y (sky130_fd_sc_hd__o21ai_0)
                                         _0266_ (net)
                  0.40    0.00   37.13 ^ reg_next_pc[27]$_SDFFE_PN0P_/D (sky130_fd_sc_hd__dfxtp_2)
                                 37.13   data arrival time
-----------------------------------------------------------------------------
(Path is unconstrained)


Startpoint: latched_stalu$_SDFFE_PN0P_ (rising edge-triggered flip-flop)
Endpoint: reg_next_pc[25]$_SDFFE_PN0P_ (rising edge-triggered flip-flop)
Path Group: unconstrained
Path Type: max
Corner: slow

Fanout     Cap    Slew   Delay    Time   Description
-----------------------------------------------------------------------------
                  0.98    0.00    0.00 ^ latched_stalu$_SDFFE_PN0P_/CLK (sky130_fd_sc_hd__dfxtp_2)
    33    0.25    4.57    4.98    4.98 ^ latched_stalu$_SDFFE_PN0P_/Q (sky130_fd_sc_hd__dfxtp_2)
                                         latched_stalu (net)
                  4.57    0.00    4.99 ^ _5682_/S (sky130_fd_sc_hd__mux2i_1)
     2    0.02    1.70    3.25    8.24 ^ _5682_/Y (sky130_fd_sc_hd__mux2i_1)
                                         _1275_ (net)
                  1.70    0.00    8.24 ^ _5684_/A2 (sky130_fd_sc_hd__o21a_1)
     4    0.02    0.75    1.45    9.69 ^ _5684_/X (sky130_fd_sc_hd__o21a_1)
                                         _1277_ (net)
                  0.75    0.00    9.69 ^ _5685_/A (sky130_fd_sc_hd__inv_1)
     2    0.01    0.16    0.45   10.14 v _5685_/Y (sky130_fd_sc_hd__inv_1)
                                         _4144_ (net)
                  0.16    0.00   10.14 v _9165_/B (sky130_fd_sc_hd__ha_1)
     3    0.01    0.23    1.48   11.61 v _9165_/SUM (sky130_fd_sc_hd__ha_1)
                                         _4200_ (net)
                  0.23    0.00   11.61 v _7858_/B_N (sky130_fd_sc_hd__nor2b_1)
     1    0.00    0.08    0.56   12.17 v _7858_/Y (sky130_fd_sc_hd__nor2b_1)
                                         _3121_ (net)
                  0.08    0.00   12.17 v _7859_/A2 (sky130_fd_sc_hd__o21ai_0)
     2    0.01    1.06    0.99   13.16 ^ _7859_/Y (sky130_fd_sc_hd__o21ai_0)
                                         _3122_ (net)
                  1.06    0.00   13.16 ^ _7862_/A2 (sky130_fd_sc_hd__a21boi_2)
     2    0.01    0.15    0.59   13.75 v _7862_/Y (sky130_fd_sc_hd__a21boi_2)
                                         _3125_ (net)
                  0.15    0.00   13.75 v _7880_/A2 (sky130_fd_sc_hd__o21ai_0)
     2    0.01    1.32    1.23   14.98 ^ _7880_/Y (sky130_fd_sc_hd__o21ai_0)
                                         _3141_ (net)
                  1.32    0.00   14.98 ^ _7883_/A2 (sky130_fd_sc_hd__a21boi_1)
     2    0.01    0.23    0.78   15.76 v _7883_/Y (sky130_fd_sc_hd__a21boi_1)
                                         _3144_ (net)
                  0.23    0.00   15.76 v _7899_/A2 (sky130_fd_sc_hd__o21ai_0)
     2    0.01    0.98    1.01   16.77 ^ _7899_/Y (sky130_fd_sc_hd__o21ai_0)
                                         _3158_ (net)
                  0.98    0.00   16.77 ^ _7900_/A2 (sky130_fd_sc_hd__a21boi_0)
     2    0.01    0.25    0.71   17.48 v _7900_/Y (sky130_fd_sc_hd__a21boi_0)
                                         _3159_ (net)
                  0.25    0.00   17.48 v _7923_/A2 (sky130_fd_sc_hd__o21ai_0)
     2    0.01    1.17    1.17   18.65 ^ _7923_/Y (sky130_fd_sc_hd__o21ai_0)
                                         _3180_ (net)
                  1.17    0.00   18.65 ^ _7924_/A2 (sky130_fd_sc_hd__a21boi_2)
     2    0.01    0.17    0.64   19.29 v _7924_/Y (sky130_fd_sc_hd__a21boi_2)
                                         _3181_ (net)
                  0.17    0.00   19.29 v _7947_/A2 (sky130_fd_sc_hd__o21ai_0)
     2    0.01    1.43    1.32   20.61 ^ _7947_/Y (sky130_fd_sc_hd__o21ai_0)
                                         _3202_ (net)
                  1.43    0.00   20.61 ^ _7948_/A2 (sky130_fd_sc_hd__a21boi_0)
     2    0.01    0.29    0.90   21.52 v _7948_/Y (sky130_fd_sc_hd__a21boi_0)
                                         _3203_ (net)
                  0.29    0.00   21.52 v _7975_/A2 (sky130_fd_sc_hd__o21ai_0)
     2    0.01    1.00    1.05   22.57 ^ _7975_/Y (sky130_fd_sc_hd__o21ai_0)
                                         _3228_ (net)
                  1.00    0.00   22.57 ^ _7976_/A2 (sky130_fd_sc_hd__a21boi_0)
     2    0.00    0.22    0.68   23.25 v _7976_/Y (sky130_fd_sc_hd__a21boi_0)
                                         _3229_ (net)
                  0.22    0.00   23.25 v _7999_/A2 (sky130_fd_sc_hd__o21ai_0)
     2    0.01    1.36    1.29   24.54 ^ _7999_/Y (sky130_fd_sc_hd__o21ai_0)
                                         _3250_ (net)
                  1.36    0.00   24.54 ^ _8000_/A2 (sky130_fd_sc_hd__a21boi_0)
     2    0.01    0.27    0.86   25.40 v _8000_/Y (sky130_fd_sc_hd__a21boi_0)
                                         _3251_ (net)
                  0.27    0.00   25.40 v _8021_/A2 (sky130_fd_sc_hd__o21ai_0)
     2    0.01    1.14    1.16   26.56 ^ _8021_/Y (sky130_fd_sc_hd__o21ai_0)
                                         _3270_ (net)
                  1.14    0.00   26.56 ^ _8022_/A2 (sky130_fd_sc_hd__a21boi_0)
     2    0.01    0.25    0.77   27.33 v _8022_/Y (sky130_fd_sc_hd__a21boi_0)
                                         _3271_ (net)
                  0.25    0.00   27.33 v _8042_/A2 (sky130_fd_sc_hd__o21ai_0)
     2    0.01    1.08    1.10   28.43 ^ _8042_/Y (sky130_fd_sc_hd__o21ai_0)
                                         _3289_ (net)
                  1.08    0.00   28.43 ^ _8044_/A2 (sky130_fd_sc_hd__a21oi_1)
     2    0.01    0.19    0.66   29.09 v _8044_/Y (sky130_fd_sc_hd__a21oi_1)
                                         _3291_ (net)
                  0.19    0.00   29.09 v _8065_/A2 (sky130_fd_sc_hd__o21ai_0)
     2    0.01    1.58    1.45   30.54 ^ _8065_/Y (sky130_fd_sc_hd__o21ai_0)
                                         _3310_ (net)
                  1.58    0.00   30.54 ^ _8066_/A2 (sky130_fd_sc_hd__a21boi_0)
     2    0.01    0.30    0.96   31.50 v _8066_/Y (sky130_fd_sc_hd__a21boi_0)
                                         _3311_ (net)
                  0.30    0.00   31.50 v _8081_/A2 (sky130_fd_sc_hd__o21ai_0)
     2    0.01    1.21    1.22   32.73 ^ _8081_/Y (sky130_fd_sc_hd__o21ai_0)
                                         _3324_ (net)
                  1.21    0.00   32.73 ^ _8084_/A2 (sky130_fd_sc_hd__a21boi_1)
     2    0.01    0.20    0.71   33.44 v _8084_/Y (sky130_fd_sc_hd__a21boi_1)
                                         _3327_ (net)
                  0.20    0.00   33.44 v _8085_/A2 (sky130_fd_sc_hd__o21a_1)
     1    0.00    0.10    0.76   34.20 v _8085_/X (sky130_fd_sc_hd__o21a_1)
                                         _3328_ (net)
                  0.10    0.00   34.20 v _8090_/A1 (sky130_fd_sc_hd__o21ai_0)
     1    0.00    0.38    0.49   34.70 ^ _8090_/Y (sky130_fd_sc_hd__o21ai_0)
                                         _0264_ (net)
                  0.38    0.00   34.70 ^ reg_next_pc[25]$_SDFFE_PN0P_/D (sky130_fd_sc_hd__dfxtp_2)
                                 34.70   data arrival time
-----------------------------------------------------------------------------
(Path is unconstrained)


Startpoint: latched_stalu$_SDFFE_PN0P_ (rising edge-triggered flip-flop)
Endpoint: reg_next_pc[30]$_SDFFE_PN0P_ (rising edge-triggered flip-flop)
Path Group: unconstrained
Path Type: max
Corner: slow

Fanout     Cap    Slew   Delay    Time   Description
-----------------------------------------------------------------------------
                  0.98    0.00    0.00 ^ latched_stalu$_SDFFE_PN0P_/CLK (sky130_fd_sc_hd__dfxtp_2)
    33    0.25    4.57    4.98    4.98 ^ latched_stalu$_SDFFE_PN0P_/Q (sky130_fd_sc_hd__dfxtp_2)
                                         latched_stalu (net)
                  4.57    0.00    4.99 ^ _5678_/S (sky130_fd_sc_hd__mux2i_1)
     2    0.01    0.85    2.59    7.58 ^ _5678_/Y (sky130_fd_sc_hd__mux2i_1)
                                         _1273_ (net)
                  0.85    0.00    7.58 ^ _5680_/A2 (sky130_fd_sc_hd__o21a_1)
     5    0.03    1.12    1.40    8.98 ^ _5680_/X (sky130_fd_sc_hd__o21a_1)
                                         _4165_ (net)
                  1.12    0.00    8.98 ^ _5681_/A (sky130_fd_sc_hd__inv_2)
     3    0.01    0.19    0.56    9.54 v _5681_/Y (sky130_fd_sc_hd__inv_2)
                                         _4133_ (net)
                  0.19    0.00    9.54 v _9163_/B (sky130_fd_sc_hd__ha_1)
     1    0.00    0.17    1.40   10.94 v _9163_/SUM (sky130_fd_sc_hd__ha_1)
                                         _4196_ (net)
                  0.17    0.00   10.94 v _7845_/A2 (sky130_fd_sc_hd__a21o_1)
     1    0.01    0.12    0.75   11.69 v _7845_/X (sky130_fd_sc_hd__a21o_1)
                                         _3109_ (net)
                  0.12    0.00   11.69 v _7846_/A2 (sky130_fd_sc_hd__a21oi_1)
     2    0.01    0.75    0.81   12.49 ^ _7846_/Y (sky130_fd_sc_hd__a21oi_1)
                                         _3110_ (net)
                  0.75    0.00   12.49 ^ _7868_/A2 (sky130_fd_sc_hd__o21ai_0)
     1    0.01    0.29    0.63   13.13 v _7868_/Y (sky130_fd_sc_hd__o21ai_0)
                                         _3130_ (net)
                  0.29    0.00   13.13 v _7869_/A2 (sky130_fd_sc_hd__a21oi_2)
     2    0.01    0.68    0.89   14.02 ^ _7869_/Y (sky130_fd_sc_hd__a21oi_2)
                                         _3131_ (net)
                  0.68    0.00   14.02 ^ _7889_/A2 (sky130_fd_sc_hd__o21ai_1)
     1    0.01    0.16    0.46   14.48 v _7889_/Y (sky130_fd_sc_hd__o21ai_1)
                                         _3149_ (net)
                  0.16    0.00   14.48 v _7890_/A2 (sky130_fd_sc_hd__a21oi_1)
     2    0.01    0.80    0.87   15.35 ^ _7890_/Y (sky130_fd_sc_hd__a21oi_1)
                                         _3150_ (net)
                  0.80    0.00   15.36 ^ _7912_/A2 (sky130_fd_sc_hd__o21ai_0)
     1    0.00    0.18    0.55   15.90 v _7912_/Y (sky130_fd_sc_hd__o21ai_0)
                                         _3170_ (net)
                  0.18    0.00   15.90 v _7913_/A2 (sky130_fd_sc_hd__a21oi_1)
     2    0.01    0.79    0.88   16.78 ^ _7913_/Y (sky130_fd_sc_hd__a21oi_1)
                                         _3171_ (net)
                  0.79    0.00   16.78 ^ _7939_/A2 (sky130_fd_sc_hd__o21ai_0)
     1    0.01    0.33    0.68   17.46 v _7939_/Y (sky130_fd_sc_hd__o21ai_0)
                                         _3195_ (net)
                  0.33    0.00   17.46 v _7940_/A2 (sky130_fd_sc_hd__a21o_4)
     3    0.01    0.12    1.06   18.52 v _7940_/X (sky130_fd_sc_hd__a21o_4)
                                         _3196_ (net)
                  0.12    0.00   18.52 v _7962_/A2 (sky130_fd_sc_hd__a21o_1)
     1    0.01    0.12    0.71   19.24 v _7962_/X (sky130_fd_sc_hd__a21o_1)
                                         _3216_ (net)
                  0.12    0.00   19.24 v _7963_/A2 (sky130_fd_sc_hd__a21o_1)
     3    0.01    0.12    0.72   19.95 v _7963_/X (sky130_fd_sc_hd__a21o_1)
                                         _3217_ (net)
                  0.12    0.00   19.95 v _7987_/A2 (sky130_fd_sc_hd__a21o_1)
     1    0.01    0.11    0.71   20.66 v _7987_/X (sky130_fd_sc_hd__a21o_1)
                                         _3239_ (net)
                  0.11    0.00   20.66 v _7988_/A2 (sky130_fd_sc_hd__a21o_4)
     3    0.01    0.12    0.93   21.59 v _7988_/X (sky130_fd_sc_hd__a21o_4)
                                         _3240_ (net)
                  0.12    0.00   21.59 v _8010_/A2 (sky130_fd_sc_hd__a21o_1)
     1    0.01    0.11    0.71   22.29 v _8010_/X (sky130_fd_sc_hd__a21o_1)
                                         _3260_ (net)
                  0.11    0.00   22.29 v _8011_/A2 (sky130_fd_sc_hd__a21o_4)
     3    0.01    0.11    0.92   23.21 v _8011_/X (sky130_fd_sc_hd__a21o_4)
                                         _3261_ (net)
                  0.11    0.00   23.21 v _8032_/A2 (sky130_fd_sc_hd__a21o_1)
     1    0.01    0.13    0.72   23.93 v _8032_/X (sky130_fd_sc_hd__a21o_1)
                                         _3280_ (net)
                  0.13    0.00   23.93 v _8033_/A2 (sky130_fd_sc_hd__a21o_4)
     3    0.01    0.11    0.93   24.86 v _8033_/X (sky130_fd_sc_hd__a21o_4)
                                         _3281_ (net)
                  0.11    0.00   24.86 v _8055_/A2 (sky130_fd_sc_hd__a21oi_1)
     1    0.01    0.62    0.70   25.55 ^ _8055_/Y (sky130_fd_sc_hd__a21oi_1)
                                         _3301_ (net)
                  0.62    0.00   25.55 ^ _8056_/A2 (sky130_fd_sc_hd__o21bai_2)
     3    0.01    0.18    0.44   25.99 v _8056_/Y (sky130_fd_sc_hd__o21bai_2)
                                         _3302_ (net)
                  0.18    0.00   25.99 v _8072_/A2 (sky130_fd_sc_hd__a21o_4)
     1    0.01    0.12    0.97   26.97 v _8072_/X (sky130_fd_sc_hd__a21o_4)
                                         _3316_ (net)
                  0.12    0.00   26.97 v _8073_/A2 (sky130_fd_sc_hd__a21o_4)
     2    0.01    0.11    0.92   27.89 v _8073_/X (sky130_fd_sc_hd__a21o_4)
                                         _3317_ (net)
                  0.11    0.00   27.89 v _8092_/A2 (sky130_fd_sc_hd__a21o_1)
     1    0.01    0.13    0.72   28.61 v _8092_/X (sky130_fd_sc_hd__a21o_1)
                                         _3334_ (net)
                  0.13    0.00   28.61 v _8093_/A2 (sky130_fd_sc_hd__a21o_4)
     2    0.01    0.12    0.94   29.55 v _8093_/X (sky130_fd_sc_hd__a21o_4)
                                         _3335_ (net)
                  0.12    0.00   29.55 v _8115_/A3 (sky130_fd_sc_hd__a31o_4)
     3    0.01    0.12    1.02   30.57 v _8115_/X (sky130_fd_sc_hd__a31o_4)
                                         _3355_ (net)
                  0.12    0.00   30.57 v _8139_/C (sky130_fd_sc_hd__and3_1)
     2    0.00    0.11    0.74   31.31 v _8139_/X (sky130_fd_sc_hd__and3_1)
                                         _3377_ (net)
                  0.11    0.00   31.31 v _8140_/C (sky130_fd_sc_hd__or3_1)
     1    0.00    0.24    1.71   33.02 v _8140_/X (sky130_fd_sc_hd__or3_1)
                                         _3378_ (net)
                  0.24    0.00   33.02 v _8145_/A2 (sky130_fd_sc_hd__a31oi_1)
     1    0.01    0.66    0.85   33.87 ^ _8145_/Y (sky130_fd_sc_hd__a31oi_1)
                                         _3383_ (net)
                  0.66    0.00   33.87 ^ _8148_/A1 (sky130_fd_sc_hd__o21ai_0)
     1    0.00    0.12    0.45   34.32 v _8148_/Y (sky130_fd_sc_hd__o21ai_0)
                                         _0269_ (net)
                  0.12    0.00   34.32 v reg_next_pc[30]$_SDFFE_PN0P_/D (sky130_fd_sc_hd__dfxtp_1)
                                 34.32   data arrival time
-----------------------------------------------------------------------------
(Path is unconstrained)


Startpoint: latched_stalu$_SDFFE_PN0P_ (rising edge-triggered flip-flop)
Endpoint: reg_next_pc[23]$_SDFFE_PN0P_ (rising edge-triggered flip-flop)
Path Group: unconstrained
Path Type: max
Corner: slow

Fanout     Cap    Slew   Delay    Time   Description
-----------------------------------------------------------------------------
                  0.98    0.00    0.00 ^ latched_stalu$_SDFFE_PN0P_/CLK (sky130_fd_sc_hd__dfxtp_2)
    33    0.25    4.57    4.98    4.98 ^ latched_stalu$_SDFFE_PN0P_/Q (sky130_fd_sc_hd__dfxtp_2)
                                         latched_stalu (net)
                  4.57    0.00    4.99 ^ _5682_/S (sky130_fd_sc_hd__mux2i_1)
     2    0.02    1.70    3.25    8.24 ^ _5682_/Y (sky130_fd_sc_hd__mux2i_1)
                                         _1275_ (net)
                  1.70    0.00    8.24 ^ _5684_/A2 (sky130_fd_sc_hd__o21a_1)
     4    0.02    0.75    1.45    9.69 ^ _5684_/X (sky130_fd_sc_hd__o21a_1)
                                         _1277_ (net)
                  0.75    0.00    9.69 ^ _5685_/A (sky130_fd_sc_hd__inv_1)
     2    0.01    0.16    0.45   10.14 v _5685_/Y (sky130_fd_sc_hd__inv_1)
                                         _4144_ (net)
                  0.16    0.00   10.14 v _9165_/B (sky130_fd_sc_hd__ha_1)
     3    0.01    0.23    1.48   11.61 v _9165_/SUM (sky130_fd_sc_hd__ha_1)
                                         _4200_ (net)
                  0.23    0.00   11.61 v _7858_/B_N (sky130_fd_sc_hd__nor2b_1)
     1    0.00    0.08    0.56   12.17 v _7858_/Y (sky130_fd_sc_hd__nor2b_1)
                                         _3121_ (net)
                  0.08    0.00   12.17 v _7859_/A2 (sky130_fd_sc_hd__o21ai_0)
     2    0.01    1.06    0.99   13.16 ^ _7859_/Y (sky130_fd_sc_hd__o21ai_0)
                                         _3122_ (net)
                  1.06    0.00   13.16 ^ _7862_/A2 (sky130_fd_sc_hd__a21boi_2)
     2    0.01    0.15    0.59   13.75 v _7862_/Y (sky130_fd_sc_hd__a21boi_2)
                                         _3125_ (net)
                  0.15    0.00   13.75 v _7880_/A2 (sky130_fd_sc_hd__o21ai_0)
     2    0.01    1.32    1.23   14.98 ^ _7880_/Y (sky130_fd_sc_hd__o21ai_0)
                                         _3141_ (net)
                  1.32    0.00   14.98 ^ _7883_/A2 (sky130_fd_sc_hd__a21boi_1)
     2    0.01    0.23    0.78   15.76 v _7883_/Y (sky130_fd_sc_hd__a21boi_1)
                                         _3144_ (net)
                  0.23    0.00   15.76 v _7899_/A2 (sky130_fd_sc_hd__o21ai_0)
     2    0.01    0.98    1.01   16.77 ^ _7899_/Y (sky130_fd_sc_hd__o21ai_0)
                                         _3158_ (net)
                  0.98    0.00   16.77 ^ _7900_/A2 (sky130_fd_sc_hd__a21boi_0)
     2    0.01    0.25    0.71   17.48 v _7900_/Y (sky130_fd_sc_hd__a21boi_0)
                                         _3159_ (net)
                  0.25    0.00   17.48 v _7923_/A2 (sky130_fd_sc_hd__o21ai_0)
     2    0.01    1.17    1.17   18.65 ^ _7923_/Y (sky130_fd_sc_hd__o21ai_0)
                                         _3180_ (net)
                  1.17    0.00   18.65 ^ _7924_/A2 (sky130_fd_sc_hd__a21boi_2)
     2    0.01    0.17    0.64   19.29 v _7924_/Y (sky130_fd_sc_hd__a21boi_2)
                                         _3181_ (net)
                  0.17    0.00   19.29 v _7947_/A2 (sky130_fd_sc_hd__o21ai_0)
     2    0.01    1.43    1.32   20.61 ^ _7947_/Y (sky130_fd_sc_hd__o21ai_0)
                                         _3202_ (net)
                  1.43    0.00   20.61 ^ _7948_/A2 (sky130_fd_sc_hd__a21boi_0)
     2    0.01    0.29    0.90   21.52 v _7948_/Y (sky130_fd_sc_hd__a21boi_0)
                                         _3203_ (net)
                  0.29    0.00   21.52 v _7975_/A2 (sky130_fd_sc_hd__o21ai_0)
     2    0.01    1.00    1.05   22.57 ^ _7975_/Y (sky130_fd_sc_hd__o21ai_0)
                                         _3228_ (net)
                  1.00    0.00   22.57 ^ _7976_/A2 (sky130_fd_sc_hd__a21boi_0)
     2    0.00    0.22    0.68   23.25 v _7976_/Y (sky130_fd_sc_hd__a21boi_0)
                                         _3229_ (net)
                  0.22    0.00   23.25 v _7999_/A2 (sky130_fd_sc_hd__o21ai_0)
     2    0.01    1.36    1.29   24.54 ^ _7999_/Y (sky130_fd_sc_hd__o21ai_0)
                                         _3250_ (net)
                  1.36    0.00   24.54 ^ _8000_/A2 (sky130_fd_sc_hd__a21boi_0)
     2    0.01    0.27    0.86   25.40 v _8000_/Y (sky130_fd_sc_hd__a21boi_0)
                                         _3251_ (net)
                  0.27    0.00   25.40 v _8021_/A2 (sky130_fd_sc_hd__o21ai_0)
     2    0.01    1.14    1.16   26.56 ^ _8021_/Y (sky130_fd_sc_hd__o21ai_0)
                                         _3270_ (net)
                  1.14    0.00   26.56 ^ _8022_/A2 (sky130_fd_sc_hd__a21boi_0)
     2    0.01    0.25    0.77   27.33 v _8022_/Y (sky130_fd_sc_hd__a21boi_0)
                                         _3271_ (net)
                  0.25    0.00   27.33 v _8042_/A2 (sky130_fd_sc_hd__o21ai_0)
     2    0.01    1.08    1.10   28.43 ^ _8042_/Y (sky130_fd_sc_hd__o21ai_0)
                                         _3289_ (net)
                  1.08    0.00   28.43 ^ _8044_/A2 (sky130_fd_sc_hd__a21oi_1)
     2    0.01    0.19    0.66   29.09 v _8044_/Y (sky130_fd_sc_hd__a21oi_1)
                                         _3291_ (net)
                  0.19    0.00   29.09 v _8065_/A2 (sky130_fd_sc_hd__o21ai_0)
     2    0.01    1.58    1.45   30.54 ^ _8065_/Y (sky130_fd_sc_hd__o21ai_0)
                                         _3310_ (net)
                  1.58    0.00   30.54 ^ _8067_/B (sky130_fd_sc_hd__nand2_1)
     1    0.00    0.17    0.71   31.25 v _8067_/Y (sky130_fd_sc_hd__nand2_1)
                                         _3312_ (net)
                  0.17    0.00   31.25 v _8068_/A2 (sky130_fd_sc_hd__o21ai_0)
     1    0.00    0.50    0.59   31.84 ^ _8068_/Y (sky130_fd_sc_hd__o21ai_0)
                                         _3313_ (net)
                  0.50    0.00   31.84 ^ _8069_/B2 (sky130_fd_sc_hd__o221ai_1)
     1    0.00    0.49    0.42   32.26 v _8069_/Y (sky130_fd_sc_hd__o221ai_1)
                                         _3314_ (net)
                  0.49    0.00   32.26 v _8070_/B1 (sky130_fd_sc_hd__o21ai_0)
     1    0.00    0.48    0.48   32.74 ^ _8070_/Y (sky130_fd_sc_hd__o21ai_0)
                                         _3315_ (net)
                  0.48    0.00   32.74 ^ _8071_/B (sky130_fd_sc_hd__nand2_1)
     1    0.00    0.08    0.30   33.04 v _8071_/Y (sky130_fd_sc_hd__nand2_1)
                                         _0262_ (net)
                  0.08    0.00   33.04 v reg_next_pc[23]$_SDFFE_PN0P_/D (sky130_fd_sc_hd__dfxtp_1)
                                 33.04   data arrival time
-----------------------------------------------------------------------------
(Path is unconstrained)


Startpoint: latched_stalu$_SDFFE_PN0P_ (rising edge-triggered flip-flop)
Endpoint: reg_next_pc[28]$_SDFFE_PN0P_ (rising edge-triggered flip-flop)
Path Group: unconstrained
Path Type: max
Corner: slow

Fanout     Cap    Slew   Delay    Time   Description
-----------------------------------------------------------------------------
                  0.98    0.00    0.00 ^ latched_stalu$_SDFFE_PN0P_/CLK (sky130_fd_sc_hd__dfxtp_2)
    33    0.25    4.57    4.98    4.98 ^ latched_stalu$_SDFFE_PN0P_/Q (sky130_fd_sc_hd__dfxtp_2)
                                         latched_stalu (net)
                  4.57    0.00    4.99 ^ _5678_/S (sky130_fd_sc_hd__mux2i_1)
     2    0.01    0.85    2.59    7.58 ^ _5678_/Y (sky130_fd_sc_hd__mux2i_1)
                                         _1273_ (net)
                  0.85    0.00    7.58 ^ _5680_/A2 (sky130_fd_sc_hd__o21a_1)
     5    0.03    1.12    1.40    8.98 ^ _5680_/X (sky130_fd_sc_hd__o21a_1)
                                         _4165_ (net)
                  1.12    0.00    8.98 ^ _5681_/A (sky130_fd_sc_hd__inv_2)
     3    0.01    0.19    0.56    9.54 v _5681_/Y (sky130_fd_sc_hd__inv_2)
                                         _4133_ (net)
                  0.19    0.00    9.54 v _9163_/B (sky130_fd_sc_hd__ha_1)
     1    0.00    0.17    1.40   10.94 v _9163_/SUM (sky130_fd_sc_hd__ha_1)
                                         _4196_ (net)
                  0.17    0.00   10.94 v _7845_/A2 (sky130_fd_sc_hd__a21o_1)
     1    0.01    0.12    0.75   11.69 v _7845_/X (sky130_fd_sc_hd__a21o_1)
                                         _3109_ (net)
                  0.12    0.00   11.69 v _7846_/A2 (sky130_fd_sc_hd__a21oi_1)
     2    0.01    0.75    0.81   12.49 ^ _7846_/Y (sky130_fd_sc_hd__a21oi_1)
                                         _3110_ (net)
                  0.75    0.00   12.49 ^ _7868_/A2 (sky130_fd_sc_hd__o21ai_0)
     1    0.01    0.29    0.63   13.13 v _7868_/Y (sky130_fd_sc_hd__o21ai_0)
                                         _3130_ (net)
                  0.29    0.00   13.13 v _7869_/A2 (sky130_fd_sc_hd__a21oi_2)
     2    0.01    0.68    0.89   14.02 ^ _7869_/Y (sky130_fd_sc_hd__a21oi_2)
                                         _3131_ (net)
                  0.68    0.00   14.02 ^ _7889_/A2 (sky130_fd_sc_hd__o21ai_1)
     1    0.01    0.16    0.46   14.48 v _7889_/Y (sky130_fd_sc_hd__o21ai_1)
                                         _3149_ (net)
                  0.16    0.00   14.48 v _7890_/A2 (sky130_fd_sc_hd__a21oi_1)
     2    0.01    0.80    0.87   15.35 ^ _7890_/Y (sky130_fd_sc_hd__a21oi_1)
                                         _3150_ (net)
                  0.80    0.00   15.36 ^ _7912_/A2 (sky130_fd_sc_hd__o21ai_0)
     1    0.00    0.18    0.55   15.90 v _7912_/Y (sky130_fd_sc_hd__o21ai_0)
                                         _3170_ (net)
                  0.18    0.00   15.90 v _7913_/A2 (sky130_fd_sc_hd__a21oi_1)
     2    0.01    0.79    0.88   16.78 ^ _7913_/Y (sky130_fd_sc_hd__a21oi_1)
                                         _3171_ (net)
                  0.79    0.00   16.78 ^ _7939_/A2 (sky130_fd_sc_hd__o21ai_0)
     1    0.01    0.33    0.68   17.46 v _7939_/Y (sky130_fd_sc_hd__o21ai_0)
                                         _3195_ (net)
                  0.33    0.00   17.46 v _7940_/A2 (sky130_fd_sc_hd__a21o_4)
     3    0.01    0.12    1.06   18.52 v _7940_/X (sky130_fd_sc_hd__a21o_4)
                                         _3196_ (net)
                  0.12    0.00   18.52 v _7962_/A2 (sky130_fd_sc_hd__a21o_1)
     1    0.01    0.12    0.71   19.24 v _7962_/X (sky130_fd_sc_hd__a21o_1)
                                         _3216_ (net)
                  0.12    0.00   19.24 v _7963_/A2 (sky130_fd_sc_hd__a21o_1)
     3    0.01    0.12    0.72   19.95 v _7963_/X (sky130_fd_sc_hd__a21o_1)
                                         _3217_ (net)
                  0.12    0.00   19.95 v _7987_/A2 (sky130_fd_sc_hd__a21o_1)
     1    0.01    0.11    0.71   20.66 v _7987_/X (sky130_fd_sc_hd__a21o_1)
                                         _3239_ (net)
                  0.11    0.00   20.66 v _7988_/A2 (sky130_fd_sc_hd__a21o_4)
     3    0.01    0.12    0.93   21.59 v _7988_/X (sky130_fd_sc_hd__a21o_4)
                                         _3240_ (net)
                  0.12    0.00   21.59 v _8010_/A2 (sky130_fd_sc_hd__a21o_1)
     1    0.01    0.11    0.71   22.29 v _8010_/X (sky130_fd_sc_hd__a21o_1)
                                         _3260_ (net)
                  0.11    0.00   22.29 v _8011_/A2 (sky130_fd_sc_hd__a21o_4)
     3    0.01    0.11    0.92   23.21 v _8011_/X (sky130_fd_sc_hd__a21o_4)
                                         _3261_ (net)
                  0.11    0.00   23.21 v _8032_/A2 (sky130_fd_sc_hd__a21o_1)
     1    0.01    0.13    0.72   23.93 v _8032_/X (sky130_fd_sc_hd__a21o_1)
                                         _3280_ (net)
                  0.13    0.00   23.93 v _8033_/A2 (sky130_fd_sc_hd__a21o_4)
     3    0.01    0.11    0.93   24.86 v _8033_/X (sky130_fd_sc_hd__a21o_4)
                                         _3281_ (net)
                  0.11    0.00   24.86 v _8055_/A2 (sky130_fd_sc_hd__a21oi_1)
     1    0.01    0.62    0.70   25.55 ^ _8055_/Y (sky130_fd_sc_hd__a21oi_1)
                                         _3301_ (net)
                  0.62    0.00   25.55 ^ _8056_/A2 (sky130_fd_sc_hd__o21bai_2)
     3    0.01    0.18    0.44   25.99 v _8056_/Y (sky130_fd_sc_hd__o21bai_2)
                                         _3302_ (net)
                  0.18    0.00   25.99 v _8072_/A2 (sky130_fd_sc_hd__a21o_4)
     1    0.01    0.12    0.97   26.97 v _8072_/X (sky130_fd_sc_hd__a21o_4)
                                         _3316_ (net)
                  0.12    0.00   26.97 v _8073_/A2 (sky130_fd_sc_hd__a21o_4)
     2    0.01    0.11    0.92   27.89 v _8073_/X (sky130_fd_sc_hd__a21o_4)
                                         _3317_ (net)
                  0.11    0.00   27.89 v _8092_/A2 (sky130_fd_sc_hd__a21o_1)
     1    0.01    0.13    0.72   28.61 v _8092_/X (sky130_fd_sc_hd__a21o_1)
                                         _3334_ (net)
                  0.13    0.00   28.61 v _8093_/A2 (sky130_fd_sc_hd__a21o_4)
     2    0.01    0.12    0.94   29.55 v _8093_/X (sky130_fd_sc_hd__a21o_4)
                                         _3335_ (net)
                  0.12    0.00   29.55 v _8115_/A3 (sky130_fd_sc_hd__a31o_4)
     3    0.01    0.12    1.02   30.57 v _8115_/X (sky130_fd_sc_hd__a31o_4)
                                         _3355_ (net)
                  0.12    0.00   30.57 v _8117_/A_N (sky130_fd_sc_hd__nand2b_1)
     1    0.00    0.13    0.54   31.12 v _8117_/Y (sky130_fd_sc_hd__nand2b_1)
                                         _3357_ (net)
                  0.13    0.00   31.12 v _8122_/A2 (sky130_fd_sc_hd__a31oi_1)
     1    0.01    0.63    0.76   31.87 ^ _8122_/Y (sky130_fd_sc_hd__a31oi_1)
                                         _3362_ (net)
                  0.63    0.00   31.87 ^ _8124_/A2 (sky130_fd_sc_hd__o21ai_0)
     1    0.00    0.12    0.42   32.29 v _8124_/Y (sky130_fd_sc_hd__o21ai_0)
                                         _0267_ (net)
                  0.12    0.00   32.29 v reg_next_pc[28]$_SDFFE_PN0P_/D (sky130_fd_sc_hd__dfxtp_2)
                                 32.29   data arrival time
-----------------------------------------------------------------------------
(Path is unconstrained)


Startpoint: latched_stalu$_SDFFE_PN0P_ (rising edge-triggered flip-flop)
Endpoint: reg_next_pc[26]$_SDFFE_PN0P_ (rising edge-triggered flip-flop)
Path Group: unconstrained
Path Type: max
Corner: slow

Fanout     Cap    Slew   Delay    Time   Description
-----------------------------------------------------------------------------
                  0.98    0.00    0.00 ^ latched_stalu$_SDFFE_PN0P_/CLK (sky130_fd_sc_hd__dfxtp_2)
    33    0.25    4.57    4.98    4.98 ^ latched_stalu$_SDFFE_PN0P_/Q (sky130_fd_sc_hd__dfxtp_2)
                                         latched_stalu (net)
                  4.57    0.00    4.99 ^ _5678_/S (sky130_fd_sc_hd__mux2i_1)
     2    0.01    0.85    2.59    7.58 ^ _5678_/Y (sky130_fd_sc_hd__mux2i_1)
                                         _1273_ (net)
                  0.85    0.00    7.58 ^ _5680_/A2 (sky130_fd_sc_hd__o21a_1)
     5    0.03    1.12    1.40    8.98 ^ _5680_/X (sky130_fd_sc_hd__o21a_1)
                                         _4165_ (net)
                  1.12    0.00    8.98 ^ _5681_/A (sky130_fd_sc_hd__inv_2)
     3    0.01    0.19    0.56    9.54 v _5681_/Y (sky130_fd_sc_hd__inv_2)
                                         _4133_ (net)
                  0.19    0.00    9.54 v _9163_/B (sky130_fd_sc_hd__ha_1)
     1    0.00    0.17    1.40   10.94 v _9163_/SUM (sky130_fd_sc_hd__ha_1)
                                         _4196_ (net)
                  0.17    0.00   10.94 v _7845_/A2 (sky130_fd_sc_hd__a21o_1)
     1    0.01    0.12    0.75   11.69 v _7845_/X (sky130_fd_sc_hd__a21o_1)
                                         _3109_ (net)
                  0.12    0.00   11.69 v _7846_/A2 (sky130_fd_sc_hd__a21oi_1)
     2    0.01    0.75    0.81   12.49 ^ _7846_/Y (sky130_fd_sc_hd__a21oi_1)
                                         _3110_ (net)
                  0.75    0.00   12.49 ^ _7868_/A2 (sky130_fd_sc_hd__o21ai_0)
     1    0.01    0.29    0.63   13.13 v _7868_/Y (sky130_fd_sc_hd__o21ai_0)
                                         _3130_ (net)
                  0.29    0.00   13.13 v _7869_/A2 (sky130_fd_sc_hd__a21oi_2)
     2    0.01    0.68    0.89   14.02 ^ _7869_/Y (sky130_fd_sc_hd__a21oi_2)
                                         _3131_ (net)
                  0.68    0.00   14.02 ^ _7889_/A2 (sky130_fd_sc_hd__o21ai_1)
     1    0.01    0.16    0.46   14.48 v _7889_/Y (sky130_fd_sc_hd__o21ai_1)
                                         _3149_ (net)
                  0.16    0.00   14.48 v _7890_/A2 (sky130_fd_sc_hd__a21oi_1)
     2    0.01    0.80    0.87   15.35 ^ _7890_/Y (sky130_fd_sc_hd__a21oi_1)
                                         _3150_ (net)
                  0.80    0.00   15.36 ^ _7912_/A2 (sky130_fd_sc_hd__o21ai_0)
     1    0.00    0.18    0.55   15.90 v _7912_/Y (sky130_fd_sc_hd__o21ai_0)
                                         _3170_ (net)
                  0.18    0.00   15.90 v _7913_/A2 (sky130_fd_sc_hd__a21oi_1)
     2    0.01    0.79    0.88   16.78 ^ _7913_/Y (sky130_fd_sc_hd__a21oi_1)
                                         _3171_ (net)
                  0.79    0.00   16.78 ^ _7939_/A2 (sky130_fd_sc_hd__o21ai_0)
     1    0.01    0.33    0.68   17.46 v _7939_/Y (sky130_fd_sc_hd__o21ai_0)
                                         _3195_ (net)
                  0.33    0.00   17.46 v _7940_/A2 (sky130_fd_sc_hd__a21o_4)
     3    0.01    0.12    1.06   18.52 v _7940_/X (sky130_fd_sc_hd__a21o_4)
                                         _3196_ (net)
                  0.12    0.00   18.52 v _7962_/A2 (sky130_fd_sc_hd__a21o_1)
     1    0.01    0.12    0.71   19.24 v _7962_/X (sky130_fd_sc_hd__a21o_1)
                                         _3216_ (net)
                  0.12    0.00   19.24 v _7963_/A2 (sky130_fd_sc_hd__a21o_1)
     3    0.01    0.12    0.72   19.95 v _7963_/X (sky130_fd_sc_hd__a21o_1)
                                         _3217_ (net)
                  0.12    0.00   19.95 v _7987_/A2 (sky130_fd_sc_hd__a21o_1)
     1    0.01    0.11    0.71   20.66 v _7987_/X (sky130_fd_sc_hd__a21o_1)
                                         _3239_ (net)
                  0.11    0.00   20.66 v _7988_/A2 (sky130_fd_sc_hd__a21o_4)
     3    0.01    0.12    0.93   21.59 v _7988_/X (sky130_fd_sc_hd__a21o_4)
                                         _3240_ (net)
                  0.12    0.00   21.59 v _8010_/A2 (sky130_fd_sc_hd__a21o_1)
     1    0.01    0.11    0.71   22.29 v _8010_/X (sky130_fd_sc_hd__a21o_1)
                                         _3260_ (net)
                  0.11    0.00   22.29 v _8011_/A2 (sky130_fd_sc_hd__a21o_4)
     3    0.01    0.11    0.92   23.21 v _8011_/X (sky130_fd_sc_hd__a21o_4)
                                         _3261_ (net)
                  0.11    0.00   23.21 v _8032_/A2 (sky130_fd_sc_hd__a21o_1)
     1    0.01    0.13    0.72   23.93 v _8032_/X (sky130_fd_sc_hd__a21o_1)
                                         _3280_ (net)
                  0.13    0.00   23.93 v _8033_/A2 (sky130_fd_sc_hd__a21o_4)
     3    0.01    0.11    0.93   24.86 v _8033_/X (sky130_fd_sc_hd__a21o_4)
                                         _3281_ (net)
                  0.11    0.00   24.86 v _8055_/A2 (sky130_fd_sc_hd__a21oi_1)
     1    0.01    0.62    0.70   25.55 ^ _8055_/Y (sky130_fd_sc_hd__a21oi_1)
                                         _3301_ (net)
                  0.62    0.00   25.55 ^ _8056_/A2 (sky130_fd_sc_hd__o21bai_2)
     3    0.01    0.18    0.44   25.99 v _8056_/Y (sky130_fd_sc_hd__o21bai_2)
                                         _3302_ (net)
                  0.18    0.00   25.99 v _8072_/A2 (sky130_fd_sc_hd__a21o_4)
     1    0.01    0.12    0.97   26.97 v _8072_/X (sky130_fd_sc_hd__a21o_4)
                                         _3316_ (net)
                  0.12    0.00   26.97 v _8073_/A2 (sky130_fd_sc_hd__a21o_4)
     2    0.01    0.11    0.92   27.89 v _8073_/X (sky130_fd_sc_hd__a21o_4)
                                         _3317_ (net)
                  0.11    0.00   27.89 v _8092_/A2 (sky130_fd_sc_hd__a21o_1)
     1    0.01    0.13    0.72   28.61 v _8092_/X (sky130_fd_sc_hd__a21o_1)
                                         _3334_ (net)
                  0.13    0.00   28.61 v _8093_/A2 (sky130_fd_sc_hd__a21o_4)
     2    0.01    0.12    0.94   29.55 v _8093_/X (sky130_fd_sc_hd__a21o_4)
                                         _3335_ (net)
                  0.12    0.00   29.55 v _8094_/B (sky130_fd_sc_hd__xnor2_1)
     1    0.00    0.56    0.62   30.17 ^ _8094_/Y (sky130_fd_sc_hd__xnor2_1)
                                         _3336_ (net)
                  0.56    0.00   30.17 ^ _8098_/A2 (sky130_fd_sc_hd__a22oi_1)
     1    0.01    0.63    0.47   30.64 v _8098_/Y (sky130_fd_sc_hd__a22oi_1)
                                         _3340_ (net)
                  0.63    0.00   30.64 v _8099_/B2 (sky130_fd_sc_hd__a22o_1)
     1    0.00    0.10    1.08   31.72 v _8099_/X (sky130_fd_sc_hd__a22o_1)
                                         _0265_ (net)
                  0.10    0.00   31.72 v reg_next_pc[26]$_SDFFE_PN0P_/D (sky130_fd_sc_hd__dfxtp_2)
                                 31.72   data arrival time
-----------------------------------------------------------------------------
(Path is unconstrained)


Startpoint: latched_stalu$_SDFFE_PN0P_ (rising edge-triggered flip-flop)
Endpoint: reg_next_pc[21]$_SDFFE_PN0P_ (rising edge-triggered flip-flop)
Path Group: unconstrained
Path Type: max
Corner: slow

Fanout     Cap    Slew   Delay    Time   Description
-----------------------------------------------------------------------------
                  0.98    0.00    0.00 ^ latched_stalu$_SDFFE_PN0P_/CLK (sky130_fd_sc_hd__dfxtp_2)
    33    0.25    4.57    4.98    4.98 ^ latched_stalu$_SDFFE_PN0P_/Q (sky130_fd_sc_hd__dfxtp_2)
                                         latched_stalu (net)
                  4.57    0.00    4.99 ^ _5682_/S (sky130_fd_sc_hd__mux2i_1)
     2    0.02    1.70    3.25    8.24 ^ _5682_/Y (sky130_fd_sc_hd__mux2i_1)
                                         _1275_ (net)
                  1.70    0.00    8.24 ^ _5684_/A2 (sky130_fd_sc_hd__o21a_1)
     4    0.02    0.75    1.45    9.69 ^ _5684_/X (sky130_fd_sc_hd__o21a_1)
                                         _1277_ (net)
                  0.75    0.00    9.69 ^ _5685_/A (sky130_fd_sc_hd__inv_1)
     2    0.01    0.16    0.45   10.14 v _5685_/Y (sky130_fd_sc_hd__inv_1)
                                         _4144_ (net)
                  0.16    0.00   10.14 v _9165_/B (sky130_fd_sc_hd__ha_1)
     3    0.01    0.23    1.48   11.61 v _9165_/SUM (sky130_fd_sc_hd__ha_1)
                                         _4200_ (net)
                  0.23    0.00   11.61 v _7858_/B_N (sky130_fd_sc_hd__nor2b_1)
     1    0.00    0.08    0.56   12.17 v _7858_/Y (sky130_fd_sc_hd__nor2b_1)
                                         _3121_ (net)
                  0.08    0.00   12.17 v _7859_/A2 (sky130_fd_sc_hd__o21ai_0)
     2    0.01    1.06    0.99   13.16 ^ _7859_/Y (sky130_fd_sc_hd__o21ai_0)
                                         _3122_ (net)
                  1.06    0.00   13.16 ^ _7862_/A2 (sky130_fd_sc_hd__a21boi_2)
     2    0.01    0.15    0.59   13.75 v _7862_/Y (sky130_fd_sc_hd__a21boi_2)
                                         _3125_ (net)
                  0.15    0.00   13.75 v _7880_/A2 (sky130_fd_sc_hd__o21ai_0)
     2    0.01    1.32    1.23   14.98 ^ _7880_/Y (sky130_fd_sc_hd__o21ai_0)
                                         _3141_ (net)
                  1.32    0.00   14.98 ^ _7883_/A2 (sky130_fd_sc_hd__a21boi_1)
     2    0.01    0.23    0.78   15.76 v _7883_/Y (sky130_fd_sc_hd__a21boi_1)
                                         _3144_ (net)
                  0.23    0.00   15.76 v _7899_/A2 (sky130_fd_sc_hd__o21ai_0)
     2    0.01    0.98    1.01   16.77 ^ _7899_/Y (sky130_fd_sc_hd__o21ai_0)
                                         _3158_ (net)
                  0.98    0.00   16.77 ^ _7900_/A2 (sky130_fd_sc_hd__a21boi_0)
     2    0.01    0.25    0.71   17.48 v _7900_/Y (sky130_fd_sc_hd__a21boi_0)
                                         _3159_ (net)
                  0.25    0.00   17.48 v _7923_/A2 (sky130_fd_sc_hd__o21ai_0)
     2    0.01    1.17    1.17   18.65 ^ _7923_/Y (sky130_fd_sc_hd__o21ai_0)
                                         _3180_ (net)
                  1.17    0.00   18.65 ^ _7924_/A2 (sky130_fd_sc_hd__a21boi_2)
     2    0.01    0.17    0.64   19.29 v _7924_/Y (sky130_fd_sc_hd__a21boi_2)
                                         _3181_ (net)
                  0.17    0.00   19.29 v _7947_/A2 (sky130_fd_sc_hd__o21ai_0)
     2    0.01    1.43    1.32   20.61 ^ _7947_/Y (sky130_fd_sc_hd__o21ai_0)
                                         _3202_ (net)
                  1.43    0.00   20.61 ^ _7948_/A2 (sky130_fd_sc_hd__a21boi_0)
     2    0.01    0.29    0.90   21.52 v _7948_/Y (sky130_fd_sc_hd__a21boi_0)
                                         _3203_ (net)
                  0.29    0.00   21.52 v _7975_/A2 (sky130_fd_sc_hd__o21ai_0)
     2    0.01    1.00    1.05   22.57 ^ _7975_/Y (sky130_fd_sc_hd__o21ai_0)
                                         _3228_ (net)
                  1.00    0.00   22.57 ^ _7976_/A2 (sky130_fd_sc_hd__a21boi_0)
     2    0.00    0.22    0.68   23.25 v _7976_/Y (sky130_fd_sc_hd__a21boi_0)
                                         _3229_ (net)
                  0.22    0.00   23.25 v _7999_/A2 (sky130_fd_sc_hd__o21ai_0)
     2    0.01    1.36    1.29   24.54 ^ _7999_/Y (sky130_fd_sc_hd__o21ai_0)
                                         _3250_ (net)
                  1.36    0.00   24.54 ^ _8000_/A2 (sky130_fd_sc_hd__a21boi_0)
     2    0.01    0.27    0.86   25.40 v _8000_/Y (sky130_fd_sc_hd__a21boi_0)
                                         _3251_ (net)
                  0.27    0.00   25.40 v _8021_/A2 (sky130_fd_sc_hd__o21ai_0)
     2    0.01    1.14    1.16   26.56 ^ _8021_/Y (sky130_fd_sc_hd__o21ai_0)
                                         _3270_ (net)
                  1.14    0.00   26.56 ^ _8022_/A2 (sky130_fd_sc_hd__a21boi_0)
     2    0.01    0.25    0.77   27.33 v _8022_/Y (sky130_fd_sc_hd__a21boi_0)
                                         _3271_ (net)
                  0.25    0.00   27.33 v _8042_/A2 (sky130_fd_sc_hd__o21ai_0)
     2    0.01    1.08    1.10   28.43 ^ _8042_/Y (sky130_fd_sc_hd__o21ai_0)
                                         _3289_ (net)
                  1.08    0.00   28.43 ^ _8044_/A2 (sky130_fd_sc_hd__a21oi_1)
     2    0.01    0.19    0.66   29.09 v _8044_/Y (sky130_fd_sc_hd__a21oi_1)
                                         _3291_ (net)
                  0.19    0.00   29.09 v _8047_/B1 (sky130_fd_sc_hd__o221ai_1)
     1    0.01    0.87    0.97   30.06 ^ _8047_/Y (sky130_fd_sc_hd__o221ai_1)
                                         _3294_ (net)
                  0.87    0.00   30.06 ^ _8048_/B1 (sky130_fd_sc_hd__o21ai_0)
     1    0.00    0.20    0.57   30.63 v _8048_/Y (sky130_fd_sc_hd__o21ai_0)
                                         _3295_ (net)
                  0.20    0.00   30.63 v _8049_/B (sky130_fd_sc_hd__nand2_1)
     1    0.00    0.11    0.24   30.87 ^ _8049_/Y (sky130_fd_sc_hd__nand2_1)
                                         _0260_ (net)
                  0.11    0.00   30.87 ^ reg_next_pc[21]$_SDFFE_PN0P_/D (sky130_fd_sc_hd__dfxtp_1)
                                 30.87   data arrival time
-----------------------------------------------------------------------------
(Path is unconstrained)


Startpoint: latched_stalu$_SDFFE_PN0P_ (rising edge-triggered flip-flop)
Endpoint: reg_next_pc[24]$_SDFFE_PN0P_ (rising edge-triggered flip-flop)
Path Group: unconstrained
Path Type: max
Corner: slow

Fanout     Cap    Slew   Delay    Time   Description
-----------------------------------------------------------------------------
                  0.98    0.00    0.00 ^ latched_stalu$_SDFFE_PN0P_/CLK (sky130_fd_sc_hd__dfxtp_2)
    33    0.25    4.57    4.98    4.98 ^ latched_stalu$_SDFFE_PN0P_/Q (sky130_fd_sc_hd__dfxtp_2)
                                         latched_stalu (net)
                  4.57    0.00    4.99 ^ _5678_/S (sky130_fd_sc_hd__mux2i_1)
     2    0.01    0.85    2.59    7.58 ^ _5678_/Y (sky130_fd_sc_hd__mux2i_1)
                                         _1273_ (net)
                  0.85    0.00    7.58 ^ _5680_/A2 (sky130_fd_sc_hd__o21a_1)
     5    0.03    1.12    1.40    8.98 ^ _5680_/X (sky130_fd_sc_hd__o21a_1)
                                         _4165_ (net)
                  1.12    0.00    8.98 ^ _5681_/A (sky130_fd_sc_hd__inv_2)
     3    0.01    0.19    0.56    9.54 v _5681_/Y (sky130_fd_sc_hd__inv_2)
                                         _4133_ (net)
                  0.19    0.00    9.54 v _9163_/B (sky130_fd_sc_hd__ha_1)
     1    0.00    0.17    1.40   10.94 v _9163_/SUM (sky130_fd_sc_hd__ha_1)
                                         _4196_ (net)
                  0.17    0.00   10.94 v _7845_/A2 (sky130_fd_sc_hd__a21o_1)
     1    0.01    0.12    0.75   11.69 v _7845_/X (sky130_fd_sc_hd__a21o_1)
                                         _3109_ (net)
                  0.12    0.00   11.69 v _7846_/A2 (sky130_fd_sc_hd__a21oi_1)
     2    0.01    0.75    0.81   12.49 ^ _7846_/Y (sky130_fd_sc_hd__a21oi_1)
                                         _3110_ (net)
                  0.75    0.00   12.49 ^ _7868_/A2 (sky130_fd_sc_hd__o21ai_0)
     1    0.01    0.29    0.63   13.13 v _7868_/Y (sky130_fd_sc_hd__o21ai_0)
                                         _3130_ (net)
                  0.29    0.00   13.13 v _7869_/A2 (sky130_fd_sc_hd__a21oi_2)
     2    0.01    0.68    0.89   14.02 ^ _7869_/Y (sky130_fd_sc_hd__a21oi_2)
                                         _3131_ (net)
                  0.68    0.00   14.02 ^ _7889_/A2 (sky130_fd_sc_hd__o21ai_1)
     1    0.01    0.16    0.46   14.48 v _7889_/Y (sky130_fd_sc_hd__o21ai_1)
                                         _3149_ (net)
                  0.16    0.00   14.48 v _7890_/A2 (sky130_fd_sc_hd__a21oi_1)
     2    0.01    0.80    0.87   15.35 ^ _7890_/Y (sky130_fd_sc_hd__a21oi_1)
                                         _3150_ (net)
                  0.80    0.00   15.36 ^ _7912_/A2 (sky130_fd_sc_hd__o21ai_0)
     1    0.00    0.18    0.55   15.90 v _7912_/Y (sky130_fd_sc_hd__o21ai_0)
                                         _3170_ (net)
                  0.18    0.00   15.90 v _7913_/A2 (sky130_fd_sc_hd__a21oi_1)
     2    0.01    0.79    0.88   16.78 ^ _7913_/Y (sky130_fd_sc_hd__a21oi_1)
                                         _3171_ (net)
                  0.79    0.00   16.78 ^ _7939_/A2 (sky130_fd_sc_hd__o21ai_0)
     1    0.01    0.33    0.68   17.46 v _7939_/Y (sky130_fd_sc_hd__o21ai_0)
                                         _3195_ (net)
                  0.33    0.00   17.46 v _7940_/A2 (sky130_fd_sc_hd__a21o_4)
     3    0.01    0.12    1.06   18.52 v _7940_/X (sky130_fd_sc_hd__a21o_4)
                                         _3196_ (net)
                  0.12    0.00   18.52 v _7962_/A2 (sky130_fd_sc_hd__a21o_1)
     1    0.01    0.12    0.71   19.24 v _7962_/X (sky130_fd_sc_hd__a21o_1)
                                         _3216_ (net)
                  0.12    0.00   19.24 v _7963_/A2 (sky130_fd_sc_hd__a21o_1)
     3    0.01    0.12    0.72   19.95 v _7963_/X (sky130_fd_sc_hd__a21o_1)
                                         _3217_ (net)
                  0.12    0.00   19.95 v _7987_/A2 (sky130_fd_sc_hd__a21o_1)
     1    0.01    0.11    0.71   20.66 v _7987_/X (sky130_fd_sc_hd__a21o_1)
                                         _3239_ (net)
                  0.11    0.00   20.66 v _7988_/A2 (sky130_fd_sc_hd__a21o_4)
     3    0.01    0.12    0.93   21.59 v _7988_/X (sky130_fd_sc_hd__a21o_4)
                                         _3240_ (net)
                  0.12    0.00   21.59 v _8010_/A2 (sky130_fd_sc_hd__a21o_1)
     1    0.01    0.11    0.71   22.29 v _8010_/X (sky130_fd_sc_hd__a21o_1)
                                         _3260_ (net)
                  0.11    0.00   22.29 v _8011_/A2 (sky130_fd_sc_hd__a21o_4)
     3    0.01    0.11    0.92   23.21 v _8011_/X (sky130_fd_sc_hd__a21o_4)
                                         _3261_ (net)
                  0.11    0.00   23.21 v _8032_/A2 (sky130_fd_sc_hd__a21o_1)
     1    0.01    0.13    0.72   23.93 v _8032_/X (sky130_fd_sc_hd__a21o_1)
                                         _3280_ (net)
                  0.13    0.00   23.93 v _8033_/A2 (sky130_fd_sc_hd__a21o_4)
     3    0.01    0.11    0.93   24.86 v _8033_/X (sky130_fd_sc_hd__a21o_4)
                                         _3281_ (net)
                  0.11    0.00   24.86 v _8055_/A2 (sky130_fd_sc_hd__a21oi_1)
     1    0.01    0.62    0.70   25.55 ^ _8055_/Y (sky130_fd_sc_hd__a21oi_1)
                                         _3301_ (net)
                  0.62    0.00   25.55 ^ _8056_/A2 (sky130_fd_sc_hd__o21bai_2)
     3    0.01    0.18    0.44   25.99 v _8056_/Y (sky130_fd_sc_hd__o21bai_2)
                                         _3302_ (net)
                  0.18    0.00   25.99 v _8072_/A2 (sky130_fd_sc_hd__a21o_4)
     1    0.01    0.12    0.97   26.97 v _8072_/X (sky130_fd_sc_hd__a21o_4)
                                         _3316_ (net)
                  0.12    0.00   26.97 v _8073_/A2 (sky130_fd_sc_hd__a21o_4)
     2    0.01    0.11    0.92   27.89 v _8073_/X (sky130_fd_sc_hd__a21o_4)
                                         _3317_ (net)
                  0.11    0.00   27.89 v _8074_/B (sky130_fd_sc_hd__xnor2_1)
     1    0.00    0.46    0.54   28.43 ^ _8074_/Y (sky130_fd_sc_hd__xnor2_1)
                                         _3318_ (net)
                  0.46    0.00   28.43 ^ _8078_/A2 (sky130_fd_sc_hd__a21oi_1)
     1    0.00    0.51    0.33   28.76 v _8078_/Y (sky130_fd_sc_hd__a21oi_1)
                                         _3322_ (net)
                  0.51    0.00   28.76 v _8079_/B1 (sky130_fd_sc_hd__a21o_1)
     1    0.00    0.07    0.82   29.58 v _8079_/X (sky130_fd_sc_hd__a21o_1)
                                         _0263_ (net)
                  0.07    0.00   29.58 v reg_next_pc[24]$_SDFFE_PN0P_/D (sky130_fd_sc_hd__dfxtp_2)
                                 29.58   data arrival time
-----------------------------------------------------------------------------
(Path is unconstrained)


