| INFO     | job0 | cts.repair_timing    | 0 | Tool 'openroad' found with version 'v2.0-20575' in directory '/sc_tools/bin'
| INFO     | job0 | cts.repair_timing    | 0 | Running in /nfs/sc_compute/builds/03ceb3a4f0e94730a95a08d439e9c2e9/picorv32/job0/cts.repair_timing/0
| INFO     | job0 | cts.repair_timing    | 0 | openroad -no_init -metrics reports/metrics.json -exit /venv/lib/python3.10/site-packages/siliconcompiler/tools/openroad/scripts/apr/sc_repair_timing.tcl
| INFO     | job0 | cts.repair_timing    | 0 | OpenROAD v2.0-20575-ge78e29127
| INFO     | job0 | cts.repair_timing    | 0 | Features included (+) or not (-): +GPU +GUI +Python
| INFO     | job0 | cts.repair_timing    | 0 | This program is licensed under the BSD-3 license. See the LICENSE file for details.
| INFO     | job0 | cts.repair_timing    | 0 | Components of this program may be licensed under more restrictive licenses which must be honored.
| INFO     | job0 | cts.repair_timing    | 0 | ##############################
| INFO     | job0 | cts.repair_timing    | 0 | # Schema Adapter
| INFO     | job0 | cts.repair_timing    | 0 | ###############################
| INFO     | job0 | cts.repair_timing    | 0 | set sc_step [sc_cfg_get arg step]
| INFO     | job0 | cts.repair_timing    | 0 | set sc_index [sc_cfg_get arg index]
| INFO     | job0 | cts.repair_timing    | 0 | set sc_flow [sc_cfg_get option flow]
| INFO     | job0 | cts.repair_timing    | 0 | set sc_tool [sc_cfg_get flowgraph $sc_flow $sc_step $sc_index tool]
| INFO     | job0 | cts.repair_timing    | 0 | set sc_task [sc_cfg_get flowgraph $sc_flow $sc_step $sc_index task]
| INFO     | job0 | cts.repair_timing    | 0 | set sc_refdir [sc_cfg_tool_task_get refdir]
| INFO     | job0 | cts.repair_timing    | 0 | ##############################
| INFO     | job0 | cts.repair_timing    | 0 | # Setup debugging
| INFO     | job0 | cts.repair_timing    | 0 | ###############################
| INFO     | job0 | cts.repair_timing    | 0 | source -echo "$sc_refdir/common/debugging.tcl"
| INFO     | job0 | cts.repair_timing    | 0 | ###############################
| INFO     | job0 | cts.repair_timing    | 0 | # Setup debugging if requested
| INFO     | job0 | cts.repair_timing    | 0 | ###############################
| INFO     | job0 | cts.repair_timing    | 0 | if { [llength [sc_cfg_tool_task_get {var} debug_level]] > 0 } {
| INFO     | job0 | cts.repair_timing    | 0 |     foreach debug [sc_cfg_tool_task_get {var} debug_level] {
| INFO     | job0 | cts.repair_timing    | 0 |         lassign [split $debug " "] debug_tool debug_category debug_level
| INFO     | job0 | cts.repair_timing    | 0 |         utl::info FLW 1 "Setting debugging for $debug_tool/$debug_category/$debug_level"
| INFO     | job0 | cts.repair_timing    | 0 |         set_debug_level $debug_tool $debug_category $debug_level
| INFO     | job0 | cts.repair_timing    | 0 |     }
| INFO     | job0 | cts.repair_timing    | 0 | }
| INFO     | job0 | cts.repair_timing    | 0 | ###############################
| INFO     | job0 | cts.repair_timing    | 0 | # Suppress messages if requested
| INFO     | job0 | cts.repair_timing    | 0 | ###############################
| INFO     | job0 | cts.repair_timing    | 0 | foreach msg [sc_cfg_tool_task_get warningoff] {
| INFO     | job0 | cts.repair_timing    | 0 |     set or_msg [split $msg "-"]
| INFO     | job0 | cts.repair_timing    | 0 |     if { [llength $or_msg] != 2 } {
| INFO     | job0 | cts.repair_timing    | 0 |         utl::warn FLW 1 "$msg is not a valid message id"
| INFO     | job0 | cts.repair_timing    | 0 |     } else {
| INFO     | job0 | cts.repair_timing    | 0 |         set or_tool [lindex $or_msg 0]
| INFO     | job0 | cts.repair_timing    | 0 |         set or_msg_id [expr { int([lindex $or_msg 1]) }]
| INFO     | job0 | cts.repair_timing    | 0 |         utl::info FLW 1 "Suppressing $msg messages"
| INFO     | job0 | cts.repair_timing    | 0 |         suppress_message $or_tool $or_msg_id
| INFO     | job0 | cts.repair_timing    | 0 |     }
| INFO     | job0 | cts.repair_timing    | 0 | }
| INFO     | job0 | cts.repair_timing    | 0 | ###############################
| INFO     | job0 | cts.repair_timing    | 0 | # Setup helper functions
| INFO     | job0 | cts.repair_timing    | 0 | ###############################
| INFO     | job0 | cts.repair_timing    | 0 | source "$sc_refdir/common/procs.tcl"
| INFO     | job0 | cts.repair_timing    | 0 | ###############################
| INFO     | job0 | cts.repair_timing    | 0 | # Design information
| INFO     | job0 | cts.repair_timing    | 0 | ###############################
| INFO     | job0 | cts.repair_timing    | 0 | # Design
| INFO     | job0 | cts.repair_timing    | 0 | set sc_design [sc_top]
| INFO     | job0 | cts.repair_timing    | 0 | set sc_optmode [sc_cfg_get option optmode]
| INFO     | job0 | cts.repair_timing    | 0 | set sc_pdk [sc_cfg_get option pdk]
| INFO     | job0 | cts.repair_timing    | 0 | set sc_stackup [sc_cfg_get option stackup]
| INFO     | job0 | cts.repair_timing    | 0 | # APR Parameters
| INFO     | job0 | cts.repair_timing    | 0 | set sc_targetlibs [sc_get_asic_libraries logic]
| INFO     | job0 | cts.repair_timing    | 0 | set sc_mainlib [lindex $sc_targetlibs 0]
| INFO     | job0 | cts.repair_timing    | 0 | set sc_delaymodel [sc_cfg_get asic delaymodel]
| INFO     | job0 | cts.repair_timing    | 0 | # Hard macro libraries
| INFO     | job0 | cts.repair_timing    | 0 | set sc_macrolibs [sc_get_asic_libraries macro]
| INFO     | job0 | cts.repair_timing    | 0 | # Threads
| INFO     | job0 | cts.repair_timing    | 0 | set_thread_count [sc_cfg_tool_task_get threads]
| INFO     | job0 | cts.repair_timing    | 0 | [INFO ORD-0030] Using 2 thread(s).
| INFO     | job0 | cts.repair_timing    | 0 | ###############################
| INFO     | job0 | cts.repair_timing    | 0 | # Read Files
| INFO     | job0 | cts.repair_timing    | 0 | ###############################
| INFO     | job0 | cts.repair_timing    | 0 | source -echo "$sc_refdir/common/read_liberty.tcl"
| INFO     | job0 | cts.repair_timing    | 0 | set sc_scenarios [dict keys [sc_cfg_get constraint timing]]
| INFO     | job0 | cts.repair_timing    | 0 | set sc_delaymodel [sc_cfg_get asic delaymodel]
| INFO     | job0 | cts.repair_timing    | 0 | # Read Liberty
| INFO     | job0 | cts.repair_timing    | 0 | utl::info FLW 1 "Defining timing corners: $sc_scenarios"
| INFO     | job0 | cts.repair_timing    | 0 | [INFO FLW-0001] Defining timing corners: slow fast typical
| INFO     | job0 | cts.repair_timing    | 0 | define_corners {*}$sc_scenarios
| INFO     | job0 | cts.repair_timing    | 0 | foreach lib "$sc_targetlibs $sc_macrolibs" {
| INFO     | job0 | cts.repair_timing    | 0 |     #Liberty
| INFO     | job0 | cts.repair_timing    | 0 |     foreach corner $sc_scenarios {
| INFO     | job0 | cts.repair_timing    | 0 |         foreach libcorner [sc_cfg_get constraint timing $corner libcorner] {
| INFO     | job0 | cts.repair_timing    | 0 |             if { [sc_cfg_exists library $lib output $libcorner $sc_delaymodel] } {
| INFO     | job0 | cts.repair_timing    | 0 |                 foreach lib_file [sc_cfg_get library $lib output $libcorner $sc_delaymodel] {
| INFO     | job0 | cts.repair_timing    | 0 |                     puts "Reading liberty file for ${corner} ($libcorner): ${lib_file}"
| INFO     | job0 | cts.repair_timing    | 0 |                     read_liberty -corner $corner $lib_file
| INFO     | job0 | cts.repair_timing    | 0 |                 }
| INFO     | job0 | cts.repair_timing    | 0 |                 break
| INFO     | job0 | cts.repair_timing    | 0 |             }
| INFO     | job0 | cts.repair_timing    | 0 |         }
| INFO     | job0 | cts.repair_timing    | 0 |     }
| INFO     | job0 | cts.repair_timing    | 0 | }
| INFO     | job0 | cts.repair_timing    | 0 | Reading liberty file for slow (slow): /nfs/sc_compute/cache/lambdapdk-v0.1.50/lambdapdk/sky130/libs/sky130hd/nldm/sky130_fd_sc_hd__ss_n40C_1v40.lib.gz
| INFO     | job0 | cts.repair_timing    | 0 | Reading liberty file for fast (fast): /nfs/sc_compute/cache/lambdapdk-v0.1.50/lambdapdk/sky130/libs/sky130hd/nldm/sky130_fd_sc_hd__ff_100C_1v95.lib.gz
| INFO     | job0 | cts.repair_timing    | 0 | Reading liberty file for typical (typical): /nfs/sc_compute/cache/lambdapdk-v0.1.50/lambdapdk/sky130/libs/sky130hd/nldm/sky130_fd_sc_hd__tt_025C_1v80.lib.gz
| INFO     | job0 | cts.repair_timing    | 0 | source -echo "$sc_refdir/common/read_input_files.tcl"
| INFO     | job0 | cts.repair_timing    | 0 | ###############################
| INFO     | job0 | cts.repair_timing    | 0 | # Read design files
| INFO     | job0 | cts.repair_timing    | 0 | ###############################
| INFO     | job0 | cts.repair_timing    | 0 | if { [sc_has_input_files odb "input layout odb"] } {
| INFO     | job0 | cts.repair_timing    | 0 |     foreach odb_file [sc_get_input_files odb "input layout odb"] {
| INFO     | job0 | cts.repair_timing    | 0 |         puts "Reading ODB: ${odb_file}"
| INFO     | job0 | cts.repair_timing    | 0 |         read_db $odb_file
| INFO     | job0 | cts.repair_timing    | 0 |     }
| INFO     | job0 | cts.repair_timing    | 0 | } else {
| INFO     | job0 | cts.repair_timing    | 0 |     set sc_libtype [sc_cfg_get library $sc_mainlib asic libarch]
| INFO     | job0 | cts.repair_timing    | 0 |     set sc_techlef [sc_cfg_get pdk $sc_pdk aprtech openroad $sc_stackup $sc_libtype lef]
| INFO     | job0 | cts.repair_timing    | 0 |     # Read techlef
| INFO     | job0 | cts.repair_timing    | 0 |     puts "Reading techlef: ${sc_techlef}"
| INFO     | job0 | cts.repair_timing    | 0 |     read_lef $sc_techlef
| INFO     | job0 | cts.repair_timing    | 0 |     # Read Lefs
| INFO     | job0 | cts.repair_timing    | 0 |     foreach lib "$sc_targetlibs $sc_macrolibs" {
| INFO     | job0 | cts.repair_timing    | 0 |         foreach lef_file [sc_cfg_get library $lib output $sc_stackup lef] {
| INFO     | job0 | cts.repair_timing    | 0 |             puts "Reading lef: ${lef_file}"
| INFO     | job0 | cts.repair_timing    | 0 |             read_lef $lef_file
| INFO     | job0 | cts.repair_timing    | 0 |         }
| INFO     | job0 | cts.repair_timing    | 0 |     }
| INFO     | job0 | cts.repair_timing    | 0 |     if { [file exists "inputs/${sc_design}.def"] } {
| INFO     | job0 | cts.repair_timing    | 0 |         # Read DEF
| INFO     | job0 | cts.repair_timing    | 0 |         # get from previous step
| INFO     | job0 | cts.repair_timing    | 0 |         puts "Reading DEF: inputs/${sc_design}.def"
| INFO     | job0 | cts.repair_timing    | 0 |         read_def "inputs/${sc_design}.def"
| INFO     | job0 | cts.repair_timing    | 0 |     } elseif { [sc_cfg_exists input layout def] } {
| INFO     | job0 | cts.repair_timing    | 0 |         # Read DEF
| INFO     | job0 | cts.repair_timing    | 0 |         set sc_def [lindex [sc_cfg_get input layout def] 0]
| INFO     | job0 | cts.repair_timing    | 0 |         puts "Reading DEF: ${sc_def}"
| INFO     | job0 | cts.repair_timing    | 0 |         read_def $sc_def
| INFO     | job0 | cts.repair_timing    | 0 |     } elseif { [file exists "inputs/${sc_design}.vg"] } {
| INFO     | job0 | cts.repair_timing    | 0 |         # Read Verilog
| INFO     | job0 | cts.repair_timing    | 0 |         puts "Reading netlist verilog: inputs/${sc_design}.vg"
| INFO     | job0 | cts.repair_timing    | 0 |         read_verilog "inputs/${sc_design}.vg"
| INFO     | job0 | cts.repair_timing    | 0 |         link_design $sc_design
| INFO     | job0 | cts.repair_timing    | 0 |     } elseif { [sc_cfg_exists input netlist verilog] } {
| INFO     | job0 | cts.repair_timing    | 0 |         # Read Verilog
| INFO     | job0 | cts.repair_timing    | 0 |         foreach netlist [sc_cfg_get input netlist verilog] {
| INFO     | job0 | cts.repair_timing    | 0 |             puts "Reading netlist verilog: ${netlist}"
| INFO     | job0 | cts.repair_timing    | 0 |             read_verilog $netlist
| INFO     | job0 | cts.repair_timing    | 0 |         }
| INFO     | job0 | cts.repair_timing    | 0 |         link_design $sc_design
| INFO     | job0 | cts.repair_timing    | 0 |     } else {
| INFO     | job0 | cts.repair_timing    | 0 |         utl::error FLW 1 "No input files available"
| INFO     | job0 | cts.repair_timing    | 0 |     }
| INFO     | job0 | cts.repair_timing    | 0 |     # Handle global connect setup
| INFO     | job0 | cts.repair_timing    | 0 |     if { [sc_cfg_tool_task_exists {file} global_connect] } {
| INFO     | job0 | cts.repair_timing    | 0 |         foreach global_connect [sc_cfg_tool_task_get {file} global_connect] {
| INFO     | job0 | cts.repair_timing    | 0 |             puts "Loading global connect configuration: ${global_connect}"
| INFO     | job0 | cts.repair_timing    | 0 |             source $global_connect
| INFO     | job0 | cts.repair_timing    | 0 |         }
| INFO     | job0 | cts.repair_timing    | 0 |     }
| INFO     | job0 | cts.repair_timing    | 0 |     tee -file reports/global_connections.rpt {report_global_connect}
| INFO     | job0 | cts.repair_timing    | 0 | }
| INFO     | job0 | cts.repair_timing    | 0 | Reading ODB: inputs/picorv32.odb
| INFO     | job0 | cts.repair_timing    | 0 | source -echo "$sc_refdir/common/read_timing_constraints.tcl"
| INFO     | job0 | cts.repair_timing    | 0 | ###############################
| INFO     | job0 | cts.repair_timing    | 0 | # Read timing constraints
| INFO     | job0 | cts.repair_timing    | 0 | ###############################
| INFO     | job0 | cts.repair_timing    | 0 | if { [sc_has_input_files sdc "input constraint sdc"] } {
| INFO     | job0 | cts.repair_timing    | 0 |     foreach sdc [sc_get_input_files sdc "input constraint sdc"] {
| INFO     | job0 | cts.repair_timing    | 0 |         puts "Reading SDC: ${sdc}"
| INFO     | job0 | cts.repair_timing    | 0 |         read_sdc $sdc
| INFO     | job0 | cts.repair_timing    | 0 |     }
| INFO     | job0 | cts.repair_timing    | 0 | } else {
| INFO     | job0 | cts.repair_timing    | 0 |     # fall back on default auto generated constraints file
| INFO     | job0 | cts.repair_timing    | 0 |     set sdc [sc_cfg_tool_task_get {file} opensta_generic_sdc]
| INFO     | job0 | cts.repair_timing    | 0 |     puts "Reading SDC: ${sdc}"
| INFO     | job0 | cts.repair_timing    | 0 |     utl::warn FLW 1 "Defaulting back to default SDC"
| INFO     | job0 | cts.repair_timing    | 0 |     read_sdc "${sdc}"
| INFO     | job0 | cts.repair_timing    | 0 | }
| INFO     | job0 | cts.repair_timing    | 0 | Reading SDC: inputs/picorv32.sdc
| INFO     | job0 | cts.repair_timing    | 0 | ###############################
| INFO     | job0 | cts.repair_timing    | 0 | # Common Setup
| INFO     | job0 | cts.repair_timing    | 0 | ###############################
| INFO     | job0 | cts.repair_timing    | 0 | sc_setup_sta
| INFO     | job0 | cts.repair_timing    | 0 | [WARNING FLW-0001] No clocks defined.
| INFO     | job0 | cts.repair_timing    | 0 | sc_setup_parasitics
| INFO     | job0 | cts.repair_timing    | 0 | [INFO FLW-0001] Using met5 for clock parasitics estimation
| INFO     | job0 | cts.repair_timing    | 0 | [INFO FLW-0001] Using met2 for signal parasitics estimation
| INFO     | job0 | cts.repair_timing    | 0 | sc_set_dont_use
| INFO     | job0 | cts.repair_timing    | 0 | sc_setup_global_routing
| INFO     | job0 | cts.repair_timing    | 0 | [INFO FLW-0001] Setting global routing adjustment for li1 to 100.0%
| INFO     | job0 | cts.repair_timing    | 0 | [INFO FLW-0001] Setting global routing adjustment for met1 to 40.0%
| INFO     | job0 | cts.repair_timing    | 0 | [INFO FLW-0001] Setting global routing adjustment for met2 to 40.0%
| INFO     | job0 | cts.repair_timing    | 0 | [INFO FLW-0001] Setting global routing adjustment for met3 to 30.0%
| INFO     | job0 | cts.repair_timing    | 0 | [INFO FLW-0001] Setting global routing adjustment for met4 to 30.0%
| INFO     | job0 | cts.repair_timing    | 0 | [INFO FLW-0001] Setting global routing adjustment for met5 to 30.0%
| INFO     | job0 | cts.repair_timing    | 0 | # Store incoming markers to avoid rewriting them
| INFO     | job0 | cts.repair_timing    | 0 | set sc_starting_markers []
| INFO     | job0 | cts.repair_timing    | 0 | foreach markerdb [[ord::get_db_block] getMarkerCategories] {
| INFO     | job0 | cts.repair_timing    | 0 |     lappend sc_starting_markers [$markerdb getName]
| INFO     | job0 | cts.repair_timing    | 0 | }
| INFO     | job0 | cts.repair_timing    | 0 | ###############################
| INFO     | job0 | cts.repair_timing    | 0 | # Source Step Script
| INFO     | job0 | cts.repair_timing    | 0 | ###############################
| INFO     | job0 | cts.repair_timing    | 0 | report_units_metric
| INFO     | job0 | cts.repair_timing    | 0 | utl::push_metrics_stage "sc__prestep__{}"
| INFO     | job0 | cts.repair_timing    | 0 | if { [sc_cfg_tool_task_exists prescript] } {
| INFO     | job0 | cts.repair_timing    | 0 |     foreach sc_pre_script [sc_cfg_tool_task_get prescript] {
| INFO     | job0 | cts.repair_timing    | 0 |         puts "Sourcing pre script: ${sc_pre_script}"
| INFO     | job0 | cts.repair_timing    | 0 |         source -echo $sc_pre_script
| INFO     | job0 | cts.repair_timing    | 0 |     }
| INFO     | job0 | cts.repair_timing    | 0 | }
| INFO     | job0 | cts.repair_timing    | 0 | utl::pop_metrics_stage
| INFO     | job0 | cts.repair_timing    | 0 | utl::push_metrics_stage "sc__step__{}"
| INFO     | job0 | cts.repair_timing    | 0 | set openroad_dont_touch {}
| INFO     | job0 | cts.repair_timing    | 0 | if { [sc_cfg_tool_task_exists {var} dont_touch] } {
| INFO     | job0 | cts.repair_timing    | 0 |     set openroad_dont_touch [sc_cfg_tool_task_get {var} dont_touch]
| INFO     | job0 | cts.repair_timing    | 0 | }
| INFO     | job0 | cts.repair_timing    | 0 | if { [llength $openroad_dont_touch] > 0 } {
| INFO     | job0 | cts.repair_timing    | 0 |     # set don't touch list
| INFO     | job0 | cts.repair_timing    | 0 |     set_dont_touch $openroad_dont_touch
| INFO     | job0 | cts.repair_timing    | 0 | }
| INFO     | job0 | cts.repair_timing    | 0 | tee -quiet -file reports/dont_touch.start.rpt {report_dont_touch}
| INFO     | job0 | cts.repair_timing    | 0 | tee -quiet -file reports/dont_use.start.rpt {report_dont_use}
| INFO     | job0 | cts.repair_timing    | 0 | tee -file reports/global_connections.start.rpt {report_global_connect}
| INFO     | job0 | cts.repair_timing    | 0 | Global connection rules: 2
| INFO     | job0 | cts.repair_timing    | 0 |   Instances: ".*" with pins "VPWR" connect to "VDD"
| INFO     | job0 | cts.repair_timing    | 0 |   Instances: ".*" with pins "VGND" connect to "VSS"
| INFO     | job0 | cts.repair_timing    | 0 | Dont use report: reports/dont_use.repair_timing.drv.rpt
| INFO     | job0 | cts.repair_timing    | 0 | repair_design siliconcompiler arguments: -cap_margin 0.0 -slew_margin 0.0
| INFO     | job0 | cts.repair_timing    | 0 | [INFO RSZ-0058] Using max wire length 4718um.
| INFO     | job0 | cts.repair_timing    | 0 | Iteration |   Area    | Resized | Buffers | Nets repaired | Remaining
| INFO     | job0 | cts.repair_timing    | 0 | ---------------------------------------------------------------------
| INFO     | job0 | cts.repair_timing    | 0 |         0 |     +0.0% |       0 |       0 |             0 |      7659
| INFO     | job0 | cts.repair_timing    | 0 |      1000 |     +0.1% |      99 |       0 |             0 |      6659
| INFO     | job0 | cts.repair_timing    | 0 |      2000 |     +1.5% |     383 |       0 |             0 |      5659
| INFO     | job0 | cts.repair_timing    | 0 |      3000 |     +2.1% |     619 |       1 |             1 |      4659
| INFO     | job0 | cts.repair_timing    | 0 |      4000 |     +2.6% |     835 |       4 |             4 |      3659
| INFO     | job0 | cts.repair_timing    | 0 |      5000 |     +3.5% |    1045 |       8 |             5 |      2659
| INFO     | job0 | cts.repair_timing    | 0 |      6000 |     +4.4% |    1354 |       8 |             5 |      1659
| INFO     | job0 | cts.repair_timing    | 0 |      7000 |     +4.5% |    1762 |       8 |             5 |       659
| INFO     | job0 | cts.repair_timing    | 0 |     final |     +4.5% |    1880 |       8 |             5 |         0
| INFO     | job0 | cts.repair_timing    | 0 | ---------------------------------------------------------------------
| INFO     | job0 | cts.repair_timing    | 0 | [INFO RSZ-0034] Found 4 slew violations.
| INFO     | job0 | cts.repair_timing    | 0 | [INFO RSZ-0036] Found 4 capacitance violations.
| INFO     | job0 | cts.repair_timing    | 0 | [INFO RSZ-0039] Resized 1880 instances.
| INFO     | job0 | cts.repair_timing    | 0 | [INFO RSZ-0038] Inserted 8 buffers in 5 nets.
| INFO     | job0 | cts.repair_timing    | 0 | Placement Analysis
| INFO     | job0 | cts.repair_timing    | 0 | ---------------------------------
| INFO     | job0 | cts.repair_timing    | 0 | total displacement       8706.7 u
| INFO     | job0 | cts.repair_timing    | 0 | average displacement        0.9 u
| INFO     | job0 | cts.repair_timing    | 0 | max displacement           43.2 u
| INFO     | job0 | cts.repair_timing    | 0 | original HPWL          250553.6 u
| INFO     | job0 | cts.repair_timing    | 0 | legalized HPWL         263672.5 u
| INFO     | job0 | cts.repair_timing    | 0 | delta HPWL                    5 %
| INFO     | job0 | cts.repair_timing    | 0 | 
| INFO     | job0 | cts.repair_timing    | 0 | Dont use report: reports/dont_use.repair_timing.setup.rpt
| INFO     | job0 | cts.repair_timing    | 0 | repair_timing siliconcompiler arguments: -skip_pin_swap -skip_gate_cloning
| INFO     | job0 | cts.repair_timing    | 0 | [INFO RSZ-0098] No setup violations found
| INFO     | job0 | cts.repair_timing    | 0 | Placement Analysis
| INFO     | job0 | cts.repair_timing    | 0 | ---------------------------------
| INFO     | job0 | cts.repair_timing    | 0 | total displacement          0.0 u
| INFO     | job0 | cts.repair_timing    | 0 | average displacement        0.0 u
| INFO     | job0 | cts.repair_timing    | 0 | max displacement            0.0 u
| INFO     | job0 | cts.repair_timing    | 0 | original HPWL          263672.5 u
| INFO     | job0 | cts.repair_timing    | 0 | legalized HPWL         263672.5 u
| INFO     | job0 | cts.repair_timing    | 0 | delta HPWL                    0 %
| INFO     | job0 | cts.repair_timing    | 0 | 
| INFO     | job0 | cts.repair_timing    | 0 | Dont use report: reports/dont_use.repair_timing.hold.rpt
| INFO     | job0 | cts.repair_timing    | 0 | repair_timing siliconcompiler arguments: -skip_pin_swap -skip_gate_cloning
| INFO     | job0 | cts.repair_timing    | 0 | [INFO RSZ-0033] No hold violations found.
| INFO     | job0 | cts.repair_timing    | 0 | Placement Analysis
| INFO     | job0 | cts.repair_timing    | 0 | ---------------------------------
| INFO     | job0 | cts.repair_timing    | 0 | total displacement          0.0 u
| INFO     | job0 | cts.repair_timing    | 0 | average displacement        0.0 u
| INFO     | job0 | cts.repair_timing    | 0 | max displacement            0.0 u
| INFO     | job0 | cts.repair_timing    | 0 | original HPWL          263672.5 u
| INFO     | job0 | cts.repair_timing    | 0 | legalized HPWL         263672.5 u
| INFO     | job0 | cts.repair_timing    | 0 | delta HPWL                    0 %
| INFO     | job0 | cts.repair_timing    | 0 | 
| INFO     | job0 | cts.repair_timing    | 0 | Dont use report: reports/dont_use.repair_timing.power.rpt
| INFO     | job0 | cts.repair_timing    | 0 | repair_timing siliconcompiler arguments: -skip_pin_swap -skip_gate_cloning
| INFO     | job0 | cts.repair_timing    | 0 | Iteration |   Area    |  Resized |   WNS    | Endpt
| INFO     | job0 | cts.repair_timing    | 0 | ---------------------------------------------------
| INFO     | job0 | cts.repair_timing    | 0 |         0 |     +0.0% |        0 |      INF |
| INFO     | job0 | cts.repair_timing    | 0 |     final |     +0.0% |        0 |      INF |
| INFO     | job0 | cts.repair_timing    | 0 | ---------------------------------------------------
| INFO     | job0 | cts.repair_timing    | 0 | Placement Analysis
| INFO     | job0 | cts.repair_timing    | 0 | ---------------------------------
| INFO     | job0 | cts.repair_timing    | 0 | total displacement          0.0 u
| INFO     | job0 | cts.repair_timing    | 0 | average displacement        0.0 u
| INFO     | job0 | cts.repair_timing    | 0 | max displacement            0.0 u
| INFO     | job0 | cts.repair_timing    | 0 | original HPWL          263672.5 u
| INFO     | job0 | cts.repair_timing    | 0 | legalized HPWL         263672.5 u
| INFO     | job0 | cts.repair_timing    | 0 | delta HPWL                    0 %
| INFO     | job0 | cts.repair_timing    | 0 | 
| INFO     | job0 | cts.repair_timing    | 0 | if { [llength $openroad_dont_touch] > 0 } {
| INFO     | job0 | cts.repair_timing    | 0 |     # unset for next step
| INFO     | job0 | cts.repair_timing    | 0 |     unset_dont_touch $openroad_dont_touch
| INFO     | job0 | cts.repair_timing    | 0 | }
| INFO     | job0 | cts.repair_timing    | 0 | utl::pop_metrics_stage
| INFO     | job0 | cts.repair_timing    | 0 | utl::push_metrics_stage "sc__poststep__{}"
| INFO     | job0 | cts.repair_timing    | 0 | if { [sc_cfg_tool_task_exists postscript] } {
| INFO     | job0 | cts.repair_timing    | 0 |     foreach sc_post_script [sc_cfg_tool_task_get postscript] {
| INFO     | job0 | cts.repair_timing    | 0 |         puts "Sourcing post script: ${sc_post_script}"
| INFO     | job0 | cts.repair_timing    | 0 |         source -echo $sc_post_script
| INFO     | job0 | cts.repair_timing    | 0 |     }
| INFO     | job0 | cts.repair_timing    | 0 | }
| INFO     | job0 | cts.repair_timing    | 0 | utl::pop_metrics_stage
| INFO     | job0 | cts.repair_timing    | 0 | ###############################
| INFO     | job0 | cts.repair_timing    | 0 | # Write Design Data
| INFO     | job0 | cts.repair_timing    | 0 | ###############################
| INFO     | job0 | cts.repair_timing    | 0 | utl::push_metrics_stage "sc__write__{}"
| INFO     | job0 | cts.repair_timing    | 0 | source "$sc_refdir/common/write_data.tcl"
| INFO     | job0 | cts.repair_timing    | 0 | utl::pop_metrics_stage
| INFO     | job0 | cts.repair_timing    | 0 | ###############################
| INFO     | job0 | cts.repair_timing    | 0 | # Reporting
| INFO     | job0 | cts.repair_timing    | 0 | ###############################
| INFO     | job0 | cts.repair_timing    | 0 | utl::push_metrics_stage "sc__metric__{}"
| INFO     | job0 | cts.repair_timing    | 0 | source "$sc_refdir/common/reports.tcl"
| INFO     | job0 | cts.repair_timing    | 0 | SC_METRIC: report_checks -path_delay max
| INFO     | job0 | cts.repair_timing    | 0 | No paths found.
| INFO     | job0 | cts.repair_timing    | 0 | SC_METRIC: setupslack
| INFO     | job0 | cts.repair_timing    | 0 | worst slack INF
| INFO     | job0 | cts.repair_timing    | 0 | SC_METRIC: tns
| INFO     | job0 | cts.repair_timing    | 0 | tns 0.00
| INFO     | job0 | cts.repair_timing    | 0 | SC_METRIC: report_checks -path_delay min
| INFO     | job0 | cts.repair_timing    | 0 | No paths found.
| INFO     | job0 | cts.repair_timing    | 0 | SC_METRIC: holdslack
| INFO     | job0 | cts.repair_timing    | 0 | worst slack INF
| INFO     | job0 | cts.repair_timing    | 0 | SC_METRIC: unconstrained
| INFO     | job0 | cts.repair_timing    | 0 | Startpoint: latched_stalu$_SDFFE_PN0P_ (rising edge-triggered flip-flop)
| INFO     | job0 | cts.repair_timing    | 0 | Endpoint: reg_next_pc[31]$_SDFFE_PN0P_ (rising edge-triggered flip-flop)
| INFO     | job0 | cts.repair_timing    | 0 | Path Group: unconstrained
| INFO     | job0 | cts.repair_timing    | 0 | Path Type: max
| INFO     | job0 | cts.repair_timing    | 0 | Corner: slow
| INFO     | job0 | cts.repair_timing    | 0 | 
| INFO     | job0 | cts.repair_timing    | 0 | Fanout     Cap    Slew   Delay    Time   Description
| INFO     | job0 | cts.repair_timing    | 0 | -----------------------------------------------------------------------------
| INFO     | job0 | cts.repair_timing    | 0 |                   0.97    0.00    0.00 ^ latched_stalu$_SDFFE_PN0P_/CLK (sky130_fd_sc_hd__dfxtp_2)
| INFO     | job0 | cts.repair_timing    | 0 |     33    0.24    4.43    4.89    4.89 ^ latched_stalu$_SDFFE_PN0P_/Q (sky130_fd_sc_hd__dfxtp_2)
| INFO     | job0 | cts.repair_timing    | 0 |                                          latched_stalu (net)
| INFO     | job0 | cts.repair_timing    | 0 |                   4.43    0.00    4.89 ^ _5682_/S (sky130_fd_sc_hd__mux2i_1)
| INFO     | job0 | cts.repair_timing    | 0 |      2    0.02    1.72    3.23    8.12 ^ _5682_/Y (sky130_fd_sc_hd__mux2i_1)
| INFO     | job0 | cts.repair_timing    | 0 |                                          _1275_ (net)
| INFO     | job0 | cts.repair_timing    | 0 |                   1.72    0.00    8.12 ^ _5684_/A2 (sky130_fd_sc_hd__o21a_1)
| INFO     | job0 | cts.repair_timing    | 0 |      4    0.02    0.85    1.53    9.66 ^ _5684_/X (sky130_fd_sc_hd__o21a_1)
| INFO     | job0 | cts.repair_timing    | 0 |                                          _1277_ (net)
| INFO     | job0 | cts.repair_timing    | 0 |                   0.85    0.00    9.66 ^ _5685_/A (sky130_fd_sc_hd__inv_1)
| INFO     | job0 | cts.repair_timing    | 0 |      2    0.01    0.17    0.50   10.16 v _5685_/Y (sky130_fd_sc_hd__inv_1)
| INFO     | job0 | cts.repair_timing    | 0 |                                          _4144_ (net)
| INFO     | job0 | cts.repair_timing    | 0 |                   0.17    0.00   10.16 v _9165_/B (sky130_fd_sc_hd__ha_1)
| INFO     | job0 | cts.repair_timing    | 0 |      3    0.01    0.24    1.49   11.66 v _9165_/SUM (sky130_fd_sc_hd__ha_1)
| INFO     | job0 | cts.repair_timing    | 0 |                                          _4200_ (net)
| INFO     | job0 | cts.repair_timing    | 0 |                   0.24    0.00   11.66 v _7858_/B_N (sky130_fd_sc_hd__nor2b_1)
| INFO     | job0 | cts.repair_timing    | 0 |      1    0.00    0.08    0.56   12.22 v _7858_/Y (sky130_fd_sc_hd__nor2b_1)
| INFO     | job0 | cts.repair_timing    | 0 |                                          _3121_ (net)
| INFO     | job0 | cts.repair_timing    | 0 |                   0.08    0.00   12.22 v _7859_/A2 (sky130_fd_sc_hd__o21ai_0)
| INFO     | job0 | cts.repair_timing    | 0 |      2    0.01    1.18    1.08   13.30 ^ _7859_/Y (sky130_fd_sc_hd__o21ai_0)
| INFO     | job0 | cts.repair_timing    | 0 |                                          _3122_ (net)
| INFO     | job0 | cts.repair_timing    | 0 |                   1.18    0.00   13.30 ^ _7862_/A2 (sky130_fd_sc_hd__a21boi_2)
| INFO     | job0 | cts.repair_timing    | 0 |      2    0.01    0.17    0.64   13.94 v _7862_/Y (sky130_fd_sc_hd__a21boi_2)
| INFO     | job0 | cts.repair_timing    | 0 |                                          _3125_ (net)
| INFO     | job0 | cts.repair_timing    | 0 |                   0.17    0.00   13.94 v _7880_/A2 (sky130_fd_sc_hd__o21ai_0)
| INFO     | job0 | cts.repair_timing    | 0 |      2    0.01    1.29    1.21   15.15 ^ _7880_/Y (sky130_fd_sc_hd__o21ai_0)
| INFO     | job0 | cts.repair_timing    | 0 |                                          _3141_ (net)
| INFO     | job0 | cts.repair_timing    | 0 |                   1.29    0.00   15.15 ^ _7883_/A2 (sky130_fd_sc_hd__a21boi_1)
| INFO     | job0 | cts.repair_timing    | 0 |      2    0.01    0.22    0.76   15.91 v _7883_/Y (sky130_fd_sc_hd__a21boi_1)
| INFO     | job0 | cts.repair_timing    | 0 |                                          _3144_ (net)
| INFO     | job0 | cts.repair_timing    | 0 |                   0.22    0.00   15.91 v _7899_/A2 (sky130_fd_sc_hd__o21ai_0)
| INFO     | job0 | cts.repair_timing    | 0 |      2    0.01    1.02    1.03   16.94 ^ _7899_/Y (sky130_fd_sc_hd__o21ai_0)
| INFO     | job0 | cts.repair_timing    | 0 |                                          _3158_ (net)
| INFO     | job0 | cts.repair_timing    | 0 |                   1.02    0.00   16.94 ^ _7900_/A2 (sky130_fd_sc_hd__a21boi_0)
| INFO     | job0 | cts.repair_timing    | 0 |      2    0.01    0.24    0.72   17.66 v _7900_/Y (sky130_fd_sc_hd__a21boi_0)
| INFO     | job0 | cts.repair_timing    | 0 |                                          _3159_ (net)
| INFO     | job0 | cts.repair_timing    | 0 |                   0.24    0.00   17.66 v _7923_/A2 (sky130_fd_sc_hd__o21ai_0)
| INFO     | job0 | cts.repair_timing    | 0 |      2    0.01    1.18    1.17   18.83 ^ _7923_/Y (sky130_fd_sc_hd__o21ai_0)
| INFO     | job0 | cts.repair_timing    | 0 |                                          _3180_ (net)
| INFO     | job0 | cts.repair_timing    | 0 |                   1.18    0.00   18.83 ^ _7924_/A2 (sky130_fd_sc_hd__a21boi_2)
| INFO     | job0 | cts.repair_timing    | 0 |      2    0.01    0.18    0.66   19.48 v _7924_/Y (sky130_fd_sc_hd__a21boi_2)
| INFO     | job0 | cts.repair_timing    | 0 |                                          _3181_ (net)
| INFO     | job0 | cts.repair_timing    | 0 |                   0.18    0.00   19.48 v _7947_/A2 (sky130_fd_sc_hd__o21ai_0)
| INFO     | job0 | cts.repair_timing    | 0 |      2    0.01    1.43    1.33   20.81 ^ _7947_/Y (sky130_fd_sc_hd__o21ai_0)
| INFO     | job0 | cts.repair_timing    | 0 |                                          _3202_ (net)
| INFO     | job0 | cts.repair_timing    | 0 |                   1.43    0.00   20.81 ^ _7948_/A2 (sky130_fd_sc_hd__a21boi_0)
| INFO     | job0 | cts.repair_timing    | 0 |      2    0.01    0.29    0.91   21.72 v _7948_/Y (sky130_fd_sc_hd__a21boi_0)
| INFO     | job0 | cts.repair_timing    | 0 |                                          _3203_ (net)
| INFO     | job0 | cts.repair_timing    | 0 |                   0.29    0.00   21.72 v _7975_/A2 (sky130_fd_sc_hd__o21ai_0)
| INFO     | job0 | cts.repair_timing    | 0 |      2    0.01    1.22    1.23   22.95 ^ _7975_/Y (sky130_fd_sc_hd__o21ai_0)
| INFO     | job0 | cts.repair_timing    | 0 |                                          _3228_ (net)
| INFO     | job0 | cts.repair_timing    | 0 |                   1.22    0.00   22.95 ^ _7976_/A2 (sky130_fd_sc_hd__a21boi_2)
| INFO     | job0 | cts.repair_timing    | 0 |      2    0.01    0.16    0.65   23.60 v _7976_/Y (sky130_fd_sc_hd__a21boi_2)
| INFO     | job0 | cts.repair_timing    | 0 |                                          _3229_ (net)
| INFO     | job0 | cts.repair_timing    | 0 |                   0.16    0.00   23.60 v _7999_/A2 (sky130_fd_sc_hd__o21ai_0)
| INFO     | job0 | cts.repair_timing    | 0 |      2    0.01    0.94    0.94   24.54 ^ _7999_/Y (sky130_fd_sc_hd__o21ai_0)
| INFO     | job0 | cts.repair_timing    | 0 |                                          _3250_ (net)
| INFO     | job0 | cts.repair_timing    | 0 |                   0.94    0.00   24.54 ^ _8000_/A2 (sky130_fd_sc_hd__a21boi_0)
| INFO     | job0 | cts.repair_timing    | 0 |      2    0.01    0.24    0.68   25.22 v _8000_/Y (sky130_fd_sc_hd__a21boi_0)
| INFO     | job0 | cts.repair_timing    | 0 |                                          _3251_ (net)
| INFO     | job0 | cts.repair_timing    | 0 |                   0.24    0.00   25.22 v _8021_/A2 (sky130_fd_sc_hd__o21ai_0)
| INFO     | job0 | cts.repair_timing    | 0 |      2    0.01    1.23    1.21   26.43 ^ _8021_/Y (sky130_fd_sc_hd__o21ai_0)
| INFO     | job0 | cts.repair_timing    | 0 |                                          _3270_ (net)
| INFO     | job0 | cts.repair_timing    | 0 |                   1.23    0.00   26.43 ^ _8022_/A2 (sky130_fd_sc_hd__a21boi_1)
| INFO     | job0 | cts.repair_timing    | 0 |      2    0.01    0.21    0.72   27.15 v _8022_/Y (sky130_fd_sc_hd__a21boi_1)
| INFO     | job0 | cts.repair_timing    | 0 |                                          _3271_ (net)
| INFO     | job0 | cts.repair_timing    | 0 |                   0.21    0.00   27.15 v _8042_/A2 (sky130_fd_sc_hd__o21ai_0)
| INFO     | job0 | cts.repair_timing    | 0 |      2    0.01    1.04    1.04   28.19 ^ _8042_/Y (sky130_fd_sc_hd__o21ai_0)
| INFO     | job0 | cts.repair_timing    | 0 |                                          _3289_ (net)
| INFO     | job0 | cts.repair_timing    | 0 |                   1.04    0.00   28.19 ^ _8044_/A2 (sky130_fd_sc_hd__a21oi_1)
| INFO     | job0 | cts.repair_timing    | 0 |      2    0.01    0.19    0.64   28.84 v _8044_/Y (sky130_fd_sc_hd__a21oi_1)
| INFO     | job0 | cts.repair_timing    | 0 |                                          _3291_ (net)
| INFO     | job0 | cts.repair_timing    | 0 |                   0.19    0.00   28.84 v _8065_/A2 (sky130_fd_sc_hd__o21ai_0)
| INFO     | job0 | cts.repair_timing    | 0 |      2    0.01    1.61    1.47   30.31 ^ _8065_/Y (sky130_fd_sc_hd__o21ai_0)
| INFO     | job0 | cts.repair_timing    | 0 |                                          _3310_ (net)
| INFO     | job0 | cts.repair_timing    | 0 |                   1.61    0.00   30.31 ^ _8066_/A2 (sky130_fd_sc_hd__a21boi_1)
| INFO     | job0 | cts.repair_timing    | 0 |      2    0.01    0.24    0.87   31.18 v _8066_/Y (sky130_fd_sc_hd__a21boi_1)
| INFO     | job0 | cts.repair_timing    | 0 |                                          _3311_ (net)
| INFO     | job0 | cts.repair_timing    | 0 |                   0.24    0.00   31.18 v _8081_/A2 (sky130_fd_sc_hd__o21ai_0)
| INFO     | job0 | cts.repair_timing    | 0 |      2    0.01    1.09    1.10   32.28 ^ _8081_/Y (sky130_fd_sc_hd__o21ai_0)
| INFO     | job0 | cts.repair_timing    | 0 |                                          _3324_ (net)
| INFO     | job0 | cts.repair_timing    | 0 |                   1.09    0.00   32.28 ^ _8084_/A2 (sky130_fd_sc_hd__a21boi_0)
| INFO     | job0 | cts.repair_timing    | 0 |      2    0.01    0.25    0.76   33.04 v _8084_/Y (sky130_fd_sc_hd__a21boi_0)
| INFO     | job0 | cts.repair_timing    | 0 |                                          _3327_ (net)
| INFO     | job0 | cts.repair_timing    | 0 |                   0.25    0.00   33.04 v _8102_/A2 (sky130_fd_sc_hd__o21ai_0)
| INFO     | job0 | cts.repair_timing    | 0 |      3    0.01    1.54    1.46   34.50 ^ _8102_/Y (sky130_fd_sc_hd__o21ai_0)
| INFO     | job0 | cts.repair_timing    | 0 |                                          _3343_ (net)
| INFO     | job0 | cts.repair_timing    | 0 |                   1.54    0.00   34.50 ^ _8150_/A2 (sky130_fd_sc_hd__a2111oi_0)
| INFO     | job0 | cts.repair_timing    | 0 |      2    0.01    0.32    0.98   35.48 v _8150_/Y (sky130_fd_sc_hd__a2111oi_0)
| INFO     | job0 | cts.repair_timing    | 0 |                                          _3387_ (net)
| INFO     | job0 | cts.repair_timing    | 0 |                   0.32    0.00   35.48 v _8155_/A1 (sky130_fd_sc_hd__o21ai_0)
| INFO     | job0 | cts.repair_timing    | 0 |      1    0.00    0.48    0.71   36.18 ^ _8155_/Y (sky130_fd_sc_hd__o21ai_0)
| INFO     | job0 | cts.repair_timing    | 0 |                                          _3392_ (net)
| INFO     | job0 | cts.repair_timing    | 0 |                   0.48    0.00   36.18 ^ _8156_/B (sky130_fd_sc_hd__nand2_1)
| INFO     | job0 | cts.repair_timing    | 0 |      1    0.00    0.09    0.31   36.49 v _8156_/Y (sky130_fd_sc_hd__nand2_1)
| INFO     | job0 | cts.repair_timing    | 0 |                                          _3393_ (net)
| INFO     | job0 | cts.repair_timing    | 0 |                   0.09    0.00   36.49 v _8159_/A2 (sky130_fd_sc_hd__o221ai_1)
| INFO     | job0 | cts.repair_timing    | 0 |      1    0.00    0.78    0.82   37.31 ^ _8159_/Y (sky130_fd_sc_hd__o221ai_1)
| INFO     | job0 | cts.repair_timing    | 0 |                                          _3396_ (net)
| INFO     | job0 | cts.repair_timing    | 0 |                   0.78    0.00   37.31 ^ _8161_/B1 (sky130_fd_sc_hd__a22o_1)
| INFO     | job0 | cts.repair_timing    | 0 |      1    0.00    0.13    0.69   38.00 ^ _8161_/X (sky130_fd_sc_hd__a22o_1)
| INFO     | job0 | cts.repair_timing    | 0 |                                          _0270_ (net)
| INFO     | job0 | cts.repair_timing    | 0 |                   0.13    0.00   38.00 ^ reg_next_pc[31]$_SDFFE_PN0P_/D (sky130_fd_sc_hd__dfxtp_1)
| INFO     | job0 | cts.repair_timing    | 0 |                                  38.00   data arrival time
| INFO     | job0 | cts.repair_timing    | 0 | -----------------------------------------------------------------------------
| INFO     | job0 | cts.repair_timing    | 0 | (Path is unconstrained)
| INFO     | job0 | cts.repair_timing    | 0 | 
| INFO     | job0 | cts.repair_timing    | 0 | 
| INFO     | job0 | cts.repair_timing    | 0 | SC_METRIC: DRV violators
| INFO     | job0 | cts.repair_timing    | 0 | max slew
| INFO     | job0 | cts.repair_timing    | 0 | 
| INFO     | job0 | cts.repair_timing    | 0 | Pin                                    Limit    Slew   Slack
| INFO     | job0 | cts.repair_timing    | 0 | ------------------------------------------------------------
| INFO     | job0 | cts.repair_timing    | 0 | _9118_/Y                                1.48    1.67   -0.18 (VIOLATED)
| INFO     | job0 | cts.repair_timing    | 0 | load_slew1/A                            1.50    1.67   -0.17 (VIOLATED)
| INFO     | job0 | cts.repair_timing    | 0 | _9092_/Y                                1.48    1.60   -0.11 (VIOLATED)
| INFO     | job0 | cts.repair_timing    | 0 | load_slew10/A                           1.50    1.60   -0.10 (VIOLATED)
| INFO     | job0 | cts.repair_timing    | 0 | _9033_/Y                                1.49    1.49   -0.00 (VIOLATED)
| INFO     | job0 | cts.repair_timing    | 0 | 
| INFO     | job0 | cts.repair_timing    | 0 | max capacitance
| INFO     | job0 | cts.repair_timing    | 0 | 
| INFO     | job0 | cts.repair_timing    | 0 | Pin                                    Limit     Cap   Slack
| INFO     | job0 | cts.repair_timing    | 0 | ------------------------------------------------------------
| INFO     | job0 | cts.repair_timing    | 0 | _9118_/Y                                0.05    0.06   -0.01 (VIOLATED)
| INFO     | job0 | cts.repair_timing    | 0 | _9092_/Y                                0.05    0.06   -0.00 (VIOLATED)
| INFO     | job0 | cts.repair_timing    | 0 | _9033_/Y                                0.07    0.07   -0.00 (VIOLATED)
| INFO     | job0 | cts.repair_timing    | 0 | 
| INFO     | job0 | cts.repair_timing    | 0 | SC_METRIC: floating nets
| INFO     | job0 | cts.repair_timing    | 0 | SC_METRIC: overdriven nets
| INFO     | job0 | cts.repair_timing    | 0 | SC_METRIC: fmax
| INFO     | job0 | cts.repair_timing    | 0 | SC_METRIC: power
| INFO     | job0 | cts.repair_timing    | 0 | Power for corner: fast
| INFO     | job0 | cts.repair_timing    | 0 | Group                  Internal  Switching    Leakage      Total
| INFO     | job0 | cts.repair_timing    | 0 |                           Power      Power      Power      Power (Watts)
| INFO     | job0 | cts.repair_timing    | 0 | ----------------------------------------------------------------
| INFO     | job0 | cts.repair_timing    | 0 | Sequential             2.73e-02   1.90e-02   4.85e-05   4.63e-02  18.4%
| INFO     | job0 | cts.repair_timing    | 0 | Combinational          9.81e-02   1.06e-01   5.34e-05   2.05e-01  81.6%
| INFO     | job0 | cts.repair_timing    | 0 | Clock                  0.00e+00   0.00e+00   0.00e+00   0.00e+00   0.0%
| INFO     | job0 | cts.repair_timing    | 0 | Macro                  0.00e+00   0.00e+00   0.00e+00   0.00e+00   0.0%
| INFO     | job0 | cts.repair_timing    | 0 | Pad                    0.00e+00   0.00e+00   0.00e+00   0.00e+00   0.0%
| INFO     | job0 | cts.repair_timing    | 0 | ----------------------------------------------------------------
| INFO     | job0 | cts.repair_timing    | 0 | Total                  1.25e-01   1.25e-01   1.02e-04   2.51e-01 100.0%
| INFO     | job0 | cts.repair_timing    | 0 |                           50.0%      50.0%       0.0%
| INFO     | job0 | cts.repair_timing    | 0 | Power for corner: slow
| INFO     | job0 | cts.repair_timing    | 0 | Group                  Internal  Switching    Leakage      Total
| INFO     | job0 | cts.repair_timing    | 0 |                           Power      Power      Power      Power (Watts)
| INFO     | job0 | cts.repair_timing    | 0 | ----------------------------------------------------------------
| INFO     | job0 | cts.repair_timing    | 0 | Sequential             1.13e-02   9.09e-03   6.26e-10   2.04e-02  18.6%
| INFO     | job0 | cts.repair_timing    | 0 | Combinational          3.96e-02   4.99e-02   1.34e-09   8.94e-02  81.4%
| INFO     | job0 | cts.repair_timing    | 0 | Clock                  0.00e+00   0.00e+00   0.00e+00   0.00e+00   0.0%
| INFO     | job0 | cts.repair_timing    | 0 | Macro                  0.00e+00   0.00e+00   0.00e+00   0.00e+00   0.0%
| INFO     | job0 | cts.repair_timing    | 0 | Pad                    0.00e+00   0.00e+00   0.00e+00   0.00e+00   0.0%
| INFO     | job0 | cts.repair_timing    | 0 | ----------------------------------------------------------------
| INFO     | job0 | cts.repair_timing    | 0 | Total                  5.09e-02   5.90e-02   1.97e-09   1.10e-01 100.0%
| INFO     | job0 | cts.repair_timing    | 0 |                           46.3%      53.7%       0.0%
| INFO     | job0 | cts.repair_timing    | 0 | Power for corner: typical
| INFO     | job0 | cts.repair_timing    | 0 | Group                  Internal  Switching    Leakage      Total
| INFO     | job0 | cts.repair_timing    | 0 |                           Power      Power      Power      Power (Watts)
| INFO     | job0 | cts.repair_timing    | 0 | ----------------------------------------------------------------
| INFO     | job0 | cts.repair_timing    | 0 | Sequential             2.09e-02   1.59e-02   1.41e-08   3.68e-02  18.8%
| INFO     | job0 | cts.repair_timing    | 0 | Combinational          7.01e-02   8.85e-02   1.89e-08   1.59e-01  81.2%
| INFO     | job0 | cts.repair_timing    | 0 | Clock                  0.00e+00   0.00e+00   0.00e+00   0.00e+00   0.0%
| INFO     | job0 | cts.repair_timing    | 0 | Macro                  0.00e+00   0.00e+00   0.00e+00   0.00e+00   0.0%
| INFO     | job0 | cts.repair_timing    | 0 | Pad                    0.00e+00   0.00e+00   0.00e+00   0.00e+00   0.0%
| INFO     | job0 | cts.repair_timing    | 0 | ----------------------------------------------------------------
| INFO     | job0 | cts.repair_timing    | 0 | Total                  9.10e-02   1.04e-01   3.30e-08   1.95e-01 100.0%
| INFO     | job0 | cts.repair_timing    | 0 |                           46.6%      53.4%       0.0%
| INFO     | job0 | cts.repair_timing    | 0 | SC_METRIC: cellarea
| INFO     | job0 | cts.repair_timing    | 0 | Design area 93393 u^2 46% utilization.
| INFO     | job0 | cts.repair_timing    | 0 | Cell type report:                       Count       Area
| INFO     | job0 | cts.repair_timing    | 0 |   Tap cell                               2672    3343.21
| INFO     | job0 | cts.repair_timing    | 0 |   Buffer                                  113     878.34
| INFO     | job0 | cts.repair_timing    | 0 |   Timing Repair Buffer                   1099    8883.52
| INFO     | job0 | cts.repair_timing    | 0 |   Inverter                                224    1111.07
| INFO     | job0 | cts.repair_timing    | 0 |   Sequential cell                        1597   45120.77
| INFO     | job0 | cts.repair_timing    | 0 |   Multi-Input combinational cell         4190   37399.62
| INFO     | job0 | cts.repair_timing    | 0 |   Total                                  9895   96736.53
| INFO     | job0 | cts.repair_timing    | 0 | 
| INFO     | job0 | cts.repair_timing    | 0 | Cell instance report:
| INFO     | job0 | cts.repair_timing    | 0 |   sky130_fd_sc_hd__a2111oi_0                3      26.28
| INFO     | job0 | cts.repair_timing    | 0 |   sky130_fd_sc_hd__a211o_1                 15     131.38
| INFO     | job0 | cts.repair_timing    | 0 |   sky130_fd_sc_hd__a211o_4                  1      17.52
| INFO     | job0 | cts.repair_timing    | 0 |   sky130_fd_sc_hd__a211oi_1                32     240.23
| INFO     | job0 | cts.repair_timing    | 0 |   sky130_fd_sc_hd__a21boi_0                 7      52.55
| INFO     | job0 | cts.repair_timing    | 0 |   sky130_fd_sc_hd__a21boi_1                 3      22.52
| INFO     | job0 | cts.repair_timing    | 0 |   sky130_fd_sc_hd__a21boi_2                 3      33.78
| INFO     | job0 | cts.repair_timing    | 0 |   sky130_fd_sc_hd__a21boi_4                 1      18.77
| INFO     | job0 | cts.repair_timing    | 0 |   sky130_fd_sc_hd__a21o_1                  62     465.45
| INFO     | job0 | cts.repair_timing    | 0 |   sky130_fd_sc_hd__a21o_4                   5      75.07
| INFO     | job0 | cts.repair_timing    | 0 |   sky130_fd_sc_hd__a21oi_1                306    1531.47
| INFO     | job0 | cts.repair_timing    | 0 |   sky130_fd_sc_hd__a21oi_2                 64     560.54
| INFO     | job0 | cts.repair_timing    | 0 |   sky130_fd_sc_hd__a221o_4                  2      42.54
| INFO     | job0 | cts.repair_timing    | 0 |   sky130_fd_sc_hd__a221oi_1                46     402.89
| INFO     | job0 | cts.repair_timing    | 0 |   sky130_fd_sc_hd__a222oi_1                39     390.37
| INFO     | job0 | cts.repair_timing    | 0 |   sky130_fd_sc_hd__a22o_1                  16     140.13
| INFO     | job0 | cts.repair_timing    | 0 |   sky130_fd_sc_hd__a22oi_1                 73     548.03
| INFO     | job0 | cts.repair_timing    | 0 |   sky130_fd_sc_hd__a2bb2oi_1                3      26.28
| INFO     | job0 | cts.repair_timing    | 0 |   sky130_fd_sc_hd__a311oi_1                 2      17.52
| INFO     | job0 | cts.repair_timing    | 0 |   sky130_fd_sc_hd__a31o_1                   3      26.28
| INFO     | job0 | cts.repair_timing    | 0 |   sky130_fd_sc_hd__a31o_4                   2      35.03
| INFO     | job0 | cts.repair_timing    | 0 |   sky130_fd_sc_hd__a31oi_1                 71     444.18
| INFO     | job0 | cts.repair_timing    | 0 |   sky130_fd_sc_hd__a32o_1                   6      60.06
| INFO     | job0 | cts.repair_timing    | 0 |   sky130_fd_sc_hd__a32oi_1                 14     122.62
| INFO     | job0 | cts.repair_timing    | 0 |   sky130_fd_sc_hd__a41o_1                   1      10.01
| INFO     | job0 | cts.repair_timing    | 0 |   sky130_fd_sc_hd__a41oi_1                  5      43.79
| INFO     | job0 | cts.repair_timing    | 0 |   sky130_fd_sc_hd__and2_0                  14      87.58
| INFO     | job0 | cts.repair_timing    | 0 |   sky130_fd_sc_hd__and2_4                  17     148.89
| INFO     | job0 | cts.repair_timing    | 0 |   sky130_fd_sc_hd__and3_1                  24     150.14
| INFO     | job0 | cts.repair_timing    | 0 |   sky130_fd_sc_hd__and3_4                  39     439.17
| INFO     | job0 | cts.repair_timing    | 0 |   sky130_fd_sc_hd__and3b_1                  1       8.76
| INFO     | job0 | cts.repair_timing    | 0 |   sky130_fd_sc_hd__and4_1                   2      17.52
| INFO     | job0 | cts.repair_timing    | 0 |   sky130_fd_sc_hd__and4_4                  25     281.52
| INFO     | job0 | cts.repair_timing    | 0 |   sky130_fd_sc_hd__and4b_4                  2      27.53
| INFO     | job0 | cts.repair_timing    | 0 |   sky130_fd_sc_hd__buf_1                  734    2755.14
| INFO     | job0 | cts.repair_timing    | 0 |   sky130_fd_sc_hd__buf_12                  30     600.58
| INFO     | job0 | cts.repair_timing    | 0 |   sky130_fd_sc_hd__buf_16                  80    2202.11
| INFO     | job0 | cts.repair_timing    | 0 |   sky130_fd_sc_hd__buf_4                  108     810.78
| INFO     | job0 | cts.repair_timing    | 0 |   sky130_fd_sc_hd__buf_6                  136    1531.47
| INFO     | job0 | cts.repair_timing    | 0 |   sky130_fd_sc_hd__buf_8                  124    1861.79
| INFO     | job0 | cts.repair_timing    | 0 |   sky130_fd_sc_hd__clkinv_1                43     161.40
| INFO     | job0 | cts.repair_timing    | 0 |   sky130_fd_sc_hd__clkinv_16                1      30.03
| INFO     | job0 | cts.repair_timing    | 0 |   sky130_fd_sc_hd__clkinv_2                 4      20.02
| INFO     | job0 | cts.repair_timing    | 0 |   sky130_fd_sc_hd__conb_1                 138     518.00
| INFO     | job0 | cts.repair_timing    | 0 |   sky130_fd_sc_hd__dfxtp_1                 49     980.94
| INFO     | job0 | cts.repair_timing    | 0 |   sky130_fd_sc_hd__dfxtp_2                267    5679.20
| INFO     | job0 | cts.repair_timing    | 0 |   sky130_fd_sc_hd__dfxtp_4                  1      23.77
| INFO     | job0 | cts.repair_timing    | 0 |   sky130_fd_sc_hd__edfxtp_1              1280   38436.86
| INFO     | job0 | cts.repair_timing    | 0 |   sky130_fd_sc_hd__fa_1                     5     100.10
| INFO     | job0 | cts.repair_timing    | 0 |   sky130_fd_sc_hd__ha_1                   185    2314.72
| INFO     | job0 | cts.repair_timing    | 0 |   sky130_fd_sc_hd__ha_2                    12     180.17
| INFO     | job0 | cts.repair_timing    | 0 |   sky130_fd_sc_hd__ha_4                     2      50.05
| INFO     | job0 | cts.repair_timing    | 0 |   sky130_fd_sc_hd__inv_1                  136     510.49
| INFO     | job0 | cts.repair_timing    | 0 |   sky130_fd_sc_hd__inv_12                  14     227.72
| INFO     | job0 | cts.repair_timing    | 0 |   sky130_fd_sc_hd__inv_16                   1      20.02
| INFO     | job0 | cts.repair_timing    | 0 |   sky130_fd_sc_hd__inv_2                   14      52.55
| INFO     | job0 | cts.repair_timing    | 0 |   sky130_fd_sc_hd__inv_4                    4      25.02
| INFO     | job0 | cts.repair_timing    | 0 |   sky130_fd_sc_hd__inv_6                    6      52.55
| INFO     | job0 | cts.repair_timing    | 0 |   sky130_fd_sc_hd__inv_8                    1      11.26
| INFO     | job0 | cts.repair_timing    | 0 |   sky130_fd_sc_hd__mux2_1                  54     608.08
| INFO     | job0 | cts.repair_timing    | 0 |   sky130_fd_sc_hd__mux2_4                   6      90.09
| INFO     | job0 | cts.repair_timing    | 0 |   sky130_fd_sc_hd__mux2i_1                 87     870.84
| INFO     | job0 | cts.repair_timing    | 0 |   sky130_fd_sc_hd__mux4_2                 545   12274.27
| INFO     | job0 | cts.repair_timing    | 0 |   sky130_fd_sc_hd__nand2_1                414    1553.99
| INFO     | job0 | cts.repair_timing    | 0 |   sky130_fd_sc_hd__nand2_4                102    1148.60
| INFO     | job0 | cts.repair_timing    | 0 |   sky130_fd_sc_hd__nand2b_1                18     112.61
| INFO     | job0 | cts.repair_timing    | 0 |   sky130_fd_sc_hd__nand3_1                 79     395.38
| INFO     | job0 | cts.repair_timing    | 0 |   sky130_fd_sc_hd__nand3b_1                 3      22.52
| INFO     | job0 | cts.repair_timing    | 0 |   sky130_fd_sc_hd__nand4_1                 29     181.42
| INFO     | job0 | cts.repair_timing    | 0 |   sky130_fd_sc_hd__nand4b_1                 1       8.76
| INFO     | job0 | cts.repair_timing    | 0 |   sky130_fd_sc_hd__nor2_1                 376    1411.35
| INFO     | job0 | cts.repair_timing    | 0 |   sky130_fd_sc_hd__nor2_2                  44     275.26
| INFO     | job0 | cts.repair_timing    | 0 |   sky130_fd_sc_hd__nor2_4                  34     382.87
| INFO     | job0 | cts.repair_timing    | 0 |   sky130_fd_sc_hd__nor2_8                  32     640.61
| INFO     | job0 | cts.repair_timing    | 0 |   sky130_fd_sc_hd__nor2b_1                 17     106.35
| INFO     | job0 | cts.repair_timing    | 0 |   sky130_fd_sc_hd__nor2b_2                  2      17.52
| INFO     | job0 | cts.repair_timing    | 0 |   sky130_fd_sc_hd__nor2b_4                  4      55.05
| INFO     | job0 | cts.repair_timing    | 0 |   sky130_fd_sc_hd__nor3_1                 108     540.52
| INFO     | job0 | cts.repair_timing    | 0 |   sky130_fd_sc_hd__nor3_2                  15     150.14
| INFO     | job0 | cts.repair_timing    | 0 |   sky130_fd_sc_hd__nor3_4                   5      81.33
| INFO     | job0 | cts.repair_timing    | 0 |   sky130_fd_sc_hd__nor3b_1                 11      82.58
| INFO     | job0 | cts.repair_timing    | 0 |   sky130_fd_sc_hd__nor3b_2                  3      37.54
| INFO     | job0 | cts.repair_timing    | 0 |   sky130_fd_sc_hd__nor4_1                  14      87.58
| INFO     | job0 | cts.repair_timing    | 0 |   sky130_fd_sc_hd__nor4_2                  14     175.17
| INFO     | job0 | cts.repair_timing    | 0 |   sky130_fd_sc_hd__nor4b_1                  1       8.76
| INFO     | job0 | cts.repair_timing    | 0 |   sky130_fd_sc_hd__nor4b_2                  2      30.03
| INFO     | job0 | cts.repair_timing    | 0 |   sky130_fd_sc_hd__o2111ai_1                1       8.76
| INFO     | job0 | cts.repair_timing    | 0 |   sky130_fd_sc_hd__o211ai_1                26     195.19
| INFO     | job0 | cts.repair_timing    | 0 |   sky130_fd_sc_hd__o21a_1                  75     563.04
| INFO     | job0 | cts.repair_timing    | 0 |   sky130_fd_sc_hd__o21ai_0                487    2437.34
| INFO     | job0 | cts.repair_timing    | 0 |   sky130_fd_sc_hd__o21ai_1                  1       5.00
| INFO     | job0 | cts.repair_timing    | 0 |   sky130_fd_sc_hd__o21ai_4                  5      81.33
| INFO     | job0 | cts.repair_timing    | 0 |   sky130_fd_sc_hd__o21bai_1                31     232.72
| INFO     | job0 | cts.repair_timing    | 0 |   sky130_fd_sc_hd__o21bai_2                 5      56.30
| INFO     | job0 | cts.repair_timing    | 0 |   sky130_fd_sc_hd__o21bai_4                 2      37.54
| INFO     | job0 | cts.repair_timing    | 0 |   sky130_fd_sc_hd__o221a_1                  5      56.30
| INFO     | job0 | cts.repair_timing    | 0 |   sky130_fd_sc_hd__o221ai_1                26     227.72
| INFO     | job0 | cts.repair_timing    | 0 |   sky130_fd_sc_hd__o221ai_2                10     150.14
| INFO     | job0 | cts.repair_timing    | 0 |   sky130_fd_sc_hd__o221ai_4                 4     105.10
| INFO     | job0 | cts.repair_timing    | 0 |   sky130_fd_sc_hd__o22a_1                   2      17.52
| INFO     | job0 | cts.repair_timing    | 0 |   sky130_fd_sc_hd__o22ai_1                 21     131.38
| INFO     | job0 | cts.repair_timing    | 0 |   sky130_fd_sc_hd__o22ai_2                  5      62.56
| INFO     | job0 | cts.repair_timing    | 0 |   sky130_fd_sc_hd__o311a_1                  1      10.01
| INFO     | job0 | cts.repair_timing    | 0 |   sky130_fd_sc_hd__o311ai_0                16     140.13
| INFO     | job0 | cts.repair_timing    | 0 |   sky130_fd_sc_hd__o311ai_1                 1       8.76
| INFO     | job0 | cts.repair_timing    | 0 |   sky130_fd_sc_hd__o31a_1                   3      26.28
| INFO     | job0 | cts.repair_timing    | 0 |   sky130_fd_sc_hd__o31ai_1                 22     165.16
| INFO     | job0 | cts.repair_timing    | 0 |   sky130_fd_sc_hd__o32a_1                   1      10.01
| INFO     | job0 | cts.repair_timing    | 0 |   sky130_fd_sc_hd__o32ai_1                 17     148.89
| INFO     | job0 | cts.repair_timing    | 0 |   sky130_fd_sc_hd__o41ai_1                  1       8.76
| INFO     | job0 | cts.repair_timing    | 0 |   sky130_fd_sc_hd__or2_0                    1       6.26
| INFO     | job0 | cts.repair_timing    | 0 |   sky130_fd_sc_hd__or2_4                   11      96.34
| INFO     | job0 | cts.repair_timing    | 0 |   sky130_fd_sc_hd__or3_1                    6      37.54
| INFO     | job0 | cts.repair_timing    | 0 |   sky130_fd_sc_hd__or3_4                   11     123.87
| INFO     | job0 | cts.repair_timing    | 0 |   sky130_fd_sc_hd__or4_1                    2      15.01
| INFO     | job0 | cts.repair_timing    | 0 |   sky130_fd_sc_hd__or4_4                    2      22.52
| INFO     | job0 | cts.repair_timing    | 0 |   sky130_fd_sc_hd__or4b_1                   2      20.02
| INFO     | job0 | cts.repair_timing    | 0 |   sky130_fd_sc_hd__or4b_4                   2      27.53
| INFO     | job0 | cts.repair_timing    | 0 |   sky130_fd_sc_hd__tapvpwrvgnd_1         2672    3343.21
| INFO     | job0 | cts.repair_timing    | 0 |   sky130_fd_sc_hd__xnor2_1                 92     805.77
| INFO     | job0 | cts.repair_timing    | 0 |   sky130_fd_sc_hd__xor2_1                  21     183.93
| INFO     | job0 | cts.repair_timing    | 0 |   sky130_fd_sc_hd__xor2_2                   1      16.27
| INFO     | job0 | cts.repair_timing    | 0 | utl::pop_metrics_stage
| INFO     | job0 | cts.repair_timing    | 0 | # Images
| INFO     | job0 | cts.repair_timing    | 0 | utl::push_metrics_stage "sc__image__{}"
| INFO     | job0 | cts.repair_timing    | 0 | if {
| INFO     | job0 | cts.repair_timing    | 0 |     [sc_has_gui] &&
| INFO     | job0 | cts.repair_timing    | 0 |     [lindex [sc_cfg_tool_task_get var ord_enable_images] 0] == "true"
| INFO     | job0 | cts.repair_timing    | 0 | } {
| INFO     | job0 | cts.repair_timing    | 0 |     if { [gui::enabled] } {
| INFO     | job0 | cts.repair_timing    | 0 |         source "$sc_refdir/common/write_images.tcl"
| INFO     | job0 | cts.repair_timing    | 0 |     } else {
| INFO     | job0 | cts.repair_timing    | 0 |         gui::show "source \"$sc_refdir/common/write_images.tcl\"" false
| INFO     | job0 | cts.repair_timing    | 0 |     }
| INFO     | job0 | cts.repair_timing    | 0 | }
| INFO     | job0 | cts.repair_timing    | 0 | [WARNING GUI-0076] QStandardPaths: XDG_RUNTIME_DIR not set, defaulting to '/tmp/runtime-www-data'
| INFO     | job0 | cts.repair_timing    | 0 | [INFO FLW-0001] Saving "snapshot" to reports/images/picorv32.png
| INFO     | job0 | cts.repair_timing    | 0 | [INFO FLW-0001] Saving "placement" to reports/images/picorv32.placement.png
| INFO     | job0 | cts.repair_timing    | 0 | [INFO FLW-0001] Saving setup timing histogram to reports/images/timing/setup.histogram.png
| INFO     | job0 | cts.repair_timing    | 0 | [WARNING GUI-0097] All pins are unconstrained. Cannot plot histogram. Check if timing data is loaded!
| INFO     | job0 | cts.repair_timing    | 0 | [INFO FLW-0001] Saving hold timing histogram to reports/images/timing/hold.histogram.png
| INFO     | job0 | cts.repair_timing    | 0 | [WARNING GUI-0097] All pins are unconstrained. Cannot plot histogram. Check if timing data is loaded!
| INFO     | job0 | cts.repair_timing    | 0 | [INFO FLW-0001] Saving "placement density heatmap" to reports/images/heatmap/placement_density.png
| INFO     | job0 | cts.repair_timing    | 0 | [INFO FLW-0001] Saving "estimated routing congestion heatmap" to reports/images/heatmap/estimated_routing_congestion.png
| INFO     | job0 | cts.repair_timing    | 0 | [INFO FLW-0001] Saving "power density for fast heatmap" to reports/images/heatmap/power_density/fast.png
| INFO     | job0 | cts.repair_timing    | 0 | [INFO FLW-0001] Saving "power density for slow heatmap" to reports/images/heatmap/power_density/slow.png
| INFO     | job0 | cts.repair_timing    | 0 | [INFO FLW-0001] Saving "power density for typical heatmap" to reports/images/heatmap/power_density/typical.png
| INFO     | job0 | cts.repair_timing    | 0 | [WARNING STA-0351] clock '*' not found.
| INFO     | job0 | cts.repair_timing    | 0 | [INFO FLW-0001] Saving "optimizer" to reports/images/picorv32.optimizer.png
| INFO     | job0 | cts.repair_timing    | 0 | utl::pop_metrics_stage
| WARNING  | job0 | cts.repair_timing    | 0 | 168: [WARNING FLW-0001] No clocks defined.
| WARNING  | job0 | cts.repair_timing    | 0 | 637: [WARNING GUI-0076] QStandardPaths: XDG_RUNTIME_DIR not set, defaulting to '/tmp/runtime-www-data'
| WARNING  | job0 | cts.repair_timing    | 0 | 641: [WARNING GUI-0097] All pins are unconstrained. Cannot plot histogram. Check if timing data is loaded!
| WARNING  | job0 | cts.repair_timing    | 0 | 643: [WARNING GUI-0097] All pins are unconstrained. Cannot plot histogram. Check if timing data is loaded!
| WARNING  | job0 | cts.repair_timing    | 0 | 649: [WARNING STA-0351] clock '*' not found.
| INFO     | job0 | cts.repair_timing    | 0 | Number of errors: 0
| INFO     | job0 | cts.repair_timing    | 0 | Number of warnings: 5
| INFO     | job0 | cts.repair_timing    | 0 | Finished task in 43.31s
| INFO     | job0 | cts.repair_timing    | 0 | Archiving cts.repair_timing0...
