| INFO     | job0 | floorplan.init       | 0 | Tool 'openroad' found with version 'v2.0-20575' in directory '/sc_tools/bin'
| INFO     | job0 | floorplan.init       | 0 | Running in /nfs/sc_compute/builds/0dc368a6940a4df4bc65e8967a8d3eeb/picorv32_top/job0/floorplan.init/0
| INFO     | job0 | floorplan.init       | 0 | openroad -no_init -metrics reports/metrics.json -exit /venv/lib/python3.10/site-packages/siliconcompiler/tools/openroad/scripts/apr/sc_init_floorplan.tcl
| INFO     | job0 | floorplan.init       | 0 | OpenROAD v2.0-20575-ge78e29127
| INFO     | job0 | floorplan.init       | 0 | Features included (+) or not (-): +GPU +GUI +Python
| INFO     | job0 | floorplan.init       | 0 | This program is licensed under the BSD-3 license. See the LICENSE file for details.
| INFO     | job0 | floorplan.init       | 0 | Components of this program may be licensed under more restrictive licenses which must be honored.
| INFO     | job0 | floorplan.init       | 0 | ##############################
| INFO     | job0 | floorplan.init       | 0 | # Schema Adapter
| INFO     | job0 | floorplan.init       | 0 | ###############################
| INFO     | job0 | floorplan.init       | 0 | set sc_step [sc_cfg_get arg step]
| INFO     | job0 | floorplan.init       | 0 | set sc_index [sc_cfg_get arg index]
| INFO     | job0 | floorplan.init       | 0 | set sc_flow [sc_cfg_get option flow]
| INFO     | job0 | floorplan.init       | 0 | set sc_tool [sc_cfg_get flowgraph $sc_flow $sc_step $sc_index tool]
| INFO     | job0 | floorplan.init       | 0 | set sc_task [sc_cfg_get flowgraph $sc_flow $sc_step $sc_index task]
| INFO     | job0 | floorplan.init       | 0 | set sc_refdir [sc_cfg_tool_task_get refdir]
| INFO     | job0 | floorplan.init       | 0 | ##############################
| INFO     | job0 | floorplan.init       | 0 | # Setup debugging
| INFO     | job0 | floorplan.init       | 0 | ###############################
| INFO     | job0 | floorplan.init       | 0 | source -echo "$sc_refdir/common/debugging.tcl"
| INFO     | job0 | floorplan.init       | 0 | ###############################
| INFO     | job0 | floorplan.init       | 0 | # Setup debugging if requested
| INFO     | job0 | floorplan.init       | 0 | ###############################
| INFO     | job0 | floorplan.init       | 0 | if { [llength [sc_cfg_tool_task_get {var} debug_level]] > 0 } {
| INFO     | job0 | floorplan.init       | 0 |     foreach debug [sc_cfg_tool_task_get {var} debug_level] {
| INFO     | job0 | floorplan.init       | 0 |         lassign [split $debug " "] debug_tool debug_category debug_level
| INFO     | job0 | floorplan.init       | 0 |         utl::info FLW 1 "Setting debugging for $debug_tool/$debug_category/$debug_level"
| INFO     | job0 | floorplan.init       | 0 |         set_debug_level $debug_tool $debug_category $debug_level
| INFO     | job0 | floorplan.init       | 0 |     }
| INFO     | job0 | floorplan.init       | 0 | }
| INFO     | job0 | floorplan.init       | 0 | ###############################
| INFO     | job0 | floorplan.init       | 0 | # Suppress messages if requested
| INFO     | job0 | floorplan.init       | 0 | ###############################
| INFO     | job0 | floorplan.init       | 0 | foreach msg [sc_cfg_tool_task_get warningoff] {
| INFO     | job0 | floorplan.init       | 0 |     set or_msg [split $msg "-"]
| INFO     | job0 | floorplan.init       | 0 |     if { [llength $or_msg] != 2 } {
| INFO     | job0 | floorplan.init       | 0 |         utl::warn FLW 1 "$msg is not a valid message id"
| INFO     | job0 | floorplan.init       | 0 |     } else {
| INFO     | job0 | floorplan.init       | 0 |         set or_tool [lindex $or_msg 0]
| INFO     | job0 | floorplan.init       | 0 |         set or_msg_id [expr { int([lindex $or_msg 1]) }]
| INFO     | job0 | floorplan.init       | 0 |         utl::info FLW 1 "Suppressing $msg messages"
| INFO     | job0 | floorplan.init       | 0 |         suppress_message $or_tool $or_msg_id
| INFO     | job0 | floorplan.init       | 0 |     }
| INFO     | job0 | floorplan.init       | 0 | }
| INFO     | job0 | floorplan.init       | 0 | ###############################
| INFO     | job0 | floorplan.init       | 0 | # Setup helper functions
| INFO     | job0 | floorplan.init       | 0 | ###############################
| INFO     | job0 | floorplan.init       | 0 | source "$sc_refdir/common/procs.tcl"
| INFO     | job0 | floorplan.init       | 0 | ###############################
| INFO     | job0 | floorplan.init       | 0 | # Design information
| INFO     | job0 | floorplan.init       | 0 | ###############################
| INFO     | job0 | floorplan.init       | 0 | # Design
| INFO     | job0 | floorplan.init       | 0 | set sc_design [sc_top]
| INFO     | job0 | floorplan.init       | 0 | set sc_optmode [sc_cfg_get option optmode]
| INFO     | job0 | floorplan.init       | 0 | set sc_pdk [sc_cfg_get option pdk]
| INFO     | job0 | floorplan.init       | 0 | set sc_stackup [sc_cfg_get option stackup]
| INFO     | job0 | floorplan.init       | 0 | # APR Parameters
| INFO     | job0 | floorplan.init       | 0 | set sc_targetlibs [sc_get_asic_libraries logic]
| INFO     | job0 | floorplan.init       | 0 | set sc_mainlib [lindex $sc_targetlibs 0]
| INFO     | job0 | floorplan.init       | 0 | set sc_delaymodel [sc_cfg_get asic delaymodel]
| INFO     | job0 | floorplan.init       | 0 | # Hard macro libraries
| INFO     | job0 | floorplan.init       | 0 | set sc_macrolibs [sc_get_asic_libraries macro]
| INFO     | job0 | floorplan.init       | 0 | # Threads
| INFO     | job0 | floorplan.init       | 0 | set_thread_count [sc_cfg_tool_task_get threads]
| INFO     | job0 | floorplan.init       | 0 | [INFO ORD-0030] Using 2 thread(s).
| INFO     | job0 | floorplan.init       | 0 | ###############################
| INFO     | job0 | floorplan.init       | 0 | # Read Files
| INFO     | job0 | floorplan.init       | 0 | ###############################
| INFO     | job0 | floorplan.init       | 0 | source -echo "$sc_refdir/common/read_liberty.tcl"
| INFO     | job0 | floorplan.init       | 0 | set sc_scenarios [dict keys [sc_cfg_get constraint timing]]
| INFO     | job0 | floorplan.init       | 0 | set sc_delaymodel [sc_cfg_get asic delaymodel]
| INFO     | job0 | floorplan.init       | 0 | # Read Liberty
| INFO     | job0 | floorplan.init       | 0 | utl::info FLW 1 "Defining timing corners: $sc_scenarios"
| INFO     | job0 | floorplan.init       | 0 | [INFO FLW-0001] Defining timing corners: slow fast typical
| INFO     | job0 | floorplan.init       | 0 | define_corners {*}$sc_scenarios
| INFO     | job0 | floorplan.init       | 0 | foreach lib "$sc_targetlibs $sc_macrolibs" {
| INFO     | job0 | floorplan.init       | 0 |     #Liberty
| INFO     | job0 | floorplan.init       | 0 |     foreach corner $sc_scenarios {
| INFO     | job0 | floorplan.init       | 0 |         foreach libcorner [sc_cfg_get constraint timing $corner libcorner] {
| INFO     | job0 | floorplan.init       | 0 |             if { [sc_cfg_exists library $lib output $libcorner $sc_delaymodel] } {
| INFO     | job0 | floorplan.init       | 0 |                 foreach lib_file [sc_cfg_get library $lib output $libcorner $sc_delaymodel] {
| INFO     | job0 | floorplan.init       | 0 |                     puts "Reading liberty file for ${corner} ($libcorner): ${lib_file}"
| INFO     | job0 | floorplan.init       | 0 |                     read_liberty -corner $corner $lib_file
| INFO     | job0 | floorplan.init       | 0 |                 }
| INFO     | job0 | floorplan.init       | 0 |                 break
| INFO     | job0 | floorplan.init       | 0 |             }
| INFO     | job0 | floorplan.init       | 0 |         }
| INFO     | job0 | floorplan.init       | 0 |     }
| INFO     | job0 | floorplan.init       | 0 | }
| INFO     | job0 | floorplan.init       | 0 | Reading liberty file for slow (slow): /nfs/sc_compute/cache/lambdapdk-v0.1.50/lambdapdk/sky130/libs/sky130hd/nldm/sky130_fd_sc_hd__ss_n40C_1v40.lib.gz
| INFO     | job0 | floorplan.init       | 0 | Reading liberty file for fast (fast): /nfs/sc_compute/cache/lambdapdk-v0.1.50/lambdapdk/sky130/libs/sky130hd/nldm/sky130_fd_sc_hd__ff_100C_1v95.lib.gz
| INFO     | job0 | floorplan.init       | 0 | Reading liberty file for typical (typical): /nfs/sc_compute/cache/lambdapdk-v0.1.50/lambdapdk/sky130/libs/sky130hd/nldm/sky130_fd_sc_hd__tt_025C_1v80.lib.gz
| INFO     | job0 | floorplan.init       | 0 | source -echo "$sc_refdir/common/read_input_files.tcl"
| INFO     | job0 | floorplan.init       | 0 | ###############################
| INFO     | job0 | floorplan.init       | 0 | # Read design files
| INFO     | job0 | floorplan.init       | 0 | ###############################
| INFO     | job0 | floorplan.init       | 0 | if { [sc_has_input_files odb "input layout odb"] } {
| INFO     | job0 | floorplan.init       | 0 |     foreach odb_file [sc_get_input_files odb "input layout odb"] {
| INFO     | job0 | floorplan.init       | 0 |         puts "Reading ODB: ${odb_file}"
| INFO     | job0 | floorplan.init       | 0 |         read_db $odb_file
| INFO     | job0 | floorplan.init       | 0 |     }
| INFO     | job0 | floorplan.init       | 0 | } else {
| INFO     | job0 | floorplan.init       | 0 |     set sc_libtype [sc_cfg_get library $sc_mainlib asic libarch]
| INFO     | job0 | floorplan.init       | 0 |     set sc_techlef [sc_cfg_get pdk $sc_pdk aprtech openroad $sc_stackup $sc_libtype lef]
| INFO     | job0 | floorplan.init       | 0 |     # Read techlef
| INFO     | job0 | floorplan.init       | 0 |     puts "Reading techlef: ${sc_techlef}"
| INFO     | job0 | floorplan.init       | 0 |     read_lef $sc_techlef
| INFO     | job0 | floorplan.init       | 0 |     # Read Lefs
| INFO     | job0 | floorplan.init       | 0 |     foreach lib "$sc_targetlibs $sc_macrolibs" {
| INFO     | job0 | floorplan.init       | 0 |         foreach lef_file [sc_cfg_get library $lib output $sc_stackup lef] {
| INFO     | job0 | floorplan.init       | 0 |             puts "Reading lef: ${lef_file}"
| INFO     | job0 | floorplan.init       | 0 |             read_lef $lef_file
| INFO     | job0 | floorplan.init       | 0 |         }
| INFO     | job0 | floorplan.init       | 0 |     }
| INFO     | job0 | floorplan.init       | 0 |     if { [file exists "inputs/${sc_design}.def"] } {
| INFO     | job0 | floorplan.init       | 0 |         # Read DEF
| INFO     | job0 | floorplan.init       | 0 |         # get from previous step
| INFO     | job0 | floorplan.init       | 0 |         puts "Reading DEF: inputs/${sc_design}.def"
| INFO     | job0 | floorplan.init       | 0 |         read_def "inputs/${sc_design}.def"
| INFO     | job0 | floorplan.init       | 0 |     } elseif { [sc_cfg_exists input layout def] } {
| INFO     | job0 | floorplan.init       | 0 |         # Read DEF
| INFO     | job0 | floorplan.init       | 0 |         set sc_def [lindex [sc_cfg_get input layout def] 0]
| INFO     | job0 | floorplan.init       | 0 |         puts "Reading DEF: ${sc_def}"
| INFO     | job0 | floorplan.init       | 0 |         read_def $sc_def
| INFO     | job0 | floorplan.init       | 0 |     } elseif { [file exists "inputs/${sc_design}.vg"] } {
| INFO     | job0 | floorplan.init       | 0 |         # Read Verilog
| INFO     | job0 | floorplan.init       | 0 |         puts "Reading netlist verilog: inputs/${sc_design}.vg"
| INFO     | job0 | floorplan.init       | 0 |         read_verilog "inputs/${sc_design}.vg"
| INFO     | job0 | floorplan.init       | 0 |         link_design $sc_design
| INFO     | job0 | floorplan.init       | 0 |     } elseif { [sc_cfg_exists input netlist verilog] } {
| INFO     | job0 | floorplan.init       | 0 |         # Read Verilog
| INFO     | job0 | floorplan.init       | 0 |         foreach netlist [sc_cfg_get input netlist verilog] {
| INFO     | job0 | floorplan.init       | 0 |             puts "Reading netlist verilog: ${netlist}"
| INFO     | job0 | floorplan.init       | 0 |             read_verilog $netlist
| INFO     | job0 | floorplan.init       | 0 |         }
| INFO     | job0 | floorplan.init       | 0 |         link_design $sc_design
| INFO     | job0 | floorplan.init       | 0 |     } else {
| INFO     | job0 | floorplan.init       | 0 |         utl::error FLW 1 "No input files available"
| INFO     | job0 | floorplan.init       | 0 |     }
| INFO     | job0 | floorplan.init       | 0 |     # Handle global connect setup
| INFO     | job0 | floorplan.init       | 0 |     if { [sc_cfg_tool_task_exists {file} global_connect] } {
| INFO     | job0 | floorplan.init       | 0 |         foreach global_connect [sc_cfg_tool_task_get {file} global_connect] {
| INFO     | job0 | floorplan.init       | 0 |             puts "Loading global connect configuration: ${global_connect}"
| INFO     | job0 | floorplan.init       | 0 |             source $global_connect
| INFO     | job0 | floorplan.init       | 0 |         }
| INFO     | job0 | floorplan.init       | 0 |     }
| INFO     | job0 | floorplan.init       | 0 |     tee -file reports/global_connections.rpt {report_global_connect}
| INFO     | job0 | floorplan.init       | 0 | }
| INFO     | job0 | floorplan.init       | 0 | Reading techlef: /nfs/sc_compute/cache/lambdapdk-v0.1.50/lambdapdk/sky130/base/apr/sky130_fd_sc_hd.tlef
| INFO     | job0 | floorplan.init       | 0 | [INFO ODB-0227] LEF file: /nfs/sc_compute/cache/lambdapdk-v0.1.50/lambdapdk/sky130/base/apr/sky130_fd_sc_hd.tlef, created 11 layers, 25 vias
| INFO     | job0 | floorplan.init       | 0 | Reading lef: /nfs/sc_compute/cache/lambdapdk-v0.1.50/lambdapdk/sky130/libs/sky130hd/lef/sky130_fd_sc_hd_merged.lef
| INFO     | job0 | floorplan.init       | 0 | [INFO ODB-0227] LEF file: /nfs/sc_compute/cache/lambdapdk-v0.1.50/lambdapdk/sky130/libs/sky130hd/lef/sky130_fd_sc_hd_merged.lef, created 437 library cells
| INFO     | job0 | floorplan.init       | 0 | Reading lef: /nfs/sc_compute/builds/0dc368a6940a4df4bc65e8967a8d3eeb/picorv32_top/job0/sc_collected_files/sky130_sram_2kbyte_1rw1r_32x512_8_695d455dd42cefdaf6fa4679013a4f7cb4a3f394.lef
| INFO     | job0 | floorplan.init       | 0 | [INFO ODB-0227] LEF file: /nfs/sc_compute/builds/0dc368a6940a4df4bc65e8967a8d3eeb/picorv32_top/job0/sc_collected_files/sky130_sram_2kbyte_1rw1r_32x512_8_695d455dd42cefdaf6fa4679013a4f7cb4a3f394.lef, created 1 library cells
| INFO     | job0 | floorplan.init       | 0 | Reading netlist verilog: inputs/picorv32_top.vg
| INFO     | job0 | floorplan.init       | 0 | [WARNING ORD-2011] LEF master sky130_sram_2kbyte_1rw1r_32x512_8 has no liberty cell.
| INFO     | job0 | floorplan.init       | 0 | Loading global connect configuration: /nfs/sc_compute/cache/lambdapdk-v0.1.50/lambdapdk/sky130/libs/sky130hd/apr/openroad/global_connect.tcl
| INFO     | job0 | floorplan.init       | 0 | Global connection rules: 2
| INFO     | job0 | floorplan.init       | 0 |   Instances: ".*" with pins "VPWR" connect to "VDD"
| INFO     | job0 | floorplan.init       | 0 |   Instances: ".*" with pins "VGND" connect to "VSS"
| INFO     | job0 | floorplan.init       | 0 | source -echo "$sc_refdir/common/read_timing_constraints.tcl"
| INFO     | job0 | floorplan.init       | 0 | ###############################
| INFO     | job0 | floorplan.init       | 0 | # Read timing constraints
| INFO     | job0 | floorplan.init       | 0 | ###############################
| INFO     | job0 | floorplan.init       | 0 | if { [sc_has_input_files sdc "input constraint sdc"] } {
| INFO     | job0 | floorplan.init       | 0 |     foreach sdc [sc_get_input_files sdc "input constraint sdc"] {
| INFO     | job0 | floorplan.init       | 0 |         puts "Reading SDC: ${sdc}"
| INFO     | job0 | floorplan.init       | 0 |         read_sdc $sdc
| INFO     | job0 | floorplan.init       | 0 |     }
| INFO     | job0 | floorplan.init       | 0 | } else {
| INFO     | job0 | floorplan.init       | 0 |     # fall back on default auto generated constraints file
| INFO     | job0 | floorplan.init       | 0 |     set sdc [sc_cfg_tool_task_get {file} opensta_generic_sdc]
| INFO     | job0 | floorplan.init       | 0 |     puts "Reading SDC: ${sdc}"
| INFO     | job0 | floorplan.init       | 0 |     utl::warn FLW 1 "Defaulting back to default SDC"
| INFO     | job0 | floorplan.init       | 0 |     read_sdc "${sdc}"
| INFO     | job0 | floorplan.init       | 0 | }
| INFO     | job0 | floorplan.init       | 0 | Reading SDC: /venv/lib/python3.10/site-packages/siliconcompiler/tools/_common/sdc/sc_constraints.sdc
| INFO     | job0 | floorplan.init       | 0 | [WARNING FLW-0001] Defaulting back to default SDC
| INFO     | job0 | floorplan.init       | 0 | Creating clock clk0 with 25.000ns period and 0.000ns jitter.
| INFO     | job0 | floorplan.init       | 0 | Using sky130_fd_sc_hd__buf_1 as the SDC IO constraint cell
| INFO     | job0 | floorplan.init       | 0 | Setting output load constraint to 0.023pF.
| INFO     | job0 | floorplan.init       | 0 | Setting input driving pin constraint to sky130_fd_sc_hd__buf_1/X.
| INFO     | job0 | floorplan.init       | 0 | ###############################
| INFO     | job0 | floorplan.init       | 0 | # Common Setup
| INFO     | job0 | floorplan.init       | 0 | ###############################
| INFO     | job0 | floorplan.init       | 0 | sc_setup_sta
| INFO     | job0 | floorplan.init       | 0 | Warning: There are 68 input ports missing set_input_delay.
| INFO     | job0 | floorplan.init       | 0 |   irq[0]
| INFO     | job0 | floorplan.init       | 0 |   irq[10]
| INFO     | job0 | floorplan.init       | 0 |   irq[11]
| INFO     | job0 | floorplan.init       | 0 |   irq[12]
| INFO     | job0 | floorplan.init       | 0 |   irq[13]
| INFO     | job0 | floorplan.init       | 0 |   irq[14]
| INFO     | job0 | floorplan.init       | 0 |   irq[15]
| INFO     | job0 | floorplan.init       | 0 |   irq[16]
| INFO     | job0 | floorplan.init       | 0 |   irq[17]
| INFO     | job0 | floorplan.init       | 0 |   irq[18]
| INFO     | job0 | floorplan.init       | 0 |   irq[19]
| INFO     | job0 | floorplan.init       | 0 |   irq[1]
| INFO     | job0 | floorplan.init       | 0 |   irq[20]
| INFO     | job0 | floorplan.init       | 0 |   irq[21]
| INFO     | job0 | floorplan.init       | 0 |   irq[22]
| INFO     | job0 | floorplan.init       | 0 |   irq[23]
| INFO     | job0 | floorplan.init       | 0 |   irq[24]
| INFO     | job0 | floorplan.init       | 0 |   irq[25]
| INFO     | job0 | floorplan.init       | 0 |   irq[26]
| INFO     | job0 | floorplan.init       | 0 |   irq[27]
| INFO     | job0 | floorplan.init       | 0 |   irq[28]
| INFO     | job0 | floorplan.init       | 0 |   irq[29]
| INFO     | job0 | floorplan.init       | 0 |   irq[2]
| INFO     | job0 | floorplan.init       | 0 |   irq[30]
| INFO     | job0 | floorplan.init       | 0 |   irq[31]
| INFO     | job0 | floorplan.init       | 0 |   irq[3]
| INFO     | job0 | floorplan.init       | 0 |   irq[4]
| INFO     | job0 | floorplan.init       | 0 |   irq[5]
| INFO     | job0 | floorplan.init       | 0 |   irq[6]
| INFO     | job0 | floorplan.init       | 0 |   irq[7]
| INFO     | job0 | floorplan.init       | 0 |   irq[8]
| INFO     | job0 | floorplan.init       | 0 |   irq[9]
| INFO     | job0 | floorplan.init       | 0 |   pcpi_rd[0]
| INFO     | job0 | floorplan.init       | 0 |   pcpi_rd[10]
| INFO     | job0 | floorplan.init       | 0 |   pcpi_rd[11]
| INFO     | job0 | floorplan.init       | 0 |   pcpi_rd[12]
| INFO     | job0 | floorplan.init       | 0 |   pcpi_rd[13]
| INFO     | job0 | floorplan.init       | 0 |   pcpi_rd[14]
| INFO     | job0 | floorplan.init       | 0 |   pcpi_rd[15]
| INFO     | job0 | floorplan.init       | 0 |   pcpi_rd[16]
| INFO     | job0 | floorplan.init       | 0 |   pcpi_rd[17]
| INFO     | job0 | floorplan.init       | 0 |   pcpi_rd[18]
| INFO     | job0 | floorplan.init       | 0 |   pcpi_rd[19]
| INFO     | job0 | floorplan.init       | 0 |   pcpi_rd[1]
| INFO     | job0 | floorplan.init       | 0 |   pcpi_rd[20]
| INFO     | job0 | floorplan.init       | 0 |   pcpi_rd[21]
| INFO     | job0 | floorplan.init       | 0 |   pcpi_rd[22]
| INFO     | job0 | floorplan.init       | 0 |   pcpi_rd[23]
| INFO     | job0 | floorplan.init       | 0 |   pcpi_rd[24]
| INFO     | job0 | floorplan.init       | 0 |   pcpi_rd[25]
| INFO     | job0 | floorplan.init       | 0 |   pcpi_rd[26]
| INFO     | job0 | floorplan.init       | 0 |   pcpi_rd[27]
| INFO     | job0 | floorplan.init       | 0 |   pcpi_rd[28]
| INFO     | job0 | floorplan.init       | 0 |   pcpi_rd[29]
| INFO     | job0 | floorplan.init       | 0 |   pcpi_rd[2]
| INFO     | job0 | floorplan.init       | 0 |   pcpi_rd[30]
| INFO     | job0 | floorplan.init       | 0 |   pcpi_rd[31]
| INFO     | job0 | floorplan.init       | 0 |   pcpi_rd[3]
| INFO     | job0 | floorplan.init       | 0 |   pcpi_rd[4]
| INFO     | job0 | floorplan.init       | 0 |   pcpi_rd[5]
| INFO     | job0 | floorplan.init       | 0 |   pcpi_rd[6]
| INFO     | job0 | floorplan.init       | 0 |   pcpi_rd[7]
| INFO     | job0 | floorplan.init       | 0 |   pcpi_rd[8]
| INFO     | job0 | floorplan.init       | 0 |   pcpi_rd[9]
| INFO     | job0 | floorplan.init       | 0 |   pcpi_ready
| INFO     | job0 | floorplan.init       | 0 |   pcpi_wait
| INFO     | job0 | floorplan.init       | 0 |   pcpi_wr
| INFO     | job0 | floorplan.init       | 0 |   resetn
| INFO     | job0 | floorplan.init       | 0 | Warning: There are 133 output ports missing set_output_delay.
| INFO     | job0 | floorplan.init       | 0 |   mem_la_addr[10]
| INFO     | job0 | floorplan.init       | 0 |   mem_la_addr[11]
| INFO     | job0 | floorplan.init       | 0 |   mem_la_addr[12]
| INFO     | job0 | floorplan.init       | 0 |   mem_la_addr[13]
| INFO     | job0 | floorplan.init       | 0 |   mem_la_addr[14]
| INFO     | job0 | floorplan.init       | 0 |   mem_la_addr[15]
| INFO     | job0 | floorplan.init       | 0 |   mem_la_addr[16]
| INFO     | job0 | floorplan.init       | 0 |   mem_la_addr[17]
| INFO     | job0 | floorplan.init       | 0 |   mem_la_addr[18]
| INFO     | job0 | floorplan.init       | 0 |   mem_la_addr[19]
| INFO     | job0 | floorplan.init       | 0 |   mem_la_addr[20]
| INFO     | job0 | floorplan.init       | 0 |   mem_la_addr[21]
| INFO     | job0 | floorplan.init       | 0 |   mem_la_addr[22]
| INFO     | job0 | floorplan.init       | 0 |   mem_la_addr[23]
| INFO     | job0 | floorplan.init       | 0 |   mem_la_addr[24]
| INFO     | job0 | floorplan.init       | 0 |   mem_la_addr[25]
| INFO     | job0 | floorplan.init       | 0 |   mem_la_addr[26]
| INFO     | job0 | floorplan.init       | 0 |   mem_la_addr[27]
| INFO     | job0 | floorplan.init       | 0 |   mem_la_addr[28]
| INFO     | job0 | floorplan.init       | 0 |   mem_la_addr[29]
| INFO     | job0 | floorplan.init       | 0 |   mem_la_addr[2]
| INFO     | job0 | floorplan.init       | 0 |   mem_la_addr[30]
| INFO     | job0 | floorplan.init       | 0 |   mem_la_addr[31]
| INFO     | job0 | floorplan.init       | 0 |   mem_la_addr[3]
| INFO     | job0 | floorplan.init       | 0 |   mem_la_addr[4]
| INFO     | job0 | floorplan.init       | 0 |   mem_la_addr[5]
| INFO     | job0 | floorplan.init       | 0 |   mem_la_addr[6]
| INFO     | job0 | floorplan.init       | 0 |   mem_la_addr[7]
| INFO     | job0 | floorplan.init       | 0 |   mem_la_addr[8]
| INFO     | job0 | floorplan.init       | 0 |   mem_la_addr[9]
| INFO     | job0 | floorplan.init       | 0 |   mem_la_read
| INFO     | job0 | floorplan.init       | 0 |   mem_la_wdata[0]
| INFO     | job0 | floorplan.init       | 0 |   mem_la_wdata[10]
| INFO     | job0 | floorplan.init       | 0 |   mem_la_wdata[11]
| INFO     | job0 | floorplan.init       | 0 |   mem_la_wdata[12]
| INFO     | job0 | floorplan.init       | 0 |   mem_la_wdata[13]
| INFO     | job0 | floorplan.init       | 0 |   mem_la_wdata[14]
| INFO     | job0 | floorplan.init       | 0 |   mem_la_wdata[15]
| INFO     | job0 | floorplan.init       | 0 |   mem_la_wdata[16]
| INFO     | job0 | floorplan.init       | 0 |   mem_la_wdata[17]
| INFO     | job0 | floorplan.init       | 0 |   mem_la_wdata[18]
| INFO     | job0 | floorplan.init       | 0 |   mem_la_wdata[19]
| INFO     | job0 | floorplan.init       | 0 |   mem_la_wdata[1]
| INFO     | job0 | floorplan.init       | 0 |   mem_la_wdata[20]
| INFO     | job0 | floorplan.init       | 0 |   mem_la_wdata[21]
| INFO     | job0 | floorplan.init       | 0 |   mem_la_wdata[22]
| INFO     | job0 | floorplan.init       | 0 |   mem_la_wdata[23]
| INFO     | job0 | floorplan.init       | 0 |   mem_la_wdata[24]
| INFO     | job0 | floorplan.init       | 0 |   mem_la_wdata[25]
| INFO     | job0 | floorplan.init       | 0 |   mem_la_wdata[26]
| INFO     | job0 | floorplan.init       | 0 |   mem_la_wdata[27]
| INFO     | job0 | floorplan.init       | 0 |   mem_la_wdata[28]
| INFO     | job0 | floorplan.init       | 0 |   mem_la_wdata[29]
| INFO     | job0 | floorplan.init       | 0 |   mem_la_wdata[2]
| INFO     | job0 | floorplan.init       | 0 |   mem_la_wdata[30]
| INFO     | job0 | floorplan.init       | 0 |   mem_la_wdata[31]
| INFO     | job0 | floorplan.init       | 0 |   mem_la_wdata[3]
| INFO     | job0 | floorplan.init       | 0 |   mem_la_wdata[4]
| INFO     | job0 | floorplan.init       | 0 |   mem_la_wdata[5]
| INFO     | job0 | floorplan.init       | 0 |   mem_la_wdata[6]
| INFO     | job0 | floorplan.init       | 0 |   mem_la_wdata[7]
| INFO     | job0 | floorplan.init       | 0 |   mem_la_wdata[8]
| INFO     | job0 | floorplan.init       | 0 |   mem_la_wdata[9]
| INFO     | job0 | floorplan.init       | 0 |   mem_la_write
| INFO     | job0 | floorplan.init       | 0 |   mem_la_wstrb[0]
| INFO     | job0 | floorplan.init       | 0 |   mem_la_wstrb[1]
| INFO     | job0 | floorplan.init       | 0 |   mem_la_wstrb[2]
| INFO     | job0 | floorplan.init       | 0 |   mem_la_wstrb[3]
| INFO     | job0 | floorplan.init       | 0 |   pcpi_rs1[0]
| INFO     | job0 | floorplan.init       | 0 |   pcpi_rs1[10]
| INFO     | job0 | floorplan.init       | 0 |   pcpi_rs1[11]
| INFO     | job0 | floorplan.init       | 0 |   pcpi_rs1[12]
| INFO     | job0 | floorplan.init       | 0 |   pcpi_rs1[13]
| INFO     | job0 | floorplan.init       | 0 |   pcpi_rs1[14]
| INFO     | job0 | floorplan.init       | 0 |   pcpi_rs1[15]
| INFO     | job0 | floorplan.init       | 0 |   pcpi_rs1[16]
| INFO     | job0 | floorplan.init       | 0 |   pcpi_rs1[17]
| INFO     | job0 | floorplan.init       | 0 |   pcpi_rs1[18]
| INFO     | job0 | floorplan.init       | 0 |   pcpi_rs1[19]
| INFO     | job0 | floorplan.init       | 0 |   pcpi_rs1[1]
| INFO     | job0 | floorplan.init       | 0 |   pcpi_rs1[20]
| INFO     | job0 | floorplan.init       | 0 |   pcpi_rs1[21]
| INFO     | job0 | floorplan.init       | 0 |   pcpi_rs1[22]
| INFO     | job0 | floorplan.init       | 0 |   pcpi_rs1[23]
| INFO     | job0 | floorplan.init       | 0 |   pcpi_rs1[24]
| INFO     | job0 | floorplan.init       | 0 |   pcpi_rs1[25]
| INFO     | job0 | floorplan.init       | 0 |   pcpi_rs1[26]
| INFO     | job0 | floorplan.init       | 0 |   pcpi_rs1[27]
| INFO     | job0 | floorplan.init       | 0 |   pcpi_rs1[28]
| INFO     | job0 | floorplan.init       | 0 |   pcpi_rs1[29]
| INFO     | job0 | floorplan.init       | 0 |   pcpi_rs1[2]
| INFO     | job0 | floorplan.init       | 0 |   pcpi_rs1[30]
| INFO     | job0 | floorplan.init       | 0 |   pcpi_rs1[31]
| INFO     | job0 | floorplan.init       | 0 |   pcpi_rs1[3]
| INFO     | job0 | floorplan.init       | 0 |   pcpi_rs1[4]
| INFO     | job0 | floorplan.init       | 0 |   pcpi_rs1[5]
| INFO     | job0 | floorplan.init       | 0 |   pcpi_rs1[6]
| INFO     | job0 | floorplan.init       | 0 |   pcpi_rs1[7]
| INFO     | job0 | floorplan.init       | 0 |   pcpi_rs1[8]
| INFO     | job0 | floorplan.init       | 0 |   pcpi_rs1[9]
| INFO     | job0 | floorplan.init       | 0 |   pcpi_rs2[0]
| INFO     | job0 | floorplan.init       | 0 |   pcpi_rs2[10]
| INFO     | job0 | floorplan.init       | 0 |   pcpi_rs2[11]
| INFO     | job0 | floorplan.init       | 0 |   pcpi_rs2[12]
| INFO     | job0 | floorplan.init       | 0 |   pcpi_rs2[13]
| INFO     | job0 | floorplan.init       | 0 |   pcpi_rs2[14]
| INFO     | job0 | floorplan.init       | 0 |   pcpi_rs2[15]
| INFO     | job0 | floorplan.init       | 0 |   pcpi_rs2[16]
| INFO     | job0 | floorplan.init       | 0 |   pcpi_rs2[17]
| INFO     | job0 | floorplan.init       | 0 |   pcpi_rs2[18]
| INFO     | job0 | floorplan.init       | 0 |   pcpi_rs2[19]
| INFO     | job0 | floorplan.init       | 0 |   pcpi_rs2[1]
| INFO     | job0 | floorplan.init       | 0 |   pcpi_rs2[20]
| INFO     | job0 | floorplan.init       | 0 |   pcpi_rs2[21]
| INFO     | job0 | floorplan.init       | 0 |   pcpi_rs2[22]
| INFO     | job0 | floorplan.init       | 0 |   pcpi_rs2[23]
| INFO     | job0 | floorplan.init       | 0 |   pcpi_rs2[24]
| INFO     | job0 | floorplan.init       | 0 |   pcpi_rs2[25]
| INFO     | job0 | floorplan.init       | 0 |   pcpi_rs2[26]
| INFO     | job0 | floorplan.init       | 0 |   pcpi_rs2[27]
| INFO     | job0 | floorplan.init       | 0 |   pcpi_rs2[28]
| INFO     | job0 | floorplan.init       | 0 |   pcpi_rs2[29]
| INFO     | job0 | floorplan.init       | 0 |   pcpi_rs2[2]
| INFO     | job0 | floorplan.init       | 0 |   pcpi_rs2[30]
| INFO     | job0 | floorplan.init       | 0 |   pcpi_rs2[31]
| INFO     | job0 | floorplan.init       | 0 |   pcpi_rs2[3]
| INFO     | job0 | floorplan.init       | 0 |   pcpi_rs2[4]
| INFO     | job0 | floorplan.init       | 0 |   pcpi_rs2[5]
| INFO     | job0 | floorplan.init       | 0 |   pcpi_rs2[6]
| INFO     | job0 | floorplan.init       | 0 |   pcpi_rs2[7]
| INFO     | job0 | floorplan.init       | 0 |   pcpi_rs2[8]
| INFO     | job0 | floorplan.init       | 0 |   pcpi_rs2[9]
| INFO     | job0 | floorplan.init       | 0 |   trap
| INFO     | job0 | floorplan.init       | 0 | Warning: There are 301 unconstrained endpoints.
| INFO     | job0 | floorplan.init       | 0 |   eoi[0]
| INFO     | job0 | floorplan.init       | 0 |   eoi[10]
| INFO     | job0 | floorplan.init       | 0 |   eoi[11]
| INFO     | job0 | floorplan.init       | 0 |   eoi[12]
| INFO     | job0 | floorplan.init       | 0 |   eoi[13]
| INFO     | job0 | floorplan.init       | 0 |   eoi[14]
| INFO     | job0 | floorplan.init       | 0 |   eoi[15]
| INFO     | job0 | floorplan.init       | 0 |   eoi[16]
| INFO     | job0 | floorplan.init       | 0 |   eoi[17]
| INFO     | job0 | floorplan.init       | 0 |   eoi[18]
| INFO     | job0 | floorplan.init       | 0 |   eoi[19]
| INFO     | job0 | floorplan.init       | 0 |   eoi[1]
| INFO     | job0 | floorplan.init       | 0 |   eoi[20]
| INFO     | job0 | floorplan.init       | 0 |   eoi[21]
| INFO     | job0 | floorplan.init       | 0 |   eoi[22]
| INFO     | job0 | floorplan.init       | 0 |   eoi[23]
| INFO     | job0 | floorplan.init       | 0 |   eoi[24]
| INFO     | job0 | floorplan.init       | 0 |   eoi[25]
| INFO     | job0 | floorplan.init       | 0 |   eoi[26]
| INFO     | job0 | floorplan.init       | 0 |   eoi[27]
| INFO     | job0 | floorplan.init       | 0 |   eoi[28]
| INFO     | job0 | floorplan.init       | 0 |   eoi[29]
| INFO     | job0 | floorplan.init       | 0 |   eoi[2]
| INFO     | job0 | floorplan.init       | 0 |   eoi[30]
| INFO     | job0 | floorplan.init       | 0 |   eoi[31]
| INFO     | job0 | floorplan.init       | 0 |   eoi[3]
| INFO     | job0 | floorplan.init       | 0 |   eoi[4]
| INFO     | job0 | floorplan.init       | 0 |   eoi[5]
| INFO     | job0 | floorplan.init       | 0 |   eoi[6]
| INFO     | job0 | floorplan.init       | 0 |   eoi[7]
| INFO     | job0 | floorplan.init       | 0 |   eoi[8]
| INFO     | job0 | floorplan.init       | 0 |   eoi[9]
| INFO     | job0 | floorplan.init       | 0 |   mem_la_addr[0]
| INFO     | job0 | floorplan.init       | 0 |   mem_la_addr[10]
| INFO     | job0 | floorplan.init       | 0 |   mem_la_addr[11]
| INFO     | job0 | floorplan.init       | 0 |   mem_la_addr[12]
| INFO     | job0 | floorplan.init       | 0 |   mem_la_addr[13]
| INFO     | job0 | floorplan.init       | 0 |   mem_la_addr[14]
| INFO     | job0 | floorplan.init       | 0 |   mem_la_addr[15]
| INFO     | job0 | floorplan.init       | 0 |   mem_la_addr[16]
| INFO     | job0 | floorplan.init       | 0 |   mem_la_addr[17]
| INFO     | job0 | floorplan.init       | 0 |   mem_la_addr[18]
| INFO     | job0 | floorplan.init       | 0 |   mem_la_addr[19]
| INFO     | job0 | floorplan.init       | 0 |   mem_la_addr[1]
| INFO     | job0 | floorplan.init       | 0 |   mem_la_addr[20]
| INFO     | job0 | floorplan.init       | 0 |   mem_la_addr[21]
| INFO     | job0 | floorplan.init       | 0 |   mem_la_addr[22]
| INFO     | job0 | floorplan.init       | 0 |   mem_la_addr[23]
| INFO     | job0 | floorplan.init       | 0 |   mem_la_addr[24]
| INFO     | job0 | floorplan.init       | 0 |   mem_la_addr[25]
| INFO     | job0 | floorplan.init       | 0 |   mem_la_addr[26]
| INFO     | job0 | floorplan.init       | 0 |   mem_la_addr[27]
| INFO     | job0 | floorplan.init       | 0 |   mem_la_addr[28]
| INFO     | job0 | floorplan.init       | 0 |   mem_la_addr[29]
| INFO     | job0 | floorplan.init       | 0 |   mem_la_addr[2]
| INFO     | job0 | floorplan.init       | 0 |   mem_la_addr[30]
| INFO     | job0 | floorplan.init       | 0 |   mem_la_addr[31]
| INFO     | job0 | floorplan.init       | 0 |   mem_la_addr[3]
| INFO     | job0 | floorplan.init       | 0 |   mem_la_addr[4]
| INFO     | job0 | floorplan.init       | 0 |   mem_la_addr[5]
| INFO     | job0 | floorplan.init       | 0 |   mem_la_addr[6]
| INFO     | job0 | floorplan.init       | 0 |   mem_la_addr[7]
| INFO     | job0 | floorplan.init       | 0 |   mem_la_addr[8]
| INFO     | job0 | floorplan.init       | 0 |   mem_la_addr[9]
| INFO     | job0 | floorplan.init       | 0 |   mem_la_read
| INFO     | job0 | floorplan.init       | 0 |   mem_la_wdata[0]
| INFO     | job0 | floorplan.init       | 0 |   mem_la_wdata[10]
| INFO     | job0 | floorplan.init       | 0 |   mem_la_wdata[11]
| INFO     | job0 | floorplan.init       | 0 |   mem_la_wdata[12]
| INFO     | job0 | floorplan.init       | 0 |   mem_la_wdata[13]
| INFO     | job0 | floorplan.init       | 0 |   mem_la_wdata[14]
| INFO     | job0 | floorplan.init       | 0 |   mem_la_wdata[15]
| INFO     | job0 | floorplan.init       | 0 |   mem_la_wdata[16]
| INFO     | job0 | floorplan.init       | 0 |   mem_la_wdata[17]
| INFO     | job0 | floorplan.init       | 0 |   mem_la_wdata[18]
| INFO     | job0 | floorplan.init       | 0 |   mem_la_wdata[19]
| INFO     | job0 | floorplan.init       | 0 |   mem_la_wdata[1]
| INFO     | job0 | floorplan.init       | 0 |   mem_la_wdata[20]
| INFO     | job0 | floorplan.init       | 0 |   mem_la_wdata[21]
| INFO     | job0 | floorplan.init       | 0 |   mem_la_wdata[22]
| INFO     | job0 | floorplan.init       | 0 |   mem_la_wdata[23]
| INFO     | job0 | floorplan.init       | 0 |   mem_la_wdata[24]
| INFO     | job0 | floorplan.init       | 0 |   mem_la_wdata[25]
| INFO     | job0 | floorplan.init       | 0 |   mem_la_wdata[26]
| INFO     | job0 | floorplan.init       | 0 |   mem_la_wdata[27]
| INFO     | job0 | floorplan.init       | 0 |   mem_la_wdata[28]
| INFO     | job0 | floorplan.init       | 0 |   mem_la_wdata[29]
| INFO     | job0 | floorplan.init       | 0 |   mem_la_wdata[2]
| INFO     | job0 | floorplan.init       | 0 |   mem_la_wdata[30]
| INFO     | job0 | floorplan.init       | 0 |   mem_la_wdata[31]
| INFO     | job0 | floorplan.init       | 0 |   mem_la_wdata[3]
| INFO     | job0 | floorplan.init       | 0 |   mem_la_wdata[4]
| INFO     | job0 | floorplan.init       | 0 |   mem_la_wdata[5]
| INFO     | job0 | floorplan.init       | 0 |   mem_la_wdata[6]
| INFO     | job0 | floorplan.init       | 0 |   mem_la_wdata[7]
| INFO     | job0 | floorplan.init       | 0 |   mem_la_wdata[8]
| INFO     | job0 | floorplan.init       | 0 |   mem_la_wdata[9]
| INFO     | job0 | floorplan.init       | 0 |   mem_la_write
| INFO     | job0 | floorplan.init       | 0 |   mem_la_wstrb[0]
| INFO     | job0 | floorplan.init       | 0 |   mem_la_wstrb[1]
| INFO     | job0 | floorplan.init       | 0 |   mem_la_wstrb[2]
| INFO     | job0 | floorplan.init       | 0 |   mem_la_wstrb[3]
| INFO     | job0 | floorplan.init       | 0 |   pcpi_insn[0]
| INFO     | job0 | floorplan.init       | 0 |   pcpi_insn[10]
| INFO     | job0 | floorplan.init       | 0 |   pcpi_insn[11]
| INFO     | job0 | floorplan.init       | 0 |   pcpi_insn[12]
| INFO     | job0 | floorplan.init       | 0 |   pcpi_insn[13]
| INFO     | job0 | floorplan.init       | 0 |   pcpi_insn[14]
| INFO     | job0 | floorplan.init       | 0 |   pcpi_insn[15]
| INFO     | job0 | floorplan.init       | 0 |   pcpi_insn[16]
| INFO     | job0 | floorplan.init       | 0 |   pcpi_insn[17]
| INFO     | job0 | floorplan.init       | 0 |   pcpi_insn[18]
| INFO     | job0 | floorplan.init       | 0 |   pcpi_insn[19]
| INFO     | job0 | floorplan.init       | 0 |   pcpi_insn[1]
| INFO     | job0 | floorplan.init       | 0 |   pcpi_insn[20]
| INFO     | job0 | floorplan.init       | 0 |   pcpi_insn[21]
| INFO     | job0 | floorplan.init       | 0 |   pcpi_insn[22]
| INFO     | job0 | floorplan.init       | 0 |   pcpi_insn[23]
| INFO     | job0 | floorplan.init       | 0 |   pcpi_insn[24]
| INFO     | job0 | floorplan.init       | 0 |   pcpi_insn[25]
| INFO     | job0 | floorplan.init       | 0 |   pcpi_insn[26]
| INFO     | job0 | floorplan.init       | 0 |   pcpi_insn[27]
| INFO     | job0 | floorplan.init       | 0 |   pcpi_insn[28]
| INFO     | job0 | floorplan.init       | 0 |   pcpi_insn[29]
| INFO     | job0 | floorplan.init       | 0 |   pcpi_insn[2]
| INFO     | job0 | floorplan.init       | 0 |   pcpi_insn[30]
| INFO     | job0 | floorplan.init       | 0 |   pcpi_insn[31]
| INFO     | job0 | floorplan.init       | 0 |   pcpi_insn[3]
| INFO     | job0 | floorplan.init       | 0 |   pcpi_insn[4]
| INFO     | job0 | floorplan.init       | 0 |   pcpi_insn[5]
| INFO     | job0 | floorplan.init       | 0 |   pcpi_insn[6]
| INFO     | job0 | floorplan.init       | 0 |   pcpi_insn[7]
| INFO     | job0 | floorplan.init       | 0 |   pcpi_insn[8]
| INFO     | job0 | floorplan.init       | 0 |   pcpi_insn[9]
| INFO     | job0 | floorplan.init       | 0 |   pcpi_rs1[0]
| INFO     | job0 | floorplan.init       | 0 |   pcpi_rs1[10]
| INFO     | job0 | floorplan.init       | 0 |   pcpi_rs1[11]
| INFO     | job0 | floorplan.init       | 0 |   pcpi_rs1[12]
| INFO     | job0 | floorplan.init       | 0 |   pcpi_rs1[13]
| INFO     | job0 | floorplan.init       | 0 |   pcpi_rs1[14]
| INFO     | job0 | floorplan.init       | 0 |   pcpi_rs1[15]
| INFO     | job0 | floorplan.init       | 0 |   pcpi_rs1[16]
| INFO     | job0 | floorplan.init       | 0 |   pcpi_rs1[17]
| INFO     | job0 | floorplan.init       | 0 |   pcpi_rs1[18]
| INFO     | job0 | floorplan.init       | 0 |   pcpi_rs1[19]
| INFO     | job0 | floorplan.init       | 0 |   pcpi_rs1[1]
| INFO     | job0 | floorplan.init       | 0 |   pcpi_rs1[20]
| INFO     | job0 | floorplan.init       | 0 |   pcpi_rs1[21]
| INFO     | job0 | floorplan.init       | 0 |   pcpi_rs1[22]
| INFO     | job0 | floorplan.init       | 0 |   pcpi_rs1[23]
| INFO     | job0 | floorplan.init       | 0 |   pcpi_rs1[24]
| INFO     | job0 | floorplan.init       | 0 |   pcpi_rs1[25]
| INFO     | job0 | floorplan.init       | 0 |   pcpi_rs1[26]
| INFO     | job0 | floorplan.init       | 0 |   pcpi_rs1[27]
| INFO     | job0 | floorplan.init       | 0 |   pcpi_rs1[28]
| INFO     | job0 | floorplan.init       | 0 |   pcpi_rs1[29]
| INFO     | job0 | floorplan.init       | 0 |   pcpi_rs1[2]
| INFO     | job0 | floorplan.init       | 0 |   pcpi_rs1[30]
| INFO     | job0 | floorplan.init       | 0 |   pcpi_rs1[31]
| INFO     | job0 | floorplan.init       | 0 |   pcpi_rs1[3]
| INFO     | job0 | floorplan.init       | 0 |   pcpi_rs1[4]
| INFO     | job0 | floorplan.init       | 0 |   pcpi_rs1[5]
| INFO     | job0 | floorplan.init       | 0 |   pcpi_rs1[6]
| INFO     | job0 | floorplan.init       | 0 |   pcpi_rs1[7]
| INFO     | job0 | floorplan.init       | 0 |   pcpi_rs1[8]
| INFO     | job0 | floorplan.init       | 0 |   pcpi_rs1[9]
| INFO     | job0 | floorplan.init       | 0 |   pcpi_rs2[0]
| INFO     | job0 | floorplan.init       | 0 |   pcpi_rs2[10]
| INFO     | job0 | floorplan.init       | 0 |   pcpi_rs2[11]
| INFO     | job0 | floorplan.init       | 0 |   pcpi_rs2[12]
| INFO     | job0 | floorplan.init       | 0 |   pcpi_rs2[13]
| INFO     | job0 | floorplan.init       | 0 |   pcpi_rs2[14]
| INFO     | job0 | floorplan.init       | 0 |   pcpi_rs2[15]
| INFO     | job0 | floorplan.init       | 0 |   pcpi_rs2[16]
| INFO     | job0 | floorplan.init       | 0 |   pcpi_rs2[17]
| INFO     | job0 | floorplan.init       | 0 |   pcpi_rs2[18]
| INFO     | job0 | floorplan.init       | 0 |   pcpi_rs2[19]
| INFO     | job0 | floorplan.init       | 0 |   pcpi_rs2[1]
| INFO     | job0 | floorplan.init       | 0 |   pcpi_rs2[20]
| INFO     | job0 | floorplan.init       | 0 |   pcpi_rs2[21]
| INFO     | job0 | floorplan.init       | 0 |   pcpi_rs2[22]
| INFO     | job0 | floorplan.init       | 0 |   pcpi_rs2[23]
| INFO     | job0 | floorplan.init       | 0 |   pcpi_rs2[24]
| INFO     | job0 | floorplan.init       | 0 |   pcpi_rs2[25]
| INFO     | job0 | floorplan.init       | 0 |   pcpi_rs2[26]
| INFO     | job0 | floorplan.init       | 0 |   pcpi_rs2[27]
| INFO     | job0 | floorplan.init       | 0 |   pcpi_rs2[28]
| INFO     | job0 | floorplan.init       | 0 |   pcpi_rs2[29]
| INFO     | job0 | floorplan.init       | 0 |   pcpi_rs2[2]
| INFO     | job0 | floorplan.init       | 0 |   pcpi_rs2[30]
| INFO     | job0 | floorplan.init       | 0 |   pcpi_rs2[31]
| INFO     | job0 | floorplan.init       | 0 |   pcpi_rs2[3]
| INFO     | job0 | floorplan.init       | 0 |   pcpi_rs2[4]
| INFO     | job0 | floorplan.init       | 0 |   pcpi_rs2[5]
| INFO     | job0 | floorplan.init       | 0 |   pcpi_rs2[6]
| INFO     | job0 | floorplan.init       | 0 |   pcpi_rs2[7]
| INFO     | job0 | floorplan.init       | 0 |   pcpi_rs2[8]
| INFO     | job0 | floorplan.init       | 0 |   pcpi_rs2[9]
| INFO     | job0 | floorplan.init       | 0 |   pcpi_valid
| INFO     | job0 | floorplan.init       | 0 |   trace_data[0]
| INFO     | job0 | floorplan.init       | 0 |   trace_data[10]
| INFO     | job0 | floorplan.init       | 0 |   trace_data[11]
| INFO     | job0 | floorplan.init       | 0 |   trace_data[12]
| INFO     | job0 | floorplan.init       | 0 |   trace_data[13]
| INFO     | job0 | floorplan.init       | 0 |   trace_data[14]
| INFO     | job0 | floorplan.init       | 0 |   trace_data[15]
| INFO     | job0 | floorplan.init       | 0 |   trace_data[16]
| INFO     | job0 | floorplan.init       | 0 |   trace_data[17]
| INFO     | job0 | floorplan.init       | 0 |   trace_data[18]
| INFO     | job0 | floorplan.init       | 0 |   trace_data[19]
| INFO     | job0 | floorplan.init       | 0 |   trace_data[1]
| INFO     | job0 | floorplan.init       | 0 |   trace_data[20]
| INFO     | job0 | floorplan.init       | 0 |   trace_data[21]
| INFO     | job0 | floorplan.init       | 0 |   trace_data[22]
| INFO     | job0 | floorplan.init       | 0 |   trace_data[23]
| INFO     | job0 | floorplan.init       | 0 |   trace_data[24]
| INFO     | job0 | floorplan.init       | 0 |   trace_data[25]
| INFO     | job0 | floorplan.init       | 0 |   trace_data[26]
| INFO     | job0 | floorplan.init       | 0 |   trace_data[27]
| INFO     | job0 | floorplan.init       | 0 |   trace_data[28]
| INFO     | job0 | floorplan.init       | 0 |   trace_data[29]
| INFO     | job0 | floorplan.init       | 0 |   trace_data[2]
| INFO     | job0 | floorplan.init       | 0 |   trace_data[30]
| INFO     | job0 | floorplan.init       | 0 |   trace_data[31]
| INFO     | job0 | floorplan.init       | 0 |   trace_data[32]
| INFO     | job0 | floorplan.init       | 0 |   trace_data[33]
| INFO     | job0 | floorplan.init       | 0 |   trace_data[34]
| INFO     | job0 | floorplan.init       | 0 |   trace_data[35]
| INFO     | job0 | floorplan.init       | 0 |   trace_data[3]
| INFO     | job0 | floorplan.init       | 0 |   trace_data[4]
| INFO     | job0 | floorplan.init       | 0 |   trace_data[5]
| INFO     | job0 | floorplan.init       | 0 |   trace_data[6]
| INFO     | job0 | floorplan.init       | 0 |   trace_data[7]
| INFO     | job0 | floorplan.init       | 0 |   trace_data[8]
| INFO     | job0 | floorplan.init       | 0 |   trace_data[9]
| INFO     | job0 | floorplan.init       | 0 |   trace_valid
| INFO     | job0 | floorplan.init       | 0 |   trap
| INFO     | job0 | floorplan.init       | 0 |   rv32_soc/cpuregs[0][0]$_DFFE_PP_/DE
| INFO     | job0 | floorplan.init       | 0 |   rv32_soc/cpuregs[0][10]$_DFFE_PP_/DE
| INFO     | job0 | floorplan.init       | 0 |   rv32_soc/cpuregs[0][11]$_DFFE_PP_/DE
| INFO     | job0 | floorplan.init       | 0 |   rv32_soc/cpuregs[0][12]$_DFFE_PP_/DE
| INFO     | job0 | floorplan.init       | 0 |   rv32_soc/cpuregs[0][13]$_DFFE_PP_/DE
| INFO     | job0 | floorplan.init       | 0 |   rv32_soc/cpuregs[0][14]$_DFFE_PP_/DE
| INFO     | job0 | floorplan.init       | 0 |   rv32_soc/cpuregs[0][15]$_DFFE_PP_/DE
| INFO     | job0 | floorplan.init       | 0 |   rv32_soc/cpuregs[0][16]$_DFFE_PP_/DE
| INFO     | job0 | floorplan.init       | 0 |   rv32_soc/cpuregs[0][17]$_DFFE_PP_/DE
| INFO     | job0 | floorplan.init       | 0 |   rv32_soc/cpuregs[0][18]$_DFFE_PP_/DE
| INFO     | job0 | floorplan.init       | 0 |   rv32_soc/cpuregs[0][19]$_DFFE_PP_/DE
| INFO     | job0 | floorplan.init       | 0 |   rv32_soc/cpuregs[0][1]$_DFFE_PP_/DE
| INFO     | job0 | floorplan.init       | 0 |   rv32_soc/cpuregs[0][20]$_DFFE_PP_/DE
| INFO     | job0 | floorplan.init       | 0 |   rv32_soc/cpuregs[0][21]$_DFFE_PP_/DE
| INFO     | job0 | floorplan.init       | 0 |   rv32_soc/cpuregs[0][22]$_DFFE_PP_/DE
| INFO     | job0 | floorplan.init       | 0 |   rv32_soc/cpuregs[0][23]$_DFFE_PP_/DE
| INFO     | job0 | floorplan.init       | 0 |   rv32_soc/cpuregs[0][24]$_DFFE_PP_/DE
| INFO     | job0 | floorplan.init       | 0 |   rv32_soc/cpuregs[0][25]$_DFFE_PP_/DE
| INFO     | job0 | floorplan.init       | 0 |   rv32_soc/cpuregs[0][26]$_DFFE_PP_/DE
| INFO     | job0 | floorplan.init       | 0 |   rv32_soc/cpuregs[0][27]$_DFFE_PP_/DE
| INFO     | job0 | floorplan.init       | 0 |   rv32_soc/cpuregs[0][28]$_DFFE_PP_/DE
| INFO     | job0 | floorplan.init       | 0 |   rv32_soc/cpuregs[0][29]$_DFFE_PP_/DE
| INFO     | job0 | floorplan.init       | 0 |   rv32_soc/cpuregs[0][2]$_DFFE_PP_/DE
| INFO     | job0 | floorplan.init       | 0 |   rv32_soc/cpuregs[0][30]$_DFFE_PP_/DE
| INFO     | job0 | floorplan.init       | 0 |   rv32_soc/cpuregs[0][31]$_DFFE_PP_/DE
| INFO     | job0 | floorplan.init       | 0 |   rv32_soc/cpuregs[0][3]$_DFFE_PP_/DE
| INFO     | job0 | floorplan.init       | 0 |   rv32_soc/cpuregs[0][4]$_DFFE_PP_/DE
| INFO     | job0 | floorplan.init       | 0 |   rv32_soc/cpuregs[0][5]$_DFFE_PP_/DE
| INFO     | job0 | floorplan.init       | 0 |   rv32_soc/cpuregs[0][6]$_DFFE_PP_/DE
| INFO     | job0 | floorplan.init       | 0 |   rv32_soc/cpuregs[0][7]$_DFFE_PP_/DE
| INFO     | job0 | floorplan.init       | 0 |   rv32_soc/cpuregs[0][8]$_DFFE_PP_/DE
| INFO     | job0 | floorplan.init       | 0 |   rv32_soc/cpuregs[0][9]$_DFFE_PP_/DE
| INFO     | job0 | floorplan.init       | 0 |   rv32_soc/mem_rdata_q[0]$_DFFE_PP_/D
| INFO     | job0 | floorplan.init       | 0 |   rv32_soc/mem_rdata_q[10]$_DFFE_PP_/D
| INFO     | job0 | floorplan.init       | 0 |   rv32_soc/mem_rdata_q[11]$_DFFE_PP_/D
| INFO     | job0 | floorplan.init       | 0 |   rv32_soc/mem_rdata_q[12]$_DFFE_PP_/D
| INFO     | job0 | floorplan.init       | 0 |   rv32_soc/mem_rdata_q[13]$_DFFE_PP_/D
| INFO     | job0 | floorplan.init       | 0 |   rv32_soc/mem_rdata_q[14]$_DFFE_PP_/D
| INFO     | job0 | floorplan.init       | 0 |   rv32_soc/mem_rdata_q[15]$_DFFE_PP_/D
| INFO     | job0 | floorplan.init       | 0 |   rv32_soc/mem_rdata_q[16]$_DFFE_PP_/D
| INFO     | job0 | floorplan.init       | 0 |   rv32_soc/mem_rdata_q[17]$_DFFE_PP_/D
| INFO     | job0 | floorplan.init       | 0 |   rv32_soc/mem_rdata_q[18]$_DFFE_PP_/D
| INFO     | job0 | floorplan.init       | 0 |   rv32_soc/mem_rdata_q[19]$_DFFE_PP_/D
| INFO     | job0 | floorplan.init       | 0 |   rv32_soc/mem_rdata_q[1]$_DFFE_PP_/D
| INFO     | job0 | floorplan.init       | 0 |   rv32_soc/mem_rdata_q[20]$_DFFE_PP_/D
| INFO     | job0 | floorplan.init       | 0 |   rv32_soc/mem_rdata_q[21]$_DFFE_PP_/D
| INFO     | job0 | floorplan.init       | 0 |   rv32_soc/mem_rdata_q[22]$_DFFE_PP_/D
| INFO     | job0 | floorplan.init       | 0 |   rv32_soc/mem_rdata_q[23]$_DFFE_PP_/D
| INFO     | job0 | floorplan.init       | 0 |   rv32_soc/mem_rdata_q[24]$_DFFE_PP_/D
| INFO     | job0 | floorplan.init       | 0 |   rv32_soc/mem_rdata_q[25]$_DFFE_PP_/D
| INFO     | job0 | floorplan.init       | 0 |   rv32_soc/mem_rdata_q[26]$_DFFE_PP_/D
| INFO     | job0 | floorplan.init       | 0 |   rv32_soc/mem_rdata_q[27]$_DFFE_PP_/D
| INFO     | job0 | floorplan.init       | 0 |   rv32_soc/mem_rdata_q[28]$_DFFE_PP_/D
| INFO     | job0 | floorplan.init       | 0 |   rv32_soc/mem_rdata_q[29]$_DFFE_PP_/D
| INFO     | job0 | floorplan.init       | 0 |   rv32_soc/mem_rdata_q[2]$_DFFE_PP_/D
| INFO     | job0 | floorplan.init       | 0 |   rv32_soc/mem_rdata_q[30]$_DFFE_PP_/D
| INFO     | job0 | floorplan.init       | 0 |   rv32_soc/mem_rdata_q[31]$_DFFE_PP_/D
| INFO     | job0 | floorplan.init       | 0 |   rv32_soc/mem_rdata_q[3]$_DFFE_PP_/D
| INFO     | job0 | floorplan.init       | 0 |   rv32_soc/mem_rdata_q[4]$_DFFE_PP_/D
| INFO     | job0 | floorplan.init       | 0 |   rv32_soc/mem_rdata_q[5]$_DFFE_PP_/D
| INFO     | job0 | floorplan.init       | 0 |   rv32_soc/mem_rdata_q[6]$_DFFE_PP_/D
| INFO     | job0 | floorplan.init       | 0 |   rv32_soc/mem_rdata_q[7]$_DFFE_PP_/D
| INFO     | job0 | floorplan.init       | 0 |   rv32_soc/mem_rdata_q[8]$_DFFE_PP_/D
| INFO     | job0 | floorplan.init       | 0 |   rv32_soc/mem_rdata_q[9]$_DFFE_PP_/D
| INFO     | job0 | floorplan.init       | 0 | sc_setup_parasitics
| INFO     | job0 | floorplan.init       | 0 | [INFO FLW-0001] Using met5 for clock parasitics estimation
| INFO     | job0 | floorplan.init       | 0 | [INFO FLW-0001] Using met2 for signal parasitics estimation
| INFO     | job0 | floorplan.init       | 0 | sc_set_dont_use
| INFO     | job0 | floorplan.init       | 0 | sc_setup_global_routing
| INFO     | job0 | floorplan.init       | 0 | [INFO FLW-0001] Setting global routing adjustment for li1 to 100.0%
| INFO     | job0 | floorplan.init       | 0 | [INFO FLW-0001] Setting global routing adjustment for met1 to 40.0%
| INFO     | job0 | floorplan.init       | 0 | [INFO FLW-0001] Setting global routing adjustment for met2 to 40.0%
| INFO     | job0 | floorplan.init       | 0 | [INFO FLW-0001] Setting global routing adjustment for met3 to 30.0%
| INFO     | job0 | floorplan.init       | 0 | [INFO FLW-0001] Setting global routing adjustment for met4 to 30.0%
| INFO     | job0 | floorplan.init       | 0 | [INFO FLW-0001] Setting global routing adjustment for met5 to 30.0%
| INFO     | job0 | floorplan.init       | 0 | # Store incoming markers to avoid rewriting them
| INFO     | job0 | floorplan.init       | 0 | set sc_starting_markers []
| INFO     | job0 | floorplan.init       | 0 | foreach markerdb [[ord::get_db_block] getMarkerCategories] {
| INFO     | job0 | floorplan.init       | 0 |     lappend sc_starting_markers [$markerdb getName]
| INFO     | job0 | floorplan.init       | 0 | }
| INFO     | job0 | floorplan.init       | 0 | ###############################
| INFO     | job0 | floorplan.init       | 0 | # Source Step Script
| INFO     | job0 | floorplan.init       | 0 | ###############################
| INFO     | job0 | floorplan.init       | 0 | report_units_metric
| INFO     | job0 | floorplan.init       | 0 | utl::push_metrics_stage "sc__prestep__{}"
| INFO     | job0 | floorplan.init       | 0 | if { [sc_cfg_tool_task_exists prescript] } {
| INFO     | job0 | floorplan.init       | 0 |     foreach sc_pre_script [sc_cfg_tool_task_get prescript] {
| INFO     | job0 | floorplan.init       | 0 |         puts "Sourcing pre script: ${sc_pre_script}"
| INFO     | job0 | floorplan.init       | 0 |         source -echo $sc_pre_script
| INFO     | job0 | floorplan.init       | 0 |     }
| INFO     | job0 | floorplan.init       | 0 | }
| INFO     | job0 | floorplan.init       | 0 | utl::pop_metrics_stage
| INFO     | job0 | floorplan.init       | 0 | utl::push_metrics_stage "sc__step__{}"
| INFO     | job0 | floorplan.init       | 0 | set openroad_dont_touch {}
| INFO     | job0 | floorplan.init       | 0 | if { [sc_cfg_tool_task_exists {var} dont_touch] } {
| INFO     | job0 | floorplan.init       | 0 |     set openroad_dont_touch [sc_cfg_tool_task_get {var} dont_touch]
| INFO     | job0 | floorplan.init       | 0 | }
| INFO     | job0 | floorplan.init       | 0 | if { [llength $openroad_dont_touch] > 0 } {
| INFO     | job0 | floorplan.init       | 0 |     # set don't touch list
| INFO     | job0 | floorplan.init       | 0 |     set_dont_touch $openroad_dont_touch
| INFO     | job0 | floorplan.init       | 0 | }
| INFO     | job0 | floorplan.init       | 0 | tee -quiet -file reports/dont_touch.start.rpt {report_dont_touch}
| INFO     | job0 | floorplan.init       | 0 | tee -quiet -file reports/dont_use.start.rpt {report_dont_use}
| INFO     | job0 | floorplan.init       | 0 | tee -file reports/global_connections.start.rpt {report_global_connect}
| INFO     | job0 | floorplan.init       | 0 | Global connection rules: 2
| INFO     | job0 | floorplan.init       | 0 |   Instances: ".*" with pins "VPWR" connect to "VDD"
| INFO     | job0 | floorplan.init       | 0 |   Instances: ".*" with pins "VGND" connect to "VSS"
| INFO     | job0 | floorplan.init       | 0 | Sourcing global connect configuration: /nfs/sc_compute/cache/lambdapdk-v0.1.50/lambdapdk/sky130/libs/sky130hd/apr/openroad/global_connect.tcl
| INFO     | job0 | floorplan.init       | 0 | Global connection rules: 2
| INFO     | job0 | floorplan.init       | 0 |   Instances: ".*" with pins "VPWR" connect to "VDD"
| INFO     | job0 | floorplan.init       | 0 |   Instances: ".*" with pins "VGND" connect to "VSS"
| INFO     | job0 | floorplan.init       | 0 | [WARNING IFP-0028] Core area lower left (10.000, 10.000) snapped to (10.120, 10.880).
| INFO     | job0 | floorplan.init       | 0 | [INFO IFP-0001] Added 359 rows of 2130 site unithd.
| INFO     | job0 | floorplan.init       | 0 | Floorplan information:
| INFO     | job0 | floorplan.init       | 0 | Die area: 0.0 0.0 1000.0 1000.0
| INFO     | job0 | floorplan.init       | 0 | Core area: 10.12 10.88 989.92 987.36
| INFO     | job0 | floorplan.init       | 0 | Macro placement information:
| INFO     | job0 | floorplan.init       | 0 |   sram (sky130_sram_2kbyte_1rw1r_32x512_8): FIRM at (149.96 um, 149.6 um) R180
| INFO     | job0 | floorplan.init       | 0 | place_pins siliconcompiler arguments: -random
| INFO     | job0 | floorplan.init       | 0 | Found 1 macro blocks.
| INFO     | job0 | floorplan.init       | 0 | Using 2 tracks default min distance between IO pins.
| INFO     | job0 | floorplan.init       | 0 | [INFO PPL-0007] Random pin placement.
| INFO     | job0 | floorplan.init       | 0 | [INFO RSZ-0026] Removed 379 buffers.
| INFO     | job0 | floorplan.init       | 0 | Removed 0 unused instances and 0 unused nets.
| INFO     | job0 | floorplan.init       | 0 | if { [llength $openroad_dont_touch] > 0 } {
| INFO     | job0 | floorplan.init       | 0 |     # unset for next step
| INFO     | job0 | floorplan.init       | 0 |     unset_dont_touch $openroad_dont_touch
| INFO     | job0 | floorplan.init       | 0 | }
| INFO     | job0 | floorplan.init       | 0 | utl::pop_metrics_stage
| INFO     | job0 | floorplan.init       | 0 | utl::push_metrics_stage "sc__poststep__{}"
| INFO     | job0 | floorplan.init       | 0 | if { [sc_cfg_tool_task_exists postscript] } {
| INFO     | job0 | floorplan.init       | 0 |     foreach sc_post_script [sc_cfg_tool_task_get postscript] {
| INFO     | job0 | floorplan.init       | 0 |         puts "Sourcing post script: ${sc_post_script}"
| INFO     | job0 | floorplan.init       | 0 |         source -echo $sc_post_script
| INFO     | job0 | floorplan.init       | 0 |     }
| INFO     | job0 | floorplan.init       | 0 | }
| INFO     | job0 | floorplan.init       | 0 | utl::pop_metrics_stage
| INFO     | job0 | floorplan.init       | 0 | ###############################
| INFO     | job0 | floorplan.init       | 0 | # Write Design Data
| INFO     | job0 | floorplan.init       | 0 | ###############################
| INFO     | job0 | floorplan.init       | 0 | utl::push_metrics_stage "sc__write__{}"
| INFO     | job0 | floorplan.init       | 0 | source "$sc_refdir/common/write_data.tcl"
| INFO     | job0 | floorplan.init       | 0 | utl::pop_metrics_stage
| INFO     | job0 | floorplan.init       | 0 | ###############################
| INFO     | job0 | floorplan.init       | 0 | # Reporting
| INFO     | job0 | floorplan.init       | 0 | ###############################
| INFO     | job0 | floorplan.init       | 0 | utl::push_metrics_stage "sc__metric__{}"
| INFO     | job0 | floorplan.init       | 0 | source "$sc_refdir/common/reports.tcl"
| INFO     | job0 | floorplan.init       | 0 | SC_METRIC: report_checks -path_delay max
| INFO     | job0 | floorplan.init       | 0 | Startpoint: _9504_ (rising edge-triggered flip-flop clocked by clk0)
| INFO     | job0 | floorplan.init       | 0 | Endpoint: pcpi_rs1[18]$_DFFE_PP_
| INFO     | job0 | floorplan.init       | 0 |           (rising edge-triggered flip-flop clocked by clk0)
| INFO     | job0 | floorplan.init       | 0 | Path Group: clk0
| INFO     | job0 | floorplan.init       | 0 | Path Type: max
| INFO     | job0 | floorplan.init       | 0 | Corner: slow
| INFO     | job0 | floorplan.init       | 0 | 
| INFO     | job0 | floorplan.init       | 0 | Fanout     Cap    Slew   Delay    Time   Description
| INFO     | job0 | floorplan.init       | 0 | -----------------------------------------------------------------------------
| INFO     | job0 | floorplan.init       | 0 |                   0.00    0.00    0.00   clock clk0 (rise edge)
| INFO     | job0 | floorplan.init       | 0 |                           0.00    0.00   clock network delay (ideal)
| INFO     | job0 | floorplan.init       | 0 |                   0.00    0.00    0.00 ^ _9504_/CLK (sky130_fd_sc_hd__dfxtp_1)
| INFO     | job0 | floorplan.init       | 0 |    259    1.28   40.50   31.39   31.39 ^ _9504_/Q (sky130_fd_sc_hd__dfxtp_1)
| INFO     | job0 | floorplan.init       | 0 |                                          _0005_ (net)
| INFO     | job0 | floorplan.init       | 0 |                  40.50    0.00   31.39 ^ _6241_/S0 (sky130_fd_sc_hd__mux4_2)
| INFO     | job0 | floorplan.init       | 0 |      1    0.00    0.29   15.46   46.85 v _6241_/X (sky130_fd_sc_hd__mux4_2)
| INFO     | job0 | floorplan.init       | 0 |                                          _1699_ (net)
| INFO     | job0 | floorplan.init       | 0 |                   0.29    0.00   46.85 v _6245_/A0 (sky130_fd_sc_hd__mux4_2)
| INFO     | job0 | floorplan.init       | 0 |      1    0.00    0.26    2.58   49.43 v _6245_/X (sky130_fd_sc_hd__mux4_2)
| INFO     | job0 | floorplan.init       | 0 |                                          _1703_ (net)
| INFO     | job0 | floorplan.init       | 0 |                   0.26    0.00   49.43 v _6254_/A0 (sky130_fd_sc_hd__mux2i_1)
| INFO     | job0 | floorplan.init       | 0 |      1    0.00    0.43    0.52   49.96 ^ _6254_/Y (sky130_fd_sc_hd__mux2i_1)
| INFO     | job0 | floorplan.init       | 0 |                                          _1712_ (net)
| INFO     | job0 | floorplan.init       | 0 |                   0.43    0.00   49.96 ^ _6255_/B (sky130_fd_sc_hd__nor2_1)
| INFO     | job0 | floorplan.init       | 0 |      1    0.00    0.13    0.23   50.19 v _6255_/Y (sky130_fd_sc_hd__nor2_1)
| INFO     | job0 | floorplan.init       | 0 |                                          _1713_ (net)
| INFO     | job0 | floorplan.init       | 0 |                   0.13    0.00   50.19 v _6260_/B1 (sky130_fd_sc_hd__a2111oi_0)
| INFO     | job0 | floorplan.init       | 0 |      1    0.00    1.03    1.32   51.51 ^ _6260_/Y (sky130_fd_sc_hd__a2111oi_0)
| INFO     | job0 | floorplan.init       | 0 |                                          _1718_ (net)
| INFO     | job0 | floorplan.init       | 0 |                   1.03    0.00   51.51 ^ _6261_/B1 (sky130_fd_sc_hd__o21ai_0)
| INFO     | job0 | floorplan.init       | 0 |      1    0.00    0.26    0.59   52.10 v _6261_/Y (sky130_fd_sc_hd__o21ai_0)
| INFO     | job0 | floorplan.init       | 0 |                                          _4761_ (net)
| INFO     | job0 | floorplan.init       | 0 |                   0.26    0.00   52.10 v pcpi_rs1[18]$_DFFE_PP_/D (sky130_fd_sc_hd__edfxtp_1)
| INFO     | job0 | floorplan.init       | 0 |                                  52.10   data arrival time
| INFO     | job0 | floorplan.init       | 0 | 
| INFO     | job0 | floorplan.init       | 0 |                   0.00   25.00   25.00   clock clk0 (rise edge)
| INFO     | job0 | floorplan.init       | 0 |                           0.00   25.00   clock network delay (ideal)
| INFO     | job0 | floorplan.init       | 0 |                           0.00   25.00   clock reconvergence pessimism
| INFO     | job0 | floorplan.init       | 0 |                                  25.00 ^ pcpi_rs1[18]$_DFFE_PP_/CLK (sky130_fd_sc_hd__edfxtp_1)
| INFO     | job0 | floorplan.init       | 0 |                          -1.49   23.51   library setup time
| INFO     | job0 | floorplan.init       | 0 |                                  23.51   data required time
| INFO     | job0 | floorplan.init       | 0 | -----------------------------------------------------------------------------
| INFO     | job0 | floorplan.init       | 0 |                                  23.51   data required time
| INFO     | job0 | floorplan.init       | 0 |                                 -52.10   data arrival time
| INFO     | job0 | floorplan.init       | 0 | -----------------------------------------------------------------------------
| INFO     | job0 | floorplan.init       | 0 |                                 -28.59   slack (VIOLATED)
| INFO     | job0 | floorplan.init       | 0 | 
| INFO     | job0 | floorplan.init       | 0 | 
| INFO     | job0 | floorplan.init       | 0 | SC_METRIC: setupslack
| INFO     | job0 | floorplan.init       | 0 | worst slack -28.59
| INFO     | job0 | floorplan.init       | 0 | SC_METRIC: tns
| INFO     | job0 | floorplan.init       | 0 | tns -1872.35
| INFO     | job0 | floorplan.init       | 0 | SC_METRIC: unconstrained
| INFO     | job0 | floorplan.init       | 0 | Startpoint: _9504_ (rising edge-triggered flip-flop clocked by clk0)
| INFO     | job0 | floorplan.init       | 0 | Endpoint: pcpi_rs1[18]$_DFFE_PP_
| INFO     | job0 | floorplan.init       | 0 |           (rising edge-triggered flip-flop clocked by clk0)
| INFO     | job0 | floorplan.init       | 0 | Path Group: clk0
| INFO     | job0 | floorplan.init       | 0 | Path Type: max
| INFO     | job0 | floorplan.init       | 0 | Corner: slow
| INFO     | job0 | floorplan.init       | 0 | 
| INFO     | job0 | floorplan.init       | 0 | Fanout     Cap    Slew   Delay    Time   Description
| INFO     | job0 | floorplan.init       | 0 | -----------------------------------------------------------------------------
| INFO     | job0 | floorplan.init       | 0 |                   0.00    0.00    0.00   clock clk0 (rise edge)
| INFO     | job0 | floorplan.init       | 0 |                           0.00    0.00   clock network delay (ideal)
| INFO     | job0 | floorplan.init       | 0 |                   0.00    0.00    0.00 ^ _9504_/CLK (sky130_fd_sc_hd__dfxtp_1)
| INFO     | job0 | floorplan.init       | 0 |    259    1.28   40.50   31.39   31.39 ^ _9504_/Q (sky130_fd_sc_hd__dfxtp_1)
| INFO     | job0 | floorplan.init       | 0 |                                          _0005_ (net)
| INFO     | job0 | floorplan.init       | 0 |                  40.50    0.00   31.39 ^ _6241_/S0 (sky130_fd_sc_hd__mux4_2)
| INFO     | job0 | floorplan.init       | 0 |      1    0.00    0.29   15.46   46.85 v _6241_/X (sky130_fd_sc_hd__mux4_2)
| INFO     | job0 | floorplan.init       | 0 |                                          _1699_ (net)
| INFO     | job0 | floorplan.init       | 0 |                   0.29    0.00   46.85 v _6245_/A0 (sky130_fd_sc_hd__mux4_2)
| INFO     | job0 | floorplan.init       | 0 |      1    0.00    0.26    2.58   49.43 v _6245_/X (sky130_fd_sc_hd__mux4_2)
| INFO     | job0 | floorplan.init       | 0 |                                          _1703_ (net)
| INFO     | job0 | floorplan.init       | 0 |                   0.26    0.00   49.43 v _6254_/A0 (sky130_fd_sc_hd__mux2i_1)
| INFO     | job0 | floorplan.init       | 0 |      1    0.00    0.43    0.52   49.96 ^ _6254_/Y (sky130_fd_sc_hd__mux2i_1)
| INFO     | job0 | floorplan.init       | 0 |                                          _1712_ (net)
| INFO     | job0 | floorplan.init       | 0 |                   0.43    0.00   49.96 ^ _6255_/B (sky130_fd_sc_hd__nor2_1)
| INFO     | job0 | floorplan.init       | 0 |      1    0.00    0.13    0.23   50.19 v _6255_/Y (sky130_fd_sc_hd__nor2_1)
| INFO     | job0 | floorplan.init       | 0 |                                          _1713_ (net)
| INFO     | job0 | floorplan.init       | 0 |                   0.13    0.00   50.19 v _6260_/B1 (sky130_fd_sc_hd__a2111oi_0)
| INFO     | job0 | floorplan.init       | 0 |      1    0.00    1.03    1.32   51.51 ^ _6260_/Y (sky130_fd_sc_hd__a2111oi_0)
| INFO     | job0 | floorplan.init       | 0 |                                          _1718_ (net)
| INFO     | job0 | floorplan.init       | 0 |                   1.03    0.00   51.51 ^ _6261_/B1 (sky130_fd_sc_hd__o21ai_0)
| INFO     | job0 | floorplan.init       | 0 |      1    0.00    0.26    0.59   52.10 v _6261_/Y (sky130_fd_sc_hd__o21ai_0)
| INFO     | job0 | floorplan.init       | 0 |                                          _4761_ (net)
| INFO     | job0 | floorplan.init       | 0 |                   0.26    0.00   52.10 v pcpi_rs1[18]$_DFFE_PP_/D (sky130_fd_sc_hd__edfxtp_1)
| INFO     | job0 | floorplan.init       | 0 |                                  52.10   data arrival time
| INFO     | job0 | floorplan.init       | 0 | 
| INFO     | job0 | floorplan.init       | 0 |                   0.00   25.00   25.00   clock clk0 (rise edge)
| INFO     | job0 | floorplan.init       | 0 |                           0.00   25.00   clock network delay (ideal)
| INFO     | job0 | floorplan.init       | 0 |                           0.00   25.00   clock reconvergence pessimism
| INFO     | job0 | floorplan.init       | 0 |                                  25.00 ^ pcpi_rs1[18]$_DFFE_PP_/CLK (sky130_fd_sc_hd__edfxtp_1)
| INFO     | job0 | floorplan.init       | 0 |                          -1.49   23.51   library setup time
| INFO     | job0 | floorplan.init       | 0 |                                  23.51   data required time
| INFO     | job0 | floorplan.init       | 0 | -----------------------------------------------------------------------------
| INFO     | job0 | floorplan.init       | 0 |                                  23.51   data required time
| INFO     | job0 | floorplan.init       | 0 |                                 -52.10   data arrival time
| INFO     | job0 | floorplan.init       | 0 | -----------------------------------------------------------------------------
| INFO     | job0 | floorplan.init       | 0 |                                 -28.59   slack (VIOLATED)
| INFO     | job0 | floorplan.init       | 0 | 
| INFO     | job0 | floorplan.init       | 0 | 
| INFO     | job0 | floorplan.init       | 0 | SC_METRIC: floating nets
| INFO     | job0 | floorplan.init       | 0 | SC_METRIC: overdriven nets
| INFO     | job0 | floorplan.init       | 0 | Clock                   Period          Waveform
| INFO     | job0 | floorplan.init       | 0 | ----------------------------------------------------
| INFO     | job0 | floorplan.init       | 0 | clk0                     25.00        0.00     12.50
| INFO     | job0 | floorplan.init       | 0 | SC_METRIC: power
| INFO     | job0 | floorplan.init       | 0 | Power for corner: fast
| INFO     | job0 | floorplan.init       | 0 | Group                  Internal  Switching    Leakage      Total
| INFO     | job0 | floorplan.init       | 0 |                           Power      Power      Power      Power (Watts)
| INFO     | job0 | floorplan.init       | 0 | ----------------------------------------------------------------
| INFO     | job0 | floorplan.init       | 0 | Sequential             3.52e-03   8.32e-05   4.67e-05   3.65e-03  74.8%
| INFO     | job0 | floorplan.init       | 0 | Combinational          1.02e-03   1.74e-04   3.54e-05   1.23e-03  25.2%
| INFO     | job0 | floorplan.init       | 0 | Clock                  0.00e+00   0.00e+00   0.00e+00   0.00e+00   0.0%
| INFO     | job0 | floorplan.init       | 0 | Macro                  0.00e+00   0.00e+00   0.00e+00   0.00e+00   0.0%
| INFO     | job0 | floorplan.init       | 0 | Pad                    0.00e+00   0.00e+00   0.00e+00   0.00e+00   0.0%
| INFO     | job0 | floorplan.init       | 0 | ----------------------------------------------------------------
| INFO     | job0 | floorplan.init       | 0 | Total                  4.55e-03   2.57e-04   8.21e-05   4.89e-03 100.0%
| INFO     | job0 | floorplan.init       | 0 |                           93.1%       5.3%       1.7%
| INFO     | job0 | floorplan.init       | 0 | Power for corner: slow
| INFO     | job0 | floorplan.init       | 0 | Group                  Internal  Switching    Leakage      Total
| INFO     | job0 | floorplan.init       | 0 |                           Power      Power      Power      Power (Watts)
| INFO     | job0 | floorplan.init       | 0 | ----------------------------------------------------------------
| INFO     | job0 | floorplan.init       | 0 | Sequential             1.33e-03   3.63e-05   5.94e-10   1.36e-03  88.2%
| INFO     | job0 | floorplan.init       | 0 | Combinational          1.05e-04   7.68e-05   7.44e-10   1.82e-04  11.8%
| INFO     | job0 | floorplan.init       | 0 | Clock                  0.00e+00   0.00e+00   0.00e+00   0.00e+00   0.0%
| INFO     | job0 | floorplan.init       | 0 | Macro                  0.00e+00   0.00e+00   0.00e+00   0.00e+00   0.0%
| INFO     | job0 | floorplan.init       | 0 | Pad                    0.00e+00   0.00e+00   0.00e+00   0.00e+00   0.0%
| INFO     | job0 | floorplan.init       | 0 | ----------------------------------------------------------------
| INFO     | job0 | floorplan.init       | 0 | Total                  1.43e-03   1.13e-04   1.34e-09   1.55e-03 100.0%
| INFO     | job0 | floorplan.init       | 0 |                           92.7%       7.3%       0.0%
| INFO     | job0 | floorplan.init       | 0 | Power for corner: typical
| INFO     | job0 | floorplan.init       | 0 | Group                  Internal  Switching    Leakage      Total
| INFO     | job0 | floorplan.init       | 0 |                           Power      Power      Power      Power (Watts)
| INFO     | job0 | floorplan.init       | 0 | ----------------------------------------------------------------
| INFO     | job0 | floorplan.init       | 0 | Sequential             2.94e-03   6.77e-05   1.35e-08   3.01e-03  87.8%
| INFO     | job0 | floorplan.init       | 0 | Combinational          2.76e-04   1.43e-04   1.34e-08   4.19e-04  12.2%
| INFO     | job0 | floorplan.init       | 0 | Clock                  0.00e+00   0.00e+00   0.00e+00   0.00e+00   0.0%
| INFO     | job0 | floorplan.init       | 0 | Macro                  0.00e+00   0.00e+00   0.00e+00   0.00e+00   0.0%
| INFO     | job0 | floorplan.init       | 0 | Pad                    0.00e+00   0.00e+00   0.00e+00   0.00e+00   0.0%
| INFO     | job0 | floorplan.init       | 0 | ----------------------------------------------------------------
| INFO     | job0 | floorplan.init       | 0 | Total                  3.21e-03   2.11e-04   2.69e-08   3.42e-03 100.0%
| INFO     | job0 | floorplan.init       | 0 |                           93.9%       6.1%       0.0%
| INFO     | job0 | floorplan.init       | 0 | SC_METRIC: cellarea
| INFO     | job0 | floorplan.init       | 0 | Design area 364339 u^2 38% utilization.
| INFO     | job0 | floorplan.init       | 0 | Cell type report:                       Count       Area
| INFO     | job0 | floorplan.init       | 0 |   Macro                                     1  284538.47
| INFO     | job0 | floorplan.init       | 0 |   Buffer                                  111     833.30
| INFO     | job0 | floorplan.init       | 0 |   Inverter                                228     855.82
| INFO     | job0 | floorplan.init       | 0 |   Sequential cell                        1574   44082.28
| INFO     | job0 | floorplan.init       | 0 |   Multi-Input combinational cell         4115   34028.89
| INFO     | job0 | floorplan.init       | 0 |   Total                                  6029  364338.76
| INFO     | job0 | floorplan.init       | 0 | 
| INFO     | job0 | floorplan.init       | 0 | Cell instance report:
| INFO     | job0 | floorplan.init       | 0 |   sky130_sram_2kbyte_1rw1r_32x512_8         1  284538.47
| INFO     | job0 | floorplan.init       | 0 |   sky130_fd_sc_hd__a2111oi_0                6      52.55
| INFO     | job0 | floorplan.init       | 0 |   sky130_fd_sc_hd__a211o_1                  5      43.79
| INFO     | job0 | floorplan.init       | 0 |   sky130_fd_sc_hd__a211oi_1                22     165.16
| INFO     | job0 | floorplan.init       | 0 |   sky130_fd_sc_hd__a21boi_0                24     180.17
| INFO     | job0 | floorplan.init       | 0 |   sky130_fd_sc_hd__a21o_1                  80     600.58
| INFO     | job0 | floorplan.init       | 0 |   sky130_fd_sc_hd__a21oi_1                418    2092.01
| INFO     | job0 | floorplan.init       | 0 |   sky130_fd_sc_hd__a221o_1                  8      80.08
| INFO     | job0 | floorplan.init       | 0 |   sky130_fd_sc_hd__a221oi_1                61     534.26
| INFO     | job0 | floorplan.init       | 0 |   sky130_fd_sc_hd__a222oi_1                37     370.36
| INFO     | job0 | floorplan.init       | 0 |   sky130_fd_sc_hd__a22o_1                  28     245.24
| INFO     | job0 | floorplan.init       | 0 |   sky130_fd_sc_hd__a22oi_1                 39     292.78
| INFO     | job0 | floorplan.init       | 0 |   sky130_fd_sc_hd__a311o_1                  1      10.01
| INFO     | job0 | floorplan.init       | 0 |   sky130_fd_sc_hd__a31o_1                   8      70.07
| INFO     | job0 | floorplan.init       | 0 |   sky130_fd_sc_hd__a31oi_1                 74     462.94
| INFO     | job0 | floorplan.init       | 0 |   sky130_fd_sc_hd__a32o_1                   8      80.08
| INFO     | job0 | floorplan.init       | 0 |   sky130_fd_sc_hd__a32oi_1                  5      43.79
| INFO     | job0 | floorplan.init       | 0 |   sky130_fd_sc_hd__a41oi_1                  3      26.28
| INFO     | job0 | floorplan.init       | 0 |   sky130_fd_sc_hd__and2_0                  14      87.58
| INFO     | job0 | floorplan.init       | 0 |   sky130_fd_sc_hd__and2_1                  36     225.22
| INFO     | job0 | floorplan.init       | 0 |   sky130_fd_sc_hd__and3_1                  57     356.59
| INFO     | job0 | floorplan.init       | 0 |   sky130_fd_sc_hd__and3b_1                  8      70.07
| INFO     | job0 | floorplan.init       | 0 |   sky130_fd_sc_hd__and4_1                  30     262.75
| INFO     | job0 | floorplan.init       | 0 |   sky130_fd_sc_hd__buf_4                  111     833.30
| INFO     | job0 | floorplan.init       | 0 |   sky130_fd_sc_hd__clkinv_1                 5      18.77
| INFO     | job0 | floorplan.init       | 0 |   sky130_fd_sc_hd__conb_1                   2       7.51
| INFO     | job0 | floorplan.init       | 0 |   sky130_fd_sc_hd__dfxtp_1                318    6366.11
| INFO     | job0 | floorplan.init       | 0 |   sky130_fd_sc_hd__edfxtp_1              1256   37716.17
| INFO     | job0 | floorplan.init       | 0 |   sky130_fd_sc_hd__fa_1                     5     100.10
| INFO     | job0 | floorplan.init       | 0 |   sky130_fd_sc_hd__ha_1                   199    2489.89
| INFO     | job0 | floorplan.init       | 0 |   sky130_fd_sc_hd__inv_1                  219     822.04
| INFO     | job0 | floorplan.init       | 0 |   sky130_fd_sc_hd__inv_2                    4      15.01
| INFO     | job0 | floorplan.init       | 0 |   sky130_fd_sc_hd__mux2_2                  48     540.52
| INFO     | job0 | floorplan.init       | 0 |   sky130_fd_sc_hd__mux2i_1                 76     760.73
| INFO     | job0 | floorplan.init       | 0 |   sky130_fd_sc_hd__mux4_2                 543   12229.23
| INFO     | job0 | floorplan.init       | 0 |   sky130_fd_sc_hd__nand2_1                499    1873.05
| INFO     | job0 | floorplan.init       | 0 |   sky130_fd_sc_hd__nand2b_1                18     112.61
| INFO     | job0 | floorplan.init       | 0 |   sky130_fd_sc_hd__nand3_1                 98     490.47
| INFO     | job0 | floorplan.init       | 0 |   sky130_fd_sc_hd__nand3b_1                11      82.58
| INFO     | job0 | floorplan.init       | 0 |   sky130_fd_sc_hd__nand4_1                 27     168.91
| INFO     | job0 | floorplan.init       | 0 |   sky130_fd_sc_hd__nand4b_1                 1       8.76
| INFO     | job0 | floorplan.init       | 0 |   sky130_fd_sc_hd__nor2_1                 476    1786.71
| INFO     | job0 | floorplan.init       | 0 |   sky130_fd_sc_hd__nor2b_1                 32     200.19
| INFO     | job0 | floorplan.init       | 0 |   sky130_fd_sc_hd__nor3_1                  89     445.43
| INFO     | job0 | floorplan.init       | 0 |   sky130_fd_sc_hd__nor3b_1                 34     255.24
| INFO     | job0 | floorplan.init       | 0 |   sky130_fd_sc_hd__nor4_1                  35     218.96
| INFO     | job0 | floorplan.init       | 0 |   sky130_fd_sc_hd__nor4b_1                  3      26.28
| INFO     | job0 | floorplan.init       | 0 |   sky130_fd_sc_hd__o2111a_1                 1      11.26
| INFO     | job0 | floorplan.init       | 0 |   sky130_fd_sc_hd__o2111ai_1                1       8.76
| INFO     | job0 | floorplan.init       | 0 |   sky130_fd_sc_hd__o211a_1                  2      20.02
| INFO     | job0 | floorplan.init       | 0 |   sky130_fd_sc_hd__o211ai_1                17     127.62
| INFO     | job0 | floorplan.init       | 0 |   sky130_fd_sc_hd__o21a_1                  55     412.90
| INFO     | job0 | floorplan.init       | 0 |   sky130_fd_sc_hd__o21ai_0                527    2637.53
| INFO     | job0 | floorplan.init       | 0 |   sky130_fd_sc_hd__o21ai_1                  3      15.01
| INFO     | job0 | floorplan.init       | 0 |   sky130_fd_sc_hd__o21bai_1                35     262.75
| INFO     | job0 | floorplan.init       | 0 |   sky130_fd_sc_hd__o221a_2                  1      11.26
| INFO     | job0 | floorplan.init       | 0 |   sky130_fd_sc_hd__o221ai_1                22     192.68
| INFO     | job0 | floorplan.init       | 0 |   sky130_fd_sc_hd__o22a_1                   2      17.52
| INFO     | job0 | floorplan.init       | 0 |   sky130_fd_sc_hd__o22ai_1                 34     212.70
| INFO     | job0 | floorplan.init       | 0 |   sky130_fd_sc_hd__o2bb2ai_1                1       8.76
| INFO     | job0 | floorplan.init       | 0 |   sky130_fd_sc_hd__o311a_1                  1      10.01
| INFO     | job0 | floorplan.init       | 0 |   sky130_fd_sc_hd__o311ai_0                14     122.62
| INFO     | job0 | floorplan.init       | 0 |   sky130_fd_sc_hd__o31a_1                   1       8.76
| INFO     | job0 | floorplan.init       | 0 |   sky130_fd_sc_hd__o31ai_1                 41     307.80
| INFO     | job0 | floorplan.init       | 0 |   sky130_fd_sc_hd__o32a_1                   1      10.01
| INFO     | job0 | floorplan.init       | 0 |   sky130_fd_sc_hd__o32ai_1                  5      43.79
| INFO     | job0 | floorplan.init       | 0 |   sky130_fd_sc_hd__or2_1                   16     100.10
| INFO     | job0 | floorplan.init       | 0 |   sky130_fd_sc_hd__or3_1                   45     281.52
| INFO     | job0 | floorplan.init       | 0 |   sky130_fd_sc_hd__or3b_2                   5      43.79
| INFO     | job0 | floorplan.init       | 0 |   sky130_fd_sc_hd__or4_1                   12      90.09
| INFO     | job0 | floorplan.init       | 0 |   sky130_fd_sc_hd__or4bb_1                  1      11.26
| INFO     | job0 | floorplan.init       | 0 |   sky130_fd_sc_hd__xnor2_1                 86     753.22
| INFO     | job0 | floorplan.init       | 0 |   sky130_fd_sc_hd__xor2_1                  18     157.65
| INFO     | job0 | floorplan.init       | 0 | utl::pop_metrics_stage
| INFO     | job0 | floorplan.init       | 0 | # Images
| INFO     | job0 | floorplan.init       | 0 | utl::push_metrics_stage "sc__image__{}"
| INFO     | job0 | floorplan.init       | 0 | if {
| INFO     | job0 | floorplan.init       | 0 |     [sc_has_gui] &&
| INFO     | job0 | floorplan.init       | 0 |     [lindex [sc_cfg_tool_task_get var ord_enable_images] 0] == "true"
| INFO     | job0 | floorplan.init       | 0 | } {
| INFO     | job0 | floorplan.init       | 0 |     if { [gui::enabled] } {
| INFO     | job0 | floorplan.init       | 0 |         source "$sc_refdir/common/write_images.tcl"
| INFO     | job0 | floorplan.init       | 0 |     } else {
| INFO     | job0 | floorplan.init       | 0 |         gui::show "source \"$sc_refdir/common/write_images.tcl\"" false
| INFO     | job0 | floorplan.init       | 0 |     }
| INFO     | job0 | floorplan.init       | 0 | }
| INFO     | job0 | floorplan.init       | 0 | [WARNING GUI-0076] QStandardPaths: XDG_RUNTIME_DIR not set, defaulting to '/tmp/runtime-www-data'
| INFO     | job0 | floorplan.init       | 0 | [INFO FLW-0001] Saving "snapshot" to reports/images/picorv32_top.png
| INFO     | job0 | floorplan.init       | 0 | [INFO FLW-0001] Saving "placement" to reports/images/picorv32_top.placement.png
| INFO     | job0 | floorplan.init       | 0 | [INFO FLW-0001] Saving setup timing histogram to reports/images/timing/setup.histogram.png
| INFO     | job0 | floorplan.init       | 0 | utl::pop_metrics_stage
| WARNING  | job0 | floorplan.init       | 0 |  153: [WARNING ORD-2011] LEF master sky130_sram_2kbyte_1rw1r_32x512_8 has no liberty cell.
| WARNING  | job0 | floorplan.init       | 0 |  175: [WARNING FLW-0001] Defaulting back to default SDC
| WARNING  | job0 | floorplan.init       | 0 |  184: Warning: There are 68 input ports missing set_input_delay.
| WARNING  | job0 | floorplan.init       | 0 |  253: Warning: There are 133 output ports missing set_output_delay.
| WARNING  | job0 | floorplan.init       | 0 |  387: Warning: There are 301 unconstrained endpoints.
| WARNING  | job0 | floorplan.init       | 0 |  736: [WARNING IFP-0028] Core area lower left (10.000, 10.000) snapped to (10.120, 10.880).
| WARNING  | job0 | floorplan.init       | 0 | 1014: [WARNING GUI-0076] QStandardPaths: XDG_RUNTIME_DIR not set, defaulting to '/tmp/runtime-www-data'
| INFO     | job0 | floorplan.init       | 0 | Number of errors: 0
| INFO     | job0 | floorplan.init       | 0 | Number of warnings: 7
| INFO     | job0 | floorplan.init       | 0 | Finished task in 15.28s
| INFO     | job0 | floorplan.init       | 0 | Archiving floorplan.init0...
