[WARNING STA-0503] report_checks -group_count is deprecated. Use -group_path_count instead.
Startpoint: latched_stalu$_SDFFE_PN0P_ (rising edge-triggered flip-flop)
Endpoint: reg_next_pc[30]$_SDFFE_PN0P_ (rising edge-triggered flip-flop)
Path Group: unconstrained
Path Type: max
Corner: slow

Fanout     Cap    Slew   Delay    Time   Description
-----------------------------------------------------------------------------
                  0.60    0.00    0.00 ^ latched_stalu$_SDFFE_PN0P_/CLK (sky130_fd_sc_hd__dfxtp_2)
    33    0.14    2.51    3.31    3.31 ^ latched_stalu$_SDFFE_PN0P_/Q (sky130_fd_sc_hd__dfxtp_2)
                                         latched_stalu (net)
                  2.51    0.00    3.31 ^ _5678_/S (sky130_fd_sc_hd__mux2i_1)
     2    0.00    0.63    1.78    5.09 ^ _5678_/Y (sky130_fd_sc_hd__mux2i_1)
                                         _1273_ (net)
                  0.63    0.00    5.09 ^ _5680_/A2 (sky130_fd_sc_hd__o21a_1)
     5    0.02    0.80    1.05    6.15 ^ _5680_/X (sky130_fd_sc_hd__o21a_1)
                                         _4165_ (net)
                  0.80    0.00    6.15 ^ _5681_/A (sky130_fd_sc_hd__inv_2)
     3    0.01    0.13    0.40    6.54 v _5681_/Y (sky130_fd_sc_hd__inv_2)
                                         _4133_ (net)
                  0.13    0.00    6.54 v _9163_/B (sky130_fd_sc_hd__ha_1)
     1    0.00    0.16    1.35    7.89 v _9163_/SUM (sky130_fd_sc_hd__ha_1)
                                         _4196_ (net)
                  0.16    0.00    7.89 v _7845_/A2 (sky130_fd_sc_hd__a21o_1)
     1    0.00    0.08    0.68    8.58 v _7845_/X (sky130_fd_sc_hd__a21o_1)
                                         _3109_ (net)
                  0.08    0.00    8.58 v _7846_/A2 (sky130_fd_sc_hd__a21oi_1)
     2    0.01    0.59    0.66    9.23 ^ _7846_/Y (sky130_fd_sc_hd__a21oi_1)
                                         _3110_ (net)
                  0.59    0.00    9.23 ^ _7868_/A2 (sky130_fd_sc_hd__o21ai_0)
     1    0.00    0.17    0.45    9.68 v _7868_/Y (sky130_fd_sc_hd__o21ai_0)
                                         _3130_ (net)
                  0.17    0.00    9.68 v _7869_/A2 (sky130_fd_sc_hd__a21oi_2)
     2    0.01    0.62    0.78   10.47 ^ _7869_/Y (sky130_fd_sc_hd__a21oi_2)
                                         _3131_ (net)
                  0.62    0.00   10.47 ^ _7889_/A2 (sky130_fd_sc_hd__o21ai_0)
     1    0.01    0.33    0.59   11.06 v _7889_/Y (sky130_fd_sc_hd__o21ai_0)
                                         _3149_ (net)
                  0.33    0.00   11.06 v _7890_/A2 (sky130_fd_sc_hd__a21oi_1)
     2    0.01    0.62    0.84   11.90 ^ _7890_/Y (sky130_fd_sc_hd__a21oi_1)
                                         _3150_ (net)
                  0.62    0.00   11.90 ^ _7912_/A2 (sky130_fd_sc_hd__o21ai_0)
     1    0.00    0.12    0.41   12.31 v _7912_/Y (sky130_fd_sc_hd__o21ai_0)
                                         _3170_ (net)
                  0.12    0.00   12.31 v _7913_/A2 (sky130_fd_sc_hd__a21oi_1)
     2    0.01    0.72    0.78   13.09 ^ _7913_/Y (sky130_fd_sc_hd__a21oi_1)
                                         _3171_ (net)
                  0.72    0.00   13.09 ^ _7939_/A2 (sky130_fd_sc_hd__o21ai_0)
     1    0.00    0.18    0.51   13.60 v _7939_/Y (sky130_fd_sc_hd__o21ai_0)
                                         _3195_ (net)
                  0.18    0.00   13.60 v _7940_/A2 (sky130_fd_sc_hd__a21o_4)
     3    0.01    0.11    0.94   14.54 v _7940_/X (sky130_fd_sc_hd__a21o_4)
                                         _3196_ (net)
                  0.11    0.00   14.54 v _7962_/A2 (sky130_fd_sc_hd__a21o_1)
     1    0.00    0.08    0.65   15.19 v _7962_/X (sky130_fd_sc_hd__a21o_1)
                                         _3216_ (net)
                  0.08    0.00   15.19 v _7963_/A2 (sky130_fd_sc_hd__a21o_1)
     3    0.01    0.11    0.67   15.86 v _7963_/X (sky130_fd_sc_hd__a21o_1)
                                         _3217_ (net)
                  0.11    0.00   15.86 v _7987_/A2 (sky130_fd_sc_hd__a21o_1)
     1    0.00    0.10    0.68   16.54 v _7987_/X (sky130_fd_sc_hd__a21o_1)
                                         _3239_ (net)
                  0.10    0.00   16.54 v _7988_/A2 (sky130_fd_sc_hd__a21o_4)
     3    0.01    0.11    0.89   17.43 v _7988_/X (sky130_fd_sc_hd__a21o_4)
                                         _3240_ (net)
                  0.11    0.00   17.43 v _8010_/A2 (sky130_fd_sc_hd__a21o_1)
     1    0.00    0.08    0.65   18.07 v _8010_/X (sky130_fd_sc_hd__a21o_1)
                                         _3260_ (net)
                  0.08    0.00   18.07 v _8011_/A2 (sky130_fd_sc_hd__a21o_1)
     3    0.01    0.11    0.67   18.74 v _8011_/X (sky130_fd_sc_hd__a21o_1)
                                         _3261_ (net)
                  0.11    0.00   18.74 v _8032_/A2 (sky130_fd_sc_hd__a21o_1)
     1    0.00    0.10    0.68   19.42 v _8032_/X (sky130_fd_sc_hd__a21o_1)
                                         _3280_ (net)
                  0.10    0.00   19.42 v _8033_/A2 (sky130_fd_sc_hd__a21o_4)
     3    0.01    0.11    0.89   20.31 v _8033_/X (sky130_fd_sc_hd__a21o_4)
                                         _3281_ (net)
                  0.11    0.00   20.31 v _8055_/A2 (sky130_fd_sc_hd__a21oi_1)
     1    0.01    0.71    0.78   21.09 ^ _8055_/Y (sky130_fd_sc_hd__a21oi_1)
                                         _3301_ (net)
                  0.71    0.00   21.09 ^ _8056_/A2 (sky130_fd_sc_hd__o21bai_2)
     3    0.01    0.18    0.48   21.57 v _8056_/Y (sky130_fd_sc_hd__o21bai_2)
                                         _3302_ (net)
                  0.18    0.00   21.57 v _8072_/A2 (sky130_fd_sc_hd__a21o_4)
     1    0.02    0.14    1.00   22.57 v _8072_/X (sky130_fd_sc_hd__a21o_4)
                                         _3316_ (net)
                  0.14    0.00   22.57 v _8073_/A2 (sky130_fd_sc_hd__a21o_1)
     2    0.01    0.11    0.71   23.29 v _8073_/X (sky130_fd_sc_hd__a21o_1)
                                         _3317_ (net)
                  0.11    0.00   23.29 v _8092_/A2 (sky130_fd_sc_hd__a21o_1)
     1    0.01    0.17    0.77   24.05 v _8092_/X (sky130_fd_sc_hd__a21o_1)
                                         _3334_ (net)
                  0.17    0.00   24.05 v _8093_/A2 (sky130_fd_sc_hd__a21o_4)
     2    0.01    0.11    0.95   25.01 v _8093_/X (sky130_fd_sc_hd__a21o_4)
                                         _3335_ (net)
                  0.11    0.00   25.01 v _8115_/A3 (sky130_fd_sc_hd__a31o_4)
     3    0.00    0.11    0.99   26.00 v _8115_/X (sky130_fd_sc_hd__a31o_4)
                                         _3355_ (net)
                  0.11    0.00   26.00 v _8139_/C (sky130_fd_sc_hd__and3_1)
     2    0.00    0.10    0.72   26.72 v _8139_/X (sky130_fd_sc_hd__and3_1)
                                         _3377_ (net)
                  0.10    0.00   26.72 v _8140_/C (sky130_fd_sc_hd__or3_1)
     1    0.01    0.26    1.76   28.48 v _8140_/X (sky130_fd_sc_hd__or3_1)
                                         _3378_ (net)
                  0.26    0.00   28.48 v _8145_/A2 (sky130_fd_sc_hd__a31oi_1)
     1    0.01    0.84    1.01   29.49 ^ _8145_/Y (sky130_fd_sc_hd__a31oi_1)
                                         _3383_ (net)
                  0.84    0.00   29.49 ^ _8148_/A1 (sky130_fd_sc_hd__o21ai_0)
     1    0.00    0.12    0.52   30.01 v _8148_/Y (sky130_fd_sc_hd__o21ai_0)
                                         _0269_ (net)
                  0.12    0.00   30.01 v reg_next_pc[30]$_SDFFE_PN0P_/D (sky130_fd_sc_hd__dfxtp_1)
                                 30.01   data arrival time
-----------------------------------------------------------------------------
(Path is unconstrained)


Startpoint: latched_stalu$_SDFFE_PN0P_ (rising edge-triggered flip-flop)
Endpoint: reg_next_pc[31]$_SDFFE_PN0P_ (rising edge-triggered flip-flop)
Path Group: unconstrained
Path Type: max
Corner: slow

Fanout     Cap    Slew   Delay    Time   Description
-----------------------------------------------------------------------------
                  0.60    0.00    0.00 ^ latched_stalu$_SDFFE_PN0P_/CLK (sky130_fd_sc_hd__dfxtp_2)
    33    0.14    2.51    3.31    3.31 ^ latched_stalu$_SDFFE_PN0P_/Q (sky130_fd_sc_hd__dfxtp_2)
                                         latched_stalu (net)
                  2.51    0.00    3.31 ^ _5682_/S (sky130_fd_sc_hd__mux2i_1)
     2    0.00    0.58    1.74    5.06 ^ _5682_/Y (sky130_fd_sc_hd__mux2i_1)
                                         _1275_ (net)
                  0.58    0.00    5.06 ^ _5684_/A2 (sky130_fd_sc_hd__o21a_1)
     4    0.01    0.55    0.85    5.91 ^ _5684_/X (sky130_fd_sc_hd__o21a_1)
                                         _1277_ (net)
                  0.55    0.00    5.91 ^ _5685_/A (sky130_fd_sc_hd__inv_1)
     2    0.01    0.12    0.34    6.24 v _5685_/Y (sky130_fd_sc_hd__inv_1)
                                         _4144_ (net)
                  0.12    0.00    6.24 v _9165_/B (sky130_fd_sc_hd__ha_1)
     3    0.01    0.22    1.44    7.69 v _9165_/SUM (sky130_fd_sc_hd__ha_1)
                                         _4200_ (net)
                  0.22    0.00    7.69 v _7858_/B_N (sky130_fd_sc_hd__nor2b_1)
     1    0.00    0.08    0.54    8.23 v _7858_/Y (sky130_fd_sc_hd__nor2b_1)
                                         _3121_ (net)
                  0.08    0.00    8.23 v _7859_/A2 (sky130_fd_sc_hd__o21ai_0)
     2    0.01    0.85    0.81    9.04 ^ _7859_/Y (sky130_fd_sc_hd__o21ai_0)
                                         _3122_ (net)
                  0.85    0.00    9.04 ^ _7862_/A2 (sky130_fd_sc_hd__a21boi_2)
     2    0.00    0.10    0.45    9.50 v _7862_/Y (sky130_fd_sc_hd__a21boi_2)
                                         _3125_ (net)
                  0.10    0.00    9.50 v _7880_/A2 (sky130_fd_sc_hd__o21ai_0)
     2    0.00    0.68    0.70   10.20 ^ _7880_/Y (sky130_fd_sc_hd__o21ai_0)
                                         _3141_ (net)
                  0.68    0.00   10.20 ^ _7883_/A2 (sky130_fd_sc_hd__a21boi_1)
     2    0.00    0.13    0.44   10.63 v _7883_/Y (sky130_fd_sc_hd__a21boi_1)
                                         _3144_ (net)
                  0.13    0.00   10.63 v _7899_/A2 (sky130_fd_sc_hd__o21ai_0)
     2    0.00    0.61    0.66   11.29 ^ _7899_/Y (sky130_fd_sc_hd__o21ai_0)
                                         _3158_ (net)
                  0.61    0.00   11.29 ^ _7900_/A2 (sky130_fd_sc_hd__a21boi_0)
     2    0.00    0.15    0.45   11.74 v _7900_/Y (sky130_fd_sc_hd__a21boi_0)
                                         _3159_ (net)
                  0.15    0.00   11.74 v _7923_/A2 (sky130_fd_sc_hd__o21ai_0)
     2    0.01    0.95    0.93   12.68 ^ _7923_/Y (sky130_fd_sc_hd__o21ai_0)
                                         _3180_ (net)
                  0.95    0.00   12.68 ^ _7924_/A2 (sky130_fd_sc_hd__a21boi_2)
     2    0.00    0.11    0.50   13.17 v _7924_/Y (sky130_fd_sc_hd__a21boi_2)
                                         _3181_ (net)
                  0.11    0.00   13.17 v _7947_/A2 (sky130_fd_sc_hd__o21ai_0)
     2    0.00    0.61    0.65   13.82 ^ _7947_/Y (sky130_fd_sc_hd__o21ai_0)
                                         _3202_ (net)
                  0.61    0.00   13.82 ^ _7948_/A2 (sky130_fd_sc_hd__a21boi_0)
     2    0.00    0.17    0.46   14.28 v _7948_/Y (sky130_fd_sc_hd__a21boi_0)
                                         _3203_ (net)
                  0.17    0.00   14.28 v _7975_/A2 (sky130_fd_sc_hd__o21ai_0)
     2    0.01    0.94    0.94   15.23 ^ _7975_/Y (sky130_fd_sc_hd__o21ai_0)
                                         _3228_ (net)
                  0.94    0.00   15.23 ^ _7976_/A2 (sky130_fd_sc_hd__a21boi_2)
     2    0.00    0.11    0.50   15.72 v _7976_/Y (sky130_fd_sc_hd__a21boi_2)
                                         _3229_ (net)
                  0.11    0.00   15.72 v _7999_/A2 (sky130_fd_sc_hd__o21ai_0)
     2    0.00    0.61    0.65   16.37 ^ _7999_/Y (sky130_fd_sc_hd__o21ai_0)
                                         _3250_ (net)
                  0.61    0.00   16.37 ^ _8000_/A2 (sky130_fd_sc_hd__a21boi_0)
     2    0.00    0.17    0.46   16.83 v _8000_/Y (sky130_fd_sc_hd__a21boi_0)
                                         _3251_ (net)
                  0.17    0.00   16.83 v _8021_/A2 (sky130_fd_sc_hd__o21ai_0)
     2    0.00    0.68    0.73   17.57 ^ _8021_/Y (sky130_fd_sc_hd__o21ai_0)
                                         _3270_ (net)
                  0.68    0.00   17.57 ^ _8022_/A2 (sky130_fd_sc_hd__a21boi_1)
     2    0.00    0.13    0.44   18.00 v _8022_/Y (sky130_fd_sc_hd__a21boi_1)
                                         _3271_ (net)
                  0.13    0.00   18.00 v _8042_/A2 (sky130_fd_sc_hd__o21ai_0)
     2    0.01    0.85    0.84   18.85 ^ _8042_/Y (sky130_fd_sc_hd__o21ai_0)
                                         _3289_ (net)
                  0.85    0.00   18.85 ^ _8044_/A2 (sky130_fd_sc_hd__a21oi_1)
     2    0.01    0.21    0.61   19.45 v _8044_/Y (sky130_fd_sc_hd__a21oi_1)
                                         _3291_ (net)
                  0.21    0.00   19.45 v _8065_/A2 (sky130_fd_sc_hd__o21ai_0)
     2    0.02    2.55    2.21   21.67 ^ _8065_/Y (sky130_fd_sc_hd__o21ai_0)
                                         _3310_ (net)
                  2.55    0.00   21.67 ^ _8066_/A2 (sky130_fd_sc_hd__a21boi_1)
     2    0.00    0.27    1.16   22.83 v _8066_/Y (sky130_fd_sc_hd__a21boi_1)
                                         _3311_ (net)
                  0.27    0.00   22.83 v _8081_/A2 (sky130_fd_sc_hd__o21ai_0)
     2    0.01    1.62    1.53   24.35 ^ _8081_/Y (sky130_fd_sc_hd__o21ai_0)
                                         _3324_ (net)
                  1.62    0.00   24.35 ^ _8084_/A2 (sky130_fd_sc_hd__a21boi_0)
     2    0.00    0.25    0.91   25.26 v _8084_/Y (sky130_fd_sc_hd__a21boi_0)
                                         _3327_ (net)
                  0.25    0.00   25.26 v _8102_/A2 (sky130_fd_sc_hd__o21ai_0)
     3    0.01    0.88    0.94   26.20 ^ _8102_/Y (sky130_fd_sc_hd__o21ai_0)
                                         _3343_ (net)
                  0.88    0.00   26.20 ^ _8150_/A2 (sky130_fd_sc_hd__a2111oi_0)
     2    0.01    0.25    0.68   26.88 v _8150_/Y (sky130_fd_sc_hd__a2111oi_0)
                                         _3387_ (net)
                  0.25    0.00   26.88 v _8155_/A1 (sky130_fd_sc_hd__o21ai_0)
     1    0.00    0.43    0.63   27.51 ^ _8155_/Y (sky130_fd_sc_hd__o21ai_0)
                                         _3392_ (net)
                  0.43    0.00   27.51 ^ _8156_/B (sky130_fd_sc_hd__nand2_1)
     1    0.00    0.08    0.28   27.79 v _8156_/Y (sky130_fd_sc_hd__nand2_1)
                                         _3393_ (net)
                  0.08    0.00   27.79 v _8159_/A2 (sky130_fd_sc_hd__o221ai_1)
     1    0.01    1.21    1.11   28.91 ^ _8159_/Y (sky130_fd_sc_hd__o221ai_1)
                                         _3396_ (net)
                  1.21    0.00   28.91 ^ _8161_/B1 (sky130_fd_sc_hd__a22o_1)
     1    0.00    0.14    0.89   29.80 ^ _8161_/X (sky130_fd_sc_hd__a22o_1)
                                         _0270_ (net)
                  0.14    0.00   29.80 ^ reg_next_pc[31]$_SDFFE_PN0P_/D (sky130_fd_sc_hd__dfxtp_1)
                                 29.80   data arrival time
-----------------------------------------------------------------------------
(Path is unconstrained)


Startpoint: latched_stalu$_SDFFE_PN0P_ (rising edge-triggered flip-flop)
Endpoint: reg_next_pc[29]$_SDFFE_PN0P_ (rising edge-triggered flip-flop)
Path Group: unconstrained
Path Type: max
Corner: slow

Fanout     Cap    Slew   Delay    Time   Description
-----------------------------------------------------------------------------
                  0.60    0.00    0.00 ^ latched_stalu$_SDFFE_PN0P_/CLK (sky130_fd_sc_hd__dfxtp_2)
    33    0.14    2.51    3.31    3.31 ^ latched_stalu$_SDFFE_PN0P_/Q (sky130_fd_sc_hd__dfxtp_2)
                                         latched_stalu (net)
                  2.51    0.00    3.31 ^ _5682_/S (sky130_fd_sc_hd__mux2i_1)
     2    0.00    0.58    1.74    5.06 ^ _5682_/Y (sky130_fd_sc_hd__mux2i_1)
                                         _1275_ (net)
                  0.58    0.00    5.06 ^ _5684_/A2 (sky130_fd_sc_hd__o21a_1)
     4    0.01    0.55    0.85    5.91 ^ _5684_/X (sky130_fd_sc_hd__o21a_1)
                                         _1277_ (net)
                  0.55    0.00    5.91 ^ _5685_/A (sky130_fd_sc_hd__inv_1)
     2    0.01    0.12    0.34    6.24 v _5685_/Y (sky130_fd_sc_hd__inv_1)
                                         _4144_ (net)
                  0.12    0.00    6.24 v _9165_/B (sky130_fd_sc_hd__ha_1)
     3    0.01    0.22    1.44    7.69 v _9165_/SUM (sky130_fd_sc_hd__ha_1)
                                         _4200_ (net)
                  0.22    0.00    7.69 v _7858_/B_N (sky130_fd_sc_hd__nor2b_1)
     1    0.00    0.08    0.54    8.23 v _7858_/Y (sky130_fd_sc_hd__nor2b_1)
                                         _3121_ (net)
                  0.08    0.00    8.23 v _7859_/A2 (sky130_fd_sc_hd__o21ai_0)
     2    0.01    0.85    0.81    9.04 ^ _7859_/Y (sky130_fd_sc_hd__o21ai_0)
                                         _3122_ (net)
                  0.85    0.00    9.04 ^ _7862_/A2 (sky130_fd_sc_hd__a21boi_2)
     2    0.00    0.10    0.45    9.50 v _7862_/Y (sky130_fd_sc_hd__a21boi_2)
                                         _3125_ (net)
                  0.10    0.00    9.50 v _7880_/A2 (sky130_fd_sc_hd__o21ai_0)
     2    0.00    0.68    0.70   10.20 ^ _7880_/Y (sky130_fd_sc_hd__o21ai_0)
                                         _3141_ (net)
                  0.68    0.00   10.20 ^ _7883_/A2 (sky130_fd_sc_hd__a21boi_1)
     2    0.00    0.13    0.44   10.63 v _7883_/Y (sky130_fd_sc_hd__a21boi_1)
                                         _3144_ (net)
                  0.13    0.00   10.63 v _7899_/A2 (sky130_fd_sc_hd__o21ai_0)
     2    0.00    0.61    0.66   11.29 ^ _7899_/Y (sky130_fd_sc_hd__o21ai_0)
                                         _3158_ (net)
                  0.61    0.00   11.29 ^ _7900_/A2 (sky130_fd_sc_hd__a21boi_0)
     2    0.00    0.15    0.45   11.74 v _7900_/Y (sky130_fd_sc_hd__a21boi_0)
                                         _3159_ (net)
                  0.15    0.00   11.74 v _7923_/A2 (sky130_fd_sc_hd__o21ai_0)
     2    0.01    0.95    0.93   12.68 ^ _7923_/Y (sky130_fd_sc_hd__o21ai_0)
                                         _3180_ (net)
                  0.95    0.00   12.68 ^ _7924_/A2 (sky130_fd_sc_hd__a21boi_2)
     2    0.00    0.11    0.50   13.17 v _7924_/Y (sky130_fd_sc_hd__a21boi_2)
                                         _3181_ (net)
                  0.11    0.00   13.17 v _7947_/A2 (sky130_fd_sc_hd__o21ai_0)
     2    0.00    0.61    0.65   13.82 ^ _7947_/Y (sky130_fd_sc_hd__o21ai_0)
                                         _3202_ (net)
                  0.61    0.00   13.82 ^ _7948_/A2 (sky130_fd_sc_hd__a21boi_0)
     2    0.00    0.17    0.46   14.28 v _7948_/Y (sky130_fd_sc_hd__a21boi_0)
                                         _3203_ (net)
                  0.17    0.00   14.28 v _7975_/A2 (sky130_fd_sc_hd__o21ai_0)
     2    0.01    0.94    0.94   15.23 ^ _7975_/Y (sky130_fd_sc_hd__o21ai_0)
                                         _3228_ (net)
                  0.94    0.00   15.23 ^ _7976_/A2 (sky130_fd_sc_hd__a21boi_2)
     2    0.00    0.11    0.50   15.72 v _7976_/Y (sky130_fd_sc_hd__a21boi_2)
                                         _3229_ (net)
                  0.11    0.00   15.72 v _7999_/A2 (sky130_fd_sc_hd__o21ai_0)
     2    0.00    0.61    0.65   16.37 ^ _7999_/Y (sky130_fd_sc_hd__o21ai_0)
                                         _3250_ (net)
                  0.61    0.00   16.37 ^ _8000_/A2 (sky130_fd_sc_hd__a21boi_0)
     2    0.00    0.17    0.46   16.83 v _8000_/Y (sky130_fd_sc_hd__a21boi_0)
                                         _3251_ (net)
                  0.17    0.00   16.83 v _8021_/A2 (sky130_fd_sc_hd__o21ai_0)
     2    0.00    0.68    0.73   17.57 ^ _8021_/Y (sky130_fd_sc_hd__o21ai_0)
                                         _3270_ (net)
                  0.68    0.00   17.57 ^ _8022_/A2 (sky130_fd_sc_hd__a21boi_1)
     2    0.00    0.13    0.44   18.00 v _8022_/Y (sky130_fd_sc_hd__a21boi_1)
                                         _3271_ (net)
                  0.13    0.00   18.00 v _8042_/A2 (sky130_fd_sc_hd__o21ai_0)
     2    0.01    0.85    0.84   18.85 ^ _8042_/Y (sky130_fd_sc_hd__o21ai_0)
                                         _3289_ (net)
                  0.85    0.00   18.85 ^ _8044_/A2 (sky130_fd_sc_hd__a21oi_1)
     2    0.01    0.21    0.61   19.45 v _8044_/Y (sky130_fd_sc_hd__a21oi_1)
                                         _3291_ (net)
                  0.21    0.00   19.45 v _8065_/A2 (sky130_fd_sc_hd__o21ai_0)
     2    0.02    2.55    2.21   21.67 ^ _8065_/Y (sky130_fd_sc_hd__o21ai_0)
                                         _3310_ (net)
                  2.55    0.00   21.67 ^ _8066_/A2 (sky130_fd_sc_hd__a21boi_1)
     2    0.00    0.27    1.16   22.83 v _8066_/Y (sky130_fd_sc_hd__a21boi_1)
                                         _3311_ (net)
                  0.27    0.00   22.83 v _8081_/A2 (sky130_fd_sc_hd__o21ai_0)
     2    0.01    1.62    1.53   24.35 ^ _8081_/Y (sky130_fd_sc_hd__o21ai_0)
                                         _3324_ (net)
                  1.62    0.00   24.35 ^ _8084_/A2 (sky130_fd_sc_hd__a21boi_0)
     2    0.00    0.25    0.91   25.26 v _8084_/Y (sky130_fd_sc_hd__a21boi_0)
                                         _3327_ (net)
                  0.25    0.00   25.26 v _8102_/A2 (sky130_fd_sc_hd__o21ai_0)
     3    0.01    0.88    0.94   26.20 ^ _8102_/Y (sky130_fd_sc_hd__o21ai_0)
                                         _3343_ (net)
                  0.88    0.00   26.20 ^ _8125_/A2 (sky130_fd_sc_hd__a211oi_1)
     1    0.00    0.12    0.50   26.70 v _8125_/Y (sky130_fd_sc_hd__a211oi_1)
                                         _3364_ (net)
                  0.12    0.00   26.70 v _8127_/A_N (sky130_fd_sc_hd__nand2b_1)
     2    0.00    0.13    0.53   27.23 v _8127_/Y (sky130_fd_sc_hd__nand2b_1)
                                         _3366_ (net)
                  0.13    0.00   27.23 v _8129_/B (sky130_fd_sc_hd__or2_0)
     1    0.00    0.14    0.88   28.11 v _8129_/X (sky130_fd_sc_hd__or2_0)
                                         _3368_ (net)
                  0.14    0.00   28.11 v _8133_/A3 (sky130_fd_sc_hd__a31oi_1)
     1    0.00    0.33    0.53   28.64 ^ _8133_/Y (sky130_fd_sc_hd__a31oi_1)
                                         _3372_ (net)
                  0.33    0.00   28.64 ^ _8136_/A1 (sky130_fd_sc_hd__o21ai_0)
     1    0.00    0.09    0.28   28.93 v _8136_/Y (sky130_fd_sc_hd__o21ai_0)
                                         _0268_ (net)
                  0.09    0.00   28.93 v reg_next_pc[29]$_SDFFE_PN0P_/D (sky130_fd_sc_hd__dfxtp_2)
                                 28.93   data arrival time
-----------------------------------------------------------------------------
(Path is unconstrained)


Startpoint: latched_stalu$_SDFFE_PN0P_ (rising edge-triggered flip-flop)
Endpoint: reg_next_pc[27]$_SDFFE_PN0P_ (rising edge-triggered flip-flop)
Path Group: unconstrained
Path Type: max
Corner: slow

Fanout     Cap    Slew   Delay    Time   Description
-----------------------------------------------------------------------------
                  0.60    0.00    0.00 ^ latched_stalu$_SDFFE_PN0P_/CLK (sky130_fd_sc_hd__dfxtp_2)
    33    0.14    2.51    3.31    3.31 ^ latched_stalu$_SDFFE_PN0P_/Q (sky130_fd_sc_hd__dfxtp_2)
                                         latched_stalu (net)
                  2.51    0.00    3.31 ^ _5682_/S (sky130_fd_sc_hd__mux2i_1)
     2    0.00    0.58    1.74    5.06 ^ _5682_/Y (sky130_fd_sc_hd__mux2i_1)
                                         _1275_ (net)
                  0.58    0.00    5.06 ^ _5684_/A2 (sky130_fd_sc_hd__o21a_1)
     4    0.01    0.55    0.85    5.91 ^ _5684_/X (sky130_fd_sc_hd__o21a_1)
                                         _1277_ (net)
                  0.55    0.00    5.91 ^ _5685_/A (sky130_fd_sc_hd__inv_1)
     2    0.01    0.12    0.34    6.24 v _5685_/Y (sky130_fd_sc_hd__inv_1)
                                         _4144_ (net)
                  0.12    0.00    6.24 v _9165_/B (sky130_fd_sc_hd__ha_1)
     3    0.01    0.22    1.44    7.69 v _9165_/SUM (sky130_fd_sc_hd__ha_1)
                                         _4200_ (net)
                  0.22    0.00    7.69 v _7858_/B_N (sky130_fd_sc_hd__nor2b_1)
     1    0.00    0.08    0.54    8.23 v _7858_/Y (sky130_fd_sc_hd__nor2b_1)
                                         _3121_ (net)
                  0.08    0.00    8.23 v _7859_/A2 (sky130_fd_sc_hd__o21ai_0)
     2    0.01    0.85    0.81    9.04 ^ _7859_/Y (sky130_fd_sc_hd__o21ai_0)
                                         _3122_ (net)
                  0.85    0.00    9.04 ^ _7862_/A2 (sky130_fd_sc_hd__a21boi_2)
     2    0.00    0.10    0.45    9.50 v _7862_/Y (sky130_fd_sc_hd__a21boi_2)
                                         _3125_ (net)
                  0.10    0.00    9.50 v _7880_/A2 (sky130_fd_sc_hd__o21ai_0)
     2    0.00    0.68    0.70   10.20 ^ _7880_/Y (sky130_fd_sc_hd__o21ai_0)
                                         _3141_ (net)
                  0.68    0.00   10.20 ^ _7883_/A2 (sky130_fd_sc_hd__a21boi_1)
     2    0.00    0.13    0.44   10.63 v _7883_/Y (sky130_fd_sc_hd__a21boi_1)
                                         _3144_ (net)
                  0.13    0.00   10.63 v _7899_/A2 (sky130_fd_sc_hd__o21ai_0)
     2    0.00    0.61    0.66   11.29 ^ _7899_/Y (sky130_fd_sc_hd__o21ai_0)
                                         _3158_ (net)
                  0.61    0.00   11.29 ^ _7900_/A2 (sky130_fd_sc_hd__a21boi_0)
     2    0.00    0.15    0.45   11.74 v _7900_/Y (sky130_fd_sc_hd__a21boi_0)
                                         _3159_ (net)
                  0.15    0.00   11.74 v _7923_/A2 (sky130_fd_sc_hd__o21ai_0)
     2    0.01    0.95    0.93   12.68 ^ _7923_/Y (sky130_fd_sc_hd__o21ai_0)
                                         _3180_ (net)
                  0.95    0.00   12.68 ^ _7924_/A2 (sky130_fd_sc_hd__a21boi_2)
     2    0.00    0.11    0.50   13.17 v _7924_/Y (sky130_fd_sc_hd__a21boi_2)
                                         _3181_ (net)
                  0.11    0.00   13.17 v _7947_/A2 (sky130_fd_sc_hd__o21ai_0)
     2    0.00    0.61    0.65   13.82 ^ _7947_/Y (sky130_fd_sc_hd__o21ai_0)
                                         _3202_ (net)
                  0.61    0.00   13.82 ^ _7948_/A2 (sky130_fd_sc_hd__a21boi_0)
     2    0.00    0.17    0.46   14.28 v _7948_/Y (sky130_fd_sc_hd__a21boi_0)
                                         _3203_ (net)
                  0.17    0.00   14.28 v _7975_/A2 (sky130_fd_sc_hd__o21ai_0)
     2    0.01    0.94    0.94   15.23 ^ _7975_/Y (sky130_fd_sc_hd__o21ai_0)
                                         _3228_ (net)
                  0.94    0.00   15.23 ^ _7976_/A2 (sky130_fd_sc_hd__a21boi_2)
     2    0.00    0.11    0.50   15.72 v _7976_/Y (sky130_fd_sc_hd__a21boi_2)
                                         _3229_ (net)
                  0.11    0.00   15.72 v _7999_/A2 (sky130_fd_sc_hd__o21ai_0)
     2    0.00    0.61    0.65   16.37 ^ _7999_/Y (sky130_fd_sc_hd__o21ai_0)
                                         _3250_ (net)
                  0.61    0.00   16.37 ^ _8000_/A2 (sky130_fd_sc_hd__a21boi_0)
     2    0.00    0.17    0.46   16.83 v _8000_/Y (sky130_fd_sc_hd__a21boi_0)
                                         _3251_ (net)
                  0.17    0.00   16.83 v _8021_/A2 (sky130_fd_sc_hd__o21ai_0)
     2    0.00    0.68    0.73   17.57 ^ _8021_/Y (sky130_fd_sc_hd__o21ai_0)
                                         _3270_ (net)
                  0.68    0.00   17.57 ^ _8022_/A2 (sky130_fd_sc_hd__a21boi_1)
     2    0.00    0.13    0.44   18.00 v _8022_/Y (sky130_fd_sc_hd__a21boi_1)
                                         _3271_ (net)
                  0.13    0.00   18.00 v _8042_/A2 (sky130_fd_sc_hd__o21ai_0)
     2    0.01    0.85    0.84   18.85 ^ _8042_/Y (sky130_fd_sc_hd__o21ai_0)
                                         _3289_ (net)
                  0.85    0.00   18.85 ^ _8044_/A2 (sky130_fd_sc_hd__a21oi_1)
     2    0.01    0.21    0.61   19.45 v _8044_/Y (sky130_fd_sc_hd__a21oi_1)
                                         _3291_ (net)
                  0.21    0.00   19.45 v _8065_/A2 (sky130_fd_sc_hd__o21ai_0)
     2    0.02    2.55    2.21   21.67 ^ _8065_/Y (sky130_fd_sc_hd__o21ai_0)
                                         _3310_ (net)
                  2.55    0.00   21.67 ^ _8066_/A2 (sky130_fd_sc_hd__a21boi_1)
     2    0.00    0.27    1.16   22.83 v _8066_/Y (sky130_fd_sc_hd__a21boi_1)
                                         _3311_ (net)
                  0.27    0.00   22.83 v _8081_/A2 (sky130_fd_sc_hd__o21ai_0)
     2    0.01    1.62    1.53   24.35 ^ _8081_/Y (sky130_fd_sc_hd__o21ai_0)
                                         _3324_ (net)
                  1.62    0.00   24.35 ^ _8084_/A2 (sky130_fd_sc_hd__a21boi_0)
     2    0.00    0.25    0.91   25.26 v _8084_/Y (sky130_fd_sc_hd__a21boi_0)
                                         _3327_ (net)
                  0.25    0.00   25.26 v _8102_/A2 (sky130_fd_sc_hd__o21ai_0)
     3    0.01    0.88    0.94   26.20 ^ _8102_/Y (sky130_fd_sc_hd__o21ai_0)
                                         _3343_ (net)
                  0.88    0.00   26.20 ^ _8103_/B (sky130_fd_sc_hd__nand2_1)
     1    0.01    0.19    0.57   26.77 v _8103_/Y (sky130_fd_sc_hd__nand2_1)
                                         _3344_ (net)
                  0.19    0.00   26.77 v _8104_/B (sky130_fd_sc_hd__xnor2_1)
     1    0.00    0.44    0.57   27.34 ^ _8104_/Y (sky130_fd_sc_hd__xnor2_1)
                                         _3345_ (net)
                  0.44    0.00   27.34 ^ _8105_/B (sky130_fd_sc_hd__nor2_1)
     1    0.00    0.07    0.24   27.58 v _8105_/Y (sky130_fd_sc_hd__nor2_1)
                                         _3346_ (net)
                  0.07    0.00   27.58 v _8112_/A1 (sky130_fd_sc_hd__o21ai_0)
     1    0.00    0.35    0.46   28.04 ^ _8112_/Y (sky130_fd_sc_hd__o21ai_0)
                                         _0266_ (net)
                  0.35    0.00   28.04 ^ reg_next_pc[27]$_SDFFE_PN0P_/D (sky130_fd_sc_hd__dfxtp_2)
                                 28.04   data arrival time
-----------------------------------------------------------------------------
(Path is unconstrained)


Startpoint: latched_stalu$_SDFFE_PN0P_ (rising edge-triggered flip-flop)
Endpoint: reg_next_pc[28]$_SDFFE_PN0P_ (rising edge-triggered flip-flop)
Path Group: unconstrained
Path Type: max
Corner: slow

Fanout     Cap    Slew   Delay    Time   Description
-----------------------------------------------------------------------------
                  0.60    0.00    0.00 ^ latched_stalu$_SDFFE_PN0P_/CLK (sky130_fd_sc_hd__dfxtp_2)
    33    0.14    2.51    3.31    3.31 ^ latched_stalu$_SDFFE_PN0P_/Q (sky130_fd_sc_hd__dfxtp_2)
                                         latched_stalu (net)
                  2.51    0.00    3.31 ^ _5678_/S (sky130_fd_sc_hd__mux2i_1)
     2    0.00    0.63    1.78    5.09 ^ _5678_/Y (sky130_fd_sc_hd__mux2i_1)
                                         _1273_ (net)
                  0.63    0.00    5.09 ^ _5680_/A2 (sky130_fd_sc_hd__o21a_1)
     5    0.02    0.80    1.05    6.15 ^ _5680_/X (sky130_fd_sc_hd__o21a_1)
                                         _4165_ (net)
                  0.80    0.00    6.15 ^ _5681_/A (sky130_fd_sc_hd__inv_2)
     3    0.01    0.13    0.40    6.54 v _5681_/Y (sky130_fd_sc_hd__inv_2)
                                         _4133_ (net)
                  0.13    0.00    6.54 v _9163_/B (sky130_fd_sc_hd__ha_1)
     1    0.00    0.16    1.35    7.89 v _9163_/SUM (sky130_fd_sc_hd__ha_1)
                                         _4196_ (net)
                  0.16    0.00    7.89 v _7845_/A2 (sky130_fd_sc_hd__a21o_1)
     1    0.00    0.08    0.68    8.58 v _7845_/X (sky130_fd_sc_hd__a21o_1)
                                         _3109_ (net)
                  0.08    0.00    8.58 v _7846_/A2 (sky130_fd_sc_hd__a21oi_1)
     2    0.01    0.59    0.66    9.23 ^ _7846_/Y (sky130_fd_sc_hd__a21oi_1)
                                         _3110_ (net)
                  0.59    0.00    9.23 ^ _7868_/A2 (sky130_fd_sc_hd__o21ai_0)
     1    0.00    0.17    0.45    9.68 v _7868_/Y (sky130_fd_sc_hd__o21ai_0)
                                         _3130_ (net)
                  0.17    0.00    9.68 v _7869_/A2 (sky130_fd_sc_hd__a21oi_2)
     2    0.01    0.62    0.78   10.47 ^ _7869_/Y (sky130_fd_sc_hd__a21oi_2)
                                         _3131_ (net)
                  0.62    0.00   10.47 ^ _7889_/A2 (sky130_fd_sc_hd__o21ai_0)
     1    0.01    0.33    0.59   11.06 v _7889_/Y (sky130_fd_sc_hd__o21ai_0)
                                         _3149_ (net)
                  0.33    0.00   11.06 v _7890_/A2 (sky130_fd_sc_hd__a21oi_1)
     2    0.01    0.62    0.84   11.90 ^ _7890_/Y (sky130_fd_sc_hd__a21oi_1)
                                         _3150_ (net)
                  0.62    0.00   11.90 ^ _7912_/A2 (sky130_fd_sc_hd__o21ai_0)
     1    0.00    0.12    0.41   12.31 v _7912_/Y (sky130_fd_sc_hd__o21ai_0)
                                         _3170_ (net)
                  0.12    0.00   12.31 v _7913_/A2 (sky130_fd_sc_hd__a21oi_1)
     2    0.01    0.72    0.78   13.09 ^ _7913_/Y (sky130_fd_sc_hd__a21oi_1)
                                         _3171_ (net)
                  0.72    0.00   13.09 ^ _7939_/A2 (sky130_fd_sc_hd__o21ai_0)
     1    0.00    0.18    0.51   13.60 v _7939_/Y (sky130_fd_sc_hd__o21ai_0)
                                         _3195_ (net)
                  0.18    0.00   13.60 v _7940_/A2 (sky130_fd_sc_hd__a21o_4)
     3    0.01    0.11    0.94   14.54 v _7940_/X (sky130_fd_sc_hd__a21o_4)
                                         _3196_ (net)
                  0.11    0.00   14.54 v _7962_/A2 (sky130_fd_sc_hd__a21o_1)
     1    0.00    0.08    0.65   15.19 v _7962_/X (sky130_fd_sc_hd__a21o_1)
                                         _3216_ (net)
                  0.08    0.00   15.19 v _7963_/A2 (sky130_fd_sc_hd__a21o_1)
     3    0.01    0.11    0.67   15.86 v _7963_/X (sky130_fd_sc_hd__a21o_1)
                                         _3217_ (net)
                  0.11    0.00   15.86 v _7987_/A2 (sky130_fd_sc_hd__a21o_1)
     1    0.00    0.10    0.68   16.54 v _7987_/X (sky130_fd_sc_hd__a21o_1)
                                         _3239_ (net)
                  0.10    0.00   16.54 v _7988_/A2 (sky130_fd_sc_hd__a21o_4)
     3    0.01    0.11    0.89   17.43 v _7988_/X (sky130_fd_sc_hd__a21o_4)
                                         _3240_ (net)
                  0.11    0.00   17.43 v _8010_/A2 (sky130_fd_sc_hd__a21o_1)
     1    0.00    0.08    0.65   18.07 v _8010_/X (sky130_fd_sc_hd__a21o_1)
                                         _3260_ (net)
                  0.08    0.00   18.07 v _8011_/A2 (sky130_fd_sc_hd__a21o_1)
     3    0.01    0.11    0.67   18.74 v _8011_/X (sky130_fd_sc_hd__a21o_1)
                                         _3261_ (net)
                  0.11    0.00   18.74 v _8032_/A2 (sky130_fd_sc_hd__a21o_1)
     1    0.00    0.10    0.68   19.42 v _8032_/X (sky130_fd_sc_hd__a21o_1)
                                         _3280_ (net)
                  0.10    0.00   19.42 v _8033_/A2 (sky130_fd_sc_hd__a21o_4)
     3    0.01    0.11    0.89   20.31 v _8033_/X (sky130_fd_sc_hd__a21o_4)
                                         _3281_ (net)
                  0.11    0.00   20.31 v _8055_/A2 (sky130_fd_sc_hd__a21oi_1)
     1    0.01    0.71    0.78   21.09 ^ _8055_/Y (sky130_fd_sc_hd__a21oi_1)
                                         _3301_ (net)
                  0.71    0.00   21.09 ^ _8056_/A2 (sky130_fd_sc_hd__o21bai_2)
     3    0.01    0.18    0.48   21.57 v _8056_/Y (sky130_fd_sc_hd__o21bai_2)
                                         _3302_ (net)
                  0.18    0.00   21.57 v _8072_/A2 (sky130_fd_sc_hd__a21o_4)
     1    0.02    0.14    1.00   22.57 v _8072_/X (sky130_fd_sc_hd__a21o_4)
                                         _3316_ (net)
                  0.14    0.00   22.57 v _8073_/A2 (sky130_fd_sc_hd__a21o_1)
     2    0.01    0.11    0.71   23.29 v _8073_/X (sky130_fd_sc_hd__a21o_1)
                                         _3317_ (net)
                  0.11    0.00   23.29 v _8092_/A2 (sky130_fd_sc_hd__a21o_1)
     1    0.01    0.17    0.77   24.05 v _8092_/X (sky130_fd_sc_hd__a21o_1)
                                         _3334_ (net)
                  0.17    0.00   24.05 v _8093_/A2 (sky130_fd_sc_hd__a21o_4)
     2    0.01    0.11    0.95   25.01 v _8093_/X (sky130_fd_sc_hd__a21o_4)
                                         _3335_ (net)
                  0.11    0.00   25.01 v _8115_/A3 (sky130_fd_sc_hd__a31o_4)
     3    0.00    0.11    0.99   26.00 v _8115_/X (sky130_fd_sc_hd__a31o_4)
                                         _3355_ (net)
                  0.11    0.00   26.00 v _8117_/A_N (sky130_fd_sc_hd__nand2b_1)
     1    0.00    0.10    0.51   26.51 v _8117_/Y (sky130_fd_sc_hd__nand2b_1)
                                         _3357_ (net)
                  0.10    0.00   26.51 v _8122_/A2 (sky130_fd_sc_hd__a31oi_1)
     1    0.00    0.33    0.50   27.01 ^ _8122_/Y (sky130_fd_sc_hd__a31oi_1)
                                         _3362_ (net)
                  0.33    0.00   27.01 ^ _8124_/A2 (sky130_fd_sc_hd__o21ai_0)
     1    0.01    0.22    0.36   27.37 v _8124_/Y (sky130_fd_sc_hd__o21ai_0)
                                         _0267_ (net)
                  0.22    0.00   27.37 v reg_next_pc[28]$_SDFFE_PN0P_/D (sky130_fd_sc_hd__dfxtp_2)
                                 27.37   data arrival time
-----------------------------------------------------------------------------
(Path is unconstrained)


Startpoint: latched_stalu$_SDFFE_PN0P_ (rising edge-triggered flip-flop)
Endpoint: reg_next_pc[26]$_SDFFE_PN0P_ (rising edge-triggered flip-flop)
Path Group: unconstrained
Path Type: max
Corner: slow

Fanout     Cap    Slew   Delay    Time   Description
-----------------------------------------------------------------------------
                  0.60    0.00    0.00 ^ latched_stalu$_SDFFE_PN0P_/CLK (sky130_fd_sc_hd__dfxtp_2)
    33    0.14    2.51    3.31    3.31 ^ latched_stalu$_SDFFE_PN0P_/Q (sky130_fd_sc_hd__dfxtp_2)
                                         latched_stalu (net)
                  2.51    0.00    3.31 ^ _5678_/S (sky130_fd_sc_hd__mux2i_1)
     2    0.00    0.63    1.78    5.09 ^ _5678_/Y (sky130_fd_sc_hd__mux2i_1)
                                         _1273_ (net)
                  0.63    0.00    5.09 ^ _5680_/A2 (sky130_fd_sc_hd__o21a_1)
     5    0.02    0.80    1.05    6.15 ^ _5680_/X (sky130_fd_sc_hd__o21a_1)
                                         _4165_ (net)
                  0.80    0.00    6.15 ^ _5681_/A (sky130_fd_sc_hd__inv_2)
     3    0.01    0.13    0.40    6.54 v _5681_/Y (sky130_fd_sc_hd__inv_2)
                                         _4133_ (net)
                  0.13    0.00    6.54 v _9163_/B (sky130_fd_sc_hd__ha_1)
     1    0.00    0.16    1.35    7.89 v _9163_/SUM (sky130_fd_sc_hd__ha_1)
                                         _4196_ (net)
                  0.16    0.00    7.89 v _7845_/A2 (sky130_fd_sc_hd__a21o_1)
     1    0.00    0.08    0.68    8.58 v _7845_/X (sky130_fd_sc_hd__a21o_1)
                                         _3109_ (net)
                  0.08    0.00    8.58 v _7846_/A2 (sky130_fd_sc_hd__a21oi_1)
     2    0.01    0.59    0.66    9.23 ^ _7846_/Y (sky130_fd_sc_hd__a21oi_1)
                                         _3110_ (net)
                  0.59    0.00    9.23 ^ _7868_/A2 (sky130_fd_sc_hd__o21ai_0)
     1    0.00    0.17    0.45    9.68 v _7868_/Y (sky130_fd_sc_hd__o21ai_0)
                                         _3130_ (net)
                  0.17    0.00    9.68 v _7869_/A2 (sky130_fd_sc_hd__a21oi_2)
     2    0.01    0.62    0.78   10.47 ^ _7869_/Y (sky130_fd_sc_hd__a21oi_2)
                                         _3131_ (net)
                  0.62    0.00   10.47 ^ _7889_/A2 (sky130_fd_sc_hd__o21ai_0)
     1    0.01    0.33    0.59   11.06 v _7889_/Y (sky130_fd_sc_hd__o21ai_0)
                                         _3149_ (net)
                  0.33    0.00   11.06 v _7890_/A2 (sky130_fd_sc_hd__a21oi_1)
     2    0.01    0.62    0.84   11.90 ^ _7890_/Y (sky130_fd_sc_hd__a21oi_1)
                                         _3150_ (net)
                  0.62    0.00   11.90 ^ _7912_/A2 (sky130_fd_sc_hd__o21ai_0)
     1    0.00    0.12    0.41   12.31 v _7912_/Y (sky130_fd_sc_hd__o21ai_0)
                                         _3170_ (net)
                  0.12    0.00   12.31 v _7913_/A2 (sky130_fd_sc_hd__a21oi_1)
     2    0.01    0.72    0.78   13.09 ^ _7913_/Y (sky130_fd_sc_hd__a21oi_1)
                                         _3171_ (net)
                  0.72    0.00   13.09 ^ _7939_/A2 (sky130_fd_sc_hd__o21ai_0)
     1    0.00    0.18    0.51   13.60 v _7939_/Y (sky130_fd_sc_hd__o21ai_0)
                                         _3195_ (net)
                  0.18    0.00   13.60 v _7940_/A2 (sky130_fd_sc_hd__a21o_4)
     3    0.01    0.11    0.94   14.54 v _7940_/X (sky130_fd_sc_hd__a21o_4)
                                         _3196_ (net)
                  0.11    0.00   14.54 v _7962_/A2 (sky130_fd_sc_hd__a21o_1)
     1    0.00    0.08    0.65   15.19 v _7962_/X (sky130_fd_sc_hd__a21o_1)
                                         _3216_ (net)
                  0.08    0.00   15.19 v _7963_/A2 (sky130_fd_sc_hd__a21o_1)
     3    0.01    0.11    0.67   15.86 v _7963_/X (sky130_fd_sc_hd__a21o_1)
                                         _3217_ (net)
                  0.11    0.00   15.86 v _7987_/A2 (sky130_fd_sc_hd__a21o_1)
     1    0.00    0.10    0.68   16.54 v _7987_/X (sky130_fd_sc_hd__a21o_1)
                                         _3239_ (net)
                  0.10    0.00   16.54 v _7988_/A2 (sky130_fd_sc_hd__a21o_4)
     3    0.01    0.11    0.89   17.43 v _7988_/X (sky130_fd_sc_hd__a21o_4)
                                         _3240_ (net)
                  0.11    0.00   17.43 v _8010_/A2 (sky130_fd_sc_hd__a21o_1)
     1    0.00    0.08    0.65   18.07 v _8010_/X (sky130_fd_sc_hd__a21o_1)
                                         _3260_ (net)
                  0.08    0.00   18.07 v _8011_/A2 (sky130_fd_sc_hd__a21o_1)
     3    0.01    0.11    0.67   18.74 v _8011_/X (sky130_fd_sc_hd__a21o_1)
                                         _3261_ (net)
                  0.11    0.00   18.74 v _8032_/A2 (sky130_fd_sc_hd__a21o_1)
     1    0.00    0.10    0.68   19.42 v _8032_/X (sky130_fd_sc_hd__a21o_1)
                                         _3280_ (net)
                  0.10    0.00   19.42 v _8033_/A2 (sky130_fd_sc_hd__a21o_4)
     3    0.01    0.11    0.89   20.31 v _8033_/X (sky130_fd_sc_hd__a21o_4)
                                         _3281_ (net)
                  0.11    0.00   20.31 v _8055_/A2 (sky130_fd_sc_hd__a21oi_1)
     1    0.01    0.71    0.78   21.09 ^ _8055_/Y (sky130_fd_sc_hd__a21oi_1)
                                         _3301_ (net)
                  0.71    0.00   21.09 ^ _8056_/A2 (sky130_fd_sc_hd__o21bai_2)
     3    0.01    0.18    0.48   21.57 v _8056_/Y (sky130_fd_sc_hd__o21bai_2)
                                         _3302_ (net)
                  0.18    0.00   21.57 v _8072_/A2 (sky130_fd_sc_hd__a21o_4)
     1    0.02    0.14    1.00   22.57 v _8072_/X (sky130_fd_sc_hd__a21o_4)
                                         _3316_ (net)
                  0.14    0.00   22.57 v _8073_/A2 (sky130_fd_sc_hd__a21o_1)
     2    0.01    0.11    0.71   23.29 v _8073_/X (sky130_fd_sc_hd__a21o_1)
                                         _3317_ (net)
                  0.11    0.00   23.29 v _8092_/A2 (sky130_fd_sc_hd__a21o_1)
     1    0.01    0.17    0.77   24.05 v _8092_/X (sky130_fd_sc_hd__a21o_1)
                                         _3334_ (net)
                  0.17    0.00   24.05 v _8093_/A2 (sky130_fd_sc_hd__a21o_4)
     2    0.01    0.11    0.95   25.01 v _8093_/X (sky130_fd_sc_hd__a21o_4)
                                         _3335_ (net)
                  0.11    0.00   25.01 v _8094_/B (sky130_fd_sc_hd__xnor2_1)
     1    0.00    0.44    0.53   25.53 ^ _8094_/Y (sky130_fd_sc_hd__xnor2_1)
                                         _3336_ (net)
                  0.44    0.00   25.53 ^ _8098_/A2 (sky130_fd_sc_hd__a22oi_1)
     1    0.00    0.14    0.34   25.88 v _8098_/Y (sky130_fd_sc_hd__a22oi_1)
                                         _3340_ (net)
                  0.14    0.00   25.88 v _8099_/B2 (sky130_fd_sc_hd__a22o_1)
     1    0.00    0.09    0.79   26.66 v _8099_/X (sky130_fd_sc_hd__a22o_1)
                                         _0265_ (net)
                  0.09    0.00   26.66 v reg_next_pc[26]$_SDFFE_PN0P_/D (sky130_fd_sc_hd__dfxtp_2)
                                 26.66   data arrival time
-----------------------------------------------------------------------------
(Path is unconstrained)


Startpoint: latched_stalu$_SDFFE_PN0P_ (rising edge-triggered flip-flop)
Endpoint: reg_next_pc[25]$_SDFFE_PN0P_ (rising edge-triggered flip-flop)
Path Group: unconstrained
Path Type: max
Corner: slow

Fanout     Cap    Slew   Delay    Time   Description
-----------------------------------------------------------------------------
                  0.60    0.00    0.00 ^ latched_stalu$_SDFFE_PN0P_/CLK (sky130_fd_sc_hd__dfxtp_2)
    33    0.14    2.51    3.31    3.31 ^ latched_stalu$_SDFFE_PN0P_/Q (sky130_fd_sc_hd__dfxtp_2)
                                         latched_stalu (net)
                  2.51    0.00    3.31 ^ _5682_/S (sky130_fd_sc_hd__mux2i_1)
     2    0.00    0.58    1.74    5.06 ^ _5682_/Y (sky130_fd_sc_hd__mux2i_1)
                                         _1275_ (net)
                  0.58    0.00    5.06 ^ _5684_/A2 (sky130_fd_sc_hd__o21a_1)
     4    0.01    0.55    0.85    5.91 ^ _5684_/X (sky130_fd_sc_hd__o21a_1)
                                         _1277_ (net)
                  0.55    0.00    5.91 ^ _5685_/A (sky130_fd_sc_hd__inv_1)
     2    0.01    0.12    0.34    6.24 v _5685_/Y (sky130_fd_sc_hd__inv_1)
                                         _4144_ (net)
                  0.12    0.00    6.24 v _9165_/B (sky130_fd_sc_hd__ha_1)
     3    0.01    0.22    1.44    7.69 v _9165_/SUM (sky130_fd_sc_hd__ha_1)
                                         _4200_ (net)
                  0.22    0.00    7.69 v _7858_/B_N (sky130_fd_sc_hd__nor2b_1)
     1    0.00    0.08    0.54    8.23 v _7858_/Y (sky130_fd_sc_hd__nor2b_1)
                                         _3121_ (net)
                  0.08    0.00    8.23 v _7859_/A2 (sky130_fd_sc_hd__o21ai_0)
     2    0.01    0.85    0.81    9.04 ^ _7859_/Y (sky130_fd_sc_hd__o21ai_0)
                                         _3122_ (net)
                  0.85    0.00    9.04 ^ _7862_/A2 (sky130_fd_sc_hd__a21boi_2)
     2    0.00    0.10    0.45    9.50 v _7862_/Y (sky130_fd_sc_hd__a21boi_2)
                                         _3125_ (net)
                  0.10    0.00    9.50 v _7880_/A2 (sky130_fd_sc_hd__o21ai_0)
     2    0.00    0.68    0.70   10.20 ^ _7880_/Y (sky130_fd_sc_hd__o21ai_0)
                                         _3141_ (net)
                  0.68    0.00   10.20 ^ _7883_/A2 (sky130_fd_sc_hd__a21boi_1)
     2    0.00    0.13    0.44   10.63 v _7883_/Y (sky130_fd_sc_hd__a21boi_1)
                                         _3144_ (net)
                  0.13    0.00   10.63 v _7899_/A2 (sky130_fd_sc_hd__o21ai_0)
     2    0.00    0.61    0.66   11.29 ^ _7899_/Y (sky130_fd_sc_hd__o21ai_0)
                                         _3158_ (net)
                  0.61    0.00   11.29 ^ _7900_/A2 (sky130_fd_sc_hd__a21boi_0)
     2    0.00    0.15    0.45   11.74 v _7900_/Y (sky130_fd_sc_hd__a21boi_0)
                                         _3159_ (net)
                  0.15    0.00   11.74 v _7923_/A2 (sky130_fd_sc_hd__o21ai_0)
     2    0.01    0.95    0.93   12.68 ^ _7923_/Y (sky130_fd_sc_hd__o21ai_0)
                                         _3180_ (net)
                  0.95    0.00   12.68 ^ _7924_/A2 (sky130_fd_sc_hd__a21boi_2)
     2    0.00    0.11    0.50   13.17 v _7924_/Y (sky130_fd_sc_hd__a21boi_2)
                                         _3181_ (net)
                  0.11    0.00   13.17 v _7947_/A2 (sky130_fd_sc_hd__o21ai_0)
     2    0.00    0.61    0.65   13.82 ^ _7947_/Y (sky130_fd_sc_hd__o21ai_0)
                                         _3202_ (net)
                  0.61    0.00   13.82 ^ _7948_/A2 (sky130_fd_sc_hd__a21boi_0)
     2    0.00    0.17    0.46   14.28 v _7948_/Y (sky130_fd_sc_hd__a21boi_0)
                                         _3203_ (net)
                  0.17    0.00   14.28 v _7975_/A2 (sky130_fd_sc_hd__o21ai_0)
     2    0.01    0.94    0.94   15.23 ^ _7975_/Y (sky130_fd_sc_hd__o21ai_0)
                                         _3228_ (net)
                  0.94    0.00   15.23 ^ _7976_/A2 (sky130_fd_sc_hd__a21boi_2)
     2    0.00    0.11    0.50   15.72 v _7976_/Y (sky130_fd_sc_hd__a21boi_2)
                                         _3229_ (net)
                  0.11    0.00   15.72 v _7999_/A2 (sky130_fd_sc_hd__o21ai_0)
     2    0.00    0.61    0.65   16.37 ^ _7999_/Y (sky130_fd_sc_hd__o21ai_0)
                                         _3250_ (net)
                  0.61    0.00   16.37 ^ _8000_/A2 (sky130_fd_sc_hd__a21boi_0)
     2    0.00    0.17    0.46   16.83 v _8000_/Y (sky130_fd_sc_hd__a21boi_0)
                                         _3251_ (net)
                  0.17    0.00   16.83 v _8021_/A2 (sky130_fd_sc_hd__o21ai_0)
     2    0.00    0.68    0.73   17.57 ^ _8021_/Y (sky130_fd_sc_hd__o21ai_0)
                                         _3270_ (net)
                  0.68    0.00   17.57 ^ _8022_/A2 (sky130_fd_sc_hd__a21boi_1)
     2    0.00    0.13    0.44   18.00 v _8022_/Y (sky130_fd_sc_hd__a21boi_1)
                                         _3271_ (net)
                  0.13    0.00   18.00 v _8042_/A2 (sky130_fd_sc_hd__o21ai_0)
     2    0.01    0.85    0.84   18.85 ^ _8042_/Y (sky130_fd_sc_hd__o21ai_0)
                                         _3289_ (net)
                  0.85    0.00   18.85 ^ _8044_/A2 (sky130_fd_sc_hd__a21oi_1)
     2    0.01    0.21    0.61   19.45 v _8044_/Y (sky130_fd_sc_hd__a21oi_1)
                                         _3291_ (net)
                  0.21    0.00   19.45 v _8065_/A2 (sky130_fd_sc_hd__o21ai_0)
     2    0.02    2.55    2.21   21.67 ^ _8065_/Y (sky130_fd_sc_hd__o21ai_0)
                                         _3310_ (net)
                  2.55    0.00   21.67 ^ _8066_/A2 (sky130_fd_sc_hd__a21boi_1)
     2    0.00    0.27    1.16   22.83 v _8066_/Y (sky130_fd_sc_hd__a21boi_1)
                                         _3311_ (net)
                  0.27    0.00   22.83 v _8081_/A2 (sky130_fd_sc_hd__o21ai_0)
     2    0.01    1.62    1.53   24.35 ^ _8081_/Y (sky130_fd_sc_hd__o21ai_0)
                                         _3324_ (net)
                  1.62    0.00   24.35 ^ _8084_/A2 (sky130_fd_sc_hd__a21boi_0)
     2    0.00    0.25    0.91   25.26 v _8084_/Y (sky130_fd_sc_hd__a21boi_0)
                                         _3327_ (net)
                  0.25    0.00   25.26 v _8085_/A2 (sky130_fd_sc_hd__o21a_1)
     1    0.00    0.08    0.77   26.03 v _8085_/X (sky130_fd_sc_hd__o21a_1)
                                         _3328_ (net)
                  0.08    0.00   26.03 v _8090_/A1 (sky130_fd_sc_hd__o21ai_0)
     1    0.00    0.35    0.46   26.49 ^ _8090_/Y (sky130_fd_sc_hd__o21ai_0)
                                         _0264_ (net)
                  0.35    0.00   26.49 ^ reg_next_pc[25]$_SDFFE_PN0P_/D (sky130_fd_sc_hd__dfxtp_2)
                                 26.49   data arrival time
-----------------------------------------------------------------------------
(Path is unconstrained)


Startpoint: latched_stalu$_SDFFE_PN0P_ (rising edge-triggered flip-flop)
Endpoint: reg_next_pc[24]$_SDFFE_PN0P_ (rising edge-triggered flip-flop)
Path Group: unconstrained
Path Type: max
Corner: slow

Fanout     Cap    Slew   Delay    Time   Description
-----------------------------------------------------------------------------
                  0.60    0.00    0.00 ^ latched_stalu$_SDFFE_PN0P_/CLK (sky130_fd_sc_hd__dfxtp_2)
    33    0.14    2.51    3.31    3.31 ^ latched_stalu$_SDFFE_PN0P_/Q (sky130_fd_sc_hd__dfxtp_2)
                                         latched_stalu (net)
                  2.51    0.00    3.31 ^ _5678_/S (sky130_fd_sc_hd__mux2i_1)
     2    0.00    0.63    1.78    5.09 ^ _5678_/Y (sky130_fd_sc_hd__mux2i_1)
                                         _1273_ (net)
                  0.63    0.00    5.09 ^ _5680_/A2 (sky130_fd_sc_hd__o21a_1)
     5    0.02    0.80    1.05    6.15 ^ _5680_/X (sky130_fd_sc_hd__o21a_1)
                                         _4165_ (net)
                  0.80    0.00    6.15 ^ _5681_/A (sky130_fd_sc_hd__inv_2)
     3    0.01    0.13    0.40    6.54 v _5681_/Y (sky130_fd_sc_hd__inv_2)
                                         _4133_ (net)
                  0.13    0.00    6.54 v _9163_/B (sky130_fd_sc_hd__ha_1)
     1    0.00    0.16    1.35    7.89 v _9163_/SUM (sky130_fd_sc_hd__ha_1)
                                         _4196_ (net)
                  0.16    0.00    7.89 v _7845_/A2 (sky130_fd_sc_hd__a21o_1)
     1    0.00    0.08    0.68    8.58 v _7845_/X (sky130_fd_sc_hd__a21o_1)
                                         _3109_ (net)
                  0.08    0.00    8.58 v _7846_/A2 (sky130_fd_sc_hd__a21oi_1)
     2    0.01    0.59    0.66    9.23 ^ _7846_/Y (sky130_fd_sc_hd__a21oi_1)
                                         _3110_ (net)
                  0.59    0.00    9.23 ^ _7868_/A2 (sky130_fd_sc_hd__o21ai_0)
     1    0.00    0.17    0.45    9.68 v _7868_/Y (sky130_fd_sc_hd__o21ai_0)
                                         _3130_ (net)
                  0.17    0.00    9.68 v _7869_/A2 (sky130_fd_sc_hd__a21oi_2)
     2    0.01    0.62    0.78   10.47 ^ _7869_/Y (sky130_fd_sc_hd__a21oi_2)
                                         _3131_ (net)
                  0.62    0.00   10.47 ^ _7889_/A2 (sky130_fd_sc_hd__o21ai_0)
     1    0.01    0.33    0.59   11.06 v _7889_/Y (sky130_fd_sc_hd__o21ai_0)
                                         _3149_ (net)
                  0.33    0.00   11.06 v _7890_/A2 (sky130_fd_sc_hd__a21oi_1)
     2    0.01    0.62    0.84   11.90 ^ _7890_/Y (sky130_fd_sc_hd__a21oi_1)
                                         _3150_ (net)
                  0.62    0.00   11.90 ^ _7912_/A2 (sky130_fd_sc_hd__o21ai_0)
     1    0.00    0.12    0.41   12.31 v _7912_/Y (sky130_fd_sc_hd__o21ai_0)
                                         _3170_ (net)
                  0.12    0.00   12.31 v _7913_/A2 (sky130_fd_sc_hd__a21oi_1)
     2    0.01    0.72    0.78   13.09 ^ _7913_/Y (sky130_fd_sc_hd__a21oi_1)
                                         _3171_ (net)
                  0.72    0.00   13.09 ^ _7939_/A2 (sky130_fd_sc_hd__o21ai_0)
     1    0.00    0.18    0.51   13.60 v _7939_/Y (sky130_fd_sc_hd__o21ai_0)
                                         _3195_ (net)
                  0.18    0.00   13.60 v _7940_/A2 (sky130_fd_sc_hd__a21o_4)
     3    0.01    0.11    0.94   14.54 v _7940_/X (sky130_fd_sc_hd__a21o_4)
                                         _3196_ (net)
                  0.11    0.00   14.54 v _7962_/A2 (sky130_fd_sc_hd__a21o_1)
     1    0.00    0.08    0.65   15.19 v _7962_/X (sky130_fd_sc_hd__a21o_1)
                                         _3216_ (net)
                  0.08    0.00   15.19 v _7963_/A2 (sky130_fd_sc_hd__a21o_1)
     3    0.01    0.11    0.67   15.86 v _7963_/X (sky130_fd_sc_hd__a21o_1)
                                         _3217_ (net)
                  0.11    0.00   15.86 v _7987_/A2 (sky130_fd_sc_hd__a21o_1)
     1    0.00    0.10    0.68   16.54 v _7987_/X (sky130_fd_sc_hd__a21o_1)
                                         _3239_ (net)
                  0.10    0.00   16.54 v _7988_/A2 (sky130_fd_sc_hd__a21o_4)
     3    0.01    0.11    0.89   17.43 v _7988_/X (sky130_fd_sc_hd__a21o_4)
                                         _3240_ (net)
                  0.11    0.00   17.43 v _8010_/A2 (sky130_fd_sc_hd__a21o_1)
     1    0.00    0.08    0.65   18.07 v _8010_/X (sky130_fd_sc_hd__a21o_1)
                                         _3260_ (net)
                  0.08    0.00   18.07 v _8011_/A2 (sky130_fd_sc_hd__a21o_1)
     3    0.01    0.11    0.67   18.74 v _8011_/X (sky130_fd_sc_hd__a21o_1)
                                         _3261_ (net)
                  0.11    0.00   18.74 v _8032_/A2 (sky130_fd_sc_hd__a21o_1)
     1    0.00    0.10    0.68   19.42 v _8032_/X (sky130_fd_sc_hd__a21o_1)
                                         _3280_ (net)
                  0.10    0.00   19.42 v _8033_/A2 (sky130_fd_sc_hd__a21o_4)
     3    0.01    0.11    0.89   20.31 v _8033_/X (sky130_fd_sc_hd__a21o_4)
                                         _3281_ (net)
                  0.11    0.00   20.31 v _8055_/A2 (sky130_fd_sc_hd__a21oi_1)
     1    0.01    0.71    0.78   21.09 ^ _8055_/Y (sky130_fd_sc_hd__a21oi_1)
                                         _3301_ (net)
                  0.71    0.00   21.09 ^ _8056_/A2 (sky130_fd_sc_hd__o21bai_2)
     3    0.01    0.18    0.48   21.57 v _8056_/Y (sky130_fd_sc_hd__o21bai_2)
                                         _3302_ (net)
                  0.18    0.00   21.57 v _8072_/A2 (sky130_fd_sc_hd__a21o_4)
     1    0.02    0.14    1.00   22.57 v _8072_/X (sky130_fd_sc_hd__a21o_4)
                                         _3316_ (net)
                  0.14    0.00   22.57 v _8073_/A2 (sky130_fd_sc_hd__a21o_1)
     2    0.01    0.11    0.71   23.29 v _8073_/X (sky130_fd_sc_hd__a21o_1)
                                         _3317_ (net)
                  0.11    0.00   23.29 v _8074_/B (sky130_fd_sc_hd__xnor2_1)
     1    0.00    0.43    0.52   23.81 ^ _8074_/Y (sky130_fd_sc_hd__xnor2_1)
                                         _3318_ (net)
                  0.43    0.00   23.81 ^ _8078_/A2 (sky130_fd_sc_hd__a21oi_1)
     1    0.00    0.14    0.30   24.11 v _8078_/Y (sky130_fd_sc_hd__a21oi_1)
                                         _3322_ (net)
                  0.14    0.00   24.11 v _8079_/B1 (sky130_fd_sc_hd__a21o_1)
     1    0.00    0.07    0.59   24.70 v _8079_/X (sky130_fd_sc_hd__a21o_1)
                                         _0263_ (net)
                  0.07    0.00   24.70 v reg_next_pc[24]$_SDFFE_PN0P_/D (sky130_fd_sc_hd__dfxtp_2)
                                 24.70   data arrival time
-----------------------------------------------------------------------------
(Path is unconstrained)


Startpoint: decoded_imm[1]$_SDFFCE_PN0P_ (rising edge-triggered flip-flop)
Endpoint: reg_out[31]$_DFF_P_ (rising edge-triggered flip-flop)
Path Group: unconstrained
Path Type: max
Corner: slow

Fanout     Cap    Slew   Delay    Time   Description
-----------------------------------------------------------------------------
                  0.48    0.00    0.00 ^ decoded_imm[1]$_SDFFCE_PN0P_/CLK (sky130_fd_sc_hd__edfxtp_1)
     4    0.01    0.37    2.01    2.01 v decoded_imm[1]$_SDFFCE_PN0P_/Q (sky130_fd_sc_hd__edfxtp_1)
                                         decoded_imm[1] (net)
                  0.37    0.00    2.01 v _9194_/B (sky130_fd_sc_hd__ha_1)
     2    0.01    0.18    1.03    3.04 v _9194_/COUT (sky130_fd_sc_hd__ha_1)
                                         _4169_ (net)
                  0.18    0.00    3.04 v _9154_/CIN (sky130_fd_sc_hd__fa_1)
     3    0.01    0.29    2.04    5.08 v _9154_/COUT (sky130_fd_sc_hd__fa_1)
                                         _4170_ (net)
                  0.29    0.00    5.08 v _5868_/A1 (sky130_fd_sc_hd__a21o_1)
     1    0.00    0.10    0.75    5.83 v _5868_/X (sky130_fd_sc_hd__a21o_1)
                                         _1419_ (net)
                  0.10    0.00    5.83 v _5869_/A2 (sky130_fd_sc_hd__a21oi_2)
     2    0.01    0.55    0.67    6.49 ^ _5869_/Y (sky130_fd_sc_hd__a21oi_2)
                                         _1420_ (net)
                  0.55    0.00    6.49 ^ _5891_/A2 (sky130_fd_sc_hd__o21bai_2)
     1    0.01    0.19    0.42    6.91 v _5891_/Y (sky130_fd_sc_hd__o21bai_2)
                                         _1440_ (net)
                  0.19    0.00    6.91 v _5892_/A2 (sky130_fd_sc_hd__a21oi_2)
     2    0.01    0.46    0.66    7.57 ^ _5892_/Y (sky130_fd_sc_hd__a21oi_2)
                                         _1441_ (net)
                  0.46    0.00    7.57 ^ _5923_/A2 (sky130_fd_sc_hd__o21bai_1)
     1    0.01    0.18    0.38    7.95 v _5923_/Y (sky130_fd_sc_hd__o21bai_1)
                                         _1470_ (net)
                  0.18    0.00    7.95 v _5924_/A2 (sky130_fd_sc_hd__a21o_1)
     3    0.01    0.11    0.73    8.68 v _5924_/X (sky130_fd_sc_hd__a21o_1)
                                         _1471_ (net)
                  0.11    0.00    8.68 v _5949_/A2 (sky130_fd_sc_hd__a21o_1)
     1    0.00    0.08    0.65    9.33 v _5949_/X (sky130_fd_sc_hd__a21o_1)
                                         _1494_ (net)
                  0.08    0.00    9.33 v _5950_/A2 (sky130_fd_sc_hd__a21o_1)
     3    0.01    0.11    0.67   10.00 v _5950_/X (sky130_fd_sc_hd__a21o_1)
                                         _1495_ (net)
                  0.11    0.00   10.00 v _5972_/A2 (sky130_fd_sc_hd__a21oi_1)
     1    0.00    0.33    0.47   10.47 ^ _5972_/Y (sky130_fd_sc_hd__a21oi_1)
                                         _1515_ (net)
                  0.33    0.00   10.47 ^ _5973_/A (sky130_fd_sc_hd__nor2b_1)
     2    0.00    0.10    0.23   10.70 v _5973_/Y (sky130_fd_sc_hd__nor2b_1)
                                         _1516_ (net)
                  0.10    0.00   10.70 v _5974_/A2 (sky130_fd_sc_hd__o21a_1)
     2    0.01    0.12    0.74   11.44 v _5974_/X (sky130_fd_sc_hd__o21a_1)
                                         _1517_ (net)
                  0.12    0.00   11.44 v _5995_/A2 (sky130_fd_sc_hd__o21a_1)
     2    0.00    0.11    0.73   12.17 v _5995_/X (sky130_fd_sc_hd__o21a_1)
                                         _1536_ (net)
                  0.11    0.00   12.17 v _5997_/A2 (sky130_fd_sc_hd__o21a_1)
     2    0.00    0.12    0.74   12.90 v _5997_/X (sky130_fd_sc_hd__o21a_1)
                                         _1538_ (net)
                  0.12    0.00   12.90 v _6024_/A2 (sky130_fd_sc_hd__o21a_1)
     2    0.00    0.11    0.73   13.63 v _6024_/X (sky130_fd_sc_hd__o21a_1)
                                         _1563_ (net)
                  0.11    0.00   13.63 v _6026_/A2 (sky130_fd_sc_hd__o21a_1)
     2    0.00    0.11    0.72   14.35 v _6026_/X (sky130_fd_sc_hd__o21a_1)
                                         _1565_ (net)
                  0.11    0.00   14.35 v _6047_/A2 (sky130_fd_sc_hd__o21a_1)
     2    0.00    0.11    0.72   15.07 v _6047_/X (sky130_fd_sc_hd__o21a_1)
                                         _1584_ (net)
                  0.11    0.00   15.07 v _6049_/A2 (sky130_fd_sc_hd__o21a_1)
     2    0.00    0.11    0.72   15.79 v _6049_/X (sky130_fd_sc_hd__o21a_1)
                                         _1586_ (net)
                  0.11    0.00   15.79 v _6069_/A2 (sky130_fd_sc_hd__o21a_1)
     2    0.00    0.11    0.72   16.52 v _6069_/X (sky130_fd_sc_hd__o21a_1)
                                         _1604_ (net)
                  0.11    0.00   16.52 v _6071_/A2 (sky130_fd_sc_hd__o21a_1)
     2    0.00    0.11    0.72   17.24 v _6071_/X (sky130_fd_sc_hd__o21a_1)
                                         _1606_ (net)
                  0.11    0.00   17.24 v _6091_/A2 (sky130_fd_sc_hd__o21a_1)
     2    0.00    0.11    0.72   17.96 v _6091_/X (sky130_fd_sc_hd__o21a_1)
                                         _1624_ (net)
                  0.11    0.00   17.96 v _6093_/A2 (sky130_fd_sc_hd__o21a_1)
     2    0.00    0.11    0.72   18.68 v _6093_/X (sky130_fd_sc_hd__o21a_1)
                                         _1626_ (net)
                  0.11    0.00   18.68 v _6113_/A2 (sky130_fd_sc_hd__o21a_1)
     2    0.00    0.11    0.72   19.40 v _6113_/X (sky130_fd_sc_hd__o21a_1)
                                         _1644_ (net)
                  0.11    0.00   19.40 v _6114_/A2 (sky130_fd_sc_hd__o21a_1)
     2    0.00    0.11    0.72   20.12 v _6114_/X (sky130_fd_sc_hd__o21a_1)
                                         _1645_ (net)
                  0.11    0.00   20.12 v _6136_/A2 (sky130_fd_sc_hd__o21a_1)
     2    0.00    0.11    0.72   20.84 v _6136_/X (sky130_fd_sc_hd__o21a_1)
                                         _1665_ (net)
                  0.11    0.00   20.84 v _6137_/A2 (sky130_fd_sc_hd__o21a_1)
     3    0.01    0.14    0.77   21.61 v _6137_/X (sky130_fd_sc_hd__o21a_1)
                                         _1666_ (net)
                  0.14    0.00   21.61 v _6182_/A3 (sky130_fd_sc_hd__a31o_1)
     1    0.00    0.09    0.88   22.49 v _6182_/X (sky130_fd_sc_hd__a31o_1)
                                         _1707_ (net)
                  0.09    0.00   22.49 v _6185_/A2 (sky130_fd_sc_hd__a211oi_1)
     2    0.00    0.76    0.95   23.44 ^ _6185_/Y (sky130_fd_sc_hd__a211oi_1)
                                         _1710_ (net)
                  0.76    0.00   23.44 ^ _6188_/A1 (sky130_fd_sc_hd__o21ai_0)
     1    0.00    0.22    0.50   23.95 v _6188_/Y (sky130_fd_sc_hd__o21ai_0)
                                         _1713_ (net)
                  0.22    0.00   23.95 v _6196_/A2 (sky130_fd_sc_hd__o211ai_1)
     1    0.00    0.47    0.64   24.59 ^ _6196_/Y (sky130_fd_sc_hd__o211ai_1)
                                         _4670_ (net)
                  0.47    0.00   24.59 ^ reg_out[31]$_DFF_P_/D (sky130_fd_sc_hd__dfxtp_1)
                                 24.59   data arrival time
-----------------------------------------------------------------------------
(Path is unconstrained)


Startpoint: latched_stalu$_SDFFE_PN0P_ (rising edge-triggered flip-flop)
Endpoint: reg_next_pc[23]$_SDFFE_PN0P_ (rising edge-triggered flip-flop)
Path Group: unconstrained
Path Type: max
Corner: slow

Fanout     Cap    Slew   Delay    Time   Description
-----------------------------------------------------------------------------
                  0.60    0.00    0.00 ^ latched_stalu$_SDFFE_PN0P_/CLK (sky130_fd_sc_hd__dfxtp_2)
    33    0.14    2.51    3.31    3.31 ^ latched_stalu$_SDFFE_PN0P_/Q (sky130_fd_sc_hd__dfxtp_2)
                                         latched_stalu (net)
                  2.51    0.00    3.31 ^ _5682_/S (sky130_fd_sc_hd__mux2i_1)
     2    0.00    0.58    1.74    5.06 ^ _5682_/Y (sky130_fd_sc_hd__mux2i_1)
                                         _1275_ (net)
                  0.58    0.00    5.06 ^ _5684_/A2 (sky130_fd_sc_hd__o21a_1)
     4    0.01    0.55    0.85    5.91 ^ _5684_/X (sky130_fd_sc_hd__o21a_1)
                                         _1277_ (net)
                  0.55    0.00    5.91 ^ _5685_/A (sky130_fd_sc_hd__inv_1)
     2    0.01    0.12    0.34    6.24 v _5685_/Y (sky130_fd_sc_hd__inv_1)
                                         _4144_ (net)
                  0.12    0.00    6.24 v _9165_/B (sky130_fd_sc_hd__ha_1)
     3    0.01    0.22    1.44    7.69 v _9165_/SUM (sky130_fd_sc_hd__ha_1)
                                         _4200_ (net)
                  0.22    0.00    7.69 v _7858_/B_N (sky130_fd_sc_hd__nor2b_1)
     1    0.00    0.08    0.54    8.23 v _7858_/Y (sky130_fd_sc_hd__nor2b_1)
                                         _3121_ (net)
                  0.08    0.00    8.23 v _7859_/A2 (sky130_fd_sc_hd__o21ai_0)
     2    0.01    0.85    0.81    9.04 ^ _7859_/Y (sky130_fd_sc_hd__o21ai_0)
                                         _3122_ (net)
                  0.85    0.00    9.04 ^ _7862_/A2 (sky130_fd_sc_hd__a21boi_2)
     2    0.00    0.10    0.45    9.50 v _7862_/Y (sky130_fd_sc_hd__a21boi_2)
                                         _3125_ (net)
                  0.10    0.00    9.50 v _7880_/A2 (sky130_fd_sc_hd__o21ai_0)
     2    0.00    0.68    0.70   10.20 ^ _7880_/Y (sky130_fd_sc_hd__o21ai_0)
                                         _3141_ (net)
                  0.68    0.00   10.20 ^ _7883_/A2 (sky130_fd_sc_hd__a21boi_1)
     2    0.00    0.13    0.44   10.63 v _7883_/Y (sky130_fd_sc_hd__a21boi_1)
                                         _3144_ (net)
                  0.13    0.00   10.63 v _7899_/A2 (sky130_fd_sc_hd__o21ai_0)
     2    0.00    0.61    0.66   11.29 ^ _7899_/Y (sky130_fd_sc_hd__o21ai_0)
                                         _3158_ (net)
                  0.61    0.00   11.29 ^ _7900_/A2 (sky130_fd_sc_hd__a21boi_0)
     2    0.00    0.15    0.45   11.74 v _7900_/Y (sky130_fd_sc_hd__a21boi_0)
                                         _3159_ (net)
                  0.15    0.00   11.74 v _7923_/A2 (sky130_fd_sc_hd__o21ai_0)
     2    0.01    0.95    0.93   12.68 ^ _7923_/Y (sky130_fd_sc_hd__o21ai_0)
                                         _3180_ (net)
                  0.95    0.00   12.68 ^ _7924_/A2 (sky130_fd_sc_hd__a21boi_2)
     2    0.00    0.11    0.50   13.17 v _7924_/Y (sky130_fd_sc_hd__a21boi_2)
                                         _3181_ (net)
                  0.11    0.00   13.17 v _7947_/A2 (sky130_fd_sc_hd__o21ai_0)
     2    0.00    0.61    0.65   13.82 ^ _7947_/Y (sky130_fd_sc_hd__o21ai_0)
                                         _3202_ (net)
                  0.61    0.00   13.82 ^ _7948_/A2 (sky130_fd_sc_hd__a21boi_0)
     2    0.00    0.17    0.46   14.28 v _7948_/Y (sky130_fd_sc_hd__a21boi_0)
                                         _3203_ (net)
                  0.17    0.00   14.28 v _7975_/A2 (sky130_fd_sc_hd__o21ai_0)
     2    0.01    0.94    0.94   15.23 ^ _7975_/Y (sky130_fd_sc_hd__o21ai_0)
                                         _3228_ (net)
                  0.94    0.00   15.23 ^ _7976_/A2 (sky130_fd_sc_hd__a21boi_2)
     2    0.00    0.11    0.50   15.72 v _7976_/Y (sky130_fd_sc_hd__a21boi_2)
                                         _3229_ (net)
                  0.11    0.00   15.72 v _7999_/A2 (sky130_fd_sc_hd__o21ai_0)
     2    0.00    0.61    0.65   16.37 ^ _7999_/Y (sky130_fd_sc_hd__o21ai_0)
                                         _3250_ (net)
                  0.61    0.00   16.37 ^ _8000_/A2 (sky130_fd_sc_hd__a21boi_0)
     2    0.00    0.17    0.46   16.83 v _8000_/Y (sky130_fd_sc_hd__a21boi_0)
                                         _3251_ (net)
                  0.17    0.00   16.83 v _8021_/A2 (sky130_fd_sc_hd__o21ai_0)
     2    0.00    0.68    0.73   17.57 ^ _8021_/Y (sky130_fd_sc_hd__o21ai_0)
                                         _3270_ (net)
                  0.68    0.00   17.57 ^ _8022_/A2 (sky130_fd_sc_hd__a21boi_1)
     2    0.00    0.13    0.44   18.00 v _8022_/Y (sky130_fd_sc_hd__a21boi_1)
                                         _3271_ (net)
                  0.13    0.00   18.00 v _8042_/A2 (sky130_fd_sc_hd__o21ai_0)
     2    0.01    0.85    0.84   18.85 ^ _8042_/Y (sky130_fd_sc_hd__o21ai_0)
                                         _3289_ (net)
                  0.85    0.00   18.85 ^ _8044_/A2 (sky130_fd_sc_hd__a21oi_1)
     2    0.01    0.21    0.61   19.45 v _8044_/Y (sky130_fd_sc_hd__a21oi_1)
                                         _3291_ (net)
                  0.21    0.00   19.45 v _8065_/A2 (sky130_fd_sc_hd__o21ai_0)
     2    0.02    2.55    2.21   21.67 ^ _8065_/Y (sky130_fd_sc_hd__o21ai_0)
                                         _3310_ (net)
                  2.55    0.00   21.67 ^ _8067_/B (sky130_fd_sc_hd__nand2_1)
     1    0.00    0.24    1.02   22.69 v _8067_/Y (sky130_fd_sc_hd__nand2_1)
                                         _3312_ (net)
                  0.24    0.00   22.69 v _8068_/A2 (sky130_fd_sc_hd__o21ai_0)
     1    0.00    0.44    0.59   23.27 ^ _8068_/Y (sky130_fd_sc_hd__o21ai_0)
                                         _3313_ (net)
                  0.44    0.00   23.27 ^ _8069_/B2 (sky130_fd_sc_hd__o221ai_1)
     1    0.00    0.25    0.37   23.64 v _8069_/Y (sky130_fd_sc_hd__o221ai_1)
                                         _3314_ (net)
                  0.25    0.00   23.64 v _8070_/B1 (sky130_fd_sc_hd__o21ai_0)
     1    0.00    0.43    0.31   23.95 ^ _8070_/Y (sky130_fd_sc_hd__o21ai_0)
                                         _3315_ (net)
                  0.43    0.00   23.95 ^ _8071_/B (sky130_fd_sc_hd__nand2_1)
     1    0.00    0.07    0.27   24.22 v _8071_/Y (sky130_fd_sc_hd__nand2_1)
                                         _0262_ (net)
                  0.07    0.00   24.22 v reg_next_pc[23]$_SDFFE_PN0P_/D (sky130_fd_sc_hd__dfxtp_2)
                                 24.22   data arrival time
-----------------------------------------------------------------------------
(Path is unconstrained)


