Startpoint: latched_stalu$_SDFFE_PN0P_ (rising edge-triggered flip-flop)
Endpoint: reg_next_pc[30]$_SDFFE_PN0P_ (rising edge-triggered flip-flop)
Path Group: unconstrained
Path Type: max
Corner: slow

Fanout     Cap    Slew   Delay    Time   Description
-----------------------------------------------------------------------------
                  0.60    0.00    0.00 ^ latched_stalu$_SDFFE_PN0P_/CLK (sky130_fd_sc_hd__dfxtp_2)
    33    0.14    2.51    3.31    3.31 ^ latched_stalu$_SDFFE_PN0P_/Q (sky130_fd_sc_hd__dfxtp_2)
                                         latched_stalu (net)
                  2.51    0.00    3.31 ^ _5678_/S (sky130_fd_sc_hd__mux2i_1)
     2    0.00    0.63    1.78    5.09 ^ _5678_/Y (sky130_fd_sc_hd__mux2i_1)
                                         _1273_ (net)
                  0.63    0.00    5.09 ^ _5680_/A2 (sky130_fd_sc_hd__o21a_1)
     5    0.02    0.80    1.05    6.15 ^ _5680_/X (sky130_fd_sc_hd__o21a_1)
                                         _4165_ (net)
                  0.80    0.00    6.15 ^ _5681_/A (sky130_fd_sc_hd__inv_2)
     3    0.01    0.13    0.40    6.54 v _5681_/Y (sky130_fd_sc_hd__inv_2)
                                         _4133_ (net)
                  0.13    0.00    6.54 v _9163_/B (sky130_fd_sc_hd__ha_1)
     1    0.00    0.16    1.35    7.89 v _9163_/SUM (sky130_fd_sc_hd__ha_1)
                                         _4196_ (net)
                  0.16    0.00    7.89 v _7845_/A2 (sky130_fd_sc_hd__a21o_1)
     1    0.00    0.08    0.68    8.58 v _7845_/X (sky130_fd_sc_hd__a21o_1)
                                         _3109_ (net)
                  0.08    0.00    8.58 v _7846_/A2 (sky130_fd_sc_hd__a21oi_1)
     2    0.01    0.59    0.66    9.23 ^ _7846_/Y (sky130_fd_sc_hd__a21oi_1)
                                         _3110_ (net)
                  0.59    0.00    9.23 ^ _7868_/A2 (sky130_fd_sc_hd__o21ai_0)
     1    0.00    0.17    0.45    9.68 v _7868_/Y (sky130_fd_sc_hd__o21ai_0)
                                         _3130_ (net)
                  0.17    0.00    9.68 v _7869_/A2 (sky130_fd_sc_hd__a21oi_2)
     2    0.01    0.62    0.78   10.47 ^ _7869_/Y (sky130_fd_sc_hd__a21oi_2)
                                         _3131_ (net)
                  0.62    0.00   10.47 ^ _7889_/A2 (sky130_fd_sc_hd__o21ai_0)
     1    0.01    0.33    0.59   11.06 v _7889_/Y (sky130_fd_sc_hd__o21ai_0)
                                         _3149_ (net)
                  0.33    0.00   11.06 v _7890_/A2 (sky130_fd_sc_hd__a21oi_1)
     2    0.01    0.62    0.84   11.90 ^ _7890_/Y (sky130_fd_sc_hd__a21oi_1)
                                         _3150_ (net)
                  0.62    0.00   11.90 ^ _7912_/A2 (sky130_fd_sc_hd__o21ai_0)
     1    0.00    0.12    0.41   12.31 v _7912_/Y (sky130_fd_sc_hd__o21ai_0)
                                         _3170_ (net)
                  0.12    0.00   12.31 v _7913_/A2 (sky130_fd_sc_hd__a21oi_1)
     2    0.01    0.72    0.78   13.09 ^ _7913_/Y (sky130_fd_sc_hd__a21oi_1)
                                         _3171_ (net)
                  0.72    0.00   13.09 ^ _7939_/A2 (sky130_fd_sc_hd__o21ai_0)
     1    0.00    0.18    0.51   13.60 v _7939_/Y (sky130_fd_sc_hd__o21ai_0)
                                         _3195_ (net)
                  0.18    0.00   13.60 v _7940_/A2 (sky130_fd_sc_hd__a21o_4)
     3    0.01    0.11    0.94   14.54 v _7940_/X (sky130_fd_sc_hd__a21o_4)
                                         _3196_ (net)
                  0.11    0.00   14.54 v _7962_/A2 (sky130_fd_sc_hd__a21o_1)
     1    0.00    0.08    0.65   15.19 v _7962_/X (sky130_fd_sc_hd__a21o_1)
                                         _3216_ (net)
                  0.08    0.00   15.19 v _7963_/A2 (sky130_fd_sc_hd__a21o_1)
     3    0.01    0.11    0.67   15.86 v _7963_/X (sky130_fd_sc_hd__a21o_1)
                                         _3217_ (net)
                  0.11    0.00   15.86 v _7987_/A2 (sky130_fd_sc_hd__a21o_1)
     1    0.00    0.10    0.68   16.54 v _7987_/X (sky130_fd_sc_hd__a21o_1)
                                         _3239_ (net)
                  0.10    0.00   16.54 v _7988_/A2 (sky130_fd_sc_hd__a21o_4)
     3    0.01    0.11    0.89   17.43 v _7988_/X (sky130_fd_sc_hd__a21o_4)
                                         _3240_ (net)
                  0.11    0.00   17.43 v _8010_/A2 (sky130_fd_sc_hd__a21o_1)
     1    0.00    0.08    0.65   18.07 v _8010_/X (sky130_fd_sc_hd__a21o_1)
                                         _3260_ (net)
                  0.08    0.00   18.07 v _8011_/A2 (sky130_fd_sc_hd__a21o_1)
     3    0.01    0.11    0.67   18.74 v _8011_/X (sky130_fd_sc_hd__a21o_1)
                                         _3261_ (net)
                  0.11    0.00   18.74 v _8032_/A2 (sky130_fd_sc_hd__a21o_1)
     1    0.00    0.10    0.68   19.42 v _8032_/X (sky130_fd_sc_hd__a21o_1)
                                         _3280_ (net)
                  0.10    0.00   19.42 v _8033_/A2 (sky130_fd_sc_hd__a21o_4)
     3    0.01    0.11    0.89   20.31 v _8033_/X (sky130_fd_sc_hd__a21o_4)
                                         _3281_ (net)
                  0.11    0.00   20.31 v _8055_/A2 (sky130_fd_sc_hd__a21oi_1)
     1    0.01    0.71    0.78   21.09 ^ _8055_/Y (sky130_fd_sc_hd__a21oi_1)
                                         _3301_ (net)
                  0.71    0.00   21.09 ^ _8056_/A2 (sky130_fd_sc_hd__o21bai_2)
     3    0.01    0.18    0.48   21.57 v _8056_/Y (sky130_fd_sc_hd__o21bai_2)
                                         _3302_ (net)
                  0.18    0.00   21.57 v _8072_/A2 (sky130_fd_sc_hd__a21o_4)
     1    0.02    0.14    1.00   22.57 v _8072_/X (sky130_fd_sc_hd__a21o_4)
                                         _3316_ (net)
                  0.14    0.00   22.57 v _8073_/A2 (sky130_fd_sc_hd__a21o_1)
     2    0.01    0.11    0.71   23.29 v _8073_/X (sky130_fd_sc_hd__a21o_1)
                                         _3317_ (net)
                  0.11    0.00   23.29 v _8092_/A2 (sky130_fd_sc_hd__a21o_1)
     1    0.01    0.17    0.77   24.05 v _8092_/X (sky130_fd_sc_hd__a21o_1)
                                         _3334_ (net)
                  0.17    0.00   24.05 v _8093_/A2 (sky130_fd_sc_hd__a21o_4)
     2    0.01    0.11    0.95   25.01 v _8093_/X (sky130_fd_sc_hd__a21o_4)
                                         _3335_ (net)
                  0.11    0.00   25.01 v _8115_/A3 (sky130_fd_sc_hd__a31o_4)
     3    0.00    0.11    0.99   26.00 v _8115_/X (sky130_fd_sc_hd__a31o_4)
                                         _3355_ (net)
                  0.11    0.00   26.00 v _8139_/C (sky130_fd_sc_hd__and3_1)
     2    0.00    0.10    0.72   26.72 v _8139_/X (sky130_fd_sc_hd__and3_1)
                                         _3377_ (net)
                  0.10    0.00   26.72 v _8140_/C (sky130_fd_sc_hd__or3_1)
     1    0.01    0.26    1.76   28.48 v _8140_/X (sky130_fd_sc_hd__or3_1)
                                         _3378_ (net)
                  0.26    0.00   28.48 v _8145_/A2 (sky130_fd_sc_hd__a31oi_1)
     1    0.01    0.84    1.01   29.49 ^ _8145_/Y (sky130_fd_sc_hd__a31oi_1)
                                         _3383_ (net)
                  0.84    0.00   29.49 ^ _8148_/A1 (sky130_fd_sc_hd__o21ai_0)
     1    0.00    0.12    0.52   30.01 v _8148_/Y (sky130_fd_sc_hd__o21ai_0)
                                         _0269_ (net)
                  0.12    0.00   30.01 v reg_next_pc[30]$_SDFFE_PN0P_/D (sky130_fd_sc_hd__dfxtp_1)
                                 30.01   data arrival time
-----------------------------------------------------------------------------
(Path is unconstrained)


