[ 0.284,  0.393): *********************** (153)
[ 0.393,  0.502): ******************* (123)
[ 0.502,  0.611): ******************* (123)
[ 0.611,  0.720): ******** (56)
[ 0.720,  0.829): ****************************** (199)
[ 0.829,  0.938): ****************************************** (276)
[ 0.938,  1.047): ************************************************** (330)
[ 1.047,  1.156): ******************************************* (287)
[ 1.156,  1.265): ******************************** (213)
[ 1.265,  1.374): ************************************************* (321)
[ 1.374,  1.483): ************************* (166)
[ 1.483,  1.591): ************************* (166)
[ 1.591,  1.700): ******************* (125)
[ 1.700,  1.809): ************* (87)
[ 1.809,  1.918): ***** (31)
[ 1.918,  2.027): * (7)
[ 2.027,  2.136): * (5)
[ 2.136,  2.245): ****** (38)
[ 2.245,  2.354): ********* (59)
[ 2.354,  2.463]: * (1)
