[-9.818, -8.204): ** (15)
[-8.204, -6.590): ************* (98)
[-6.590, -4.976): ********************************** (253)
[-4.976, -3.362): ********************* (159)
[-3.362, -1.748): **************************** (210)
[-1.748, -0.134): ****************************** (222)
[-0.134,  1.480): **************** (123)
[ 1.480,  3.094): ************************** (196)
[ 3.094,  4.708): ****************************************** (317)
[ 4.708,  6.322): ****************************************** (319)
[ 6.322,  7.936): ************************************************** (376)
[ 7.936,  9.551): ************************ (184)
[ 9.551, 11.165): ******** (62)
[11.165, 12.779): ****** (48)
[12.779, 14.393): ********** (72)
[14.393, 16.007): ******* (49)
[16.007, 17.621): *** (26)
[17.621, 19.235): *** (22)
[19.235, 20.849): * (8)
[20.849, 22.463]: * (7)
