[WARNING STA-0503] report_checks -group_count is deprecated. Use -group_path_count instead.
Startpoint: mem_la_wdata[3]$_DFFE_PP_
            (rising edge-triggered flip-flop clocked by clk0)
Endpoint: rv32_soc/latched_branch$_SDFFE_PN0P_
          (rising edge-triggered flip-flop clocked by clk0)
Path Group: clk0
Path Type: max
Corner: slow

Fanout     Cap    Slew   Delay    Time   Description
-----------------------------------------------------------------------------
                          0.00    0.00   clock clk0 (rise edge)
                         14.35   14.35   clock network delay (propagated)
                  0.45    0.00   14.35 ^ mem_la_wdata[3]$_DFFE_PP_/CLK (sky130_fd_sc_hd__edfxtp_1)
     6    0.14    4.33    4.30   18.65 ^ mem_la_wdata[3]$_DFFE_PP_/Q (sky130_fd_sc_hd__edfxtp_1)
                                         mem_la_wdata[3] (net)
                  4.33    0.03   18.67 ^ _7532_/A (sky130_fd_sc_hd__inv_1)
     3    0.02    0.68    1.99   20.66 v _7532_/Y (sky130_fd_sc_hd__inv_1)
                                         _4407_ (net)
                  0.68    0.00   20.66 v _9379_/A (sky130_fd_sc_hd__ha_4)
     8    0.05    0.62    1.74   22.40 ^ _9379_/SUM (sky130_fd_sc_hd__ha_4)
                                         _4410_ (net)
                  0.62    0.00   22.41 ^ _7420_/C (sky130_fd_sc_hd__nor3_2)
     1    0.01    0.12    0.35   22.76 v _7420_/Y (sky130_fd_sc_hd__nor3_2)
                                         _2789_ (net)
                  0.12    0.00   22.76 v _7422_/B (sky130_fd_sc_hd__nor3_2)
     2    0.01    1.09    1.14   23.91 ^ _7422_/Y (sky130_fd_sc_hd__nor3_2)
                                         _2791_ (net)
                  1.09    0.00   23.91 ^ _7423_/C (sky130_fd_sc_hd__nor3_2)
     1    0.01    0.18    0.55   24.46 v _7423_/Y (sky130_fd_sc_hd__nor3_2)
                                         _2792_ (net)
                  0.18    0.00   24.46 v _7425_/B (sky130_fd_sc_hd__nor3_2)
     2    0.01    0.82    0.96   25.42 ^ _7425_/Y (sky130_fd_sc_hd__nor3_2)
                                         _2794_ (net)
                  0.82    0.00   25.42 ^ _7426_/B (sky130_fd_sc_hd__nor2_1)
     1    0.01    0.20    0.49   25.92 v _7426_/Y (sky130_fd_sc_hd__nor2_1)
                                         _2795_ (net)
                  0.20    0.00   25.92 v _7427_/B (sky130_fd_sc_hd__nor2_1)
     1    0.01    0.69    0.70   26.62 ^ _7427_/Y (sky130_fd_sc_hd__nor2_1)
                                         _2796_ (net)
                  0.69    0.00   26.62 ^ _7428_/A2 (sky130_fd_sc_hd__o21bai_2)
     2    0.01    0.21    0.47   27.09 v _7428_/Y (sky130_fd_sc_hd__o21bai_2)
                                         _2797_ (net)
                  0.21    0.00   27.09 v _7431_/B1 (sky130_fd_sc_hd__a221oi_1)
     2    0.01    1.73    1.69   28.77 ^ _7431_/Y (sky130_fd_sc_hd__a221oi_1)
                                         _2800_ (net)
                  1.73    0.00   28.77 ^ _7434_/A3 (sky130_fd_sc_hd__o31ai_1)
     1    0.00    0.19    0.80   29.57 v _7434_/Y (sky130_fd_sc_hd__o31ai_1)
                                         _2803_ (net)
                  0.19    0.00   29.57 v rebuffer26/A (sky130_fd_sc_hd__buf_2)
     2    0.01    0.10    0.53   30.10 v rebuffer26/X (sky130_fd_sc_hd__buf_2)
                                         net175 (net)
                  0.10    0.00   30.10 v _7435_/A2 (sky130_fd_sc_hd__a21oi_1)
     1    0.00    0.48    0.58   30.68 ^ _7435_/Y (sky130_fd_sc_hd__a21oi_1)
                                         _2804_ (net)
                  0.48    0.00   30.68 ^ _7436_/B1 (sky130_fd_sc_hd__o21ai_0)
     2    0.01    0.34    0.53   31.21 v _7436_/Y (sky130_fd_sc_hd__o21ai_0)
                                         _2805_ (net)
                  0.34    0.00   31.21 v _7437_/B2 (sky130_fd_sc_hd__a221oi_1)
     1    0.01    1.16    1.46   32.67 ^ _7437_/Y (sky130_fd_sc_hd__a221oi_1)
                                         _2806_ (net)
                  1.16    0.00   32.67 ^ rebuffer17/A (sky130_fd_sc_hd__buf_2)
     2    0.02    0.36    1.03   33.70 ^ rebuffer17/X (sky130_fd_sc_hd__buf_2)
                                         net166 (net)
                  0.36    0.00   33.71 ^ _7440_/A3 (sky130_fd_sc_hd__o31ai_1)
     1    0.00    0.17    0.30   34.01 v _7440_/Y (sky130_fd_sc_hd__o31ai_1)
                                         _2809_ (net)
                  0.17    0.00   34.01 v rebuffer25/A (sky130_fd_sc_hd__buf_2)
     2    0.01    0.09    0.51   34.51 v rebuffer25/X (sky130_fd_sc_hd__buf_2)
                                         net174 (net)
                  0.09    0.00   34.52 v _7441_/B2 (sky130_fd_sc_hd__a221oi_1)
     1    0.00    0.88    1.09   35.61 ^ _7441_/Y (sky130_fd_sc_hd__a221oi_1)
                                         _2810_ (net)
                  0.88    0.00   35.61 ^ rebuffer51/A (sky130_fd_sc_hd__buf_2)
     2    0.01    0.26    0.82   36.43 ^ rebuffer51/X (sky130_fd_sc_hd__buf_2)
                                         net200 (net)
                  0.26    0.00   36.43 ^ _7442_/C (sky130_fd_sc_hd__nor3_2)
     1    0.01    0.16    0.18   36.61 v _7442_/Y (sky130_fd_sc_hd__nor3_2)
                                         _2811_ (net)
                  0.16    0.00   36.61 v _7443_/C (sky130_fd_sc_hd__nor3_2)
     2    0.01    0.82    0.81   37.42 ^ _7443_/Y (sky130_fd_sc_hd__nor3_2)
                                         _2812_ (net)
                  0.82    0.00   37.42 ^ _7446_/A3 (sky130_fd_sc_hd__o31ai_1)
     1    0.00    0.16    0.50   37.92 v _7446_/Y (sky130_fd_sc_hd__o31ai_1)
                                         _2815_ (net)
                  0.16    0.00   37.92 v rebuffer49/A (sky130_fd_sc_hd__buf_2)
     2    0.01    0.10    0.51   38.43 v rebuffer49/X (sky130_fd_sc_hd__buf_2)
                                         net198 (net)
                  0.10    0.00   38.43 v _7448_/B1 (sky130_fd_sc_hd__a221o_1)
     2    0.01    0.20    1.34   39.77 v _7448_/X (sky130_fd_sc_hd__a221o_1)
                                         _2817_ (net)
                  0.20    0.00   39.77 v _7449_/B2 (sky130_fd_sc_hd__a221oi_1)
     1    0.01    1.16    1.38   41.15 ^ _7449_/Y (sky130_fd_sc_hd__a221oi_1)
                                         _2818_ (net)
                  1.16    0.00   41.15 ^ rebuffer24/A (sky130_fd_sc_hd__buf_4)
     3    0.01    0.19    0.90   42.05 ^ rebuffer24/X (sky130_fd_sc_hd__buf_4)
                                         net173 (net)
                  0.19    0.00   42.05 ^ _7454_/A2 (sky130_fd_sc_hd__o21ai_0)
     1    0.00    0.20    0.26   42.31 v _7454_/Y (sky130_fd_sc_hd__o21ai_0)
                                         _2823_ (net)
                  0.20    0.00   42.31 v _7456_/A2 (sky130_fd_sc_hd__o21ai_0)
     2    0.01    1.24    1.21   43.52 ^ _7456_/Y (sky130_fd_sc_hd__o21ai_0)
                                         _2825_ (net)
                  1.24    0.00   43.53 ^ _7472_/A2 (sky130_fd_sc_hd__o21ai_0)
     1    0.02    0.76    1.22   44.75 v _7472_/Y (sky130_fd_sc_hd__o21ai_0)
                                         _2841_ (net)
                  0.76    0.00   44.75 v _7473_/S (sky130_fd_sc_hd__mux2i_1)
     1    0.01    1.27    1.45   46.20 ^ _7473_/Y (sky130_fd_sc_hd__mux2i_1)
                                         _2842_ (net)
                  1.27    0.00   46.20 ^ _7474_/B (sky130_fd_sc_hd__nand2_4)
     3    0.02    0.18    0.64   46.84 v _7474_/Y (sky130_fd_sc_hd__nand2_4)
                                         _2843_ (net)
                  0.18    0.00   46.84 v _8523_/A2 (sky130_fd_sc_hd__a21oi_2)
     2    0.01    0.57    0.73   47.57 ^ _8523_/Y (sky130_fd_sc_hd__a21oi_2)
                                         _3618_ (net)
                  0.57    0.00   47.57 ^ _8533_/A1 (sky130_fd_sc_hd__o21ai_0)
     1    0.01    0.22    0.49   48.06 v _8533_/Y (sky130_fd_sc_hd__o21ai_0)
                                         _3626_ (net)
                  0.22    0.00   48.06 v _8534_/B1 (sky130_fd_sc_hd__o311a_1)
     1    0.00    0.17    0.53   48.60 v _8534_/X (sky130_fd_sc_hd__o311a_1)
                                         _0342_ (net)
                  0.17    0.00   48.60 v rv32_soc/latched_branch$_SDFFE_PN0P_/D (sky130_fd_sc_hd__dfxtp_1)
                                 48.60   data arrival time

                         25.00   25.00   clock clk0 (rise edge)
                         14.43   39.43   clock network delay (propagated)
                          0.00   39.43   clock reconvergence pessimism
                                 39.43 ^ rv32_soc/latched_branch$_SDFFE_PN0P_/CLK (sky130_fd_sc_hd__dfxtp_1)
                         -0.66   38.78   library setup time
                                 38.78   data required time
-----------------------------------------------------------------------------
                                 38.78   data required time
                                -48.60   data arrival time
-----------------------------------------------------------------------------
                                 -9.82   slack (VIOLATED)


Startpoint: mem_la_wdata[3]$_DFFE_PP_
            (rising edge-triggered flip-flop clocked by clk0)
Endpoint: rv32_soc/alu_out_q[0]$_DFF_P_
          (rising edge-triggered flip-flop clocked by clk0)
Path Group: clk0
Path Type: max
Corner: slow

Fanout     Cap    Slew   Delay    Time   Description
-----------------------------------------------------------------------------
                          0.00    0.00   clock clk0 (rise edge)
                         14.35   14.35   clock network delay (propagated)
                  0.45    0.00   14.35 ^ mem_la_wdata[3]$_DFFE_PP_/CLK (sky130_fd_sc_hd__edfxtp_1)
     6    0.14    4.33    4.30   18.65 ^ mem_la_wdata[3]$_DFFE_PP_/Q (sky130_fd_sc_hd__edfxtp_1)
                                         mem_la_wdata[3] (net)
                  4.33    0.03   18.67 ^ _7532_/A (sky130_fd_sc_hd__inv_1)
     3    0.02    0.68    1.99   20.66 v _7532_/Y (sky130_fd_sc_hd__inv_1)
                                         _4407_ (net)
                  0.68    0.00   20.66 v _9379_/A (sky130_fd_sc_hd__ha_4)
     8    0.05    0.62    1.74   22.40 ^ _9379_/SUM (sky130_fd_sc_hd__ha_4)
                                         _4410_ (net)
                  0.62    0.00   22.41 ^ _7420_/C (sky130_fd_sc_hd__nor3_2)
     1    0.01    0.12    0.35   22.76 v _7420_/Y (sky130_fd_sc_hd__nor3_2)
                                         _2789_ (net)
                  0.12    0.00   22.76 v _7422_/B (sky130_fd_sc_hd__nor3_2)
     2    0.01    1.09    1.14   23.91 ^ _7422_/Y (sky130_fd_sc_hd__nor3_2)
                                         _2791_ (net)
                  1.09    0.00   23.91 ^ _7423_/C (sky130_fd_sc_hd__nor3_2)
     1    0.01    0.18    0.55   24.46 v _7423_/Y (sky130_fd_sc_hd__nor3_2)
                                         _2792_ (net)
                  0.18    0.00   24.46 v _7425_/B (sky130_fd_sc_hd__nor3_2)
     2    0.01    0.82    0.96   25.42 ^ _7425_/Y (sky130_fd_sc_hd__nor3_2)
                                         _2794_ (net)
                  0.82    0.00   25.42 ^ _7426_/B (sky130_fd_sc_hd__nor2_1)
     1    0.01    0.20    0.49   25.92 v _7426_/Y (sky130_fd_sc_hd__nor2_1)
                                         _2795_ (net)
                  0.20    0.00   25.92 v _7427_/B (sky130_fd_sc_hd__nor2_1)
     1    0.01    0.69    0.70   26.62 ^ _7427_/Y (sky130_fd_sc_hd__nor2_1)
                                         _2796_ (net)
                  0.69    0.00   26.62 ^ _7428_/A2 (sky130_fd_sc_hd__o21bai_2)
     2    0.01    0.21    0.47   27.09 v _7428_/Y (sky130_fd_sc_hd__o21bai_2)
                                         _2797_ (net)
                  0.21    0.00   27.09 v _7431_/B1 (sky130_fd_sc_hd__a221oi_1)
     2    0.01    1.73    1.69   28.77 ^ _7431_/Y (sky130_fd_sc_hd__a221oi_1)
                                         _2800_ (net)
                  1.73    0.00   28.77 ^ _7434_/A3 (sky130_fd_sc_hd__o31ai_1)
     1    0.00    0.19    0.80   29.57 v _7434_/Y (sky130_fd_sc_hd__o31ai_1)
                                         _2803_ (net)
                  0.19    0.00   29.57 v rebuffer26/A (sky130_fd_sc_hd__buf_2)
     2    0.01    0.10    0.53   30.10 v rebuffer26/X (sky130_fd_sc_hd__buf_2)
                                         net175 (net)
                  0.10    0.00   30.10 v _7435_/A2 (sky130_fd_sc_hd__a21oi_1)
     1    0.00    0.48    0.58   30.68 ^ _7435_/Y (sky130_fd_sc_hd__a21oi_1)
                                         _2804_ (net)
                  0.48    0.00   30.68 ^ _7436_/B1 (sky130_fd_sc_hd__o21ai_0)
     2    0.01    0.34    0.53   31.21 v _7436_/Y (sky130_fd_sc_hd__o21ai_0)
                                         _2805_ (net)
                  0.34    0.00   31.21 v _7437_/B2 (sky130_fd_sc_hd__a221oi_1)
     1    0.01    1.16    1.46   32.67 ^ _7437_/Y (sky130_fd_sc_hd__a221oi_1)
                                         _2806_ (net)
                  1.16    0.00   32.67 ^ rebuffer17/A (sky130_fd_sc_hd__buf_2)
     2    0.02    0.36    1.03   33.70 ^ rebuffer17/X (sky130_fd_sc_hd__buf_2)
                                         net166 (net)
                  0.36    0.00   33.71 ^ _7440_/A3 (sky130_fd_sc_hd__o31ai_1)
     1    0.00    0.17    0.30   34.01 v _7440_/Y (sky130_fd_sc_hd__o31ai_1)
                                         _2809_ (net)
                  0.17    0.00   34.01 v rebuffer25/A (sky130_fd_sc_hd__buf_2)
     2    0.01    0.09    0.51   34.51 v rebuffer25/X (sky130_fd_sc_hd__buf_2)
                                         net174 (net)
                  0.09    0.00   34.52 v _7441_/B2 (sky130_fd_sc_hd__a221oi_1)
     1    0.00    0.88    1.09   35.61 ^ _7441_/Y (sky130_fd_sc_hd__a221oi_1)
                                         _2810_ (net)
                  0.88    0.00   35.61 ^ rebuffer51/A (sky130_fd_sc_hd__buf_2)
     2    0.01    0.26    0.82   36.43 ^ rebuffer51/X (sky130_fd_sc_hd__buf_2)
                                         net200 (net)
                  0.26    0.00   36.43 ^ _7442_/C (sky130_fd_sc_hd__nor3_2)
     1    0.01    0.16    0.18   36.61 v _7442_/Y (sky130_fd_sc_hd__nor3_2)
                                         _2811_ (net)
                  0.16    0.00   36.61 v _7443_/C (sky130_fd_sc_hd__nor3_2)
     2    0.01    0.82    0.81   37.42 ^ _7443_/Y (sky130_fd_sc_hd__nor3_2)
                                         _2812_ (net)
                  0.82    0.00   37.42 ^ _7446_/A3 (sky130_fd_sc_hd__o31ai_1)
     1    0.00    0.16    0.50   37.92 v _7446_/Y (sky130_fd_sc_hd__o31ai_1)
                                         _2815_ (net)
                  0.16    0.00   37.92 v rebuffer49/A (sky130_fd_sc_hd__buf_2)
     2    0.01    0.10    0.51   38.43 v rebuffer49/X (sky130_fd_sc_hd__buf_2)
                                         net198 (net)
                  0.10    0.00   38.43 v _7448_/B1 (sky130_fd_sc_hd__a221o_1)
     2    0.01    0.20    1.34   39.77 v _7448_/X (sky130_fd_sc_hd__a221o_1)
                                         _2817_ (net)
                  0.20    0.00   39.77 v _7449_/B2 (sky130_fd_sc_hd__a221oi_1)
     1    0.01    1.16    1.38   41.15 ^ _7449_/Y (sky130_fd_sc_hd__a221oi_1)
                                         _2818_ (net)
                  1.16    0.00   41.15 ^ rebuffer24/A (sky130_fd_sc_hd__buf_4)
     3    0.01    0.19    0.90   42.05 ^ rebuffer24/X (sky130_fd_sc_hd__buf_4)
                                         net173 (net)
                  0.19    0.00   42.05 ^ _7454_/A2 (sky130_fd_sc_hd__o21ai_0)
     1    0.00    0.20    0.26   42.31 v _7454_/Y (sky130_fd_sc_hd__o21ai_0)
                                         _2823_ (net)
                  0.20    0.00   42.31 v _7456_/A2 (sky130_fd_sc_hd__o21ai_0)
     2    0.01    1.24    1.21   43.52 ^ _7456_/Y (sky130_fd_sc_hd__o21ai_0)
                                         _2825_ (net)
                  1.24    0.00   43.53 ^ _7472_/A2 (sky130_fd_sc_hd__o21ai_0)
     1    0.02    0.76    1.22   44.75 v _7472_/Y (sky130_fd_sc_hd__o21ai_0)
                                         _2841_ (net)
                  0.76    0.00   44.75 v _7473_/S (sky130_fd_sc_hd__mux2i_1)
     1    0.01    1.27    1.45   46.20 ^ _7473_/Y (sky130_fd_sc_hd__mux2i_1)
                                         _2842_ (net)
                  1.27    0.00   46.20 ^ _7474_/B (sky130_fd_sc_hd__nand2_4)
     3    0.02    0.18    0.64   46.84 v _7474_/Y (sky130_fd_sc_hd__nand2_4)
                                         _2843_ (net)
                  0.18    0.00   46.84 v _8825_/A2 (sky130_fd_sc_hd__a221o_1)
     1    0.00    0.15    1.55   48.39 v _8825_/X (sky130_fd_sc_hd__a221o_1)
                                         rv32_soc/alu_out[0] (net)
                  0.15    0.00   48.39 v rv32_soc/alu_out_q[0]$_DFF_P_/D (sky130_fd_sc_hd__dfxtp_2)
                                 48.39   data arrival time

                         25.00   25.00   clock clk0 (rise edge)
                         14.44   39.44   clock network delay (propagated)
                          0.00   39.44   clock reconvergence pessimism
                                 39.44 ^ rv32_soc/alu_out_q[0]$_DFF_P_/CLK (sky130_fd_sc_hd__dfxtp_2)
                         -0.65   38.79   library setup time
                                 38.79   data required time
-----------------------------------------------------------------------------
                                 38.79   data required time
                                -48.39   data arrival time
-----------------------------------------------------------------------------
                                 -9.60   slack (VIOLATED)


Startpoint: mem_la_wdata[3]$_DFFE_PP_
            (rising edge-triggered flip-flop clocked by clk0)
Endpoint: rv32_soc/latched_store$_SDFFE_PN0P_
          (rising edge-triggered flip-flop clocked by clk0)
Path Group: clk0
Path Type: max
Corner: slow

Fanout     Cap    Slew   Delay    Time   Description
-----------------------------------------------------------------------------
                          0.00    0.00   clock clk0 (rise edge)
                         14.35   14.35   clock network delay (propagated)
                  0.45    0.00   14.35 ^ mem_la_wdata[3]$_DFFE_PP_/CLK (sky130_fd_sc_hd__edfxtp_1)
     6    0.14    4.33    4.30   18.65 ^ mem_la_wdata[3]$_DFFE_PP_/Q (sky130_fd_sc_hd__edfxtp_1)
                                         mem_la_wdata[3] (net)
                  4.33    0.03   18.67 ^ _7532_/A (sky130_fd_sc_hd__inv_1)
     3    0.02    0.68    1.99   20.66 v _7532_/Y (sky130_fd_sc_hd__inv_1)
                                         _4407_ (net)
                  0.68    0.00   20.66 v _9379_/A (sky130_fd_sc_hd__ha_4)
     8    0.05    0.62    1.74   22.40 ^ _9379_/SUM (sky130_fd_sc_hd__ha_4)
                                         _4410_ (net)
                  0.62    0.00   22.41 ^ _7420_/C (sky130_fd_sc_hd__nor3_2)
     1    0.01    0.12    0.35   22.76 v _7420_/Y (sky130_fd_sc_hd__nor3_2)
                                         _2789_ (net)
                  0.12    0.00   22.76 v _7422_/B (sky130_fd_sc_hd__nor3_2)
     2    0.01    1.09    1.14   23.91 ^ _7422_/Y (sky130_fd_sc_hd__nor3_2)
                                         _2791_ (net)
                  1.09    0.00   23.91 ^ _7423_/C (sky130_fd_sc_hd__nor3_2)
     1    0.01    0.18    0.55   24.46 v _7423_/Y (sky130_fd_sc_hd__nor3_2)
                                         _2792_ (net)
                  0.18    0.00   24.46 v _7425_/B (sky130_fd_sc_hd__nor3_2)
     2    0.01    0.82    0.96   25.42 ^ _7425_/Y (sky130_fd_sc_hd__nor3_2)
                                         _2794_ (net)
                  0.82    0.00   25.42 ^ _7426_/B (sky130_fd_sc_hd__nor2_1)
     1    0.01    0.20    0.49   25.92 v _7426_/Y (sky130_fd_sc_hd__nor2_1)
                                         _2795_ (net)
                  0.20    0.00   25.92 v _7427_/B (sky130_fd_sc_hd__nor2_1)
     1    0.01    0.69    0.70   26.62 ^ _7427_/Y (sky130_fd_sc_hd__nor2_1)
                                         _2796_ (net)
                  0.69    0.00   26.62 ^ _7428_/A2 (sky130_fd_sc_hd__o21bai_2)
     2    0.01    0.21    0.47   27.09 v _7428_/Y (sky130_fd_sc_hd__o21bai_2)
                                         _2797_ (net)
                  0.21    0.00   27.09 v _7431_/B1 (sky130_fd_sc_hd__a221oi_1)
     2    0.01    1.73    1.69   28.77 ^ _7431_/Y (sky130_fd_sc_hd__a221oi_1)
                                         _2800_ (net)
                  1.73    0.00   28.77 ^ _7434_/A3 (sky130_fd_sc_hd__o31ai_1)
     1    0.00    0.19    0.80   29.57 v _7434_/Y (sky130_fd_sc_hd__o31ai_1)
                                         _2803_ (net)
                  0.19    0.00   29.57 v rebuffer26/A (sky130_fd_sc_hd__buf_2)
     2    0.01    0.10    0.53   30.10 v rebuffer26/X (sky130_fd_sc_hd__buf_2)
                                         net175 (net)
                  0.10    0.00   30.10 v _7435_/A2 (sky130_fd_sc_hd__a21oi_1)
     1    0.00    0.48    0.58   30.68 ^ _7435_/Y (sky130_fd_sc_hd__a21oi_1)
                                         _2804_ (net)
                  0.48    0.00   30.68 ^ _7436_/B1 (sky130_fd_sc_hd__o21ai_0)
     2    0.01    0.34    0.53   31.21 v _7436_/Y (sky130_fd_sc_hd__o21ai_0)
                                         _2805_ (net)
                  0.34    0.00   31.21 v _7437_/B2 (sky130_fd_sc_hd__a221oi_1)
     1    0.01    1.16    1.46   32.67 ^ _7437_/Y (sky130_fd_sc_hd__a221oi_1)
                                         _2806_ (net)
                  1.16    0.00   32.67 ^ rebuffer17/A (sky130_fd_sc_hd__buf_2)
     2    0.02    0.36    1.03   33.70 ^ rebuffer17/X (sky130_fd_sc_hd__buf_2)
                                         net166 (net)
                  0.36    0.00   33.71 ^ _7440_/A3 (sky130_fd_sc_hd__o31ai_1)
     1    0.00    0.17    0.30   34.01 v _7440_/Y (sky130_fd_sc_hd__o31ai_1)
                                         _2809_ (net)
                  0.17    0.00   34.01 v rebuffer25/A (sky130_fd_sc_hd__buf_2)
     2    0.01    0.09    0.51   34.51 v rebuffer25/X (sky130_fd_sc_hd__buf_2)
                                         net174 (net)
                  0.09    0.00   34.52 v _7441_/B2 (sky130_fd_sc_hd__a221oi_1)
     1    0.00    0.88    1.09   35.61 ^ _7441_/Y (sky130_fd_sc_hd__a221oi_1)
                                         _2810_ (net)
                  0.88    0.00   35.61 ^ rebuffer51/A (sky130_fd_sc_hd__buf_2)
     2    0.01    0.26    0.82   36.43 ^ rebuffer51/X (sky130_fd_sc_hd__buf_2)
                                         net200 (net)
                  0.26    0.00   36.43 ^ _7442_/C (sky130_fd_sc_hd__nor3_2)
     1    0.01    0.16    0.18   36.61 v _7442_/Y (sky130_fd_sc_hd__nor3_2)
                                         _2811_ (net)
                  0.16    0.00   36.61 v _7443_/C (sky130_fd_sc_hd__nor3_2)
     2    0.01    0.82    0.81   37.42 ^ _7443_/Y (sky130_fd_sc_hd__nor3_2)
                                         _2812_ (net)
                  0.82    0.00   37.42 ^ _7446_/A3 (sky130_fd_sc_hd__o31ai_1)
     1    0.00    0.16    0.50   37.92 v _7446_/Y (sky130_fd_sc_hd__o31ai_1)
                                         _2815_ (net)
                  0.16    0.00   37.92 v rebuffer49/A (sky130_fd_sc_hd__buf_2)
     2    0.01    0.10    0.51   38.43 v rebuffer49/X (sky130_fd_sc_hd__buf_2)
                                         net198 (net)
                  0.10    0.00   38.43 v _7448_/B1 (sky130_fd_sc_hd__a221o_1)
     2    0.01    0.20    1.34   39.77 v _7448_/X (sky130_fd_sc_hd__a221o_1)
                                         _2817_ (net)
                  0.20    0.00   39.77 v _7449_/B2 (sky130_fd_sc_hd__a221oi_1)
     1    0.01    1.16    1.38   41.15 ^ _7449_/Y (sky130_fd_sc_hd__a221oi_1)
                                         _2818_ (net)
                  1.16    0.00   41.15 ^ rebuffer24/A (sky130_fd_sc_hd__buf_4)
     3    0.01    0.19    0.90   42.05 ^ rebuffer24/X (sky130_fd_sc_hd__buf_4)
                                         net173 (net)
                  0.19    0.00   42.05 ^ _7454_/A2 (sky130_fd_sc_hd__o21ai_0)
     1    0.00    0.20    0.26   42.31 v _7454_/Y (sky130_fd_sc_hd__o21ai_0)
                                         _2823_ (net)
                  0.20    0.00   42.31 v _7456_/A2 (sky130_fd_sc_hd__o21ai_0)
     2    0.01    1.24    1.21   43.52 ^ _7456_/Y (sky130_fd_sc_hd__o21ai_0)
                                         _2825_ (net)
                  1.24    0.00   43.53 ^ _7472_/A2 (sky130_fd_sc_hd__o21ai_0)
     1    0.02    0.76    1.22   44.75 v _7472_/Y (sky130_fd_sc_hd__o21ai_0)
                                         _2841_ (net)
                  0.76    0.00   44.75 v _7473_/S (sky130_fd_sc_hd__mux2i_1)
     1    0.01    1.27    1.45   46.20 ^ _7473_/Y (sky130_fd_sc_hd__mux2i_1)
                                         _2842_ (net)
                  1.27    0.00   46.20 ^ _7474_/B (sky130_fd_sc_hd__nand2_4)
     3    0.02    0.18    0.64   46.84 v _7474_/Y (sky130_fd_sc_hd__nand2_4)
                                         _2843_ (net)
                  0.18    0.00   46.84 v _8523_/A2 (sky130_fd_sc_hd__a21oi_2)
     2    0.01    0.57    0.73   47.57 ^ _8523_/Y (sky130_fd_sc_hd__a21oi_2)
                                         _3618_ (net)
                  0.57    0.00   47.57 ^ _8527_/A3 (sky130_fd_sc_hd__a41oi_1)
     1    0.00    0.24    0.52   48.09 v _8527_/Y (sky130_fd_sc_hd__a41oi_1)
                                         _0340_ (net)
                  0.24    0.00   48.09 v rv32_soc/latched_store$_SDFFE_PN0P_/D (sky130_fd_sc_hd__dfxtp_1)
                                 48.09   data arrival time

                         25.00   25.00   clock clk0 (rise edge)
                         14.43   39.43   clock network delay (propagated)
                          0.00   39.43   clock reconvergence pessimism
                                 39.43 ^ rv32_soc/latched_store$_SDFFE_PN0P_/CLK (sky130_fd_sc_hd__dfxtp_1)
                         -0.70   38.73   library setup time
                                 38.73   data required time
-----------------------------------------------------------------------------
                                 38.73   data required time
                                -48.09   data arrival time
-----------------------------------------------------------------------------
                                 -9.36   slack (VIOLATED)


Startpoint: mem_la_wdata[3]$_DFFE_PP_
            (rising edge-triggered flip-flop clocked by clk0)
Endpoint: rv32_soc/decoder_trigger$_DFF_P_
          (rising edge-triggered flip-flop clocked by clk0)
Path Group: clk0
Path Type: max
Corner: slow

Fanout     Cap    Slew   Delay    Time   Description
-----------------------------------------------------------------------------
                          0.00    0.00   clock clk0 (rise edge)
                         14.35   14.35   clock network delay (propagated)
                  0.45    0.00   14.35 ^ mem_la_wdata[3]$_DFFE_PP_/CLK (sky130_fd_sc_hd__edfxtp_1)
     6    0.14    4.33    4.30   18.65 ^ mem_la_wdata[3]$_DFFE_PP_/Q (sky130_fd_sc_hd__edfxtp_1)
                                         mem_la_wdata[3] (net)
                  4.33    0.03   18.67 ^ _7532_/A (sky130_fd_sc_hd__inv_1)
     3    0.02    0.68    1.99   20.66 v _7532_/Y (sky130_fd_sc_hd__inv_1)
                                         _4407_ (net)
                  0.68    0.00   20.66 v _9379_/A (sky130_fd_sc_hd__ha_4)
     8    0.05    0.62    1.74   22.40 ^ _9379_/SUM (sky130_fd_sc_hd__ha_4)
                                         _4410_ (net)
                  0.62    0.00   22.41 ^ _7420_/C (sky130_fd_sc_hd__nor3_2)
     1    0.01    0.12    0.35   22.76 v _7420_/Y (sky130_fd_sc_hd__nor3_2)
                                         _2789_ (net)
                  0.12    0.00   22.76 v _7422_/B (sky130_fd_sc_hd__nor3_2)
     2    0.01    1.09    1.14   23.91 ^ _7422_/Y (sky130_fd_sc_hd__nor3_2)
                                         _2791_ (net)
                  1.09    0.00   23.91 ^ _7423_/C (sky130_fd_sc_hd__nor3_2)
     1    0.01    0.18    0.55   24.46 v _7423_/Y (sky130_fd_sc_hd__nor3_2)
                                         _2792_ (net)
                  0.18    0.00   24.46 v _7425_/B (sky130_fd_sc_hd__nor3_2)
     2    0.01    0.82    0.96   25.42 ^ _7425_/Y (sky130_fd_sc_hd__nor3_2)
                                         _2794_ (net)
                  0.82    0.00   25.42 ^ _7426_/B (sky130_fd_sc_hd__nor2_1)
     1    0.01    0.20    0.49   25.92 v _7426_/Y (sky130_fd_sc_hd__nor2_1)
                                         _2795_ (net)
                  0.20    0.00   25.92 v _7427_/B (sky130_fd_sc_hd__nor2_1)
     1    0.01    0.69    0.70   26.62 ^ _7427_/Y (sky130_fd_sc_hd__nor2_1)
                                         _2796_ (net)
                  0.69    0.00   26.62 ^ _7428_/A2 (sky130_fd_sc_hd__o21bai_2)
     2    0.01    0.21    0.47   27.09 v _7428_/Y (sky130_fd_sc_hd__o21bai_2)
                                         _2797_ (net)
                  0.21    0.00   27.09 v _7431_/B1 (sky130_fd_sc_hd__a221oi_1)
     2    0.01    1.73    1.69   28.77 ^ _7431_/Y (sky130_fd_sc_hd__a221oi_1)
                                         _2800_ (net)
                  1.73    0.00   28.77 ^ _7434_/A3 (sky130_fd_sc_hd__o31ai_1)
     1    0.00    0.19    0.80   29.57 v _7434_/Y (sky130_fd_sc_hd__o31ai_1)
                                         _2803_ (net)
                  0.19    0.00   29.57 v rebuffer26/A (sky130_fd_sc_hd__buf_2)
     2    0.01    0.10    0.53   30.10 v rebuffer26/X (sky130_fd_sc_hd__buf_2)
                                         net175 (net)
                  0.10    0.00   30.10 v _7435_/A2 (sky130_fd_sc_hd__a21oi_1)
     1    0.00    0.48    0.58   30.68 ^ _7435_/Y (sky130_fd_sc_hd__a21oi_1)
                                         _2804_ (net)
                  0.48    0.00   30.68 ^ _7436_/B1 (sky130_fd_sc_hd__o21ai_0)
     2    0.01    0.34    0.53   31.21 v _7436_/Y (sky130_fd_sc_hd__o21ai_0)
                                         _2805_ (net)
                  0.34    0.00   31.21 v _7437_/B2 (sky130_fd_sc_hd__a221oi_1)
     1    0.01    1.16    1.46   32.67 ^ _7437_/Y (sky130_fd_sc_hd__a221oi_1)
                                         _2806_ (net)
                  1.16    0.00   32.67 ^ rebuffer17/A (sky130_fd_sc_hd__buf_2)
     2    0.02    0.36    1.03   33.70 ^ rebuffer17/X (sky130_fd_sc_hd__buf_2)
                                         net166 (net)
                  0.36    0.00   33.71 ^ _7440_/A3 (sky130_fd_sc_hd__o31ai_1)
     1    0.00    0.17    0.30   34.01 v _7440_/Y (sky130_fd_sc_hd__o31ai_1)
                                         _2809_ (net)
                  0.17    0.00   34.01 v rebuffer25/A (sky130_fd_sc_hd__buf_2)
     2    0.01    0.09    0.51   34.51 v rebuffer25/X (sky130_fd_sc_hd__buf_2)
                                         net174 (net)
                  0.09    0.00   34.52 v _7441_/B2 (sky130_fd_sc_hd__a221oi_1)
     1    0.00    0.88    1.09   35.61 ^ _7441_/Y (sky130_fd_sc_hd__a221oi_1)
                                         _2810_ (net)
                  0.88    0.00   35.61 ^ rebuffer51/A (sky130_fd_sc_hd__buf_2)
     2    0.01    0.26    0.82   36.43 ^ rebuffer51/X (sky130_fd_sc_hd__buf_2)
                                         net200 (net)
                  0.26    0.00   36.43 ^ _7442_/C (sky130_fd_sc_hd__nor3_2)
     1    0.01    0.16    0.18   36.61 v _7442_/Y (sky130_fd_sc_hd__nor3_2)
                                         _2811_ (net)
                  0.16    0.00   36.61 v _7443_/C (sky130_fd_sc_hd__nor3_2)
     2    0.01    0.82    0.81   37.42 ^ _7443_/Y (sky130_fd_sc_hd__nor3_2)
                                         _2812_ (net)
                  0.82    0.00   37.42 ^ _7446_/A3 (sky130_fd_sc_hd__o31ai_1)
     1    0.00    0.16    0.50   37.92 v _7446_/Y (sky130_fd_sc_hd__o31ai_1)
                                         _2815_ (net)
                  0.16    0.00   37.92 v rebuffer49/A (sky130_fd_sc_hd__buf_2)
     2    0.01    0.10    0.51   38.43 v rebuffer49/X (sky130_fd_sc_hd__buf_2)
                                         net198 (net)
                  0.10    0.00   38.43 v _7448_/B1 (sky130_fd_sc_hd__a221o_1)
     2    0.01    0.20    1.34   39.77 v _7448_/X (sky130_fd_sc_hd__a221o_1)
                                         _2817_ (net)
                  0.20    0.00   39.77 v _7449_/B2 (sky130_fd_sc_hd__a221oi_1)
     1    0.01    1.16    1.38   41.15 ^ _7449_/Y (sky130_fd_sc_hd__a221oi_1)
                                         _2818_ (net)
                  1.16    0.00   41.15 ^ rebuffer24/A (sky130_fd_sc_hd__buf_4)
     3    0.01    0.19    0.90   42.05 ^ rebuffer24/X (sky130_fd_sc_hd__buf_4)
                                         net173 (net)
                  0.19    0.00   42.05 ^ _7454_/A2 (sky130_fd_sc_hd__o21ai_0)
     1    0.00    0.20    0.26   42.31 v _7454_/Y (sky130_fd_sc_hd__o21ai_0)
                                         _2823_ (net)
                  0.20    0.00   42.31 v _7456_/A2 (sky130_fd_sc_hd__o21ai_0)
     2    0.01    1.24    1.21   43.52 ^ _7456_/Y (sky130_fd_sc_hd__o21ai_0)
                                         _2825_ (net)
                  1.24    0.00   43.53 ^ _7472_/A2 (sky130_fd_sc_hd__o21ai_0)
     1    0.02    0.76    1.22   44.75 v _7472_/Y (sky130_fd_sc_hd__o21ai_0)
                                         _2841_ (net)
                  0.76    0.00   44.75 v _7473_/S (sky130_fd_sc_hd__mux2i_1)
     1    0.01    0.45    0.84   45.59 v _7473_/Y (sky130_fd_sc_hd__mux2i_1)
                                         _2842_ (net)
                  0.45    0.00   45.60 v _7474_/B (sky130_fd_sc_hd__nand2_4)
     3    0.02    0.25    0.52   46.12 ^ _7474_/Y (sky130_fd_sc_hd__nand2_4)
                                         _2843_ (net)
                  0.25    0.00   46.12 ^ _7475_/B (sky130_fd_sc_hd__nand2_1)
     2    0.01    0.36    0.28   46.40 v _7475_/Y (sky130_fd_sc_hd__nand2_1)
                                         _2844_ (net)
                  0.36    0.00   46.40 v _7477_/A3 (sky130_fd_sc_hd__a311o_1)
     1    0.00    0.15    1.73   48.13 v _7477_/X (sky130_fd_sc_hd__a311o_1)
                                         _0039_ (net)
                  0.15    0.00   48.13 v rv32_soc/decoder_trigger$_DFF_P_/D (sky130_fd_sc_hd__dfxtp_1)
                                 48.13   data arrival time

                         25.00   25.00   clock clk0 (rise edge)
                         14.43   39.43   clock network delay (propagated)
                          0.00   39.43   clock reconvergence pessimism
                                 39.43 ^ rv32_soc/decoder_trigger$_DFF_P_/CLK (sky130_fd_sc_hd__dfxtp_1)
                         -0.65   38.79   library setup time
                                 38.79   data required time
-----------------------------------------------------------------------------
                                 38.79   data required time
                                -48.13   data arrival time
-----------------------------------------------------------------------------
                                 -9.34   slack (VIOLATED)


Startpoint: mem_la_wdata[3]$_DFFE_PP_
            (rising edge-triggered flip-flop clocked by clk0)
Endpoint: rv32_soc/alu_out_q[24]$_DFF_P_
          (rising edge-triggered flip-flop clocked by clk0)
Path Group: clk0
Path Type: max
Corner: slow

Fanout     Cap    Slew   Delay    Time   Description
-----------------------------------------------------------------------------
                          0.00    0.00   clock clk0 (rise edge)
                         14.35   14.35   clock network delay (propagated)
                  0.45    0.00   14.35 ^ mem_la_wdata[3]$_DFFE_PP_/CLK (sky130_fd_sc_hd__edfxtp_1)
     6    0.14    4.33    4.30   18.65 ^ mem_la_wdata[3]$_DFFE_PP_/Q (sky130_fd_sc_hd__edfxtp_1)
                                         mem_la_wdata[3] (net)
                  4.33    0.03   18.67 ^ _7532_/A (sky130_fd_sc_hd__inv_1)
     3    0.02    0.68    1.99   20.66 v _7532_/Y (sky130_fd_sc_hd__inv_1)
                                         _4407_ (net)
                  0.68    0.00   20.66 v _9379_/A (sky130_fd_sc_hd__ha_4)
     8    0.05    0.62    1.74   22.40 ^ _9379_/SUM (sky130_fd_sc_hd__ha_4)
                                         _4410_ (net)
                  0.62    0.00   22.41 ^ _7420_/C (sky130_fd_sc_hd__nor3_2)
     1    0.01    0.12    0.35   22.76 v _7420_/Y (sky130_fd_sc_hd__nor3_2)
                                         _2789_ (net)
                  0.12    0.00   22.76 v _7422_/B (sky130_fd_sc_hd__nor3_2)
     2    0.01    1.09    1.14   23.91 ^ _7422_/Y (sky130_fd_sc_hd__nor3_2)
                                         _2791_ (net)
                  1.09    0.00   23.91 ^ _7423_/C (sky130_fd_sc_hd__nor3_2)
     1    0.01    0.18    0.55   24.46 v _7423_/Y (sky130_fd_sc_hd__nor3_2)
                                         _2792_ (net)
                  0.18    0.00   24.46 v _7425_/B (sky130_fd_sc_hd__nor3_2)
     2    0.01    0.82    0.96   25.42 ^ _7425_/Y (sky130_fd_sc_hd__nor3_2)
                                         _2794_ (net)
                  0.82    0.00   25.42 ^ _7426_/B (sky130_fd_sc_hd__nor2_1)
     1    0.01    0.20    0.49   25.92 v _7426_/Y (sky130_fd_sc_hd__nor2_1)
                                         _2795_ (net)
                  0.20    0.00   25.92 v _7427_/B (sky130_fd_sc_hd__nor2_1)
     1    0.01    0.69    0.70   26.62 ^ _7427_/Y (sky130_fd_sc_hd__nor2_1)
                                         _2796_ (net)
                  0.69    0.00   26.62 ^ _7428_/A2 (sky130_fd_sc_hd__o21bai_2)
     2    0.01    0.21    0.47   27.09 v _7428_/Y (sky130_fd_sc_hd__o21bai_2)
                                         _2797_ (net)
                  0.21    0.00   27.09 v _7431_/B1 (sky130_fd_sc_hd__a221oi_1)
     2    0.01    1.73    1.69   28.77 ^ _7431_/Y (sky130_fd_sc_hd__a221oi_1)
                                         _2800_ (net)
                  1.73    0.00   28.77 ^ _7434_/A3 (sky130_fd_sc_hd__o31ai_1)
     1    0.00    0.19    0.80   29.57 v _7434_/Y (sky130_fd_sc_hd__o31ai_1)
                                         _2803_ (net)
                  0.19    0.00   29.57 v rebuffer26/A (sky130_fd_sc_hd__buf_2)
     2    0.01    0.10    0.53   30.10 v rebuffer26/X (sky130_fd_sc_hd__buf_2)
                                         net175 (net)
                  0.10    0.00   30.10 v _7435_/A2 (sky130_fd_sc_hd__a21oi_1)
     1    0.00    0.48    0.58   30.68 ^ _7435_/Y (sky130_fd_sc_hd__a21oi_1)
                                         _2804_ (net)
                  0.48    0.00   30.68 ^ _7436_/B1 (sky130_fd_sc_hd__o21ai_0)
     2    0.01    0.34    0.53   31.21 v _7436_/Y (sky130_fd_sc_hd__o21ai_0)
                                         _2805_ (net)
                  0.34    0.00   31.21 v _7437_/B2 (sky130_fd_sc_hd__a221oi_1)
     1    0.01    1.16    1.46   32.67 ^ _7437_/Y (sky130_fd_sc_hd__a221oi_1)
                                         _2806_ (net)
                  1.16    0.00   32.67 ^ rebuffer17/A (sky130_fd_sc_hd__buf_2)
     2    0.02    0.36    1.03   33.70 ^ rebuffer17/X (sky130_fd_sc_hd__buf_2)
                                         net166 (net)
                  0.36    0.00   33.71 ^ _7440_/A3 (sky130_fd_sc_hd__o31ai_1)
     1    0.00    0.17    0.30   34.01 v _7440_/Y (sky130_fd_sc_hd__o31ai_1)
                                         _2809_ (net)
                  0.17    0.00   34.01 v rebuffer25/A (sky130_fd_sc_hd__buf_2)
     2    0.01    0.09    0.51   34.51 v rebuffer25/X (sky130_fd_sc_hd__buf_2)
                                         net174 (net)
                  0.09    0.00   34.52 v _7441_/B2 (sky130_fd_sc_hd__a221oi_1)
     1    0.00    0.88    1.09   35.61 ^ _7441_/Y (sky130_fd_sc_hd__a221oi_1)
                                         _2810_ (net)
                  0.88    0.00   35.61 ^ rebuffer51/A (sky130_fd_sc_hd__buf_2)
     2    0.01    0.26    0.82   36.43 ^ rebuffer51/X (sky130_fd_sc_hd__buf_2)
                                         net200 (net)
                  0.26    0.00   36.43 ^ _7442_/C (sky130_fd_sc_hd__nor3_2)
     1    0.01    0.16    0.18   36.61 v _7442_/Y (sky130_fd_sc_hd__nor3_2)
                                         _2811_ (net)
                  0.16    0.00   36.61 v _7443_/C (sky130_fd_sc_hd__nor3_2)
     2    0.01    0.82    0.81   37.42 ^ _7443_/Y (sky130_fd_sc_hd__nor3_2)
                                         _2812_ (net)
                  0.82    0.00   37.42 ^ _7446_/A3 (sky130_fd_sc_hd__o31ai_1)
     1    0.00    0.16    0.50   37.92 v _7446_/Y (sky130_fd_sc_hd__o31ai_1)
                                         _2815_ (net)
                  0.16    0.00   37.92 v rebuffer49/A (sky130_fd_sc_hd__buf_2)
     2    0.01    0.10    0.51   38.43 v rebuffer49/X (sky130_fd_sc_hd__buf_2)
                                         net198 (net)
                  0.10    0.00   38.43 v rebuffer48/A (sky130_fd_sc_hd__buf_2)
     1    0.00    0.06    0.42   38.86 v rebuffer48/X (sky130_fd_sc_hd__buf_2)
                                         net197 (net)
                  0.06    0.00   38.86 v rebuffer47/A (sky130_fd_sc_hd__buf_2)
     1    0.00    0.07    0.41   39.26 v rebuffer47/X (sky130_fd_sc_hd__buf_2)
                                         net196 (net)
                  0.07    0.00   39.26 v rebuffer46/A (sky130_fd_sc_hd__buf_2)
     1    0.01    0.08    0.42   39.69 v rebuffer46/X (sky130_fd_sc_hd__buf_2)
                                         net195 (net)
                  0.08    0.00   39.69 v rebuffer45/A (sky130_fd_sc_hd__buf_2)
     1    0.01    0.08    0.43   40.12 v rebuffer45/X (sky130_fd_sc_hd__buf_2)
                                         net194 (net)
                  0.08    0.00   40.12 v rebuffer44/A (sky130_fd_sc_hd__buf_2)
     1    0.00    0.07    0.42   40.53 v rebuffer44/X (sky130_fd_sc_hd__buf_2)
                                         net193 (net)
                  0.07    0.00   40.53 v rebuffer43/A (sky130_fd_sc_hd__buf_2)
     1    0.01    0.08    0.43   40.96 v rebuffer43/X (sky130_fd_sc_hd__buf_2)
                                         net192 (net)
                  0.08    0.00   40.96 v rebuffer42/A (sky130_fd_sc_hd__buf_2)
     1    0.01    0.07    0.43   41.39 v rebuffer42/X (sky130_fd_sc_hd__buf_2)
                                         net191 (net)
                  0.07    0.00   41.39 v rebuffer41/A (sky130_fd_sc_hd__buf_2)
     1    0.00    0.06    0.41   41.80 v rebuffer41/X (sky130_fd_sc_hd__buf_2)
                                         net190 (net)
                  0.06    0.00   41.80 v rebuffer40/A (sky130_fd_sc_hd__buf_2)
     1    0.00    0.07    0.41   42.21 v rebuffer40/X (sky130_fd_sc_hd__buf_2)
                                         net189 (net)
                  0.07    0.00   42.21 v rebuffer39/A (sky130_fd_sc_hd__buf_2)
     1    0.00    0.06    0.41   42.62 v rebuffer39/X (sky130_fd_sc_hd__buf_2)
                                         net188 (net)
                  0.06    0.00   42.62 v rebuffer38/A (sky130_fd_sc_hd__buf_2)
     1    0.00    0.06    0.40   43.02 v rebuffer38/X (sky130_fd_sc_hd__buf_2)
                                         net187 (net)
                  0.06    0.00   43.02 v rebuffer37/A (sky130_fd_sc_hd__buf_2)
     1    0.00    0.07    0.40   43.42 v rebuffer37/X (sky130_fd_sc_hd__buf_2)
                                         net186 (net)
                  0.07    0.00   43.42 v rebuffer36/A (sky130_fd_sc_hd__buf_2)
     1    0.00    0.07    0.42   43.84 v rebuffer36/X (sky130_fd_sc_hd__buf_2)
                                         net185 (net)
                  0.07    0.00   43.84 v rebuffer35/A (sky130_fd_sc_hd__buf_2)
     1    0.00    0.07    0.42   44.26 v rebuffer35/X (sky130_fd_sc_hd__buf_2)
                                         net184 (net)
                  0.07    0.00   44.26 v rebuffer34/A (sky130_fd_sc_hd__buf_2)
     1    0.00    0.06    0.41   44.67 v rebuffer34/X (sky130_fd_sc_hd__buf_2)
                                         net183 (net)
                  0.06    0.00   44.67 v rebuffer33/A (sky130_fd_sc_hd__buf_2)
     1    0.01    0.07    0.42   45.09 v rebuffer33/X (sky130_fd_sc_hd__buf_2)
                                         net182 (net)
                  0.07    0.00   45.09 v rebuffer32/A (sky130_fd_sc_hd__buf_2)
     1    0.01    0.09    0.44   45.53 v rebuffer32/X (sky130_fd_sc_hd__buf_2)
                                         net181 (net)
                  0.09    0.00   45.53 v _9026_/A2 (sky130_fd_sc_hd__a21oi_2)
     2    0.01    0.46    0.61   46.14 ^ _9026_/Y (sky130_fd_sc_hd__a21oi_2)
                                         _3991_ (net)
                  0.46    0.00   46.14 ^ _9027_/A2 (sky130_fd_sc_hd__a21oi_1)
     1    0.00    0.33    0.35   46.49 v _9027_/Y (sky130_fd_sc_hd__a21oi_1)
                                         _3992_ (net)
                  0.33    0.00   46.49 v _9028_/B1 (sky130_fd_sc_hd__o21ai_0)
     1    0.01    0.76    0.47   46.96 ^ _9028_/Y (sky130_fd_sc_hd__o21ai_0)
                                         _3993_ (net)
                  0.76    0.00   46.96 ^ _9030_/B1 (sky130_fd_sc_hd__o211ai_1)
     1    0.01    0.32    0.65   47.61 v _9030_/Y (sky130_fd_sc_hd__o211ai_1)
                                         rv32_soc/alu_out[24] (net)
                  0.32    0.00   47.61 v rv32_soc/alu_out_q[24]$_DFF_P_/D (sky130_fd_sc_hd__dfxtp_2)
                                 47.61   data arrival time

                         25.00   25.00   clock clk0 (rise edge)
                         14.39   39.39   clock network delay (propagated)
                          0.00   39.39   clock reconvergence pessimism
                                 39.39 ^ rv32_soc/alu_out_q[24]$_DFF_P_/CLK (sky130_fd_sc_hd__dfxtp_2)
                         -0.81   38.58   library setup time
                                 38.58   data required time
-----------------------------------------------------------------------------
                                 38.58   data required time
                                -47.61   data arrival time
-----------------------------------------------------------------------------
                                 -9.03   slack (VIOLATED)


Startpoint: rv32_soc/decoder_trigger$_DFF_P_
            (rising edge-triggered flip-flop clocked by clk0)
Endpoint: rv32_soc/count_instr[63]$_SDFFE_PN0P_
          (rising edge-triggered flip-flop clocked by clk0)
Path Group: clk0
Path Type: max
Corner: slow

Fanout     Cap    Slew   Delay    Time   Description
-----------------------------------------------------------------------------
                          0.00    0.00   clock clk0 (rise edge)
                         14.43   14.43   clock network delay (propagated)
                  0.51    0.00   14.43 ^ rv32_soc/decoder_trigger$_DFF_P_/CLK (sky130_fd_sc_hd__dfxtp_1)
    33    0.22    6.99    6.47   20.90 ^ rv32_soc/decoder_trigger$_DFF_P_/Q (sky130_fd_sc_hd__dfxtp_1)
                                         rv32_soc/decoder_trigger (net)
                  6.99    0.02   20.93 ^ _4934_/B (sky130_fd_sc_hd__nand2_1)
     4    0.03    1.09    3.37   24.29 v _4934_/Y (sky130_fd_sc_hd__nand2_1)
                                         _0532_ (net)
                  1.09    0.00   24.30 v _7622_/A (sky130_fd_sc_hd__nor2_1)
     3    0.02    1.34    1.77   26.07 ^ _7622_/Y (sky130_fd_sc_hd__nor2_1)
                                         _2904_ (net)
                  1.34    0.00   26.07 ^ _7624_/B (sky130_fd_sc_hd__nand2_4)
     6    0.02    0.22    0.71   26.78 v _7624_/Y (sky130_fd_sc_hd__nand2_4)
                                         _2906_ (net)
                  0.22    0.00   26.78 v _7654_/C (sky130_fd_sc_hd__nor4_1)
     3    0.01    2.46    2.34   29.12 ^ _7654_/Y (sky130_fd_sc_hd__nor4_1)
                                         _2930_ (net)
                  2.46    0.00   29.13 ^ _7667_/C (sky130_fd_sc_hd__nand3_1)
     1    0.01    0.32    1.22   30.34 v _7667_/Y (sky130_fd_sc_hd__nand3_1)
                                         _2939_ (net)
                  0.32    0.00   30.34 v _7669_/A (sky130_fd_sc_hd__nor2_1)
     3    0.01    0.85    0.94   31.28 ^ _7669_/Y (sky130_fd_sc_hd__nor2_1)
                                         _2941_ (net)
                  0.85    0.00   31.29 ^ _7700_/D (sky130_fd_sc_hd__nand4_1)
     1    0.00    0.27    0.64   31.92 v _7700_/Y (sky130_fd_sc_hd__nand4_1)
                                         _2966_ (net)
                  0.27    0.00   31.92 v _7701_/B (sky130_fd_sc_hd__nor3_1)
     3    0.02    2.15    2.05   33.97 ^ _7701_/Y (sky130_fd_sc_hd__nor3_1)
                                         _2967_ (net)
                  2.15    0.00   33.98 ^ _7731_/D (sky130_fd_sc_hd__and4_1)
     1    0.01    0.29    1.54   35.51 ^ _7731_/X (sky130_fd_sc_hd__and4_1)
                                         _2991_ (net)
                  0.29    0.00   35.51 ^ _7732_/D (sky130_fd_sc_hd__and4_4)
     2    0.01    0.21    0.86   36.38 ^ _7732_/X (sky130_fd_sc_hd__and4_4)
                                         _2992_ (net)
                  0.21    0.00   36.38 ^ _7755_/D (sky130_fd_sc_hd__nand4_1)
     2    0.01    0.42    0.50   36.88 v _7755_/Y (sky130_fd_sc_hd__nand4_1)
                                         _3009_ (net)
                  0.42    0.00   36.88 v _7787_/A (sky130_fd_sc_hd__nor3_1)
     2    0.01    1.31    1.50   38.37 ^ _7787_/Y (sky130_fd_sc_hd__nor3_1)
                                         _3035_ (net)
                  1.31    0.00   38.38 ^ _7796_/D (sky130_fd_sc_hd__nand4_1)
     2    0.01    0.41    0.96   39.34 v _7796_/Y (sky130_fd_sc_hd__nand4_1)
                                         _3042_ (net)
                  0.41    0.00   39.34 v _7837_/B (sky130_fd_sc_hd__nor4_1)
     3    0.01    2.41    2.53   41.87 ^ _7837_/Y (sky130_fd_sc_hd__nor4_1)
                                         _3075_ (net)
                  2.41    0.00   41.87 ^ _7875_/C (sky130_fd_sc_hd__nand3_1)
     1    0.01    0.35    1.23   43.11 v _7875_/Y (sky130_fd_sc_hd__nand3_1)
                                         _3105_ (net)
                  0.35    0.00   43.11 v _7877_/A (sky130_fd_sc_hd__nor3_2)
     5    0.02    1.65    1.78   44.88 ^ _7877_/Y (sky130_fd_sc_hd__nor3_2)
                                         _3107_ (net)
                  1.65    0.00   44.89 ^ _7891_/B (sky130_fd_sc_hd__and3_4)
     3    0.01    0.22    1.36   46.24 ^ _7891_/X (sky130_fd_sc_hd__and3_4)
                                         _3117_ (net)
                  0.22    0.00   46.24 ^ _7909_/B (sky130_fd_sc_hd__and3_1)
     2    0.01    0.32    0.64   46.88 ^ _7909_/X (sky130_fd_sc_hd__and3_1)
                                         _3131_ (net)
                  0.32    0.00   46.88 ^ _7910_/A2 (sky130_fd_sc_hd__o21ai_0)
     1    0.01    0.22    0.37   47.25 v _7910_/Y (sky130_fd_sc_hd__o21ai_0)
                                         _3132_ (net)
                  0.22    0.00   47.25 v _7911_/B1 (sky130_fd_sc_hd__a21oi_1)
     1    0.01    0.55    0.65   47.90 ^ _7911_/Y (sky130_fd_sc_hd__a21oi_1)
                                         _0208_ (net)
                  0.55    0.00   47.90 ^ rv32_soc/count_instr[63]$_SDFFE_PN0P_/D (sky130_fd_sc_hd__dfxtp_2)
                                 47.90   data arrival time

                         25.00   25.00   clock clk0 (rise edge)
                         14.42   39.42   clock network delay (propagated)
                          0.00   39.42   clock reconvergence pessimism
                                 39.42 ^ rv32_soc/count_instr[63]$_SDFFE_PN0P_/CLK (sky130_fd_sc_hd__dfxtp_2)
                         -0.32   39.10   library setup time
                                 39.10   data required time
-----------------------------------------------------------------------------
                                 39.10   data required time
                                -47.90   data arrival time
-----------------------------------------------------------------------------
                                 -8.80   slack (VIOLATED)


Startpoint: mem_la_wdata[3]$_DFFE_PP_
            (rising edge-triggered flip-flop clocked by clk0)
Endpoint: rv32_soc/mem_do_rinst$_SDFFE_PP1P_
          (rising edge-triggered flip-flop clocked by clk0)
Path Group: clk0
Path Type: max
Corner: slow

Fanout     Cap    Slew   Delay    Time   Description
-----------------------------------------------------------------------------
                          0.00    0.00   clock clk0 (rise edge)
                         14.35   14.35   clock network delay (propagated)
                  0.45    0.00   14.35 ^ mem_la_wdata[3]$_DFFE_PP_/CLK (sky130_fd_sc_hd__edfxtp_1)
     6    0.14    4.33    4.30   18.65 ^ mem_la_wdata[3]$_DFFE_PP_/Q (sky130_fd_sc_hd__edfxtp_1)
                                         mem_la_wdata[3] (net)
                  4.33    0.03   18.67 ^ _7532_/A (sky130_fd_sc_hd__inv_1)
     3    0.02    0.68    1.99   20.66 v _7532_/Y (sky130_fd_sc_hd__inv_1)
                                         _4407_ (net)
                  0.68    0.00   20.66 v _9379_/A (sky130_fd_sc_hd__ha_4)
     8    0.05    0.62    1.74   22.40 ^ _9379_/SUM (sky130_fd_sc_hd__ha_4)
                                         _4410_ (net)
                  0.62    0.00   22.41 ^ _7420_/C (sky130_fd_sc_hd__nor3_2)
     1    0.01    0.12    0.35   22.76 v _7420_/Y (sky130_fd_sc_hd__nor3_2)
                                         _2789_ (net)
                  0.12    0.00   22.76 v _7422_/B (sky130_fd_sc_hd__nor3_2)
     2    0.01    1.09    1.14   23.91 ^ _7422_/Y (sky130_fd_sc_hd__nor3_2)
                                         _2791_ (net)
                  1.09    0.00   23.91 ^ _7423_/C (sky130_fd_sc_hd__nor3_2)
     1    0.01    0.18    0.55   24.46 v _7423_/Y (sky130_fd_sc_hd__nor3_2)
                                         _2792_ (net)
                  0.18    0.00   24.46 v _7425_/B (sky130_fd_sc_hd__nor3_2)
     2    0.01    0.82    0.96   25.42 ^ _7425_/Y (sky130_fd_sc_hd__nor3_2)
                                         _2794_ (net)
                  0.82    0.00   25.42 ^ _7426_/B (sky130_fd_sc_hd__nor2_1)
     1    0.01    0.20    0.49   25.92 v _7426_/Y (sky130_fd_sc_hd__nor2_1)
                                         _2795_ (net)
                  0.20    0.00   25.92 v _7427_/B (sky130_fd_sc_hd__nor2_1)
     1    0.01    0.69    0.70   26.62 ^ _7427_/Y (sky130_fd_sc_hd__nor2_1)
                                         _2796_ (net)
                  0.69    0.00   26.62 ^ _7428_/A2 (sky130_fd_sc_hd__o21bai_2)
     2    0.01    0.21    0.47   27.09 v _7428_/Y (sky130_fd_sc_hd__o21bai_2)
                                         _2797_ (net)
                  0.21    0.00   27.09 v _7431_/B1 (sky130_fd_sc_hd__a221oi_1)
     2    0.01    1.73    1.69   28.77 ^ _7431_/Y (sky130_fd_sc_hd__a221oi_1)
                                         _2800_ (net)
                  1.73    0.00   28.77 ^ _7434_/A3 (sky130_fd_sc_hd__o31ai_1)
     1    0.00    0.19    0.80   29.57 v _7434_/Y (sky130_fd_sc_hd__o31ai_1)
                                         _2803_ (net)
                  0.19    0.00   29.57 v rebuffer26/A (sky130_fd_sc_hd__buf_2)
     2    0.01    0.10    0.53   30.10 v rebuffer26/X (sky130_fd_sc_hd__buf_2)
                                         net175 (net)
                  0.10    0.00   30.10 v _7435_/A2 (sky130_fd_sc_hd__a21oi_1)
     1    0.00    0.48    0.58   30.68 ^ _7435_/Y (sky130_fd_sc_hd__a21oi_1)
                                         _2804_ (net)
                  0.48    0.00   30.68 ^ _7436_/B1 (sky130_fd_sc_hd__o21ai_0)
     2    0.01    0.34    0.53   31.21 v _7436_/Y (sky130_fd_sc_hd__o21ai_0)
                                         _2805_ (net)
                  0.34    0.00   31.21 v _7437_/B2 (sky130_fd_sc_hd__a221oi_1)
     1    0.01    1.16    1.46   32.67 ^ _7437_/Y (sky130_fd_sc_hd__a221oi_1)
                                         _2806_ (net)
                  1.16    0.00   32.67 ^ rebuffer17/A (sky130_fd_sc_hd__buf_2)
     2    0.02    0.36    1.03   33.70 ^ rebuffer17/X (sky130_fd_sc_hd__buf_2)
                                         net166 (net)
                  0.36    0.00   33.71 ^ _7440_/A3 (sky130_fd_sc_hd__o31ai_1)
     1    0.00    0.17    0.30   34.01 v _7440_/Y (sky130_fd_sc_hd__o31ai_1)
                                         _2809_ (net)
                  0.17    0.00   34.01 v rebuffer25/A (sky130_fd_sc_hd__buf_2)
     2    0.01    0.09    0.51   34.51 v rebuffer25/X (sky130_fd_sc_hd__buf_2)
                                         net174 (net)
                  0.09    0.00   34.52 v _7441_/B2 (sky130_fd_sc_hd__a221oi_1)
     1    0.00    0.88    1.09   35.61 ^ _7441_/Y (sky130_fd_sc_hd__a221oi_1)
                                         _2810_ (net)
                  0.88    0.00   35.61 ^ rebuffer51/A (sky130_fd_sc_hd__buf_2)
     2    0.01    0.26    0.82   36.43 ^ rebuffer51/X (sky130_fd_sc_hd__buf_2)
                                         net200 (net)
                  0.26    0.00   36.43 ^ _7442_/C (sky130_fd_sc_hd__nor3_2)
     1    0.01    0.16    0.18   36.61 v _7442_/Y (sky130_fd_sc_hd__nor3_2)
                                         _2811_ (net)
                  0.16    0.00   36.61 v _7443_/C (sky130_fd_sc_hd__nor3_2)
     2    0.01    0.82    0.81   37.42 ^ _7443_/Y (sky130_fd_sc_hd__nor3_2)
                                         _2812_ (net)
                  0.82    0.00   37.42 ^ _7446_/A3 (sky130_fd_sc_hd__o31ai_1)
     1    0.00    0.16    0.50   37.92 v _7446_/Y (sky130_fd_sc_hd__o31ai_1)
                                         _2815_ (net)
                  0.16    0.00   37.92 v rebuffer49/A (sky130_fd_sc_hd__buf_2)
     2    0.01    0.10    0.51   38.43 v rebuffer49/X (sky130_fd_sc_hd__buf_2)
                                         net198 (net)
                  0.10    0.00   38.43 v _7448_/B1 (sky130_fd_sc_hd__a221o_1)
     2    0.01    0.20    1.34   39.77 v _7448_/X (sky130_fd_sc_hd__a221o_1)
                                         _2817_ (net)
                  0.20    0.00   39.77 v _7449_/B2 (sky130_fd_sc_hd__a221oi_1)
     1    0.01    1.16    1.38   41.15 ^ _7449_/Y (sky130_fd_sc_hd__a221oi_1)
                                         _2818_ (net)
                  1.16    0.00   41.15 ^ rebuffer24/A (sky130_fd_sc_hd__buf_4)
     3    0.01    0.19    0.90   42.05 ^ rebuffer24/X (sky130_fd_sc_hd__buf_4)
                                         net173 (net)
                  0.19    0.00   42.05 ^ _7454_/A2 (sky130_fd_sc_hd__o21ai_0)
     1    0.00    0.20    0.26   42.31 v _7454_/Y (sky130_fd_sc_hd__o21ai_0)
                                         _2823_ (net)
                  0.20    0.00   42.31 v _7456_/A2 (sky130_fd_sc_hd__o21ai_0)
     2    0.01    1.24    1.21   43.52 ^ _7456_/Y (sky130_fd_sc_hd__o21ai_0)
                                         _2825_ (net)
                  1.24    0.00   43.53 ^ _7472_/A2 (sky130_fd_sc_hd__o21ai_0)
     1    0.02    0.76    1.22   44.75 v _7472_/Y (sky130_fd_sc_hd__o21ai_0)
                                         _2841_ (net)
                  0.76    0.00   44.75 v _7473_/S (sky130_fd_sc_hd__mux2i_1)
     1    0.01    1.27    1.45   46.20 ^ _7473_/Y (sky130_fd_sc_hd__mux2i_1)
                                         _2842_ (net)
                  1.27    0.00   46.20 ^ _7474_/B (sky130_fd_sc_hd__nand2_4)
     3    0.02    0.18    0.64   46.84 v _7474_/Y (sky130_fd_sc_hd__nand2_4)
                                         _2843_ (net)
                  0.18    0.00   46.84 v _7475_/B (sky130_fd_sc_hd__nand2_1)
     2    0.01    0.33    0.39   47.23 ^ _7475_/Y (sky130_fd_sc_hd__nand2_1)
                                         _2844_ (net)
                  0.33    0.00   47.23 ^ _7587_/B2 (sky130_fd_sc_hd__o22ai_1)
     1    0.00    0.12    0.26   47.49 v _7587_/Y (sky130_fd_sc_hd__o22ai_1)
                                         _0336_ (net)
                  0.12    0.00   47.49 v rv32_soc/mem_do_rinst$_SDFFE_PP1P_/D (sky130_fd_sc_hd__dfxtp_2)
                                 47.49   data arrival time

                         25.00   25.00   clock clk0 (rise edge)
                         14.42   39.42   clock network delay (propagated)
                          0.00   39.42   clock reconvergence pessimism
                                 39.42 ^ rv32_soc/mem_do_rinst$_SDFFE_PP1P_/CLK (sky130_fd_sc_hd__dfxtp_2)
                         -0.63   38.79   library setup time
                                 38.79   data required time
-----------------------------------------------------------------------------
                                 38.79   data required time
                                -47.49   data arrival time
-----------------------------------------------------------------------------
                                 -8.70   slack (VIOLATED)


Startpoint: rv32_soc/latched_store$_SDFFE_PN0P_
            (rising edge-triggered flip-flop clocked by clk0)
Endpoint: rv32_soc/cpuregs[17][24]$_DFFE_PP_
          (rising edge-triggered flip-flop clocked by clk0)
Path Group: clk0
Path Type: max
Corner: slow

Fanout     Cap    Slew   Delay    Time   Description
-----------------------------------------------------------------------------
                          0.00    0.00   clock clk0 (rise edge)
                         14.43   14.43   clock network delay (propagated)
                  0.51    0.00   14.43 ^ rv32_soc/latched_store$_SDFFE_PN0P_/CLK (sky130_fd_sc_hd__dfxtp_1)
     6    0.02    0.82    1.98   16.41 ^ rv32_soc/latched_store$_SDFFE_PN0P_/Q (sky130_fd_sc_hd__dfxtp_1)
                                         rv32_soc/latched_store (net)
                  0.82    0.00   16.42 ^ _9157_/B_N (sky130_fd_sc_hd__nor2b_1)
    40    0.24   17.65   13.82   30.24 ^ _9157_/Y (sky130_fd_sc_hd__nor2b_1)
                                         _4105_ (net)
                 17.65    0.15   30.39 ^ _9233_/B (sky130_fd_sc_hd__nand2b_1)
     1    0.01    1.82    6.22   36.61 v _9233_/Y (sky130_fd_sc_hd__nand2b_1)
                                         _4166_ (net)
                  1.82    0.00   36.61 v _9234_/B1 (sky130_fd_sc_hd__o31ai_1)
     1    0.01    1.77    1.48   38.10 ^ _9234_/Y (sky130_fd_sc_hd__o31ai_1)
                                         rv32_soc/cpuregs_wrdata[24] (net)
                  1.77    0.00   38.10 ^ wire1121/A (sky130_fd_sc_hd__buf_1)
     2    0.02    0.74    1.40   39.50 ^ wire1121/X (sky130_fd_sc_hd__buf_1)
                                         net1121 (net)
                  0.74    0.00   39.51 ^ load_slew1120/A (sky130_fd_sc_hd__buf_1)
     3    0.01    0.61    0.93   40.43 ^ load_slew1120/X (sky130_fd_sc_hd__buf_1)
                                         net1120 (net)
                  0.61    0.00   40.43 ^ load_slew1119/A (sky130_fd_sc_hd__buf_1)
     3    0.01    0.51    0.80   41.23 ^ load_slew1119/X (sky130_fd_sc_hd__buf_1)
                                         net1119 (net)
                  0.51    0.00   41.23 ^ wire1117/A (sky130_fd_sc_hd__buf_1)
     3    0.01    0.57    0.79   42.02 ^ wire1117/X (sky130_fd_sc_hd__buf_1)
                                         net1117 (net)
                  0.57    0.00   42.02 ^ load_slew1116/A (sky130_fd_sc_hd__buf_1)
     3    0.01    0.52    0.78   42.80 ^ load_slew1116/X (sky130_fd_sc_hd__buf_1)
                                         net1116 (net)
                  0.52    0.00   42.80 ^ load_slew1115/A (sky130_fd_sc_hd__buf_1)
     2    0.01    0.32    0.61   43.41 ^ load_slew1115/X (sky130_fd_sc_hd__buf_1)
                                         net1115 (net)
                  0.32    0.00   43.41 ^ load_slew1114/A (sky130_fd_sc_hd__buf_1)
     3    0.01    0.64    0.76   44.17 ^ load_slew1114/X (sky130_fd_sc_hd__buf_1)
                                         net1114 (net)
                  0.64    0.00   44.17 ^ load_slew1113/A (sky130_fd_sc_hd__buf_1)
     3    0.01    0.54    0.83   44.99 ^ load_slew1113/X (sky130_fd_sc_hd__buf_1)
                                         net1113 (net)
                  0.54    0.00   44.99 ^ load_slew1112/A (sky130_fd_sc_hd__buf_1)
     3    0.01    0.59    0.82   45.81 ^ load_slew1112/X (sky130_fd_sc_hd__buf_1)
                                         net1112 (net)
                  0.59    0.00   45.81 ^ load_slew1111/A (sky130_fd_sc_hd__buf_1)
     3    0.01    0.61    0.85   46.66 ^ load_slew1111/X (sky130_fd_sc_hd__buf_1)
                                         net1111 (net)
                  0.61    0.00   46.66 ^ load_slew1110/A (sky130_fd_sc_hd__buf_1)
     3    0.01    0.55    0.82   47.49 ^ load_slew1110/X (sky130_fd_sc_hd__buf_1)
                                         net1110 (net)
                  0.55    0.00   47.49 ^ rv32_soc/cpuregs[17][24]$_DFFE_PP_/D (sky130_fd_sc_hd__edfxtp_1)
                                 47.49   data arrival time

                         25.00   25.00   clock clk0 (rise edge)
                         14.38   39.38   clock network delay (propagated)
                          0.00   39.38   clock reconvergence pessimism
                                 39.38 ^ rv32_soc/cpuregs[17][24]$_DFFE_PP_/CLK (sky130_fd_sc_hd__edfxtp_1)
                         -0.51   38.88   library setup time
                                 38.88   data required time
-----------------------------------------------------------------------------
                                 38.88   data required time
                                -47.49   data arrival time
-----------------------------------------------------------------------------
                                 -8.61   slack (VIOLATED)


Startpoint: rv32_soc/latched_store$_SDFFE_PN0P_
            (rising edge-triggered flip-flop clocked by clk0)
Endpoint: rv32_soc/cpuregs[20][24]$_DFFE_PP_
          (rising edge-triggered flip-flop clocked by clk0)
Path Group: clk0
Path Type: max
Corner: slow

Fanout     Cap    Slew   Delay    Time   Description
-----------------------------------------------------------------------------
                          0.00    0.00   clock clk0 (rise edge)
                         14.43   14.43   clock network delay (propagated)
                  0.51    0.00   14.43 ^ rv32_soc/latched_store$_SDFFE_PN0P_/CLK (sky130_fd_sc_hd__dfxtp_1)
     6    0.02    0.82    1.98   16.41 ^ rv32_soc/latched_store$_SDFFE_PN0P_/Q (sky130_fd_sc_hd__dfxtp_1)
                                         rv32_soc/latched_store (net)
                  0.82    0.00   16.42 ^ _9157_/B_N (sky130_fd_sc_hd__nor2b_1)
    40    0.24   17.65   13.82   30.24 ^ _9157_/Y (sky130_fd_sc_hd__nor2b_1)
                                         _4105_ (net)
                 17.65    0.15   30.39 ^ _9233_/B (sky130_fd_sc_hd__nand2b_1)
     1    0.01    1.82    6.22   36.61 v _9233_/Y (sky130_fd_sc_hd__nand2b_1)
                                         _4166_ (net)
                  1.82    0.00   36.61 v _9234_/B1 (sky130_fd_sc_hd__o31ai_1)
     1    0.01    1.77    1.48   38.10 ^ _9234_/Y (sky130_fd_sc_hd__o31ai_1)
                                         rv32_soc/cpuregs_wrdata[24] (net)
                  1.77    0.00   38.10 ^ wire1121/A (sky130_fd_sc_hd__buf_1)
     2    0.02    0.74    1.40   39.50 ^ wire1121/X (sky130_fd_sc_hd__buf_1)
                                         net1121 (net)
                  0.74    0.00   39.51 ^ load_slew1120/A (sky130_fd_sc_hd__buf_1)
     3    0.01    0.61    0.93   40.43 ^ load_slew1120/X (sky130_fd_sc_hd__buf_1)
                                         net1120 (net)
                  0.61    0.00   40.43 ^ load_slew1119/A (sky130_fd_sc_hd__buf_1)
     3    0.01    0.51    0.80   41.23 ^ load_slew1119/X (sky130_fd_sc_hd__buf_1)
                                         net1119 (net)
                  0.51    0.00   41.23 ^ wire1117/A (sky130_fd_sc_hd__buf_1)
     3    0.01    0.57    0.79   42.02 ^ wire1117/X (sky130_fd_sc_hd__buf_1)
                                         net1117 (net)
                  0.57    0.00   42.02 ^ load_slew1116/A (sky130_fd_sc_hd__buf_1)
     3    0.01    0.52    0.78   42.80 ^ load_slew1116/X (sky130_fd_sc_hd__buf_1)
                                         net1116 (net)
                  0.52    0.00   42.80 ^ load_slew1115/A (sky130_fd_sc_hd__buf_1)
     2    0.01    0.32    0.61   43.41 ^ load_slew1115/X (sky130_fd_sc_hd__buf_1)
                                         net1115 (net)
                  0.32    0.00   43.41 ^ load_slew1114/A (sky130_fd_sc_hd__buf_1)
     3    0.01    0.64    0.76   44.17 ^ load_slew1114/X (sky130_fd_sc_hd__buf_1)
                                         net1114 (net)
                  0.64    0.00   44.17 ^ load_slew1113/A (sky130_fd_sc_hd__buf_1)
     3    0.01    0.54    0.83   44.99 ^ load_slew1113/X (sky130_fd_sc_hd__buf_1)
                                         net1113 (net)
                  0.54    0.00   44.99 ^ load_slew1112/A (sky130_fd_sc_hd__buf_1)
     3    0.01    0.59    0.82   45.81 ^ load_slew1112/X (sky130_fd_sc_hd__buf_1)
                                         net1112 (net)
                  0.59    0.00   45.81 ^ load_slew1111/A (sky130_fd_sc_hd__buf_1)
     3    0.01    0.61    0.85   46.66 ^ load_slew1111/X (sky130_fd_sc_hd__buf_1)
                                         net1111 (net)
                  0.61    0.00   46.66 ^ load_slew1110/A (sky130_fd_sc_hd__buf_1)
     3    0.01    0.55    0.82   47.49 ^ load_slew1110/X (sky130_fd_sc_hd__buf_1)
                                         net1110 (net)
                  0.55    0.00   47.49 ^ rv32_soc/cpuregs[20][24]$_DFFE_PP_/D (sky130_fd_sc_hd__edfxtp_1)
                                 47.49   data arrival time

                         25.00   25.00   clock clk0 (rise edge)
                         14.41   39.41   clock network delay (propagated)
                          0.00   39.41   clock reconvergence pessimism
                                 39.41 ^ rv32_soc/cpuregs[20][24]$_DFFE_PP_/CLK (sky130_fd_sc_hd__edfxtp_1)
                         -0.50   38.91   library setup time
                                 38.91   data required time
-----------------------------------------------------------------------------
                                 38.91   data required time
                                -47.49   data arrival time
-----------------------------------------------------------------------------
                                 -8.57   slack (VIOLATED)


Startpoint: rv32_soc/latched_store$_SDFFE_PN0P_
            (rising edge-triggered flip-flop clocked by clk0)
Endpoint: rv32_soc/cpuregs[21][24]$_DFFE_PP_
          (rising edge-triggered flip-flop clocked by clk0)
Path Group: clk0
Path Type: max
Corner: slow

Fanout     Cap    Slew   Delay    Time   Description
-----------------------------------------------------------------------------
                          0.00    0.00   clock clk0 (rise edge)
                         14.43   14.43   clock network delay (propagated)
                  0.51    0.00   14.43 ^ rv32_soc/latched_store$_SDFFE_PN0P_/CLK (sky130_fd_sc_hd__dfxtp_1)
     6    0.02    0.82    1.98   16.41 ^ rv32_soc/latched_store$_SDFFE_PN0P_/Q (sky130_fd_sc_hd__dfxtp_1)
                                         rv32_soc/latched_store (net)
                  0.82    0.00   16.42 ^ _9157_/B_N (sky130_fd_sc_hd__nor2b_1)
    40    0.24   17.65   13.82   30.24 ^ _9157_/Y (sky130_fd_sc_hd__nor2b_1)
                                         _4105_ (net)
                 17.65    0.15   30.39 ^ _9233_/B (sky130_fd_sc_hd__nand2b_1)
     1    0.01    1.82    6.22   36.61 v _9233_/Y (sky130_fd_sc_hd__nand2b_1)
                                         _4166_ (net)
                  1.82    0.00   36.61 v _9234_/B1 (sky130_fd_sc_hd__o31ai_1)
     1    0.01    1.77    1.48   38.10 ^ _9234_/Y (sky130_fd_sc_hd__o31ai_1)
                                         rv32_soc/cpuregs_wrdata[24] (net)
                  1.77    0.00   38.10 ^ wire1121/A (sky130_fd_sc_hd__buf_1)
     2    0.02    0.74    1.40   39.50 ^ wire1121/X (sky130_fd_sc_hd__buf_1)
                                         net1121 (net)
                  0.74    0.00   39.51 ^ load_slew1120/A (sky130_fd_sc_hd__buf_1)
     3    0.01    0.61    0.93   40.43 ^ load_slew1120/X (sky130_fd_sc_hd__buf_1)
                                         net1120 (net)
                  0.61    0.00   40.43 ^ load_slew1119/A (sky130_fd_sc_hd__buf_1)
     3    0.01    0.51    0.80   41.23 ^ load_slew1119/X (sky130_fd_sc_hd__buf_1)
                                         net1119 (net)
                  0.51    0.00   41.23 ^ wire1117/A (sky130_fd_sc_hd__buf_1)
     3    0.01    0.57    0.79   42.02 ^ wire1117/X (sky130_fd_sc_hd__buf_1)
                                         net1117 (net)
                  0.57    0.00   42.02 ^ load_slew1116/A (sky130_fd_sc_hd__buf_1)
     3    0.01    0.52    0.78   42.80 ^ load_slew1116/X (sky130_fd_sc_hd__buf_1)
                                         net1116 (net)
                  0.52    0.00   42.80 ^ load_slew1115/A (sky130_fd_sc_hd__buf_1)
     2    0.01    0.32    0.61   43.41 ^ load_slew1115/X (sky130_fd_sc_hd__buf_1)
                                         net1115 (net)
                  0.32    0.00   43.41 ^ load_slew1114/A (sky130_fd_sc_hd__buf_1)
     3    0.01    0.64    0.76   44.17 ^ load_slew1114/X (sky130_fd_sc_hd__buf_1)
                                         net1114 (net)
                  0.64    0.00   44.17 ^ load_slew1113/A (sky130_fd_sc_hd__buf_1)
     3    0.01    0.54    0.83   44.99 ^ load_slew1113/X (sky130_fd_sc_hd__buf_1)
                                         net1113 (net)
                  0.54    0.00   44.99 ^ load_slew1112/A (sky130_fd_sc_hd__buf_1)
     3    0.01    0.59    0.82   45.81 ^ load_slew1112/X (sky130_fd_sc_hd__buf_1)
                                         net1112 (net)
                  0.59    0.00   45.81 ^ load_slew1111/A (sky130_fd_sc_hd__buf_1)
     3    0.01    0.61    0.85   46.66 ^ load_slew1111/X (sky130_fd_sc_hd__buf_1)
                                         net1111 (net)
                  0.61    0.00   46.66 ^ load_slew1110/A (sky130_fd_sc_hd__buf_1)
     3    0.01    0.55    0.82   47.49 ^ load_slew1110/X (sky130_fd_sc_hd__buf_1)
                                         net1110 (net)
                  0.55    0.00   47.49 ^ rv32_soc/cpuregs[21][24]$_DFFE_PP_/D (sky130_fd_sc_hd__edfxtp_1)
                                 47.49   data arrival time

                         25.00   25.00   clock clk0 (rise edge)
                         14.41   39.41   clock network delay (propagated)
                          0.00   39.41   clock reconvergence pessimism
                                 39.41 ^ rv32_soc/cpuregs[21][24]$_DFFE_PP_/CLK (sky130_fd_sc_hd__edfxtp_1)
                         -0.50   38.92   library setup time
                                 38.92   data required time
-----------------------------------------------------------------------------
                                 38.92   data required time
                                -47.49   data arrival time
-----------------------------------------------------------------------------
                                 -8.57   slack (VIOLATED)


