Startpoint: mem_la_wdata[3]$_DFFE_PP_
            (rising edge-triggered flip-flop clocked by clk0)
Endpoint: rv32_soc/latched_branch$_SDFFE_PN0P_
          (rising edge-triggered flip-flop clocked by clk0)
Path Group: clk0
Path Type: max
Corner: slow

Fanout     Cap    Slew   Delay    Time   Description
-----------------------------------------------------------------------------
                          0.00    0.00   clock clk0 (rise edge)
                          0.00    0.00   clock source latency
     2    0.23   10.30    7.54    7.54 ^ clk (in)
                                         clk (net)
                 10.30    0.00    7.54 ^ clkbuf_regs_0_clk0/A (sky130_fd_sc_hd__clkbuf_16)
     1    0.01    0.22    4.10   11.65 ^ clkbuf_regs_0_clk0/X (sky130_fd_sc_hd__clkbuf_16)
                                         clk_regs (net)
                  0.22    0.00   11.65 ^ clkbuf_0_clk_regs/A (sky130_fd_sc_hd__clkbuf_16)
     2    0.03    0.16    0.45   12.10 ^ clkbuf_0_clk_regs/X (sky130_fd_sc_hd__clkbuf_16)
                                         clknet_0_clk_regs (net)
                  0.16    0.00   12.10 ^ clkbuf_1_1_0_clk_regs/A (sky130_fd_sc_hd__clkbuf_16)
     2    0.04    0.21    0.45   12.55 ^ clkbuf_1_1_0_clk_regs/X (sky130_fd_sc_hd__clkbuf_16)
                                         clknet_1_1_0_clk_regs (net)
                  0.21    0.01   12.56 ^ clkbuf_2_2_0_clk_regs/A (sky130_fd_sc_hd__clkbuf_16)
     2    0.03    0.17    0.45   13.01 ^ clkbuf_2_2_0_clk_regs/X (sky130_fd_sc_hd__clkbuf_16)
                                         clknet_2_2_0_clk_regs (net)
                  0.17    0.00   13.01 ^ clkbuf_3_4__f_clk_regs/A (sky130_fd_sc_hd__clkbuf_16)
     7    0.09    0.36    0.57   13.59 ^ clkbuf_3_4__f_clk_regs/X (sky130_fd_sc_hd__clkbuf_16)
                                         clknet_3_4__leaf_clk_regs (net)
                  0.36    0.01   13.59 ^ clkbuf_leaf_46_clk_regs/A (sky130_fd_sc_hd__clkbuf_16)
    30    0.11    0.45    0.75   14.34 ^ clkbuf_leaf_46_clk_regs/X (sky130_fd_sc_hd__clkbuf_16)
                                         clknet_leaf_46_clk_regs (net)
                  0.45    0.01   14.35 ^ mem_la_wdata[3]$_DFFE_PP_/CLK (sky130_fd_sc_hd__edfxtp_1)
     6    0.14    4.33    4.30   18.65 ^ mem_la_wdata[3]$_DFFE_PP_/Q (sky130_fd_sc_hd__edfxtp_1)
                                         mem_la_wdata[3] (net)
                  4.33    0.03   18.67 ^ _7532_/A (sky130_fd_sc_hd__inv_1)
     3    0.02    0.68    1.99   20.66 v _7532_/Y (sky130_fd_sc_hd__inv_1)
                                         _4407_ (net)
                  0.68    0.00   20.66 v _9379_/A (sky130_fd_sc_hd__ha_4)
     8    0.05    0.62    1.74   22.40 ^ _9379_/SUM (sky130_fd_sc_hd__ha_4)
                                         _4410_ (net)
                  0.62    0.00   22.41 ^ _7420_/C (sky130_fd_sc_hd__nor3_2)
     1    0.01    0.12    0.35   22.76 v _7420_/Y (sky130_fd_sc_hd__nor3_2)
                                         _2789_ (net)
                  0.12    0.00   22.76 v _7422_/B (sky130_fd_sc_hd__nor3_2)
     2    0.01    1.09    1.14   23.91 ^ _7422_/Y (sky130_fd_sc_hd__nor3_2)
                                         _2791_ (net)
                  1.09    0.00   23.91 ^ _7423_/C (sky130_fd_sc_hd__nor3_2)
     1    0.01    0.18    0.55   24.46 v _7423_/Y (sky130_fd_sc_hd__nor3_2)
                                         _2792_ (net)
                  0.18    0.00   24.46 v _7425_/B (sky130_fd_sc_hd__nor3_2)
     2    0.01    0.82    0.96   25.42 ^ _7425_/Y (sky130_fd_sc_hd__nor3_2)
                                         _2794_ (net)
                  0.82    0.00   25.42 ^ _7426_/B (sky130_fd_sc_hd__nor2_1)
     1    0.01    0.20    0.49   25.92 v _7426_/Y (sky130_fd_sc_hd__nor2_1)
                                         _2795_ (net)
                  0.20    0.00   25.92 v _7427_/B (sky130_fd_sc_hd__nor2_1)
     1    0.01    0.69    0.70   26.62 ^ _7427_/Y (sky130_fd_sc_hd__nor2_1)
                                         _2796_ (net)
                  0.69    0.00   26.62 ^ _7428_/A2 (sky130_fd_sc_hd__o21bai_2)
     2    0.01    0.21    0.47   27.09 v _7428_/Y (sky130_fd_sc_hd__o21bai_2)
                                         _2797_ (net)
                  0.21    0.00   27.09 v _7431_/B1 (sky130_fd_sc_hd__a221oi_1)
     2    0.01    1.73    1.69   28.77 ^ _7431_/Y (sky130_fd_sc_hd__a221oi_1)
                                         _2800_ (net)
                  1.73    0.00   28.77 ^ _7434_/A3 (sky130_fd_sc_hd__o31ai_1)
     1    0.00    0.19    0.80   29.57 v _7434_/Y (sky130_fd_sc_hd__o31ai_1)
                                         _2803_ (net)
                  0.19    0.00   29.57 v rebuffer26/A (sky130_fd_sc_hd__buf_2)
     2    0.01    0.10    0.53   30.10 v rebuffer26/X (sky130_fd_sc_hd__buf_2)
                                         net175 (net)
                  0.10    0.00   30.10 v _7435_/A2 (sky130_fd_sc_hd__a21oi_1)
     1    0.00    0.48    0.58   30.68 ^ _7435_/Y (sky130_fd_sc_hd__a21oi_1)
                                         _2804_ (net)
                  0.48    0.00   30.68 ^ _7436_/B1 (sky130_fd_sc_hd__o21ai_0)
     2    0.01    0.34    0.53   31.21 v _7436_/Y (sky130_fd_sc_hd__o21ai_0)
                                         _2805_ (net)
                  0.34    0.00   31.21 v _7437_/B2 (sky130_fd_sc_hd__a221oi_1)
     1    0.01    1.16    1.46   32.67 ^ _7437_/Y (sky130_fd_sc_hd__a221oi_1)
                                         _2806_ (net)
                  1.16    0.00   32.67 ^ rebuffer17/A (sky130_fd_sc_hd__buf_2)
     2    0.02    0.36    1.03   33.70 ^ rebuffer17/X (sky130_fd_sc_hd__buf_2)
                                         net166 (net)
                  0.36    0.00   33.71 ^ _7440_/A3 (sky130_fd_sc_hd__o31ai_1)
     1    0.00    0.17    0.30   34.01 v _7440_/Y (sky130_fd_sc_hd__o31ai_1)
                                         _2809_ (net)
                  0.17    0.00   34.01 v rebuffer25/A (sky130_fd_sc_hd__buf_2)
     2    0.01    0.09    0.51   34.51 v rebuffer25/X (sky130_fd_sc_hd__buf_2)
                                         net174 (net)
                  0.09    0.00   34.52 v _7441_/B2 (sky130_fd_sc_hd__a221oi_1)
     1    0.00    0.88    1.09   35.61 ^ _7441_/Y (sky130_fd_sc_hd__a221oi_1)
                                         _2810_ (net)
                  0.88    0.00   35.61 ^ rebuffer51/A (sky130_fd_sc_hd__buf_2)
     2    0.01    0.26    0.82   36.43 ^ rebuffer51/X (sky130_fd_sc_hd__buf_2)
                                         net200 (net)
                  0.26    0.00   36.43 ^ _7442_/C (sky130_fd_sc_hd__nor3_2)
     1    0.01    0.16    0.18   36.61 v _7442_/Y (sky130_fd_sc_hd__nor3_2)
                                         _2811_ (net)
                  0.16    0.00   36.61 v _7443_/C (sky130_fd_sc_hd__nor3_2)
     2    0.01    0.82    0.81   37.42 ^ _7443_/Y (sky130_fd_sc_hd__nor3_2)
                                         _2812_ (net)
                  0.82    0.00   37.42 ^ _7446_/A3 (sky130_fd_sc_hd__o31ai_1)
     1    0.00    0.16    0.50   37.92 v _7446_/Y (sky130_fd_sc_hd__o31ai_1)
                                         _2815_ (net)
                  0.16    0.00   37.92 v rebuffer49/A (sky130_fd_sc_hd__buf_2)
     2    0.01    0.10    0.51   38.43 v rebuffer49/X (sky130_fd_sc_hd__buf_2)
                                         net198 (net)
                  0.10    0.00   38.43 v _7448_/B1 (sky130_fd_sc_hd__a221o_1)
     2    0.01    0.20    1.34   39.77 v _7448_/X (sky130_fd_sc_hd__a221o_1)
                                         _2817_ (net)
                  0.20    0.00   39.77 v _7449_/B2 (sky130_fd_sc_hd__a221oi_1)
     1    0.01    1.16    1.38   41.15 ^ _7449_/Y (sky130_fd_sc_hd__a221oi_1)
                                         _2818_ (net)
                  1.16    0.00   41.15 ^ rebuffer24/A (sky130_fd_sc_hd__buf_4)
     3    0.01    0.19    0.90   42.05 ^ rebuffer24/X (sky130_fd_sc_hd__buf_4)
                                         net173 (net)
                  0.19    0.00   42.05 ^ _7454_/A2 (sky130_fd_sc_hd__o21ai_0)
     1    0.00    0.20    0.26   42.31 v _7454_/Y (sky130_fd_sc_hd__o21ai_0)
                                         _2823_ (net)
                  0.20    0.00   42.31 v _7456_/A2 (sky130_fd_sc_hd__o21ai_0)
     2    0.01    1.24    1.21   43.52 ^ _7456_/Y (sky130_fd_sc_hd__o21ai_0)
                                         _2825_ (net)
                  1.24    0.00   43.53 ^ _7472_/A2 (sky130_fd_sc_hd__o21ai_0)
     1    0.02    0.76    1.22   44.75 v _7472_/Y (sky130_fd_sc_hd__o21ai_0)
                                         _2841_ (net)
                  0.76    0.00   44.75 v _7473_/S (sky130_fd_sc_hd__mux2i_1)
     1    0.01    1.27    1.45   46.20 ^ _7473_/Y (sky130_fd_sc_hd__mux2i_1)
                                         _2842_ (net)
                  1.27    0.00   46.20 ^ _7474_/B (sky130_fd_sc_hd__nand2_4)
     3    0.02    0.18    0.64   46.84 v _7474_/Y (sky130_fd_sc_hd__nand2_4)
                                         _2843_ (net)
                  0.18    0.00   46.84 v _8523_/A2 (sky130_fd_sc_hd__a21oi_2)
     2    0.01    0.57    0.73   47.57 ^ _8523_/Y (sky130_fd_sc_hd__a21oi_2)
                                         _3618_ (net)
                  0.57    0.00   47.57 ^ _8533_/A1 (sky130_fd_sc_hd__o21ai_0)
     1    0.01    0.22    0.49   48.06 v _8533_/Y (sky130_fd_sc_hd__o21ai_0)
                                         _3626_ (net)
                  0.22    0.00   48.06 v _8534_/B1 (sky130_fd_sc_hd__o311a_1)
     1    0.00    0.17    0.53   48.60 v _8534_/X (sky130_fd_sc_hd__o311a_1)
                                         _0342_ (net)
                  0.17    0.00   48.60 v rv32_soc/latched_branch$_SDFFE_PN0P_/D (sky130_fd_sc_hd__dfxtp_1)
                                 48.60   data arrival time

                         25.00   25.00   clock clk0 (rise edge)
                          0.00   25.00   clock source latency
     2    0.23   10.30    7.54   32.54 ^ clk (in)
                                         clk (net)
                 10.30    0.00   32.54 ^ clkbuf_regs_0_clk0/A (sky130_fd_sc_hd__clkbuf_16)
     1    0.01    0.22    4.10   36.65 ^ clkbuf_regs_0_clk0/X (sky130_fd_sc_hd__clkbuf_16)
                                         clk_regs (net)
                  0.22    0.00   36.65 ^ clkbuf_0_clk_regs/A (sky130_fd_sc_hd__clkbuf_16)
     2    0.03    0.16    0.45   37.10 ^ clkbuf_0_clk_regs/X (sky130_fd_sc_hd__clkbuf_16)
                                         clknet_0_clk_regs (net)
                  0.16    0.00   37.10 ^ clkbuf_1_1_0_clk_regs/A (sky130_fd_sc_hd__clkbuf_16)
     2    0.04    0.21    0.45   37.55 ^ clkbuf_1_1_0_clk_regs/X (sky130_fd_sc_hd__clkbuf_16)
                                         clknet_1_1_0_clk_regs (net)
                  0.21    0.01   37.56 ^ clkbuf_2_2_0_clk_regs/A (sky130_fd_sc_hd__clkbuf_16)
     2    0.03    0.17    0.45   38.01 ^ clkbuf_2_2_0_clk_regs/X (sky130_fd_sc_hd__clkbuf_16)
                                         clknet_2_2_0_clk_regs (net)
                  0.17    0.00   38.01 ^ clkbuf_3_5__f_clk_regs/A (sky130_fd_sc_hd__clkbuf_16)
     7    0.09    0.39    0.59   38.61 ^ clkbuf_3_5__f_clk_regs/X (sky130_fd_sc_hd__clkbuf_16)
                                         clknet_3_5__leaf_clk_regs (net)
                  0.39    0.01   38.61 ^ clkbuf_leaf_42_clk_regs/A (sky130_fd_sc_hd__clkbuf_16)
    30    0.13    0.51    0.80   39.41 ^ clkbuf_leaf_42_clk_regs/X (sky130_fd_sc_hd__clkbuf_16)
                                         clknet_leaf_42_clk_regs (net)
                  0.51    0.02   39.43 ^ rv32_soc/latched_branch$_SDFFE_PN0P_/CLK (sky130_fd_sc_hd__dfxtp_1)
                          0.00   39.43   clock reconvergence pessimism
                         -0.66   38.78   library setup time
                                 38.78   data required time
-----------------------------------------------------------------------------
                                 38.78   data required time
                                -48.60   data arrival time
-----------------------------------------------------------------------------
                                 -9.82   slack (VIOLATED)


