[ 0.280,  0.366): ****************** (174)
[ 0.366,  0.451): ********** (99)
[ 0.451,  0.536): ************** (130)
[ 0.536,  0.621): ********** (96)
[ 0.621,  0.706): ***************** (166)
[ 0.706,  0.791): ************************************************** (481)
[ 0.791,  0.876): ************************** (250)
[ 0.876,  0.961): ************************ (232)
[ 0.961,  1.047): *************************** (259)
[ 1.047,  1.132): ************************** (250)
[ 1.132,  1.217): **************************** (272)
[ 1.217,  1.302): ************ (114)
[ 1.302,  1.387): ************** (133)
[ 1.387,  1.472): ***** (45)
[ 1.472,  1.557): *** (31)
[ 1.557,  1.642): ** (17)
[ 1.642,  1.727): * (11)
[ 1.727,  1.813): * (2)
[ 1.813,  1.898): * (2)
[ 1.898,  1.983]: * (2)
