[WARNING STA-0503] report_checks -group_count is deprecated. Use -group_path_count instead.
Startpoint: rv32_soc/count_cycle[63]$_SDFF_PN0_
            (rising edge-triggered flip-flop clocked by clk0)
Endpoint: rv32_soc/count_cycle[63]$_SDFF_PN0_
          (rising edge-triggered flip-flop clocked by clk0)
Path Group: clk0
Path Type: min
Corner: fast

Fanout     Cap    Slew   Delay    Time   Description
-----------------------------------------------------------------------------
                          0.00    0.00   clock clk0 (rise edge)
                          1.01    1.01   clock network delay (propagated)
                  0.08    0.00    1.01 ^ rv32_soc/count_cycle[63]$_SDFF_PN0_/CLK (sky130_fd_sc_hd__dfxtp_2)
     3    0.01    0.04    0.22    1.23 ^ rv32_soc/count_cycle[63]$_SDFF_PN0_/Q (sky130_fd_sc_hd__dfxtp_2)
                                         rv32_soc/count_cycle[63] (net)
                  0.04    0.00    1.23 ^ _8522_/A1 (sky130_fd_sc_hd__a21oi_1)
     1    0.00    0.02    0.04    1.27 v _8522_/Y (sky130_fd_sc_hd__a21oi_1)
                                         _0334_ (net)
                  0.02    0.00    1.27 v rv32_soc/count_cycle[63]$_SDFF_PN0_/D (sky130_fd_sc_hd__dfxtp_2)
                                  1.27   data arrival time

                          0.00    0.00   clock clk0 (rise edge)
                          1.01    1.01   clock network delay (propagated)
                          0.00    1.01   clock reconvergence pessimism
                                  1.01 ^ rv32_soc/count_cycle[63]$_SDFF_PN0_/CLK (sky130_fd_sc_hd__dfxtp_2)
                         -0.02    0.99   library hold time
                                  0.99   data required time
-----------------------------------------------------------------------------
                                  0.99   data required time
                                 -1.27   data arrival time
-----------------------------------------------------------------------------
                                  0.28   slack (MET)


Startpoint: rv32_soc/count_instr[63]$_SDFFE_PN0P_
            (rising edge-triggered flip-flop clocked by clk0)
Endpoint: rv32_soc/count_instr[63]$_SDFFE_PN0P_
          (rising edge-triggered flip-flop clocked by clk0)
Path Group: clk0
Path Type: min
Corner: fast

Fanout     Cap    Slew   Delay    Time   Description
-----------------------------------------------------------------------------
                          0.00    0.00   clock clk0 (rise edge)
                          1.01    1.01   clock network delay (propagated)
                  0.08    0.00    1.01 ^ rv32_soc/count_instr[63]$_SDFFE_PN0P_/CLK (sky130_fd_sc_hd__dfxtp_2)
     3    0.01    0.04    0.22    1.23 ^ rv32_soc/count_instr[63]$_SDFFE_PN0P_/Q (sky130_fd_sc_hd__dfxtp_2)
                                         rv32_soc/count_instr[63] (net)
                  0.04    0.00    1.23 ^ _7911_/A1 (sky130_fd_sc_hd__a21oi_1)
     1    0.00    0.02    0.04    1.27 v _7911_/Y (sky130_fd_sc_hd__a21oi_1)
                                         _0208_ (net)
                  0.02    0.00    1.27 v rv32_soc/count_instr[63]$_SDFFE_PN0P_/D (sky130_fd_sc_hd__dfxtp_2)
                                  1.27   data arrival time

                          0.00    0.00   clock clk0 (rise edge)
                          1.01    1.01   clock network delay (propagated)
                          0.00    1.01   clock reconvergence pessimism
                                  1.01 ^ rv32_soc/count_instr[63]$_SDFFE_PN0P_/CLK (sky130_fd_sc_hd__dfxtp_2)
                         -0.02    0.99   library hold time
                                  0.99   data required time
-----------------------------------------------------------------------------
                                  0.99   data required time
                                 -1.27   data arrival time
-----------------------------------------------------------------------------
                                  0.28   slack (MET)


Startpoint: rv32_soc/count_cycle[0]$_SDFF_PN0_
            (rising edge-triggered flip-flop clocked by clk0)
Endpoint: rv32_soc/count_cycle[0]$_SDFF_PN0_
          (rising edge-triggered flip-flop clocked by clk0)
Path Group: clk0
Path Type: min
Corner: fast

Fanout     Cap    Slew   Delay    Time   Description
-----------------------------------------------------------------------------
                          0.00    0.00   clock clk0 (rise edge)
                          1.01    1.01   clock network delay (propagated)
                  0.09    0.00    1.01 ^ rv32_soc/count_cycle[0]$_SDFF_PN0_/CLK (sky130_fd_sc_hd__dfxtp_2)
     4    0.01    0.06    0.24    1.25 ^ rv32_soc/count_cycle[0]$_SDFF_PN0_/Q (sky130_fd_sc_hd__dfxtp_2)
                                         rv32_soc/count_cycle[0] (net)
                  0.06    0.00    1.25 ^ _8321_/A (sky130_fd_sc_hd__nor2b_1)
     1    0.00    0.03    0.03    1.28 v _8321_/Y (sky130_fd_sc_hd__nor2b_1)
                                         _0271_ (net)
                  0.03    0.00    1.28 v rv32_soc/count_cycle[0]$_SDFF_PN0_/D (sky130_fd_sc_hd__dfxtp_2)
                                  1.28   data arrival time

                          0.00    0.00   clock clk0 (rise edge)
                          1.01    1.01   clock network delay (propagated)
                          0.00    1.01   clock reconvergence pessimism
                                  1.01 ^ rv32_soc/count_cycle[0]$_SDFF_PN0_/CLK (sky130_fd_sc_hd__dfxtp_2)
                         -0.02    1.00   library hold time
                                  1.00   data required time
-----------------------------------------------------------------------------
                                  1.00   data required time
                                 -1.28   data arrival time
-----------------------------------------------------------------------------
                                  0.28   slack (MET)


Startpoint: rv32_soc/reg_sh[2]$_DFF_P_
            (rising edge-triggered flip-flop clocked by clk0)
Endpoint: rv32_soc/reg_sh[2]$_DFF_P_
          (rising edge-triggered flip-flop clocked by clk0)
Path Group: clk0
Path Type: min
Corner: fast

Fanout     Cap    Slew   Delay    Time   Description
-----------------------------------------------------------------------------
                          0.00    0.00   clock clk0 (rise edge)
                          1.02    1.02   clock network delay (propagated)
                  0.09    0.00    1.02 ^ rv32_soc/reg_sh[2]$_DFF_P_/CLK (sky130_fd_sc_hd__dfxtp_2)
     3    0.01    0.05    0.23    1.25 ^ rv32_soc/reg_sh[2]$_DFF_P_/Q (sky130_fd_sc_hd__dfxtp_2)
                                         rv32_soc/reg_sh[2] (net)
                  0.05    0.00    1.25 ^ _7394_/B2 (sky130_fd_sc_hd__o2bb2ai_1)
     1    0.00    0.02    0.04    1.29 v _7394_/Y (sky130_fd_sc_hd__o2bb2ai_1)
                                         _0045_ (net)
                  0.02    0.00    1.29 v rv32_soc/reg_sh[2]$_DFF_P_/D (sky130_fd_sc_hd__dfxtp_2)
                                  1.29   data arrival time

                          0.00    0.00   clock clk0 (rise edge)
                          1.02    1.02   clock network delay (propagated)
                          0.00    1.02   clock reconvergence pessimism
                                  1.02 ^ rv32_soc/reg_sh[2]$_DFF_P_/CLK (sky130_fd_sc_hd__dfxtp_2)
                         -0.01    1.00   library hold time
                                  1.00   data required time
-----------------------------------------------------------------------------
                                  1.00   data required time
                                 -1.29   data arrival time
-----------------------------------------------------------------------------
                                  0.29   slack (MET)


Startpoint: rv32_soc/mem_wordsize[0]$_DFF_P_
            (rising edge-triggered flip-flop clocked by clk0)
Endpoint: rv32_soc/mem_wordsize[0]$_DFF_P_
          (rising edge-triggered flip-flop clocked by clk0)
Path Group: clk0
Path Type: min
Corner: fast

Fanout     Cap    Slew   Delay    Time   Description
-----------------------------------------------------------------------------
                          0.00    0.00   clock clk0 (rise edge)
                          1.02    1.02   clock network delay (propagated)
                  0.09    0.00    1.02 ^ rv32_soc/mem_wordsize[0]$_DFF_P_/CLK (sky130_fd_sc_hd__dfxtp_2)
     2    0.01    0.03    0.22    1.23 ^ rv32_soc/mem_wordsize[0]$_DFF_P_/Q (sky130_fd_sc_hd__dfxtp_2)
                                         rv32_soc/mem_wordsize[0] (net)
                  0.03    0.00    1.23 ^ _4890_/A (sky130_fd_sc_hd__nand2_1)
     1    0.00    0.03    0.03    1.26 v _4890_/Y (sky130_fd_sc_hd__nand2_1)
                                         _0494_ (net)
                  0.03    0.00    1.26 v _4894_/A (sky130_fd_sc_hd__nand2_1)
     1    0.00    0.02    0.03    1.29 ^ _4894_/Y (sky130_fd_sc_hd__nand2_1)
                                         _0017_ (net)
                  0.02    0.00    1.29 ^ rv32_soc/mem_wordsize[0]$_DFF_P_/D (sky130_fd_sc_hd__dfxtp_2)
                                  1.29   data arrival time

                          0.00    0.00   clock clk0 (rise edge)
                          1.02    1.02   clock network delay (propagated)
                          0.00    1.02   clock reconvergence pessimism
                                  1.02 ^ rv32_soc/mem_wordsize[0]$_DFF_P_/CLK (sky130_fd_sc_hd__dfxtp_2)
                         -0.02    1.00   library hold time
                                  1.00   data required time
-----------------------------------------------------------------------------
                                  1.00   data required time
                                 -1.29   data arrival time
-----------------------------------------------------------------------------
                                  0.29   slack (MET)


Startpoint: rv32_soc/reg_next_pc[23]$_SDFFE_PN0P_
            (rising edge-triggered flip-flop clocked by clk0)
Endpoint: rv32_soc/reg_next_pc[23]$_SDFFE_PN0P_
          (rising edge-triggered flip-flop clocked by clk0)
Path Group: clk0
Path Type: min
Corner: fast

Fanout     Cap    Slew   Delay    Time   Description
-----------------------------------------------------------------------------
                          0.00    0.00   clock clk0 (rise edge)
                          1.02    1.02   clock network delay (propagated)
                  0.07    0.00    1.02 ^ rv32_soc/reg_next_pc[23]$_SDFFE_PN0P_/CLK (sky130_fd_sc_hd__dfxtp_1)
     2    0.01    0.05    0.22    1.24 ^ rv32_soc/reg_next_pc[23]$_SDFFE_PN0P_/Q (sky130_fd_sc_hd__dfxtp_1)
                                         rv32_soc/reg_next_pc[23] (net)
                  0.05    0.00    1.24 ^ _8217_/A (sky130_fd_sc_hd__nand2_1)
     1    0.00    0.03    0.03    1.27 v _8217_/Y (sky130_fd_sc_hd__nand2_1)
                                         _3385_ (net)
                  0.03    0.00    1.27 v _8229_/A (sky130_fd_sc_hd__nand2_1)
     1    0.00    0.02    0.03    1.30 ^ _8229_/Y (sky130_fd_sc_hd__nand2_1)
                                         _0262_ (net)
                  0.02    0.00    1.30 ^ rv32_soc/reg_next_pc[23]$_SDFFE_PN0P_/D (sky130_fd_sc_hd__dfxtp_1)
                                  1.30   data arrival time

                          0.00    0.00   clock clk0 (rise edge)
                          1.02    1.02   clock network delay (propagated)
                          0.00    1.02   clock reconvergence pessimism
                                  1.02 ^ rv32_soc/reg_next_pc[23]$_SDFFE_PN0P_/CLK (sky130_fd_sc_hd__dfxtp_1)
                         -0.02    1.01   library hold time
                                  1.01   data required time
-----------------------------------------------------------------------------
                                  1.01   data required time
                                 -1.30   data arrival time
-----------------------------------------------------------------------------
                                  0.29   slack (MET)


Startpoint: rv32_soc/reg_next_pc[21]$_SDFFE_PN0P_
            (rising edge-triggered flip-flop clocked by clk0)
Endpoint: rv32_soc/reg_next_pc[21]$_SDFFE_PN0P_
          (rising edge-triggered flip-flop clocked by clk0)
Path Group: clk0
Path Type: min
Corner: fast

Fanout     Cap    Slew   Delay    Time   Description
-----------------------------------------------------------------------------
                          0.00    0.00   clock clk0 (rise edge)
                          1.02    1.02   clock network delay (propagated)
                  0.07    0.00    1.02 ^ rv32_soc/reg_next_pc[21]$_SDFFE_PN0P_/CLK (sky130_fd_sc_hd__dfxtp_1)
     2    0.01    0.05    0.21    1.24 ^ rv32_soc/reg_next_pc[21]$_SDFFE_PN0P_/Q (sky130_fd_sc_hd__dfxtp_1)
                                         rv32_soc/reg_next_pc[21] (net)
                  0.05    0.00    1.24 ^ _8193_/A (sky130_fd_sc_hd__nand2_1)
     1    0.00    0.03    0.03    1.27 v _8193_/Y (sky130_fd_sc_hd__nand2_1)
                                         _3363_ (net)
                  0.03    0.00    1.27 v _8205_/A (sky130_fd_sc_hd__nand2_1)
     1    0.00    0.02    0.03    1.30 ^ _8205_/Y (sky130_fd_sc_hd__nand2_1)
                                         _0260_ (net)
                  0.02    0.00    1.30 ^ rv32_soc/reg_next_pc[21]$_SDFFE_PN0P_/D (sky130_fd_sc_hd__dfxtp_1)
                                  1.30   data arrival time

                          0.00    0.00   clock clk0 (rise edge)
                          1.02    1.02   clock network delay (propagated)
                          0.00    1.02   clock reconvergence pessimism
                                  1.02 ^ rv32_soc/reg_next_pc[21]$_SDFFE_PN0P_/CLK (sky130_fd_sc_hd__dfxtp_1)
                         -0.02    1.00   library hold time
                                  1.00   data required time
-----------------------------------------------------------------------------
                                  1.00   data required time
                                 -1.30   data arrival time
-----------------------------------------------------------------------------
                                  0.29   slack (MET)


Startpoint: rv32_soc/count_cycle[4]$_SDFF_PN0_
            (rising edge-triggered flip-flop clocked by clk0)
Endpoint: rv32_soc/count_cycle[4]$_SDFF_PN0_
          (rising edge-triggered flip-flop clocked by clk0)
Path Group: clk0
Path Type: min
Corner: fast

Fanout     Cap    Slew   Delay    Time   Description
-----------------------------------------------------------------------------
                          0.00    0.00   clock clk0 (rise edge)
                          1.02    1.02   clock network delay (propagated)
                  0.09    0.00    1.02 ^ rv32_soc/count_cycle[4]$_SDFF_PN0_/CLK (sky130_fd_sc_hd__dfxtp_2)
     5    0.01    0.06    0.24    1.25 ^ rv32_soc/count_cycle[4]$_SDFF_PN0_/Q (sky130_fd_sc_hd__dfxtp_2)
                                         rv32_soc/count_cycle[4] (net)
                  0.06    0.00    1.25 ^ _8331_/A1 (sky130_fd_sc_hd__a21oi_1)
     1    0.00    0.02    0.04    1.29 v _8331_/Y (sky130_fd_sc_hd__a21oi_1)
                                         _0275_ (net)
                  0.02    0.00    1.29 v rv32_soc/count_cycle[4]$_SDFF_PN0_/D (sky130_fd_sc_hd__dfxtp_2)
                                  1.29   data arrival time

                          0.00    0.00   clock clk0 (rise edge)
                          1.02    1.02   clock network delay (propagated)
                          0.00    1.02   clock reconvergence pessimism
                                  1.02 ^ rv32_soc/count_cycle[4]$_SDFF_PN0_/CLK (sky130_fd_sc_hd__dfxtp_2)
                         -0.02    1.00   library hold time
                                  1.00   data required time
-----------------------------------------------------------------------------
                                  1.00   data required time
                                 -1.29   data arrival time
-----------------------------------------------------------------------------
                                  0.29   slack (MET)


Startpoint: rv32_soc/reg_next_pc[20]$_SDFFE_PN0P_
            (rising edge-triggered flip-flop clocked by clk0)
Endpoint: rv32_soc/reg_next_pc[20]$_SDFFE_PN0P_
          (rising edge-triggered flip-flop clocked by clk0)
Path Group: clk0
Path Type: min
Corner: fast

Fanout     Cap    Slew   Delay    Time   Description
-----------------------------------------------------------------------------
                          0.00    0.00   clock clk0 (rise edge)
                          1.02    1.02   clock network delay (propagated)
                  0.08    0.00    1.02 ^ rv32_soc/reg_next_pc[20]$_SDFFE_PN0P_/CLK (sky130_fd_sc_hd__dfxtp_1)
     2    0.01    0.05    0.22    1.24 ^ rv32_soc/reg_next_pc[20]$_SDFFE_PN0P_/Q (sky130_fd_sc_hd__dfxtp_1)
                                         rv32_soc/reg_next_pc[20] (net)
                  0.05    0.00    1.24 ^ _8183_/A (sky130_fd_sc_hd__nand2_1)
     1    0.00    0.03    0.03    1.27 v _8183_/Y (sky130_fd_sc_hd__nand2_1)
                                         _3354_ (net)
                  0.03    0.00    1.27 v _8192_/A (sky130_fd_sc_hd__nand2_1)
     1    0.00    0.02    0.03    1.30 ^ _8192_/Y (sky130_fd_sc_hd__nand2_1)
                                         _0259_ (net)
                  0.02    0.00    1.30 ^ rv32_soc/reg_next_pc[20]$_SDFFE_PN0P_/D (sky130_fd_sc_hd__dfxtp_1)
                                  1.30   data arrival time

                          0.00    0.00   clock clk0 (rise edge)
                          1.02    1.02   clock network delay (propagated)
                          0.00    1.02   clock reconvergence pessimism
                                  1.02 ^ rv32_soc/reg_next_pc[20]$_SDFFE_PN0P_/CLK (sky130_fd_sc_hd__dfxtp_1)
                         -0.02    1.01   library hold time
                                  1.01   data required time
-----------------------------------------------------------------------------
                                  1.01   data required time
                                 -1.30   data arrival time
-----------------------------------------------------------------------------
                                  0.29   slack (MET)


Startpoint: rv32_soc/reg_next_pc[25]$_SDFFE_PN0P_
            (rising edge-triggered flip-flop clocked by clk0)
Endpoint: rv32_soc/reg_next_pc[25]$_SDFFE_PN0P_
          (rising edge-triggered flip-flop clocked by clk0)
Path Group: clk0
Path Type: min
Corner: fast

Fanout     Cap    Slew   Delay    Time   Description
-----------------------------------------------------------------------------
                          0.00    0.00   clock clk0 (rise edge)
                          1.02    1.02   clock network delay (propagated)
                  0.07    0.00    1.02 ^ rv32_soc/reg_next_pc[25]$_SDFFE_PN0P_/CLK (sky130_fd_sc_hd__dfxtp_2)
     2    0.01    0.03    0.21    1.24 ^ rv32_soc/reg_next_pc[25]$_SDFFE_PN0P_/Q (sky130_fd_sc_hd__dfxtp_2)
                                         rv32_soc/reg_next_pc[25] (net)
                  0.03    0.00    1.24 ^ _8250_/B2 (sky130_fd_sc_hd__a32o_1)
     1    0.00    0.03    0.06    1.30 ^ _8250_/X (sky130_fd_sc_hd__a32o_1)
                                         _0264_ (net)
                  0.03    0.00    1.30 ^ rv32_soc/reg_next_pc[25]$_SDFFE_PN0P_/D (sky130_fd_sc_hd__dfxtp_2)
                                  1.30   data arrival time

                          0.00    0.00   clock clk0 (rise edge)
                          1.02    1.02   clock network delay (propagated)
                          0.00    1.02   clock reconvergence pessimism
                                  1.02 ^ rv32_soc/reg_next_pc[25]$_SDFFE_PN0P_/CLK (sky130_fd_sc_hd__dfxtp_2)
                         -0.02    1.01   library hold time
                                  1.01   data required time
-----------------------------------------------------------------------------
                                  1.01   data required time
                                 -1.30   data arrival time
-----------------------------------------------------------------------------
                                  0.29   slack (MET)


