[-13.624, -11.811): * (5)
[-11.811, -9.999): * (3)
[-9.999, -8.186): * (2)
[-8.186, -6.373): * (1)
[-6.373, -4.560): * (7)
[-4.560, -2.748): * (6)
[-2.748, -0.935): * (11)
[-0.935,  0.878): * (12)
[ 0.878,  2.690): * (19)
[ 2.690,  4.503): ** (26)
[ 4.503,  6.316): **** (65)
[ 6.316,  8.129): ***************** (255)
[ 8.129,  9.941): **************************** (428)
[ 9.941, 11.754): ************************************************** (761)
[11.754, 13.567): *************************** (404)
[13.567, 15.379): *************************** (418)
[15.379, 17.192): ********** (150)
[17.192, 19.005): ******* (100)
[19.005, 20.818): ****** (85)
[20.818, 22.630]: * (8)
