Startpoint: mem_la_wdata[3]$_DFFE_PP_
            (rising edge-triggered flip-flop clocked by clk0)
Endpoint: rv32_soc/alu_out_q[0]$_DFF_P_
          (rising edge-triggered flip-flop clocked by clk0)
Path Group: clk0
Path Type: max
Corner: slow

Fanout     Cap    Slew   Delay    Time   Description
-----------------------------------------------------------------------------
                          0.00    0.00   clock clk0 (rise edge)
                          0.00    0.00   clock source latency
     2    0.06    2.71    2.00    2.00 ^ clk (in)
                                         clk (net)
                  2.71    0.00    2.00 ^ clkbuf_regs_0_clk0/A (sky130_fd_sc_hd__clkbuf_16)
     1    0.01    0.12    1.54    3.55 ^ clkbuf_regs_0_clk0/X (sky130_fd_sc_hd__clkbuf_16)
                                         clk_regs (net)
                  0.12    0.00    3.55 ^ clkbuf_0_clk_regs/A (sky130_fd_sc_hd__clkbuf_16)
     2    0.02    0.12    0.35    3.90 ^ clkbuf_0_clk_regs/X (sky130_fd_sc_hd__clkbuf_16)
                                         clknet_0_clk_regs (net)
                  0.12    0.00    3.90 ^ clkbuf_1_1_0_clk_regs/A (sky130_fd_sc_hd__clkbuf_16)
     2    0.02    0.14    0.37    4.27 ^ clkbuf_1_1_0_clk_regs/X (sky130_fd_sc_hd__clkbuf_16)
                                         clknet_1_1_0_clk_regs (net)
                  0.14    0.00    4.27 ^ clkbuf_2_2_0_clk_regs/A (sky130_fd_sc_hd__clkbuf_16)
     2    0.02    0.13    0.38    4.65 ^ clkbuf_2_2_0_clk_regs/X (sky130_fd_sc_hd__clkbuf_16)
                                         clknet_2_2_0_clk_regs (net)
                  0.13    0.00    4.65 ^ clkbuf_3_4__f_clk_regs/A (sky130_fd_sc_hd__clkbuf_16)
     7    0.06    0.29    0.50    5.14 ^ clkbuf_3_4__f_clk_regs/X (sky130_fd_sc_hd__clkbuf_16)
                                         clknet_3_4__leaf_clk_regs (net)
                  0.29    0.00    5.14 ^ clkbuf_leaf_46_clk_regs/A (sky130_fd_sc_hd__clkbuf_16)
    30    0.08    0.34    0.63    5.77 ^ clkbuf_leaf_46_clk_regs/X (sky130_fd_sc_hd__clkbuf_16)
                                         clknet_leaf_46_clk_regs (net)
                  0.34    0.00    5.77 ^ mem_la_wdata[3]$_DFFE_PP_/CLK (sky130_fd_sc_hd__edfxtp_1)
     6    0.12    3.83    3.89    9.66 ^ mem_la_wdata[3]$_DFFE_PP_/Q (sky130_fd_sc_hd__edfxtp_1)
                                         mem_la_wdata[3] (net)
                  3.83    0.00    9.67 ^ _7532_/A (sky130_fd_sc_hd__clkinv_1)
     3    0.01    0.76    2.10   11.76 v _7532_/Y (sky130_fd_sc_hd__clkinv_1)
                                         _4407_ (net)
                  0.76    0.00   11.76 v _9379_/A (sky130_fd_sc_hd__ha_1)
     8    0.04    1.12    2.26   14.02 ^ _9379_/SUM (sky130_fd_sc_hd__ha_1)
                                         _4410_ (net)
                  1.12    0.00   14.02 ^ _7420_/C (sky130_fd_sc_hd__nor3_1)
     1    0.00    0.20    0.56   14.59 v _7420_/Y (sky130_fd_sc_hd__nor3_1)
                                         _2789_ (net)
                  0.20    0.00   14.59 v _7422_/B (sky130_fd_sc_hd__nor3_2)
     2    0.01    0.73    0.88   15.46 ^ _7422_/Y (sky130_fd_sc_hd__nor3_2)
                                         _2791_ (net)
                  0.73    0.00   15.46 ^ _7423_/C (sky130_fd_sc_hd__nor3_1)
     1    0.01    0.18    0.42   15.89 v _7423_/Y (sky130_fd_sc_hd__nor3_1)
                                         _2792_ (net)
                  0.18    0.00   15.89 v _7425_/B (sky130_fd_sc_hd__nor3_2)
     2    0.01    0.65    0.81   16.69 ^ _7425_/Y (sky130_fd_sc_hd__nor3_2)
                                         _2794_ (net)
                  0.65    0.00   16.70 ^ _7426_/B (sky130_fd_sc_hd__nor2_1)
     1    0.00    0.13    0.36   17.06 v _7426_/Y (sky130_fd_sc_hd__nor2_1)
                                         _2795_ (net)
                  0.13    0.00   17.06 v _7427_/B (sky130_fd_sc_hd__nor2_1)
     1    0.01    0.46    0.48   17.54 ^ _7427_/Y (sky130_fd_sc_hd__nor2_1)
                                         _2796_ (net)
                  0.46    0.00   17.54 ^ _7428_/A2 (sky130_fd_sc_hd__o21bai_2)
     2    0.01    0.17    0.35   17.89 v _7428_/Y (sky130_fd_sc_hd__o21bai_2)
                                         _2797_ (net)
                  0.17    0.00   17.89 v _7431_/B1 (sky130_fd_sc_hd__a221oi_1)
     2    0.01    1.71    1.65   19.54 ^ _7431_/Y (sky130_fd_sc_hd__a221oi_1)
                                         _2800_ (net)
                  1.71    0.00   19.54 ^ _7434_/A3 (sky130_fd_sc_hd__o31ai_1)
     2    0.01    0.25    0.89   20.43 v _7434_/Y (sky130_fd_sc_hd__o31ai_1)
                                         _2803_ (net)
                  0.25    0.00   20.43 v _7435_/A2 (sky130_fd_sc_hd__a21oi_1)
     1    0.00    0.36    0.58   21.01 ^ _7435_/Y (sky130_fd_sc_hd__a21oi_1)
                                         _2804_ (net)
                  0.36    0.00   21.01 ^ _7436_/B1 (sky130_fd_sc_hd__o21ai_0)
     2    0.01    0.26    0.42   21.42 v _7436_/Y (sky130_fd_sc_hd__o21ai_0)
                                         _2805_ (net)
                  0.26    0.00   21.42 v _7437_/B2 (sky130_fd_sc_hd__a221oi_1)
     2    0.01    2.25    2.28   23.70 ^ _7437_/Y (sky130_fd_sc_hd__a221oi_1)
                                         _2806_ (net)
                  2.25    0.00   23.70 ^ _7440_/A3 (sky130_fd_sc_hd__o31ai_1)
     2    0.01    0.31    1.12   24.82 v _7440_/Y (sky130_fd_sc_hd__o31ai_1)
                                         _2809_ (net)
                  0.31    0.00   24.82 v _7441_/B2 (sky130_fd_sc_hd__a221oi_1)
     2    0.01    1.45    1.68   26.50 ^ _7441_/Y (sky130_fd_sc_hd__a221oi_1)
                                         _2810_ (net)
                  1.45    0.00   26.50 ^ _7442_/C (sky130_fd_sc_hd__nor3_1)
     1    0.00    0.22    0.63   27.13 v _7442_/Y (sky130_fd_sc_hd__nor3_1)
                                         _2811_ (net)
                  0.22    0.00   27.13 v _7443_/C (sky130_fd_sc_hd__nor3_1)
     2    0.01    1.03    0.99   28.12 ^ _7443_/Y (sky130_fd_sc_hd__nor3_1)
                                         _2812_ (net)
                  1.03    0.00   28.12 ^ _7446_/A3 (sky130_fd_sc_hd__o31ai_1)
     2    0.01    0.19    0.64   28.76 v _7446_/Y (sky130_fd_sc_hd__o31ai_1)
                                         _2815_ (net)
                  0.19    0.00   28.76 v _7448_/B1 (sky130_fd_sc_hd__a221o_1)
     2    0.01    0.18    1.36   30.11 v _7448_/X (sky130_fd_sc_hd__a221o_1)
                                         _2817_ (net)
                  0.18    0.00   30.11 v _7449_/B2 (sky130_fd_sc_hd__a221oi_1)
     3    0.01    1.93    1.98   32.09 ^ _7449_/Y (sky130_fd_sc_hd__a221oi_1)
                                         _2818_ (net)
                  1.93    0.00   32.09 ^ _7454_/A2 (sky130_fd_sc_hd__o21ai_0)
     1    0.00    0.23    0.93   33.02 v _7454_/Y (sky130_fd_sc_hd__o21ai_0)
                                         _2823_ (net)
                  0.23    0.00   33.02 v _7456_/A2 (sky130_fd_sc_hd__o21ai_0)
     3    0.04    4.64    3.81   36.84 ^ _7456_/Y (sky130_fd_sc_hd__o21ai_0)
                                         _2825_ (net)
                  4.64    0.00   36.84 ^ _7472_/A2 (sky130_fd_sc_hd__o21ai_0)
     1    0.04    1.28    3.15   39.99 v _7472_/Y (sky130_fd_sc_hd__o21ai_0)
                                         _2841_ (net)
                  1.28    0.00   39.99 v _7473_/S (sky130_fd_sc_hd__mux2i_1)
     1    0.01    1.13    1.66   41.65 ^ _7473_/Y (sky130_fd_sc_hd__mux2i_1)
                                         _2842_ (net)
                  1.13    0.00   41.65 ^ _7474_/B (sky130_fd_sc_hd__nand2_4)
     3    0.01    0.15    0.56   42.22 v _7474_/Y (sky130_fd_sc_hd__nand2_4)
                                         _2843_ (net)
                  0.15    0.00   42.22 v _8825_/A2 (sky130_fd_sc_hd__a221o_1)
     1    0.00    0.14    1.49   43.71 v _8825_/X (sky130_fd_sc_hd__a221o_1)
                                         rv32_soc/alu_out[0] (net)
                  0.14    0.00   43.71 v rv32_soc/alu_out_q[0]$_DFF_P_/D (sky130_fd_sc_hd__dfxtp_2)
                                 43.71   data arrival time

                         25.00   25.00   clock clk0 (rise edge)
                          0.00   25.00   clock source latency
     2    0.06    2.71    2.00   27.00 ^ clk (in)
                                         clk (net)
                  2.71    0.00   27.00 ^ clkbuf_regs_0_clk0/A (sky130_fd_sc_hd__clkbuf_16)
     1    0.01    0.12    1.54   28.55 ^ clkbuf_regs_0_clk0/X (sky130_fd_sc_hd__clkbuf_16)
                                         clk_regs (net)
                  0.12    0.00   28.55 ^ clkbuf_0_clk_regs/A (sky130_fd_sc_hd__clkbuf_16)
     2    0.02    0.12    0.35   28.90 ^ clkbuf_0_clk_regs/X (sky130_fd_sc_hd__clkbuf_16)
                                         clknet_0_clk_regs (net)
                  0.12    0.00   28.90 ^ clkbuf_1_1_0_clk_regs/A (sky130_fd_sc_hd__clkbuf_16)
     2    0.02    0.14    0.37   29.27 ^ clkbuf_1_1_0_clk_regs/X (sky130_fd_sc_hd__clkbuf_16)
                                         clknet_1_1_0_clk_regs (net)
                  0.14    0.00   29.27 ^ clkbuf_2_2_0_clk_regs/A (sky130_fd_sc_hd__clkbuf_16)
     2    0.02    0.13    0.38   29.65 ^ clkbuf_2_2_0_clk_regs/X (sky130_fd_sc_hd__clkbuf_16)
                                         clknet_2_2_0_clk_regs (net)
                  0.13    0.00   29.65 ^ clkbuf_3_5__f_clk_regs/A (sky130_fd_sc_hd__clkbuf_16)
     7    0.06    0.29    0.49   30.14 ^ clkbuf_3_5__f_clk_regs/X (sky130_fd_sc_hd__clkbuf_16)
                                         clknet_3_5__leaf_clk_regs (net)
                  0.29    0.00   30.14 ^ clkbuf_leaf_42_clk_regs/A (sky130_fd_sc_hd__clkbuf_16)
    30    0.09    0.37    0.65   30.79 ^ clkbuf_leaf_42_clk_regs/X (sky130_fd_sc_hd__clkbuf_16)
                                         clknet_leaf_42_clk_regs (net)
                  0.37    0.00   30.79 ^ rv32_soc/alu_out_q[0]$_DFF_P_/CLK (sky130_fd_sc_hd__dfxtp_2)
                          0.00   30.79   clock reconvergence pessimism
                         -0.70   30.08   library setup time
                                 30.08   data required time
-----------------------------------------------------------------------------
                                 30.08   data required time
                                -43.71   data arrival time
-----------------------------------------------------------------------------
                                -13.62   slack (VIOLATED)


