[WARNING STA-0503] report_checks -group_count is deprecated. Use -group_path_count instead.
Startpoint: mem_la_wdata[3]$_DFFE_PP_
            (rising edge-triggered flip-flop clocked by clk0)
Endpoint: rv32_soc/alu_out_q[0]$_DFF_P_
          (rising edge-triggered flip-flop clocked by clk0)
Path Group: clk0
Path Type: max
Corner: slow

Fanout     Cap    Slew   Delay    Time   Description
-----------------------------------------------------------------------------
                          0.00    0.00   clock clk0 (rise edge)
                          5.77    5.77   clock network delay (propagated)
                  0.34    0.00    5.77 ^ mem_la_wdata[3]$_DFFE_PP_/CLK (sky130_fd_sc_hd__edfxtp_1)
     6    0.12    3.83    3.89    9.66 ^ mem_la_wdata[3]$_DFFE_PP_/Q (sky130_fd_sc_hd__edfxtp_1)
                                         mem_la_wdata[3] (net)
                  3.83    0.00    9.67 ^ _7532_/A (sky130_fd_sc_hd__clkinv_1)
     3    0.01    0.76    2.10   11.76 v _7532_/Y (sky130_fd_sc_hd__clkinv_1)
                                         _4407_ (net)
                  0.76    0.00   11.76 v _9379_/A (sky130_fd_sc_hd__ha_1)
     8    0.04    1.12    2.26   14.02 ^ _9379_/SUM (sky130_fd_sc_hd__ha_1)
                                         _4410_ (net)
                  1.12    0.00   14.02 ^ _7420_/C (sky130_fd_sc_hd__nor3_1)
     1    0.00    0.20    0.56   14.59 v _7420_/Y (sky130_fd_sc_hd__nor3_1)
                                         _2789_ (net)
                  0.20    0.00   14.59 v _7422_/B (sky130_fd_sc_hd__nor3_2)
     2    0.01    0.73    0.88   15.46 ^ _7422_/Y (sky130_fd_sc_hd__nor3_2)
                                         _2791_ (net)
                  0.73    0.00   15.46 ^ _7423_/C (sky130_fd_sc_hd__nor3_1)
     1    0.01    0.18    0.42   15.89 v _7423_/Y (sky130_fd_sc_hd__nor3_1)
                                         _2792_ (net)
                  0.18    0.00   15.89 v _7425_/B (sky130_fd_sc_hd__nor3_2)
     2    0.01    0.65    0.81   16.69 ^ _7425_/Y (sky130_fd_sc_hd__nor3_2)
                                         _2794_ (net)
                  0.65    0.00   16.70 ^ _7426_/B (sky130_fd_sc_hd__nor2_1)
     1    0.00    0.13    0.36   17.06 v _7426_/Y (sky130_fd_sc_hd__nor2_1)
                                         _2795_ (net)
                  0.13    0.00   17.06 v _7427_/B (sky130_fd_sc_hd__nor2_1)
     1    0.01    0.46    0.48   17.54 ^ _7427_/Y (sky130_fd_sc_hd__nor2_1)
                                         _2796_ (net)
                  0.46    0.00   17.54 ^ _7428_/A2 (sky130_fd_sc_hd__o21bai_2)
     2    0.01    0.17    0.35   17.89 v _7428_/Y (sky130_fd_sc_hd__o21bai_2)
                                         _2797_ (net)
                  0.17    0.00   17.89 v _7431_/B1 (sky130_fd_sc_hd__a221oi_1)
     2    0.01    1.71    1.65   19.54 ^ _7431_/Y (sky130_fd_sc_hd__a221oi_1)
                                         _2800_ (net)
                  1.71    0.00   19.54 ^ _7434_/A3 (sky130_fd_sc_hd__o31ai_1)
     2    0.01    0.25    0.89   20.43 v _7434_/Y (sky130_fd_sc_hd__o31ai_1)
                                         _2803_ (net)
                  0.25    0.00   20.43 v _7435_/A2 (sky130_fd_sc_hd__a21oi_1)
     1    0.00    0.36    0.58   21.01 ^ _7435_/Y (sky130_fd_sc_hd__a21oi_1)
                                         _2804_ (net)
                  0.36    0.00   21.01 ^ _7436_/B1 (sky130_fd_sc_hd__o21ai_0)
     2    0.01    0.26    0.42   21.42 v _7436_/Y (sky130_fd_sc_hd__o21ai_0)
                                         _2805_ (net)
                  0.26    0.00   21.42 v _7437_/B2 (sky130_fd_sc_hd__a221oi_1)
     2    0.01    2.25    2.28   23.70 ^ _7437_/Y (sky130_fd_sc_hd__a221oi_1)
                                         _2806_ (net)
                  2.25    0.00   23.70 ^ _7440_/A3 (sky130_fd_sc_hd__o31ai_1)
     2    0.01    0.31    1.12   24.82 v _7440_/Y (sky130_fd_sc_hd__o31ai_1)
                                         _2809_ (net)
                  0.31    0.00   24.82 v _7441_/B2 (sky130_fd_sc_hd__a221oi_1)
     2    0.01    1.45    1.68   26.50 ^ _7441_/Y (sky130_fd_sc_hd__a221oi_1)
                                         _2810_ (net)
                  1.45    0.00   26.50 ^ _7442_/C (sky130_fd_sc_hd__nor3_1)
     1    0.00    0.22    0.63   27.13 v _7442_/Y (sky130_fd_sc_hd__nor3_1)
                                         _2811_ (net)
                  0.22    0.00   27.13 v _7443_/C (sky130_fd_sc_hd__nor3_1)
     2    0.01    1.03    0.99   28.12 ^ _7443_/Y (sky130_fd_sc_hd__nor3_1)
                                         _2812_ (net)
                  1.03    0.00   28.12 ^ _7446_/A3 (sky130_fd_sc_hd__o31ai_1)
     2    0.01    0.19    0.64   28.76 v _7446_/Y (sky130_fd_sc_hd__o31ai_1)
                                         _2815_ (net)
                  0.19    0.00   28.76 v _7448_/B1 (sky130_fd_sc_hd__a221o_1)
     2    0.01    0.18    1.36   30.11 v _7448_/X (sky130_fd_sc_hd__a221o_1)
                                         _2817_ (net)
                  0.18    0.00   30.11 v _7449_/B2 (sky130_fd_sc_hd__a221oi_1)
     3    0.01    1.93    1.98   32.09 ^ _7449_/Y (sky130_fd_sc_hd__a221oi_1)
                                         _2818_ (net)
                  1.93    0.00   32.09 ^ _7454_/A2 (sky130_fd_sc_hd__o21ai_0)
     1    0.00    0.23    0.93   33.02 v _7454_/Y (sky130_fd_sc_hd__o21ai_0)
                                         _2823_ (net)
                  0.23    0.00   33.02 v _7456_/A2 (sky130_fd_sc_hd__o21ai_0)
     3    0.04    4.64    3.81   36.84 ^ _7456_/Y (sky130_fd_sc_hd__o21ai_0)
                                         _2825_ (net)
                  4.64    0.00   36.84 ^ _7472_/A2 (sky130_fd_sc_hd__o21ai_0)
     1    0.04    1.28    3.15   39.99 v _7472_/Y (sky130_fd_sc_hd__o21ai_0)
                                         _2841_ (net)
                  1.28    0.00   39.99 v _7473_/S (sky130_fd_sc_hd__mux2i_1)
     1    0.01    1.13    1.66   41.65 ^ _7473_/Y (sky130_fd_sc_hd__mux2i_1)
                                         _2842_ (net)
                  1.13    0.00   41.65 ^ _7474_/B (sky130_fd_sc_hd__nand2_4)
     3    0.01    0.15    0.56   42.22 v _7474_/Y (sky130_fd_sc_hd__nand2_4)
                                         _2843_ (net)
                  0.15    0.00   42.22 v _8825_/A2 (sky130_fd_sc_hd__a221o_1)
     1    0.00    0.14    1.49   43.71 v _8825_/X (sky130_fd_sc_hd__a221o_1)
                                         rv32_soc/alu_out[0] (net)
                  0.14    0.00   43.71 v rv32_soc/alu_out_q[0]$_DFF_P_/D (sky130_fd_sc_hd__dfxtp_2)
                                 43.71   data arrival time

                         25.00   25.00   clock clk0 (rise edge)
                          5.79   30.79   clock network delay (propagated)
                          0.00   30.79   clock reconvergence pessimism
                                 30.79 ^ rv32_soc/alu_out_q[0]$_DFF_P_/CLK (sky130_fd_sc_hd__dfxtp_2)
                         -0.70   30.08   library setup time
                                 30.08   data required time
-----------------------------------------------------------------------------
                                 30.08   data required time
                                -43.71   data arrival time
-----------------------------------------------------------------------------
                                -13.62   slack (VIOLATED)


Startpoint: mem_la_wdata[3]$_DFFE_PP_
            (rising edge-triggered flip-flop clocked by clk0)
Endpoint: rv32_soc/latched_branch$_SDFFE_PN0P_
          (rising edge-triggered flip-flop clocked by clk0)
Path Group: clk0
Path Type: max
Corner: slow

Fanout     Cap    Slew   Delay    Time   Description
-----------------------------------------------------------------------------
                          0.00    0.00   clock clk0 (rise edge)
                          5.77    5.77   clock network delay (propagated)
                  0.34    0.00    5.77 ^ mem_la_wdata[3]$_DFFE_PP_/CLK (sky130_fd_sc_hd__edfxtp_1)
     6    0.12    3.83    3.89    9.66 ^ mem_la_wdata[3]$_DFFE_PP_/Q (sky130_fd_sc_hd__edfxtp_1)
                                         mem_la_wdata[3] (net)
                  3.83    0.00    9.67 ^ _7532_/A (sky130_fd_sc_hd__clkinv_1)
     3    0.01    0.76    2.10   11.76 v _7532_/Y (sky130_fd_sc_hd__clkinv_1)
                                         _4407_ (net)
                  0.76    0.00   11.76 v _9379_/A (sky130_fd_sc_hd__ha_1)
     8    0.04    1.12    2.26   14.02 ^ _9379_/SUM (sky130_fd_sc_hd__ha_1)
                                         _4410_ (net)
                  1.12    0.00   14.02 ^ _7420_/C (sky130_fd_sc_hd__nor3_1)
     1    0.00    0.20    0.56   14.59 v _7420_/Y (sky130_fd_sc_hd__nor3_1)
                                         _2789_ (net)
                  0.20    0.00   14.59 v _7422_/B (sky130_fd_sc_hd__nor3_2)
     2    0.01    0.73    0.88   15.46 ^ _7422_/Y (sky130_fd_sc_hd__nor3_2)
                                         _2791_ (net)
                  0.73    0.00   15.46 ^ _7423_/C (sky130_fd_sc_hd__nor3_1)
     1    0.01    0.18    0.42   15.89 v _7423_/Y (sky130_fd_sc_hd__nor3_1)
                                         _2792_ (net)
                  0.18    0.00   15.89 v _7425_/B (sky130_fd_sc_hd__nor3_2)
     2    0.01    0.65    0.81   16.69 ^ _7425_/Y (sky130_fd_sc_hd__nor3_2)
                                         _2794_ (net)
                  0.65    0.00   16.70 ^ _7426_/B (sky130_fd_sc_hd__nor2_1)
     1    0.00    0.13    0.36   17.06 v _7426_/Y (sky130_fd_sc_hd__nor2_1)
                                         _2795_ (net)
                  0.13    0.00   17.06 v _7427_/B (sky130_fd_sc_hd__nor2_1)
     1    0.01    0.46    0.48   17.54 ^ _7427_/Y (sky130_fd_sc_hd__nor2_1)
                                         _2796_ (net)
                  0.46    0.00   17.54 ^ _7428_/A2 (sky130_fd_sc_hd__o21bai_2)
     2    0.01    0.17    0.35   17.89 v _7428_/Y (sky130_fd_sc_hd__o21bai_2)
                                         _2797_ (net)
                  0.17    0.00   17.89 v _7431_/B1 (sky130_fd_sc_hd__a221oi_1)
     2    0.01    1.71    1.65   19.54 ^ _7431_/Y (sky130_fd_sc_hd__a221oi_1)
                                         _2800_ (net)
                  1.71    0.00   19.54 ^ _7434_/A3 (sky130_fd_sc_hd__o31ai_1)
     2    0.01    0.25    0.89   20.43 v _7434_/Y (sky130_fd_sc_hd__o31ai_1)
                                         _2803_ (net)
                  0.25    0.00   20.43 v _7435_/A2 (sky130_fd_sc_hd__a21oi_1)
     1    0.00    0.36    0.58   21.01 ^ _7435_/Y (sky130_fd_sc_hd__a21oi_1)
                                         _2804_ (net)
                  0.36    0.00   21.01 ^ _7436_/B1 (sky130_fd_sc_hd__o21ai_0)
     2    0.01    0.26    0.42   21.42 v _7436_/Y (sky130_fd_sc_hd__o21ai_0)
                                         _2805_ (net)
                  0.26    0.00   21.42 v _7437_/B2 (sky130_fd_sc_hd__a221oi_1)
     2    0.01    2.25    2.28   23.70 ^ _7437_/Y (sky130_fd_sc_hd__a221oi_1)
                                         _2806_ (net)
                  2.25    0.00   23.70 ^ _7440_/A3 (sky130_fd_sc_hd__o31ai_1)
     2    0.01    0.31    1.12   24.82 v _7440_/Y (sky130_fd_sc_hd__o31ai_1)
                                         _2809_ (net)
                  0.31    0.00   24.82 v _7441_/B2 (sky130_fd_sc_hd__a221oi_1)
     2    0.01    1.45    1.68   26.50 ^ _7441_/Y (sky130_fd_sc_hd__a221oi_1)
                                         _2810_ (net)
                  1.45    0.00   26.50 ^ _7442_/C (sky130_fd_sc_hd__nor3_1)
     1    0.00    0.22    0.63   27.13 v _7442_/Y (sky130_fd_sc_hd__nor3_1)
                                         _2811_ (net)
                  0.22    0.00   27.13 v _7443_/C (sky130_fd_sc_hd__nor3_1)
     2    0.01    1.03    0.99   28.12 ^ _7443_/Y (sky130_fd_sc_hd__nor3_1)
                                         _2812_ (net)
                  1.03    0.00   28.12 ^ _7446_/A3 (sky130_fd_sc_hd__o31ai_1)
     2    0.01    0.19    0.64   28.76 v _7446_/Y (sky130_fd_sc_hd__o31ai_1)
                                         _2815_ (net)
                  0.19    0.00   28.76 v _7448_/B1 (sky130_fd_sc_hd__a221o_1)
     2    0.01    0.18    1.36   30.11 v _7448_/X (sky130_fd_sc_hd__a221o_1)
                                         _2817_ (net)
                  0.18    0.00   30.11 v _7449_/B2 (sky130_fd_sc_hd__a221oi_1)
     3    0.01    1.93    1.98   32.09 ^ _7449_/Y (sky130_fd_sc_hd__a221oi_1)
                                         _2818_ (net)
                  1.93    0.00   32.09 ^ _7454_/A2 (sky130_fd_sc_hd__o21ai_0)
     1    0.00    0.23    0.93   33.02 v _7454_/Y (sky130_fd_sc_hd__o21ai_0)
                                         _2823_ (net)
                  0.23    0.00   33.02 v _7456_/A2 (sky130_fd_sc_hd__o21ai_0)
     3    0.04    4.64    3.81   36.84 ^ _7456_/Y (sky130_fd_sc_hd__o21ai_0)
                                         _2825_ (net)
                  4.64    0.00   36.84 ^ _7472_/A2 (sky130_fd_sc_hd__o21ai_0)
     1    0.04    1.28    3.15   39.99 v _7472_/Y (sky130_fd_sc_hd__o21ai_0)
                                         _2841_ (net)
                  1.28    0.00   39.99 v _7473_/S (sky130_fd_sc_hd__mux2i_1)
     1    0.01    1.13    1.66   41.65 ^ _7473_/Y (sky130_fd_sc_hd__mux2i_1)
                                         _2842_ (net)
                  1.13    0.00   41.65 ^ _7474_/B (sky130_fd_sc_hd__nand2_4)
     3    0.01    0.15    0.56   42.22 v _7474_/Y (sky130_fd_sc_hd__nand2_4)
                                         _2843_ (net)
                  0.15    0.00   42.22 v _8523_/A2 (sky130_fd_sc_hd__a21oi_2)
     2    0.01    0.42    0.60   42.82 ^ _8523_/Y (sky130_fd_sc_hd__a21oi_2)
                                         _3618_ (net)
                  0.42    0.00   42.82 ^ _8533_/A1 (sky130_fd_sc_hd__o21ai_0)
     1    0.00    0.15    0.36   43.17 v _8533_/Y (sky130_fd_sc_hd__o21ai_0)
                                         _3626_ (net)
                  0.15    0.00   43.17 v _8534_/B1 (sky130_fd_sc_hd__o311a_1)
     1    0.00    0.16    0.47   43.65 v _8534_/X (sky130_fd_sc_hd__o311a_1)
                                         _0342_ (net)
                  0.16    0.00   43.65 v rv32_soc/latched_branch$_SDFFE_PN0P_/D (sky130_fd_sc_hd__dfxtp_2)
                                 43.65   data arrival time

                         25.00   25.00   clock clk0 (rise edge)
                          5.79   30.79   clock network delay (propagated)
                          0.00   30.79   clock reconvergence pessimism
                                 30.79 ^ rv32_soc/latched_branch$_SDFFE_PN0P_/CLK (sky130_fd_sc_hd__dfxtp_2)
                         -0.72   30.07   library setup time
                                 30.07   data required time
-----------------------------------------------------------------------------
                                 30.07   data required time
                                -43.65   data arrival time
-----------------------------------------------------------------------------
                                -13.57   slack (VIOLATED)


Startpoint: mem_la_wdata[3]$_DFFE_PP_
            (rising edge-triggered flip-flop clocked by clk0)
Endpoint: rv32_soc/decoder_trigger$_DFF_P_
          (rising edge-triggered flip-flop clocked by clk0)
Path Group: clk0
Path Type: max
Corner: slow

Fanout     Cap    Slew   Delay    Time   Description
-----------------------------------------------------------------------------
                          0.00    0.00   clock clk0 (rise edge)
                          5.77    5.77   clock network delay (propagated)
                  0.34    0.00    5.77 ^ mem_la_wdata[3]$_DFFE_PP_/CLK (sky130_fd_sc_hd__edfxtp_1)
     6    0.12    3.83    3.89    9.66 ^ mem_la_wdata[3]$_DFFE_PP_/Q (sky130_fd_sc_hd__edfxtp_1)
                                         mem_la_wdata[3] (net)
                  3.83    0.00    9.67 ^ _7532_/A (sky130_fd_sc_hd__clkinv_1)
     3    0.01    0.76    2.10   11.76 v _7532_/Y (sky130_fd_sc_hd__clkinv_1)
                                         _4407_ (net)
                  0.76    0.00   11.76 v _9379_/A (sky130_fd_sc_hd__ha_1)
     8    0.04    1.12    2.26   14.02 ^ _9379_/SUM (sky130_fd_sc_hd__ha_1)
                                         _4410_ (net)
                  1.12    0.00   14.02 ^ _7420_/C (sky130_fd_sc_hd__nor3_1)
     1    0.00    0.20    0.56   14.59 v _7420_/Y (sky130_fd_sc_hd__nor3_1)
                                         _2789_ (net)
                  0.20    0.00   14.59 v _7422_/B (sky130_fd_sc_hd__nor3_2)
     2    0.01    0.73    0.88   15.46 ^ _7422_/Y (sky130_fd_sc_hd__nor3_2)
                                         _2791_ (net)
                  0.73    0.00   15.46 ^ _7423_/C (sky130_fd_sc_hd__nor3_1)
     1    0.01    0.18    0.42   15.89 v _7423_/Y (sky130_fd_sc_hd__nor3_1)
                                         _2792_ (net)
                  0.18    0.00   15.89 v _7425_/B (sky130_fd_sc_hd__nor3_2)
     2    0.01    0.65    0.81   16.69 ^ _7425_/Y (sky130_fd_sc_hd__nor3_2)
                                         _2794_ (net)
                  0.65    0.00   16.70 ^ _7426_/B (sky130_fd_sc_hd__nor2_1)
     1    0.00    0.13    0.36   17.06 v _7426_/Y (sky130_fd_sc_hd__nor2_1)
                                         _2795_ (net)
                  0.13    0.00   17.06 v _7427_/B (sky130_fd_sc_hd__nor2_1)
     1    0.01    0.46    0.48   17.54 ^ _7427_/Y (sky130_fd_sc_hd__nor2_1)
                                         _2796_ (net)
                  0.46    0.00   17.54 ^ _7428_/A2 (sky130_fd_sc_hd__o21bai_2)
     2    0.01    0.17    0.35   17.89 v _7428_/Y (sky130_fd_sc_hd__o21bai_2)
                                         _2797_ (net)
                  0.17    0.00   17.89 v _7431_/B1 (sky130_fd_sc_hd__a221oi_1)
     2    0.01    1.71    1.65   19.54 ^ _7431_/Y (sky130_fd_sc_hd__a221oi_1)
                                         _2800_ (net)
                  1.71    0.00   19.54 ^ _7434_/A3 (sky130_fd_sc_hd__o31ai_1)
     2    0.01    0.25    0.89   20.43 v _7434_/Y (sky130_fd_sc_hd__o31ai_1)
                                         _2803_ (net)
                  0.25    0.00   20.43 v _7435_/A2 (sky130_fd_sc_hd__a21oi_1)
     1    0.00    0.36    0.58   21.01 ^ _7435_/Y (sky130_fd_sc_hd__a21oi_1)
                                         _2804_ (net)
                  0.36    0.00   21.01 ^ _7436_/B1 (sky130_fd_sc_hd__o21ai_0)
     2    0.01    0.26    0.42   21.42 v _7436_/Y (sky130_fd_sc_hd__o21ai_0)
                                         _2805_ (net)
                  0.26    0.00   21.42 v _7437_/B2 (sky130_fd_sc_hd__a221oi_1)
     2    0.01    2.25    2.28   23.70 ^ _7437_/Y (sky130_fd_sc_hd__a221oi_1)
                                         _2806_ (net)
                  2.25    0.00   23.70 ^ _7440_/A3 (sky130_fd_sc_hd__o31ai_1)
     2    0.01    0.31    1.12   24.82 v _7440_/Y (sky130_fd_sc_hd__o31ai_1)
                                         _2809_ (net)
                  0.31    0.00   24.82 v _7441_/B2 (sky130_fd_sc_hd__a221oi_1)
     2    0.01    1.45    1.68   26.50 ^ _7441_/Y (sky130_fd_sc_hd__a221oi_1)
                                         _2810_ (net)
                  1.45    0.00   26.50 ^ _7442_/C (sky130_fd_sc_hd__nor3_1)
     1    0.00    0.22    0.63   27.13 v _7442_/Y (sky130_fd_sc_hd__nor3_1)
                                         _2811_ (net)
                  0.22    0.00   27.13 v _7443_/C (sky130_fd_sc_hd__nor3_1)
     2    0.01    1.03    0.99   28.12 ^ _7443_/Y (sky130_fd_sc_hd__nor3_1)
                                         _2812_ (net)
                  1.03    0.00   28.12 ^ _7446_/A3 (sky130_fd_sc_hd__o31ai_1)
     2    0.01    0.19    0.64   28.76 v _7446_/Y (sky130_fd_sc_hd__o31ai_1)
                                         _2815_ (net)
                  0.19    0.00   28.76 v _7448_/B1 (sky130_fd_sc_hd__a221o_1)
     2    0.01    0.18    1.36   30.11 v _7448_/X (sky130_fd_sc_hd__a221o_1)
                                         _2817_ (net)
                  0.18    0.00   30.11 v _7449_/B2 (sky130_fd_sc_hd__a221oi_1)
     3    0.01    1.93    1.98   32.09 ^ _7449_/Y (sky130_fd_sc_hd__a221oi_1)
                                         _2818_ (net)
                  1.93    0.00   32.09 ^ _7454_/A2 (sky130_fd_sc_hd__o21ai_0)
     1    0.00    0.23    0.93   33.02 v _7454_/Y (sky130_fd_sc_hd__o21ai_0)
                                         _2823_ (net)
                  0.23    0.00   33.02 v _7456_/A2 (sky130_fd_sc_hd__o21ai_0)
     3    0.04    4.64    3.81   36.84 ^ _7456_/Y (sky130_fd_sc_hd__o21ai_0)
                                         _2825_ (net)
                  4.64    0.00   36.84 ^ _7472_/A2 (sky130_fd_sc_hd__o21ai_0)
     1    0.04    1.28    3.15   39.99 v _7472_/Y (sky130_fd_sc_hd__o21ai_0)
                                         _2841_ (net)
                  1.28    0.00   39.99 v _7473_/S (sky130_fd_sc_hd__mux2i_1)
     1    0.01    0.54    1.11   41.10 v _7473_/Y (sky130_fd_sc_hd__mux2i_1)
                                         _2842_ (net)
                  0.54    0.00   41.10 v _7474_/B (sky130_fd_sc_hd__nand2_4)
     3    0.01    0.21    0.56   41.66 ^ _7474_/Y (sky130_fd_sc_hd__nand2_4)
                                         _2843_ (net)
                  0.21    0.00   41.66 ^ _7475_/B (sky130_fd_sc_hd__nand2_1)
     2    0.01    0.32    0.24   41.90 v _7475_/Y (sky130_fd_sc_hd__nand2_1)
                                         _2844_ (net)
                  0.32    0.00   41.90 v _7477_/A3 (sky130_fd_sc_hd__a311o_1)
     1    0.00    0.14    1.67   43.57 v _7477_/X (sky130_fd_sc_hd__a311o_1)
                                         _0039_ (net)
                  0.14    0.00   43.57 v rv32_soc/decoder_trigger$_DFF_P_/D (sky130_fd_sc_hd__dfxtp_2)
                                 43.57   data arrival time

                         25.00   25.00   clock clk0 (rise edge)
                          5.79   30.79   clock network delay (propagated)
                          0.00   30.79   clock reconvergence pessimism
                                 30.79 ^ rv32_soc/decoder_trigger$_DFF_P_/CLK (sky130_fd_sc_hd__dfxtp_2)
                         -0.70   30.08   library setup time
                                 30.08   data required time
-----------------------------------------------------------------------------
                                 30.08   data required time
                                -43.57   data arrival time
-----------------------------------------------------------------------------
                                -13.48   slack (VIOLATED)


Startpoint: mem_la_wdata[3]$_DFFE_PP_
            (rising edge-triggered flip-flop clocked by clk0)
Endpoint: rv32_soc/latched_store$_SDFFE_PN0P_
          (rising edge-triggered flip-flop clocked by clk0)
Path Group: clk0
Path Type: max
Corner: slow

Fanout     Cap    Slew   Delay    Time   Description
-----------------------------------------------------------------------------
                          0.00    0.00   clock clk0 (rise edge)
                          5.77    5.77   clock network delay (propagated)
                  0.34    0.00    5.77 ^ mem_la_wdata[3]$_DFFE_PP_/CLK (sky130_fd_sc_hd__edfxtp_1)
     6    0.12    3.83    3.89    9.66 ^ mem_la_wdata[3]$_DFFE_PP_/Q (sky130_fd_sc_hd__edfxtp_1)
                                         mem_la_wdata[3] (net)
                  3.83    0.00    9.67 ^ _7532_/A (sky130_fd_sc_hd__clkinv_1)
     3    0.01    0.76    2.10   11.76 v _7532_/Y (sky130_fd_sc_hd__clkinv_1)
                                         _4407_ (net)
                  0.76    0.00   11.76 v _9379_/A (sky130_fd_sc_hd__ha_1)
     8    0.04    1.12    2.26   14.02 ^ _9379_/SUM (sky130_fd_sc_hd__ha_1)
                                         _4410_ (net)
                  1.12    0.00   14.02 ^ _7420_/C (sky130_fd_sc_hd__nor3_1)
     1    0.00    0.20    0.56   14.59 v _7420_/Y (sky130_fd_sc_hd__nor3_1)
                                         _2789_ (net)
                  0.20    0.00   14.59 v _7422_/B (sky130_fd_sc_hd__nor3_2)
     2    0.01    0.73    0.88   15.46 ^ _7422_/Y (sky130_fd_sc_hd__nor3_2)
                                         _2791_ (net)
                  0.73    0.00   15.46 ^ _7423_/C (sky130_fd_sc_hd__nor3_1)
     1    0.01    0.18    0.42   15.89 v _7423_/Y (sky130_fd_sc_hd__nor3_1)
                                         _2792_ (net)
                  0.18    0.00   15.89 v _7425_/B (sky130_fd_sc_hd__nor3_2)
     2    0.01    0.65    0.81   16.69 ^ _7425_/Y (sky130_fd_sc_hd__nor3_2)
                                         _2794_ (net)
                  0.65    0.00   16.70 ^ _7426_/B (sky130_fd_sc_hd__nor2_1)
     1    0.00    0.13    0.36   17.06 v _7426_/Y (sky130_fd_sc_hd__nor2_1)
                                         _2795_ (net)
                  0.13    0.00   17.06 v _7427_/B (sky130_fd_sc_hd__nor2_1)
     1    0.01    0.46    0.48   17.54 ^ _7427_/Y (sky130_fd_sc_hd__nor2_1)
                                         _2796_ (net)
                  0.46    0.00   17.54 ^ _7428_/A2 (sky130_fd_sc_hd__o21bai_2)
     2    0.01    0.17    0.35   17.89 v _7428_/Y (sky130_fd_sc_hd__o21bai_2)
                                         _2797_ (net)
                  0.17    0.00   17.89 v _7431_/B1 (sky130_fd_sc_hd__a221oi_1)
     2    0.01    1.71    1.65   19.54 ^ _7431_/Y (sky130_fd_sc_hd__a221oi_1)
                                         _2800_ (net)
                  1.71    0.00   19.54 ^ _7434_/A3 (sky130_fd_sc_hd__o31ai_1)
     2    0.01    0.25    0.89   20.43 v _7434_/Y (sky130_fd_sc_hd__o31ai_1)
                                         _2803_ (net)
                  0.25    0.00   20.43 v _7435_/A2 (sky130_fd_sc_hd__a21oi_1)
     1    0.00    0.36    0.58   21.01 ^ _7435_/Y (sky130_fd_sc_hd__a21oi_1)
                                         _2804_ (net)
                  0.36    0.00   21.01 ^ _7436_/B1 (sky130_fd_sc_hd__o21ai_0)
     2    0.01    0.26    0.42   21.42 v _7436_/Y (sky130_fd_sc_hd__o21ai_0)
                                         _2805_ (net)
                  0.26    0.00   21.42 v _7437_/B2 (sky130_fd_sc_hd__a221oi_1)
     2    0.01    2.25    2.28   23.70 ^ _7437_/Y (sky130_fd_sc_hd__a221oi_1)
                                         _2806_ (net)
                  2.25    0.00   23.70 ^ _7440_/A3 (sky130_fd_sc_hd__o31ai_1)
     2    0.01    0.31    1.12   24.82 v _7440_/Y (sky130_fd_sc_hd__o31ai_1)
                                         _2809_ (net)
                  0.31    0.00   24.82 v _7441_/B2 (sky130_fd_sc_hd__a221oi_1)
     2    0.01    1.45    1.68   26.50 ^ _7441_/Y (sky130_fd_sc_hd__a221oi_1)
                                         _2810_ (net)
                  1.45    0.00   26.50 ^ _7442_/C (sky130_fd_sc_hd__nor3_1)
     1    0.00    0.22    0.63   27.13 v _7442_/Y (sky130_fd_sc_hd__nor3_1)
                                         _2811_ (net)
                  0.22    0.00   27.13 v _7443_/C (sky130_fd_sc_hd__nor3_1)
     2    0.01    1.03    0.99   28.12 ^ _7443_/Y (sky130_fd_sc_hd__nor3_1)
                                         _2812_ (net)
                  1.03    0.00   28.12 ^ _7446_/A3 (sky130_fd_sc_hd__o31ai_1)
     2    0.01    0.19    0.64   28.76 v _7446_/Y (sky130_fd_sc_hd__o31ai_1)
                                         _2815_ (net)
                  0.19    0.00   28.76 v _7448_/B1 (sky130_fd_sc_hd__a221o_1)
     2    0.01    0.18    1.36   30.11 v _7448_/X (sky130_fd_sc_hd__a221o_1)
                                         _2817_ (net)
                  0.18    0.00   30.11 v _7449_/B2 (sky130_fd_sc_hd__a221oi_1)
     3    0.01    1.93    1.98   32.09 ^ _7449_/Y (sky130_fd_sc_hd__a221oi_1)
                                         _2818_ (net)
                  1.93    0.00   32.09 ^ _7454_/A2 (sky130_fd_sc_hd__o21ai_0)
     1    0.00    0.23    0.93   33.02 v _7454_/Y (sky130_fd_sc_hd__o21ai_0)
                                         _2823_ (net)
                  0.23    0.00   33.02 v _7456_/A2 (sky130_fd_sc_hd__o21ai_0)
     3    0.04    4.64    3.81   36.84 ^ _7456_/Y (sky130_fd_sc_hd__o21ai_0)
                                         _2825_ (net)
                  4.64    0.00   36.84 ^ _7472_/A2 (sky130_fd_sc_hd__o21ai_0)
     1    0.04    1.28    3.15   39.99 v _7472_/Y (sky130_fd_sc_hd__o21ai_0)
                                         _2841_ (net)
                  1.28    0.00   39.99 v _7473_/S (sky130_fd_sc_hd__mux2i_1)
     1    0.01    1.13    1.66   41.65 ^ _7473_/Y (sky130_fd_sc_hd__mux2i_1)
                                         _2842_ (net)
                  1.13    0.00   41.65 ^ _7474_/B (sky130_fd_sc_hd__nand2_4)
     3    0.01    0.15    0.56   42.22 v _7474_/Y (sky130_fd_sc_hd__nand2_4)
                                         _2843_ (net)
                  0.15    0.00   42.22 v _8523_/A2 (sky130_fd_sc_hd__a21oi_2)
     2    0.01    0.42    0.60   42.82 ^ _8523_/Y (sky130_fd_sc_hd__a21oi_2)
                                         _3618_ (net)
                  0.42    0.00   42.82 ^ _8527_/A3 (sky130_fd_sc_hd__a41oi_1)
     1    0.00    0.17    0.39   43.21 v _8527_/Y (sky130_fd_sc_hd__a41oi_1)
                                         _0340_ (net)
                  0.17    0.00   43.21 v rv32_soc/latched_store$_SDFFE_PN0P_/D (sky130_fd_sc_hd__dfxtp_2)
                                 43.21   data arrival time

                         25.00   25.00   clock clk0 (rise edge)
                          5.79   30.79   clock network delay (propagated)
                          0.00   30.79   clock reconvergence pessimism
                                 30.79 ^ rv32_soc/latched_store$_SDFFE_PN0P_/CLK (sky130_fd_sc_hd__dfxtp_2)
                         -0.72   30.06   library setup time
                                 30.06   data required time
-----------------------------------------------------------------------------
                                 30.06   data required time
                                -43.21   data arrival time
-----------------------------------------------------------------------------
                                -13.15   slack (VIOLATED)


Startpoint: mem_la_wdata[3]$_DFFE_PP_
            (rising edge-triggered flip-flop clocked by clk0)
Endpoint: rv32_soc/mem_do_rinst$_SDFFE_PP1P_
          (rising edge-triggered flip-flop clocked by clk0)
Path Group: clk0
Path Type: max
Corner: slow

Fanout     Cap    Slew   Delay    Time   Description
-----------------------------------------------------------------------------
                          0.00    0.00   clock clk0 (rise edge)
                          5.77    5.77   clock network delay (propagated)
                  0.34    0.00    5.77 ^ mem_la_wdata[3]$_DFFE_PP_/CLK (sky130_fd_sc_hd__edfxtp_1)
     6    0.12    3.83    3.89    9.66 ^ mem_la_wdata[3]$_DFFE_PP_/Q (sky130_fd_sc_hd__edfxtp_1)
                                         mem_la_wdata[3] (net)
                  3.83    0.00    9.67 ^ _7532_/A (sky130_fd_sc_hd__clkinv_1)
     3    0.01    0.76    2.10   11.76 v _7532_/Y (sky130_fd_sc_hd__clkinv_1)
                                         _4407_ (net)
                  0.76    0.00   11.76 v _9379_/A (sky130_fd_sc_hd__ha_1)
     8    0.04    1.12    2.26   14.02 ^ _9379_/SUM (sky130_fd_sc_hd__ha_1)
                                         _4410_ (net)
                  1.12    0.00   14.02 ^ _7420_/C (sky130_fd_sc_hd__nor3_1)
     1    0.00    0.20    0.56   14.59 v _7420_/Y (sky130_fd_sc_hd__nor3_1)
                                         _2789_ (net)
                  0.20    0.00   14.59 v _7422_/B (sky130_fd_sc_hd__nor3_2)
     2    0.01    0.73    0.88   15.46 ^ _7422_/Y (sky130_fd_sc_hd__nor3_2)
                                         _2791_ (net)
                  0.73    0.00   15.46 ^ _7423_/C (sky130_fd_sc_hd__nor3_1)
     1    0.01    0.18    0.42   15.89 v _7423_/Y (sky130_fd_sc_hd__nor3_1)
                                         _2792_ (net)
                  0.18    0.00   15.89 v _7425_/B (sky130_fd_sc_hd__nor3_2)
     2    0.01    0.65    0.81   16.69 ^ _7425_/Y (sky130_fd_sc_hd__nor3_2)
                                         _2794_ (net)
                  0.65    0.00   16.70 ^ _7426_/B (sky130_fd_sc_hd__nor2_1)
     1    0.00    0.13    0.36   17.06 v _7426_/Y (sky130_fd_sc_hd__nor2_1)
                                         _2795_ (net)
                  0.13    0.00   17.06 v _7427_/B (sky130_fd_sc_hd__nor2_1)
     1    0.01    0.46    0.48   17.54 ^ _7427_/Y (sky130_fd_sc_hd__nor2_1)
                                         _2796_ (net)
                  0.46    0.00   17.54 ^ _7428_/A2 (sky130_fd_sc_hd__o21bai_2)
     2    0.01    0.17    0.35   17.89 v _7428_/Y (sky130_fd_sc_hd__o21bai_2)
                                         _2797_ (net)
                  0.17    0.00   17.89 v _7431_/B1 (sky130_fd_sc_hd__a221oi_1)
     2    0.01    1.71    1.65   19.54 ^ _7431_/Y (sky130_fd_sc_hd__a221oi_1)
                                         _2800_ (net)
                  1.71    0.00   19.54 ^ _7434_/A3 (sky130_fd_sc_hd__o31ai_1)
     2    0.01    0.25    0.89   20.43 v _7434_/Y (sky130_fd_sc_hd__o31ai_1)
                                         _2803_ (net)
                  0.25    0.00   20.43 v _7435_/A2 (sky130_fd_sc_hd__a21oi_1)
     1    0.00    0.36    0.58   21.01 ^ _7435_/Y (sky130_fd_sc_hd__a21oi_1)
                                         _2804_ (net)
                  0.36    0.00   21.01 ^ _7436_/B1 (sky130_fd_sc_hd__o21ai_0)
     2    0.01    0.26    0.42   21.42 v _7436_/Y (sky130_fd_sc_hd__o21ai_0)
                                         _2805_ (net)
                  0.26    0.00   21.42 v _7437_/B2 (sky130_fd_sc_hd__a221oi_1)
     2    0.01    2.25    2.28   23.70 ^ _7437_/Y (sky130_fd_sc_hd__a221oi_1)
                                         _2806_ (net)
                  2.25    0.00   23.70 ^ _7440_/A3 (sky130_fd_sc_hd__o31ai_1)
     2    0.01    0.31    1.12   24.82 v _7440_/Y (sky130_fd_sc_hd__o31ai_1)
                                         _2809_ (net)
                  0.31    0.00   24.82 v _7441_/B2 (sky130_fd_sc_hd__a221oi_1)
     2    0.01    1.45    1.68   26.50 ^ _7441_/Y (sky130_fd_sc_hd__a221oi_1)
                                         _2810_ (net)
                  1.45    0.00   26.50 ^ _7442_/C (sky130_fd_sc_hd__nor3_1)
     1    0.00    0.22    0.63   27.13 v _7442_/Y (sky130_fd_sc_hd__nor3_1)
                                         _2811_ (net)
                  0.22    0.00   27.13 v _7443_/C (sky130_fd_sc_hd__nor3_1)
     2    0.01    1.03    0.99   28.12 ^ _7443_/Y (sky130_fd_sc_hd__nor3_1)
                                         _2812_ (net)
                  1.03    0.00   28.12 ^ _7446_/A3 (sky130_fd_sc_hd__o31ai_1)
     2    0.01    0.19    0.64   28.76 v _7446_/Y (sky130_fd_sc_hd__o31ai_1)
                                         _2815_ (net)
                  0.19    0.00   28.76 v _7448_/B1 (sky130_fd_sc_hd__a221o_1)
     2    0.01    0.18    1.36   30.11 v _7448_/X (sky130_fd_sc_hd__a221o_1)
                                         _2817_ (net)
                  0.18    0.00   30.11 v _7449_/B2 (sky130_fd_sc_hd__a221oi_1)
     3    0.01    1.93    1.98   32.09 ^ _7449_/Y (sky130_fd_sc_hd__a221oi_1)
                                         _2818_ (net)
                  1.93    0.00   32.09 ^ _7454_/A2 (sky130_fd_sc_hd__o21ai_0)
     1    0.00    0.23    0.93   33.02 v _7454_/Y (sky130_fd_sc_hd__o21ai_0)
                                         _2823_ (net)
                  0.23    0.00   33.02 v _7456_/A2 (sky130_fd_sc_hd__o21ai_0)
     3    0.04    4.64    3.81   36.84 ^ _7456_/Y (sky130_fd_sc_hd__o21ai_0)
                                         _2825_ (net)
                  4.64    0.00   36.84 ^ _7472_/A2 (sky130_fd_sc_hd__o21ai_0)
     1    0.04    1.28    3.15   39.99 v _7472_/Y (sky130_fd_sc_hd__o21ai_0)
                                         _2841_ (net)
                  1.28    0.00   39.99 v _7473_/S (sky130_fd_sc_hd__mux2i_1)
     1    0.01    1.13    1.66   41.65 ^ _7473_/Y (sky130_fd_sc_hd__mux2i_1)
                                         _2842_ (net)
                  1.13    0.00   41.65 ^ _7474_/B (sky130_fd_sc_hd__nand2_4)
     3    0.01    0.15    0.56   42.22 v _7474_/Y (sky130_fd_sc_hd__nand2_4)
                                         _2843_ (net)
                  0.15    0.00   42.22 v _7475_/B (sky130_fd_sc_hd__nand2_1)
     2    0.01    0.26    0.32   42.54 ^ _7475_/Y (sky130_fd_sc_hd__nand2_1)
                                         _2844_ (net)
                  0.26    0.00   42.54 ^ _7587_/B2 (sky130_fd_sc_hd__o22ai_1)
     1    0.00    0.11    0.22   42.76 v _7587_/Y (sky130_fd_sc_hd__o22ai_1)
                                         _0336_ (net)
                  0.11    0.00   42.76 v rv32_soc/mem_do_rinst$_SDFFE_PP1P_/D (sky130_fd_sc_hd__dfxtp_2)
                                 42.76   data arrival time

                         25.00   25.00   clock clk0 (rise edge)
                          5.79   30.79   clock network delay (propagated)
                          0.00   30.79   clock reconvergence pessimism
                                 30.79 ^ rv32_soc/mem_do_rinst$_SDFFE_PP1P_/CLK (sky130_fd_sc_hd__dfxtp_2)
                         -0.69   30.10   library setup time
                                 30.10   data required time
-----------------------------------------------------------------------------
                                 30.10   data required time
                                -42.76   data arrival time
-----------------------------------------------------------------------------
                                -12.65   slack (VIOLATED)


Startpoint: rv32_soc/latched_stalu$_SDFFE_PN0P_
            (rising edge-triggered flip-flop clocked by clk0)
Endpoint: rv32_soc/reg_next_pc[29]$_SDFFE_PN0P_
          (rising edge-triggered flip-flop clocked by clk0)
Path Group: clk0
Path Type: max
Corner: slow

Fanout     Cap    Slew   Delay    Time   Description
-----------------------------------------------------------------------------
                          0.00    0.00   clock clk0 (rise edge)
                          5.79    5.79   clock network delay (propagated)
                  0.37    0.00    5.79 ^ rv32_soc/latched_stalu$_SDFFE_PN0P_/CLK (sky130_fd_sc_hd__dfxtp_2)
    33    0.21    3.93    4.18    9.97 ^ rv32_soc/latched_stalu$_SDFFE_PN0P_/Q (sky130_fd_sc_hd__dfxtp_2)
                                         rv32_soc/latched_stalu (net)
                  3.93    0.01    9.98 ^ _5058_/S (sky130_fd_sc_hd__mux2i_1)
     2    0.01    0.81    2.38   12.36 ^ _5058_/Y (sky130_fd_sc_hd__mux2i_1)
                                         _0616_ (net)
                  0.81    0.00   12.36 ^ _5060_/A2 (sky130_fd_sc_hd__o21a_1)
     4    0.02    0.68    1.05   13.41 ^ _5060_/X (sky130_fd_sc_hd__o21a_1)
                                         _0618_ (net)
                  0.68    0.00   13.41 ^ _5061_/A (sky130_fd_sc_hd__inv_2)
     3    0.01    0.12    0.37   13.78 v _5061_/Y (sky130_fd_sc_hd__inv_2)
                                         _4217_ (net)
                  0.12    0.00   13.78 v _9470_/A (sky130_fd_sc_hd__ha_1)
     3    0.01    0.26    1.56   15.34 v _9470_/SUM (sky130_fd_sc_hd__ha_1)
                                         _4648_ (net)
                  0.26    0.00   15.34 v _8014_/B_N (sky130_fd_sc_hd__nor2b_1)
     1    0.00    0.08    0.57   15.91 v _8014_/Y (sky130_fd_sc_hd__nor2b_1)
                                         _3200_ (net)
                  0.08    0.00   15.91 v _8015_/A2 (sky130_fd_sc_hd__o21ai_0)
     2    0.01    1.26    1.14   17.04 ^ _8015_/Y (sky130_fd_sc_hd__o21ai_0)
                                         _3201_ (net)
                  1.26    0.00   17.04 ^ _8037_/A2 (sky130_fd_sc_hd__a21boi_2)
     1    0.00    0.12    0.59   17.64 v _8037_/Y (sky130_fd_sc_hd__a21boi_2)
                                         _3221_ (net)
                  0.12    0.00   17.64 v _8038_/A2 (sky130_fd_sc_hd__o21ai_0)
     2    0.01    1.43    1.30   18.93 ^ _8038_/Y (sky130_fd_sc_hd__o21ai_0)
                                         _3222_ (net)
                  1.43    0.00   18.93 ^ _8039_/A2 (sky130_fd_sc_hd__a21boi_2)
     2    0.01    0.16    0.69   19.62 v _8039_/Y (sky130_fd_sc_hd__a21boi_2)
                                         _3223_ (net)
                  0.16    0.00   19.62 v _8057_/A2 (sky130_fd_sc_hd__o21ai_0)
     2    0.01    1.17    1.12   20.74 ^ _8057_/Y (sky130_fd_sc_hd__o21ai_0)
                                         _3239_ (net)
                  1.17    0.00   20.74 ^ _8058_/A2 (sky130_fd_sc_hd__a21boi_2)
     2    0.00    0.13    0.59   21.33 v _8058_/Y (sky130_fd_sc_hd__a21boi_2)
                                         _3240_ (net)
                  0.13    0.00   21.33 v _8081_/A2 (sky130_fd_sc_hd__o21ai_0)
     2    0.01    1.29    1.19   22.52 ^ _8081_/Y (sky130_fd_sc_hd__o21ai_0)
                                         _3261_ (net)
                  1.29    0.00   22.52 ^ _8082_/A2 (sky130_fd_sc_hd__a21boi_2)
     2    0.01    0.15    0.64   23.17 v _8082_/Y (sky130_fd_sc_hd__a21boi_2)
                                         _3262_ (net)
                  0.15    0.00   23.17 v _8107_/A2 (sky130_fd_sc_hd__o21ai_0)
     2    0.01    1.34    1.24   24.41 ^ _8107_/Y (sky130_fd_sc_hd__o21ai_0)
                                         _3285_ (net)
                  1.34    0.00   24.41 ^ _8108_/A2 (sky130_fd_sc_hd__a21boi_2)
     2    0.01    0.16    0.67   25.08 v _8108_/Y (sky130_fd_sc_hd__a21boi_2)
                                         _3286_ (net)
                  0.16    0.00   25.08 v _8131_/A2 (sky130_fd_sc_hd__o21ai_0)
     2    0.01    1.23    1.17   26.25 ^ _8131_/Y (sky130_fd_sc_hd__o21ai_0)
                                         _3307_ (net)
                  1.23    0.00   26.25 ^ _8132_/A2 (sky130_fd_sc_hd__a21boi_2)
     2    0.01    0.15    0.63   26.88 v _8132_/Y (sky130_fd_sc_hd__a21boi_2)
                                         _3308_ (net)
                  0.15    0.00   26.88 v _8154_/A2 (sky130_fd_sc_hd__o21ai_0)
     2    0.01    1.55    1.40   28.28 ^ _8154_/Y (sky130_fd_sc_hd__o21ai_0)
                                         _3328_ (net)
                  1.55    0.00   28.28 ^ _8155_/A2 (sky130_fd_sc_hd__a21boi_2)
     2    0.01    0.17    0.73   29.01 v _8155_/Y (sky130_fd_sc_hd__a21boi_2)
                                         _3329_ (net)
                  0.17    0.00   29.01 v _8176_/A2 (sky130_fd_sc_hd__o21ai_0)
     2    0.01    1.35    1.26   30.27 ^ _8176_/Y (sky130_fd_sc_hd__o21ai_0)
                                         _3348_ (net)
                  1.35    0.00   30.27 ^ _8177_/A2 (sky130_fd_sc_hd__a21boi_2)
     2    0.01    0.17    0.69   30.97 v _8177_/Y (sky130_fd_sc_hd__a21boi_2)
                                         _3349_ (net)
                  0.17    0.00   30.97 v _8199_/A2 (sky130_fd_sc_hd__o21ai_0)
     2    0.01    1.21    1.15   32.12 ^ _8199_/Y (sky130_fd_sc_hd__o21ai_0)
                                         _3369_ (net)
                  1.21    0.00   32.12 ^ _8200_/A2 (sky130_fd_sc_hd__a21boi_2)
     2    0.01    0.15    0.62   32.74 v _8200_/Y (sky130_fd_sc_hd__a21boi_2)
                                         _3370_ (net)
                  0.15    0.00   32.74 v _8223_/A2 (sky130_fd_sc_hd__o21ai_0)
     2    0.01    1.49    1.35   34.09 ^ _8223_/Y (sky130_fd_sc_hd__o21ai_0)
                                         _3391_ (net)
                  1.49    0.00   34.09 ^ _8224_/A2 (sky130_fd_sc_hd__a21boi_1)
     2    0.01    0.25    0.85   34.94 v _8224_/Y (sky130_fd_sc_hd__a21boi_1)
                                         _3392_ (net)
                  0.25    0.00   34.94 v _8240_/A2 (sky130_fd_sc_hd__o21ai_0)
     2    0.01    1.32    1.28   36.22 ^ _8240_/Y (sky130_fd_sc_hd__o21ai_0)
                                         _3406_ (net)
                  1.32    0.00   36.22 ^ _8243_/A2 (sky130_fd_sc_hd__a21boi_2)
     2    0.01    0.15    0.65   36.87 v _8243_/Y (sky130_fd_sc_hd__a21boi_2)
                                         _3409_ (net)
                  0.15    0.00   36.87 v _8266_/A2 (sky130_fd_sc_hd__o21ai_0)
     3    0.01    1.64    1.47   38.34 ^ _8266_/Y (sky130_fd_sc_hd__o21ai_0)
                                         _3430_ (net)
                  1.64    0.00   38.34 ^ _8284_/A2 (sky130_fd_sc_hd__a211oi_1)
     1    0.00    0.19    0.81   39.15 v _8284_/Y (sky130_fd_sc_hd__a211oi_1)
                                         _3446_ (net)
                  0.19    0.00   39.15 v _8286_/A_N (sky130_fd_sc_hd__nand2b_1)
     2    0.00    0.14    0.60   39.75 v _8286_/Y (sky130_fd_sc_hd__nand2b_1)
                                         _3448_ (net)
                  0.14    0.00   39.75 v _8288_/B (sky130_fd_sc_hd__or2_0)
     1    0.00    0.16    0.91   40.67 v _8288_/X (sky130_fd_sc_hd__or2_0)
                                         _3450_ (net)
                  0.16    0.00   40.67 v _8292_/A3 (sky130_fd_sc_hd__a31oi_1)
     1    0.00    0.56    0.71   41.37 ^ _8292_/Y (sky130_fd_sc_hd__a31oi_1)
                                         _3454_ (net)
                  0.56    0.00   41.37 ^ _8295_/A1 (sky130_fd_sc_hd__o21ai_0)
     1    0.00    0.12    0.40   41.78 v _8295_/Y (sky130_fd_sc_hd__o21ai_0)
                                         _0268_ (net)
                  0.12    0.00   41.78 v rv32_soc/reg_next_pc[29]$_SDFFE_PN0P_/D (sky130_fd_sc_hd__dfxtp_2)
                                 41.78   data arrival time

                         25.00   25.00   clock clk0 (rise edge)
                          5.74   30.74   clock network delay (propagated)
                          0.00   30.74   clock reconvergence pessimism
                                 30.74 ^ rv32_soc/reg_next_pc[29]$_SDFFE_PN0P_/CLK (sky130_fd_sc_hd__dfxtp_2)
                         -0.70   30.05   library setup time
                                 30.05   data required time
-----------------------------------------------------------------------------
                                 30.05   data required time
                                -41.78   data arrival time
-----------------------------------------------------------------------------
                                -11.73   slack (VIOLATED)


Startpoint: rv32_soc/latched_stalu$_SDFFE_PN0P_
            (rising edge-triggered flip-flop clocked by clk0)
Endpoint: rv32_soc/reg_next_pc[31]$_SDFFE_PN0P_
          (rising edge-triggered flip-flop clocked by clk0)
Path Group: clk0
Path Type: max
Corner: slow

Fanout     Cap    Slew   Delay    Time   Description
-----------------------------------------------------------------------------
                          0.00    0.00   clock clk0 (rise edge)
                          5.79    5.79   clock network delay (propagated)
                  0.37    0.00    5.79 ^ rv32_soc/latched_stalu$_SDFFE_PN0P_/CLK (sky130_fd_sc_hd__dfxtp_2)
    33    0.21    3.93    4.18    9.97 ^ rv32_soc/latched_stalu$_SDFFE_PN0P_/Q (sky130_fd_sc_hd__dfxtp_2)
                                         rv32_soc/latched_stalu (net)
                  3.93    0.01    9.98 ^ _5058_/S (sky130_fd_sc_hd__mux2i_1)
     2    0.01    0.81    2.38   12.36 ^ _5058_/Y (sky130_fd_sc_hd__mux2i_1)
                                         _0616_ (net)
                  0.81    0.00   12.36 ^ _5060_/A2 (sky130_fd_sc_hd__o21a_1)
     4    0.02    0.68    1.05   13.41 ^ _5060_/X (sky130_fd_sc_hd__o21a_1)
                                         _0618_ (net)
                  0.68    0.00   13.41 ^ _5061_/A (sky130_fd_sc_hd__inv_2)
     3    0.01    0.12    0.37   13.78 v _5061_/Y (sky130_fd_sc_hd__inv_2)
                                         _4217_ (net)
                  0.12    0.00   13.78 v _9470_/A (sky130_fd_sc_hd__ha_1)
     3    0.01    0.26    1.56   15.34 v _9470_/SUM (sky130_fd_sc_hd__ha_1)
                                         _4648_ (net)
                  0.26    0.00   15.34 v _8014_/B_N (sky130_fd_sc_hd__nor2b_1)
     1    0.00    0.08    0.57   15.91 v _8014_/Y (sky130_fd_sc_hd__nor2b_1)
                                         _3200_ (net)
                  0.08    0.00   15.91 v _8015_/A2 (sky130_fd_sc_hd__o21ai_0)
     2    0.01    1.26    1.14   17.04 ^ _8015_/Y (sky130_fd_sc_hd__o21ai_0)
                                         _3201_ (net)
                  1.26    0.00   17.04 ^ _8037_/A2 (sky130_fd_sc_hd__a21boi_2)
     1    0.00    0.12    0.59   17.64 v _8037_/Y (sky130_fd_sc_hd__a21boi_2)
                                         _3221_ (net)
                  0.12    0.00   17.64 v _8038_/A2 (sky130_fd_sc_hd__o21ai_0)
     2    0.01    1.43    1.30   18.93 ^ _8038_/Y (sky130_fd_sc_hd__o21ai_0)
                                         _3222_ (net)
                  1.43    0.00   18.93 ^ _8039_/A2 (sky130_fd_sc_hd__a21boi_2)
     2    0.01    0.16    0.69   19.62 v _8039_/Y (sky130_fd_sc_hd__a21boi_2)
                                         _3223_ (net)
                  0.16    0.00   19.62 v _8057_/A2 (sky130_fd_sc_hd__o21ai_0)
     2    0.01    1.17    1.12   20.74 ^ _8057_/Y (sky130_fd_sc_hd__o21ai_0)
                                         _3239_ (net)
                  1.17    0.00   20.74 ^ _8058_/A2 (sky130_fd_sc_hd__a21boi_2)
     2    0.00    0.13    0.59   21.33 v _8058_/Y (sky130_fd_sc_hd__a21boi_2)
                                         _3240_ (net)
                  0.13    0.00   21.33 v _8081_/A2 (sky130_fd_sc_hd__o21ai_0)
     2    0.01    1.29    1.19   22.52 ^ _8081_/Y (sky130_fd_sc_hd__o21ai_0)
                                         _3261_ (net)
                  1.29    0.00   22.52 ^ _8082_/A2 (sky130_fd_sc_hd__a21boi_2)
     2    0.01    0.15    0.64   23.17 v _8082_/Y (sky130_fd_sc_hd__a21boi_2)
                                         _3262_ (net)
                  0.15    0.00   23.17 v _8107_/A2 (sky130_fd_sc_hd__o21ai_0)
     2    0.01    1.34    1.24   24.41 ^ _8107_/Y (sky130_fd_sc_hd__o21ai_0)
                                         _3285_ (net)
                  1.34    0.00   24.41 ^ _8108_/A2 (sky130_fd_sc_hd__a21boi_2)
     2    0.01    0.16    0.67   25.08 v _8108_/Y (sky130_fd_sc_hd__a21boi_2)
                                         _3286_ (net)
                  0.16    0.00   25.08 v _8131_/A2 (sky130_fd_sc_hd__o21ai_0)
     2    0.01    1.23    1.17   26.25 ^ _8131_/Y (sky130_fd_sc_hd__o21ai_0)
                                         _3307_ (net)
                  1.23    0.00   26.25 ^ _8132_/A2 (sky130_fd_sc_hd__a21boi_2)
     2    0.01    0.15    0.63   26.88 v _8132_/Y (sky130_fd_sc_hd__a21boi_2)
                                         _3308_ (net)
                  0.15    0.00   26.88 v _8154_/A2 (sky130_fd_sc_hd__o21ai_0)
     2    0.01    1.55    1.40   28.28 ^ _8154_/Y (sky130_fd_sc_hd__o21ai_0)
                                         _3328_ (net)
                  1.55    0.00   28.28 ^ _8155_/A2 (sky130_fd_sc_hd__a21boi_2)
     2    0.01    0.17    0.73   29.01 v _8155_/Y (sky130_fd_sc_hd__a21boi_2)
                                         _3329_ (net)
                  0.17    0.00   29.01 v _8176_/A2 (sky130_fd_sc_hd__o21ai_0)
     2    0.01    1.35    1.26   30.27 ^ _8176_/Y (sky130_fd_sc_hd__o21ai_0)
                                         _3348_ (net)
                  1.35    0.00   30.27 ^ _8177_/A2 (sky130_fd_sc_hd__a21boi_2)
     2    0.01    0.17    0.69   30.97 v _8177_/Y (sky130_fd_sc_hd__a21boi_2)
                                         _3349_ (net)
                  0.17    0.00   30.97 v _8199_/A2 (sky130_fd_sc_hd__o21ai_0)
     2    0.01    1.21    1.15   32.12 ^ _8199_/Y (sky130_fd_sc_hd__o21ai_0)
                                         _3369_ (net)
                  1.21    0.00   32.12 ^ _8200_/A2 (sky130_fd_sc_hd__a21boi_2)
     2    0.01    0.15    0.62   32.74 v _8200_/Y (sky130_fd_sc_hd__a21boi_2)
                                         _3370_ (net)
                  0.15    0.00   32.74 v _8223_/A2 (sky130_fd_sc_hd__o21ai_0)
     2    0.01    1.49    1.35   34.09 ^ _8223_/Y (sky130_fd_sc_hd__o21ai_0)
                                         _3391_ (net)
                  1.49    0.00   34.09 ^ _8224_/A2 (sky130_fd_sc_hd__a21boi_1)
     2    0.01    0.25    0.85   34.94 v _8224_/Y (sky130_fd_sc_hd__a21boi_1)
                                         _3392_ (net)
                  0.25    0.00   34.94 v _8240_/A2 (sky130_fd_sc_hd__o21ai_0)
     2    0.01    1.32    1.28   36.22 ^ _8240_/Y (sky130_fd_sc_hd__o21ai_0)
                                         _3406_ (net)
                  1.32    0.00   36.22 ^ _8243_/A2 (sky130_fd_sc_hd__a21boi_2)
     2    0.01    0.15    0.65   36.87 v _8243_/Y (sky130_fd_sc_hd__a21boi_2)
                                         _3409_ (net)
                  0.15    0.00   36.87 v _8266_/A2 (sky130_fd_sc_hd__o21ai_0)
     3    0.01    1.64    1.47   38.34 ^ _8266_/Y (sky130_fd_sc_hd__o21ai_0)
                                         _3430_ (net)
                  1.64    0.00   38.34 ^ _8309_/A2 (sky130_fd_sc_hd__a2111oi_1)
     2    0.01    0.27    0.92   39.26 v _8309_/Y (sky130_fd_sc_hd__a2111oi_1)
                                         _3469_ (net)
                  0.27    0.00   39.26 v _8313_/A (sky130_fd_sc_hd__nor3_1)
     1    0.00    0.68    0.90   40.17 ^ _8313_/Y (sky130_fd_sc_hd__nor3_1)
                                         _3473_ (net)
                  0.68    0.00   40.17 ^ _8318_/A1 (sky130_fd_sc_hd__o221ai_1)
     1    0.00    0.56    0.58   40.75 v _8318_/Y (sky130_fd_sc_hd__o221ai_1)
                                         _3478_ (net)
                  0.56    0.00   40.75 v _8320_/B1 (sky130_fd_sc_hd__a22o_1)
     1    0.00    0.09    0.97   41.72 v _8320_/X (sky130_fd_sc_hd__a22o_1)
                                         _0270_ (net)
                  0.09    0.00   41.72 v rv32_soc/reg_next_pc[31]$_SDFFE_PN0P_/D (sky130_fd_sc_hd__dfxtp_2)
                                 41.72   data arrival time

                         25.00   25.00   clock clk0 (rise edge)
                          5.74   30.74   clock network delay (propagated)
                          0.00   30.74   clock reconvergence pessimism
                                 30.74 ^ rv32_soc/reg_next_pc[31]$_SDFFE_PN0P_/CLK (sky130_fd_sc_hd__dfxtp_2)
                         -0.68   30.06   library setup time
                                 30.06   data required time
-----------------------------------------------------------------------------
                                 30.06   data required time
                                -41.72   data arrival time
-----------------------------------------------------------------------------
                                -11.65   slack (VIOLATED)


Startpoint: rv32_soc/latched_stalu$_SDFFE_PN0P_
            (rising edge-triggered flip-flop clocked by clk0)
Endpoint: rv32_soc/reg_next_pc[27]$_SDFFE_PN0P_
          (rising edge-triggered flip-flop clocked by clk0)
Path Group: clk0
Path Type: max
Corner: slow

Fanout     Cap    Slew   Delay    Time   Description
-----------------------------------------------------------------------------
                          0.00    0.00   clock clk0 (rise edge)
                          5.79    5.79   clock network delay (propagated)
                  0.37    0.00    5.79 ^ rv32_soc/latched_stalu$_SDFFE_PN0P_/CLK (sky130_fd_sc_hd__dfxtp_2)
    33    0.21    3.93    4.18    9.97 ^ rv32_soc/latched_stalu$_SDFFE_PN0P_/Q (sky130_fd_sc_hd__dfxtp_2)
                                         rv32_soc/latched_stalu (net)
                  3.93    0.01    9.98 ^ _5058_/S (sky130_fd_sc_hd__mux2i_1)
     2    0.01    0.81    2.38   12.36 ^ _5058_/Y (sky130_fd_sc_hd__mux2i_1)
                                         _0616_ (net)
                  0.81    0.00   12.36 ^ _5060_/A2 (sky130_fd_sc_hd__o21a_1)
     4    0.02    0.68    1.05   13.41 ^ _5060_/X (sky130_fd_sc_hd__o21a_1)
                                         _0618_ (net)
                  0.68    0.00   13.41 ^ _5061_/A (sky130_fd_sc_hd__inv_2)
     3    0.01    0.12    0.37   13.78 v _5061_/Y (sky130_fd_sc_hd__inv_2)
                                         _4217_ (net)
                  0.12    0.00   13.78 v _9470_/A (sky130_fd_sc_hd__ha_1)
     3    0.01    0.26    1.56   15.34 v _9470_/SUM (sky130_fd_sc_hd__ha_1)
                                         _4648_ (net)
                  0.26    0.00   15.34 v _8014_/B_N (sky130_fd_sc_hd__nor2b_1)
     1    0.00    0.08    0.57   15.91 v _8014_/Y (sky130_fd_sc_hd__nor2b_1)
                                         _3200_ (net)
                  0.08    0.00   15.91 v _8015_/A2 (sky130_fd_sc_hd__o21ai_0)
     2    0.01    1.26    1.14   17.04 ^ _8015_/Y (sky130_fd_sc_hd__o21ai_0)
                                         _3201_ (net)
                  1.26    0.00   17.04 ^ _8037_/A2 (sky130_fd_sc_hd__a21boi_2)
     1    0.00    0.12    0.59   17.64 v _8037_/Y (sky130_fd_sc_hd__a21boi_2)
                                         _3221_ (net)
                  0.12    0.00   17.64 v _8038_/A2 (sky130_fd_sc_hd__o21ai_0)
     2    0.01    1.43    1.30   18.93 ^ _8038_/Y (sky130_fd_sc_hd__o21ai_0)
                                         _3222_ (net)
                  1.43    0.00   18.93 ^ _8039_/A2 (sky130_fd_sc_hd__a21boi_2)
     2    0.01    0.16    0.69   19.62 v _8039_/Y (sky130_fd_sc_hd__a21boi_2)
                                         _3223_ (net)
                  0.16    0.00   19.62 v _8057_/A2 (sky130_fd_sc_hd__o21ai_0)
     2    0.01    1.17    1.12   20.74 ^ _8057_/Y (sky130_fd_sc_hd__o21ai_0)
                                         _3239_ (net)
                  1.17    0.00   20.74 ^ _8058_/A2 (sky130_fd_sc_hd__a21boi_2)
     2    0.00    0.13    0.59   21.33 v _8058_/Y (sky130_fd_sc_hd__a21boi_2)
                                         _3240_ (net)
                  0.13    0.00   21.33 v _8081_/A2 (sky130_fd_sc_hd__o21ai_0)
     2    0.01    1.29    1.19   22.52 ^ _8081_/Y (sky130_fd_sc_hd__o21ai_0)
                                         _3261_ (net)
                  1.29    0.00   22.52 ^ _8082_/A2 (sky130_fd_sc_hd__a21boi_2)
     2    0.01    0.15    0.64   23.17 v _8082_/Y (sky130_fd_sc_hd__a21boi_2)
                                         _3262_ (net)
                  0.15    0.00   23.17 v _8107_/A2 (sky130_fd_sc_hd__o21ai_0)
     2    0.01    1.34    1.24   24.41 ^ _8107_/Y (sky130_fd_sc_hd__o21ai_0)
                                         _3285_ (net)
                  1.34    0.00   24.41 ^ _8108_/A2 (sky130_fd_sc_hd__a21boi_2)
     2    0.01    0.16    0.67   25.08 v _8108_/Y (sky130_fd_sc_hd__a21boi_2)
                                         _3286_ (net)
                  0.16    0.00   25.08 v _8131_/A2 (sky130_fd_sc_hd__o21ai_0)
     2    0.01    1.23    1.17   26.25 ^ _8131_/Y (sky130_fd_sc_hd__o21ai_0)
                                         _3307_ (net)
                  1.23    0.00   26.25 ^ _8132_/A2 (sky130_fd_sc_hd__a21boi_2)
     2    0.01    0.15    0.63   26.88 v _8132_/Y (sky130_fd_sc_hd__a21boi_2)
                                         _3308_ (net)
                  0.15    0.00   26.88 v _8154_/A2 (sky130_fd_sc_hd__o21ai_0)
     2    0.01    1.55    1.40   28.28 ^ _8154_/Y (sky130_fd_sc_hd__o21ai_0)
                                         _3328_ (net)
                  1.55    0.00   28.28 ^ _8155_/A2 (sky130_fd_sc_hd__a21boi_2)
     2    0.01    0.17    0.73   29.01 v _8155_/Y (sky130_fd_sc_hd__a21boi_2)
                                         _3329_ (net)
                  0.17    0.00   29.01 v _8176_/A2 (sky130_fd_sc_hd__o21ai_0)
     2    0.01    1.35    1.26   30.27 ^ _8176_/Y (sky130_fd_sc_hd__o21ai_0)
                                         _3348_ (net)
                  1.35    0.00   30.27 ^ _8177_/A2 (sky130_fd_sc_hd__a21boi_2)
     2    0.01    0.17    0.69   30.97 v _8177_/Y (sky130_fd_sc_hd__a21boi_2)
                                         _3349_ (net)
                  0.17    0.00   30.97 v _8199_/A2 (sky130_fd_sc_hd__o21ai_0)
     2    0.01    1.21    1.15   32.12 ^ _8199_/Y (sky130_fd_sc_hd__o21ai_0)
                                         _3369_ (net)
                  1.21    0.00   32.12 ^ _8200_/A2 (sky130_fd_sc_hd__a21boi_2)
     2    0.01    0.15    0.62   32.74 v _8200_/Y (sky130_fd_sc_hd__a21boi_2)
                                         _3370_ (net)
                  0.15    0.00   32.74 v _8223_/A2 (sky130_fd_sc_hd__o21ai_0)
     2    0.01    1.49    1.35   34.09 ^ _8223_/Y (sky130_fd_sc_hd__o21ai_0)
                                         _3391_ (net)
                  1.49    0.00   34.09 ^ _8224_/A2 (sky130_fd_sc_hd__a21boi_1)
     2    0.01    0.25    0.85   34.94 v _8224_/Y (sky130_fd_sc_hd__a21boi_1)
                                         _3392_ (net)
                  0.25    0.00   34.94 v _8240_/A2 (sky130_fd_sc_hd__o21ai_0)
     2    0.01    1.32    1.28   36.22 ^ _8240_/Y (sky130_fd_sc_hd__o21ai_0)
                                         _3406_ (net)
                  1.32    0.00   36.22 ^ _8243_/A2 (sky130_fd_sc_hd__a21boi_2)
     2    0.01    0.15    0.65   36.87 v _8243_/Y (sky130_fd_sc_hd__a21boi_2)
                                         _3409_ (net)
                  0.15    0.00   36.87 v _8266_/A2 (sky130_fd_sc_hd__o21ai_0)
     3    0.01    1.64    1.47   38.34 ^ _8266_/Y (sky130_fd_sc_hd__o21ai_0)
                                         _3430_ (net)
                  1.64    0.00   38.34 ^ _8267_/B (sky130_fd_sc_hd__nand2_1)
     1    0.00    0.22    0.82   39.16 v _8267_/Y (sky130_fd_sc_hd__nand2_1)
                                         _3431_ (net)
                  0.22    0.00   39.16 v _8268_/B (sky130_fd_sc_hd__xnor2_1)
     1    0.00    0.65    0.75   39.91 ^ _8268_/Y (sky130_fd_sc_hd__xnor2_1)
                                         _3432_ (net)
                  0.65    0.00   39.91 ^ _8269_/B2 (sky130_fd_sc_hd__o221ai_1)
     1    0.00    0.32    0.49   40.40 v _8269_/Y (sky130_fd_sc_hd__o221ai_1)
                                         _3433_ (net)
                  0.32    0.00   40.40 v _8271_/A2 (sky130_fd_sc_hd__o21ai_0)
     1    0.00    0.45    0.65   41.05 ^ _8271_/Y (sky130_fd_sc_hd__o21ai_0)
                                         _0266_ (net)
                  0.45    0.00   41.05 ^ rv32_soc/reg_next_pc[27]$_SDFFE_PN0P_/D (sky130_fd_sc_hd__dfxtp_2)
                                 41.05   data arrival time

                         25.00   25.00   clock clk0 (rise edge)
                          5.83   30.83   clock network delay (propagated)
                          0.00   30.83   clock reconvergence pessimism
                                 30.83 ^ rv32_soc/reg_next_pc[27]$_SDFFE_PN0P_/CLK (sky130_fd_sc_hd__dfxtp_2)
                         -0.33   30.50   library setup time
                                 30.50   data required time
-----------------------------------------------------------------------------
                                 30.50   data required time
                                -41.05   data arrival time
-----------------------------------------------------------------------------
                                -10.54   slack (VIOLATED)


Startpoint: rv32_soc/latched_stalu$_SDFFE_PN0P_
            (rising edge-triggered flip-flop clocked by clk0)
Endpoint: rv32_soc/reg_next_pc[30]$_SDFFE_PN0P_
          (rising edge-triggered flip-flop clocked by clk0)
Path Group: clk0
Path Type: max
Corner: slow

Fanout     Cap    Slew   Delay    Time   Description
-----------------------------------------------------------------------------
                          0.00    0.00   clock clk0 (rise edge)
                          5.79    5.79   clock network delay (propagated)
                  0.37    0.00    5.79 ^ rv32_soc/latched_stalu$_SDFFE_PN0P_/CLK (sky130_fd_sc_hd__dfxtp_2)
    33    0.21    3.93    4.18    9.97 ^ rv32_soc/latched_stalu$_SDFFE_PN0P_/Q (sky130_fd_sc_hd__dfxtp_2)
                                         rv32_soc/latched_stalu (net)
                  3.93    0.01    9.97 ^ _5053_/S (sky130_fd_sc_hd__mux2i_1)
     2    0.01    0.93    2.47   12.45 ^ _5053_/Y (sky130_fd_sc_hd__mux2i_1)
                                         _0613_ (net)
                  0.93    0.00   12.45 ^ _5055_/A2 (sky130_fd_sc_hd__o21a_1)
     6    0.03    1.01    1.35   13.80 ^ _5055_/X (sky130_fd_sc_hd__o21a_1)
                                         _0615_ (net)
                  1.01    0.00   13.80 ^ _5057_/A (sky130_fd_sc_hd__clkinv_1)
     3    0.01    0.27    0.73   14.53 v _5057_/Y (sky130_fd_sc_hd__clkinv_1)
                                         _4206_ (net)
                  0.27    0.00   14.53 v _9468_/A (sky130_fd_sc_hd__ha_1)
     1    0.00    0.18    1.52   16.05 v _9468_/SUM (sky130_fd_sc_hd__ha_1)
                                         _4644_ (net)
                  0.18    0.00   16.05 v _8002_/A2 (sky130_fd_sc_hd__a21o_1)
     1    0.00    0.10    0.73   16.78 v _8002_/X (sky130_fd_sc_hd__a21o_1)
                                         _3189_ (net)
                  0.10    0.00   16.78 v _8003_/A2 (sky130_fd_sc_hd__a21oi_2)
     2    0.01    0.52    0.65   17.43 ^ _8003_/Y (sky130_fd_sc_hd__a21oi_2)
                                         _3190_ (net)
                  0.52    0.00   17.43 ^ _8021_/A2 (sky130_fd_sc_hd__o21ai_0)
     1    0.01    0.26    0.49   17.92 v _8021_/Y (sky130_fd_sc_hd__o21ai_0)
                                         _3206_ (net)
                  0.26    0.00   17.92 v _8022_/A2 (sky130_fd_sc_hd__a21oi_2)
     2    0.01    0.55    0.77   18.69 ^ _8022_/Y (sky130_fd_sc_hd__a21oi_2)
                                         _3207_ (net)
                  0.55    0.00   18.69 ^ _8047_/A2 (sky130_fd_sc_hd__o21ai_0)
     1    0.01    0.24    0.49   19.19 v _8047_/Y (sky130_fd_sc_hd__o21ai_0)
                                         _3230_ (net)
                  0.24    0.00   19.19 v _8048_/A2 (sky130_fd_sc_hd__a21oi_2)
     2    0.01    0.53    0.74   19.93 ^ _8048_/Y (sky130_fd_sc_hd__a21oi_2)
                                         _3231_ (net)
                  0.53    0.00   19.93 ^ _8069_/A2 (sky130_fd_sc_hd__o21ai_0)
     1    0.01    0.22    0.46   20.39 v _8069_/Y (sky130_fd_sc_hd__o21ai_0)
                                         _3250_ (net)
                  0.22    0.00   20.39 v _8070_/A2 (sky130_fd_sc_hd__a21oi_2)
     2    0.01    0.53    0.73   21.12 ^ _8070_/Y (sky130_fd_sc_hd__a21oi_2)
                                         _3251_ (net)
                  0.53    0.00   21.12 ^ _8099_/A2 (sky130_fd_sc_hd__o21ai_0)
     1    0.00    0.17    0.43   21.55 v _8099_/Y (sky130_fd_sc_hd__o21ai_0)
                                         _3278_ (net)
                  0.17    0.00   21.55 v _8100_/A2 (sky130_fd_sc_hd__a21o_1)
     3    0.01    0.13    0.76   22.31 v _8100_/X (sky130_fd_sc_hd__a21o_1)
                                         _3279_ (net)
                  0.13    0.00   22.31 v _8121_/A2 (sky130_fd_sc_hd__a21o_1)
     1    0.00    0.10    0.69   23.00 v _8121_/X (sky130_fd_sc_hd__a21o_1)
                                         _3298_ (net)
                  0.10    0.00   23.00 v _8122_/A2 (sky130_fd_sc_hd__a21o_1)
     3    0.01    0.13    0.71   23.71 v _8122_/X (sky130_fd_sc_hd__a21o_1)
                                         _3299_ (net)
                  0.13    0.00   23.71 v _8142_/A2 (sky130_fd_sc_hd__a21o_1)
     1    0.01    0.12    0.72   24.43 v _8142_/X (sky130_fd_sc_hd__a21o_1)
                                         _3317_ (net)
                  0.12    0.00   24.43 v _8143_/A2 (sky130_fd_sc_hd__a21o_4)
     3    0.01    0.12    0.93   25.36 v _8143_/X (sky130_fd_sc_hd__a21o_4)
                                         _3318_ (net)
                  0.12    0.00   25.36 v _8165_/A2 (sky130_fd_sc_hd__a21o_1)
     1    0.01    0.12    0.71   26.07 v _8165_/X (sky130_fd_sc_hd__a21o_1)
                                         _3338_ (net)
                  0.12    0.00   26.07 v _8166_/A2 (sky130_fd_sc_hd__a21o_4)
     3    0.01    0.12    0.94   27.01 v _8166_/X (sky130_fd_sc_hd__a21o_4)
                                         _3339_ (net)
                  0.12    0.00   27.01 v _8187_/A2 (sky130_fd_sc_hd__a21o_1)
     1    0.01    0.11    0.71   27.71 v _8187_/X (sky130_fd_sc_hd__a21o_1)
                                         _3358_ (net)
                  0.11    0.00   27.71 v _8188_/A2 (sky130_fd_sc_hd__a21o_4)
     3    0.01    0.12    0.93   28.64 v _8188_/X (sky130_fd_sc_hd__a21o_4)
                                         _3359_ (net)
                  0.12    0.00   28.64 v _8211_/A2 (sky130_fd_sc_hd__a21o_1)
     1    0.01    0.12    0.71   29.35 v _8211_/X (sky130_fd_sc_hd__a21o_1)
                                         _3380_ (net)
                  0.12    0.00   29.35 v _8212_/A2 (sky130_fd_sc_hd__a21o_4)
     3    0.01    0.12    0.93   30.28 v _8212_/X (sky130_fd_sc_hd__a21o_4)
                                         _3381_ (net)
                  0.12    0.00   30.28 v _8231_/A2 (sky130_fd_sc_hd__a21o_4)
     1    0.01    0.12    0.93   31.22 v _8231_/X (sky130_fd_sc_hd__a21o_4)
                                         _3398_ (net)
                  0.12    0.00   31.22 v _8232_/A2 (sky130_fd_sc_hd__a21o_4)
     2    0.01    0.11    0.92   32.14 v _8232_/X (sky130_fd_sc_hd__a21o_4)
                                         _3399_ (net)
                  0.11    0.00   32.14 v _8252_/A2 (sky130_fd_sc_hd__a21o_1)
     1    0.01    0.11    0.70   32.84 v _8252_/X (sky130_fd_sc_hd__a21o_1)
                                         _3417_ (net)
                  0.11    0.00   32.84 v _8253_/A2 (sky130_fd_sc_hd__a21o_4)
     2    0.01    0.12    0.93   33.77 v _8253_/X (sky130_fd_sc_hd__a21o_4)
                                         _3418_ (net)
                  0.12    0.00   33.77 v _8274_/A3 (sky130_fd_sc_hd__a31o_4)
     3    0.01    0.12    1.02   34.80 v _8274_/X (sky130_fd_sc_hd__a31o_4)
                                         _3437_ (net)
                  0.12    0.00   34.80 v _8298_/C (sky130_fd_sc_hd__and3_4)
     2    0.00    0.10    0.77   35.56 v _8298_/X (sky130_fd_sc_hd__and3_4)
                                         _3459_ (net)
                  0.10    0.00   35.56 v _8299_/C (sky130_fd_sc_hd__or3_1)
     1    0.00    0.23    1.68   37.25 v _8299_/X (sky130_fd_sc_hd__or3_1)
                                         _3460_ (net)
                  0.23    0.00   37.25 v _8304_/A2 (sky130_fd_sc_hd__a31oi_1)
     1    0.00    0.49    0.71   37.95 ^ _8304_/Y (sky130_fd_sc_hd__a31oi_1)
                                         _3465_ (net)
                  0.49    0.00   37.95 ^ _8307_/A1 (sky130_fd_sc_hd__o21ai_0)
     1    0.00    0.13    0.38   38.34 v _8307_/Y (sky130_fd_sc_hd__o21ai_0)
                                         _0269_ (net)
                  0.13    0.00   38.34 v rv32_soc/reg_next_pc[30]$_SDFFE_PN0P_/D (sky130_fd_sc_hd__dfxtp_2)
                                 38.34   data arrival time

                         25.00   25.00   clock clk0 (rise edge)
                          5.74   30.74   clock network delay (propagated)
                          0.00   30.74   clock reconvergence pessimism
                                 30.74 ^ rv32_soc/reg_next_pc[30]$_SDFFE_PN0P_/CLK (sky130_fd_sc_hd__dfxtp_2)
                         -0.70   30.04   library setup time
                                 30.04   data required time
-----------------------------------------------------------------------------
                                 30.04   data required time
                                -38.34   data arrival time
-----------------------------------------------------------------------------
                                 -8.30   slack (VIOLATED)


Startpoint: rv32_soc/latched_stalu$_SDFFE_PN0P_
            (rising edge-triggered flip-flop clocked by clk0)
Endpoint: rv32_soc/reg_next_pc[25]$_SDFFE_PN0P_
          (rising edge-triggered flip-flop clocked by clk0)
Path Group: clk0
Path Type: max
Corner: slow

Fanout     Cap    Slew   Delay    Time   Description
-----------------------------------------------------------------------------
                          0.00    0.00   clock clk0 (rise edge)
                          5.79    5.79   clock network delay (propagated)
                  0.37    0.00    5.79 ^ rv32_soc/latched_stalu$_SDFFE_PN0P_/CLK (sky130_fd_sc_hd__dfxtp_2)
    33    0.21    3.93    4.18    9.97 ^ rv32_soc/latched_stalu$_SDFFE_PN0P_/Q (sky130_fd_sc_hd__dfxtp_2)
                                         rv32_soc/latched_stalu (net)
                  3.93    0.01    9.98 ^ _5058_/S (sky130_fd_sc_hd__mux2i_1)
     2    0.01    0.81    2.38   12.36 ^ _5058_/Y (sky130_fd_sc_hd__mux2i_1)
                                         _0616_ (net)
                  0.81    0.00   12.36 ^ _5060_/A2 (sky130_fd_sc_hd__o21a_1)
     4    0.02    0.68    1.05   13.41 ^ _5060_/X (sky130_fd_sc_hd__o21a_1)
                                         _0618_ (net)
                  0.68    0.00   13.41 ^ _5061_/A (sky130_fd_sc_hd__inv_2)
     3    0.01    0.12    0.37   13.78 v _5061_/Y (sky130_fd_sc_hd__inv_2)
                                         _4217_ (net)
                  0.12    0.00   13.78 v _9470_/A (sky130_fd_sc_hd__ha_1)
     3    0.01    0.26    1.56   15.34 v _9470_/SUM (sky130_fd_sc_hd__ha_1)
                                         _4648_ (net)
                  0.26    0.00   15.34 v _8014_/B_N (sky130_fd_sc_hd__nor2b_1)
     1    0.00    0.08    0.57   15.91 v _8014_/Y (sky130_fd_sc_hd__nor2b_1)
                                         _3200_ (net)
                  0.08    0.00   15.91 v _8015_/A2 (sky130_fd_sc_hd__o21ai_0)
     2    0.01    1.26    1.14   17.04 ^ _8015_/Y (sky130_fd_sc_hd__o21ai_0)
                                         _3201_ (net)
                  1.26    0.00   17.04 ^ _8037_/A2 (sky130_fd_sc_hd__a21boi_2)
     1    0.00    0.12    0.59   17.64 v _8037_/Y (sky130_fd_sc_hd__a21boi_2)
                                         _3221_ (net)
                  0.12    0.00   17.64 v _8038_/A2 (sky130_fd_sc_hd__o21ai_0)
     2    0.01    1.43    1.30   18.93 ^ _8038_/Y (sky130_fd_sc_hd__o21ai_0)
                                         _3222_ (net)
                  1.43    0.00   18.93 ^ _8039_/A2 (sky130_fd_sc_hd__a21boi_2)
     2    0.01    0.16    0.69   19.62 v _8039_/Y (sky130_fd_sc_hd__a21boi_2)
                                         _3223_ (net)
                  0.16    0.00   19.62 v _8057_/A2 (sky130_fd_sc_hd__o21ai_0)
     2    0.01    1.17    1.12   20.74 ^ _8057_/Y (sky130_fd_sc_hd__o21ai_0)
                                         _3239_ (net)
                  1.17    0.00   20.74 ^ _8058_/A2 (sky130_fd_sc_hd__a21boi_2)
     2    0.00    0.13    0.59   21.33 v _8058_/Y (sky130_fd_sc_hd__a21boi_2)
                                         _3240_ (net)
                  0.13    0.00   21.33 v _8081_/A2 (sky130_fd_sc_hd__o21ai_0)
     2    0.01    1.29    1.19   22.52 ^ _8081_/Y (sky130_fd_sc_hd__o21ai_0)
                                         _3261_ (net)
                  1.29    0.00   22.52 ^ _8082_/A2 (sky130_fd_sc_hd__a21boi_2)
     2    0.01    0.15    0.64   23.17 v _8082_/Y (sky130_fd_sc_hd__a21boi_2)
                                         _3262_ (net)
                  0.15    0.00   23.17 v _8107_/A2 (sky130_fd_sc_hd__o21ai_0)
     2    0.01    1.34    1.24   24.41 ^ _8107_/Y (sky130_fd_sc_hd__o21ai_0)
                                         _3285_ (net)
                  1.34    0.00   24.41 ^ _8108_/A2 (sky130_fd_sc_hd__a21boi_2)
     2    0.01    0.16    0.67   25.08 v _8108_/Y (sky130_fd_sc_hd__a21boi_2)
                                         _3286_ (net)
                  0.16    0.00   25.08 v _8131_/A2 (sky130_fd_sc_hd__o21ai_0)
     2    0.01    1.23    1.17   26.25 ^ _8131_/Y (sky130_fd_sc_hd__o21ai_0)
                                         _3307_ (net)
                  1.23    0.00   26.25 ^ _8132_/A2 (sky130_fd_sc_hd__a21boi_2)
     2    0.01    0.15    0.63   26.88 v _8132_/Y (sky130_fd_sc_hd__a21boi_2)
                                         _3308_ (net)
                  0.15    0.00   26.88 v _8154_/A2 (sky130_fd_sc_hd__o21ai_0)
     2    0.01    1.55    1.40   28.28 ^ _8154_/Y (sky130_fd_sc_hd__o21ai_0)
                                         _3328_ (net)
                  1.55    0.00   28.28 ^ _8155_/A2 (sky130_fd_sc_hd__a21boi_2)
     2    0.01    0.17    0.73   29.01 v _8155_/Y (sky130_fd_sc_hd__a21boi_2)
                                         _3329_ (net)
                  0.17    0.00   29.01 v _8176_/A2 (sky130_fd_sc_hd__o21ai_0)
     2    0.01    1.35    1.26   30.27 ^ _8176_/Y (sky130_fd_sc_hd__o21ai_0)
                                         _3348_ (net)
                  1.35    0.00   30.27 ^ _8177_/A2 (sky130_fd_sc_hd__a21boi_2)
     2    0.01    0.17    0.69   30.97 v _8177_/Y (sky130_fd_sc_hd__a21boi_2)
                                         _3349_ (net)
                  0.17    0.00   30.97 v _8199_/A2 (sky130_fd_sc_hd__o21ai_0)
     2    0.01    1.21    1.15   32.12 ^ _8199_/Y (sky130_fd_sc_hd__o21ai_0)
                                         _3369_ (net)
                  1.21    0.00   32.12 ^ _8200_/A2 (sky130_fd_sc_hd__a21boi_2)
     2    0.01    0.15    0.62   32.74 v _8200_/Y (sky130_fd_sc_hd__a21boi_2)
                                         _3370_ (net)
                  0.15    0.00   32.74 v _8223_/A2 (sky130_fd_sc_hd__o21ai_0)
     2    0.01    1.49    1.35   34.09 ^ _8223_/Y (sky130_fd_sc_hd__o21ai_0)
                                         _3391_ (net)
                  1.49    0.00   34.09 ^ _8224_/A2 (sky130_fd_sc_hd__a21boi_1)
     2    0.01    0.25    0.85   34.94 v _8224_/Y (sky130_fd_sc_hd__a21boi_1)
                                         _3392_ (net)
                  0.25    0.00   34.94 v _8240_/A2 (sky130_fd_sc_hd__o21ai_0)
     2    0.01    1.32    1.28   36.22 ^ _8240_/Y (sky130_fd_sc_hd__o21ai_0)
                                         _3406_ (net)
                  1.32    0.00   36.22 ^ _8241_/B (sky130_fd_sc_hd__nand2_1)
     1    0.00    0.16    0.63   36.86 v _8241_/Y (sky130_fd_sc_hd__nand2_1)
                                         _3407_ (net)
                  0.16    0.00   36.86 v _8242_/B (sky130_fd_sc_hd__nor2_1)
     1    0.00    0.23    0.31   37.17 ^ _8242_/Y (sky130_fd_sc_hd__nor2_1)
                                         _3408_ (net)
                  0.23    0.00   37.17 ^ _8244_/A1 (sky130_fd_sc_hd__o21ai_0)
     1    0.00    0.22    0.28   37.45 v _8244_/Y (sky130_fd_sc_hd__o21ai_0)
                                         _3410_ (net)
                  0.22    0.00   37.45 v _8250_/A1 (sky130_fd_sc_hd__a32o_1)
     1    0.00    0.10    0.94   38.39 v _8250_/X (sky130_fd_sc_hd__a32o_1)
                                         _0264_ (net)
                  0.10    0.00   38.39 v rv32_soc/reg_next_pc[25]$_SDFFE_PN0P_/D (sky130_fd_sc_hd__dfxtp_2)
                                 38.39   data arrival time

                         25.00   25.00   clock clk0 (rise edge)
                          5.83   30.83   clock network delay (propagated)
                          0.00   30.83   clock reconvergence pessimism
                                 30.83 ^ rv32_soc/reg_next_pc[25]$_SDFFE_PN0P_/CLK (sky130_fd_sc_hd__dfxtp_2)
                         -0.71   30.13   library setup time
                                 30.13   data required time
-----------------------------------------------------------------------------
                                 30.13   data required time
                                -38.39   data arrival time
-----------------------------------------------------------------------------
                                 -8.26   slack (VIOLATED)


