OpenROAD v2.0-20575-ge78e29127 
Features included (+) or not (-): +GPU +GUI +Python
This program is licensed under the BSD-3 license. See the LICENSE file for details.
Components of this program may be licensed under more restrictive licenses which must be honored.
##############################
# Schema Adapter
###############################
set sc_step [sc_cfg_get arg step]
set sc_index [sc_cfg_get arg index]
set sc_flow [sc_cfg_get option flow]
set sc_tool [sc_cfg_get flowgraph $sc_flow $sc_step $sc_index tool]
set sc_task [sc_cfg_get flowgraph $sc_flow $sc_step $sc_index task]
set sc_refdir [sc_cfg_tool_task_get refdir]
##############################
# Setup debugging
###############################
source -echo "$sc_refdir/common/debugging.tcl"
###############################
# Setup debugging if requested
###############################
if { [llength [sc_cfg_tool_task_get {var} debug_level]] > 0 } {
    foreach debug [sc_cfg_tool_task_get {var} debug_level] {
        lassign [split $debug " "] debug_tool debug_category debug_level
        utl::info FLW 1 "Setting debugging for $debug_tool/$debug_category/$debug_level"
        set_debug_level $debug_tool $debug_category $debug_level
    }
}
###############################
# Suppress messages if requested
###############################
foreach msg [sc_cfg_tool_task_get warningoff] {
    set or_msg [split $msg "-"]
    if { [llength $or_msg] != 2 } {
        utl::warn FLW 1 "$msg is not a valid message id"
    } else {
        set or_tool [lindex $or_msg 0]
        set or_msg_id [expr { int([lindex $or_msg 1]) }]
        utl::info FLW 1 "Suppressing $msg messages"
        suppress_message $or_tool $or_msg_id
    }
}
###############################
# Setup helper functions
###############################
source "$sc_refdir/common/procs.tcl"
###############################
# Design information
###############################
# Design
set sc_design [sc_top]
set sc_optmode [sc_cfg_get option optmode]
set sc_pdk [sc_cfg_get option pdk]
set sc_stackup [sc_cfg_get option stackup]
# APR Parameters
set sc_targetlibs [sc_get_asic_libraries logic]
set sc_mainlib [lindex $sc_targetlibs 0]
set sc_delaymodel [sc_cfg_get asic delaymodel]
# Hard macro libraries
set sc_macrolibs [sc_get_asic_libraries macro]
# Threads
set_thread_count [sc_cfg_tool_task_get threads]
[INFO ORD-0030] Using 2 thread(s).
###############################
# Read Files
###############################
source -echo "$sc_refdir/common/read_liberty.tcl"
set sc_scenarios [dict keys [sc_cfg_get constraint timing]]
set sc_delaymodel [sc_cfg_get asic delaymodel]
# Read Liberty
utl::info FLW 1 "Defining timing corners: $sc_scenarios"
[INFO FLW-0001] Defining timing corners: slow fast typical
define_corners {*}$sc_scenarios
foreach lib "$sc_targetlibs $sc_macrolibs" {
    #Liberty
    foreach corner $sc_scenarios {
        foreach libcorner [sc_cfg_get constraint timing $corner libcorner] {
            if { [sc_cfg_exists library $lib output $libcorner $sc_delaymodel] } {
                foreach lib_file [sc_cfg_get library $lib output $libcorner $sc_delaymodel] {
                    puts "Reading liberty file for ${corner} ($libcorner): ${lib_file}"
                    read_liberty -corner $corner $lib_file
                }
                break
            }
        }
    }
}
Reading liberty file for slow (slow): /nfs/sc_compute/cache/lambdapdk-v0.1.50/lambdapdk/sky130/libs/sky130hd/nldm/sky130_fd_sc_hd__ss_n40C_1v40.lib.gz
Reading liberty file for fast (fast): /nfs/sc_compute/cache/lambdapdk-v0.1.50/lambdapdk/sky130/libs/sky130hd/nldm/sky130_fd_sc_hd__ff_100C_1v95.lib.gz
Reading liberty file for typical (typical): /nfs/sc_compute/cache/lambdapdk-v0.1.50/lambdapdk/sky130/libs/sky130hd/nldm/sky130_fd_sc_hd__tt_025C_1v80.lib.gz
source -echo "$sc_refdir/common/read_input_files.tcl"
###############################
# Read design files
###############################
if { [sc_has_input_files odb "input layout odb"] } {
    foreach odb_file [sc_get_input_files odb "input layout odb"] {
        puts "Reading ODB: ${odb_file}"
        read_db $odb_file
    }
} else {
    set sc_libtype [sc_cfg_get library $sc_mainlib asic libarch]
    set sc_techlef [sc_cfg_get pdk $sc_pdk aprtech openroad $sc_stackup $sc_libtype lef]
    # Read techlef
    puts "Reading techlef: ${sc_techlef}"
    read_lef $sc_techlef
    # Read Lefs
    foreach lib "$sc_targetlibs $sc_macrolibs" {
        foreach lef_file [sc_cfg_get library $lib output $sc_stackup lef] {
            puts "Reading lef: ${lef_file}"
            read_lef $lef_file
        }
    }
    if { [file exists "inputs/${sc_design}.def"] } {
        # Read DEF
        # get from previous step
        puts "Reading DEF: inputs/${sc_design}.def"
        read_def "inputs/${sc_design}.def"
    } elseif { [sc_cfg_exists input layout def] } {
        # Read DEF
        set sc_def [lindex [sc_cfg_get input layout def] 0]
        puts "Reading DEF: ${sc_def}"
        read_def $sc_def
    } elseif { [file exists "inputs/${sc_design}.vg"] } {
        # Read Verilog
        puts "Reading netlist verilog: inputs/${sc_design}.vg"
        read_verilog "inputs/${sc_design}.vg"
        link_design $sc_design
    } elseif { [sc_cfg_exists input netlist verilog] } {
        # Read Verilog
        foreach netlist [sc_cfg_get input netlist verilog] {
            puts "Reading netlist verilog: ${netlist}"
            read_verilog $netlist
        }
        link_design $sc_design
    } else {
        utl::error FLW 1 "No input files available"
    }
    # Handle global connect setup
    if { [sc_cfg_tool_task_exists {file} global_connect] } {
        foreach global_connect [sc_cfg_tool_task_get {file} global_connect] {
            puts "Loading global connect configuration: ${global_connect}"
            source $global_connect
        }
    }
    tee -file reports/global_connections.rpt {report_global_connect}
}
Reading ODB: inputs/picorv32_top.odb
source -echo "$sc_refdir/common/read_timing_constraints.tcl"
###############################
# Read timing constraints
###############################
if { [sc_has_input_files sdc "input constraint sdc"] } {
    foreach sdc [sc_get_input_files sdc "input constraint sdc"] {
        puts "Reading SDC: ${sdc}"
        read_sdc $sdc
    }
} else {
    # fall back on default auto generated constraints file
    set sdc [sc_cfg_tool_task_get {file} opensta_generic_sdc]
    puts "Reading SDC: ${sdc}"
    utl::warn FLW 1 "Defaulting back to default SDC"
    read_sdc "${sdc}"
}
Reading SDC: inputs/picorv32_top.sdc
###############################
# Common Setup
###############################
sc_setup_sta
sc_setup_parasitics
[INFO FLW-0001] Using met5 for clock parasitics estimation
[INFO FLW-0001] Using met2 for signal parasitics estimation
sc_set_dont_use
sc_setup_global_routing
[INFO FLW-0001] Setting global routing adjustment for li1 to 100.0%
[INFO FLW-0001] Setting global routing adjustment for met1 to 40.0%
[INFO FLW-0001] Setting global routing adjustment for met2 to 40.0%
[INFO FLW-0001] Setting global routing adjustment for met3 to 30.0%
[INFO FLW-0001] Setting global routing adjustment for met4 to 30.0%
[INFO FLW-0001] Setting global routing adjustment for met5 to 30.0%
# Store incoming markers to avoid rewriting them
set sc_starting_markers []
foreach markerdb [[ord::get_db_block] getMarkerCategories] {
    lappend sc_starting_markers [$markerdb getName]
}
###############################
# Source Step Script
###############################
report_units_metric
utl::push_metrics_stage "sc__prestep__{}"
if { [sc_cfg_tool_task_exists prescript] } {
    foreach sc_pre_script [sc_cfg_tool_task_get prescript] {
        puts "Sourcing pre script: ${sc_pre_script}"
        source -echo $sc_pre_script
    }
}
utl::pop_metrics_stage
utl::push_metrics_stage "sc__step__{}"
set openroad_dont_touch {}
if { [sc_cfg_tool_task_exists {var} dont_touch] } {
    set openroad_dont_touch [sc_cfg_tool_task_get {var} dont_touch]
}
if { [llength $openroad_dont_touch] > 0 } {
    # set don't touch list
    set_dont_touch $openroad_dont_touch
}
tee -quiet -file reports/dont_touch.start.rpt {report_dont_touch}
tee -quiet -file reports/dont_use.start.rpt {report_dont_use}
tee -file reports/global_connections.start.rpt {report_global_connect}
Global connection rules: 2
  Instances: ".*" with pins "VPWR" connect to "VDD"
  Instances: ".*" with pins "VGND" connect to "VSS"
Dont use report: reports/dont_use.repair_drv.rpt
repair_design siliconcompiler arguments: -cap_margin 0.0 -slew_margin 0.0
[INFO RSZ-0058] Using max wire length 4718um.
Iteration |   Area    | Resized | Buffers | Nets repaired | Remaining
---------------------------------------------------------------------
        0 |     +0.0% |       0 |       0 |             0 |      7141
     1000 |     +0.0% |     127 |       0 |             0 |      6141
     2000 |     +0.3% |     438 |       0 |             0 |      5141
     3000 |     +0.5% |     689 |       0 |             0 |      4141
     4000 |     +0.7% |     929 |       9 |             5 |      3141
     5000 |     +0.9% |    1226 |       9 |             5 |      2141
     6000 |     +0.9% |    1523 |       9 |             5 |      1141
     7000 |     +0.9% |    1778 |       9 |             5 |       141
    final |     +0.9% |    1778 |       9 |             5 |         0
---------------------------------------------------------------------
[INFO RSZ-0034] Found 5 slew violations.
[INFO RSZ-0036] Found 5 capacitance violations.
[INFO RSZ-0039] Resized 1778 instances.
[INFO RSZ-0038] Inserted 9 buffers in 5 nets.
[INFO RSZ-0042] Inserted 1 tie sky130_fd_sc_hd__conb_1 instances.
[INFO RSZ-0042] Inserted 148 tie sky130_fd_sc_hd__conb_1 instances.
if { [llength $openroad_dont_touch] > 0 } {
    # unset for next step
    unset_dont_touch $openroad_dont_touch
}
utl::pop_metrics_stage
utl::push_metrics_stage "sc__poststep__{}"
if { [sc_cfg_tool_task_exists postscript] } {
    foreach sc_post_script [sc_cfg_tool_task_get postscript] {
        puts "Sourcing post script: ${sc_post_script}"
        source -echo $sc_post_script
    }
}
utl::pop_metrics_stage
###############################
# Write Design Data
###############################
utl::push_metrics_stage "sc__write__{}"
source "$sc_refdir/common/write_data.tcl"
utl::pop_metrics_stage
###############################
# Reporting
###############################
utl::push_metrics_stage "sc__metric__{}"
source "$sc_refdir/common/reports.tcl"
SC_METRIC: report_checks -path_delay max
Startpoint: rv32_soc/latched_stalu$_SDFFE_PN0P_
            (rising edge-triggered flip-flop clocked by clk0)
Endpoint: rv32_soc/reg_next_pc[31]$_SDFFE_PN0P_
          (rising edge-triggered flip-flop clocked by clk0)
Path Group: clk0
Path Type: max
Corner: slow

Fanout     Cap    Slew   Delay    Time   Description
-----------------------------------------------------------------------------
                  0.00    0.00    0.00   clock clk0 (rise edge)
                          0.00    0.00   clock network delay (ideal)
                  0.00    0.00    0.00 ^ rv32_soc/latched_stalu$_SDFFE_PN0P_/CLK (sky130_fd_sc_hd__dfxtp_2)
    33    0.21    3.79    3.87    3.87 ^ rv32_soc/latched_stalu$_SDFFE_PN0P_/Q (sky130_fd_sc_hd__dfxtp_2)
                                         rv32_soc/latched_stalu (net)
                  3.79    0.02    3.89 ^ _5049_/S (sky130_fd_sc_hd__mux2i_1)
     2    0.01    0.99    2.48    6.37 ^ _5049_/Y (sky130_fd_sc_hd__mux2i_1)
                                         _0610_ (net)
                  0.99    0.00    6.37 ^ _5050_/B (sky130_fd_sc_hd__nor2_2)
     1    0.01    0.37    0.51    6.88 v _5050_/Y (sky130_fd_sc_hd__nor2_2)
                                         _0611_ (net)
                  0.37    0.00    6.88 v _5051_/B1 (sky130_fd_sc_hd__a21oi_2)
     3    0.01    0.65    0.82    7.70 ^ _5051_/Y (sky130_fd_sc_hd__a21oi_2)
                                         _0612_ (net)
                  0.65    0.00    7.70 ^ _5052_/A (sky130_fd_sc_hd__inv_1)
     1    0.01    0.14    0.40    8.10 v _5052_/Y (sky130_fd_sc_hd__inv_1)
                                         _4236_ (net)
                  0.14    0.00    8.10 v _9467_/A (sky130_fd_sc_hd__ha_1)
     2    0.01    0.18    0.93    9.03 v _9467_/COUT (sky130_fd_sc_hd__ha_1)
                                         _4641_ (net)
                  0.18    0.00    9.03 v _7527_/A (sky130_fd_sc_hd__clkinv_1)
     1    0.01    0.22    0.30    9.33 ^ _7527_/Y (sky130_fd_sc_hd__clkinv_1)
                                         _4253_ (net)
                  0.22    0.00    9.33 ^ _9304_/CIN (sky130_fd_sc_hd__fa_1)
     2    0.01    0.35    0.67    9.99 ^ _9304_/COUT (sky130_fd_sc_hd__fa_1)
                                         _4254_ (net)
                  0.35    0.00    9.99 ^ _8014_/A (sky130_fd_sc_hd__nor2b_1)
     1    0.01    0.11    0.25   10.25 v _8014_/Y (sky130_fd_sc_hd__nor2b_1)
                                         _3200_ (net)
                  0.11    0.00   10.25 v _8015_/A2 (sky130_fd_sc_hd__o21ai_0)
     2    0.01    1.48    1.32   11.57 ^ _8015_/Y (sky130_fd_sc_hd__o21ai_0)
                                         _3201_ (net)
                  1.48    0.00   11.57 ^ _8037_/A2 (sky130_fd_sc_hd__a21boi_2)
     1    0.00    0.15    0.69   12.27 v _8037_/Y (sky130_fd_sc_hd__a21boi_2)
                                         _3221_ (net)
                  0.15    0.00   12.27 v _8038_/A2 (sky130_fd_sc_hd__o21ai_0)
     2    0.01    1.22    1.15   13.41 ^ _8038_/Y (sky130_fd_sc_hd__o21ai_0)
                                         _3222_ (net)
                  1.22    0.00   13.41 ^ _8039_/A2 (sky130_fd_sc_hd__a21boi_2)
     2    0.01    0.17    0.65   14.06 v _8039_/Y (sky130_fd_sc_hd__a21boi_2)
                                         _3223_ (net)
                  0.17    0.00   14.06 v _8057_/A2 (sky130_fd_sc_hd__o21ai_0)
     2    0.01    1.37    1.27   15.33 ^ _8057_/Y (sky130_fd_sc_hd__o21ai_0)
                                         _3239_ (net)
                  1.37    0.00   15.33 ^ _8058_/A2 (sky130_fd_sc_hd__a21boi_2)
     2    0.01    0.15    0.66   15.99 v _8058_/Y (sky130_fd_sc_hd__a21boi_2)
                                         _3240_ (net)
                  0.15    0.00   15.99 v _8081_/A2 (sky130_fd_sc_hd__o21ai_0)
     2    0.01    1.56    1.41   17.40 ^ _8081_/Y (sky130_fd_sc_hd__o21ai_0)
                                         _3261_ (net)
                  1.56    0.00   17.40 ^ _8082_/A2 (sky130_fd_sc_hd__a21boi_2)
     2    0.01    0.18    0.75   18.15 v _8082_/Y (sky130_fd_sc_hd__a21boi_2)
                                         _3262_ (net)
                  0.18    0.00   18.15 v _8107_/A2 (sky130_fd_sc_hd__o21ai_0)
     2    0.01    1.38    1.29   19.44 ^ _8107_/Y (sky130_fd_sc_hd__o21ai_0)
                                         _3285_ (net)
                  1.38    0.00   19.44 ^ _8108_/A2 (sky130_fd_sc_hd__a21boi_2)
     2    0.01    0.17    0.69   20.13 v _8108_/Y (sky130_fd_sc_hd__a21boi_2)
                                         _3286_ (net)
                  0.17    0.00   20.13 v _8131_/A2 (sky130_fd_sc_hd__o21ai_0)
     2    0.01    1.73    1.55   21.68 ^ _8131_/Y (sky130_fd_sc_hd__o21ai_0)
                                         _3307_ (net)
                  1.73    0.00   21.68 ^ _8132_/A2 (sky130_fd_sc_hd__a21boi_2)
     2    0.01    0.18    0.79   22.47 v _8132_/Y (sky130_fd_sc_hd__a21boi_2)
                                         _3308_ (net)
                  0.18    0.00   22.47 v _8154_/A2 (sky130_fd_sc_hd__o21ai_0)
     2    0.01    1.62    1.48   23.95 ^ _8154_/Y (sky130_fd_sc_hd__o21ai_0)
                                         _3328_ (net)
                  1.62    0.00   23.95 ^ _8155_/A2 (sky130_fd_sc_hd__a21boi_2)
     2    0.01    0.17    0.76   24.71 v _8155_/Y (sky130_fd_sc_hd__a21boi_2)
                                         _3329_ (net)
                  0.17    0.00   24.71 v _8176_/A2 (sky130_fd_sc_hd__o21ai_0)
     2    0.01    1.25    1.18   25.90 ^ _8176_/Y (sky130_fd_sc_hd__o21ai_0)
                                         _3348_ (net)
                  1.25    0.00   25.90 ^ _8177_/A2 (sky130_fd_sc_hd__a21boi_2)
     2    0.01    0.15    0.64   26.54 v _8177_/Y (sky130_fd_sc_hd__a21boi_2)
                                         _3349_ (net)
                  0.15    0.00   26.54 v _8199_/A2 (sky130_fd_sc_hd__o21ai_0)
     2    0.01    1.27    1.19   27.72 ^ _8199_/Y (sky130_fd_sc_hd__o21ai_0)
                                         _3369_ (net)
                  1.27    0.00   27.72 ^ _8200_/A2 (sky130_fd_sc_hd__a21boi_2)
     2    0.01    0.15    0.64   28.36 v _8200_/Y (sky130_fd_sc_hd__a21boi_2)
                                         _3370_ (net)
                  0.15    0.00   28.36 v _8223_/A2 (sky130_fd_sc_hd__o21ai_0)
     2    0.01    1.51    1.37   29.74 ^ _8223_/Y (sky130_fd_sc_hd__o21ai_0)
                                         _3391_ (net)
                  1.51    0.00   29.74 ^ _8224_/A2 (sky130_fd_sc_hd__a21boi_1)
     2    0.01    0.25    0.86   30.60 v _8224_/Y (sky130_fd_sc_hd__a21boi_1)
                                         _3392_ (net)
                  0.25    0.00   30.60 v _8240_/A2 (sky130_fd_sc_hd__o21ai_0)
     2    0.01    1.52    1.44   32.03 ^ _8240_/Y (sky130_fd_sc_hd__o21ai_0)
                                         _3406_ (net)
                  1.52    0.00   32.03 ^ _8243_/A2 (sky130_fd_sc_hd__a21boi_2)
     2    0.01    0.16    0.71   32.75 v _8243_/Y (sky130_fd_sc_hd__a21boi_2)
                                         _3409_ (net)
                  0.16    0.00   32.75 v _8266_/A2 (sky130_fd_sc_hd__o21ai_0)
     3    0.01    1.79    1.60   34.34 ^ _8266_/Y (sky130_fd_sc_hd__o21ai_0)
                                         _3430_ (net)
                  1.79    0.00   34.34 ^ _8309_/A2 (sky130_fd_sc_hd__a2111oi_1)
     2    0.01    0.29    1.00   35.35 v _8309_/Y (sky130_fd_sc_hd__a2111oi_1)
                                         _3469_ (net)
                  0.29    0.00   35.35 v _8313_/A (sky130_fd_sc_hd__nor3_1)
     1    0.01    0.88    1.08   36.42 ^ _8313_/Y (sky130_fd_sc_hd__nor3_1)
                                         _3473_ (net)
                  0.88    0.00   36.42 ^ _8318_/A1 (sky130_fd_sc_hd__o221ai_1)
     1    0.00    0.59    0.68   37.11 v _8318_/Y (sky130_fd_sc_hd__o221ai_1)
                                         _3478_ (net)
                  0.59    0.00   37.11 v _8320_/B1 (sky130_fd_sc_hd__a22o_1)
     1    0.00    0.10    0.99   38.10 v _8320_/X (sky130_fd_sc_hd__a22o_1)
                                         _0270_ (net)
                  0.10    0.00   38.10 v rv32_soc/reg_next_pc[31]$_SDFFE_PN0P_/D (sky130_fd_sc_hd__dfxtp_2)
                                 38.10   data arrival time

                  0.00   25.00   25.00   clock clk0 (rise edge)
                          0.00   25.00   clock network delay (ideal)
                          0.00   25.00   clock reconvergence pessimism
                                 25.00 ^ rv32_soc/reg_next_pc[31]$_SDFFE_PN0P_/CLK (sky130_fd_sc_hd__dfxtp_2)
                         -0.84   24.16   library setup time
                                 24.16   data required time
-----------------------------------------------------------------------------
                                 24.16   data required time
                                -38.10   data arrival time
-----------------------------------------------------------------------------
                                -13.94   slack (VIOLATED)


SC_METRIC: setupslack
worst slack -13.94
SC_METRIC: tns
tns -208.00
SC_METRIC: unconstrained
Startpoint: rv32_soc/latched_stalu$_SDFFE_PN0P_
            (rising edge-triggered flip-flop clocked by clk0)
Endpoint: rv32_soc/reg_next_pc[31]$_SDFFE_PN0P_
          (rising edge-triggered flip-flop clocked by clk0)
Path Group: clk0
Path Type: max
Corner: slow

Fanout     Cap    Slew   Delay    Time   Description
-----------------------------------------------------------------------------
                  0.00    0.00    0.00   clock clk0 (rise edge)
                          0.00    0.00   clock network delay (ideal)
                  0.00    0.00    0.00 ^ rv32_soc/latched_stalu$_SDFFE_PN0P_/CLK (sky130_fd_sc_hd__dfxtp_2)
    33    0.21    3.79    3.87    3.87 ^ rv32_soc/latched_stalu$_SDFFE_PN0P_/Q (sky130_fd_sc_hd__dfxtp_2)
                                         rv32_soc/latched_stalu (net)
                  3.79    0.02    3.89 ^ _5049_/S (sky130_fd_sc_hd__mux2i_1)
     2    0.01    0.99    2.48    6.37 ^ _5049_/Y (sky130_fd_sc_hd__mux2i_1)
                                         _0610_ (net)
                  0.99    0.00    6.37 ^ _5050_/B (sky130_fd_sc_hd__nor2_2)
     1    0.01    0.37    0.51    6.88 v _5050_/Y (sky130_fd_sc_hd__nor2_2)
                                         _0611_ (net)
                  0.37    0.00    6.88 v _5051_/B1 (sky130_fd_sc_hd__a21oi_2)
     3    0.01    0.65    0.82    7.70 ^ _5051_/Y (sky130_fd_sc_hd__a21oi_2)
                                         _0612_ (net)
                  0.65    0.00    7.70 ^ _5052_/A (sky130_fd_sc_hd__inv_1)
     1    0.01    0.14    0.40    8.10 v _5052_/Y (sky130_fd_sc_hd__inv_1)
                                         _4236_ (net)
                  0.14    0.00    8.10 v _9467_/A (sky130_fd_sc_hd__ha_1)
     2    0.01    0.18    0.93    9.03 v _9467_/COUT (sky130_fd_sc_hd__ha_1)
                                         _4641_ (net)
                  0.18    0.00    9.03 v _7527_/A (sky130_fd_sc_hd__clkinv_1)
     1    0.01    0.22    0.30    9.33 ^ _7527_/Y (sky130_fd_sc_hd__clkinv_1)
                                         _4253_ (net)
                  0.22    0.00    9.33 ^ _9304_/CIN (sky130_fd_sc_hd__fa_1)
     2    0.01    0.35    0.67    9.99 ^ _9304_/COUT (sky130_fd_sc_hd__fa_1)
                                         _4254_ (net)
                  0.35    0.00    9.99 ^ _8014_/A (sky130_fd_sc_hd__nor2b_1)
     1    0.01    0.11    0.25   10.25 v _8014_/Y (sky130_fd_sc_hd__nor2b_1)
                                         _3200_ (net)
                  0.11    0.00   10.25 v _8015_/A2 (sky130_fd_sc_hd__o21ai_0)
     2    0.01    1.48    1.32   11.57 ^ _8015_/Y (sky130_fd_sc_hd__o21ai_0)
                                         _3201_ (net)
                  1.48    0.00   11.57 ^ _8037_/A2 (sky130_fd_sc_hd__a21boi_2)
     1    0.00    0.15    0.69   12.27 v _8037_/Y (sky130_fd_sc_hd__a21boi_2)
                                         _3221_ (net)
                  0.15    0.00   12.27 v _8038_/A2 (sky130_fd_sc_hd__o21ai_0)
     2    0.01    1.22    1.15   13.41 ^ _8038_/Y (sky130_fd_sc_hd__o21ai_0)
                                         _3222_ (net)
                  1.22    0.00   13.41 ^ _8039_/A2 (sky130_fd_sc_hd__a21boi_2)
     2    0.01    0.17    0.65   14.06 v _8039_/Y (sky130_fd_sc_hd__a21boi_2)
                                         _3223_ (net)
                  0.17    0.00   14.06 v _8057_/A2 (sky130_fd_sc_hd__o21ai_0)
     2    0.01    1.37    1.27   15.33 ^ _8057_/Y (sky130_fd_sc_hd__o21ai_0)
                                         _3239_ (net)
                  1.37    0.00   15.33 ^ _8058_/A2 (sky130_fd_sc_hd__a21boi_2)
     2    0.01    0.15    0.66   15.99 v _8058_/Y (sky130_fd_sc_hd__a21boi_2)
                                         _3240_ (net)
                  0.15    0.00   15.99 v _8081_/A2 (sky130_fd_sc_hd__o21ai_0)
     2    0.01    1.56    1.41   17.40 ^ _8081_/Y (sky130_fd_sc_hd__o21ai_0)
                                         _3261_ (net)
                  1.56    0.00   17.40 ^ _8082_/A2 (sky130_fd_sc_hd__a21boi_2)
     2    0.01    0.18    0.75   18.15 v _8082_/Y (sky130_fd_sc_hd__a21boi_2)
                                         _3262_ (net)
                  0.18    0.00   18.15 v _8107_/A2 (sky130_fd_sc_hd__o21ai_0)
     2    0.01    1.38    1.29   19.44 ^ _8107_/Y (sky130_fd_sc_hd__o21ai_0)
                                         _3285_ (net)
                  1.38    0.00   19.44 ^ _8108_/A2 (sky130_fd_sc_hd__a21boi_2)
     2    0.01    0.17    0.69   20.13 v _8108_/Y (sky130_fd_sc_hd__a21boi_2)
                                         _3286_ (net)
                  0.17    0.00   20.13 v _8131_/A2 (sky130_fd_sc_hd__o21ai_0)
     2    0.01    1.73    1.55   21.68 ^ _8131_/Y (sky130_fd_sc_hd__o21ai_0)
                                         _3307_ (net)
                  1.73    0.00   21.68 ^ _8132_/A2 (sky130_fd_sc_hd__a21boi_2)
     2    0.01    0.18    0.79   22.47 v _8132_/Y (sky130_fd_sc_hd__a21boi_2)
                                         _3308_ (net)
                  0.18    0.00   22.47 v _8154_/A2 (sky130_fd_sc_hd__o21ai_0)
     2    0.01    1.62    1.48   23.95 ^ _8154_/Y (sky130_fd_sc_hd__o21ai_0)
                                         _3328_ (net)
                  1.62    0.00   23.95 ^ _8155_/A2 (sky130_fd_sc_hd__a21boi_2)
     2    0.01    0.17    0.76   24.71 v _8155_/Y (sky130_fd_sc_hd__a21boi_2)
                                         _3329_ (net)
                  0.17    0.00   24.71 v _8176_/A2 (sky130_fd_sc_hd__o21ai_0)
     2    0.01    1.25    1.18   25.90 ^ _8176_/Y (sky130_fd_sc_hd__o21ai_0)
                                         _3348_ (net)
                  1.25    0.00   25.90 ^ _8177_/A2 (sky130_fd_sc_hd__a21boi_2)
     2    0.01    0.15    0.64   26.54 v _8177_/Y (sky130_fd_sc_hd__a21boi_2)
                                         _3349_ (net)
                  0.15    0.00   26.54 v _8199_/A2 (sky130_fd_sc_hd__o21ai_0)
     2    0.01    1.27    1.19   27.72 ^ _8199_/Y (sky130_fd_sc_hd__o21ai_0)
                                         _3369_ (net)
                  1.27    0.00   27.72 ^ _8200_/A2 (sky130_fd_sc_hd__a21boi_2)
     2    0.01    0.15    0.64   28.36 v _8200_/Y (sky130_fd_sc_hd__a21boi_2)
                                         _3370_ (net)
                  0.15    0.00   28.36 v _8223_/A2 (sky130_fd_sc_hd__o21ai_0)
     2    0.01    1.51    1.37   29.74 ^ _8223_/Y (sky130_fd_sc_hd__o21ai_0)
                                         _3391_ (net)
                  1.51    0.00   29.74 ^ _8224_/A2 (sky130_fd_sc_hd__a21boi_1)
     2    0.01    0.25    0.86   30.60 v _8224_/Y (sky130_fd_sc_hd__a21boi_1)
                                         _3392_ (net)
                  0.25    0.00   30.60 v _8240_/A2 (sky130_fd_sc_hd__o21ai_0)
     2    0.01    1.52    1.44   32.03 ^ _8240_/Y (sky130_fd_sc_hd__o21ai_0)
                                         _3406_ (net)
                  1.52    0.00   32.03 ^ _8243_/A2 (sky130_fd_sc_hd__a21boi_2)
     2    0.01    0.16    0.71   32.75 v _8243_/Y (sky130_fd_sc_hd__a21boi_2)
                                         _3409_ (net)
                  0.16    0.00   32.75 v _8266_/A2 (sky130_fd_sc_hd__o21ai_0)
     3    0.01    1.79    1.60   34.34 ^ _8266_/Y (sky130_fd_sc_hd__o21ai_0)
                                         _3430_ (net)
                  1.79    0.00   34.34 ^ _8309_/A2 (sky130_fd_sc_hd__a2111oi_1)
     2    0.01    0.29    1.00   35.35 v _8309_/Y (sky130_fd_sc_hd__a2111oi_1)
                                         _3469_ (net)
                  0.29    0.00   35.35 v _8313_/A (sky130_fd_sc_hd__nor3_1)
     1    0.01    0.88    1.08   36.42 ^ _8313_/Y (sky130_fd_sc_hd__nor3_1)
                                         _3473_ (net)
                  0.88    0.00   36.42 ^ _8318_/A1 (sky130_fd_sc_hd__o221ai_1)
     1    0.00    0.59    0.68   37.11 v _8318_/Y (sky130_fd_sc_hd__o221ai_1)
                                         _3478_ (net)
                  0.59    0.00   37.11 v _8320_/B1 (sky130_fd_sc_hd__a22o_1)
     1    0.00    0.10    0.99   38.10 v _8320_/X (sky130_fd_sc_hd__a22o_1)
                                         _0270_ (net)
                  0.10    0.00   38.10 v rv32_soc/reg_next_pc[31]$_SDFFE_PN0P_/D (sky130_fd_sc_hd__dfxtp_2)
                                 38.10   data arrival time

                  0.00   25.00   25.00   clock clk0 (rise edge)
                          0.00   25.00   clock network delay (ideal)
                          0.00   25.00   clock reconvergence pessimism
                                 25.00 ^ rv32_soc/reg_next_pc[31]$_SDFFE_PN0P_/CLK (sky130_fd_sc_hd__dfxtp_2)
                         -0.84   24.16   library setup time
                                 24.16   data required time
-----------------------------------------------------------------------------
                                 24.16   data required time
                                -38.10   data arrival time
-----------------------------------------------------------------------------
                                -13.94   slack (VIOLATED)


SC_METRIC: DRV violators
max slew

Pin                                    Limit    Slew   Slack
------------------------------------------------------------
_6683_/Y                                1.48    2.06   -0.58 (VIOLATED)
load_slew1/A                            1.50    2.06   -0.56 (VIOLATED)
_6680_/Y                                1.48    2.05   -0.56 (VIOLATED)
load_slew2/A                            1.50    2.05   -0.55 (VIOLATED)
_8766_/Y                                1.49    1.59   -0.10 (VIOLATED)
_8673_/Y                                1.49    1.51   -0.01 (VIOLATED)

max capacitance

Pin                                    Limit     Cap   Slack
------------------------------------------------------------
_6683_/Y                                0.05    0.07   -0.02 (VIOLATED)
_6680_/Y                                0.05    0.07   -0.02 (VIOLATED)
_8766_/Y                                0.07    0.07   -0.01 (VIOLATED)
_8673_/Y                                0.07    0.07   -0.00 (VIOLATED)

SC_METRIC: floating nets
SC_METRIC: overdriven nets
SC_METRIC: fmax
clk0 fmax = 25.68 MHz
Clock                   Period          Waveform
----------------------------------------------------
clk0                     25.00        0.00     12.50
SC_METRIC: power
Power for corner: fast
Group                  Internal  Switching    Leakage      Total
                          Power      Power      Power      Power (Watts)
----------------------------------------------------------------
Sequential             3.48e-03   7.52e-05   4.74e-05   3.61e-03  79.1%
Combinational          4.03e-04   4.96e-04   5.17e-05   9.50e-04  20.9%
Clock                  0.00e+00   0.00e+00   0.00e+00   0.00e+00   0.0%
Macro                  0.00e+00   0.00e+00   0.00e+00   0.00e+00   0.0%
Pad                    0.00e+00   0.00e+00   0.00e+00   0.00e+00   0.0%
----------------------------------------------------------------
Total                  3.89e-03   5.71e-04   9.91e-05   4.56e-03 100.0%
                          85.3%      12.5%       2.2%
Power for corner: slow
Group                  Internal  Switching    Leakage      Total
                          Power      Power      Power      Power (Watts)
----------------------------------------------------------------
Sequential             1.33e-03   3.56e-05   6.13e-10   1.37e-03  77.6%
Combinational          1.60e-04   2.34e-04   1.34e-09   3.94e-04  22.4%
Clock                  0.00e+00   0.00e+00   0.00e+00   0.00e+00   0.0%
Macro                  0.00e+00   0.00e+00   0.00e+00   0.00e+00   0.0%
Pad                    0.00e+00   0.00e+00   0.00e+00   0.00e+00   0.0%
----------------------------------------------------------------
Total                  1.49e-03   2.69e-04   1.95e-09   1.76e-03 100.0%
                          84.7%      15.3%       0.0%
Power for corner: typical
Group                  Internal  Switching    Leakage      Total
                          Power      Power      Power      Power (Watts)
----------------------------------------------------------------
Sequential             2.94e-03   6.28e-05   1.37e-08   3.00e-03  81.1%
Combinational          2.85e-04   4.13e-04   1.86e-08   6.98e-04  18.9%
Clock                  0.00e+00   0.00e+00   0.00e+00   0.00e+00   0.0%
Macro                  0.00e+00   0.00e+00   0.00e+00   0.00e+00   0.0%
Pad                    0.00e+00   0.00e+00   0.00e+00   0.00e+00   0.0%
----------------------------------------------------------------
Total                  3.22e-03   4.76e-04   3.23e-08   3.70e-03 100.0%
                          87.1%      12.9%       0.0%
SC_METRIC: cellarea
Design area 377210 u^2 39% utilization.
Cell type report:                       Count       Area
  Macro                                     1  284538.47
  Tap cell                               8831   11049.35
  Buffer                                  111     993.45
  Timing Repair Buffer                    783    7927.60
  Inverter                                228    1159.86
  Sequential cell                        1574   44418.85
  Multi-Input combinational cell         4262   38171.61
  Total                                 15790  388259.20

Cell instance report:
  sky130_sram_2kbyte_1rw1r_32x512_8         1  284538.47
  sky130_fd_sc_hd__a2111oi_0                5      43.79
  sky130_fd_sc_hd__a2111oi_1                1      10.01
  sky130_fd_sc_hd__a211o_1                  5      43.79
  sky130_fd_sc_hd__a211oi_1                22     165.16
  sky130_fd_sc_hd__a21boi_0                11      82.58
  sky130_fd_sc_hd__a21boi_1                 1       7.51
  sky130_fd_sc_hd__a21boi_2                11     123.87
  sky130_fd_sc_hd__a21boi_4                 1      18.77
  sky130_fd_sc_hd__a21o_1                  61     457.94
  sky130_fd_sc_hd__a21o_4                  19     285.27
  sky130_fd_sc_hd__a21oi_1                265    1326.27
  sky130_fd_sc_hd__a21oi_2                153    1340.04
  sky130_fd_sc_hd__a221o_1                  7      70.07
  sky130_fd_sc_hd__a221o_4                  1      21.27
  sky130_fd_sc_hd__a221oi_1                61     534.26
  sky130_fd_sc_hd__a222oi_1                37     370.36
  sky130_fd_sc_hd__a22o_1                  28     245.24
  sky130_fd_sc_hd__a22oi_1                 39     292.78
  sky130_fd_sc_hd__a311o_1                  1      10.01
  sky130_fd_sc_hd__a31o_1                   5      43.79
  sky130_fd_sc_hd__a31o_4                   3      52.55
  sky130_fd_sc_hd__a31oi_1                 74     462.94
  sky130_fd_sc_hd__a32o_1                   8      80.08
  sky130_fd_sc_hd__a32oi_1                  5      43.79
  sky130_fd_sc_hd__a41oi_1                  3      26.28
  sky130_fd_sc_hd__and2_0                  33     206.45
  sky130_fd_sc_hd__and2_4                  17     148.89
  sky130_fd_sc_hd__and3_1                  19     118.86
  sky130_fd_sc_hd__and3_4                  38     427.91
  sky130_fd_sc_hd__and3b_1                  8      70.07
  sky130_fd_sc_hd__and4_1                   3      26.28
  sky130_fd_sc_hd__and4_4                  27     304.04
  sky130_fd_sc_hd__buf_1                  413    1550.24
  sky130_fd_sc_hd__buf_12                  29     580.56
  sky130_fd_sc_hd__buf_16                 102    2807.69
  sky130_fd_sc_hd__buf_4                  107     803.27
  sky130_fd_sc_hd__buf_6                  124    1396.34
  sky130_fd_sc_hd__buf_8                  118    1771.70
  sky130_fd_sc_hd__clkdlybuf4s15_2          1      11.26
  sky130_fd_sc_hd__clkinv_1                44     165.16
  sky130_fd_sc_hd__clkinv_16                8     240.23
  sky130_fd_sc_hd__clkinv_2                 7      35.03
  sky130_fd_sc_hd__conb_1                 149     559.29
  sky130_fd_sc_hd__dfxtp_1                 49     980.94
  sky130_fd_sc_hd__dfxtp_2                269    5721.74
  sky130_fd_sc_hd__edfxtp_1              1256   37716.17
  sky130_fd_sc_hd__fa_1                     5     100.10
  sky130_fd_sc_hd__ha_1                   169    2114.53
  sky130_fd_sc_hd__ha_2                    18     270.26
  sky130_fd_sc_hd__ha_4                    12     300.29
  sky130_fd_sc_hd__inv_1                  137     514.24
  sky130_fd_sc_hd__inv_12                   2      32.53
  sky130_fd_sc_hd__inv_16                   2      40.04
  sky130_fd_sc_hd__inv_2                   23      86.33
  sky130_fd_sc_hd__inv_4                    2      12.51
  sky130_fd_sc_hd__inv_8                    3      33.78
  sky130_fd_sc_hd__mux2_1                  40     450.43
  sky130_fd_sc_hd__mux2_4                   8     120.12
  sky130_fd_sc_hd__mux2i_1                 76     760.73
  sky130_fd_sc_hd__mux4_2                 543   12229.23
  sky130_fd_sc_hd__nand2_1                410    1538.98
  sky130_fd_sc_hd__nand2_4                 89    1002.21
  sky130_fd_sc_hd__nand2b_1                18     112.61
  sky130_fd_sc_hd__nand3_1                 98     490.47
  sky130_fd_sc_hd__nand3b_1                11      82.58
  sky130_fd_sc_hd__nand4_1                 27     168.91
  sky130_fd_sc_hd__nand4b_1                 1       8.76
  sky130_fd_sc_hd__nor2_1                 358    1343.79
  sky130_fd_sc_hd__nor2_2                  52     325.31
  sky130_fd_sc_hd__nor2_4                  36     405.39
  sky130_fd_sc_hd__nor2_8                  30     600.58
  sky130_fd_sc_hd__nor2b_1                 15      93.84
  sky130_fd_sc_hd__nor2b_2                  8      70.07
  sky130_fd_sc_hd__nor2b_4                  9     123.87
  sky130_fd_sc_hd__nor3_1                  69     345.33
  sky130_fd_sc_hd__nor3_2                  13     130.12
  sky130_fd_sc_hd__nor3_4                   7     113.86
  sky130_fd_sc_hd__nor3b_1                 30     225.22
  sky130_fd_sc_hd__nor3b_2                  4      50.05
  sky130_fd_sc_hd__nor4_1                  21     131.38
  sky130_fd_sc_hd__nor4_2                  14     175.17
  sky130_fd_sc_hd__nor4b_1                  3      26.28
  sky130_fd_sc_hd__o2111a_1                 1      11.26
  sky130_fd_sc_hd__o2111ai_2                1      15.01
  sky130_fd_sc_hd__o211a_1                  2      20.02
  sky130_fd_sc_hd__o211ai_1                17     127.62
  sky130_fd_sc_hd__o21a_1                  55     412.90
  sky130_fd_sc_hd__o21ai_0                527    2637.53
  sky130_fd_sc_hd__o21ai_4                  3      48.80
  sky130_fd_sc_hd__o21bai_1                21     157.65
  sky130_fd_sc_hd__o21bai_2                 9     101.35
  sky130_fd_sc_hd__o21bai_4                 5      93.84
  sky130_fd_sc_hd__o221a_1                  1      11.26
  sky130_fd_sc_hd__o221ai_1                18     157.65
  sky130_fd_sc_hd__o221ai_2                 4      60.06
  sky130_fd_sc_hd__o22a_1                   2      17.52
  sky130_fd_sc_hd__o22ai_1                 28     175.17
  sky130_fd_sc_hd__o22ai_2                  6      75.07
  sky130_fd_sc_hd__o2bb2ai_1                1       8.76
  sky130_fd_sc_hd__o311a_1                  1      10.01
  sky130_fd_sc_hd__o311ai_0                14     122.62
  sky130_fd_sc_hd__o31a_1                   1       8.76
  sky130_fd_sc_hd__o31ai_1                 41     307.80
  sky130_fd_sc_hd__o32a_1                   1      10.01
  sky130_fd_sc_hd__o32ai_1                  5      43.79
  sky130_fd_sc_hd__or2_0                    2      12.51
  sky130_fd_sc_hd__or2_4                   14     122.62
  sky130_fd_sc_hd__or3_1                   27     168.91
  sky130_fd_sc_hd__or3_4                   18     202.69
  sky130_fd_sc_hd__or3b_1                   1       8.76
  sky130_fd_sc_hd__or3b_4                   4      45.04
  sky130_fd_sc_hd__or4_1                    4      30.03
  sky130_fd_sc_hd__or4_4                    8      90.09
  sky130_fd_sc_hd__or4bb_4                  1      15.01
  sky130_fd_sc_hd__tapvpwrvgnd_1         8831   11049.35
  sky130_fd_sc_hd__xnor2_1                 86     753.22
  sky130_fd_sc_hd__xor2_1                  18     157.65
utl::pop_metrics_stage
# Images
utl::push_metrics_stage "sc__image__{}"
if {
    [sc_has_gui] &&
    [lindex [sc_cfg_tool_task_get var ord_enable_images] 0] == "true"
} {
    if { [gui::enabled] } {
        source "$sc_refdir/common/write_images.tcl"
    } else {
        gui::show "source \"$sc_refdir/common/write_images.tcl\"" false
    }
}
[WARNING GUI-0076] QStandardPaths: XDG_RUNTIME_DIR not set, defaulting to '/tmp/runtime-www-data'
[INFO FLW-0001] Saving "snapshot" to reports/images/picorv32_top.png
[INFO FLW-0001] Saving "placement" to reports/images/picorv32_top.placement.png
[INFO FLW-0001] Saving setup timing histogram to reports/images/timing/setup.histogram.png
[INFO FLW-0001] Saving "placement density heatmap" to reports/images/heatmap/placement_density.png
[INFO FLW-0001] Saving "estimated routing congestion heatmap" to reports/images/heatmap/estimated_routing_congestion.png
[INFO FLW-0001] Saving "power density for fast heatmap" to reports/images/heatmap/power_density/fast.png
[INFO FLW-0001] Saving "power density for slow heatmap" to reports/images/heatmap/power_density/slow.png
[INFO FLW-0001] Saving "power density for typical heatmap" to reports/images/heatmap/power_density/typical.png
[INFO FLW-0001] Saving "optimizer" to reports/images/picorv32_top.optimizer.png
utl::pop_metrics_stage
