max slew

Pin                                    Limit    Slew   Slack
------------------------------------------------------------
_9039_/Y                                1.49    1.85   -0.35 (VIOLATED)
mem_addr[23]$_DFFE_PP_/D                1.50    1.85   -0.35 (VIOLATED)
cpuregs[24][10]$_DFFE_PP_/D             1.50    1.78   -0.28 (VIOLATED)
cpuregs[21][10]$_DFFE_PP_/D             1.50    1.78   -0.28 (VIOLATED)
cpuregs[17][10]$_DFFE_PP_/D             1.50    1.78   -0.28 (VIOLATED)
cpuregs[16][10]$_DFFE_PP_/D             1.50    1.78   -0.28 (VIOLATED)
cpuregs[19][10]$_DFFE_PP_/D             1.50    1.78   -0.28 (VIOLATED)
cpuregs[18][10]$_DFFE_PP_/D             1.50    1.78   -0.28 (VIOLATED)
cpuregs[22][10]$_DFFE_PP_/D             1.50    1.78   -0.28 (VIOLATED)
cpuregs[23][10]$_DFFE_PP_/D             1.50    1.78   -0.28 (VIOLATED)
cpuregs[20][10]$_DFFE_PP_/D             1.50    1.78   -0.28 (VIOLATED)
cpuregs[28][10]$_DFFE_PP_/D             1.50    1.78   -0.28 (VIOLATED)
cpuregs[29][10]$_DFFE_PP_/D             1.50    1.78   -0.28 (VIOLATED)
cpuregs[30][10]$_DFFE_PP_/D             1.50    1.78   -0.28 (VIOLATED)
cpuregs[27][10]$_DFFE_PP_/D             1.50    1.78   -0.28 (VIOLATED)
cpuregs[25][10]$_DFFE_PP_/D             1.50    1.78   -0.28 (VIOLATED)
cpuregs[31][10]$_DFFE_PP_/D             1.50    1.78   -0.28 (VIOLATED)
cpuregs[26][10]$_DFFE_PP_/D             1.50    1.78   -0.28 (VIOLATED)
cpuregs[14][10]$_DFFE_PP_/D             1.50    1.78   -0.28 (VIOLATED)
cpuregs[15][10]$_DFFE_PP_/D             1.50    1.78   -0.28 (VIOLATED)
cpuregs[10][10]$_DFFE_PP_/D             1.50    1.78   -0.28 (VIOLATED)
cpuregs[11][10]$_DFFE_PP_/D             1.50    1.78   -0.28 (VIOLATED)
cpuregs[12][10]$_DFFE_PP_/D             1.50    1.78   -0.28 (VIOLATED)
cpuregs[8][10]$_DFFE_PP_/D              1.50    1.78   -0.28 (VIOLATED)
cpuregs[9][10]$_DFFE_PP_/D              1.50    1.78   -0.28 (VIOLATED)
cpuregs[13][10]$_DFFE_PP_/D             1.50    1.78   -0.28 (VIOLATED)
cpuregs[6][10]$_DFFE_PP_/D              1.50    1.78   -0.28 (VIOLATED)
cpuregs[7][10]$_DFFE_PP_/D              1.50    1.78   -0.28 (VIOLATED)
cpuregs[2][10]$_DFFE_PP_/D              1.50    1.78   -0.28 (VIOLATED)
cpuregs[3][10]$_DFFE_PP_/D              1.50    1.78   -0.28 (VIOLATED)
cpuregs[4][10]$_DFFE_PP_/D              1.50    1.78   -0.28 (VIOLATED)
cpuregs[5][10]$_DFFE_PP_/D              1.50    1.78   -0.28 (VIOLATED)
cpuregs[0][10]$_DFFE_PP_/D              1.50    1.78   -0.28 (VIOLATED)
cpuregs[1][10]$_DFFE_PP_/D              1.50    1.78   -0.28 (VIOLATED)
_8864_/Y                                1.50    1.78   -0.27 (VIOLATED)
_9030_/Y                                1.49    1.72   -0.23 (VIOLATED)
mem_addr[20]$_DFFE_PP_/D                1.50    1.72   -0.22 (VIOLATED)
_9100_/Y                                1.48    1.68   -0.20 (VIOLATED)
load_slew11/A                           1.50    1.68   -0.18 (VIOLATED)
_5781_/S                                1.50    1.67   -0.17 (VIOLATED)
_5777_/S                                1.50    1.67   -0.17 (VIOLATED)
_5769_/S                                1.50    1.67   -0.17 (VIOLATED)
_5765_/S                                1.50    1.67   -0.17 (VIOLATED)
_5773_/S                                1.50    1.67   -0.17 (VIOLATED)
_5761_/S                                1.50    1.67   -0.17 (VIOLATED)
_5757_/S                                1.50    1.67   -0.17 (VIOLATED)
_5749_/S                                1.50    1.67   -0.17 (VIOLATED)
_5753_/S                                1.50    1.67   -0.17 (VIOLATED)
_5745_/S                                1.50    1.67   -0.17 (VIOLATED)
_5741_/S                                1.50    1.66   -0.16 (VIOLATED)
_5737_/S                                1.50    1.66   -0.16 (VIOLATED)
_5733_/S                                1.50    1.66   -0.16 (VIOLATED)
_5729_/S                                1.50    1.66   -0.16 (VIOLATED)
_5725_/S                                1.50    1.66   -0.16 (VIOLATED)
_5721_/S                                1.50    1.66   -0.16 (VIOLATED)
_5713_/S                                1.50    1.66   -0.16 (VIOLATED)
_5717_/S                                1.50    1.66   -0.16 (VIOLATED)
_5709_/S                                1.50    1.66   -0.16 (VIOLATED)
_5705_/S                                1.50    1.66   -0.16 (VIOLATED)
_5701_/S                                1.50    1.66   -0.16 (VIOLATED)
_5697_/S                                1.50    1.66   -0.16 (VIOLATED)
_5693_/S                                1.50    1.66   -0.16 (VIOLATED)
_5690_/S                                1.50    1.66   -0.16 (VIOLATED)
_5784_/S                                1.50    1.65   -0.15 (VIOLATED)
_5787_/S                                1.50    1.65   -0.15 (VIOLATED)
_7827_/S                                1.50    1.65   -0.15 (VIOLATED)
_5686_/S                                1.50    1.65   -0.15 (VIOLATED)
_8856_/S                                1.50    1.65   -0.15 (VIOLATED)
_5678_/S                                1.50    1.65   -0.15 (VIOLATED)
_5682_/S                                1.50    1.65   -0.15 (VIOLATED)
_5675_/S                                1.50    1.65   -0.15 (VIOLATED)
_8369_/A                                1.50    1.65   -0.15 (VIOLATED)
latched_stalu$_SDFFE_PN0P_/Q            1.50    1.65   -0.15 (VIOLATED)
_8739_/A1                               1.50    1.64   -0.14 (VIOLATED)
_8738_/A                                1.50    1.64   -0.14 (VIOLATED)
_8696_/A1                               1.50    1.64   -0.14 (VIOLATED)
_8695_/A                                1.50    1.64   -0.14 (VIOLATED)
_8706_/A                                1.50    1.64   -0.14 (VIOLATED)
_8752_/A1                               1.50    1.64   -0.14 (VIOLATED)
_8707_/A1                               1.50    1.64   -0.14 (VIOLATED)
_8718_/S                                1.50    1.64   -0.14 (VIOLATED)
_8762_/A                                1.50    1.64   -0.14 (VIOLATED)
_8763_/A1                               1.50    1.64   -0.14 (VIOLATED)
_8751_/A                                1.50    1.64   -0.14 (VIOLATED)
_8727_/A1                               1.50    1.64   -0.14 (VIOLATED)
_8726_/A                                1.50    1.64   -0.14 (VIOLATED)
_8770_/C1                               1.50    1.64   -0.14 (VIOLATED)
_8771_/A1                               1.50    1.64   -0.14 (VIOLATED)
_8808_/A1                               1.50    1.64   -0.14 (VIOLATED)
_8783_/A1                               1.50    1.64   -0.14 (VIOLATED)
_8782_/A                                1.50    1.64   -0.14 (VIOLATED)
_8806_/C1                               1.50    1.64   -0.14 (VIOLATED)
_8794_/C1                               1.50    1.64   -0.14 (VIOLATED)
_8797_/A                                1.50    1.64   -0.14 (VIOLATED)
_8684_/A1                               1.50    1.64   -0.14 (VIOLATED)
_8683_/B1                               1.50    1.64   -0.14 (VIOLATED)
_8660_/A1                               1.50    1.64   -0.14 (VIOLATED)
_8670_/S                                1.50    1.64   -0.14 (VIOLATED)
_8646_/A                                1.50    1.64   -0.14 (VIOLATED)
_8647_/A1                               1.50    1.64   -0.14 (VIOLATED)
_8634_/A1                               1.50    1.64   -0.14 (VIOLATED)
_8613_/B1                               1.50    1.63   -0.13 (VIOLATED)
_8623_/B1                               1.50    1.63   -0.13 (VIOLATED)
_8624_/A1                               1.50    1.63   -0.13 (VIOLATED)
_9042_/Y                                1.49    1.62   -0.13 (VIOLATED)
_8602_/A1                               1.50    1.63   -0.13 (VIOLATED)
_8601_/A                                1.50    1.63   -0.13 (VIOLATED)
_8577_/S                                1.50    1.63   -0.13 (VIOLATED)
_8544_/A1                               1.50    1.63   -0.13 (VIOLATED)
_8531_/A                                1.50    1.63   -0.13 (VIOLATED)
_8586_/B1                               1.50    1.63   -0.13 (VIOLATED)
_8843_/A1                               1.50    1.63   -0.13 (VIOLATED)
_8848_/S                                1.50    1.62   -0.12 (VIOLATED)
_8838_/A1                               1.50    1.62   -0.12 (VIOLATED)
_8837_/A                                1.50    1.62   -0.12 (VIOLATED)
_8831_/A                                1.50    1.62   -0.12 (VIOLATED)
_8832_/A1                               1.50    1.62   -0.12 (VIOLATED)
_8824_/S                                1.50    1.62   -0.12 (VIOLATED)
load_slew548/A                          1.50    1.62   -0.12 (VIOLATED)
_8818_/B1                               1.50    1.62   -0.12 (VIOLATED)
_8819_/A1                               1.50    1.62   -0.12 (VIOLATED)
_8813_/S                                1.50    1.62   -0.12 (VIOLATED)
_8789_/A1                               1.50    1.62   -0.12 (VIOLATED)
_8788_/A                                1.50    1.62   -0.12 (VIOLATED)
_8675_/S                                1.50    1.61   -0.11 (VIOLATED)
_7388_/A                                1.50    1.61   -0.11 (VIOLATED)
_7393_/A                                1.50    1.61   -0.11 (VIOLATED)
_7410_/A                                1.50    1.61   -0.11 (VIOLATED)
_7415_/A                                1.50    1.61   -0.11 (VIOLATED)
_4782_/B                                1.50    1.61   -0.11 (VIOLATED)
_7412_/A                                1.50    1.61   -0.11 (VIOLATED)
_7398_/A                                1.50    1.61   -0.11 (VIOLATED)
_7377_/B                                1.50    1.61   -0.11 (VIOLATED)
_8424_/A1                               1.50    1.61   -0.11 (VIOLATED)
_7403_/A                                1.50    1.61   -0.11 (VIOLATED)
instr_sub$_SDFFE_PN0P_/Q                1.50    1.61   -0.10 (VIOLATED)
_7375_/Y                                1.51    1.61   -0.10 (VIOLATED)
_5991_/A1                               1.50    1.58   -0.08 (VIOLATED)
_6004_/A1                               1.50    1.58   -0.08 (VIOLATED)
_6020_/A1                               1.50    1.58   -0.08 (VIOLATED)
_6032_/A1                               1.50    1.58   -0.08 (VIOLATED)
_6043_/A1                               1.50    1.58   -0.08 (VIOLATED)
_6065_/A1                               1.50    1.58   -0.08 (VIOLATED)
_6076_/A1                               1.50    1.58   -0.08 (VIOLATED)
_6054_/A1                               1.50    1.58   -0.08 (VIOLATED)
_6087_/A1                               1.50    1.58   -0.08 (VIOLATED)
_6098_/A1                               1.50    1.58   -0.08 (VIOLATED)
_6109_/A1                               1.50    1.58   -0.08 (VIOLATED)
_6132_/A1                               1.50    1.58   -0.08 (VIOLATED)
_6120_/A1                               1.50    1.58   -0.08 (VIOLATED)
_6167_/A1                               1.50    1.58   -0.08 (VIOLATED)
_6143_/A1                               1.50    1.57   -0.07 (VIOLATED)
_6178_/A1                               1.50    1.57   -0.07 (VIOLATED)
_6155_/A1                               1.50    1.57   -0.07 (VIOLATED)
_6193_/A1                               1.50    1.57   -0.07 (VIOLATED)
_5822_/B2                               1.50    1.57   -0.07 (VIOLATED)
_5834_/A1                               1.50    1.57   -0.07 (VIOLATED)
_5843_/A1                               1.50    1.57   -0.07 (VIOLATED)
_5862_/A1                               1.50    1.57   -0.07 (VIOLATED)
_5885_/A1                               1.50    1.57   -0.07 (VIOLATED)
_5872_/A1                               1.50    1.57   -0.07 (VIOLATED)
_5918_/A1                               1.50    1.57   -0.07 (VIOLATED)
_5945_/A1                               1.50    1.57   -0.07 (VIOLATED)
_5979_/A1                               1.50    1.57   -0.07 (VIOLATED)
_5964_/A1                               1.50    1.57   -0.07 (VIOLATED)
_5957_/A1                               1.50    1.57   -0.07 (VIOLATED)
_5933_/A1                               1.50    1.57   -0.07 (VIOLATED)
_5850_/A1                               1.50    1.57   -0.07 (VIOLATED)
_5900_/A1                               1.50    1.57   -0.07 (VIOLATED)
_4779_/A                                1.50    1.57   -0.07 (VIOLATED)
_4845_/A                                1.50    1.57   -0.07 (VIOLATED)
instr_rdinstrh$_DFFE_PP_/Q              1.50    1.57   -0.07 (VIOLATED)
_7418_/A                                1.50    1.57   -0.07 (VIOLATED)
_7389_/A                                1.50    1.57   -0.07 (VIOLATED)
_7394_/A                                1.50    1.57   -0.07 (VIOLATED)
_7380_/B                                1.50    1.57   -0.07 (VIOLATED)
_7409_/A                                1.50    1.57   -0.07 (VIOLATED)
_7416_/A                                1.50    1.57   -0.07 (VIOLATED)
_7404_/A                                1.50    1.57   -0.07 (VIOLATED)
_7399_/A                                1.50    1.57   -0.07 (VIOLATED)
_7378_/Y                                1.51    1.57   -0.06 (VIOLATED)
_6166_/A                                1.50    1.55   -0.05 (VIOLATED)
_6193_/C2                               1.50    1.55   -0.05 (VIOLATED)
_6178_/C2                               1.50    1.55   -0.05 (VIOLATED)
_6155_/C2                               1.50    1.55   -0.05 (VIOLATED)
_6131_/A                                1.50    1.55   -0.05 (VIOLATED)
_6143_/C2                               1.50    1.55   -0.05 (VIOLATED)
_6108_/A                                1.50    1.55   -0.05 (VIOLATED)
_6120_/C2                               1.50    1.55   -0.05 (VIOLATED)
_6098_/C2                               1.50    1.55   -0.05 (VIOLATED)
_6086_/A                                1.50    1.55   -0.05 (VIOLATED)
_6076_/C2                               1.50    1.54   -0.04 (VIOLATED)
_6064_/A                                1.50    1.54   -0.04 (VIOLATED)
_6043_/C2                               1.50    1.54   -0.04 (VIOLATED)
_6053_/A                                1.50    1.54   -0.04 (VIOLATED)
_6032_/C2                               1.50    1.54   -0.04 (VIOLATED)
_6020_/C2                               1.50    1.54   -0.04 (VIOLATED)
_6004_/C2                               1.50    1.54   -0.04 (VIOLATED)
_5991_/C2                               1.50    1.54   -0.04 (VIOLATED)
_5978_/A                                1.50    1.54   -0.04 (VIOLATED)
_5945_/C2                               1.50    1.54   -0.04 (VIOLATED)
_5957_/C2                               1.50    1.54   -0.04 (VIOLATED)
_5964_/B2                               1.50    1.54   -0.04 (VIOLATED)
_5932_/A                                1.50    1.54   -0.04 (VIOLATED)
_5915_/A                                1.50    1.54   -0.04 (VIOLATED)
_5822_/A2                               1.50    1.54   -0.04 (VIOLATED)
_5834_/C2                               1.50    1.54   -0.04 (VIOLATED)
_5842_/A                                1.50    1.54   -0.04 (VIOLATED)
_5849_/A                                1.50    1.54   -0.04 (VIOLATED)
_5885_/C2                               1.50    1.54   -0.04 (VIOLATED)
_5872_/C2                               1.50    1.54   -0.04 (VIOLATED)
_5899_/A                                1.50    1.54   -0.04 (VIOLATED)
_5862_/C2                               1.50    1.54   -0.04 (VIOLATED)
_4779_/C                                1.50    1.54   -0.04 (VIOLATED)
_4845_/C                                1.50    1.54   -0.04 (VIOLATED)
_7230_/B                                1.50    1.54   -0.04 (VIOLATED)
_7201_/B                                1.50    1.54   -0.04 (VIOLATED)
_7138_/B                                1.50    1.54   -0.04 (VIOLATED)
_6934_/B                                1.50    1.54   -0.04 (VIOLATED)
_7046_/A2                               1.50    1.54   -0.04 (VIOLATED)
_7161_/B2                               1.50    1.54   -0.04 (VIOLATED)
_7110_/A2                               1.50    1.54   -0.04 (VIOLATED)
_7190_/B                                1.50    1.54   -0.04 (VIOLATED)
_7083_/B1                               1.50    1.54   -0.04 (VIOLATED)
_6925_/A2                               1.50    1.54   -0.04 (VIOLATED)
_7019_/B1                               1.50    1.54   -0.04 (VIOLATED)
instr_rdinstr$_DFFE_PP_/Q               1.50    1.54   -0.04 (VIOLATED)
cpuregs[20][11]$_DFFE_PP_/D             1.50    1.54   -0.04 (VIOLATED)
cpuregs[23][11]$_DFFE_PP_/D             1.50    1.54   -0.04 (VIOLATED)
cpuregs[16][11]$_DFFE_PP_/D             1.50    1.54   -0.04 (VIOLATED)
cpuregs[21][11]$_DFFE_PP_/D             1.50    1.54   -0.04 (VIOLATED)
cpuregs[17][11]$_DFFE_PP_/D             1.50    1.54   -0.04 (VIOLATED)
cpuregs[29][11]$_DFFE_PP_/D             1.50    1.54   -0.04 (VIOLATED)
cpuregs[28][11]$_DFFE_PP_/D             1.50    1.54   -0.04 (VIOLATED)
cpuregs[24][11]$_DFFE_PP_/D             1.50    1.54   -0.04 (VIOLATED)
cpuregs[25][11]$_DFFE_PP_/D             1.50    1.54   -0.04 (VIOLATED)
cpuregs[26][11]$_DFFE_PP_/D             1.50    1.54   -0.04 (VIOLATED)
cpuregs[31][11]$_DFFE_PP_/D             1.50    1.54   -0.04 (VIOLATED)
cpuregs[27][11]$_DFFE_PP_/D             1.50    1.54   -0.04 (VIOLATED)
cpuregs[19][11]$_DFFE_PP_/D             1.50    1.54   -0.04 (VIOLATED)
cpuregs[22][11]$_DFFE_PP_/D             1.50    1.54   -0.04 (VIOLATED)
cpuregs[30][11]$_DFFE_PP_/D             1.50    1.54   -0.04 (VIOLATED)
cpuregs[18][11]$_DFFE_PP_/D             1.50    1.54   -0.04 (VIOLATED)
cpuregs[1][11]$_DFFE_PP_/D              1.50    1.54   -0.04 (VIOLATED)
cpuregs[4][11]$_DFFE_PP_/D              1.50    1.54   -0.04 (VIOLATED)
cpuregs[5][11]$_DFFE_PP_/D              1.50    1.54   -0.04 (VIOLATED)
cpuregs[7][11]$_DFFE_PP_/D              1.50    1.54   -0.04 (VIOLATED)
cpuregs[9][11]$_DFFE_PP_/D              1.50    1.54   -0.04 (VIOLATED)
cpuregs[10][11]$_DFFE_PP_/D             1.50    1.54   -0.04 (VIOLATED)
cpuregs[13][11]$_DFFE_PP_/D             1.50    1.54   -0.04 (VIOLATED)
cpuregs[12][11]$_DFFE_PP_/D             1.50    1.54   -0.04 (VIOLATED)
cpuregs[11][11]$_DFFE_PP_/D             1.50    1.54   -0.04 (VIOLATED)
cpuregs[14][11]$_DFFE_PP_/D             1.50    1.54   -0.04 (VIOLATED)
cpuregs[15][11]$_DFFE_PP_/D             1.50    1.54   -0.04 (VIOLATED)
cpuregs[8][11]$_DFFE_PP_/D              1.50    1.54   -0.04 (VIOLATED)
_6839_/B                                1.50    1.54   -0.04 (VIOLATED)
_6986_/B1                               1.50    1.54   -0.04 (VIOLATED)
cpuregs[0][11]$_DFFE_PP_/D              1.50    1.54   -0.04 (VIOLATED)
cpuregs[6][11]$_DFFE_PP_/D              1.50    1.54   -0.04 (VIOLATED)
cpuregs[2][11]$_DFFE_PP_/D              1.50    1.54   -0.04 (VIOLATED)
cpuregs[3][11]$_DFFE_PP_/D              1.50    1.54   -0.04 (VIOLATED)
_6901_/B1                               1.50    1.54   -0.04 (VIOLATED)
_6788_/B                                1.50    1.54   -0.04 (VIOLATED)
_6871_/B2                               1.50    1.54   -0.04 (VIOLATED)
_8872_/Y                                1.50    1.54   -0.04 (VIOLATED)
_6774_/B1                               1.50    1.54   -0.04 (VIOLATED)
_6664_/A2                               1.50    1.53   -0.03 (VIOLATED)
_6747_/A2                               1.50    1.53   -0.03 (VIOLATED)
_6720_/A2                               1.50    1.53   -0.03 (VIOLATED)
_6696_/B2                               1.50    1.53   -0.03 (VIOLATED)
_6494_/B1                               1.50    1.53   -0.03 (VIOLATED)
_6326_/B                                1.50    1.53   -0.03 (VIOLATED)
_6440_/B                                1.50    1.53   -0.03 (VIOLATED)
_6372_/B                                1.50    1.53   -0.03 (VIOLATED)
_6308_/A2                               1.50    1.53   -0.03 (VIOLATED)
_6268_/Y                                1.50    1.53   -0.03 (VIOLATED)
_6536_/A2                               1.50    1.53   -0.03 (VIOLATED)
_6545_/B                                1.50    1.53   -0.03 (VIOLATED)
_6425_/B                                1.50    1.53   -0.03 (VIOLATED)
_6641_/B1                               1.50    1.53   -0.03 (VIOLATED)
_6601_/B1                               1.50    1.53   -0.03 (VIOLATED)
_6177_/A                                1.50    1.53   -0.03 (VIOLATED)
_6167_/C2                               1.50    1.53   -0.03 (VIOLATED)
_6192_/A                                1.50    1.53   -0.03 (VIOLATED)
_6154_/A                                1.50    1.53   -0.03 (VIOLATED)
_6142_/A                                1.50    1.53   -0.03 (VIOLATED)
_6132_/C2                               1.50    1.53   -0.03 (VIOLATED)
_6119_/A                                1.50    1.53   -0.03 (VIOLATED)
_6109_/C2                               1.50    1.53   -0.03 (VIOLATED)
_6097_/A                                1.50    1.53   -0.03 (VIOLATED)
_6087_/C2                               1.50    1.53   -0.03 (VIOLATED)
_6075_/A                                1.50    1.53   -0.03 (VIOLATED)
_6065_/C2                               1.50    1.53   -0.03 (VIOLATED)
_6054_/C2                               1.50    1.53   -0.03 (VIOLATED)
_6042_/A                                1.50    1.53   -0.03 (VIOLATED)
_6031_/A                                1.50    1.53   -0.03 (VIOLATED)
_6018_/A                                1.50    1.53   -0.03 (VIOLATED)
_6003_/A                                1.50    1.53   -0.03 (VIOLATED)
_5990_/A                                1.50    1.53   -0.03 (VIOLATED)
_5964_/C2                               1.50    1.53   -0.03 (VIOLATED)
_5979_/C2                               1.50    1.53   -0.03 (VIOLATED)
_5944_/A                                1.50    1.53   -0.03 (VIOLATED)
_5956_/A                                1.50    1.53   -0.03 (VIOLATED)
_5918_/C2                               1.50    1.53   -0.03 (VIOLATED)
_5933_/C2                               1.50    1.53   -0.03 (VIOLATED)
_5900_/C2                               1.50    1.53   -0.03 (VIOLATED)
_5822_/C2                               1.50    1.53   -0.03 (VIOLATED)
_5884_/A                                1.50    1.53   -0.03 (VIOLATED)
_5831_/A                                1.50    1.53   -0.03 (VIOLATED)
_5843_/C2                               1.50    1.53   -0.03 (VIOLATED)
_4779_/B                                1.50    1.53   -0.03 (VIOLATED)
_5850_/C2                               1.50    1.53   -0.03 (VIOLATED)
_5871_/A                                1.50    1.53   -0.03 (VIOLATED)
_5861_/A                                1.50    1.53   -0.03 (VIOLATED)
_4845_/B                                1.50    1.53   -0.03 (VIOLATED)
instr_rdcycleh$_DFFE_PP_/Q              1.50    1.53   -0.02 (VIOLATED)
_9098_/Y                                1.48    1.49   -0.01 (VIOLATED)

max capacitance

Pin                                    Limit     Cap   Slack
------------------------------------------------------------
latched_stalu$_SDFFE_PN0P_/Q            0.30    0.33   -0.03 (VIOLATED)
_8864_/Y                                0.14    0.17   -0.03 (VIOLATED)
instr_sub$_SDFFE_PN0P_/Q                0.30    0.32   -0.02 (VIOLATED)
_9039_/Y                                0.07    0.08   -0.02 (VIOLATED)
_9030_/Y                                0.07    0.08   -0.01 (VIOLATED)
_7375_/Y                                0.15    0.16   -0.01 (VIOLATED)
instr_rdinstrh$_DFFE_PP_/Q              0.17    0.18   -0.01 (VIOLATED)
_9100_/Y                                0.05    0.06   -0.01 (VIOLATED)
_7378_/Y                                0.15    0.16   -0.01 (VIOLATED)
_9042_/Y                                0.07    0.07   -0.01 (VIOLATED)
_8872_/Y                                0.14    0.14   -0.01 (VIOLATED)
instr_rdinstr$_DFFE_PP_/Q               0.17    0.18   -0.01 (VIOLATED)
instr_rdcycleh$_DFFE_PP_/Q              0.17    0.17   -0.00 (VIOLATED)
_6268_/Y                                0.25    0.26   -0.00 (VIOLATED)
_9098_/Y                                0.05    0.05   -0.00 (VIOLATED)
_9110_/Y                                0.05    0.05   -0.00 (VIOLATED)

