[WARNING STA-0503] report_checks -group_count is deprecated. Use -group_path_count instead.
Startpoint: latched_stalu$_SDFFE_PN0P_ (rising edge-triggered flip-flop)
Endpoint: reg_next_pc[31]$_SDFFE_PN0P_ (rising edge-triggered flip-flop)
Path Group: unconstrained
Path Type: max
Corner: slow

Fanout     Cap    Slew   Delay    Time   Description
-----------------------------------------------------------------------------
                  1.31    0.00    0.00 ^ latched_stalu$_SDFFE_PN0P_/CLK (sky130_fd_sc_hd__dfxtp_2)
    33    0.31    5.71    5.94    5.94 ^ latched_stalu$_SDFFE_PN0P_/Q (sky130_fd_sc_hd__dfxtp_2)
                                         latched_stalu (net)
                  5.71    0.03    5.97 ^ _5682_/S (sky130_fd_sc_hd__mux2i_1)
     2    0.01    1.51    3.46    9.43 ^ _5682_/Y (sky130_fd_sc_hd__mux2i_1)
                                         _1275_ (net)
                  1.51    0.00    9.43 ^ _5684_/A2 (sky130_fd_sc_hd__o21a_1)
     4    0.03    1.15    1.67   11.10 ^ _5684_/X (sky130_fd_sc_hd__o21a_1)
                                         _1277_ (net)
                  1.15    0.00   11.11 ^ _5685_/A (sky130_fd_sc_hd__inv_1)
     2    0.01    0.24    0.67   11.78 v _5685_/Y (sky130_fd_sc_hd__inv_1)
                                         _4144_ (net)
                  0.24    0.00   11.78 v _9165_/B (sky130_fd_sc_hd__ha_1)
     3    0.01    0.26    1.57   13.35 v _9165_/SUM (sky130_fd_sc_hd__ha_1)
                                         _4200_ (net)
                  0.26    0.00   13.35 v _7858_/B_N (sky130_fd_sc_hd__nor2b_1)
     1    0.01    0.11    0.61   13.96 v _7858_/Y (sky130_fd_sc_hd__nor2b_1)
                                         _3121_ (net)
                  0.11    0.00   13.96 v _7859_/A2 (sky130_fd_sc_hd__o21ai_0)
     2    0.01    1.55    1.38   15.35 ^ _7859_/Y (sky130_fd_sc_hd__o21ai_0)
                                         _3122_ (net)
                  1.55    0.00   15.35 ^ _7862_/A2 (sky130_fd_sc_hd__a21boi_2)
     2    0.01    0.22    0.81   16.16 v _7862_/Y (sky130_fd_sc_hd__a21boi_2)
                                         _3125_ (net)
                  0.22    0.00   16.16 v _7880_/A2 (sky130_fd_sc_hd__o21ai_0)
     2    0.01    1.75    1.61   17.77 ^ _7880_/Y (sky130_fd_sc_hd__o21ai_0)
                                         _3141_ (net)
                  1.75    0.00   17.78 ^ _7883_/A2 (sky130_fd_sc_hd__a21boi_1)
     2    0.01    0.32    1.02   18.80 v _7883_/Y (sky130_fd_sc_hd__a21boi_1)
                                         _3144_ (net)
                  0.32    0.00   18.80 v _7899_/A2 (sky130_fd_sc_hd__o21ai_0)
     2    0.01    1.57    1.53   20.33 ^ _7899_/Y (sky130_fd_sc_hd__o21ai_0)
                                         _3158_ (net)
                  1.57    0.00   20.33 ^ _7900_/A2 (sky130_fd_sc_hd__a21boi_0)
     2    0.01    0.43    1.12   21.44 v _7900_/Y (sky130_fd_sc_hd__a21boi_0)
                                         _3159_ (net)
                  0.43    0.00   21.44 v _7923_/A2 (sky130_fd_sc_hd__o21ai_0)
     2    0.01    1.40    1.47   22.91 ^ _7923_/Y (sky130_fd_sc_hd__o21ai_0)
                                         _3180_ (net)
                  1.40    0.00   22.91 ^ _7924_/A2 (sky130_fd_sc_hd__a21boi_2)
     2    0.01    0.21    0.76   23.67 v _7924_/Y (sky130_fd_sc_hd__a21boi_2)
                                         _3181_ (net)
                  0.21    0.00   23.67 v _7947_/A2 (sky130_fd_sc_hd__o21ai_0)
     2    0.02    2.03    1.82   25.49 ^ _7947_/Y (sky130_fd_sc_hd__o21ai_0)
                                         _3202_ (net)
                  2.03    0.00   25.49 ^ _7948_/A2 (sky130_fd_sc_hd__a21boi_0)
     2    0.01    0.43    1.28   26.77 v _7948_/Y (sky130_fd_sc_hd__a21boi_0)
                                         _3203_ (net)
                  0.43    0.00   26.77 v _7975_/A2 (sky130_fd_sc_hd__o21ai_0)
     2    0.01    1.79    1.76   28.53 ^ _7975_/Y (sky130_fd_sc_hd__o21ai_0)
                                         _3228_ (net)
                  1.79    0.00   28.53 ^ _7976_/A2 (sky130_fd_sc_hd__a21boi_2)
     2    0.01    0.25    0.91   29.44 v _7976_/Y (sky130_fd_sc_hd__a21boi_2)
                                         _3229_ (net)
                  0.25    0.00   29.44 v _7999_/A2 (sky130_fd_sc_hd__o21ai_0)
     2    0.01    1.25    1.24   30.68 ^ _7999_/Y (sky130_fd_sc_hd__o21ai_0)
                                         _3250_ (net)
                  1.25    0.00   30.68 ^ _8000_/A2 (sky130_fd_sc_hd__a21boi_0)
     2    0.01    0.37    0.93   31.61 v _8000_/Y (sky130_fd_sc_hd__a21boi_0)
                                         _3251_ (net)
                  0.37    0.00   31.61 v _8021_/A2 (sky130_fd_sc_hd__o21ai_0)
     2    0.01    1.68    1.64   33.26 ^ _8021_/Y (sky130_fd_sc_hd__o21ai_0)
                                         _3270_ (net)
                  1.68    0.00   33.26 ^ _8022_/A2 (sky130_fd_sc_hd__a21boi_1)
     2    0.01    0.28    0.95   34.21 v _8022_/Y (sky130_fd_sc_hd__a21boi_1)
                                         _3271_ (net)
                  0.28    0.00   34.21 v _8042_/A2 (sky130_fd_sc_hd__o21ai_0)
     2    0.01    1.61    1.53   35.74 ^ _8042_/Y (sky130_fd_sc_hd__o21ai_0)
                                         _3289_ (net)
                  1.61    0.00   35.75 ^ _8044_/A2 (sky130_fd_sc_hd__a21oi_1)
     2    0.01    0.28    0.93   36.68 v _8044_/Y (sky130_fd_sc_hd__a21oi_1)
                                         _3291_ (net)
                  0.28    0.00   36.68 v _8065_/A2 (sky130_fd_sc_hd__o21ai_0)
     2    0.02    2.55    2.25   38.93 ^ _8065_/Y (sky130_fd_sc_hd__o21ai_0)
                                         _3310_ (net)
                  2.55    0.00   38.93 ^ _8066_/A2 (sky130_fd_sc_hd__a21boi_1)
     2    0.01    0.39    1.36   40.30 v _8066_/Y (sky130_fd_sc_hd__a21boi_1)
                                         _3311_ (net)
                  0.39    0.00   40.30 v _8081_/A2 (sky130_fd_sc_hd__o21ai_0)
     2    0.01    1.61    1.60   41.90 ^ _8081_/Y (sky130_fd_sc_hd__o21ai_0)
                                         _3324_ (net)
                  1.61    0.00   41.90 ^ _8084_/A2 (sky130_fd_sc_hd__a21boi_0)
     2    0.01    0.38    1.08   42.97 v _8084_/Y (sky130_fd_sc_hd__a21boi_0)
                                         _3327_ (net)
                  0.38    0.00   42.97 v _8102_/A2 (sky130_fd_sc_hd__o21ai_0)
     3    0.02    2.10    1.96   44.94 ^ _8102_/Y (sky130_fd_sc_hd__o21ai_0)
                                         _3343_ (net)
                  2.10    0.00   44.94 ^ _8150_/A2 (sky130_fd_sc_hd__a2111oi_0)
     2    0.01    0.42    1.32   46.25 v _8150_/Y (sky130_fd_sc_hd__a2111oi_0)
                                         _3387_ (net)
                  0.42    0.00   46.25 v _8155_/A1 (sky130_fd_sc_hd__o21ai_0)
     1    0.00    0.52    0.80   47.05 ^ _8155_/Y (sky130_fd_sc_hd__o21ai_0)
                                         _3392_ (net)
                  0.52    0.00   47.05 ^ _8156_/B (sky130_fd_sc_hd__nand2_1)
     1    0.00    0.10    0.34   47.39 v _8156_/Y (sky130_fd_sc_hd__nand2_1)
                                         _3393_ (net)
                  0.10    0.00   47.39 v _8159_/A2 (sky130_fd_sc_hd__o221ai_1)
     1    0.01    1.21    1.12   48.51 ^ _8159_/Y (sky130_fd_sc_hd__o221ai_1)
                                         _3396_ (net)
                  1.21    0.00   48.51 ^ _8161_/B1 (sky130_fd_sc_hd__a22o_1)
     1    0.01    0.24    0.98   49.49 ^ _8161_/X (sky130_fd_sc_hd__a22o_1)
                                         _0270_ (net)
                  0.24    0.00   49.49 ^ reg_next_pc[31]$_SDFFE_PN0P_/D (sky130_fd_sc_hd__dfxtp_1)
                                 49.49   data arrival time
-----------------------------------------------------------------------------
(Path is unconstrained)


Startpoint: latched_stalu$_SDFFE_PN0P_ (rising edge-triggered flip-flop)
Endpoint: reg_next_pc[29]$_SDFFE_PN0P_ (rising edge-triggered flip-flop)
Path Group: unconstrained
Path Type: max
Corner: slow

Fanout     Cap    Slew   Delay    Time   Description
-----------------------------------------------------------------------------
                  1.31    0.00    0.00 ^ latched_stalu$_SDFFE_PN0P_/CLK (sky130_fd_sc_hd__dfxtp_2)
    33    0.31    5.71    5.94    5.94 ^ latched_stalu$_SDFFE_PN0P_/Q (sky130_fd_sc_hd__dfxtp_2)
                                         latched_stalu (net)
                  5.71    0.03    5.97 ^ _5682_/S (sky130_fd_sc_hd__mux2i_1)
     2    0.01    1.51    3.46    9.43 ^ _5682_/Y (sky130_fd_sc_hd__mux2i_1)
                                         _1275_ (net)
                  1.51    0.00    9.43 ^ _5684_/A2 (sky130_fd_sc_hd__o21a_1)
     4    0.03    1.15    1.67   11.10 ^ _5684_/X (sky130_fd_sc_hd__o21a_1)
                                         _1277_ (net)
                  1.15    0.00   11.11 ^ _5685_/A (sky130_fd_sc_hd__inv_1)
     2    0.01    0.24    0.67   11.78 v _5685_/Y (sky130_fd_sc_hd__inv_1)
                                         _4144_ (net)
                  0.24    0.00   11.78 v _9165_/B (sky130_fd_sc_hd__ha_1)
     3    0.01    0.26    1.57   13.35 v _9165_/SUM (sky130_fd_sc_hd__ha_1)
                                         _4200_ (net)
                  0.26    0.00   13.35 v _7858_/B_N (sky130_fd_sc_hd__nor2b_1)
     1    0.01    0.11    0.61   13.96 v _7858_/Y (sky130_fd_sc_hd__nor2b_1)
                                         _3121_ (net)
                  0.11    0.00   13.96 v _7859_/A2 (sky130_fd_sc_hd__o21ai_0)
     2    0.01    1.55    1.38   15.35 ^ _7859_/Y (sky130_fd_sc_hd__o21ai_0)
                                         _3122_ (net)
                  1.55    0.00   15.35 ^ _7862_/A2 (sky130_fd_sc_hd__a21boi_2)
     2    0.01    0.22    0.81   16.16 v _7862_/Y (sky130_fd_sc_hd__a21boi_2)
                                         _3125_ (net)
                  0.22    0.00   16.16 v _7880_/A2 (sky130_fd_sc_hd__o21ai_0)
     2    0.01    1.75    1.61   17.77 ^ _7880_/Y (sky130_fd_sc_hd__o21ai_0)
                                         _3141_ (net)
                  1.75    0.00   17.78 ^ _7883_/A2 (sky130_fd_sc_hd__a21boi_1)
     2    0.01    0.32    1.02   18.80 v _7883_/Y (sky130_fd_sc_hd__a21boi_1)
                                         _3144_ (net)
                  0.32    0.00   18.80 v _7899_/A2 (sky130_fd_sc_hd__o21ai_0)
     2    0.01    1.57    1.53   20.33 ^ _7899_/Y (sky130_fd_sc_hd__o21ai_0)
                                         _3158_ (net)
                  1.57    0.00   20.33 ^ _7900_/A2 (sky130_fd_sc_hd__a21boi_0)
     2    0.01    0.43    1.12   21.44 v _7900_/Y (sky130_fd_sc_hd__a21boi_0)
                                         _3159_ (net)
                  0.43    0.00   21.44 v _7923_/A2 (sky130_fd_sc_hd__o21ai_0)
     2    0.01    1.40    1.47   22.91 ^ _7923_/Y (sky130_fd_sc_hd__o21ai_0)
                                         _3180_ (net)
                  1.40    0.00   22.91 ^ _7924_/A2 (sky130_fd_sc_hd__a21boi_2)
     2    0.01    0.21    0.76   23.67 v _7924_/Y (sky130_fd_sc_hd__a21boi_2)
                                         _3181_ (net)
                  0.21    0.00   23.67 v _7947_/A2 (sky130_fd_sc_hd__o21ai_0)
     2    0.02    2.03    1.82   25.49 ^ _7947_/Y (sky130_fd_sc_hd__o21ai_0)
                                         _3202_ (net)
                  2.03    0.00   25.49 ^ _7948_/A2 (sky130_fd_sc_hd__a21boi_0)
     2    0.01    0.43    1.28   26.77 v _7948_/Y (sky130_fd_sc_hd__a21boi_0)
                                         _3203_ (net)
                  0.43    0.00   26.77 v _7975_/A2 (sky130_fd_sc_hd__o21ai_0)
     2    0.01    1.79    1.76   28.53 ^ _7975_/Y (sky130_fd_sc_hd__o21ai_0)
                                         _3228_ (net)
                  1.79    0.00   28.53 ^ _7976_/A2 (sky130_fd_sc_hd__a21boi_2)
     2    0.01    0.25    0.91   29.44 v _7976_/Y (sky130_fd_sc_hd__a21boi_2)
                                         _3229_ (net)
                  0.25    0.00   29.44 v _7999_/A2 (sky130_fd_sc_hd__o21ai_0)
     2    0.01    1.25    1.24   30.68 ^ _7999_/Y (sky130_fd_sc_hd__o21ai_0)
                                         _3250_ (net)
                  1.25    0.00   30.68 ^ _8000_/A2 (sky130_fd_sc_hd__a21boi_0)
     2    0.01    0.37    0.93   31.61 v _8000_/Y (sky130_fd_sc_hd__a21boi_0)
                                         _3251_ (net)
                  0.37    0.00   31.61 v _8021_/A2 (sky130_fd_sc_hd__o21ai_0)
     2    0.01    1.68    1.64   33.26 ^ _8021_/Y (sky130_fd_sc_hd__o21ai_0)
                                         _3270_ (net)
                  1.68    0.00   33.26 ^ _8022_/A2 (sky130_fd_sc_hd__a21boi_1)
     2    0.01    0.28    0.95   34.21 v _8022_/Y (sky130_fd_sc_hd__a21boi_1)
                                         _3271_ (net)
                  0.28    0.00   34.21 v _8042_/A2 (sky130_fd_sc_hd__o21ai_0)
     2    0.01    1.61    1.53   35.74 ^ _8042_/Y (sky130_fd_sc_hd__o21ai_0)
                                         _3289_ (net)
                  1.61    0.00   35.75 ^ _8044_/A2 (sky130_fd_sc_hd__a21oi_1)
     2    0.01    0.28    0.93   36.68 v _8044_/Y (sky130_fd_sc_hd__a21oi_1)
                                         _3291_ (net)
                  0.28    0.00   36.68 v _8065_/A2 (sky130_fd_sc_hd__o21ai_0)
     2    0.02    2.55    2.25   38.93 ^ _8065_/Y (sky130_fd_sc_hd__o21ai_0)
                                         _3310_ (net)
                  2.55    0.00   38.93 ^ _8066_/A2 (sky130_fd_sc_hd__a21boi_1)
     2    0.01    0.39    1.36   40.30 v _8066_/Y (sky130_fd_sc_hd__a21boi_1)
                                         _3311_ (net)
                  0.39    0.00   40.30 v _8081_/A2 (sky130_fd_sc_hd__o21ai_0)
     2    0.01    1.61    1.60   41.90 ^ _8081_/Y (sky130_fd_sc_hd__o21ai_0)
                                         _3324_ (net)
                  1.61    0.00   41.90 ^ _8084_/A2 (sky130_fd_sc_hd__a21boi_0)
     2    0.01    0.38    1.08   42.97 v _8084_/Y (sky130_fd_sc_hd__a21boi_0)
                                         _3327_ (net)
                  0.38    0.00   42.97 v _8102_/A2 (sky130_fd_sc_hd__o21ai_0)
     3    0.02    2.10    1.96   44.94 ^ _8102_/Y (sky130_fd_sc_hd__o21ai_0)
                                         _3343_ (net)
                  2.10    0.00   44.94 ^ _8125_/A2 (sky130_fd_sc_hd__a211oi_1)
     1    0.00    0.24    1.00   45.94 v _8125_/Y (sky130_fd_sc_hd__a211oi_1)
                                         _3364_ (net)
                  0.24    0.00   45.94 v _8127_/A_N (sky130_fd_sc_hd__nand2b_1)
     2    0.01    0.23    0.70   46.64 v _8127_/Y (sky130_fd_sc_hd__nand2b_1)
                                         _3366_ (net)
                  0.23    0.00   46.64 v _8129_/B (sky130_fd_sc_hd__or2_0)
     1    0.00    0.16    0.97   47.61 v _8129_/X (sky130_fd_sc_hd__or2_0)
                                         _3368_ (net)
                  0.16    0.00   47.61 v _8133_/A3 (sky130_fd_sc_hd__a31oi_1)
     1    0.00    0.46    0.64   48.26 ^ _8133_/Y (sky130_fd_sc_hd__a31oi_1)
                                         _3372_ (net)
                  0.46    0.00   48.26 ^ _8136_/A1 (sky130_fd_sc_hd__o21ai_0)
     1    0.00    0.11    0.36   48.61 v _8136_/Y (sky130_fd_sc_hd__o21ai_0)
                                         _0268_ (net)
                  0.11    0.00   48.61 v reg_next_pc[29]$_SDFFE_PN0P_/D (sky130_fd_sc_hd__dfxtp_2)
                                 48.61   data arrival time
-----------------------------------------------------------------------------
(Path is unconstrained)


Startpoint: latched_stalu$_SDFFE_PN0P_ (rising edge-triggered flip-flop)
Endpoint: reg_next_pc[27]$_SDFFE_PN0P_ (rising edge-triggered flip-flop)
Path Group: unconstrained
Path Type: max
Corner: slow

Fanout     Cap    Slew   Delay    Time   Description
-----------------------------------------------------------------------------
                  1.31    0.00    0.00 ^ latched_stalu$_SDFFE_PN0P_/CLK (sky130_fd_sc_hd__dfxtp_2)
    33    0.31    5.71    5.94    5.94 ^ latched_stalu$_SDFFE_PN0P_/Q (sky130_fd_sc_hd__dfxtp_2)
                                         latched_stalu (net)
                  5.71    0.03    5.97 ^ _5682_/S (sky130_fd_sc_hd__mux2i_1)
     2    0.01    1.51    3.46    9.43 ^ _5682_/Y (sky130_fd_sc_hd__mux2i_1)
                                         _1275_ (net)
                  1.51    0.00    9.43 ^ _5684_/A2 (sky130_fd_sc_hd__o21a_1)
     4    0.03    1.15    1.67   11.10 ^ _5684_/X (sky130_fd_sc_hd__o21a_1)
                                         _1277_ (net)
                  1.15    0.00   11.11 ^ _5685_/A (sky130_fd_sc_hd__inv_1)
     2    0.01    0.24    0.67   11.78 v _5685_/Y (sky130_fd_sc_hd__inv_1)
                                         _4144_ (net)
                  0.24    0.00   11.78 v _9165_/B (sky130_fd_sc_hd__ha_1)
     3    0.01    0.26    1.57   13.35 v _9165_/SUM (sky130_fd_sc_hd__ha_1)
                                         _4200_ (net)
                  0.26    0.00   13.35 v _7858_/B_N (sky130_fd_sc_hd__nor2b_1)
     1    0.01    0.11    0.61   13.96 v _7858_/Y (sky130_fd_sc_hd__nor2b_1)
                                         _3121_ (net)
                  0.11    0.00   13.96 v _7859_/A2 (sky130_fd_sc_hd__o21ai_0)
     2    0.01    1.55    1.38   15.35 ^ _7859_/Y (sky130_fd_sc_hd__o21ai_0)
                                         _3122_ (net)
                  1.55    0.00   15.35 ^ _7862_/A2 (sky130_fd_sc_hd__a21boi_2)
     2    0.01    0.22    0.81   16.16 v _7862_/Y (sky130_fd_sc_hd__a21boi_2)
                                         _3125_ (net)
                  0.22    0.00   16.16 v _7880_/A2 (sky130_fd_sc_hd__o21ai_0)
     2    0.01    1.75    1.61   17.77 ^ _7880_/Y (sky130_fd_sc_hd__o21ai_0)
                                         _3141_ (net)
                  1.75    0.00   17.78 ^ _7883_/A2 (sky130_fd_sc_hd__a21boi_1)
     2    0.01    0.32    1.02   18.80 v _7883_/Y (sky130_fd_sc_hd__a21boi_1)
                                         _3144_ (net)
                  0.32    0.00   18.80 v _7899_/A2 (sky130_fd_sc_hd__o21ai_0)
     2    0.01    1.57    1.53   20.33 ^ _7899_/Y (sky130_fd_sc_hd__o21ai_0)
                                         _3158_ (net)
                  1.57    0.00   20.33 ^ _7900_/A2 (sky130_fd_sc_hd__a21boi_0)
     2    0.01    0.43    1.12   21.44 v _7900_/Y (sky130_fd_sc_hd__a21boi_0)
                                         _3159_ (net)
                  0.43    0.00   21.44 v _7923_/A2 (sky130_fd_sc_hd__o21ai_0)
     2    0.01    1.40    1.47   22.91 ^ _7923_/Y (sky130_fd_sc_hd__o21ai_0)
                                         _3180_ (net)
                  1.40    0.00   22.91 ^ _7924_/A2 (sky130_fd_sc_hd__a21boi_2)
     2    0.01    0.21    0.76   23.67 v _7924_/Y (sky130_fd_sc_hd__a21boi_2)
                                         _3181_ (net)
                  0.21    0.00   23.67 v _7947_/A2 (sky130_fd_sc_hd__o21ai_0)
     2    0.02    2.03    1.82   25.49 ^ _7947_/Y (sky130_fd_sc_hd__o21ai_0)
                                         _3202_ (net)
                  2.03    0.00   25.49 ^ _7948_/A2 (sky130_fd_sc_hd__a21boi_0)
     2    0.01    0.43    1.28   26.77 v _7948_/Y (sky130_fd_sc_hd__a21boi_0)
                                         _3203_ (net)
                  0.43    0.00   26.77 v _7975_/A2 (sky130_fd_sc_hd__o21ai_0)
     2    0.01    1.79    1.76   28.53 ^ _7975_/Y (sky130_fd_sc_hd__o21ai_0)
                                         _3228_ (net)
                  1.79    0.00   28.53 ^ _7976_/A2 (sky130_fd_sc_hd__a21boi_2)
     2    0.01    0.25    0.91   29.44 v _7976_/Y (sky130_fd_sc_hd__a21boi_2)
                                         _3229_ (net)
                  0.25    0.00   29.44 v _7999_/A2 (sky130_fd_sc_hd__o21ai_0)
     2    0.01    1.25    1.24   30.68 ^ _7999_/Y (sky130_fd_sc_hd__o21ai_0)
                                         _3250_ (net)
                  1.25    0.00   30.68 ^ _8000_/A2 (sky130_fd_sc_hd__a21boi_0)
     2    0.01    0.37    0.93   31.61 v _8000_/Y (sky130_fd_sc_hd__a21boi_0)
                                         _3251_ (net)
                  0.37    0.00   31.61 v _8021_/A2 (sky130_fd_sc_hd__o21ai_0)
     2    0.01    1.68    1.64   33.26 ^ _8021_/Y (sky130_fd_sc_hd__o21ai_0)
                                         _3270_ (net)
                  1.68    0.00   33.26 ^ _8022_/A2 (sky130_fd_sc_hd__a21boi_1)
     2    0.01    0.28    0.95   34.21 v _8022_/Y (sky130_fd_sc_hd__a21boi_1)
                                         _3271_ (net)
                  0.28    0.00   34.21 v _8042_/A2 (sky130_fd_sc_hd__o21ai_0)
     2    0.01    1.61    1.53   35.74 ^ _8042_/Y (sky130_fd_sc_hd__o21ai_0)
                                         _3289_ (net)
                  1.61    0.00   35.75 ^ _8044_/A2 (sky130_fd_sc_hd__a21oi_1)
     2    0.01    0.28    0.93   36.68 v _8044_/Y (sky130_fd_sc_hd__a21oi_1)
                                         _3291_ (net)
                  0.28    0.00   36.68 v _8065_/A2 (sky130_fd_sc_hd__o21ai_0)
     2    0.02    2.55    2.25   38.93 ^ _8065_/Y (sky130_fd_sc_hd__o21ai_0)
                                         _3310_ (net)
                  2.55    0.00   38.93 ^ _8066_/A2 (sky130_fd_sc_hd__a21boi_1)
     2    0.01    0.39    1.36   40.30 v _8066_/Y (sky130_fd_sc_hd__a21boi_1)
                                         _3311_ (net)
                  0.39    0.00   40.30 v _8081_/A2 (sky130_fd_sc_hd__o21ai_0)
     2    0.01    1.61    1.60   41.90 ^ _8081_/Y (sky130_fd_sc_hd__o21ai_0)
                                         _3324_ (net)
                  1.61    0.00   41.90 ^ _8084_/A2 (sky130_fd_sc_hd__a21boi_0)
     2    0.01    0.38    1.08   42.97 v _8084_/Y (sky130_fd_sc_hd__a21boi_0)
                                         _3327_ (net)
                  0.38    0.00   42.97 v _8102_/A2 (sky130_fd_sc_hd__o21ai_0)
     3    0.02    2.10    1.96   44.94 ^ _8102_/Y (sky130_fd_sc_hd__o21ai_0)
                                         _3343_ (net)
                  2.10    0.00   44.94 ^ _8103_/B (sky130_fd_sc_hd__nand2_1)
     1    0.01    0.30    1.05   45.99 v _8103_/Y (sky130_fd_sc_hd__nand2_1)
                                         _3344_ (net)
                  0.30    0.00   45.99 v _8104_/B (sky130_fd_sc_hd__xnor2_1)
     1    0.01    0.87    0.98   46.97 ^ _8104_/Y (sky130_fd_sc_hd__xnor2_1)
                                         _3345_ (net)
                  0.87    0.00   46.97 ^ _8105_/B (sky130_fd_sc_hd__nor2_1)
     1    0.00    0.13    0.42   47.39 v _8105_/Y (sky130_fd_sc_hd__nor2_1)
                                         _3346_ (net)
                  0.13    0.00   47.39 v _8112_/A1 (sky130_fd_sc_hd__o21ai_0)
     1    0.00    0.57    0.67   48.06 ^ _8112_/Y (sky130_fd_sc_hd__o21ai_0)
                                         _0266_ (net)
                  0.57    0.00   48.06 ^ reg_next_pc[27]$_SDFFE_PN0P_/D (sky130_fd_sc_hd__dfxtp_2)
                                 48.06   data arrival time
-----------------------------------------------------------------------------
(Path is unconstrained)


Startpoint: latched_stalu$_SDFFE_PN0P_ (rising edge-triggered flip-flop)
Endpoint: reg_next_pc[25]$_SDFFE_PN0P_ (rising edge-triggered flip-flop)
Path Group: unconstrained
Path Type: max
Corner: slow

Fanout     Cap    Slew   Delay    Time   Description
-----------------------------------------------------------------------------
                  1.31    0.00    0.00 ^ latched_stalu$_SDFFE_PN0P_/CLK (sky130_fd_sc_hd__dfxtp_2)
    33    0.31    5.71    5.94    5.94 ^ latched_stalu$_SDFFE_PN0P_/Q (sky130_fd_sc_hd__dfxtp_2)
                                         latched_stalu (net)
                  5.71    0.03    5.97 ^ _5682_/S (sky130_fd_sc_hd__mux2i_1)
     2    0.01    1.51    3.46    9.43 ^ _5682_/Y (sky130_fd_sc_hd__mux2i_1)
                                         _1275_ (net)
                  1.51    0.00    9.43 ^ _5684_/A2 (sky130_fd_sc_hd__o21a_1)
     4    0.03    1.15    1.67   11.10 ^ _5684_/X (sky130_fd_sc_hd__o21a_1)
                                         _1277_ (net)
                  1.15    0.00   11.11 ^ _5685_/A (sky130_fd_sc_hd__inv_1)
     2    0.01    0.24    0.67   11.78 v _5685_/Y (sky130_fd_sc_hd__inv_1)
                                         _4144_ (net)
                  0.24    0.00   11.78 v _9165_/B (sky130_fd_sc_hd__ha_1)
     3    0.01    0.26    1.57   13.35 v _9165_/SUM (sky130_fd_sc_hd__ha_1)
                                         _4200_ (net)
                  0.26    0.00   13.35 v _7858_/B_N (sky130_fd_sc_hd__nor2b_1)
     1    0.01    0.11    0.61   13.96 v _7858_/Y (sky130_fd_sc_hd__nor2b_1)
                                         _3121_ (net)
                  0.11    0.00   13.96 v _7859_/A2 (sky130_fd_sc_hd__o21ai_0)
     2    0.01    1.55    1.38   15.35 ^ _7859_/Y (sky130_fd_sc_hd__o21ai_0)
                                         _3122_ (net)
                  1.55    0.00   15.35 ^ _7862_/A2 (sky130_fd_sc_hd__a21boi_2)
     2    0.01    0.22    0.81   16.16 v _7862_/Y (sky130_fd_sc_hd__a21boi_2)
                                         _3125_ (net)
                  0.22    0.00   16.16 v _7880_/A2 (sky130_fd_sc_hd__o21ai_0)
     2    0.01    1.75    1.61   17.77 ^ _7880_/Y (sky130_fd_sc_hd__o21ai_0)
                                         _3141_ (net)
                  1.75    0.00   17.78 ^ _7883_/A2 (sky130_fd_sc_hd__a21boi_1)
     2    0.01    0.32    1.02   18.80 v _7883_/Y (sky130_fd_sc_hd__a21boi_1)
                                         _3144_ (net)
                  0.32    0.00   18.80 v _7899_/A2 (sky130_fd_sc_hd__o21ai_0)
     2    0.01    1.57    1.53   20.33 ^ _7899_/Y (sky130_fd_sc_hd__o21ai_0)
                                         _3158_ (net)
                  1.57    0.00   20.33 ^ _7900_/A2 (sky130_fd_sc_hd__a21boi_0)
     2    0.01    0.43    1.12   21.44 v _7900_/Y (sky130_fd_sc_hd__a21boi_0)
                                         _3159_ (net)
                  0.43    0.00   21.44 v _7923_/A2 (sky130_fd_sc_hd__o21ai_0)
     2    0.01    1.40    1.47   22.91 ^ _7923_/Y (sky130_fd_sc_hd__o21ai_0)
                                         _3180_ (net)
                  1.40    0.00   22.91 ^ _7924_/A2 (sky130_fd_sc_hd__a21boi_2)
     2    0.01    0.21    0.76   23.67 v _7924_/Y (sky130_fd_sc_hd__a21boi_2)
                                         _3181_ (net)
                  0.21    0.00   23.67 v _7947_/A2 (sky130_fd_sc_hd__o21ai_0)
     2    0.02    2.03    1.82   25.49 ^ _7947_/Y (sky130_fd_sc_hd__o21ai_0)
                                         _3202_ (net)
                  2.03    0.00   25.49 ^ _7948_/A2 (sky130_fd_sc_hd__a21boi_0)
     2    0.01    0.43    1.28   26.77 v _7948_/Y (sky130_fd_sc_hd__a21boi_0)
                                         _3203_ (net)
                  0.43    0.00   26.77 v _7975_/A2 (sky130_fd_sc_hd__o21ai_0)
     2    0.01    1.79    1.76   28.53 ^ _7975_/Y (sky130_fd_sc_hd__o21ai_0)
                                         _3228_ (net)
                  1.79    0.00   28.53 ^ _7976_/A2 (sky130_fd_sc_hd__a21boi_2)
     2    0.01    0.25    0.91   29.44 v _7976_/Y (sky130_fd_sc_hd__a21boi_2)
                                         _3229_ (net)
                  0.25    0.00   29.44 v _7999_/A2 (sky130_fd_sc_hd__o21ai_0)
     2    0.01    1.25    1.24   30.68 ^ _7999_/Y (sky130_fd_sc_hd__o21ai_0)
                                         _3250_ (net)
                  1.25    0.00   30.68 ^ _8000_/A2 (sky130_fd_sc_hd__a21boi_0)
     2    0.01    0.37    0.93   31.61 v _8000_/Y (sky130_fd_sc_hd__a21boi_0)
                                         _3251_ (net)
                  0.37    0.00   31.61 v _8021_/A2 (sky130_fd_sc_hd__o21ai_0)
     2    0.01    1.68    1.64   33.26 ^ _8021_/Y (sky130_fd_sc_hd__o21ai_0)
                                         _3270_ (net)
                  1.68    0.00   33.26 ^ _8022_/A2 (sky130_fd_sc_hd__a21boi_1)
     2    0.01    0.28    0.95   34.21 v _8022_/Y (sky130_fd_sc_hd__a21boi_1)
                                         _3271_ (net)
                  0.28    0.00   34.21 v _8042_/A2 (sky130_fd_sc_hd__o21ai_0)
     2    0.01    1.61    1.53   35.74 ^ _8042_/Y (sky130_fd_sc_hd__o21ai_0)
                                         _3289_ (net)
                  1.61    0.00   35.75 ^ _8044_/A2 (sky130_fd_sc_hd__a21oi_1)
     2    0.01    0.28    0.93   36.68 v _8044_/Y (sky130_fd_sc_hd__a21oi_1)
                                         _3291_ (net)
                  0.28    0.00   36.68 v _8065_/A2 (sky130_fd_sc_hd__o21ai_0)
     2    0.02    2.55    2.25   38.93 ^ _8065_/Y (sky130_fd_sc_hd__o21ai_0)
                                         _3310_ (net)
                  2.55    0.00   38.93 ^ _8066_/A2 (sky130_fd_sc_hd__a21boi_1)
     2    0.01    0.39    1.36   40.30 v _8066_/Y (sky130_fd_sc_hd__a21boi_1)
                                         _3311_ (net)
                  0.39    0.00   40.30 v _8081_/A2 (sky130_fd_sc_hd__o21ai_0)
     2    0.01    1.61    1.60   41.90 ^ _8081_/Y (sky130_fd_sc_hd__o21ai_0)
                                         _3324_ (net)
                  1.61    0.00   41.90 ^ _8084_/A2 (sky130_fd_sc_hd__a21boi_0)
     2    0.01    0.38    1.08   42.97 v _8084_/Y (sky130_fd_sc_hd__a21boi_0)
                                         _3327_ (net)
                  0.38    0.00   42.97 v _8085_/A2 (sky130_fd_sc_hd__o21a_1)
     1    0.00    0.11    0.89   43.86 v _8085_/X (sky130_fd_sc_hd__o21a_1)
                                         _3328_ (net)
                  0.11    0.00   43.86 v _8090_/A1 (sky130_fd_sc_hd__o21ai_0)
     1    0.00    0.51    0.61   44.47 ^ _8090_/Y (sky130_fd_sc_hd__o21ai_0)
                                         _0264_ (net)
                  0.51    0.00   44.47 ^ reg_next_pc[25]$_SDFFE_PN0P_/D (sky130_fd_sc_hd__dfxtp_2)
                                 44.47   data arrival time
-----------------------------------------------------------------------------
(Path is unconstrained)


Startpoint: latched_stalu$_SDFFE_PN0P_ (rising edge-triggered flip-flop)
Endpoint: reg_next_pc[23]$_SDFFE_PN0P_ (rising edge-triggered flip-flop)
Path Group: unconstrained
Path Type: max
Corner: slow

Fanout     Cap    Slew   Delay    Time   Description
-----------------------------------------------------------------------------
                  1.31    0.00    0.00 ^ latched_stalu$_SDFFE_PN0P_/CLK (sky130_fd_sc_hd__dfxtp_2)
    33    0.31    5.71    5.94    5.94 ^ latched_stalu$_SDFFE_PN0P_/Q (sky130_fd_sc_hd__dfxtp_2)
                                         latched_stalu (net)
                  5.71    0.03    5.97 ^ _5682_/S (sky130_fd_sc_hd__mux2i_1)
     2    0.01    1.51    3.46    9.43 ^ _5682_/Y (sky130_fd_sc_hd__mux2i_1)
                                         _1275_ (net)
                  1.51    0.00    9.43 ^ _5684_/A2 (sky130_fd_sc_hd__o21a_1)
     4    0.03    1.15    1.67   11.10 ^ _5684_/X (sky130_fd_sc_hd__o21a_1)
                                         _1277_ (net)
                  1.15    0.00   11.11 ^ _5685_/A (sky130_fd_sc_hd__inv_1)
     2    0.01    0.24    0.67   11.78 v _5685_/Y (sky130_fd_sc_hd__inv_1)
                                         _4144_ (net)
                  0.24    0.00   11.78 v _9165_/B (sky130_fd_sc_hd__ha_1)
     3    0.01    0.26    1.57   13.35 v _9165_/SUM (sky130_fd_sc_hd__ha_1)
                                         _4200_ (net)
                  0.26    0.00   13.35 v _7858_/B_N (sky130_fd_sc_hd__nor2b_1)
     1    0.01    0.11    0.61   13.96 v _7858_/Y (sky130_fd_sc_hd__nor2b_1)
                                         _3121_ (net)
                  0.11    0.00   13.96 v _7859_/A2 (sky130_fd_sc_hd__o21ai_0)
     2    0.01    1.55    1.38   15.35 ^ _7859_/Y (sky130_fd_sc_hd__o21ai_0)
                                         _3122_ (net)
                  1.55    0.00   15.35 ^ _7862_/A2 (sky130_fd_sc_hd__a21boi_2)
     2    0.01    0.22    0.81   16.16 v _7862_/Y (sky130_fd_sc_hd__a21boi_2)
                                         _3125_ (net)
                  0.22    0.00   16.16 v _7880_/A2 (sky130_fd_sc_hd__o21ai_0)
     2    0.01    1.75    1.61   17.77 ^ _7880_/Y (sky130_fd_sc_hd__o21ai_0)
                                         _3141_ (net)
                  1.75    0.00   17.78 ^ _7883_/A2 (sky130_fd_sc_hd__a21boi_1)
     2    0.01    0.32    1.02   18.80 v _7883_/Y (sky130_fd_sc_hd__a21boi_1)
                                         _3144_ (net)
                  0.32    0.00   18.80 v _7899_/A2 (sky130_fd_sc_hd__o21ai_0)
     2    0.01    1.57    1.53   20.33 ^ _7899_/Y (sky130_fd_sc_hd__o21ai_0)
                                         _3158_ (net)
                  1.57    0.00   20.33 ^ _7900_/A2 (sky130_fd_sc_hd__a21boi_0)
     2    0.01    0.43    1.12   21.44 v _7900_/Y (sky130_fd_sc_hd__a21boi_0)
                                         _3159_ (net)
                  0.43    0.00   21.44 v _7923_/A2 (sky130_fd_sc_hd__o21ai_0)
     2    0.01    1.40    1.47   22.91 ^ _7923_/Y (sky130_fd_sc_hd__o21ai_0)
                                         _3180_ (net)
                  1.40    0.00   22.91 ^ _7924_/A2 (sky130_fd_sc_hd__a21boi_2)
     2    0.01    0.21    0.76   23.67 v _7924_/Y (sky130_fd_sc_hd__a21boi_2)
                                         _3181_ (net)
                  0.21    0.00   23.67 v _7947_/A2 (sky130_fd_sc_hd__o21ai_0)
     2    0.02    2.03    1.82   25.49 ^ _7947_/Y (sky130_fd_sc_hd__o21ai_0)
                                         _3202_ (net)
                  2.03    0.00   25.49 ^ _7948_/A2 (sky130_fd_sc_hd__a21boi_0)
     2    0.01    0.43    1.28   26.77 v _7948_/Y (sky130_fd_sc_hd__a21boi_0)
                                         _3203_ (net)
                  0.43    0.00   26.77 v _7975_/A2 (sky130_fd_sc_hd__o21ai_0)
     2    0.01    1.79    1.76   28.53 ^ _7975_/Y (sky130_fd_sc_hd__o21ai_0)
                                         _3228_ (net)
                  1.79    0.00   28.53 ^ _7976_/A2 (sky130_fd_sc_hd__a21boi_2)
     2    0.01    0.25    0.91   29.44 v _7976_/Y (sky130_fd_sc_hd__a21boi_2)
                                         _3229_ (net)
                  0.25    0.00   29.44 v _7999_/A2 (sky130_fd_sc_hd__o21ai_0)
     2    0.01    1.25    1.24   30.68 ^ _7999_/Y (sky130_fd_sc_hd__o21ai_0)
                                         _3250_ (net)
                  1.25    0.00   30.68 ^ _8000_/A2 (sky130_fd_sc_hd__a21boi_0)
     2    0.01    0.37    0.93   31.61 v _8000_/Y (sky130_fd_sc_hd__a21boi_0)
                                         _3251_ (net)
                  0.37    0.00   31.61 v _8021_/A2 (sky130_fd_sc_hd__o21ai_0)
     2    0.01    1.68    1.64   33.26 ^ _8021_/Y (sky130_fd_sc_hd__o21ai_0)
                                         _3270_ (net)
                  1.68    0.00   33.26 ^ _8022_/A2 (sky130_fd_sc_hd__a21boi_1)
     2    0.01    0.28    0.95   34.21 v _8022_/Y (sky130_fd_sc_hd__a21boi_1)
                                         _3271_ (net)
                  0.28    0.00   34.21 v _8042_/A2 (sky130_fd_sc_hd__o21ai_0)
     2    0.01    1.61    1.53   35.74 ^ _8042_/Y (sky130_fd_sc_hd__o21ai_0)
                                         _3289_ (net)
                  1.61    0.00   35.75 ^ _8044_/A2 (sky130_fd_sc_hd__a21oi_1)
     2    0.01    0.28    0.93   36.68 v _8044_/Y (sky130_fd_sc_hd__a21oi_1)
                                         _3291_ (net)
                  0.28    0.00   36.68 v _8065_/A2 (sky130_fd_sc_hd__o21ai_0)
     2    0.02    2.55    2.25   38.93 ^ _8065_/Y (sky130_fd_sc_hd__o21ai_0)
                                         _3310_ (net)
                  2.55    0.00   38.93 ^ _8067_/B (sky130_fd_sc_hd__nand2_1)
     1    0.00    0.26    1.07   40.00 v _8067_/Y (sky130_fd_sc_hd__nand2_1)
                                         _3312_ (net)
                  0.26    0.00   40.00 v _8068_/A2 (sky130_fd_sc_hd__o21ai_0)
     1    0.00    0.66    0.77   40.77 ^ _8068_/Y (sky130_fd_sc_hd__o21ai_0)
                                         _3313_ (net)
                  0.66    0.00   40.77 ^ _8069_/B2 (sky130_fd_sc_hd__o221ai_1)
     1    0.00    0.66    0.54   41.32 v _8069_/Y (sky130_fd_sc_hd__o221ai_1)
                                         _3314_ (net)
                  0.66    0.00   41.32 v _8070_/B1 (sky130_fd_sc_hd__o21ai_0)
     1    0.00    0.56    0.61   41.92 ^ _8070_/Y (sky130_fd_sc_hd__o21ai_0)
                                         _3315_ (net)
                  0.56    0.00   41.92 ^ _8071_/B (sky130_fd_sc_hd__nand2_1)
     1    0.00    0.10    0.34   42.27 v _8071_/Y (sky130_fd_sc_hd__nand2_1)
                                         _0262_ (net)
                  0.10    0.00   42.27 v reg_next_pc[23]$_SDFFE_PN0P_/D (sky130_fd_sc_hd__dfxtp_2)
                                 42.27   data arrival time
-----------------------------------------------------------------------------
(Path is unconstrained)


Startpoint: latched_stalu$_SDFFE_PN0P_ (rising edge-triggered flip-flop)
Endpoint: reg_next_pc[30]$_SDFFE_PN0P_ (rising edge-triggered flip-flop)
Path Group: unconstrained
Path Type: max
Corner: slow

Fanout     Cap    Slew   Delay    Time   Description
-----------------------------------------------------------------------------
                  1.31    0.00    0.00 ^ latched_stalu$_SDFFE_PN0P_/CLK (sky130_fd_sc_hd__dfxtp_2)
    33    0.31    5.71    5.94    5.94 ^ latched_stalu$_SDFFE_PN0P_/Q (sky130_fd_sc_hd__dfxtp_2)
                                         latched_stalu (net)
                  5.71    0.03    5.97 ^ _5678_/S (sky130_fd_sc_hd__mux2i_1)
     2    0.01    1.16    3.19    9.16 ^ _5678_/Y (sky130_fd_sc_hd__mux2i_1)
                                         _1273_ (net)
                  1.16    0.00    9.16 ^ _5680_/A2 (sky130_fd_sc_hd__o21a_1)
     5    0.04    1.53    1.82   10.98 ^ _5680_/X (sky130_fd_sc_hd__o21a_1)
                                         _4165_ (net)
                  1.53    0.01   10.99 ^ _5681_/A (sky130_fd_sc_hd__inv_2)
     3    0.02    0.27    0.77   11.75 v _5681_/Y (sky130_fd_sc_hd__inv_2)
                                         _4133_ (net)
                  0.27    0.00   11.75 v _9163_/B (sky130_fd_sc_hd__ha_1)
     1    0.01    0.20    1.50   13.26 v _9163_/SUM (sky130_fd_sc_hd__ha_1)
                                         _4196_ (net)
                  0.20    0.00   13.26 v _7845_/A2 (sky130_fd_sc_hd__a21o_1)
     1    0.01    0.15    0.79   14.05 v _7845_/X (sky130_fd_sc_hd__a21o_1)
                                         _3109_ (net)
                  0.15    0.00   14.05 v _7846_/A2 (sky130_fd_sc_hd__a21oi_1)
     2    0.01    1.07    1.08   15.13 ^ _7846_/Y (sky130_fd_sc_hd__a21oi_1)
                                         _3110_ (net)
                  1.07    0.00   15.13 ^ _7868_/A2 (sky130_fd_sc_hd__o21ai_0)
     1    0.01    0.36    0.84   15.98 v _7868_/Y (sky130_fd_sc_hd__o21ai_0)
                                         _3130_ (net)
                  0.36    0.00   15.98 v _7869_/A2 (sky130_fd_sc_hd__a21oi_2)
     2    0.02    0.91    1.12   17.10 ^ _7869_/Y (sky130_fd_sc_hd__a21oi_2)
                                         _3131_ (net)
                  0.91    0.00   17.10 ^ _7889_/A2 (sky130_fd_sc_hd__o21ai_0)
     1    0.01    0.33    0.75   17.85 v _7889_/Y (sky130_fd_sc_hd__o21ai_0)
                                         _3149_ (net)
                  0.33    0.00   17.85 v _7890_/A2 (sky130_fd_sc_hd__a21oi_1)
     2    0.01    0.99    1.12   18.97 ^ _7890_/Y (sky130_fd_sc_hd__a21oi_1)
                                         _3150_ (net)
                  0.99    0.00   18.97 ^ _7912_/A2 (sky130_fd_sc_hd__o21ai_0)
     1    0.01    0.26    0.72   19.70 v _7912_/Y (sky130_fd_sc_hd__o21ai_0)
                                         _3170_ (net)
                  0.26    0.00   19.70 v _7913_/A2 (sky130_fd_sc_hd__a21oi_1)
     2    0.01    1.10    1.17   20.86 ^ _7913_/Y (sky130_fd_sc_hd__a21oi_1)
                                         _3171_ (net)
                  1.10    0.00   20.86 ^ _7939_/A2 (sky130_fd_sc_hd__o21ai_0)
     1    0.01    0.40    0.89   21.75 v _7939_/Y (sky130_fd_sc_hd__o21ai_0)
                                         _3195_ (net)
                  0.40    0.00   21.75 v _7940_/A2 (sky130_fd_sc_hd__a21o_4)
     3    0.01    0.12    1.13   22.88 v _7940_/X (sky130_fd_sc_hd__a21o_4)
                                         _3196_ (net)
                  0.12    0.00   22.88 v _7962_/A2 (sky130_fd_sc_hd__a21o_1)
     1    0.01    0.14    0.73   23.61 v _7962_/X (sky130_fd_sc_hd__a21o_1)
                                         _3216_ (net)
                  0.14    0.00   23.61 v _7963_/A2 (sky130_fd_sc_hd__a21o_1)
     3    0.01    0.17    0.77   24.38 v _7963_/X (sky130_fd_sc_hd__a21o_1)
                                         _3217_ (net)
                  0.17    0.00   24.38 v _7987_/A2 (sky130_fd_sc_hd__a21o_1)
     1    0.01    0.13    0.76   25.14 v _7987_/X (sky130_fd_sc_hd__a21o_1)
                                         _3239_ (net)
                  0.13    0.00   25.14 v _7988_/A2 (sky130_fd_sc_hd__a21o_4)
     3    0.02    0.14    0.97   26.11 v _7988_/X (sky130_fd_sc_hd__a21o_4)
                                         _3240_ (net)
                  0.14    0.00   26.11 v _8010_/A2 (sky130_fd_sc_hd__a21o_1)
     1    0.01    0.11    0.72   26.83 v _8010_/X (sky130_fd_sc_hd__a21o_1)
                                         _3260_ (net)
                  0.11    0.00   26.83 v _8011_/A2 (sky130_fd_sc_hd__a21o_1)
     3    0.01    0.14    0.73   27.56 v _8011_/X (sky130_fd_sc_hd__a21o_1)
                                         _3261_ (net)
                  0.14    0.00   27.56 v _8032_/A2 (sky130_fd_sc_hd__a21o_1)
     1    0.01    0.15    0.76   28.31 v _8032_/X (sky130_fd_sc_hd__a21o_1)
                                         _3280_ (net)
                  0.15    0.00   28.31 v _8033_/A2 (sky130_fd_sc_hd__a21o_4)
     3    0.01    0.12    0.96   29.27 v _8033_/X (sky130_fd_sc_hd__a21o_4)
                                         _3281_ (net)
                  0.12    0.00   29.28 v _8055_/A2 (sky130_fd_sc_hd__a21oi_1)
     1    0.01    0.71    0.79   30.07 ^ _8055_/Y (sky130_fd_sc_hd__a21oi_1)
                                         _3301_ (net)
                  0.71    0.00   30.07 ^ _8056_/A2 (sky130_fd_sc_hd__o21bai_2)
     3    0.02    0.21    0.51   30.58 v _8056_/Y (sky130_fd_sc_hd__o21bai_2)
                                         _3302_ (net)
                  0.21    0.00   30.58 v _8072_/A2 (sky130_fd_sc_hd__a21o_4)
     1    0.02    0.14    1.02   31.60 v _8072_/X (sky130_fd_sc_hd__a21o_4)
                                         _3316_ (net)
                  0.14    0.00   31.60 v _8073_/A2 (sky130_fd_sc_hd__a21o_1)
     2    0.01    0.16    0.77   32.37 v _8073_/X (sky130_fd_sc_hd__a21o_1)
                                         _3317_ (net)
                  0.16    0.00   32.37 v _8092_/A2 (sky130_fd_sc_hd__a21o_1)
     1    0.01    0.17    0.80   33.17 v _8092_/X (sky130_fd_sc_hd__a21o_1)
                                         _3334_ (net)
                  0.17    0.00   33.17 v _8093_/A2 (sky130_fd_sc_hd__a21o_4)
     2    0.02    0.13    0.99   34.16 v _8093_/X (sky130_fd_sc_hd__a21o_4)
                                         _3335_ (net)
                  0.13    0.00   34.16 v _8115_/A3 (sky130_fd_sc_hd__a31o_4)
     3    0.01    0.13    1.05   35.21 v _8115_/X (sky130_fd_sc_hd__a31o_4)
                                         _3355_ (net)
                  0.13    0.00   35.21 v _8139_/C (sky130_fd_sc_hd__and3_1)
     2    0.01    0.15    0.80   36.01 v _8139_/X (sky130_fd_sc_hd__and3_1)
                                         _3377_ (net)
                  0.15    0.00   36.01 v _8140_/C (sky130_fd_sc_hd__or3_1)
     1    0.01    0.26    1.78   37.79 v _8140_/X (sky130_fd_sc_hd__or3_1)
                                         _3378_ (net)
                  0.26    0.00   37.79 v _8145_/A2 (sky130_fd_sc_hd__a31oi_1)
     1    0.01    0.84    1.01   38.80 ^ _8145_/Y (sky130_fd_sc_hd__a31oi_1)
                                         _3383_ (net)
                  0.84    0.00   38.80 ^ _8148_/A1 (sky130_fd_sc_hd__o21ai_0)
     1    0.00    0.16    0.57   39.36 v _8148_/Y (sky130_fd_sc_hd__o21ai_0)
                                         _0269_ (net)
                  0.16    0.00   39.36 v reg_next_pc[30]$_SDFFE_PN0P_/D (sky130_fd_sc_hd__dfxtp_1)
                                 39.36   data arrival time
-----------------------------------------------------------------------------
(Path is unconstrained)


Startpoint: latched_stalu$_SDFFE_PN0P_ (rising edge-triggered flip-flop)
Endpoint: reg_next_pc[21]$_SDFFE_PN0P_ (rising edge-triggered flip-flop)
Path Group: unconstrained
Path Type: max
Corner: slow

Fanout     Cap    Slew   Delay    Time   Description
-----------------------------------------------------------------------------
                  1.31    0.00    0.00 ^ latched_stalu$_SDFFE_PN0P_/CLK (sky130_fd_sc_hd__dfxtp_2)
    33    0.31    5.71    5.94    5.94 ^ latched_stalu$_SDFFE_PN0P_/Q (sky130_fd_sc_hd__dfxtp_2)
                                         latched_stalu (net)
                  5.71    0.03    5.97 ^ _5682_/S (sky130_fd_sc_hd__mux2i_1)
     2    0.01    1.51    3.46    9.43 ^ _5682_/Y (sky130_fd_sc_hd__mux2i_1)
                                         _1275_ (net)
                  1.51    0.00    9.43 ^ _5684_/A2 (sky130_fd_sc_hd__o21a_1)
     4    0.03    1.15    1.67   11.10 ^ _5684_/X (sky130_fd_sc_hd__o21a_1)
                                         _1277_ (net)
                  1.15    0.00   11.11 ^ _5685_/A (sky130_fd_sc_hd__inv_1)
     2    0.01    0.24    0.67   11.78 v _5685_/Y (sky130_fd_sc_hd__inv_1)
                                         _4144_ (net)
                  0.24    0.00   11.78 v _9165_/B (sky130_fd_sc_hd__ha_1)
     3    0.01    0.26    1.57   13.35 v _9165_/SUM (sky130_fd_sc_hd__ha_1)
                                         _4200_ (net)
                  0.26    0.00   13.35 v _7858_/B_N (sky130_fd_sc_hd__nor2b_1)
     1    0.01    0.11    0.61   13.96 v _7858_/Y (sky130_fd_sc_hd__nor2b_1)
                                         _3121_ (net)
                  0.11    0.00   13.96 v _7859_/A2 (sky130_fd_sc_hd__o21ai_0)
     2    0.01    1.55    1.38   15.35 ^ _7859_/Y (sky130_fd_sc_hd__o21ai_0)
                                         _3122_ (net)
                  1.55    0.00   15.35 ^ _7862_/A2 (sky130_fd_sc_hd__a21boi_2)
     2    0.01    0.22    0.81   16.16 v _7862_/Y (sky130_fd_sc_hd__a21boi_2)
                                         _3125_ (net)
                  0.22    0.00   16.16 v _7880_/A2 (sky130_fd_sc_hd__o21ai_0)
     2    0.01    1.75    1.61   17.77 ^ _7880_/Y (sky130_fd_sc_hd__o21ai_0)
                                         _3141_ (net)
                  1.75    0.00   17.78 ^ _7883_/A2 (sky130_fd_sc_hd__a21boi_1)
     2    0.01    0.32    1.02   18.80 v _7883_/Y (sky130_fd_sc_hd__a21boi_1)
                                         _3144_ (net)
                  0.32    0.00   18.80 v _7899_/A2 (sky130_fd_sc_hd__o21ai_0)
     2    0.01    1.57    1.53   20.33 ^ _7899_/Y (sky130_fd_sc_hd__o21ai_0)
                                         _3158_ (net)
                  1.57    0.00   20.33 ^ _7900_/A2 (sky130_fd_sc_hd__a21boi_0)
     2    0.01    0.43    1.12   21.44 v _7900_/Y (sky130_fd_sc_hd__a21boi_0)
                                         _3159_ (net)
                  0.43    0.00   21.44 v _7923_/A2 (sky130_fd_sc_hd__o21ai_0)
     2    0.01    1.40    1.47   22.91 ^ _7923_/Y (sky130_fd_sc_hd__o21ai_0)
                                         _3180_ (net)
                  1.40    0.00   22.91 ^ _7924_/A2 (sky130_fd_sc_hd__a21boi_2)
     2    0.01    0.21    0.76   23.67 v _7924_/Y (sky130_fd_sc_hd__a21boi_2)
                                         _3181_ (net)
                  0.21    0.00   23.67 v _7947_/A2 (sky130_fd_sc_hd__o21ai_0)
     2    0.02    2.03    1.82   25.49 ^ _7947_/Y (sky130_fd_sc_hd__o21ai_0)
                                         _3202_ (net)
                  2.03    0.00   25.49 ^ _7948_/A2 (sky130_fd_sc_hd__a21boi_0)
     2    0.01    0.43    1.28   26.77 v _7948_/Y (sky130_fd_sc_hd__a21boi_0)
                                         _3203_ (net)
                  0.43    0.00   26.77 v _7975_/A2 (sky130_fd_sc_hd__o21ai_0)
     2    0.01    1.79    1.76   28.53 ^ _7975_/Y (sky130_fd_sc_hd__o21ai_0)
                                         _3228_ (net)
                  1.79    0.00   28.53 ^ _7976_/A2 (sky130_fd_sc_hd__a21boi_2)
     2    0.01    0.25    0.91   29.44 v _7976_/Y (sky130_fd_sc_hd__a21boi_2)
                                         _3229_ (net)
                  0.25    0.00   29.44 v _7999_/A2 (sky130_fd_sc_hd__o21ai_0)
     2    0.01    1.25    1.24   30.68 ^ _7999_/Y (sky130_fd_sc_hd__o21ai_0)
                                         _3250_ (net)
                  1.25    0.00   30.68 ^ _8000_/A2 (sky130_fd_sc_hd__a21boi_0)
     2    0.01    0.37    0.93   31.61 v _8000_/Y (sky130_fd_sc_hd__a21boi_0)
                                         _3251_ (net)
                  0.37    0.00   31.61 v _8021_/A2 (sky130_fd_sc_hd__o21ai_0)
     2    0.01    1.68    1.64   33.26 ^ _8021_/Y (sky130_fd_sc_hd__o21ai_0)
                                         _3270_ (net)
                  1.68    0.00   33.26 ^ _8022_/A2 (sky130_fd_sc_hd__a21boi_1)
     2    0.01    0.28    0.95   34.21 v _8022_/Y (sky130_fd_sc_hd__a21boi_1)
                                         _3271_ (net)
                  0.28    0.00   34.21 v _8042_/A2 (sky130_fd_sc_hd__o21ai_0)
     2    0.01    1.61    1.53   35.74 ^ _8042_/Y (sky130_fd_sc_hd__o21ai_0)
                                         _3289_ (net)
                  1.61    0.00   35.75 ^ _8044_/A2 (sky130_fd_sc_hd__a21oi_1)
     2    0.01    0.28    0.93   36.68 v _8044_/Y (sky130_fd_sc_hd__a21oi_1)
                                         _3291_ (net)
                  0.28    0.00   36.68 v _8047_/B1 (sky130_fd_sc_hd__o221ai_1)
     1    0.01    0.84    1.02   37.70 ^ _8047_/Y (sky130_fd_sc_hd__o221ai_1)
                                         _3294_ (net)
                  0.84    0.00   37.70 ^ _8048_/B1 (sky130_fd_sc_hd__o21ai_0)
     1    0.00    0.21    0.57   38.28 v _8048_/Y (sky130_fd_sc_hd__o21ai_0)
                                         _3295_ (net)
                  0.21    0.00   38.28 v _8049_/B (sky130_fd_sc_hd__nand2_1)
     1    0.00    0.12    0.25   38.53 ^ _8049_/Y (sky130_fd_sc_hd__nand2_1)
                                         _0260_ (net)
                  0.12    0.00   38.53 ^ reg_next_pc[21]$_SDFFE_PN0P_/D (sky130_fd_sc_hd__dfxtp_2)
                                 38.53   data arrival time
-----------------------------------------------------------------------------
(Path is unconstrained)


Startpoint: latched_stalu$_SDFFE_PN0P_ (rising edge-triggered flip-flop)
Endpoint: reg_next_pc[28]$_SDFFE_PN0P_ (rising edge-triggered flip-flop)
Path Group: unconstrained
Path Type: max
Corner: slow

Fanout     Cap    Slew   Delay    Time   Description
-----------------------------------------------------------------------------
                  1.31    0.00    0.00 ^ latched_stalu$_SDFFE_PN0P_/CLK (sky130_fd_sc_hd__dfxtp_2)
    33    0.31    5.71    5.94    5.94 ^ latched_stalu$_SDFFE_PN0P_/Q (sky130_fd_sc_hd__dfxtp_2)
                                         latched_stalu (net)
                  5.71    0.03    5.97 ^ _5678_/S (sky130_fd_sc_hd__mux2i_1)
     2    0.01    1.16    3.19    9.16 ^ _5678_/Y (sky130_fd_sc_hd__mux2i_1)
                                         _1273_ (net)
                  1.16    0.00    9.16 ^ _5680_/A2 (sky130_fd_sc_hd__o21a_1)
     5    0.04    1.53    1.82   10.98 ^ _5680_/X (sky130_fd_sc_hd__o21a_1)
                                         _4165_ (net)
                  1.53    0.01   10.99 ^ _5681_/A (sky130_fd_sc_hd__inv_2)
     3    0.02    0.27    0.77   11.75 v _5681_/Y (sky130_fd_sc_hd__inv_2)
                                         _4133_ (net)
                  0.27    0.00   11.75 v _9163_/B (sky130_fd_sc_hd__ha_1)
     1    0.01    0.20    1.50   13.26 v _9163_/SUM (sky130_fd_sc_hd__ha_1)
                                         _4196_ (net)
                  0.20    0.00   13.26 v _7845_/A2 (sky130_fd_sc_hd__a21o_1)
     1    0.01    0.15    0.79   14.05 v _7845_/X (sky130_fd_sc_hd__a21o_1)
                                         _3109_ (net)
                  0.15    0.00   14.05 v _7846_/A2 (sky130_fd_sc_hd__a21oi_1)
     2    0.01    1.07    1.08   15.13 ^ _7846_/Y (sky130_fd_sc_hd__a21oi_1)
                                         _3110_ (net)
                  1.07    0.00   15.13 ^ _7868_/A2 (sky130_fd_sc_hd__o21ai_0)
     1    0.01    0.36    0.84   15.98 v _7868_/Y (sky130_fd_sc_hd__o21ai_0)
                                         _3130_ (net)
                  0.36    0.00   15.98 v _7869_/A2 (sky130_fd_sc_hd__a21oi_2)
     2    0.02    0.91    1.12   17.10 ^ _7869_/Y (sky130_fd_sc_hd__a21oi_2)
                                         _3131_ (net)
                  0.91    0.00   17.10 ^ _7889_/A2 (sky130_fd_sc_hd__o21ai_0)
     1    0.01    0.33    0.75   17.85 v _7889_/Y (sky130_fd_sc_hd__o21ai_0)
                                         _3149_ (net)
                  0.33    0.00   17.85 v _7890_/A2 (sky130_fd_sc_hd__a21oi_1)
     2    0.01    0.99    1.12   18.97 ^ _7890_/Y (sky130_fd_sc_hd__a21oi_1)
                                         _3150_ (net)
                  0.99    0.00   18.97 ^ _7912_/A2 (sky130_fd_sc_hd__o21ai_0)
     1    0.01    0.26    0.72   19.70 v _7912_/Y (sky130_fd_sc_hd__o21ai_0)
                                         _3170_ (net)
                  0.26    0.00   19.70 v _7913_/A2 (sky130_fd_sc_hd__a21oi_1)
     2    0.01    1.10    1.17   20.86 ^ _7913_/Y (sky130_fd_sc_hd__a21oi_1)
                                         _3171_ (net)
                  1.10    0.00   20.86 ^ _7939_/A2 (sky130_fd_sc_hd__o21ai_0)
     1    0.01    0.40    0.89   21.75 v _7939_/Y (sky130_fd_sc_hd__o21ai_0)
                                         _3195_ (net)
                  0.40    0.00   21.75 v _7940_/A2 (sky130_fd_sc_hd__a21o_4)
     3    0.01    0.12    1.13   22.88 v _7940_/X (sky130_fd_sc_hd__a21o_4)
                                         _3196_ (net)
                  0.12    0.00   22.88 v _7962_/A2 (sky130_fd_sc_hd__a21o_1)
     1    0.01    0.14    0.73   23.61 v _7962_/X (sky130_fd_sc_hd__a21o_1)
                                         _3216_ (net)
                  0.14    0.00   23.61 v _7963_/A2 (sky130_fd_sc_hd__a21o_1)
     3    0.01    0.17    0.77   24.38 v _7963_/X (sky130_fd_sc_hd__a21o_1)
                                         _3217_ (net)
                  0.17    0.00   24.38 v _7987_/A2 (sky130_fd_sc_hd__a21o_1)
     1    0.01    0.13    0.76   25.14 v _7987_/X (sky130_fd_sc_hd__a21o_1)
                                         _3239_ (net)
                  0.13    0.00   25.14 v _7988_/A2 (sky130_fd_sc_hd__a21o_4)
     3    0.02    0.14    0.97   26.11 v _7988_/X (sky130_fd_sc_hd__a21o_4)
                                         _3240_ (net)
                  0.14    0.00   26.11 v _8010_/A2 (sky130_fd_sc_hd__a21o_1)
     1    0.01    0.11    0.72   26.83 v _8010_/X (sky130_fd_sc_hd__a21o_1)
                                         _3260_ (net)
                  0.11    0.00   26.83 v _8011_/A2 (sky130_fd_sc_hd__a21o_1)
     3    0.01    0.14    0.73   27.56 v _8011_/X (sky130_fd_sc_hd__a21o_1)
                                         _3261_ (net)
                  0.14    0.00   27.56 v _8032_/A2 (sky130_fd_sc_hd__a21o_1)
     1    0.01    0.15    0.76   28.31 v _8032_/X (sky130_fd_sc_hd__a21o_1)
                                         _3280_ (net)
                  0.15    0.00   28.31 v _8033_/A2 (sky130_fd_sc_hd__a21o_4)
     3    0.01    0.12    0.96   29.27 v _8033_/X (sky130_fd_sc_hd__a21o_4)
                                         _3281_ (net)
                  0.12    0.00   29.28 v _8055_/A2 (sky130_fd_sc_hd__a21oi_1)
     1    0.01    0.71    0.79   30.07 ^ _8055_/Y (sky130_fd_sc_hd__a21oi_1)
                                         _3301_ (net)
                  0.71    0.00   30.07 ^ _8056_/A2 (sky130_fd_sc_hd__o21bai_2)
     3    0.02    0.21    0.51   30.58 v _8056_/Y (sky130_fd_sc_hd__o21bai_2)
                                         _3302_ (net)
                  0.21    0.00   30.58 v _8072_/A2 (sky130_fd_sc_hd__a21o_4)
     1    0.02    0.14    1.02   31.60 v _8072_/X (sky130_fd_sc_hd__a21o_4)
                                         _3316_ (net)
                  0.14    0.00   31.60 v _8073_/A2 (sky130_fd_sc_hd__a21o_1)
     2    0.01    0.16    0.77   32.37 v _8073_/X (sky130_fd_sc_hd__a21o_1)
                                         _3317_ (net)
                  0.16    0.00   32.37 v _8092_/A2 (sky130_fd_sc_hd__a21o_1)
     1    0.01    0.17    0.80   33.17 v _8092_/X (sky130_fd_sc_hd__a21o_1)
                                         _3334_ (net)
                  0.17    0.00   33.17 v _8093_/A2 (sky130_fd_sc_hd__a21o_4)
     2    0.02    0.13    0.99   34.16 v _8093_/X (sky130_fd_sc_hd__a21o_4)
                                         _3335_ (net)
                  0.13    0.00   34.16 v _8115_/A3 (sky130_fd_sc_hd__a31o_4)
     3    0.01    0.13    1.05   35.21 v _8115_/X (sky130_fd_sc_hd__a31o_4)
                                         _3355_ (net)
                  0.13    0.00   35.21 v _8117_/A_N (sky130_fd_sc_hd__nand2b_1)
     1    0.01    0.15    0.58   35.79 v _8117_/Y (sky130_fd_sc_hd__nand2b_1)
                                         _3357_ (net)
                  0.15    0.00   35.79 v _8122_/A2 (sky130_fd_sc_hd__a31oi_1)
     1    0.01    0.72    0.86   36.65 ^ _8122_/Y (sky130_fd_sc_hd__a31oi_1)
                                         _3362_ (net)
                  0.72    0.00   36.65 ^ _8124_/A2 (sky130_fd_sc_hd__o21ai_0)
     1    0.01    0.24    0.55   37.20 v _8124_/Y (sky130_fd_sc_hd__o21ai_0)
                                         _0267_ (net)
                  0.24    0.00   37.20 v reg_next_pc[28]$_SDFFE_PN0P_/D (sky130_fd_sc_hd__dfxtp_2)
                                 37.20   data arrival time
-----------------------------------------------------------------------------
(Path is unconstrained)


Startpoint: latched_stalu$_SDFFE_PN0P_ (rising edge-triggered flip-flop)
Endpoint: reg_next_pc[26]$_SDFFE_PN0P_ (rising edge-triggered flip-flop)
Path Group: unconstrained
Path Type: max
Corner: slow

Fanout     Cap    Slew   Delay    Time   Description
-----------------------------------------------------------------------------
                  1.31    0.00    0.00 ^ latched_stalu$_SDFFE_PN0P_/CLK (sky130_fd_sc_hd__dfxtp_2)
    33    0.31    5.71    5.94    5.94 ^ latched_stalu$_SDFFE_PN0P_/Q (sky130_fd_sc_hd__dfxtp_2)
                                         latched_stalu (net)
                  5.71    0.03    5.97 ^ _5678_/S (sky130_fd_sc_hd__mux2i_1)
     2    0.01    1.16    3.19    9.16 ^ _5678_/Y (sky130_fd_sc_hd__mux2i_1)
                                         _1273_ (net)
                  1.16    0.00    9.16 ^ _5680_/A2 (sky130_fd_sc_hd__o21a_1)
     5    0.04    1.53    1.82   10.98 ^ _5680_/X (sky130_fd_sc_hd__o21a_1)
                                         _4165_ (net)
                  1.53    0.01   10.99 ^ _5681_/A (sky130_fd_sc_hd__inv_2)
     3    0.02    0.27    0.77   11.75 v _5681_/Y (sky130_fd_sc_hd__inv_2)
                                         _4133_ (net)
                  0.27    0.00   11.75 v _9163_/B (sky130_fd_sc_hd__ha_1)
     1    0.01    0.20    1.50   13.26 v _9163_/SUM (sky130_fd_sc_hd__ha_1)
                                         _4196_ (net)
                  0.20    0.00   13.26 v _7845_/A2 (sky130_fd_sc_hd__a21o_1)
     1    0.01    0.15    0.79   14.05 v _7845_/X (sky130_fd_sc_hd__a21o_1)
                                         _3109_ (net)
                  0.15    0.00   14.05 v _7846_/A2 (sky130_fd_sc_hd__a21oi_1)
     2    0.01    1.07    1.08   15.13 ^ _7846_/Y (sky130_fd_sc_hd__a21oi_1)
                                         _3110_ (net)
                  1.07    0.00   15.13 ^ _7868_/A2 (sky130_fd_sc_hd__o21ai_0)
     1    0.01    0.36    0.84   15.98 v _7868_/Y (sky130_fd_sc_hd__o21ai_0)
                                         _3130_ (net)
                  0.36    0.00   15.98 v _7869_/A2 (sky130_fd_sc_hd__a21oi_2)
     2    0.02    0.91    1.12   17.10 ^ _7869_/Y (sky130_fd_sc_hd__a21oi_2)
                                         _3131_ (net)
                  0.91    0.00   17.10 ^ _7889_/A2 (sky130_fd_sc_hd__o21ai_0)
     1    0.01    0.33    0.75   17.85 v _7889_/Y (sky130_fd_sc_hd__o21ai_0)
                                         _3149_ (net)
                  0.33    0.00   17.85 v _7890_/A2 (sky130_fd_sc_hd__a21oi_1)
     2    0.01    0.99    1.12   18.97 ^ _7890_/Y (sky130_fd_sc_hd__a21oi_1)
                                         _3150_ (net)
                  0.99    0.00   18.97 ^ _7912_/A2 (sky130_fd_sc_hd__o21ai_0)
     1    0.01    0.26    0.72   19.70 v _7912_/Y (sky130_fd_sc_hd__o21ai_0)
                                         _3170_ (net)
                  0.26    0.00   19.70 v _7913_/A2 (sky130_fd_sc_hd__a21oi_1)
     2    0.01    1.10    1.17   20.86 ^ _7913_/Y (sky130_fd_sc_hd__a21oi_1)
                                         _3171_ (net)
                  1.10    0.00   20.86 ^ _7939_/A2 (sky130_fd_sc_hd__o21ai_0)
     1    0.01    0.40    0.89   21.75 v _7939_/Y (sky130_fd_sc_hd__o21ai_0)
                                         _3195_ (net)
                  0.40    0.00   21.75 v _7940_/A2 (sky130_fd_sc_hd__a21o_4)
     3    0.01    0.12    1.13   22.88 v _7940_/X (sky130_fd_sc_hd__a21o_4)
                                         _3196_ (net)
                  0.12    0.00   22.88 v _7962_/A2 (sky130_fd_sc_hd__a21o_1)
     1    0.01    0.14    0.73   23.61 v _7962_/X (sky130_fd_sc_hd__a21o_1)
                                         _3216_ (net)
                  0.14    0.00   23.61 v _7963_/A2 (sky130_fd_sc_hd__a21o_1)
     3    0.01    0.17    0.77   24.38 v _7963_/X (sky130_fd_sc_hd__a21o_1)
                                         _3217_ (net)
                  0.17    0.00   24.38 v _7987_/A2 (sky130_fd_sc_hd__a21o_1)
     1    0.01    0.13    0.76   25.14 v _7987_/X (sky130_fd_sc_hd__a21o_1)
                                         _3239_ (net)
                  0.13    0.00   25.14 v _7988_/A2 (sky130_fd_sc_hd__a21o_4)
     3    0.02    0.14    0.97   26.11 v _7988_/X (sky130_fd_sc_hd__a21o_4)
                                         _3240_ (net)
                  0.14    0.00   26.11 v _8010_/A2 (sky130_fd_sc_hd__a21o_1)
     1    0.01    0.11    0.72   26.83 v _8010_/X (sky130_fd_sc_hd__a21o_1)
                                         _3260_ (net)
                  0.11    0.00   26.83 v _8011_/A2 (sky130_fd_sc_hd__a21o_1)
     3    0.01    0.14    0.73   27.56 v _8011_/X (sky130_fd_sc_hd__a21o_1)
                                         _3261_ (net)
                  0.14    0.00   27.56 v _8032_/A2 (sky130_fd_sc_hd__a21o_1)
     1    0.01    0.15    0.76   28.31 v _8032_/X (sky130_fd_sc_hd__a21o_1)
                                         _3280_ (net)
                  0.15    0.00   28.31 v _8033_/A2 (sky130_fd_sc_hd__a21o_4)
     3    0.01    0.12    0.96   29.27 v _8033_/X (sky130_fd_sc_hd__a21o_4)
                                         _3281_ (net)
                  0.12    0.00   29.28 v _8055_/A2 (sky130_fd_sc_hd__a21oi_1)
     1    0.01    0.71    0.79   30.07 ^ _8055_/Y (sky130_fd_sc_hd__a21oi_1)
                                         _3301_ (net)
                  0.71    0.00   30.07 ^ _8056_/A2 (sky130_fd_sc_hd__o21bai_2)
     3    0.02    0.21    0.51   30.58 v _8056_/Y (sky130_fd_sc_hd__o21bai_2)
                                         _3302_ (net)
                  0.21    0.00   30.58 v _8072_/A2 (sky130_fd_sc_hd__a21o_4)
     1    0.02    0.14    1.02   31.60 v _8072_/X (sky130_fd_sc_hd__a21o_4)
                                         _3316_ (net)
                  0.14    0.00   31.60 v _8073_/A2 (sky130_fd_sc_hd__a21o_1)
     2    0.01    0.16    0.77   32.37 v _8073_/X (sky130_fd_sc_hd__a21o_1)
                                         _3317_ (net)
                  0.16    0.00   32.37 v _8092_/A2 (sky130_fd_sc_hd__a21o_1)
     1    0.01    0.17    0.80   33.17 v _8092_/X (sky130_fd_sc_hd__a21o_1)
                                         _3334_ (net)
                  0.17    0.00   33.17 v _8093_/A2 (sky130_fd_sc_hd__a21o_4)
     2    0.02    0.13    0.99   34.16 v _8093_/X (sky130_fd_sc_hd__a21o_4)
                                         _3335_ (net)
                  0.13    0.00   34.16 v _8094_/B (sky130_fd_sc_hd__xnor2_1)
     1    0.00    0.66    0.72   34.88 ^ _8094_/Y (sky130_fd_sc_hd__xnor2_1)
                                         _3336_ (net)
                  0.66    0.00   34.88 ^ _8098_/A2 (sky130_fd_sc_hd__a22oi_1)
     1    0.01    0.44    0.54   35.42 v _8098_/Y (sky130_fd_sc_hd__a22oi_1)
                                         _3340_ (net)
                  0.44    0.00   35.42 v _8099_/B2 (sky130_fd_sc_hd__a22o_1)
     1    0.01    0.13    1.02   36.44 v _8099_/X (sky130_fd_sc_hd__a22o_1)
                                         _0265_ (net)
                  0.13    0.00   36.44 v reg_next_pc[26]$_SDFFE_PN0P_/D (sky130_fd_sc_hd__dfxtp_2)
                                 36.44   data arrival time
-----------------------------------------------------------------------------
(Path is unconstrained)


Startpoint: latched_stalu$_SDFFE_PN0P_ (rising edge-triggered flip-flop)
Endpoint: reg_next_pc[19]$_SDFFE_PN0P_ (rising edge-triggered flip-flop)
Path Group: unconstrained
Path Type: max
Corner: slow

Fanout     Cap    Slew   Delay    Time   Description
-----------------------------------------------------------------------------
                  1.31    0.00    0.00 ^ latched_stalu$_SDFFE_PN0P_/CLK (sky130_fd_sc_hd__dfxtp_2)
    33    0.31    5.71    5.94    5.94 ^ latched_stalu$_SDFFE_PN0P_/Q (sky130_fd_sc_hd__dfxtp_2)
                                         latched_stalu (net)
                  5.71    0.03    5.97 ^ _5682_/S (sky130_fd_sc_hd__mux2i_1)
     2    0.01    1.51    3.46    9.43 ^ _5682_/Y (sky130_fd_sc_hd__mux2i_1)
                                         _1275_ (net)
                  1.51    0.00    9.43 ^ _5684_/A2 (sky130_fd_sc_hd__o21a_1)
     4    0.03    1.15    1.67   11.10 ^ _5684_/X (sky130_fd_sc_hd__o21a_1)
                                         _1277_ (net)
                  1.15    0.00   11.11 ^ _5685_/A (sky130_fd_sc_hd__inv_1)
     2    0.01    0.24    0.67   11.78 v _5685_/Y (sky130_fd_sc_hd__inv_1)
                                         _4144_ (net)
                  0.24    0.00   11.78 v _9165_/B (sky130_fd_sc_hd__ha_1)
     3    0.01    0.26    1.57   13.35 v _9165_/SUM (sky130_fd_sc_hd__ha_1)
                                         _4200_ (net)
                  0.26    0.00   13.35 v _7858_/B_N (sky130_fd_sc_hd__nor2b_1)
     1    0.01    0.11    0.61   13.96 v _7858_/Y (sky130_fd_sc_hd__nor2b_1)
                                         _3121_ (net)
                  0.11    0.00   13.96 v _7859_/A2 (sky130_fd_sc_hd__o21ai_0)
     2    0.01    1.55    1.38   15.35 ^ _7859_/Y (sky130_fd_sc_hd__o21ai_0)
                                         _3122_ (net)
                  1.55    0.00   15.35 ^ _7862_/A2 (sky130_fd_sc_hd__a21boi_2)
     2    0.01    0.22    0.81   16.16 v _7862_/Y (sky130_fd_sc_hd__a21boi_2)
                                         _3125_ (net)
                  0.22    0.00   16.16 v _7880_/A2 (sky130_fd_sc_hd__o21ai_0)
     2    0.01    1.75    1.61   17.77 ^ _7880_/Y (sky130_fd_sc_hd__o21ai_0)
                                         _3141_ (net)
                  1.75    0.00   17.78 ^ _7883_/A2 (sky130_fd_sc_hd__a21boi_1)
     2    0.01    0.32    1.02   18.80 v _7883_/Y (sky130_fd_sc_hd__a21boi_1)
                                         _3144_ (net)
                  0.32    0.00   18.80 v _7899_/A2 (sky130_fd_sc_hd__o21ai_0)
     2    0.01    1.57    1.53   20.33 ^ _7899_/Y (sky130_fd_sc_hd__o21ai_0)
                                         _3158_ (net)
                  1.57    0.00   20.33 ^ _7900_/A2 (sky130_fd_sc_hd__a21boi_0)
     2    0.01    0.43    1.12   21.44 v _7900_/Y (sky130_fd_sc_hd__a21boi_0)
                                         _3159_ (net)
                  0.43    0.00   21.44 v _7923_/A2 (sky130_fd_sc_hd__o21ai_0)
     2    0.01    1.40    1.47   22.91 ^ _7923_/Y (sky130_fd_sc_hd__o21ai_0)
                                         _3180_ (net)
                  1.40    0.00   22.91 ^ _7924_/A2 (sky130_fd_sc_hd__a21boi_2)
     2    0.01    0.21    0.76   23.67 v _7924_/Y (sky130_fd_sc_hd__a21boi_2)
                                         _3181_ (net)
                  0.21    0.00   23.67 v _7947_/A2 (sky130_fd_sc_hd__o21ai_0)
     2    0.02    2.03    1.82   25.49 ^ _7947_/Y (sky130_fd_sc_hd__o21ai_0)
                                         _3202_ (net)
                  2.03    0.00   25.49 ^ _7948_/A2 (sky130_fd_sc_hd__a21boi_0)
     2    0.01    0.43    1.28   26.77 v _7948_/Y (sky130_fd_sc_hd__a21boi_0)
                                         _3203_ (net)
                  0.43    0.00   26.77 v _7975_/A2 (sky130_fd_sc_hd__o21ai_0)
     2    0.01    1.79    1.76   28.53 ^ _7975_/Y (sky130_fd_sc_hd__o21ai_0)
                                         _3228_ (net)
                  1.79    0.00   28.53 ^ _7976_/A2 (sky130_fd_sc_hd__a21boi_2)
     2    0.01    0.25    0.91   29.44 v _7976_/Y (sky130_fd_sc_hd__a21boi_2)
                                         _3229_ (net)
                  0.25    0.00   29.44 v _7999_/A2 (sky130_fd_sc_hd__o21ai_0)
     2    0.01    1.25    1.24   30.68 ^ _7999_/Y (sky130_fd_sc_hd__o21ai_0)
                                         _3250_ (net)
                  1.25    0.00   30.68 ^ _8000_/A2 (sky130_fd_sc_hd__a21boi_0)
     2    0.01    0.37    0.93   31.61 v _8000_/Y (sky130_fd_sc_hd__a21boi_0)
                                         _3251_ (net)
                  0.37    0.00   31.61 v _8021_/A2 (sky130_fd_sc_hd__o21ai_0)
     2    0.01    1.68    1.64   33.26 ^ _8021_/Y (sky130_fd_sc_hd__o21ai_0)
                                         _3270_ (net)
                  1.68    0.00   33.26 ^ _8023_/B (sky130_fd_sc_hd__nand2_1)
     1    0.00    0.19    0.78   34.04 v _8023_/Y (sky130_fd_sc_hd__nand2_1)
                                         _3272_ (net)
                  0.19    0.00   34.04 v _8024_/A2 (sky130_fd_sc_hd__o21ai_0)
     1    0.01    0.79    0.85   34.89 ^ _8024_/Y (sky130_fd_sc_hd__o21ai_0)
                                         _3273_ (net)
                  0.79    0.00   34.89 ^ _8025_/B (sky130_fd_sc_hd__nor2_1)
     1    0.01    0.15    0.44   35.33 v _8025_/Y (sky130_fd_sc_hd__nor2_1)
                                         _3274_ (net)
                  0.15    0.00   35.33 v _8026_/B2 (sky130_fd_sc_hd__o22ai_1)
     1    0.00    0.58    0.55   35.88 ^ _8026_/Y (sky130_fd_sc_hd__o22ai_1)
                                         _3275_ (net)
                  0.58    0.00   35.88 ^ _8027_/B (sky130_fd_sc_hd__nand2_1)
     1    0.00    0.12    0.38   36.26 v _8027_/Y (sky130_fd_sc_hd__nand2_1)
                                         _0258_ (net)
                  0.12    0.00   36.26 v reg_next_pc[19]$_SDFFE_PN0P_/D (sky130_fd_sc_hd__dfxtp_2)
                                 36.26   data arrival time
-----------------------------------------------------------------------------
(Path is unconstrained)


