Startpoint: latched_stalu$_SDFFE_PN0P_ (rising edge-triggered flip-flop)
Endpoint: reg_next_pc[31]$_SDFFE_PN0P_ (rising edge-triggered flip-flop)
Path Group: unconstrained
Path Type: max
Corner: slow

Fanout     Cap    Slew   Delay    Time   Description
-----------------------------------------------------------------------------
                  1.31    0.00    0.00 ^ latched_stalu$_SDFFE_PN0P_/CLK (sky130_fd_sc_hd__dfxtp_2)
    33    0.31    5.71    5.94    5.94 ^ latched_stalu$_SDFFE_PN0P_/Q (sky130_fd_sc_hd__dfxtp_2)
                                         latched_stalu (net)
                  5.71    0.03    5.97 ^ _5682_/S (sky130_fd_sc_hd__mux2i_1)
     2    0.01    1.51    3.46    9.43 ^ _5682_/Y (sky130_fd_sc_hd__mux2i_1)
                                         _1275_ (net)
                  1.51    0.00    9.43 ^ _5684_/A2 (sky130_fd_sc_hd__o21a_1)
     4    0.03    1.15    1.67   11.10 ^ _5684_/X (sky130_fd_sc_hd__o21a_1)
                                         _1277_ (net)
                  1.15    0.00   11.11 ^ _5685_/A (sky130_fd_sc_hd__inv_1)
     2    0.01    0.24    0.67   11.78 v _5685_/Y (sky130_fd_sc_hd__inv_1)
                                         _4144_ (net)
                  0.24    0.00   11.78 v _9165_/B (sky130_fd_sc_hd__ha_1)
     3    0.01    0.26    1.57   13.35 v _9165_/SUM (sky130_fd_sc_hd__ha_1)
                                         _4200_ (net)
                  0.26    0.00   13.35 v _7858_/B_N (sky130_fd_sc_hd__nor2b_1)
     1    0.01    0.11    0.61   13.96 v _7858_/Y (sky130_fd_sc_hd__nor2b_1)
                                         _3121_ (net)
                  0.11    0.00   13.96 v _7859_/A2 (sky130_fd_sc_hd__o21ai_0)
     2    0.01    1.55    1.38   15.35 ^ _7859_/Y (sky130_fd_sc_hd__o21ai_0)
                                         _3122_ (net)
                  1.55    0.00   15.35 ^ _7862_/A2 (sky130_fd_sc_hd__a21boi_2)
     2    0.01    0.22    0.81   16.16 v _7862_/Y (sky130_fd_sc_hd__a21boi_2)
                                         _3125_ (net)
                  0.22    0.00   16.16 v _7880_/A2 (sky130_fd_sc_hd__o21ai_0)
     2    0.01    1.75    1.61   17.77 ^ _7880_/Y (sky130_fd_sc_hd__o21ai_0)
                                         _3141_ (net)
                  1.75    0.00   17.78 ^ _7883_/A2 (sky130_fd_sc_hd__a21boi_1)
     2    0.01    0.32    1.02   18.80 v _7883_/Y (sky130_fd_sc_hd__a21boi_1)
                                         _3144_ (net)
                  0.32    0.00   18.80 v _7899_/A2 (sky130_fd_sc_hd__o21ai_0)
     2    0.01    1.57    1.53   20.33 ^ _7899_/Y (sky130_fd_sc_hd__o21ai_0)
                                         _3158_ (net)
                  1.57    0.00   20.33 ^ _7900_/A2 (sky130_fd_sc_hd__a21boi_0)
     2    0.01    0.43    1.12   21.44 v _7900_/Y (sky130_fd_sc_hd__a21boi_0)
                                         _3159_ (net)
                  0.43    0.00   21.44 v _7923_/A2 (sky130_fd_sc_hd__o21ai_0)
     2    0.01    1.40    1.47   22.91 ^ _7923_/Y (sky130_fd_sc_hd__o21ai_0)
                                         _3180_ (net)
                  1.40    0.00   22.91 ^ _7924_/A2 (sky130_fd_sc_hd__a21boi_2)
     2    0.01    0.21    0.76   23.67 v _7924_/Y (sky130_fd_sc_hd__a21boi_2)
                                         _3181_ (net)
                  0.21    0.00   23.67 v _7947_/A2 (sky130_fd_sc_hd__o21ai_0)
     2    0.02    2.03    1.82   25.49 ^ _7947_/Y (sky130_fd_sc_hd__o21ai_0)
                                         _3202_ (net)
                  2.03    0.00   25.49 ^ _7948_/A2 (sky130_fd_sc_hd__a21boi_0)
     2    0.01    0.43    1.28   26.77 v _7948_/Y (sky130_fd_sc_hd__a21boi_0)
                                         _3203_ (net)
                  0.43    0.00   26.77 v _7975_/A2 (sky130_fd_sc_hd__o21ai_0)
     2    0.01    1.79    1.76   28.53 ^ _7975_/Y (sky130_fd_sc_hd__o21ai_0)
                                         _3228_ (net)
                  1.79    0.00   28.53 ^ _7976_/A2 (sky130_fd_sc_hd__a21boi_2)
     2    0.01    0.25    0.91   29.44 v _7976_/Y (sky130_fd_sc_hd__a21boi_2)
                                         _3229_ (net)
                  0.25    0.00   29.44 v _7999_/A2 (sky130_fd_sc_hd__o21ai_0)
     2    0.01    1.25    1.24   30.68 ^ _7999_/Y (sky130_fd_sc_hd__o21ai_0)
                                         _3250_ (net)
                  1.25    0.00   30.68 ^ _8000_/A2 (sky130_fd_sc_hd__a21boi_0)
     2    0.01    0.37    0.93   31.61 v _8000_/Y (sky130_fd_sc_hd__a21boi_0)
                                         _3251_ (net)
                  0.37    0.00   31.61 v _8021_/A2 (sky130_fd_sc_hd__o21ai_0)
     2    0.01    1.68    1.64   33.26 ^ _8021_/Y (sky130_fd_sc_hd__o21ai_0)
                                         _3270_ (net)
                  1.68    0.00   33.26 ^ _8022_/A2 (sky130_fd_sc_hd__a21boi_1)
     2    0.01    0.28    0.95   34.21 v _8022_/Y (sky130_fd_sc_hd__a21boi_1)
                                         _3271_ (net)
                  0.28    0.00   34.21 v _8042_/A2 (sky130_fd_sc_hd__o21ai_0)
     2    0.01    1.61    1.53   35.74 ^ _8042_/Y (sky130_fd_sc_hd__o21ai_0)
                                         _3289_ (net)
                  1.61    0.00   35.75 ^ _8044_/A2 (sky130_fd_sc_hd__a21oi_1)
     2    0.01    0.28    0.93   36.68 v _8044_/Y (sky130_fd_sc_hd__a21oi_1)
                                         _3291_ (net)
                  0.28    0.00   36.68 v _8065_/A2 (sky130_fd_sc_hd__o21ai_0)
     2    0.02    2.55    2.25   38.93 ^ _8065_/Y (sky130_fd_sc_hd__o21ai_0)
                                         _3310_ (net)
                  2.55    0.00   38.93 ^ _8066_/A2 (sky130_fd_sc_hd__a21boi_1)
     2    0.01    0.39    1.36   40.30 v _8066_/Y (sky130_fd_sc_hd__a21boi_1)
                                         _3311_ (net)
                  0.39    0.00   40.30 v _8081_/A2 (sky130_fd_sc_hd__o21ai_0)
     2    0.01    1.61    1.60   41.90 ^ _8081_/Y (sky130_fd_sc_hd__o21ai_0)
                                         _3324_ (net)
                  1.61    0.00   41.90 ^ _8084_/A2 (sky130_fd_sc_hd__a21boi_0)
     2    0.01    0.38    1.08   42.97 v _8084_/Y (sky130_fd_sc_hd__a21boi_0)
                                         _3327_ (net)
                  0.38    0.00   42.97 v _8102_/A2 (sky130_fd_sc_hd__o21ai_0)
     3    0.02    2.10    1.96   44.94 ^ _8102_/Y (sky130_fd_sc_hd__o21ai_0)
                                         _3343_ (net)
                  2.10    0.00   44.94 ^ _8150_/A2 (sky130_fd_sc_hd__a2111oi_0)
     2    0.01    0.42    1.32   46.25 v _8150_/Y (sky130_fd_sc_hd__a2111oi_0)
                                         _3387_ (net)
                  0.42    0.00   46.25 v _8155_/A1 (sky130_fd_sc_hd__o21ai_0)
     1    0.00    0.52    0.80   47.05 ^ _8155_/Y (sky130_fd_sc_hd__o21ai_0)
                                         _3392_ (net)
                  0.52    0.00   47.05 ^ _8156_/B (sky130_fd_sc_hd__nand2_1)
     1    0.00    0.10    0.34   47.39 v _8156_/Y (sky130_fd_sc_hd__nand2_1)
                                         _3393_ (net)
                  0.10    0.00   47.39 v _8159_/A2 (sky130_fd_sc_hd__o221ai_1)
     1    0.01    1.21    1.12   48.51 ^ _8159_/Y (sky130_fd_sc_hd__o221ai_1)
                                         _3396_ (net)
                  1.21    0.00   48.51 ^ _8161_/B1 (sky130_fd_sc_hd__a22o_1)
     1    0.01    0.24    0.98   49.49 ^ _8161_/X (sky130_fd_sc_hd__a22o_1)
                                         _0270_ (net)
                  0.24    0.00   49.49 ^ reg_next_pc[31]$_SDFFE_PN0P_/D (sky130_fd_sc_hd__dfxtp_1)
                                 49.49   data arrival time
-----------------------------------------------------------------------------
(Path is unconstrained)


