| INFO     | job0 | place.detailed       | 0 | Tool 'openroad' found with version 'v2.0-20575' in directory '/sc_tools/bin'
| INFO     | job0 | place.detailed       | 0 | Running in /nfs/sc_compute/builds/0dc368a6940a4df4bc65e8967a8d3eeb/picorv32_top/job0/place.detailed/0
| INFO     | job0 | place.detailed       | 0 | openroad -no_init -metrics reports/metrics.json -exit /venv/lib/python3.10/site-packages/siliconcompiler/tools/openroad/scripts/apr/sc_detailed_placement.tcl
| INFO     | job0 | place.detailed       | 0 | OpenROAD v2.0-20575-ge78e29127
| INFO     | job0 | place.detailed       | 0 | Features included (+) or not (-): +GPU +GUI +Python
| INFO     | job0 | place.detailed       | 0 | This program is licensed under the BSD-3 license. See the LICENSE file for details.
| INFO     | job0 | place.detailed       | 0 | Components of this program may be licensed under more restrictive licenses which must be honored.
| INFO     | job0 | place.detailed       | 0 | ##############################
| INFO     | job0 | place.detailed       | 0 | # Schema Adapter
| INFO     | job0 | place.detailed       | 0 | ###############################
| INFO     | job0 | place.detailed       | 0 | set sc_step [sc_cfg_get arg step]
| INFO     | job0 | place.detailed       | 0 | set sc_index [sc_cfg_get arg index]
| INFO     | job0 | place.detailed       | 0 | set sc_flow [sc_cfg_get option flow]
| INFO     | job0 | place.detailed       | 0 | set sc_tool [sc_cfg_get flowgraph $sc_flow $sc_step $sc_index tool]
| INFO     | job0 | place.detailed       | 0 | set sc_task [sc_cfg_get flowgraph $sc_flow $sc_step $sc_index task]
| INFO     | job0 | place.detailed       | 0 | set sc_refdir [sc_cfg_tool_task_get refdir]
| INFO     | job0 | place.detailed       | 0 | ##############################
| INFO     | job0 | place.detailed       | 0 | # Setup debugging
| INFO     | job0 | place.detailed       | 0 | ###############################
| INFO     | job0 | place.detailed       | 0 | source -echo "$sc_refdir/common/debugging.tcl"
| INFO     | job0 | place.detailed       | 0 | ###############################
| INFO     | job0 | place.detailed       | 0 | # Setup debugging if requested
| INFO     | job0 | place.detailed       | 0 | ###############################
| INFO     | job0 | place.detailed       | 0 | if { [llength [sc_cfg_tool_task_get {var} debug_level]] > 0 } {
| INFO     | job0 | place.detailed       | 0 |     foreach debug [sc_cfg_tool_task_get {var} debug_level] {
| INFO     | job0 | place.detailed       | 0 |         lassign [split $debug " "] debug_tool debug_category debug_level
| INFO     | job0 | place.detailed       | 0 |         utl::info FLW 1 "Setting debugging for $debug_tool/$debug_category/$debug_level"
| INFO     | job0 | place.detailed       | 0 |         set_debug_level $debug_tool $debug_category $debug_level
| INFO     | job0 | place.detailed       | 0 |     }
| INFO     | job0 | place.detailed       | 0 | }
| INFO     | job0 | place.detailed       | 0 | ###############################
| INFO     | job0 | place.detailed       | 0 | # Suppress messages if requested
| INFO     | job0 | place.detailed       | 0 | ###############################
| INFO     | job0 | place.detailed       | 0 | foreach msg [sc_cfg_tool_task_get warningoff] {
| INFO     | job0 | place.detailed       | 0 |     set or_msg [split $msg "-"]
| INFO     | job0 | place.detailed       | 0 |     if { [llength $or_msg] != 2 } {
| INFO     | job0 | place.detailed       | 0 |         utl::warn FLW 1 "$msg is not a valid message id"
| INFO     | job0 | place.detailed       | 0 |     } else {
| INFO     | job0 | place.detailed       | 0 |         set or_tool [lindex $or_msg 0]
| INFO     | job0 | place.detailed       | 0 |         set or_msg_id [expr { int([lindex $or_msg 1]) }]
| INFO     | job0 | place.detailed       | 0 |         utl::info FLW 1 "Suppressing $msg messages"
| INFO     | job0 | place.detailed       | 0 |         suppress_message $or_tool $or_msg_id
| INFO     | job0 | place.detailed       | 0 |     }
| INFO     | job0 | place.detailed       | 0 | }
| INFO     | job0 | place.detailed       | 0 | ###############################
| INFO     | job0 | place.detailed       | 0 | # Setup helper functions
| INFO     | job0 | place.detailed       | 0 | ###############################
| INFO     | job0 | place.detailed       | 0 | source "$sc_refdir/common/procs.tcl"
| INFO     | job0 | place.detailed       | 0 | ###############################
| INFO     | job0 | place.detailed       | 0 | # Design information
| INFO     | job0 | place.detailed       | 0 | ###############################
| INFO     | job0 | place.detailed       | 0 | # Design
| INFO     | job0 | place.detailed       | 0 | set sc_design [sc_top]
| INFO     | job0 | place.detailed       | 0 | set sc_optmode [sc_cfg_get option optmode]
| INFO     | job0 | place.detailed       | 0 | set sc_pdk [sc_cfg_get option pdk]
| INFO     | job0 | place.detailed       | 0 | set sc_stackup [sc_cfg_get option stackup]
| INFO     | job0 | place.detailed       | 0 | # APR Parameters
| INFO     | job0 | place.detailed       | 0 | set sc_targetlibs [sc_get_asic_libraries logic]
| INFO     | job0 | place.detailed       | 0 | set sc_mainlib [lindex $sc_targetlibs 0]
| INFO     | job0 | place.detailed       | 0 | set sc_delaymodel [sc_cfg_get asic delaymodel]
| INFO     | job0 | place.detailed       | 0 | # Hard macro libraries
| INFO     | job0 | place.detailed       | 0 | set sc_macrolibs [sc_get_asic_libraries macro]
| INFO     | job0 | place.detailed       | 0 | # Threads
| INFO     | job0 | place.detailed       | 0 | set_thread_count [sc_cfg_tool_task_get threads]
| INFO     | job0 | place.detailed       | 0 | [INFO ORD-0030] Using 2 thread(s).
| INFO     | job0 | place.detailed       | 0 | ###############################
| INFO     | job0 | place.detailed       | 0 | # Read Files
| INFO     | job0 | place.detailed       | 0 | ###############################
| INFO     | job0 | place.detailed       | 0 | source -echo "$sc_refdir/common/read_liberty.tcl"
| INFO     | job0 | place.detailed       | 0 | set sc_scenarios [dict keys [sc_cfg_get constraint timing]]
| INFO     | job0 | place.detailed       | 0 | set sc_delaymodel [sc_cfg_get asic delaymodel]
| INFO     | job0 | place.detailed       | 0 | # Read Liberty
| INFO     | job0 | place.detailed       | 0 | utl::info FLW 1 "Defining timing corners: $sc_scenarios"
| INFO     | job0 | place.detailed       | 0 | [INFO FLW-0001] Defining timing corners: slow fast typical
| INFO     | job0 | place.detailed       | 0 | define_corners {*}$sc_scenarios
| INFO     | job0 | place.detailed       | 0 | foreach lib "$sc_targetlibs $sc_macrolibs" {
| INFO     | job0 | place.detailed       | 0 |     #Liberty
| INFO     | job0 | place.detailed       | 0 |     foreach corner $sc_scenarios {
| INFO     | job0 | place.detailed       | 0 |         foreach libcorner [sc_cfg_get constraint timing $corner libcorner] {
| INFO     | job0 | place.detailed       | 0 |             if { [sc_cfg_exists library $lib output $libcorner $sc_delaymodel] } {
| INFO     | job0 | place.detailed       | 0 |                 foreach lib_file [sc_cfg_get library $lib output $libcorner $sc_delaymodel] {
| INFO     | job0 | place.detailed       | 0 |                     puts "Reading liberty file for ${corner} ($libcorner): ${lib_file}"
| INFO     | job0 | place.detailed       | 0 |                     read_liberty -corner $corner $lib_file
| INFO     | job0 | place.detailed       | 0 |                 }
| INFO     | job0 | place.detailed       | 0 |                 break
| INFO     | job0 | place.detailed       | 0 |             }
| INFO     | job0 | place.detailed       | 0 |         }
| INFO     | job0 | place.detailed       | 0 |     }
| INFO     | job0 | place.detailed       | 0 | }
| INFO     | job0 | place.detailed       | 0 | Reading liberty file for slow (slow): /nfs/sc_compute/cache/lambdapdk-v0.1.50/lambdapdk/sky130/libs/sky130hd/nldm/sky130_fd_sc_hd__ss_n40C_1v40.lib.gz
| INFO     | job0 | place.detailed       | 0 | Reading liberty file for fast (fast): /nfs/sc_compute/cache/lambdapdk-v0.1.50/lambdapdk/sky130/libs/sky130hd/nldm/sky130_fd_sc_hd__ff_100C_1v95.lib.gz
| INFO     | job0 | place.detailed       | 0 | Reading liberty file for typical (typical): /nfs/sc_compute/cache/lambdapdk-v0.1.50/lambdapdk/sky130/libs/sky130hd/nldm/sky130_fd_sc_hd__tt_025C_1v80.lib.gz
| INFO     | job0 | place.detailed       | 0 | source -echo "$sc_refdir/common/read_input_files.tcl"
| INFO     | job0 | place.detailed       | 0 | ###############################
| INFO     | job0 | place.detailed       | 0 | # Read design files
| INFO     | job0 | place.detailed       | 0 | ###############################
| INFO     | job0 | place.detailed       | 0 | if { [sc_has_input_files odb "input layout odb"] } {
| INFO     | job0 | place.detailed       | 0 |     foreach odb_file [sc_get_input_files odb "input layout odb"] {
| INFO     | job0 | place.detailed       | 0 |         puts "Reading ODB: ${odb_file}"
| INFO     | job0 | place.detailed       | 0 |         read_db $odb_file
| INFO     | job0 | place.detailed       | 0 |     }
| INFO     | job0 | place.detailed       | 0 | } else {
| INFO     | job0 | place.detailed       | 0 |     set sc_libtype [sc_cfg_get library $sc_mainlib asic libarch]
| INFO     | job0 | place.detailed       | 0 |     set sc_techlef [sc_cfg_get pdk $sc_pdk aprtech openroad $sc_stackup $sc_libtype lef]
| INFO     | job0 | place.detailed       | 0 |     # Read techlef
| INFO     | job0 | place.detailed       | 0 |     puts "Reading techlef: ${sc_techlef}"
| INFO     | job0 | place.detailed       | 0 |     read_lef $sc_techlef
| INFO     | job0 | place.detailed       | 0 |     # Read Lefs
| INFO     | job0 | place.detailed       | 0 |     foreach lib "$sc_targetlibs $sc_macrolibs" {
| INFO     | job0 | place.detailed       | 0 |         foreach lef_file [sc_cfg_get library $lib output $sc_stackup lef] {
| INFO     | job0 | place.detailed       | 0 |             puts "Reading lef: ${lef_file}"
| INFO     | job0 | place.detailed       | 0 |             read_lef $lef_file
| INFO     | job0 | place.detailed       | 0 |         }
| INFO     | job0 | place.detailed       | 0 |     }
| INFO     | job0 | place.detailed       | 0 |     if { [file exists "inputs/${sc_design}.def"] } {
| INFO     | job0 | place.detailed       | 0 |         # Read DEF
| INFO     | job0 | place.detailed       | 0 |         # get from previous step
| INFO     | job0 | place.detailed       | 0 |         puts "Reading DEF: inputs/${sc_design}.def"
| INFO     | job0 | place.detailed       | 0 |         read_def "inputs/${sc_design}.def"
| INFO     | job0 | place.detailed       | 0 |     } elseif { [sc_cfg_exists input layout def] } {
| INFO     | job0 | place.detailed       | 0 |         # Read DEF
| INFO     | job0 | place.detailed       | 0 |         set sc_def [lindex [sc_cfg_get input layout def] 0]
| INFO     | job0 | place.detailed       | 0 |         puts "Reading DEF: ${sc_def}"
| INFO     | job0 | place.detailed       | 0 |         read_def $sc_def
| INFO     | job0 | place.detailed       | 0 |     } elseif { [file exists "inputs/${sc_design}.vg"] } {
| INFO     | job0 | place.detailed       | 0 |         # Read Verilog
| INFO     | job0 | place.detailed       | 0 |         puts "Reading netlist verilog: inputs/${sc_design}.vg"
| INFO     | job0 | place.detailed       | 0 |         read_verilog "inputs/${sc_design}.vg"
| INFO     | job0 | place.detailed       | 0 |         link_design $sc_design
| INFO     | job0 | place.detailed       | 0 |     } elseif { [sc_cfg_exists input netlist verilog] } {
| INFO     | job0 | place.detailed       | 0 |         # Read Verilog
| INFO     | job0 | place.detailed       | 0 |         foreach netlist [sc_cfg_get input netlist verilog] {
| INFO     | job0 | place.detailed       | 0 |             puts "Reading netlist verilog: ${netlist}"
| INFO     | job0 | place.detailed       | 0 |             read_verilog $netlist
| INFO     | job0 | place.detailed       | 0 |         }
| INFO     | job0 | place.detailed       | 0 |         link_design $sc_design
| INFO     | job0 | place.detailed       | 0 |     } else {
| INFO     | job0 | place.detailed       | 0 |         utl::error FLW 1 "No input files available"
| INFO     | job0 | place.detailed       | 0 |     }
| INFO     | job0 | place.detailed       | 0 |     # Handle global connect setup
| INFO     | job0 | place.detailed       | 0 |     if { [sc_cfg_tool_task_exists {file} global_connect] } {
| INFO     | job0 | place.detailed       | 0 |         foreach global_connect [sc_cfg_tool_task_get {file} global_connect] {
| INFO     | job0 | place.detailed       | 0 |             puts "Loading global connect configuration: ${global_connect}"
| INFO     | job0 | place.detailed       | 0 |             source $global_connect
| INFO     | job0 | place.detailed       | 0 |         }
| INFO     | job0 | place.detailed       | 0 |     }
| INFO     | job0 | place.detailed       | 0 |     tee -file reports/global_connections.rpt {report_global_connect}
| INFO     | job0 | place.detailed       | 0 | }
| INFO     | job0 | place.detailed       | 0 | Reading ODB: inputs/picorv32_top.odb
| INFO     | job0 | place.detailed       | 0 | source -echo "$sc_refdir/common/read_timing_constraints.tcl"
| INFO     | job0 | place.detailed       | 0 | ###############################
| INFO     | job0 | place.detailed       | 0 | # Read timing constraints
| INFO     | job0 | place.detailed       | 0 | ###############################
| INFO     | job0 | place.detailed       | 0 | if { [sc_has_input_files sdc "input constraint sdc"] } {
| INFO     | job0 | place.detailed       | 0 |     foreach sdc [sc_get_input_files sdc "input constraint sdc"] {
| INFO     | job0 | place.detailed       | 0 |         puts "Reading SDC: ${sdc}"
| INFO     | job0 | place.detailed       | 0 |         read_sdc $sdc
| INFO     | job0 | place.detailed       | 0 |     }
| INFO     | job0 | place.detailed       | 0 | } else {
| INFO     | job0 | place.detailed       | 0 |     # fall back on default auto generated constraints file
| INFO     | job0 | place.detailed       | 0 |     set sdc [sc_cfg_tool_task_get {file} opensta_generic_sdc]
| INFO     | job0 | place.detailed       | 0 |     puts "Reading SDC: ${sdc}"
| INFO     | job0 | place.detailed       | 0 |     utl::warn FLW 1 "Defaulting back to default SDC"
| INFO     | job0 | place.detailed       | 0 |     read_sdc "${sdc}"
| INFO     | job0 | place.detailed       | 0 | }
| INFO     | job0 | place.detailed       | 0 | Reading SDC: inputs/picorv32_top.sdc
| INFO     | job0 | place.detailed       | 0 | ###############################
| INFO     | job0 | place.detailed       | 0 | # Common Setup
| INFO     | job0 | place.detailed       | 0 | ###############################
| INFO     | job0 | place.detailed       | 0 | sc_setup_sta
| INFO     | job0 | place.detailed       | 0 | sc_setup_parasitics
| INFO     | job0 | place.detailed       | 0 | [INFO FLW-0001] Using met5 for clock parasitics estimation
| INFO     | job0 | place.detailed       | 0 | [INFO FLW-0001] Using met2 for signal parasitics estimation
| INFO     | job0 | place.detailed       | 0 | sc_set_dont_use
| INFO     | job0 | place.detailed       | 0 | sc_setup_global_routing
| INFO     | job0 | place.detailed       | 0 | [INFO FLW-0001] Setting global routing adjustment for li1 to 100.0%
| INFO     | job0 | place.detailed       | 0 | [INFO FLW-0001] Setting global routing adjustment for met1 to 40.0%
| INFO     | job0 | place.detailed       | 0 | [INFO FLW-0001] Setting global routing adjustment for met2 to 40.0%
| INFO     | job0 | place.detailed       | 0 | [INFO FLW-0001] Setting global routing adjustment for met3 to 30.0%
| INFO     | job0 | place.detailed       | 0 | [INFO FLW-0001] Setting global routing adjustment for met4 to 30.0%
| INFO     | job0 | place.detailed       | 0 | [INFO FLW-0001] Setting global routing adjustment for met5 to 30.0%
| INFO     | job0 | place.detailed       | 0 | # Store incoming markers to avoid rewriting them
| INFO     | job0 | place.detailed       | 0 | set sc_starting_markers []
| INFO     | job0 | place.detailed       | 0 | foreach markerdb [[ord::get_db_block] getMarkerCategories] {
| INFO     | job0 | place.detailed       | 0 |     lappend sc_starting_markers [$markerdb getName]
| INFO     | job0 | place.detailed       | 0 | }
| INFO     | job0 | place.detailed       | 0 | ###############################
| INFO     | job0 | place.detailed       | 0 | # Source Step Script
| INFO     | job0 | place.detailed       | 0 | ###############################
| INFO     | job0 | place.detailed       | 0 | report_units_metric
| INFO     | job0 | place.detailed       | 0 | utl::push_metrics_stage "sc__prestep__{}"
| INFO     | job0 | place.detailed       | 0 | if { [sc_cfg_tool_task_exists prescript] } {
| INFO     | job0 | place.detailed       | 0 |     foreach sc_pre_script [sc_cfg_tool_task_get prescript] {
| INFO     | job0 | place.detailed       | 0 |         puts "Sourcing pre script: ${sc_pre_script}"
| INFO     | job0 | place.detailed       | 0 |         source -echo $sc_pre_script
| INFO     | job0 | place.detailed       | 0 |     }
| INFO     | job0 | place.detailed       | 0 | }
| INFO     | job0 | place.detailed       | 0 | utl::pop_metrics_stage
| INFO     | job0 | place.detailed       | 0 | utl::push_metrics_stage "sc__step__{}"
| INFO     | job0 | place.detailed       | 0 | set openroad_dont_touch {}
| INFO     | job0 | place.detailed       | 0 | if { [sc_cfg_tool_task_exists {var} dont_touch] } {
| INFO     | job0 | place.detailed       | 0 |     set openroad_dont_touch [sc_cfg_tool_task_get {var} dont_touch]
| INFO     | job0 | place.detailed       | 0 | }
| INFO     | job0 | place.detailed       | 0 | if { [llength $openroad_dont_touch] > 0 } {
| INFO     | job0 | place.detailed       | 0 |     # set don't touch list
| INFO     | job0 | place.detailed       | 0 |     set_dont_touch $openroad_dont_touch
| INFO     | job0 | place.detailed       | 0 | }
| INFO     | job0 | place.detailed       | 0 | tee -quiet -file reports/dont_touch.start.rpt {report_dont_touch}
| INFO     | job0 | place.detailed       | 0 | tee -quiet -file reports/dont_use.start.rpt {report_dont_use}
| INFO     | job0 | place.detailed       | 0 | tee -file reports/global_connections.start.rpt {report_global_connect}
| INFO     | job0 | place.detailed       | 0 | Global connection rules: 2
| INFO     | job0 | place.detailed       | 0 |   Instances: ".*" with pins "VPWR" connect to "VDD"
| INFO     | job0 | place.detailed       | 0 |   Instances: ".*" with pins "VGND" connect to "VSS"
| INFO     | job0 | place.detailed       | 0 | Placement Analysis
| INFO     | job0 | place.detailed       | 0 | ---------------------------------
| INFO     | job0 | place.detailed       | 0 | total displacement      17833.1 u
| INFO     | job0 | place.detailed       | 0 | average displacement        1.1 u
| INFO     | job0 | place.detailed       | 0 | max displacement           14.1 u
| INFO     | job0 | place.detailed       | 0 | original HPWL          282603.8 u
| INFO     | job0 | place.detailed       | 0 | legalized HPWL         298881.7 u
| INFO     | job0 | place.detailed       | 0 | delta HPWL                    6 %
| INFO     | job0 | place.detailed       | 0 | 
| INFO     | job0 | place.detailed       | 0 | Detailed placement improvement.
| INFO     | job0 | place.detailed       | 0 | Importing netlist into detailed improver.
| INFO     | job0 | place.detailed       | 0 | [INFO DPO-0100] Creating network with 15790 cells, 306 terminals, 7263 edges, 26429 pins, and 0 blockages.
| INFO     | job0 | place.detailed       | 0 | [INFO DPO-0109] Network stats: inst 16096, edges 7263, pins 26429
| INFO     | job0 | place.detailed       | 0 | [INFO DPO-0110] Number of regions is 1
| INFO     | job0 | place.detailed       | 0 | [INFO DPO-0401] Setting random seed to 1.
| INFO     | job0 | place.detailed       | 0 | [INFO DPO-0402] Setting maximum displacement 0 0 to 1959600 1959600 units.
| INFO     | job0 | place.detailed       | 0 | [INFO DPO-0320] Collected 9293 fixed cells.
| INFO     | job0 | place.detailed       | 0 | [INFO DPO-0318] Collected 6958 single height cells.
| INFO     | job0 | place.detailed       | 0 | [INFO DPO-0321] Collected 0 wide cells.
| INFO     | job0 | place.detailed       | 0 | [INFO DPO-0322] Image (10120, 10880) - (989920, 987360)
| INFO     | job0 | place.detailed       | 0 | [INFO DPO-0310] Assigned 6958 cells into segments.  Movement in X-direction is 0.000000, movement in Y-direction is 0.000000.
| INFO     | job0 | place.detailed       | 0 | [INFO DPO-0313] Found 0 cells in wrong regions.
| INFO     | job0 | place.detailed       | 0 | [INFO DPO-0315] Found 0 row alignment problems.
| INFO     | job0 | place.detailed       | 0 | [INFO DPO-0314] Found 0 site alignment problems.
| INFO     | job0 | place.detailed       | 0 | [INFO DPO-0311] Found 0 overlaps between adjacent cells.
| INFO     | job0 | place.detailed       | 0 | [INFO DPO-0312] Found 0 edge spacing violations and 0 padding violations.
| INFO     | job0 | place.detailed       | 0 | [INFO DPO-0303] Running algorithm for independent set matching.
| INFO     | job0 | place.detailed       | 0 | [INFO DPO-0300] Set matching objective is wirelength.
| INFO     | job0 | place.detailed       | 0 | [INFO DPO-0301] Pass   1 of matching; objective is 3.567067e+08.
| INFO     | job0 | place.detailed       | 0 | [INFO DPO-0302] End of matching; objective is 3.538136e+08, improvement is 0.81 percent.
| INFO     | job0 | place.detailed       | 0 | [INFO DPO-0303] Running algorithm for global swaps.
| INFO     | job0 | place.detailed       | 0 | [INFO DPO-0306] Pass   1 of global swaps; hpwl is 3.425115e+08.
| INFO     | job0 | place.detailed       | 0 | [INFO DPO-0306] Pass   2 of global swaps; hpwl is 3.390897e+08.
| INFO     | job0 | place.detailed       | 0 | [INFO DPO-0307] End of global swaps; objective is 3.390897e+08, improvement is 4.16 percent.
| INFO     | job0 | place.detailed       | 0 | [INFO DPO-0303] Running algorithm for vertical swaps.
| INFO     | job0 | place.detailed       | 0 | [INFO DPO-0308] Pass   1 of vertical swaps; hpwl is 3.358224e+08.
| INFO     | job0 | place.detailed       | 0 | [INFO DPO-0309] End of vertical swaps; objective is 3.358224e+08, improvement is 0.96 percent.
| INFO     | job0 | place.detailed       | 0 | [INFO DPO-0303] Running algorithm for reordering.
| INFO     | job0 | place.detailed       | 0 | [INFO DPO-0304] Pass   1 of reordering; objective is 3.355784e+08.
| INFO     | job0 | place.detailed       | 0 | [INFO DPO-0305] End of reordering; objective is 3.355784e+08, improvement is 0.07 percent.
| INFO     | job0 | place.detailed       | 0 | [INFO DPO-0303] Running algorithm for random improvement.
| INFO     | job0 | place.detailed       | 0 | [INFO DPO-0324] Random improver is using displacement generator.
| INFO     | job0 | place.detailed       | 0 | [INFO DPO-0325] Random improver is using hpwl objective.
| INFO     | job0 | place.detailed       | 0 | [INFO DPO-0326] Random improver cost string is (a).
| INFO     | job0 | place.detailed       | 0 | [INFO DPO-0332] End of pass, Generator displacement called 139160 times.
| INFO     | job0 | place.detailed       | 0 | [INFO DPO-0335] Generator displacement, Cumulative attempts 139160, swaps 55356, moves 82378 since last reset.
| INFO     | job0 | place.detailed       | 0 | [INFO DPO-0333] End of pass, Objective hpwl, Initial cost 3.340896e+08, Scratch cost 3.283926e+08, Incremental cost 3.279602e+08, Mismatch? Y
| INFO     | job0 | place.detailed       | 0 | [INFO DPO-0338] End of pass, Total cost is 3.283926e+08.
| INFO     | job0 | place.detailed       | 0 | [INFO DPO-0327] Pass   1 of random improver; improvement in cost is 1.83 percent.
| INFO     | job0 | place.detailed       | 0 | [INFO DPO-0332] End of pass, Generator displacement called 139160 times.
| INFO     | job0 | place.detailed       | 0 | [INFO DPO-0335] Generator displacement, Cumulative attempts 278320, swaps 111345, moves 164007 since last reset.
| INFO     | job0 | place.detailed       | 0 | [INFO DPO-0333] End of pass, Objective hpwl, Initial cost 3.283926e+08, Scratch cost 3.258191e+08, Incremental cost 3.254928e+08, Mismatch? Y
| INFO     | job0 | place.detailed       | 0 | [INFO DPO-0338] End of pass, Total cost is 3.258191e+08.
| INFO     | job0 | place.detailed       | 0 | [INFO DPO-0327] Pass   2 of random improver; improvement in cost is 0.88 percent.
| INFO     | job0 | place.detailed       | 0 | [INFO DPO-0328] End of random improver; improvement is 2.475553 percent.
| INFO     | job0 | place.detailed       | 0 | [INFO DPO-0380] Cell flipping.
| INFO     | job0 | place.detailed       | 0 | [INFO DPO-0382] Changed 0 cell orientations for row compatibility.
| INFO     | job0 | place.detailed       | 0 | [INFO DPO-0383] Performed 1937 cell flips.
| INFO     | job0 | place.detailed       | 0 | [INFO DPO-0384] End of flipping; objective is 3.232151e+08, improvement is 1.25 percent.
| INFO     | job0 | place.detailed       | 0 | [INFO DPO-0313] Found 0 cells in wrong regions.
| INFO     | job0 | place.detailed       | 0 | [INFO DPO-0315] Found 0 row alignment problems.
| INFO     | job0 | place.detailed       | 0 | [INFO DPO-0314] Found 0 site alignment problems.
| INFO     | job0 | place.detailed       | 0 | [INFO DPO-0311] Found 0 overlaps between adjacent cells.
| INFO     | job0 | place.detailed       | 0 | [INFO DPO-0312] Found 0 edge spacing violations and 0 padding violations.
| INFO     | job0 | place.detailed       | 0 | Detailed Improvement Results
| INFO     | job0 | place.detailed       | 0 | ------------------------------------------
| INFO     | job0 | place.detailed       | 0 | Original HPWL           298881.7 u
| INFO     | job0 | place.detailed       | 0 | Final HPWL              274301.0 u
| INFO     | job0 | place.detailed       | 0 | Delta HPWL                  -8.2 %
| INFO     | job0 | place.detailed       | 0 | 
| INFO     | job0 | place.detailed       | 0 | Placement Analysis
| INFO     | job0 | place.detailed       | 0 | ---------------------------------
| INFO     | job0 | place.detailed       | 0 | total displacement          0.0 u
| INFO     | job0 | place.detailed       | 0 | average displacement        0.0 u
| INFO     | job0 | place.detailed       | 0 | max displacement            0.0 u
| INFO     | job0 | place.detailed       | 0 | original HPWL          274301.0 u
| INFO     | job0 | place.detailed       | 0 | legalized HPWL         277923.6 u
| INFO     | job0 | place.detailed       | 0 | delta HPWL                    1 %
| INFO     | job0 | place.detailed       | 0 | 
| INFO     | job0 | place.detailed       | 0 | [INFO DPL-0020] Mirrored 2148 instances
| INFO     | job0 | place.detailed       | 0 | [INFO DPL-0021] HPWL before          277923.6 u
| INFO     | job0 | place.detailed       | 0 | [INFO DPL-0022] HPWL after           274029.4 u
| INFO     | job0 | place.detailed       | 0 | [INFO DPL-0023] HPWL delta               -1.4 %
| INFO     | job0 | place.detailed       | 0 | if { [llength $openroad_dont_touch] > 0 } {
| INFO     | job0 | place.detailed       | 0 |     # unset for next step
| INFO     | job0 | place.detailed       | 0 |     unset_dont_touch $openroad_dont_touch
| INFO     | job0 | place.detailed       | 0 | }
| INFO     | job0 | place.detailed       | 0 | utl::pop_metrics_stage
| INFO     | job0 | place.detailed       | 0 | utl::push_metrics_stage "sc__poststep__{}"
| INFO     | job0 | place.detailed       | 0 | if { [sc_cfg_tool_task_exists postscript] } {
| INFO     | job0 | place.detailed       | 0 |     foreach sc_post_script [sc_cfg_tool_task_get postscript] {
| INFO     | job0 | place.detailed       | 0 |         puts "Sourcing post script: ${sc_post_script}"
| INFO     | job0 | place.detailed       | 0 |         source -echo $sc_post_script
| INFO     | job0 | place.detailed       | 0 |     }
| INFO     | job0 | place.detailed       | 0 | }
| INFO     | job0 | place.detailed       | 0 | utl::pop_metrics_stage
| INFO     | job0 | place.detailed       | 0 | ###############################
| INFO     | job0 | place.detailed       | 0 | # Write Design Data
| INFO     | job0 | place.detailed       | 0 | ###############################
| INFO     | job0 | place.detailed       | 0 | utl::push_metrics_stage "sc__write__{}"
| INFO     | job0 | place.detailed       | 0 | source "$sc_refdir/common/write_data.tcl"
| INFO     | job0 | place.detailed       | 0 | utl::pop_metrics_stage
| INFO     | job0 | place.detailed       | 0 | ###############################
| INFO     | job0 | place.detailed       | 0 | # Reporting
| INFO     | job0 | place.detailed       | 0 | ###############################
| INFO     | job0 | place.detailed       | 0 | utl::push_metrics_stage "sc__metric__{}"
| INFO     | job0 | place.detailed       | 0 | source "$sc_refdir/common/reports.tcl"
| INFO     | job0 | place.detailed       | 0 | SC_METRIC: report_checks -path_delay max
| INFO     | job0 | place.detailed       | 0 | Startpoint: mem_la_wdata[3]$_DFFE_PP_
| INFO     | job0 | place.detailed       | 0 |             (rising edge-triggered flip-flop clocked by clk0)
| INFO     | job0 | place.detailed       | 0 | Endpoint: rv32_soc/alu_out_q[0]$_DFF_P_
| INFO     | job0 | place.detailed       | 0 |           (rising edge-triggered flip-flop clocked by clk0)
| INFO     | job0 | place.detailed       | 0 | Path Group: clk0
| INFO     | job0 | place.detailed       | 0 | Path Type: max
| INFO     | job0 | place.detailed       | 0 | Corner: slow
| INFO     | job0 | place.detailed       | 0 | 
| INFO     | job0 | place.detailed       | 0 | Fanout     Cap    Slew   Delay    Time   Description
| INFO     | job0 | place.detailed       | 0 | -----------------------------------------------------------------------------
| INFO     | job0 | place.detailed       | 0 |                   0.00    0.00    0.00   clock clk0 (rise edge)
| INFO     | job0 | place.detailed       | 0 |                           0.00    0.00   clock network delay (ideal)
| INFO     | job0 | place.detailed       | 0 |                   0.00    0.00    0.00 ^ mem_la_wdata[3]$_DFFE_PP_/CLK (sky130_fd_sc_hd__edfxtp_1)
| INFO     | job0 | place.detailed       | 0 |      6    0.12    3.82    3.70    3.70 ^ mem_la_wdata[3]$_DFFE_PP_/Q (sky130_fd_sc_hd__edfxtp_1)
| INFO     | job0 | place.detailed       | 0 |                                          mem_la_wdata[3] (net)
| INFO     | job0 | place.detailed       | 0 |                   3.82    0.00    3.70 ^ _7532_/A (sky130_fd_sc_hd__clkinv_1)
| INFO     | job0 | place.detailed       | 0 |      3    0.01    0.75    2.08    5.79 v _7532_/Y (sky130_fd_sc_hd__clkinv_1)
| INFO     | job0 | place.detailed       | 0 |                                          _4407_ (net)
| INFO     | job0 | place.detailed       | 0 |                   0.75    0.00    5.79 v _9379_/A (sky130_fd_sc_hd__ha_1)
| INFO     | job0 | place.detailed       | 0 |      8    0.04    1.12    2.25    8.04 ^ _9379_/SUM (sky130_fd_sc_hd__ha_1)
| INFO     | job0 | place.detailed       | 0 |                                          _4410_ (net)
| INFO     | job0 | place.detailed       | 0 |                   1.12    0.00    8.04 ^ _7420_/C (sky130_fd_sc_hd__nor3_1)
| INFO     | job0 | place.detailed       | 0 |      1    0.00    0.20    0.56    8.60 v _7420_/Y (sky130_fd_sc_hd__nor3_1)
| INFO     | job0 | place.detailed       | 0 |                                          _2789_ (net)
| INFO     | job0 | place.detailed       | 0 |                   0.20    0.00    8.60 v _7422_/B (sky130_fd_sc_hd__nor3_2)
| INFO     | job0 | place.detailed       | 0 |      2    0.01    0.71    0.86    9.46 ^ _7422_/Y (sky130_fd_sc_hd__nor3_2)
| INFO     | job0 | place.detailed       | 0 |                                          _2791_ (net)
| INFO     | job0 | place.detailed       | 0 |                   0.71    0.00    9.46 ^ _7423_/C (sky130_fd_sc_hd__nor3_1)
| INFO     | job0 | place.detailed       | 0 |      1    0.01    0.18    0.41    9.88 v _7423_/Y (sky130_fd_sc_hd__nor3_1)
| INFO     | job0 | place.detailed       | 0 |                                          _2792_ (net)
| INFO     | job0 | place.detailed       | 0 |                   0.18    0.00    9.88 v _7425_/B (sky130_fd_sc_hd__nor3_2)
| INFO     | job0 | place.detailed       | 0 |      2    0.01    0.64    0.80   10.68 ^ _7425_/Y (sky130_fd_sc_hd__nor3_2)
| INFO     | job0 | place.detailed       | 0 |                                          _2794_ (net)
| INFO     | job0 | place.detailed       | 0 |                   0.64    0.00   10.68 ^ _7426_/B (sky130_fd_sc_hd__nor2_1)
| INFO     | job0 | place.detailed       | 0 |      1    0.00    0.13    0.36   11.04 v _7426_/Y (sky130_fd_sc_hd__nor2_1)
| INFO     | job0 | place.detailed       | 0 |                                          _2795_ (net)
| INFO     | job0 | place.detailed       | 0 |                   0.13    0.00   11.04 v _7427_/B (sky130_fd_sc_hd__nor2_1)
| INFO     | job0 | place.detailed       | 0 |      1    0.01    0.46    0.48   11.52 ^ _7427_/Y (sky130_fd_sc_hd__nor2_1)
| INFO     | job0 | place.detailed       | 0 |                                          _2796_ (net)
| INFO     | job0 | place.detailed       | 0 |                   0.46    0.00   11.52 ^ _7428_/A2 (sky130_fd_sc_hd__o21bai_2)
| INFO     | job0 | place.detailed       | 0 |      2    0.01    0.17    0.35   11.87 v _7428_/Y (sky130_fd_sc_hd__o21bai_2)
| INFO     | job0 | place.detailed       | 0 |                                          _2797_ (net)
| INFO     | job0 | place.detailed       | 0 |                   0.17    0.00   11.87 v _7431_/B1 (sky130_fd_sc_hd__a221oi_1)
| INFO     | job0 | place.detailed       | 0 |      2    0.01    1.72    1.65   13.52 ^ _7431_/Y (sky130_fd_sc_hd__a221oi_1)
| INFO     | job0 | place.detailed       | 0 |                                          _2800_ (net)
| INFO     | job0 | place.detailed       | 0 |                   1.72    0.00   13.52 ^ _7434_/A3 (sky130_fd_sc_hd__o31ai_1)
| INFO     | job0 | place.detailed       | 0 |      2    0.01    0.24    0.89   14.41 v _7434_/Y (sky130_fd_sc_hd__o31ai_1)
| INFO     | job0 | place.detailed       | 0 |                                          _2803_ (net)
| INFO     | job0 | place.detailed       | 0 |                   0.24    0.00   14.41 v _7435_/A2 (sky130_fd_sc_hd__a21oi_1)
| INFO     | job0 | place.detailed       | 0 |      1    0.00    0.36    0.58   14.99 ^ _7435_/Y (sky130_fd_sc_hd__a21oi_1)
| INFO     | job0 | place.detailed       | 0 |                                          _2804_ (net)
| INFO     | job0 | place.detailed       | 0 |                   0.36    0.00   14.99 ^ _7436_/B1 (sky130_fd_sc_hd__o21ai_0)
| INFO     | job0 | place.detailed       | 0 |      2    0.01    0.26    0.41   15.40 v _7436_/Y (sky130_fd_sc_hd__o21ai_0)
| INFO     | job0 | place.detailed       | 0 |                                          _2805_ (net)
| INFO     | job0 | place.detailed       | 0 |                   0.26    0.00   15.40 v _7437_/B2 (sky130_fd_sc_hd__a221oi_1)
| INFO     | job0 | place.detailed       | 0 |      2    0.01    2.25    2.28   17.68 ^ _7437_/Y (sky130_fd_sc_hd__a221oi_1)
| INFO     | job0 | place.detailed       | 0 |                                          _2806_ (net)
| INFO     | job0 | place.detailed       | 0 |                   2.25    0.00   17.68 ^ _7440_/A3 (sky130_fd_sc_hd__o31ai_1)
| INFO     | job0 | place.detailed       | 0 |      2    0.01    0.31    1.11   18.79 v _7440_/Y (sky130_fd_sc_hd__o31ai_1)
| INFO     | job0 | place.detailed       | 0 |                                          _2809_ (net)
| INFO     | job0 | place.detailed       | 0 |                   0.31    0.00   18.79 v _7441_/B2 (sky130_fd_sc_hd__a221oi_1)
| INFO     | job0 | place.detailed       | 0 |      2    0.01    1.45    1.67   20.47 ^ _7441_/Y (sky130_fd_sc_hd__a221oi_1)
| INFO     | job0 | place.detailed       | 0 |                                          _2810_ (net)
| INFO     | job0 | place.detailed       | 0 |                   1.45    0.00   20.47 ^ _7442_/C (sky130_fd_sc_hd__nor3_1)
| INFO     | job0 | place.detailed       | 0 |      1    0.00    0.22    0.63   21.10 v _7442_/Y (sky130_fd_sc_hd__nor3_1)
| INFO     | job0 | place.detailed       | 0 |                                          _2811_ (net)
| INFO     | job0 | place.detailed       | 0 |                   0.22    0.00   21.10 v _7443_/C (sky130_fd_sc_hd__nor3_1)
| INFO     | job0 | place.detailed       | 0 |      2    0.01    1.03    0.99   22.09 ^ _7443_/Y (sky130_fd_sc_hd__nor3_1)
| INFO     | job0 | place.detailed       | 0 |                                          _2812_ (net)
| INFO     | job0 | place.detailed       | 0 |                   1.03    0.00   22.09 ^ _7446_/A3 (sky130_fd_sc_hd__o31ai_1)
| INFO     | job0 | place.detailed       | 0 |      2    0.01    0.19    0.64   22.73 v _7446_/Y (sky130_fd_sc_hd__o31ai_1)
| INFO     | job0 | place.detailed       | 0 |                                          _2815_ (net)
| INFO     | job0 | place.detailed       | 0 |                   0.19    0.00   22.73 v _7448_/B1 (sky130_fd_sc_hd__a221o_1)
| INFO     | job0 | place.detailed       | 0 |      2    0.01    0.18    1.36   24.09 v _7448_/X (sky130_fd_sc_hd__a221o_1)
| INFO     | job0 | place.detailed       | 0 |                                          _2817_ (net)
| INFO     | job0 | place.detailed       | 0 |                   0.18    0.00   24.09 v _7449_/B2 (sky130_fd_sc_hd__a221oi_1)
| INFO     | job0 | place.detailed       | 0 |      3    0.01    1.92    1.97   26.06 ^ _7449_/Y (sky130_fd_sc_hd__a221oi_1)
| INFO     | job0 | place.detailed       | 0 |                                          _2818_ (net)
| INFO     | job0 | place.detailed       | 0 |                   1.92    0.00   26.06 ^ _7454_/A2 (sky130_fd_sc_hd__o21ai_0)
| INFO     | job0 | place.detailed       | 0 |      1    0.00    0.23    0.93   26.99 v _7454_/Y (sky130_fd_sc_hd__o21ai_0)
| INFO     | job0 | place.detailed       | 0 |                                          _2823_ (net)
| INFO     | job0 | place.detailed       | 0 |                   0.23    0.00   26.99 v _7456_/A2 (sky130_fd_sc_hd__o21ai_0)
| INFO     | job0 | place.detailed       | 0 |      3    0.04    4.65    3.82   30.81 ^ _7456_/Y (sky130_fd_sc_hd__o21ai_0)
| INFO     | job0 | place.detailed       | 0 |                                          _2825_ (net)
| INFO     | job0 | place.detailed       | 0 |                   4.65    0.00   30.81 ^ _7472_/A2 (sky130_fd_sc_hd__o21ai_0)
| INFO     | job0 | place.detailed       | 0 |      1    0.04    1.28    3.15   33.96 v _7472_/Y (sky130_fd_sc_hd__o21ai_0)
| INFO     | job0 | place.detailed       | 0 |                                          _2841_ (net)
| INFO     | job0 | place.detailed       | 0 |                   1.28    0.00   33.97 v _7473_/S (sky130_fd_sc_hd__mux2i_1)
| INFO     | job0 | place.detailed       | 0 |      1    0.01    1.13    1.66   35.63 ^ _7473_/Y (sky130_fd_sc_hd__mux2i_1)
| INFO     | job0 | place.detailed       | 0 |                                          _2842_ (net)
| INFO     | job0 | place.detailed       | 0 |                   1.13    0.00   35.63 ^ _7474_/B (sky130_fd_sc_hd__nand2_4)
| INFO     | job0 | place.detailed       | 0 |      3    0.01    0.15    0.56   36.19 v _7474_/Y (sky130_fd_sc_hd__nand2_4)
| INFO     | job0 | place.detailed       | 0 |                                          _2843_ (net)
| INFO     | job0 | place.detailed       | 0 |                   0.15    0.00   36.19 v _8825_/A2 (sky130_fd_sc_hd__a221o_1)
| INFO     | job0 | place.detailed       | 0 |      1    0.00    0.14    1.50   37.70 v _8825_/X (sky130_fd_sc_hd__a221o_1)
| INFO     | job0 | place.detailed       | 0 |                                          rv32_soc/alu_out[0] (net)
| INFO     | job0 | place.detailed       | 0 |                   0.14    0.00   37.70 v rv32_soc/alu_out_q[0]$_DFF_P_/D (sky130_fd_sc_hd__dfxtp_2)
| INFO     | job0 | place.detailed       | 0 |                                  37.70   data arrival time
| INFO     | job0 | place.detailed       | 0 | 
| INFO     | job0 | place.detailed       | 0 |                   0.00   25.00   25.00   clock clk0 (rise edge)
| INFO     | job0 | place.detailed       | 0 |                           0.00   25.00   clock network delay (ideal)
| INFO     | job0 | place.detailed       | 0 |                           0.00   25.00   clock reconvergence pessimism
| INFO     | job0 | place.detailed       | 0 |                                  25.00 ^ rv32_soc/alu_out_q[0]$_DFF_P_/CLK (sky130_fd_sc_hd__dfxtp_2)
| INFO     | job0 | place.detailed       | 0 |                          -0.87   24.13   library setup time
| INFO     | job0 | place.detailed       | 0 |                                  24.13   data required time
| INFO     | job0 | place.detailed       | 0 | -----------------------------------------------------------------------------
| INFO     | job0 | place.detailed       | 0 |                                  24.13   data required time
| INFO     | job0 | place.detailed       | 0 |                                 -37.70   data arrival time
| INFO     | job0 | place.detailed       | 0 | -----------------------------------------------------------------------------
| INFO     | job0 | place.detailed       | 0 |                                 -13.56   slack (VIOLATED)
| INFO     | job0 | place.detailed       | 0 | 
| INFO     | job0 | place.detailed       | 0 | 
| INFO     | job0 | place.detailed       | 0 | SC_METRIC: setupslack
| INFO     | job0 | place.detailed       | 0 | worst slack -13.56
| INFO     | job0 | place.detailed       | 0 | SC_METRIC: tns
| INFO     | job0 | place.detailed       | 0 | tns -198.49
| INFO     | job0 | place.detailed       | 0 | SC_METRIC: unconstrained
| INFO     | job0 | place.detailed       | 0 | Startpoint: mem_la_wdata[3]$_DFFE_PP_
| INFO     | job0 | place.detailed       | 0 |             (rising edge-triggered flip-flop clocked by clk0)
| INFO     | job0 | place.detailed       | 0 | Endpoint: rv32_soc/alu_out_q[0]$_DFF_P_
| INFO     | job0 | place.detailed       | 0 |           (rising edge-triggered flip-flop clocked by clk0)
| INFO     | job0 | place.detailed       | 0 | Path Group: clk0
| INFO     | job0 | place.detailed       | 0 | Path Type: max
| INFO     | job0 | place.detailed       | 0 | Corner: slow
| INFO     | job0 | place.detailed       | 0 | 
| INFO     | job0 | place.detailed       | 0 | Fanout     Cap    Slew   Delay    Time   Description
| INFO     | job0 | place.detailed       | 0 | -----------------------------------------------------------------------------
| INFO     | job0 | place.detailed       | 0 |                   0.00    0.00    0.00   clock clk0 (rise edge)
| INFO     | job0 | place.detailed       | 0 |                           0.00    0.00   clock network delay (ideal)
| INFO     | job0 | place.detailed       | 0 |                   0.00    0.00    0.00 ^ mem_la_wdata[3]$_DFFE_PP_/CLK (sky130_fd_sc_hd__edfxtp_1)
| INFO     | job0 | place.detailed       | 0 |      6    0.12    3.82    3.70    3.70 ^ mem_la_wdata[3]$_DFFE_PP_/Q (sky130_fd_sc_hd__edfxtp_1)
| INFO     | job0 | place.detailed       | 0 |                                          mem_la_wdata[3] (net)
| INFO     | job0 | place.detailed       | 0 |                   3.82    0.00    3.70 ^ _7532_/A (sky130_fd_sc_hd__clkinv_1)
| INFO     | job0 | place.detailed       | 0 |      3    0.01    0.75    2.08    5.79 v _7532_/Y (sky130_fd_sc_hd__clkinv_1)
| INFO     | job0 | place.detailed       | 0 |                                          _4407_ (net)
| INFO     | job0 | place.detailed       | 0 |                   0.75    0.00    5.79 v _9379_/A (sky130_fd_sc_hd__ha_1)
| INFO     | job0 | place.detailed       | 0 |      8    0.04    1.12    2.25    8.04 ^ _9379_/SUM (sky130_fd_sc_hd__ha_1)
| INFO     | job0 | place.detailed       | 0 |                                          _4410_ (net)
| INFO     | job0 | place.detailed       | 0 |                   1.12    0.00    8.04 ^ _7420_/C (sky130_fd_sc_hd__nor3_1)
| INFO     | job0 | place.detailed       | 0 |      1    0.00    0.20    0.56    8.60 v _7420_/Y (sky130_fd_sc_hd__nor3_1)
| INFO     | job0 | place.detailed       | 0 |                                          _2789_ (net)
| INFO     | job0 | place.detailed       | 0 |                   0.20    0.00    8.60 v _7422_/B (sky130_fd_sc_hd__nor3_2)
| INFO     | job0 | place.detailed       | 0 |      2    0.01    0.71    0.86    9.46 ^ _7422_/Y (sky130_fd_sc_hd__nor3_2)
| INFO     | job0 | place.detailed       | 0 |                                          _2791_ (net)
| INFO     | job0 | place.detailed       | 0 |                   0.71    0.00    9.46 ^ _7423_/C (sky130_fd_sc_hd__nor3_1)
| INFO     | job0 | place.detailed       | 0 |      1    0.01    0.18    0.41    9.88 v _7423_/Y (sky130_fd_sc_hd__nor3_1)
| INFO     | job0 | place.detailed       | 0 |                                          _2792_ (net)
| INFO     | job0 | place.detailed       | 0 |                   0.18    0.00    9.88 v _7425_/B (sky130_fd_sc_hd__nor3_2)
| INFO     | job0 | place.detailed       | 0 |      2    0.01    0.64    0.80   10.68 ^ _7425_/Y (sky130_fd_sc_hd__nor3_2)
| INFO     | job0 | place.detailed       | 0 |                                          _2794_ (net)
| INFO     | job0 | place.detailed       | 0 |                   0.64    0.00   10.68 ^ _7426_/B (sky130_fd_sc_hd__nor2_1)
| INFO     | job0 | place.detailed       | 0 |      1    0.00    0.13    0.36   11.04 v _7426_/Y (sky130_fd_sc_hd__nor2_1)
| INFO     | job0 | place.detailed       | 0 |                                          _2795_ (net)
| INFO     | job0 | place.detailed       | 0 |                   0.13    0.00   11.04 v _7427_/B (sky130_fd_sc_hd__nor2_1)
| INFO     | job0 | place.detailed       | 0 |      1    0.01    0.46    0.48   11.52 ^ _7427_/Y (sky130_fd_sc_hd__nor2_1)
| INFO     | job0 | place.detailed       | 0 |                                          _2796_ (net)
| INFO     | job0 | place.detailed       | 0 |                   0.46    0.00   11.52 ^ _7428_/A2 (sky130_fd_sc_hd__o21bai_2)
| INFO     | job0 | place.detailed       | 0 |      2    0.01    0.17    0.35   11.87 v _7428_/Y (sky130_fd_sc_hd__o21bai_2)
| INFO     | job0 | place.detailed       | 0 |                                          _2797_ (net)
| INFO     | job0 | place.detailed       | 0 |                   0.17    0.00   11.87 v _7431_/B1 (sky130_fd_sc_hd__a221oi_1)
| INFO     | job0 | place.detailed       | 0 |      2    0.01    1.72    1.65   13.52 ^ _7431_/Y (sky130_fd_sc_hd__a221oi_1)
| INFO     | job0 | place.detailed       | 0 |                                          _2800_ (net)
| INFO     | job0 | place.detailed       | 0 |                   1.72    0.00   13.52 ^ _7434_/A3 (sky130_fd_sc_hd__o31ai_1)
| INFO     | job0 | place.detailed       | 0 |      2    0.01    0.24    0.89   14.41 v _7434_/Y (sky130_fd_sc_hd__o31ai_1)
| INFO     | job0 | place.detailed       | 0 |                                          _2803_ (net)
| INFO     | job0 | place.detailed       | 0 |                   0.24    0.00   14.41 v _7435_/A2 (sky130_fd_sc_hd__a21oi_1)
| INFO     | job0 | place.detailed       | 0 |      1    0.00    0.36    0.58   14.99 ^ _7435_/Y (sky130_fd_sc_hd__a21oi_1)
| INFO     | job0 | place.detailed       | 0 |                                          _2804_ (net)
| INFO     | job0 | place.detailed       | 0 |                   0.36    0.00   14.99 ^ _7436_/B1 (sky130_fd_sc_hd__o21ai_0)
| INFO     | job0 | place.detailed       | 0 |      2    0.01    0.26    0.41   15.40 v _7436_/Y (sky130_fd_sc_hd__o21ai_0)
| INFO     | job0 | place.detailed       | 0 |                                          _2805_ (net)
| INFO     | job0 | place.detailed       | 0 |                   0.26    0.00   15.40 v _7437_/B2 (sky130_fd_sc_hd__a221oi_1)
| INFO     | job0 | place.detailed       | 0 |      2    0.01    2.25    2.28   17.68 ^ _7437_/Y (sky130_fd_sc_hd__a221oi_1)
| INFO     | job0 | place.detailed       | 0 |                                          _2806_ (net)
| INFO     | job0 | place.detailed       | 0 |                   2.25    0.00   17.68 ^ _7440_/A3 (sky130_fd_sc_hd__o31ai_1)
| INFO     | job0 | place.detailed       | 0 |      2    0.01    0.31    1.11   18.79 v _7440_/Y (sky130_fd_sc_hd__o31ai_1)
| INFO     | job0 | place.detailed       | 0 |                                          _2809_ (net)
| INFO     | job0 | place.detailed       | 0 |                   0.31    0.00   18.79 v _7441_/B2 (sky130_fd_sc_hd__a221oi_1)
| INFO     | job0 | place.detailed       | 0 |      2    0.01    1.45    1.67   20.47 ^ _7441_/Y (sky130_fd_sc_hd__a221oi_1)
| INFO     | job0 | place.detailed       | 0 |                                          _2810_ (net)
| INFO     | job0 | place.detailed       | 0 |                   1.45    0.00   20.47 ^ _7442_/C (sky130_fd_sc_hd__nor3_1)
| INFO     | job0 | place.detailed       | 0 |      1    0.00    0.22    0.63   21.10 v _7442_/Y (sky130_fd_sc_hd__nor3_1)
| INFO     | job0 | place.detailed       | 0 |                                          _2811_ (net)
| INFO     | job0 | place.detailed       | 0 |                   0.22    0.00   21.10 v _7443_/C (sky130_fd_sc_hd__nor3_1)
| INFO     | job0 | place.detailed       | 0 |      2    0.01    1.03    0.99   22.09 ^ _7443_/Y (sky130_fd_sc_hd__nor3_1)
| INFO     | job0 | place.detailed       | 0 |                                          _2812_ (net)
| INFO     | job0 | place.detailed       | 0 |                   1.03    0.00   22.09 ^ _7446_/A3 (sky130_fd_sc_hd__o31ai_1)
| INFO     | job0 | place.detailed       | 0 |      2    0.01    0.19    0.64   22.73 v _7446_/Y (sky130_fd_sc_hd__o31ai_1)
| INFO     | job0 | place.detailed       | 0 |                                          _2815_ (net)
| INFO     | job0 | place.detailed       | 0 |                   0.19    0.00   22.73 v _7448_/B1 (sky130_fd_sc_hd__a221o_1)
| INFO     | job0 | place.detailed       | 0 |      2    0.01    0.18    1.36   24.09 v _7448_/X (sky130_fd_sc_hd__a221o_1)
| INFO     | job0 | place.detailed       | 0 |                                          _2817_ (net)
| INFO     | job0 | place.detailed       | 0 |                   0.18    0.00   24.09 v _7449_/B2 (sky130_fd_sc_hd__a221oi_1)
| INFO     | job0 | place.detailed       | 0 |      3    0.01    1.92    1.97   26.06 ^ _7449_/Y (sky130_fd_sc_hd__a221oi_1)
| INFO     | job0 | place.detailed       | 0 |                                          _2818_ (net)
| INFO     | job0 | place.detailed       | 0 |                   1.92    0.00   26.06 ^ _7454_/A2 (sky130_fd_sc_hd__o21ai_0)
| INFO     | job0 | place.detailed       | 0 |      1    0.00    0.23    0.93   26.99 v _7454_/Y (sky130_fd_sc_hd__o21ai_0)
| INFO     | job0 | place.detailed       | 0 |                                          _2823_ (net)
| INFO     | job0 | place.detailed       | 0 |                   0.23    0.00   26.99 v _7456_/A2 (sky130_fd_sc_hd__o21ai_0)
| INFO     | job0 | place.detailed       | 0 |      3    0.04    4.65    3.82   30.81 ^ _7456_/Y (sky130_fd_sc_hd__o21ai_0)
| INFO     | job0 | place.detailed       | 0 |                                          _2825_ (net)
| INFO     | job0 | place.detailed       | 0 |                   4.65    0.00   30.81 ^ _7472_/A2 (sky130_fd_sc_hd__o21ai_0)
| INFO     | job0 | place.detailed       | 0 |      1    0.04    1.28    3.15   33.96 v _7472_/Y (sky130_fd_sc_hd__o21ai_0)
| INFO     | job0 | place.detailed       | 0 |                                          _2841_ (net)
| INFO     | job0 | place.detailed       | 0 |                   1.28    0.00   33.97 v _7473_/S (sky130_fd_sc_hd__mux2i_1)
| INFO     | job0 | place.detailed       | 0 |      1    0.01    1.13    1.66   35.63 ^ _7473_/Y (sky130_fd_sc_hd__mux2i_1)
| INFO     | job0 | place.detailed       | 0 |                                          _2842_ (net)
| INFO     | job0 | place.detailed       | 0 |                   1.13    0.00   35.63 ^ _7474_/B (sky130_fd_sc_hd__nand2_4)
| INFO     | job0 | place.detailed       | 0 |      3    0.01    0.15    0.56   36.19 v _7474_/Y (sky130_fd_sc_hd__nand2_4)
| INFO     | job0 | place.detailed       | 0 |                                          _2843_ (net)
| INFO     | job0 | place.detailed       | 0 |                   0.15    0.00   36.19 v _8825_/A2 (sky130_fd_sc_hd__a221o_1)
| INFO     | job0 | place.detailed       | 0 |      1    0.00    0.14    1.50   37.70 v _8825_/X (sky130_fd_sc_hd__a221o_1)
| INFO     | job0 | place.detailed       | 0 |                                          rv32_soc/alu_out[0] (net)
| INFO     | job0 | place.detailed       | 0 |                   0.14    0.00   37.70 v rv32_soc/alu_out_q[0]$_DFF_P_/D (sky130_fd_sc_hd__dfxtp_2)
| INFO     | job0 | place.detailed       | 0 |                                  37.70   data arrival time
| INFO     | job0 | place.detailed       | 0 | 
| INFO     | job0 | place.detailed       | 0 |                   0.00   25.00   25.00   clock clk0 (rise edge)
| INFO     | job0 | place.detailed       | 0 |                           0.00   25.00   clock network delay (ideal)
| INFO     | job0 | place.detailed       | 0 |                           0.00   25.00   clock reconvergence pessimism
| INFO     | job0 | place.detailed       | 0 |                                  25.00 ^ rv32_soc/alu_out_q[0]$_DFF_P_/CLK (sky130_fd_sc_hd__dfxtp_2)
| INFO     | job0 | place.detailed       | 0 |                          -0.87   24.13   library setup time
| INFO     | job0 | place.detailed       | 0 |                                  24.13   data required time
| INFO     | job0 | place.detailed       | 0 | -----------------------------------------------------------------------------
| INFO     | job0 | place.detailed       | 0 |                                  24.13   data required time
| INFO     | job0 | place.detailed       | 0 |                                 -37.70   data arrival time
| INFO     | job0 | place.detailed       | 0 | -----------------------------------------------------------------------------
| INFO     | job0 | place.detailed       | 0 |                                 -13.56   slack (VIOLATED)
| INFO     | job0 | place.detailed       | 0 | 
| INFO     | job0 | place.detailed       | 0 | 
| INFO     | job0 | place.detailed       | 0 | SC_METRIC: DRV violators
| INFO     | job0 | place.detailed       | 0 | max slew
| INFO     | job0 | place.detailed       | 0 | 
| INFO     | job0 | place.detailed       | 0 | Pin                                    Limit    Slew   Slack
| INFO     | job0 | place.detailed       | 0 | ------------------------------------------------------------
| INFO     | job0 | place.detailed       | 0 | _6683_/Y                                1.48    2.05   -0.57 (VIOLATED)
| INFO     | job0 | place.detailed       | 0 | load_slew1/A                            1.50    2.05   -0.55 (VIOLATED)
| INFO     | job0 | place.detailed       | 0 | _6680_/Y                                1.48    2.03   -0.55 (VIOLATED)
| INFO     | job0 | place.detailed       | 0 | load_slew2/A                            1.50    2.03   -0.53 (VIOLATED)
| INFO     | job0 | place.detailed       | 0 | _8766_/Y                                1.49    1.56   -0.07 (VIOLATED)
| INFO     | job0 | place.detailed       | 0 | rv32_soc/cpuregs[23][11]$_DFFE_PP_/D    1.50    1.50   -0.00 (VIOLATED)
| INFO     | job0 | place.detailed       | 0 | rv32_soc/cpuregs[19][11]$_DFFE_PP_/D    1.50    1.50   -0.00 (VIOLATED)
| INFO     | job0 | place.detailed       | 0 | rv32_soc/cpuregs[22][11]$_DFFE_PP_/D    1.50    1.50   -0.00 (VIOLATED)
| INFO     | job0 | place.detailed       | 0 | rv32_soc/cpuregs[20][11]$_DFFE_PP_/D    1.50    1.50   -0.00 (VIOLATED)
| INFO     | job0 | place.detailed       | 0 | rv32_soc/cpuregs[21][11]$_DFFE_PP_/D    1.50    1.50   -0.00 (VIOLATED)
| INFO     | job0 | place.detailed       | 0 | rv32_soc/cpuregs[18][11]$_DFFE_PP_/D    1.50    1.50   -0.00 (VIOLATED)
| INFO     | job0 | place.detailed       | 0 | rv32_soc/cpuregs[17][11]$_DFFE_PP_/D    1.50    1.50   -0.00 (VIOLATED)
| INFO     | job0 | place.detailed       | 0 | rv32_soc/cpuregs[16][11]$_DFFE_PP_/D    1.50    1.50   -0.00 (VIOLATED)
| INFO     | job0 | place.detailed       | 0 | rv32_soc/cpuregs[28][11]$_DFFE_PP_/D    1.50    1.50   -0.00 (VIOLATED)
| INFO     | job0 | place.detailed       | 0 | rv32_soc/cpuregs[29][11]$_DFFE_PP_/D    1.50    1.50   -0.00 (VIOLATED)
| INFO     | job0 | place.detailed       | 0 | rv32_soc/cpuregs[5][11]$_DFFE_PP_/D     1.50    1.50   -0.00 (VIOLATED)
| INFO     | job0 | place.detailed       | 0 | rv32_soc/cpuregs[4][11]$_DFFE_PP_/D     1.50    1.50   -0.00 (VIOLATED)
| INFO     | job0 | place.detailed       | 0 | rv32_soc/cpuregs[25][11]$_DFFE_PP_/D    1.50    1.50   -0.00 (VIOLATED)
| INFO     | job0 | place.detailed       | 0 | rv32_soc/cpuregs[0][11]$_DFFE_PP_/D     1.50    1.50   -0.00 (VIOLATED)
| INFO     | job0 | place.detailed       | 0 | rv32_soc/cpuregs[1][11]$_DFFE_PP_/D     1.50    1.50   -0.00 (VIOLATED)
| INFO     | job0 | place.detailed       | 0 | rv32_soc/cpuregs[11][11]$_DFFE_PP_/D    1.50    1.50   -0.00 (VIOLATED)
| INFO     | job0 | place.detailed       | 0 | rv32_soc/cpuregs[13][11]$_DFFE_PP_/D    1.50    1.50   -0.00 (VIOLATED)
| INFO     | job0 | place.detailed       | 0 | rv32_soc/cpuregs[10][11]$_DFFE_PP_/D    1.50    1.50   -0.00 (VIOLATED)
| INFO     | job0 | place.detailed       | 0 | rv32_soc/cpuregs[2][11]$_DFFE_PP_/D     1.50    1.50   -0.00 (VIOLATED)
| INFO     | job0 | place.detailed       | 0 | rv32_soc/cpuregs[12][11]$_DFFE_PP_/D    1.50    1.50   -0.00 (VIOLATED)
| INFO     | job0 | place.detailed       | 0 | rv32_soc/cpuregs[24][11]$_DFFE_PP_/D    1.50    1.50   -0.00 (VIOLATED)
| INFO     | job0 | place.detailed       | 0 | rv32_soc/cpuregs[14][11]$_DFFE_PP_/D    1.50    1.50   -0.00 (VIOLATED)
| INFO     | job0 | place.detailed       | 0 | rv32_soc/cpuregs[9][11]$_DFFE_PP_/D     1.50    1.50   -0.00 (VIOLATED)
| INFO     | job0 | place.detailed       | 0 | rv32_soc/cpuregs[15][11]$_DFFE_PP_/D    1.50    1.50   -0.00 (VIOLATED)
| INFO     | job0 | place.detailed       | 0 | rv32_soc/cpuregs[6][11]$_DFFE_PP_/D     1.50    1.50   -0.00 (VIOLATED)
| INFO     | job0 | place.detailed       | 0 | rv32_soc/cpuregs[8][11]$_DFFE_PP_/D     1.50    1.50   -0.00 (VIOLATED)
| INFO     | job0 | place.detailed       | 0 | rv32_soc/cpuregs[27][11]$_DFFE_PP_/D    1.50    1.50   -0.00 (VIOLATED)
| INFO     | job0 | place.detailed       | 0 | rv32_soc/cpuregs[26][11]$_DFFE_PP_/D    1.50    1.50   -0.00 (VIOLATED)
| INFO     | job0 | place.detailed       | 0 | rv32_soc/cpuregs[7][11]$_DFFE_PP_/D     1.50    1.50   -0.00 (VIOLATED)
| INFO     | job0 | place.detailed       | 0 | rv32_soc/cpuregs[3][11]$_DFFE_PP_/D     1.50    1.50   -0.00 (VIOLATED)
| INFO     | job0 | place.detailed       | 0 | rv32_soc/cpuregs[31][11]$_DFFE_PP_/D    1.50    1.50   -0.00 (VIOLATED)
| INFO     | job0 | place.detailed       | 0 | rv32_soc/cpuregs[30][11]$_DFFE_PP_/D    1.50    1.50   -0.00 (VIOLATED)
| INFO     | job0 | place.detailed       | 0 | 
| INFO     | job0 | place.detailed       | 0 | max capacitance
| INFO     | job0 | place.detailed       | 0 | 
| INFO     | job0 | place.detailed       | 0 | Pin                                    Limit     Cap   Slack
| INFO     | job0 | place.detailed       | 0 | ------------------------------------------------------------
| INFO     | job0 | place.detailed       | 0 | _6683_/Y                                0.05    0.07   -0.02 (VIOLATED)
| INFO     | job0 | place.detailed       | 0 | _6680_/Y                                0.05    0.07   -0.02 (VIOLATED)
| INFO     | job0 | place.detailed       | 0 | _8766_/Y                                0.07    0.07   -0.00 (VIOLATED)
| INFO     | job0 | place.detailed       | 0 | _9183_/Y                                0.13    0.13   -0.00 (VIOLATED)
| INFO     | job0 | place.detailed       | 0 | _9174_/Y                                0.13    0.13   -0.00 (VIOLATED)
| INFO     | job0 | place.detailed       | 0 | 
| INFO     | job0 | place.detailed       | 0 | SC_METRIC: floating nets
| INFO     | job0 | place.detailed       | 0 | SC_METRIC: overdriven nets
| INFO     | job0 | place.detailed       | 0 | SC_METRIC: fmax
| INFO     | job0 | place.detailed       | 0 | clk0 fmax = 25.93 MHz
| INFO     | job0 | place.detailed       | 0 | Clock                   Period          Waveform
| INFO     | job0 | place.detailed       | 0 | ----------------------------------------------------
| INFO     | job0 | place.detailed       | 0 | clk0                     25.00        0.00     12.50
| INFO     | job0 | place.detailed       | 0 | SC_METRIC: power
| INFO     | job0 | place.detailed       | 0 | Power for corner: fast
| INFO     | job0 | place.detailed       | 0 | Group                  Internal  Switching    Leakage      Total
| INFO     | job0 | place.detailed       | 0 |                           Power      Power      Power      Power (Watts)
| INFO     | job0 | place.detailed       | 0 | ----------------------------------------------------------------
| INFO     | job0 | place.detailed       | 0 | Sequential             3.48e-03   7.48e-05   4.74e-05   3.61e-03  79.4%
| INFO     | job0 | place.detailed       | 0 | Combinational          4.02e-04   4.84e-04   5.17e-05   9.38e-04  20.6%
| INFO     | job0 | place.detailed       | 0 | Clock                  0.00e+00   0.00e+00   0.00e+00   0.00e+00   0.0%
| INFO     | job0 | place.detailed       | 0 | Macro                  0.00e+00   0.00e+00   0.00e+00   0.00e+00   0.0%
| INFO     | job0 | place.detailed       | 0 | Pad                    0.00e+00   0.00e+00   0.00e+00   0.00e+00   0.0%
| INFO     | job0 | place.detailed       | 0 | ----------------------------------------------------------------
| INFO     | job0 | place.detailed       | 0 | Total                  3.89e-03   5.59e-04   9.91e-05   4.54e-03 100.0%
| INFO     | job0 | place.detailed       | 0 |                           85.5%      12.3%       2.2%
| INFO     | job0 | place.detailed       | 0 | Power for corner: slow
| INFO     | job0 | place.detailed       | 0 | Group                  Internal  Switching    Leakage      Total
| INFO     | job0 | place.detailed       | 0 |                           Power      Power      Power      Power (Watts)
| INFO     | job0 | place.detailed       | 0 | ----------------------------------------------------------------
| INFO     | job0 | place.detailed       | 0 | Sequential             1.33e-03   3.54e-05   6.13e-10   1.37e-03  77.9%
| INFO     | job0 | place.detailed       | 0 | Combinational          1.60e-04   2.28e-04   1.34e-09   3.88e-04  22.1%
| INFO     | job0 | place.detailed       | 0 | Clock                  0.00e+00   0.00e+00   0.00e+00   0.00e+00   0.0%
| INFO     | job0 | place.detailed       | 0 | Macro                  0.00e+00   0.00e+00   0.00e+00   0.00e+00   0.0%
| INFO     | job0 | place.detailed       | 0 | Pad                    0.00e+00   0.00e+00   0.00e+00   0.00e+00   0.0%
| INFO     | job0 | place.detailed       | 0 | ----------------------------------------------------------------
| INFO     | job0 | place.detailed       | 0 | Total                  1.49e-03   2.63e-04   1.95e-09   1.75e-03 100.0%
| INFO     | job0 | place.detailed       | 0 |                           85.0%      15.0%       0.0%
| INFO     | job0 | place.detailed       | 0 | Power for corner: typical
| INFO     | job0 | place.detailed       | 0 | Group                  Internal  Switching    Leakage      Total
| INFO     | job0 | place.detailed       | 0 |                           Power      Power      Power      Power (Watts)
| INFO     | job0 | place.detailed       | 0 | ----------------------------------------------------------------
| INFO     | job0 | place.detailed       | 0 | Sequential             2.94e-03   6.25e-05   1.37e-08   3.00e-03  81.4%
| INFO     | job0 | place.detailed       | 0 | Combinational          2.84e-04   4.03e-04   1.86e-08   6.87e-04  18.6%
| INFO     | job0 | place.detailed       | 0 | Clock                  0.00e+00   0.00e+00   0.00e+00   0.00e+00   0.0%
| INFO     | job0 | place.detailed       | 0 | Macro                  0.00e+00   0.00e+00   0.00e+00   0.00e+00   0.0%
| INFO     | job0 | place.detailed       | 0 | Pad                    0.00e+00   0.00e+00   0.00e+00   0.00e+00   0.0%
| INFO     | job0 | place.detailed       | 0 | ----------------------------------------------------------------
| INFO     | job0 | place.detailed       | 0 | Total                  3.22e-03   4.65e-04   3.23e-08   3.69e-03 100.0%
| INFO     | job0 | place.detailed       | 0 |                           87.4%      12.6%       0.0%
| INFO     | job0 | place.detailed       | 0 | SC_METRIC: cellarea
| INFO     | job0 | place.detailed       | 0 | Design area 377210 u^2 39% utilization.
| INFO     | job0 | place.detailed       | 0 | Cell type report:                       Count       Area
| INFO     | job0 | place.detailed       | 0 |   Macro                                     1  284538.47
| INFO     | job0 | place.detailed       | 0 |   Tap cell                               8831   11049.35
| INFO     | job0 | place.detailed       | 0 |   Buffer                                  111     993.45
| INFO     | job0 | place.detailed       | 0 |   Timing Repair Buffer                    783    7927.60
| INFO     | job0 | place.detailed       | 0 |   Inverter                                228    1159.86
| INFO     | job0 | place.detailed       | 0 |   Sequential cell                        1574   44418.85
| INFO     | job0 | place.detailed       | 0 |   Multi-Input combinational cell         4262   38171.61
| INFO     | job0 | place.detailed       | 0 |   Total                                 15790  388259.20
| INFO     | job0 | place.detailed       | 0 | 
| INFO     | job0 | place.detailed       | 0 | Cell instance report:
| INFO     | job0 | place.detailed       | 0 |   sky130_sram_2kbyte_1rw1r_32x512_8         1  284538.47
| INFO     | job0 | place.detailed       | 0 |   sky130_fd_sc_hd__a2111oi_0                5      43.79
| INFO     | job0 | place.detailed       | 0 |   sky130_fd_sc_hd__a2111oi_1                1      10.01
| INFO     | job0 | place.detailed       | 0 |   sky130_fd_sc_hd__a211o_1                  5      43.79
| INFO     | job0 | place.detailed       | 0 |   sky130_fd_sc_hd__a211oi_1                22     165.16
| INFO     | job0 | place.detailed       | 0 |   sky130_fd_sc_hd__a21boi_0                11      82.58
| INFO     | job0 | place.detailed       | 0 |   sky130_fd_sc_hd__a21boi_1                 1       7.51
| INFO     | job0 | place.detailed       | 0 |   sky130_fd_sc_hd__a21boi_2                11     123.87
| INFO     | job0 | place.detailed       | 0 |   sky130_fd_sc_hd__a21boi_4                 1      18.77
| INFO     | job0 | place.detailed       | 0 |   sky130_fd_sc_hd__a21o_1                  61     457.94
| INFO     | job0 | place.detailed       | 0 |   sky130_fd_sc_hd__a21o_4                  19     285.27
| INFO     | job0 | place.detailed       | 0 |   sky130_fd_sc_hd__a21oi_1                265    1326.27
| INFO     | job0 | place.detailed       | 0 |   sky130_fd_sc_hd__a21oi_2                153    1340.04
| INFO     | job0 | place.detailed       | 0 |   sky130_fd_sc_hd__a221o_1                  7      70.07
| INFO     | job0 | place.detailed       | 0 |   sky130_fd_sc_hd__a221o_4                  1      21.27
| INFO     | job0 | place.detailed       | 0 |   sky130_fd_sc_hd__a221oi_1                61     534.26
| INFO     | job0 | place.detailed       | 0 |   sky130_fd_sc_hd__a222oi_1                37     370.36
| INFO     | job0 | place.detailed       | 0 |   sky130_fd_sc_hd__a22o_1                  28     245.24
| INFO     | job0 | place.detailed       | 0 |   sky130_fd_sc_hd__a22oi_1                 39     292.78
| INFO     | job0 | place.detailed       | 0 |   sky130_fd_sc_hd__a311o_1                  1      10.01
| INFO     | job0 | place.detailed       | 0 |   sky130_fd_sc_hd__a31o_1                   5      43.79
| INFO     | job0 | place.detailed       | 0 |   sky130_fd_sc_hd__a31o_4                   3      52.55
| INFO     | job0 | place.detailed       | 0 |   sky130_fd_sc_hd__a31oi_1                 74     462.94
| INFO     | job0 | place.detailed       | 0 |   sky130_fd_sc_hd__a32o_1                   8      80.08
| INFO     | job0 | place.detailed       | 0 |   sky130_fd_sc_hd__a32oi_1                  5      43.79
| INFO     | job0 | place.detailed       | 0 |   sky130_fd_sc_hd__a41oi_1                  3      26.28
| INFO     | job0 | place.detailed       | 0 |   sky130_fd_sc_hd__and2_0                  33     206.45
| INFO     | job0 | place.detailed       | 0 |   sky130_fd_sc_hd__and2_4                  17     148.89
| INFO     | job0 | place.detailed       | 0 |   sky130_fd_sc_hd__and3_1                  19     118.86
| INFO     | job0 | place.detailed       | 0 |   sky130_fd_sc_hd__and3_4                  38     427.91
| INFO     | job0 | place.detailed       | 0 |   sky130_fd_sc_hd__and3b_1                  8      70.07
| INFO     | job0 | place.detailed       | 0 |   sky130_fd_sc_hd__and4_1                   3      26.28
| INFO     | job0 | place.detailed       | 0 |   sky130_fd_sc_hd__and4_4                  27     304.04
| INFO     | job0 | place.detailed       | 0 |   sky130_fd_sc_hd__buf_1                  413    1550.24
| INFO     | job0 | place.detailed       | 0 |   sky130_fd_sc_hd__buf_12                  29     580.56
| INFO     | job0 | place.detailed       | 0 |   sky130_fd_sc_hd__buf_16                 102    2807.69
| INFO     | job0 | place.detailed       | 0 |   sky130_fd_sc_hd__buf_4                  107     803.27
| INFO     | job0 | place.detailed       | 0 |   sky130_fd_sc_hd__buf_6                  124    1396.34
| INFO     | job0 | place.detailed       | 0 |   sky130_fd_sc_hd__buf_8                  118    1771.70
| INFO     | job0 | place.detailed       | 0 |   sky130_fd_sc_hd__clkdlybuf4s15_2          1      11.26
| INFO     | job0 | place.detailed       | 0 |   sky130_fd_sc_hd__clkinv_1                44     165.16
| INFO     | job0 | place.detailed       | 0 |   sky130_fd_sc_hd__clkinv_16                8     240.23
| INFO     | job0 | place.detailed       | 0 |   sky130_fd_sc_hd__clkinv_2                 7      35.03
| INFO     | job0 | place.detailed       | 0 |   sky130_fd_sc_hd__conb_1                 149     559.29
| INFO     | job0 | place.detailed       | 0 |   sky130_fd_sc_hd__dfxtp_1                 49     980.94
| INFO     | job0 | place.detailed       | 0 |   sky130_fd_sc_hd__dfxtp_2                269    5721.74
| INFO     | job0 | place.detailed       | 0 |   sky130_fd_sc_hd__edfxtp_1              1256   37716.17
| INFO     | job0 | place.detailed       | 0 |   sky130_fd_sc_hd__fa_1                     5     100.10
| INFO     | job0 | place.detailed       | 0 |   sky130_fd_sc_hd__ha_1                   169    2114.53
| INFO     | job0 | place.detailed       | 0 |   sky130_fd_sc_hd__ha_2                    18     270.26
| INFO     | job0 | place.detailed       | 0 |   sky130_fd_sc_hd__ha_4                    12     300.29
| INFO     | job0 | place.detailed       | 0 |   sky130_fd_sc_hd__inv_1                  137     514.24
| INFO     | job0 | place.detailed       | 0 |   sky130_fd_sc_hd__inv_12                   2      32.53
| INFO     | job0 | place.detailed       | 0 |   sky130_fd_sc_hd__inv_16                   2      40.04
| INFO     | job0 | place.detailed       | 0 |   sky130_fd_sc_hd__inv_2                   23      86.33
| INFO     | job0 | place.detailed       | 0 |   sky130_fd_sc_hd__inv_4                    2      12.51
| INFO     | job0 | place.detailed       | 0 |   sky130_fd_sc_hd__inv_8                    3      33.78
| INFO     | job0 | place.detailed       | 0 |   sky130_fd_sc_hd__mux2_1                  40     450.43
| INFO     | job0 | place.detailed       | 0 |   sky130_fd_sc_hd__mux2_4                   8     120.12
| INFO     | job0 | place.detailed       | 0 |   sky130_fd_sc_hd__mux2i_1                 76     760.73
| INFO     | job0 | place.detailed       | 0 |   sky130_fd_sc_hd__mux4_2                 543   12229.23
| INFO     | job0 | place.detailed       | 0 |   sky130_fd_sc_hd__nand2_1                410    1538.98
| INFO     | job0 | place.detailed       | 0 |   sky130_fd_sc_hd__nand2_4                 89    1002.21
| INFO     | job0 | place.detailed       | 0 |   sky130_fd_sc_hd__nand2b_1                18     112.61
| INFO     | job0 | place.detailed       | 0 |   sky130_fd_sc_hd__nand3_1                 98     490.47
| INFO     | job0 | place.detailed       | 0 |   sky130_fd_sc_hd__nand3b_1                11      82.58
| INFO     | job0 | place.detailed       | 0 |   sky130_fd_sc_hd__nand4_1                 27     168.91
| INFO     | job0 | place.detailed       | 0 |   sky130_fd_sc_hd__nand4b_1                 1       8.76
| INFO     | job0 | place.detailed       | 0 |   sky130_fd_sc_hd__nor2_1                 358    1343.79
| INFO     | job0 | place.detailed       | 0 |   sky130_fd_sc_hd__nor2_2                  52     325.31
| INFO     | job0 | place.detailed       | 0 |   sky130_fd_sc_hd__nor2_4                  36     405.39
| INFO     | job0 | place.detailed       | 0 |   sky130_fd_sc_hd__nor2_8                  30     600.58
| INFO     | job0 | place.detailed       | 0 |   sky130_fd_sc_hd__nor2b_1                 15      93.84
| INFO     | job0 | place.detailed       | 0 |   sky130_fd_sc_hd__nor2b_2                  8      70.07
| INFO     | job0 | place.detailed       | 0 |   sky130_fd_sc_hd__nor2b_4                  9     123.87
| INFO     | job0 | place.detailed       | 0 |   sky130_fd_sc_hd__nor3_1                  69     345.33
| INFO     | job0 | place.detailed       | 0 |   sky130_fd_sc_hd__nor3_2                  13     130.12
| INFO     | job0 | place.detailed       | 0 |   sky130_fd_sc_hd__nor3_4                   7     113.86
| INFO     | job0 | place.detailed       | 0 |   sky130_fd_sc_hd__nor3b_1                 30     225.22
| INFO     | job0 | place.detailed       | 0 |   sky130_fd_sc_hd__nor3b_2                  4      50.05
| INFO     | job0 | place.detailed       | 0 |   sky130_fd_sc_hd__nor4_1                  21     131.38
| INFO     | job0 | place.detailed       | 0 |   sky130_fd_sc_hd__nor4_2                  14     175.17
| INFO     | job0 | place.detailed       | 0 |   sky130_fd_sc_hd__nor4b_1                  3      26.28
| INFO     | job0 | place.detailed       | 0 |   sky130_fd_sc_hd__o2111a_1                 1      11.26
| INFO     | job0 | place.detailed       | 0 |   sky130_fd_sc_hd__o2111ai_2                1      15.01
| INFO     | job0 | place.detailed       | 0 |   sky130_fd_sc_hd__o211a_1                  2      20.02
| INFO     | job0 | place.detailed       | 0 |   sky130_fd_sc_hd__o211ai_1                17     127.62
| INFO     | job0 | place.detailed       | 0 |   sky130_fd_sc_hd__o21a_1                  55     412.90
| INFO     | job0 | place.detailed       | 0 |   sky130_fd_sc_hd__o21ai_0                527    2637.53
| INFO     | job0 | place.detailed       | 0 |   sky130_fd_sc_hd__o21ai_4                  3      48.80
| INFO     | job0 | place.detailed       | 0 |   sky130_fd_sc_hd__o21bai_1                21     157.65
| INFO     | job0 | place.detailed       | 0 |   sky130_fd_sc_hd__o21bai_2                 9     101.35
| INFO     | job0 | place.detailed       | 0 |   sky130_fd_sc_hd__o21bai_4                 5      93.84
| INFO     | job0 | place.detailed       | 0 |   sky130_fd_sc_hd__o221a_1                  1      11.26
| INFO     | job0 | place.detailed       | 0 |   sky130_fd_sc_hd__o221ai_1                18     157.65
| INFO     | job0 | place.detailed       | 0 |   sky130_fd_sc_hd__o221ai_2                 4      60.06
| INFO     | job0 | place.detailed       | 0 |   sky130_fd_sc_hd__o22a_1                   2      17.52
| INFO     | job0 | place.detailed       | 0 |   sky130_fd_sc_hd__o22ai_1                 28     175.17
| INFO     | job0 | place.detailed       | 0 |   sky130_fd_sc_hd__o22ai_2                  6      75.07
| INFO     | job0 | place.detailed       | 0 |   sky130_fd_sc_hd__o2bb2ai_1                1       8.76
| INFO     | job0 | place.detailed       | 0 |   sky130_fd_sc_hd__o311a_1                  1      10.01
| INFO     | job0 | place.detailed       | 0 |   sky130_fd_sc_hd__o311ai_0                14     122.62
| INFO     | job0 | place.detailed       | 0 |   sky130_fd_sc_hd__o31a_1                   1       8.76
| INFO     | job0 | place.detailed       | 0 |   sky130_fd_sc_hd__o31ai_1                 41     307.80
| INFO     | job0 | place.detailed       | 0 |   sky130_fd_sc_hd__o32a_1                   1      10.01
| INFO     | job0 | place.detailed       | 0 |   sky130_fd_sc_hd__o32ai_1                  5      43.79
| INFO     | job0 | place.detailed       | 0 |   sky130_fd_sc_hd__or2_0                    2      12.51
| INFO     | job0 | place.detailed       | 0 |   sky130_fd_sc_hd__or2_4                   14     122.62
| INFO     | job0 | place.detailed       | 0 |   sky130_fd_sc_hd__or3_1                   27     168.91
| INFO     | job0 | place.detailed       | 0 |   sky130_fd_sc_hd__or3_4                   18     202.69
| INFO     | job0 | place.detailed       | 0 |   sky130_fd_sc_hd__or3b_1                   1       8.76
| INFO     | job0 | place.detailed       | 0 |   sky130_fd_sc_hd__or3b_4                   4      45.04
| INFO     | job0 | place.detailed       | 0 |   sky130_fd_sc_hd__or4_1                    4      30.03
| INFO     | job0 | place.detailed       | 0 |   sky130_fd_sc_hd__or4_4                    8      90.09
| INFO     | job0 | place.detailed       | 0 |   sky130_fd_sc_hd__or4bb_4                  1      15.01
| INFO     | job0 | place.detailed       | 0 |   sky130_fd_sc_hd__tapvpwrvgnd_1         8831   11049.35
| INFO     | job0 | place.detailed       | 0 |   sky130_fd_sc_hd__xnor2_1                 86     753.22
| INFO     | job0 | place.detailed       | 0 |   sky130_fd_sc_hd__xor2_1                  18     157.65
| INFO     | job0 | place.detailed       | 0 | utl::pop_metrics_stage
| INFO     | job0 | place.detailed       | 0 | # Images
| INFO     | job0 | place.detailed       | 0 | utl::push_metrics_stage "sc__image__{}"
| INFO     | job0 | place.detailed       | 0 | if {
| INFO     | job0 | place.detailed       | 0 |     [sc_has_gui] &&
| INFO     | job0 | place.detailed       | 0 |     [lindex [sc_cfg_tool_task_get var ord_enable_images] 0] == "true"
| INFO     | job0 | place.detailed       | 0 | } {
| INFO     | job0 | place.detailed       | 0 |     if { [gui::enabled] } {
| INFO     | job0 | place.detailed       | 0 |         source "$sc_refdir/common/write_images.tcl"
| INFO     | job0 | place.detailed       | 0 |     } else {
| INFO     | job0 | place.detailed       | 0 |         gui::show "source \"$sc_refdir/common/write_images.tcl\"" false
| INFO     | job0 | place.detailed       | 0 |     }
| INFO     | job0 | place.detailed       | 0 | }
| INFO     | job0 | place.detailed       | 0 | [WARNING GUI-0076] QStandardPaths: XDG_RUNTIME_DIR not set, defaulting to '/tmp/runtime-www-data'
| INFO     | job0 | place.detailed       | 0 | [INFO FLW-0001] Saving "snapshot" to reports/images/picorv32_top.png
| INFO     | job0 | place.detailed       | 0 | [INFO FLW-0001] Saving "placement" to reports/images/picorv32_top.placement.png
| INFO     | job0 | place.detailed       | 0 | [INFO FLW-0001] Saving setup timing histogram to reports/images/timing/setup.histogram.png
| INFO     | job0 | place.detailed       | 0 | [INFO FLW-0001] Saving "placement density heatmap" to reports/images/heatmap/placement_density.png
| INFO     | job0 | place.detailed       | 0 | [INFO FLW-0001] Saving "estimated routing congestion heatmap" to reports/images/heatmap/estimated_routing_congestion.png
| INFO     | job0 | place.detailed       | 0 | [INFO FLW-0001] Saving "power density for fast heatmap" to reports/images/heatmap/power_density/fast.png
| INFO     | job0 | place.detailed       | 0 | [INFO FLW-0001] Saving "power density for slow heatmap" to reports/images/heatmap/power_density/slow.png
| INFO     | job0 | place.detailed       | 0 | [INFO FLW-0001] Saving "power density for typical heatmap" to reports/images/heatmap/power_density/typical.png
| INFO     | job0 | place.detailed       | 0 | [INFO FLW-0001] Saving "optimizer" to reports/images/picorv32_top.optimizer.png
| INFO     | job0 | place.detailed       | 0 | utl::pop_metrics_stage
| WARNING  | job0 | place.detailed       | 0 | 789: [WARNING GUI-0076] QStandardPaths: XDG_RUNTIME_DIR not set, defaulting to '/tmp/runtime-www-data'
| INFO     | job0 | place.detailed       | 0 | Number of errors: 0
| INFO     | job0 | place.detailed       | 0 | Number of warnings: 1
| INFO     | job0 | place.detailed       | 0 | Finished task in 28.55s
| INFO     | job0 | place.detailed       | 0 | Archiving place.detailed0...
