[-14.324, -12.472): * (7)
[-12.472, -10.621): * (1)
[-10.621, -8.769): * (1)
[-8.769, -6.918): * (2)
[-6.918, -5.067): * (6)
[-5.067, -3.215): * (6)
[-3.215, -1.364): * (12)
[-1.364,  0.487): * (10)
[ 0.487,  2.339): * (14)
[ 2.339,  4.190): ** (29)
[ 4.190,  6.042): ** (40)
[ 6.042,  7.893): *************** (253)
[ 7.893,  9.744): ************************* (423)
[ 9.744, 11.596): ************************************************** (838)
[11.596, 13.447): ************************** (431)
[13.447, 15.298): ******************** (338)
[15.298, 17.150): ********** (171)
[17.150, 19.001): ***** (82)
[19.001, 20.852): ****** (94)
[20.852, 22.704]: * (8)
