Startpoint: mem_la_wdata[3]$_DFFE_PP_
            (rising edge-triggered flip-flop clocked by clk0)
Endpoint: rv32_soc/latched_branch$_SDFFE_PN0P_
          (rising edge-triggered flip-flop clocked by clk0)
Path Group: clk0
Path Type: max
Corner: slow

Fanout     Cap    Slew   Delay    Time   Description
-----------------------------------------------------------------------------
                  0.00    0.00    0.00   clock clk0 (rise edge)
                          0.00    0.00   clock network delay (ideal)
                  0.00    0.00    0.00 ^ mem_la_wdata[3]$_DFFE_PP_/CLK (sky130_fd_sc_hd__edfxtp_1)
     6    0.11    3.38    3.38    3.38 ^ mem_la_wdata[3]$_DFFE_PP_/Q (sky130_fd_sc_hd__edfxtp_1)
                                         mem_la_wdata[3] (net)
                  3.38    0.01    3.39 ^ _7532_/A (sky130_fd_sc_hd__clkinv_1)
     3    0.01    0.60    1.77    5.15 v _7532_/Y (sky130_fd_sc_hd__clkinv_1)
                                         _4407_ (net)
                  0.60    0.00    5.15 v _9379_/A (sky130_fd_sc_hd__ha_1)
     8    0.03    0.90    1.99    7.14 ^ _9379_/SUM (sky130_fd_sc_hd__ha_1)
                                         _4410_ (net)
                  0.90    0.00    7.14 ^ _7420_/C (sky130_fd_sc_hd__nor3_1)
     1    0.01    0.17    0.50    7.65 v _7420_/Y (sky130_fd_sc_hd__nor3_1)
                                         _2789_ (net)
                  0.17    0.00    7.65 v _7422_/B (sky130_fd_sc_hd__nor3_1)
     2    0.01    1.38    1.36    9.01 ^ _7422_/Y (sky130_fd_sc_hd__nor3_1)
                                         _2791_ (net)
                  1.38    0.00    9.01 ^ _7423_/C (sky130_fd_sc_hd__nor3_1)
     1    0.00    0.22    0.65    9.66 v _7423_/Y (sky130_fd_sc_hd__nor3_1)
                                         _2792_ (net)
                  0.22    0.00    9.66 v _7425_/B (sky130_fd_sc_hd__nor3_1)
     2    0.01    1.64    1.60   11.26 ^ _7425_/Y (sky130_fd_sc_hd__nor3_1)
                                         _2794_ (net)
                  1.64    0.00   11.26 ^ _7426_/B (sky130_fd_sc_hd__nor2_1)
     1    0.00    0.24    0.71   11.97 v _7426_/Y (sky130_fd_sc_hd__nor2_1)
                                         _2795_ (net)
                  0.24    0.00   11.97 v _7427_/B (sky130_fd_sc_hd__nor2_1)
     1    0.01    0.55    0.61   12.58 ^ _7427_/Y (sky130_fd_sc_hd__nor2_1)
                                         _2796_ (net)
                  0.55    0.00   12.58 ^ _7428_/A2 (sky130_fd_sc_hd__o21bai_2)
     2    0.01    0.15    0.38   12.95 v _7428_/Y (sky130_fd_sc_hd__o21bai_2)
                                         _2797_ (net)
                  0.15    0.00   12.95 v _7431_/B1 (sky130_fd_sc_hd__a221oi_1)
     2    0.01    1.81    1.71   14.67 ^ _7431_/Y (sky130_fd_sc_hd__a221oi_1)
                                         _2800_ (net)
                  1.81    0.00   14.67 ^ _7434_/A3 (sky130_fd_sc_hd__o31ai_1)
     2    0.01    0.27    0.93   15.60 v _7434_/Y (sky130_fd_sc_hd__o31ai_1)
                                         _2803_ (net)
                  0.27    0.00   15.60 v _7435_/A2 (sky130_fd_sc_hd__a21oi_1)
     1    0.01    0.62    0.80   16.40 ^ _7435_/Y (sky130_fd_sc_hd__a21oi_1)
                                         _2804_ (net)
                  0.62    0.00   16.40 ^ _7436_/B1 (sky130_fd_sc_hd__o21ai_0)
     2    0.01    0.40    0.66   17.05 v _7436_/Y (sky130_fd_sc_hd__o21ai_0)
                                         _2805_ (net)
                  0.40    0.00   17.05 v _7437_/B2 (sky130_fd_sc_hd__a221oi_1)
     2    0.02    2.31    2.45   19.51 ^ _7437_/Y (sky130_fd_sc_hd__a221oi_1)
                                         _2806_ (net)
                  2.31    0.00   19.51 ^ _7440_/A3 (sky130_fd_sc_hd__o31ai_1)
     2    0.01    0.34    1.17   20.68 v _7440_/Y (sky130_fd_sc_hd__o31ai_1)
                                         _2809_ (net)
                  0.34    0.00   20.68 v _7441_/B2 (sky130_fd_sc_hd__a221oi_1)
     2    0.01    1.25    1.53   22.21 ^ _7441_/Y (sky130_fd_sc_hd__a221oi_1)
                                         _2810_ (net)
                  1.25    0.00   22.21 ^ _7442_/C (sky130_fd_sc_hd__nor3_1)
     1    0.00    0.20    0.60   22.82 v _7442_/Y (sky130_fd_sc_hd__nor3_1)
                                         _2811_ (net)
                  0.20    0.00   22.82 v _7443_/C (sky130_fd_sc_hd__nor3_1)
     2    0.01    1.05    1.00   23.82 ^ _7443_/Y (sky130_fd_sc_hd__nor3_1)
                                         _2812_ (net)
                  1.05    0.00   23.82 ^ _7446_/A3 (sky130_fd_sc_hd__o31ai_1)
     2    0.01    0.19    0.64   24.46 v _7446_/Y (sky130_fd_sc_hd__o31ai_1)
                                         _2815_ (net)
                  0.19    0.00   24.46 v _7448_/B1 (sky130_fd_sc_hd__a221o_1)
     2    0.01    0.17    1.34   25.80 v _7448_/X (sky130_fd_sc_hd__a221o_1)
                                         _2817_ (net)
                  0.17    0.00   25.80 v _7449_/B2 (sky130_fd_sc_hd__a221oi_1)
     3    0.01    1.99    2.02   27.82 ^ _7449_/Y (sky130_fd_sc_hd__a221oi_1)
                                         _2818_ (net)
                  1.99    0.00   27.82 ^ _7454_/A2 (sky130_fd_sc_hd__o21ai_0)
     1    0.00    0.25    0.98   28.81 v _7454_/Y (sky130_fd_sc_hd__o21ai_0)
                                         _2823_ (net)
                  0.25    0.00   28.81 v _7456_/A2 (sky130_fd_sc_hd__o21ai_0)
     3    0.04    4.60    3.80   32.61 ^ _7456_/Y (sky130_fd_sc_hd__o21ai_0)
                                         _2825_ (net)
                  4.60    0.00   32.61 ^ _7472_/A2 (sky130_fd_sc_hd__o21ai_0)
     1    0.01    0.59    2.10   34.71 v _7472_/Y (sky130_fd_sc_hd__o21ai_0)
                                         _2841_ (net)
                  0.59    0.00   34.71 v _7473_/S (sky130_fd_sc_hd__mux2i_1)
     1    0.01    1.28    1.34   36.05 ^ _7473_/Y (sky130_fd_sc_hd__mux2i_1)
                                         _2842_ (net)
                  1.28    0.00   36.05 ^ _7474_/B (sky130_fd_sc_hd__nand2_4)
     3    0.01    0.16    0.62   36.67 v _7474_/Y (sky130_fd_sc_hd__nand2_4)
                                         _2843_ (net)
                  0.16    0.00   36.67 v _8523_/A2 (sky130_fd_sc_hd__a21oi_2)
     2    0.01    0.55    0.71   37.38 ^ _8523_/Y (sky130_fd_sc_hd__a21oi_2)
                                         _3618_ (net)
                  0.55    0.00   37.38 ^ _8533_/A1 (sky130_fd_sc_hd__o21ai_0)
     1    0.01    0.25    0.49   37.88 v _8533_/Y (sky130_fd_sc_hd__o21ai_0)
                                         _3626_ (net)
                  0.25    0.00   37.88 v _8534_/B1 (sky130_fd_sc_hd__o311a_1)
     1    0.00    0.18    0.56   38.44 v _8534_/X (sky130_fd_sc_hd__o311a_1)
                                         _0342_ (net)
                  0.18    0.00   38.44 v rv32_soc/latched_branch$_SDFFE_PN0P_/D (sky130_fd_sc_hd__dfxtp_2)
                                 38.44   data arrival time

                  0.00   25.00   25.00   clock clk0 (rise edge)
                          0.00   25.00   clock network delay (ideal)
                          0.00   25.00   clock reconvergence pessimism
                                 25.00 ^ rv32_soc/latched_branch$_SDFFE_PN0P_/CLK (sky130_fd_sc_hd__dfxtp_2)
                         -0.89   24.11   library setup time
                                 24.11   data required time
-----------------------------------------------------------------------------
                                 24.11   data required time
                                -38.44   data arrival time
-----------------------------------------------------------------------------
                                -14.32   slack (VIOLATED)


