max slew

Pin                                    Limit    Slew   Slack
------------------------------------------------------------
_9157_/Y                                9.99   13.85   -3.86 (VIOLATED)
_9233_/B                               10.00   13.85   -3.85 (VIOLATED)
_9266_/A                               10.00   13.85   -3.85 (VIOLATED)
_9267_/A2                              10.00   13.85   -3.85 (VIOLATED)
_9251_/A                               10.00   13.85   -3.85 (VIOLATED)
_9252_/A2                              10.00   13.85   -3.85 (VIOLATED)
_9238_/A                               10.00   13.85   -3.85 (VIOLATED)
_9239_/A2                              10.00   13.85   -3.85 (VIOLATED)
_9255_/A                               10.00   13.85   -3.85 (VIOLATED)
_9256_/A2                              10.00   13.85   -3.85 (VIOLATED)
_9261_/A                               10.00   13.85   -3.85 (VIOLATED)
_9262_/A2                              10.00   13.85   -3.85 (VIOLATED)
_9242_/A                               10.00   13.85   -3.85 (VIOLATED)
_9243_/A2                              10.00   13.85   -3.85 (VIOLATED)
_9234_/A1                              10.00   13.85   -3.85 (VIOLATED)
_9221_/A                               10.00   13.85   -3.85 (VIOLATED)
_9222_/A2                              10.00   13.85   -3.85 (VIOLATED)
_9229_/A                               10.00   13.85   -3.85 (VIOLATED)
_9230_/A2                              10.00   13.85   -3.85 (VIOLATED)
_9225_/A                               10.00   13.85   -3.85 (VIOLATED)
_9217_/A                               10.00   13.85   -3.85 (VIOLATED)
_9199_/A                               10.00   13.85   -3.85 (VIOLATED)
_9200_/A2                              10.00   13.85   -3.85 (VIOLATED)
_9203_/A                               10.00   13.85   -3.85 (VIOLATED)
_9204_/A2                              10.00   13.85   -3.85 (VIOLATED)
_9195_/A                               10.00   13.85   -3.85 (VIOLATED)
_9186_/A                               10.00   13.85   -3.85 (VIOLATED)
_9182_/A                               10.00   13.85   -3.85 (VIOLATED)
_9183_/A2                              10.00   13.85   -3.85 (VIOLATED)
_9178_/A                               10.00   13.85   -3.85 (VIOLATED)
_9173_/A                               10.00   13.85   -3.85 (VIOLATED)
_9174_/A2                              10.00   13.85   -3.85 (VIOLATED)
_9163_/A                               10.00   13.85   -3.85 (VIOLATED)
_9257_/S                               10.00   13.85   -3.85 (VIOLATED)
_9271_/A                               10.00   13.85   -3.85 (VIOLATED)
_9272_/A2                              10.00   13.85   -3.85 (VIOLATED)
_9274_/A                               10.00   13.85   -3.85 (VIOLATED)
_9277_/A                               10.00   13.85   -3.85 (VIOLATED)
_9280_/A                               10.00   13.85   -3.85 (VIOLATED)
_9283_/A                               10.00   13.85   -3.85 (VIOLATED)
_9286_/A                               10.00   13.85   -3.85 (VIOLATED)
_8729_/B                                1.50    3.51   -2.01 (VIOLATED)
_8730_/A1                               1.50    3.51   -2.01 (VIOLATED)
_8742_/A1                               1.50    3.51   -2.01 (VIOLATED)
_8732_/B                                1.50    3.51   -2.01 (VIOLATED)
_8733_/A1                               1.50    3.51   -2.01 (VIOLATED)
_8744_/B                                1.50    3.51   -2.01 (VIOLATED)
_8745_/A1                               1.50    3.51   -2.01 (VIOLATED)
_8726_/B                                1.50    3.51   -2.01 (VIOLATED)
_8727_/A1                               1.50    3.51   -2.01 (VIOLATED)
_8723_/B                                1.50    3.51   -2.01 (VIOLATED)
_8741_/B                                1.50    3.51   -2.01 (VIOLATED)
_8724_/A1                               1.50    3.51   -2.01 (VIOLATED)
_8721_/A1                               1.50    3.51   -2.01 (VIOLATED)
_8720_/B                                1.50    3.51   -2.01 (VIOLATED)
_8717_/B                                1.50    3.51   -2.01 (VIOLATED)
_8718_/A1                               1.50    3.51   -2.01 (VIOLATED)
_8714_/B                                1.50    3.51   -2.01 (VIOLATED)
_8715_/A1                               1.50    3.51   -2.01 (VIOLATED)
_8711_/B                                1.50    3.51   -2.01 (VIOLATED)
_8712_/A1                               1.50    3.51   -2.01 (VIOLATED)
_8708_/B                                1.50    3.51   -2.01 (VIOLATED)
_8709_/A1                               1.50    3.51   -2.01 (VIOLATED)
_8705_/B                                1.50    3.51   -2.01 (VIOLATED)
_8706_/A1                               1.50    3.51   -2.01 (VIOLATED)
_8699_/B                                1.50    3.51   -2.01 (VIOLATED)
_8700_/A1                               1.50    3.51   -2.01 (VIOLATED)
_8696_/B                                1.50    3.51   -2.01 (VIOLATED)
_8697_/A1                               1.50    3.51   -2.01 (VIOLATED)
_8693_/B                                1.50    3.51   -2.01 (VIOLATED)
_8694_/A1                               1.50    3.51   -2.01 (VIOLATED)
_8690_/B                                1.50    3.51   -2.01 (VIOLATED)
_8691_/A1                               1.50    3.51   -2.01 (VIOLATED)
_8688_/A1                               1.50    3.51   -2.01 (VIOLATED)
_8687_/B                                1.50    3.51   -2.01 (VIOLATED)
_8684_/B                                1.50    3.51   -2.01 (VIOLATED)
_8685_/A1                               1.50    3.51   -2.01 (VIOLATED)
_8682_/A1                               1.50    3.51   -2.01 (VIOLATED)
_8681_/B                                1.50    3.51   -2.01 (VIOLATED)
_8678_/B                                1.50    3.51   -2.01 (VIOLATED)
_8679_/A1                               1.50    3.51   -2.01 (VIOLATED)
_8676_/A1                               1.50    3.51   -2.01 (VIOLATED)
_8673_/A1                               1.50    3.51   -2.01 (VIOLATED)
_8675_/B                                1.50    3.51   -2.01 (VIOLATED)
_8672_/B                                1.50    3.51   -2.01 (VIOLATED)
_8765_/B                                1.50    3.51   -2.01 (VIOLATED)
_8766_/A1                               1.50    3.51   -2.01 (VIOLATED)
_8762_/B                                1.50    3.51   -2.01 (VIOLATED)
_8763_/A1                               1.50    3.51   -2.01 (VIOLATED)
_8759_/B                                1.50    3.51   -2.01 (VIOLATED)
_8760_/A1                               1.50    3.51   -2.01 (VIOLATED)
_8757_/A1                               1.50    3.51   -2.01 (VIOLATED)
_8756_/B                                1.50    3.51   -2.01 (VIOLATED)
_8753_/B                                1.50    3.51   -2.01 (VIOLATED)
_8754_/A1                               1.50    3.51   -2.01 (VIOLATED)
_8750_/B                                1.50    3.51   -2.01 (VIOLATED)
_8751_/A1                               1.50    3.51   -2.01 (VIOLATED)
_8747_/B                                1.50    3.51   -2.01 (VIOLATED)
_8748_/A1                               1.50    3.51   -2.01 (VIOLATED)
_8738_/B                                1.50    3.51   -2.01 (VIOLATED)
_8739_/A1                               1.50    3.51   -2.01 (VIOLATED)
_4874_/B                                1.50    3.51   -2.01 (VIOLATED)
_4872_/X                                1.50    3.51   -2.01 (VIOLATED)
pcpi_rs2[25]$_DFFE_PP_/DE               1.50    3.21   -1.71 (VIOLATED)
pcpi_rs2[26]$_DFFE_PP_/DE               1.50    3.21   -1.71 (VIOLATED)
pcpi_rs2[27]$_DFFE_PP_/DE               1.50    3.21   -1.71 (VIOLATED)
pcpi_rs2[30]$_DFFE_PP_/DE               1.50    3.21   -1.71 (VIOLATED)
pcpi_rs2[18]$_DFFE_PP_/DE               1.50    3.21   -1.71 (VIOLATED)
pcpi_rs2[24]$_DFFE_PP_/DE               1.50    3.21   -1.71 (VIOLATED)
pcpi_rs2[21]$_DFFE_PP_/DE               1.50    3.21   -1.71 (VIOLATED)
pcpi_rs2[22]$_DFFE_PP_/DE               1.50    3.21   -1.71 (VIOLATED)
pcpi_rs2[31]$_DFFE_PP_/DE               1.50    3.21   -1.71 (VIOLATED)
pcpi_rs2[28]$_DFFE_PP_/DE               1.50    3.21   -1.71 (VIOLATED)
pcpi_rs2[29]$_DFFE_PP_/DE               1.50    3.21   -1.71 (VIOLATED)
pcpi_rs2[14]$_DFFE_PP_/DE               1.50    3.21   -1.71 (VIOLATED)
pcpi_rs2[23]$_DFFE_PP_/DE               1.50    3.21   -1.71 (VIOLATED)
pcpi_rs2[20]$_DFFE_PP_/DE               1.50    3.21   -1.71 (VIOLATED)
pcpi_rs2[12]$_DFFE_PP_/DE               1.50    3.21   -1.71 (VIOLATED)
pcpi_rs2[17]$_DFFE_PP_/DE               1.50    3.21   -1.71 (VIOLATED)
pcpi_rs2[19]$_DFFE_PP_/DE               1.50    3.21   -1.71 (VIOLATED)
_4793_/X                                1.50    3.21   -1.71 (VIOLATED)
pcpi_rs2[15]$_DFFE_PP_/DE               1.50    3.21   -1.71 (VIOLATED)
pcpi_rs2[13]$_DFFE_PP_/DE               1.50    3.21   -1.71 (VIOLATED)
pcpi_rs2[10]$_DFFE_PP_/DE               1.50    3.21   -1.71 (VIOLATED)
mem_la_wdata[5]$_DFFE_PP_/DE            1.50    3.21   -1.71 (VIOLATED)
pcpi_rs2[11]$_DFFE_PP_/DE               1.50    3.21   -1.71 (VIOLATED)
mem_la_wdata[6]$_DFFE_PP_/DE            1.50    3.21   -1.71 (VIOLATED)
mem_la_wdata[2]$_DFFE_PP_/DE            1.50    3.21   -1.71 (VIOLATED)
mem_la_wdata[7]$_DFFE_PP_/DE            1.50    3.21   -1.71 (VIOLATED)
pcpi_rs2[16]$_DFFE_PP_/DE               1.50    3.21   -1.71 (VIOLATED)
mem_la_wdata[3]$_DFFE_PP_/DE            1.50    3.21   -1.71 (VIOLATED)
mem_la_wdata[4]$_DFFE_PP_/DE            1.50    3.21   -1.71 (VIOLATED)
pcpi_rs2[8]$_DFFE_PP_/DE                1.50    3.21   -1.71 (VIOLATED)
pcpi_rs2[9]$_DFFE_PP_/DE                1.50    3.21   -1.71 (VIOLATED)
mem_la_wdata[0]$_DFFE_PP_/DE            1.50    3.21   -1.71 (VIOLATED)
mem_la_wdata[1]$_DFFE_PP_/DE            1.50    3.21   -1.71 (VIOLATED)
_4786_/Y                                1.49    2.85   -1.36 (VIOLATED)
_6658_/S                                1.50    2.85   -1.35 (VIOLATED)
_6660_/S                                1.50    2.85   -1.35 (VIOLATED)
_6654_/S                                1.50    2.85   -1.35 (VIOLATED)
rv32_soc/mem_rdata_q[18]$_DFFE_PP_/DE    1.50    2.85   -1.35 (VIOLATED)
rv32_soc/mem_rdata_q[16]$_DFFE_PP_/DE    1.50    2.85   -1.35 (VIOLATED)
rv32_soc/mem_rdata_q[17]$_DFFE_PP_/DE    1.50    2.85   -1.35 (VIOLATED)
rv32_soc/mem_rdata_q[19]$_DFFE_PP_/DE    1.50    2.85   -1.35 (VIOLATED)
_6656_/S                                1.50    2.85   -1.35 (VIOLATED)
_5033_/S                                1.50    2.85   -1.35 (VIOLATED)
_6651_/S                                1.50    2.85   -1.35 (VIOLATED)
_5035_/S                                1.50    2.85   -1.35 (VIOLATED)
rv32_soc/mem_rdata_q[15]$_DFFE_PP_/DE    1.50    2.85   -1.35 (VIOLATED)
_6662_/S                                1.50    2.85   -1.35 (VIOLATED)
_5034_/S                                1.50    2.85   -1.35 (VIOLATED)
rv32_soc/mem_rdata_q[12]$_DFFE_PP_/DE    1.50    2.85   -1.35 (VIOLATED)
rv32_soc/mem_rdata_q[30]$_DFFE_PP_/DE    1.50    2.85   -1.35 (VIOLATED)
rv32_soc/mem_rdata_q[28]$_DFFE_PP_/DE    1.50    2.85   -1.35 (VIOLATED)
rv32_soc/mem_rdata_q[20]$_DFFE_PP_/DE    1.50    2.85   -1.35 (VIOLATED)
_9295_/S                                1.50    2.85   -1.35 (VIOLATED)
rv32_soc/mem_rdata_q[11]$_DFFE_PP_/DE    1.50    2.85   -1.35 (VIOLATED)
rv32_soc/mem_rdata_q[21]$_DFFE_PP_/DE    1.50    2.85   -1.35 (VIOLATED)
_9289_/S                                1.50    2.85   -1.35 (VIOLATED)
rv32_soc/mem_rdata_q[9]$_DFFE_PP_/DE    1.50    2.85   -1.35 (VIOLATED)
rv32_soc/mem_rdata_q[23]$_DFFE_PP_/DE    1.50    2.85   -1.35 (VIOLATED)
_9299_/S                                1.50    2.85   -1.35 (VIOLATED)
rv32_soc/mem_rdata_q[24]$_DFFE_PP_/DE    1.50    2.85   -1.35 (VIOLATED)
_6668_/S                                1.50    2.85   -1.35 (VIOLATED)
_9293_/S                                1.50    2.85   -1.35 (VIOLATED)
rv32_soc/mem_rdata_q[22]$_DFFE_PP_/DE    1.50    2.85   -1.35 (VIOLATED)
_6670_/S                                1.50    2.85   -1.35 (VIOLATED)
rv32_soc/mem_rdata_q[10]$_DFFE_PP_/DE    1.50    2.85   -1.35 (VIOLATED)
_9294_/S                                1.50    2.85   -1.35 (VIOLATED)
_9288_/S                                1.50    2.85   -1.35 (VIOLATED)
rv32_soc/mem_rdata_q[29]$_DFFE_PP_/DE    1.50    2.85   -1.35 (VIOLATED)
_9296_/S                                1.50    2.85   -1.35 (VIOLATED)
rv32_soc/mem_rdata_q[31]$_DFFE_PP_/DE    1.50    2.85   -1.35 (VIOLATED)
_9297_/S                                1.50    2.85   -1.35 (VIOLATED)
rv32_soc/mem_rdata_q[7]$_DFFE_PP_/DE    1.50    2.85   -1.35 (VIOLATED)
rv32_soc/mem_rdata_q[13]$_DFFE_PP_/DE    1.50    2.85   -1.35 (VIOLATED)
rv32_soc/mem_rdata_q[8]$_DFFE_PP_/DE    1.50    2.85   -1.35 (VIOLATED)
rv32_soc/mem_rdata_q[26]$_DFFE_PP_/DE    1.50    2.85   -1.35 (VIOLATED)
rv32_soc/mem_rdata_q[27]$_DFFE_PP_/DE    1.50    2.85   -1.35 (VIOLATED)
rv32_soc/mem_rdata_q[25]$_DFFE_PP_/DE    1.50    2.85   -1.35 (VIOLATED)
_6664_/S                                1.50    2.85   -1.35 (VIOLATED)
_9292_/S                                1.50    2.85   -1.35 (VIOLATED)
_9291_/S                                1.50    2.85   -1.35 (VIOLATED)
_9290_/S                                1.50    2.85   -1.35 (VIOLATED)
_9298_/S                                1.50    2.85   -1.35 (VIOLATED)
_6666_/S                                1.50    2.85   -1.35 (VIOLATED)
rv32_soc/mem_rdata_q[14]$_DFFE_PP_/DE    1.50    2.85   -1.35 (VIOLATED)
rv32_soc/mem_rdata_q[1]$_DFFE_PP_/DE    1.50    2.85   -1.35 (VIOLATED)
rv32_soc/mem_rdata_q[2]$_DFFE_PP_/DE    1.50    2.85   -1.35 (VIOLATED)
rv32_soc/mem_rdata_q[3]$_DFFE_PP_/DE    1.50    2.85   -1.35 (VIOLATED)
rv32_soc/mem_rdata_q[5]$_DFFE_PP_/DE    1.50    2.85   -1.35 (VIOLATED)
rv32_soc/mem_rdata_q[4]$_DFFE_PP_/DE    1.50    2.85   -1.35 (VIOLATED)
rv32_soc/mem_rdata_q[0]$_DFFE_PP_/DE    1.50    2.85   -1.35 (VIOLATED)
rv32_soc/mem_rdata_q[6]$_DFFE_PP_/DE    1.50    2.85   -1.35 (VIOLATED)
_4969_/S                                1.50    2.85   -1.35 (VIOLATED)
_4970_/S                                1.50    2.85   -1.35 (VIOLATED)
_4961_/S                                1.50    2.85   -1.35 (VIOLATED)
_4964_/S                                1.50    2.85   -1.35 (VIOLATED)
_4976_/S                                1.50    2.85   -1.35 (VIOLATED)
_4963_/S                                1.50    2.85   -1.35 (VIOLATED)
_4949_/A2                               1.50    2.85   -1.35 (VIOLATED)
_6683_/Y                                1.48    2.06   -0.57 (VIOLATED)
load_slew10/A                           1.50    2.06   -0.56 (VIOLATED)
_6680_/Y                                1.48    2.03   -0.55 (VIOLATED)
load_slew11/A                           1.50    2.03   -0.53 (VIOLATED)
_9156_/Y                                1.49    1.98   -0.49 (VIOLATED)
rv32_soc/cpuregs[19][0]$_DFFE_PP_/D     1.50    1.98   -0.48 (VIOLATED)
rv32_soc/cpuregs[22][0]$_DFFE_PP_/D     1.50    1.98   -0.48 (VIOLATED)
rv32_soc/cpuregs[18][0]$_DFFE_PP_/D     1.50    1.98   -0.48 (VIOLATED)
rv32_soc/cpuregs[23][0]$_DFFE_PP_/D     1.50    1.98   -0.48 (VIOLATED)
rv32_soc/cpuregs[21][0]$_DFFE_PP_/D     1.50    1.98   -0.48 (VIOLATED)
rv32_soc/cpuregs[20][0]$_DFFE_PP_/D     1.50    1.98   -0.48 (VIOLATED)
rv32_soc/cpuregs[17][0]$_DFFE_PP_/D     1.50    1.98   -0.48 (VIOLATED)
rv32_soc/cpuregs[16][0]$_DFFE_PP_/D     1.50    1.98   -0.48 (VIOLATED)
rv32_soc/cpuregs[12][0]$_DFFE_PP_/D     1.50    1.98   -0.48 (VIOLATED)
rv32_soc/cpuregs[13][0]$_DFFE_PP_/D     1.50    1.98   -0.48 (VIOLATED)
rv32_soc/cpuregs[2][0]$_DFFE_PP_/D      1.50    1.98   -0.48 (VIOLATED)
rv32_soc/cpuregs[3][0]$_DFFE_PP_/D      1.50    1.98   -0.48 (VIOLATED)
rv32_soc/cpuregs[6][0]$_DFFE_PP_/D      1.50    1.98   -0.48 (VIOLATED)
rv32_soc/cpuregs[7][0]$_DFFE_PP_/D      1.50    1.98   -0.48 (VIOLATED)
rv32_soc/cpuregs[9][0]$_DFFE_PP_/D      1.50    1.98   -0.48 (VIOLATED)
rv32_soc/cpuregs[5][0]$_DFFE_PP_/D      1.50    1.98   -0.48 (VIOLATED)
rv32_soc/cpuregs[4][0]$_DFFE_PP_/D      1.50    1.98   -0.48 (VIOLATED)
rv32_soc/cpuregs[1][0]$_DFFE_PP_/D      1.50    1.98   -0.48 (VIOLATED)
rv32_soc/cpuregs[28][0]$_DFFE_PP_/D     1.50    1.98   -0.48 (VIOLATED)
rv32_soc/cpuregs[29][0]$_DFFE_PP_/D     1.50    1.98   -0.48 (VIOLATED)
rv32_soc/cpuregs[0][0]$_DFFE_PP_/D      1.50    1.98   -0.48 (VIOLATED)
rv32_soc/cpuregs[25][0]$_DFFE_PP_/D     1.50    1.98   -0.48 (VIOLATED)
rv32_soc/cpuregs[24][0]$_DFFE_PP_/D     1.50    1.98   -0.48 (VIOLATED)
rv32_soc/cpuregs[30][0]$_DFFE_PP_/D     1.50    1.98   -0.48 (VIOLATED)
rv32_soc/cpuregs[31][0]$_DFFE_PP_/D     1.50    1.98   -0.48 (VIOLATED)
rv32_soc/cpuregs[8][0]$_DFFE_PP_/D      1.50    1.98   -0.48 (VIOLATED)
rv32_soc/cpuregs[14][0]$_DFFE_PP_/D     1.50    1.98   -0.48 (VIOLATED)
rv32_soc/cpuregs[27][0]$_DFFE_PP_/D     1.50    1.98   -0.48 (VIOLATED)
rv32_soc/cpuregs[15][0]$_DFFE_PP_/D     1.50    1.98   -0.48 (VIOLATED)
rv32_soc/cpuregs[26][0]$_DFFE_PP_/D     1.50    1.98   -0.48 (VIOLATED)
rv32_soc/cpuregs[11][0]$_DFFE_PP_/D     1.50    1.98   -0.48 (VIOLATED)
rv32_soc/cpuregs[10][0]$_DFFE_PP_/D     1.50    1.98   -0.48 (VIOLATED)
rv32_soc/cpu_state[3]$_DFF_P_/Q         1.50    1.88   -0.38 (VIOLATED)
_5439_/A                                1.50    1.88   -0.38 (VIOLATED)
_5418_/A                                1.50    1.88   -0.38 (VIOLATED)
_5394_/A                                1.50    1.88   -0.38 (VIOLATED)
_5367_/B1                               1.50    1.88   -0.38 (VIOLATED)
_5343_/A                                1.50    1.88   -0.38 (VIOLATED)
_5307_/A                                1.50    1.88   -0.38 (VIOLATED)
_7597_/A                                1.50    1.88   -0.38 (VIOLATED)
_7601_/A                                1.50    1.88   -0.38 (VIOLATED)
_7600_/A                                1.50    1.88   -0.38 (VIOLATED)
_7599_/A                                1.50    1.88   -0.38 (VIOLATED)
_7598_/A                                1.50    1.88   -0.38 (VIOLATED)
_5460_/A                                1.50    1.88   -0.38 (VIOLATED)
_5481_/A                                1.50    1.88   -0.38 (VIOLATED)
_5502_/A                                1.50    1.88   -0.38 (VIOLATED)
_5190_/B2                               1.50    1.88   -0.38 (VIOLATED)
_5559_/A                                1.50    1.88   -0.38 (VIOLATED)
_5523_/A                                1.50    1.88   -0.38 (VIOLATED)
_5512_/A                                1.50    1.88   -0.38 (VIOLATED)
_4804_/A                                1.50    1.88   -0.38 (VIOLATED)
_5201_/B2                               1.50    1.88   -0.38 (VIOLATED)
_5218_/B1                               1.50    1.88   -0.38 (VIOLATED)
_5231_/B2                               1.50    1.88   -0.38 (VIOLATED)
_5241_/B2                               1.50    1.88   -0.38 (VIOLATED)
_5209_/B2                               1.50    1.88   -0.38 (VIOLATED)
_8529_/A2                               1.50    1.88   -0.38 (VIOLATED)
_8523_/A1                               1.50    1.88   -0.38 (VIOLATED)
_4803_/B                                1.50    1.88   -0.38 (VIOLATED)
_8534_/A2                               1.50    1.88   -0.38 (VIOLATED)
_7477_/A1                               1.50    1.88   -0.38 (VIOLATED)
_7476_/A1                               1.50    1.88   -0.38 (VIOLATED)
_7589_/B                                1.50    1.88   -0.38 (VIOLATED)
_4937_/A                                1.50    1.88   -0.38 (VIOLATED)
_4925_/A                                1.50    1.88   -0.38 (VIOLATED)
_5186_/A                                1.50    1.88   -0.38 (VIOLATED)
_5550_/B1                               1.50    1.82   -0.32 (VIOLATED)
_5507_/B1                               1.50    1.82   -0.32 (VIOLATED)
_5496_/B1                               1.50    1.82   -0.32 (VIOLATED)
_5544_/B1                               1.50    1.82   -0.32 (VIOLATED)
_5475_/B1                               1.50    1.82   -0.32 (VIOLATED)
_5533_/B1                               1.50    1.82   -0.32 (VIOLATED)
_5486_/B1                               1.50    1.82   -0.32 (VIOLATED)
_5517_/B1                               1.50    1.82   -0.32 (VIOLATED)
_5444_/B1                               1.50    1.82   -0.32 (VIOLATED)
_5465_/B1                               1.50    1.82   -0.32 (VIOLATED)
_5454_/B1                               1.50    1.82   -0.32 (VIOLATED)
_5433_/B1                               1.50    1.82   -0.32 (VIOLATED)
_5423_/B1                               1.50    1.82   -0.32 (VIOLATED)
_5412_/B1                               1.50    1.82   -0.32 (VIOLATED)
_5402_/B1                               1.50    1.82   -0.32 (VIOLATED)
_5388_/B1                               1.50    1.82   -0.32 (VIOLATED)
_5379_/B1                               1.50    1.82   -0.32 (VIOLATED)
_5362_/B1                               1.50    1.82   -0.32 (VIOLATED)
_5336_/B1                               1.50    1.82   -0.32 (VIOLATED)
_5348_/B1                               1.50    1.82   -0.32 (VIOLATED)
_5324_/B1                               1.50    1.82   -0.32 (VIOLATED)
_5313_/B1                               1.50    1.82   -0.32 (VIOLATED)
_5301_/B1                               1.50    1.82   -0.32 (VIOLATED)
_5287_/B1                               1.50    1.82   -0.32 (VIOLATED)
_5189_/B1                               1.50    1.82   -0.32 (VIOLATED)
_5217_/B1                               1.50    1.82   -0.32 (VIOLATED)
_5255_/B1                               1.50    1.82   -0.32 (VIOLATED)
_5240_/B1                               1.50    1.82   -0.32 (VIOLATED)
_5230_/B1                               1.50    1.82   -0.32 (VIOLATED)
_5269_/B1                               1.50    1.82   -0.32 (VIOLATED)
_5208_/B1                               1.50    1.82   -0.32 (VIOLATED)
_5200_/B1                               1.50    1.82   -0.32 (VIOLATED)
_8524_/A2                               1.50    1.82   -0.32 (VIOLATED)
_5186_/X                                1.50    1.82   -0.32 (VIOLATED)
rv32_soc/decoder_trigger$_DFF_P_/Q      1.50    1.81   -0.32 (VIOLATED)
_8164_/B1                               1.50    1.81   -0.31 (VIOLATED)
_8174_/B1                               1.50    1.81   -0.31 (VIOLATED)
_8186_/B1                               1.50    1.81   -0.31 (VIOLATED)
_8203_/C1                               1.50    1.81   -0.31 (VIOLATED)
_8210_/B1                               1.50    1.81   -0.31 (VIOLATED)
_7986_/B                                1.50    1.81   -0.31 (VIOLATED)
_8227_/C1                               1.50    1.81   -0.31 (VIOLATED)
_8230_/A1                               1.50    1.81   -0.31 (VIOLATED)
_8245_/A                                1.50    1.81   -0.31 (VIOLATED)
_8269_/A1                               1.50    1.81   -0.31 (VIOLATED)
_8280_/B1                               1.50    1.81   -0.31 (VIOLATED)
_8272_/A1                               1.50    1.81   -0.31 (VIOLATED)
_8303_/B1                               1.50    1.81   -0.31 (VIOLATED)
_8291_/B1                               1.50    1.81   -0.31 (VIOLATED)
_8318_/C1                               1.50    1.81   -0.31 (VIOLATED)
_8152_/B1                               1.50    1.81   -0.31 (VIOLATED)
_4942_/B                                1.50    1.81   -0.31 (VIOLATED)
_8141_/B1                               1.50    1.81   -0.31 (VIOLATED)
_8135_/C1                               1.50    1.81   -0.31 (VIOLATED)
_8120_/B1                               1.50    1.81   -0.31 (VIOLATED)
_8097_/B1                               1.50    1.81   -0.31 (VIOLATED)
_8043_/B1                               1.50    1.81   -0.31 (VIOLATED)
_7995_/B                                1.50    1.81   -0.31 (VIOLATED)
_7576_/B_N                              1.50    1.81   -0.31 (VIOLATED)
_8010_/A1                               1.50    1.81   -0.31 (VIOLATED)
_8005_/B1                               1.50    1.81   -0.31 (VIOLATED)
_8000_/A1                               1.50    1.81   -0.31 (VIOLATED)
_7994_/A1                               1.50    1.81   -0.31 (VIOLATED)
_7607_/B                                1.50    1.81   -0.31 (VIOLATED)
_7617_/B                                1.50    1.81   -0.31 (VIOLATED)
_7612_/C                                1.50    1.81   -0.31 (VIOLATED)
_4934_/B                                1.50    1.81   -0.31 (VIOLATED)
_4807_/B_N                              1.50    1.81   -0.31 (VIOLATED)
_7564_/Y                                1.50    1.80   -0.30 (VIOLATED)
_7954_/A                                1.50    1.80   -0.30 (VIOLATED)
_7952_/A                                1.50    1.80   -0.30 (VIOLATED)
_7950_/A                                1.50    1.80   -0.30 (VIOLATED)
_7948_/A                                1.50    1.80   -0.30 (VIOLATED)
_7946_/A                                1.50    1.80   -0.30 (VIOLATED)
_7944_/A                                1.50    1.80   -0.30 (VIOLATED)
_7942_/A                                1.50    1.80   -0.30 (VIOLATED)
_7940_/A                                1.50    1.80   -0.30 (VIOLATED)
_7937_/A                                1.50    1.80   -0.30 (VIOLATED)
_7935_/A                                1.50    1.80   -0.30 (VIOLATED)
_7933_/A                                1.50    1.80   -0.30 (VIOLATED)
_7931_/A                                1.50    1.80   -0.30 (VIOLATED)
_7956_/A                                1.50    1.80   -0.30 (VIOLATED)
_7958_/A                                1.50    1.80   -0.30 (VIOLATED)
_7961_/A                                1.50    1.80   -0.30 (VIOLATED)
_7929_/A                                1.50    1.80   -0.30 (VIOLATED)
_7963_/A                                1.50    1.80   -0.30 (VIOLATED)
_7967_/A1                               1.50    1.80   -0.30 (VIOLATED)
_7969_/A1                               1.50    1.80   -0.30 (VIOLATED)
_8251_/A1                               1.50    1.80   -0.30 (VIOLATED)
_8246_/A1                               1.50    1.80   -0.30 (VIOLATED)
_7987_/B1                               1.50    1.80   -0.30 (VIOLATED)
_7915_/A1                               1.50    1.80   -0.30 (VIOLATED)
_8319_/A1                               1.50    1.80   -0.30 (VIOLATED)
_7977_/A                                1.50    1.80   -0.30 (VIOLATED)
_7973_/A1                               1.50    1.80   -0.30 (VIOLATED)
_7983_/A1                               1.50    1.80   -0.30 (VIOLATED)
_7923_/A1                               1.50    1.80   -0.30 (VIOLATED)
_8018_/C1                               1.50    1.80   -0.30 (VIOLATED)
_7971_/A1                               1.50    1.80   -0.30 (VIOLATED)
_7992_/B                                1.50    1.80   -0.30 (VIOLATED)
_8007_/C1                               1.50    1.80   -0.30 (VIOLATED)
_7921_/A1                               1.50    1.80   -0.30 (VIOLATED)
_7919_/A1                               1.50    1.80   -0.30 (VIOLATED)
_8000_/A2                               1.50    1.80   -0.30 (VIOLATED)
_7991_/A                                1.50    1.80   -0.30 (VIOLATED)
_7994_/A2                               1.50    1.80   -0.30 (VIOLATED)
_7917_/A1                               1.50    1.80   -0.30 (VIOLATED)
_7566_/A1                               1.50    1.80   -0.30 (VIOLATED)
_7567_/B                                1.50    1.80   -0.30 (VIOLATED)
_4986_/Y                                1.49    1.73   -0.24 (VIOLATED)
_7477_/A2                               1.50    1.73   -0.23 (VIOLATED)
rv32_soc/instr_jalr$_DFFE_PP_/DE        1.50    1.73   -0.23 (VIOLATED)
rv32_soc/is_alu_reg_reg$_DFFE_PP_/DE    1.50    1.73   -0.23 (VIOLATED)
rv32_soc/instr_lui$_DFFE_PP_/DE         1.50    1.73   -0.23 (VIOLATED)
rv32_soc/is_alu_reg_imm$_DFFE_PP_/DE    1.50    1.73   -0.23 (VIOLATED)
rv32_soc/instr_jal$_DFFE_PP_/DE         1.50    1.73   -0.23 (VIOLATED)
rv32_soc/instr_auipc$_DFFE_PP_/DE       1.50    1.73   -0.23 (VIOLATED)
rv32_soc/is_lb_lh_lw_lbu_lhu$_DFFE_PP_/DE    1.50    1.73   -0.23 (VIOLATED)
rv32_soc/is_sb_sh_sw$_DFFE_PP_/DE       1.50    1.73   -0.23 (VIOLATED)
rv32_soc/decoded_imm_j[1]$_DFFE_PP_/DE    1.50    1.73   -0.23 (VIOLATED)
rv32_soc/decoded_imm_j[5]$_DFFE_PP_/DE    1.50    1.73   -0.23 (VIOLATED)
rv32_soc/decoded_imm_j[6]$_DFFE_PP_/DE    1.50    1.73   -0.23 (VIOLATED)
rv32_soc/decoded_imm_j[7]$_DFFE_PP_/DE    1.50    1.73   -0.23 (VIOLATED)
rv32_soc/decoded_imm_j[18]$_DFFE_PP_/DE    1.50    1.73   -0.23 (VIOLATED)
rv32_soc/decoded_imm_j[9]$_DFFE_PP_/DE    1.50    1.73   -0.23 (VIOLATED)
rv32_soc/decoded_imm_j[19]$_DFFE_PP_/DE    1.50    1.73   -0.23 (VIOLATED)
rv32_soc/decoded_imm_j[16]$_DFFE_PP_/DE    1.50    1.73   -0.23 (VIOLATED)
rv32_soc/decoded_imm_j[13]$_DFFE_PP_/DE    1.50    1.73   -0.23 (VIOLATED)
rv32_soc/decoded_imm_j[15]$_DFFE_PP_/DE    1.50    1.73   -0.23 (VIOLATED)
rv32_soc/decoded_imm_j[17]$_DFFE_PP_/DE    1.50    1.73   -0.23 (VIOLATED)
rv32_soc/decoded_imm_j[14]$_DFFE_PP_/DE    1.50    1.73   -0.23 (VIOLATED)
rv32_soc/decoded_imm_j[4]$_DFFE_PP_/DE    1.50    1.73   -0.23 (VIOLATED)
rv32_soc/decoded_imm_j[11]$_DFFE_PP_/DE    1.50    1.73   -0.23 (VIOLATED)
rv32_soc/decoded_imm_j[8]$_DFFE_PP_/DE    1.50    1.73   -0.23 (VIOLATED)
rv32_soc/decoded_imm_j[3]$_DFFE_PP_/DE    1.50    1.73   -0.23 (VIOLATED)
rv32_soc/decoded_rd[3]$_DFFE_PP_/DE     1.50    1.73   -0.23 (VIOLATED)
rv32_soc/decoded_rd[4]$_DFFE_PP_/DE     1.50    1.73   -0.23 (VIOLATED)
rv32_soc/decoded_rd[2]$_DFFE_PP_/DE     1.50    1.73   -0.23 (VIOLATED)
rv32_soc/decoded_imm_j[2]$_DFFE_PP_/DE    1.50    1.73   -0.23 (VIOLATED)
rv32_soc/decoded_imm_j[12]$_DFFE_PP_/DE    1.50    1.73   -0.23 (VIOLATED)
rv32_soc/decoded_imm_j[10]$_DFFE_PP_/DE    1.50    1.73   -0.23 (VIOLATED)
rv32_soc/decoded_imm_j[31]$_DFFE_PP_/DE    1.50    1.73   -0.23 (VIOLATED)
rv32_soc/decoded_rd[0]$_DFFE_PP_/DE     1.50    1.73   -0.23 (VIOLATED)
rv32_soc/decoded_rd[1]$_DFFE_PP_/DE     1.50    1.73   -0.23 (VIOLATED)
_5110_/B                                1.50    1.72   -0.22 (VIOLATED)
_5114_/B                                1.50    1.72   -0.22 (VIOLATED)
_5115_/A1                               1.50    1.72   -0.22 (VIOLATED)
_5122_/B                                1.50    1.72   -0.22 (VIOLATED)
_5123_/A1                               1.50    1.72   -0.22 (VIOLATED)
_5118_/B                                1.50    1.72   -0.22 (VIOLATED)
_5119_/A1                               1.50    1.72   -0.22 (VIOLATED)
_5126_/B                                1.50    1.72   -0.22 (VIOLATED)
_5127_/A1                               1.50    1.72   -0.22 (VIOLATED)
_5130_/B                                1.50    1.72   -0.22 (VIOLATED)
_5131_/A1                               1.50    1.72   -0.22 (VIOLATED)
_5134_/B                                1.50    1.72   -0.22 (VIOLATED)
_5135_/A1                               1.50    1.72   -0.22 (VIOLATED)
_5138_/B                                1.50    1.72   -0.22 (VIOLATED)
_5139_/A1                               1.50    1.72   -0.22 (VIOLATED)
_5142_/B                                1.50    1.72   -0.22 (VIOLATED)
_5143_/A1                               1.50    1.72   -0.22 (VIOLATED)
_5147_/A1                               1.50    1.72   -0.22 (VIOLATED)
_5146_/B                                1.50    1.72   -0.22 (VIOLATED)
_5150_/B                                1.50    1.72   -0.22 (VIOLATED)
_5151_/A1                               1.50    1.72   -0.22 (VIOLATED)
_7981_/A1                               1.50    1.72   -0.22 (VIOLATED)
_5155_/A1                               1.50    1.72   -0.22 (VIOLATED)
_5154_/B                                1.50    1.72   -0.22 (VIOLATED)
_5158_/B                                1.50    1.72   -0.22 (VIOLATED)
_7980_/B                                1.50    1.72   -0.22 (VIOLATED)
_5159_/A1                               1.50    1.72   -0.22 (VIOLATED)
_5162_/A1                               1.50    1.72   -0.22 (VIOLATED)
_5161_/B                                1.50    1.72   -0.22 (VIOLATED)
_5164_/B                                1.50    1.72   -0.22 (VIOLATED)
_5165_/A1                               1.50    1.72   -0.22 (VIOLATED)
split14/X                               1.51    1.72   -0.21 (VIOLATED)
_5572_/Y                                1.50    1.64   -0.14 (VIOLATED)
_5710_/A1                               1.50    1.64   -0.14 (VIOLATED)
_5758_/A1                               1.50    1.64   -0.14 (VIOLATED)
_5627_/A1                               1.50    1.64   -0.14 (VIOLATED)
_5840_/A1                               1.50    1.64   -0.14 (VIOLATED)
_5800_/A                                1.50    1.64   -0.14 (VIOLATED)
_5973_/A                                1.50    1.64   -0.14 (VIOLATED)
_5898_/A                                1.50    1.64   -0.14 (VIOLATED)
_6163_/B1                               1.50    1.64   -0.14 (VIOLATED)
_6315_/B1                               1.50    1.64   -0.14 (VIOLATED)
_6255_/A                                1.50    1.64   -0.14 (VIOLATED)
_6339_/B1                               1.50    1.64   -0.14 (VIOLATED)
_6073_/A                                1.50    1.64   -0.14 (VIOLATED)
_6462_/B1                               1.50    1.64   -0.14 (VIOLATED)
_6560_/A1                               1.50    1.64   -0.14 (VIOLATED)
_6586_/A1                               1.50    1.64   -0.14 (VIOLATED)
_8766_/Y                                1.49    1.56   -0.07 (VIOLATED)
_8114_/A1                               1.50    1.54   -0.04 (VIOLATED)
_8125_/A1                               1.50    1.54   -0.04 (VIOLATED)
_8136_/A1                               1.50    1.54   -0.04 (VIOLATED)
_8146_/A1                               1.50    1.54   -0.04 (VIOLATED)
_8159_/A1                               1.50    1.54   -0.04 (VIOLATED)
_8169_/A1                               1.50    1.53   -0.03 (VIOLATED)
_8181_/A1                               1.50    1.53   -0.03 (VIOLATED)
_8191_/A1                               1.50    1.53   -0.03 (VIOLATED)
_8204_/A1                               1.50    1.53   -0.03 (VIOLATED)
_8215_/A1                               1.50    1.53   -0.03 (VIOLATED)
_8228_/A1                               1.50    1.53   -0.03 (VIOLATED)
_8305_/A                                1.50    1.53   -0.03 (VIOLATED)
_8293_/A                                1.50    1.53   -0.03 (VIOLATED)
_8104_/A1                               1.50    1.53   -0.03 (VIOLATED)
_8089_/A                                1.50    1.53   -0.03 (VIOLATED)
_8077_/A1                               1.50    1.53   -0.03 (VIOLATED)
_8065_/A                                1.50    1.53   -0.03 (VIOLATED)
_8053_/A1                               1.50    1.53   -0.03 (VIOLATED)
_8044_/A1                               1.50    1.53   -0.03 (VIOLATED)
_8027_/A1                               1.50    1.53   -0.03 (VIOLATED)
_7615_/B1                               1.50    1.53   -0.03 (VIOLATED)
_7612_/X                                1.51    1.53   -0.03 (VIOLATED)
_5117_/S                                1.50    1.53   -0.03 (VIOLATED)
_5121_/S                                1.50    1.53   -0.03 (VIOLATED)
_5125_/S                                1.50    1.53   -0.03 (VIOLATED)
_5129_/S                                1.50    1.53   -0.03 (VIOLATED)
_5133_/S                                1.50    1.53   -0.03 (VIOLATED)
_5137_/S                                1.50    1.53   -0.03 (VIOLATED)
_5141_/S                                1.50    1.53   -0.03 (VIOLATED)
_5145_/S                                1.50    1.53   -0.03 (VIOLATED)
_7979_/S                                1.50    1.53   -0.03 (VIOLATED)
_5149_/S                                1.50    1.53   -0.03 (VIOLATED)
_5153_/S                                1.50    1.53   -0.03 (VIOLATED)
_5157_/S                                1.50    1.53   -0.03 (VIOLATED)
_5160_/S                                1.50    1.53   -0.03 (VIOLATED)
_5163_/S                                1.50    1.53   -0.03 (VIOLATED)
_8528_/A                                1.50    1.53   -0.03 (VIOLATED)
_9155_/S                                1.50    1.53   -0.03 (VIOLATED)
split13/X                               1.51    1.53   -0.02 (VIOLATED)
_7594_/Y                                1.50    1.51   -0.01 (VIOLATED)
_7596_/B1_N                             1.50    1.51   -0.01 (VIOLATED)
_8559_/B                                1.50    1.51   -0.01 (VIOLATED)
_8582_/B                                1.50    1.51   -0.01 (VIOLATED)
_8591_/B                                1.50    1.51   -0.01 (VIOLATED)
_8567_/B                                1.50    1.51   -0.01 (VIOLATED)
_8584_/B                                1.50    1.51   -0.01 (VIOLATED)
_8562_/B                                1.50    1.51   -0.01 (VIOLATED)
_8551_/B                                1.50    1.51   -0.01 (VIOLATED)
_8665_/B                                1.50    1.51   -0.01 (VIOLATED)
_8547_/B                                1.50    1.51   -0.01 (VIOLATED)
_8580_/B                                1.50    1.51   -0.01 (VIOLATED)
_8586_/B                                1.50    1.51   -0.01 (VIOLATED)
_8564_/B                                1.50    1.51   -0.01 (VIOLATED)
_8557_/B                                1.50    1.51   -0.01 (VIOLATED)
_8573_/B                                1.50    1.51   -0.01 (VIOLATED)
_8588_/B                                1.50    1.51   -0.01 (VIOLATED)
_8593_/B                                1.50    1.51   -0.01 (VIOLATED)
_8554_/B                                1.50    1.51   -0.01 (VIOLATED)
_8570_/B                                1.50    1.51   -0.01 (VIOLATED)
_8590_/B1                               1.50    1.51   -0.01 (VIOLATED)
_8549_/B1                               1.50    1.51   -0.01 (VIOLATED)
_8578_/B                                1.50    1.51   -0.01 (VIOLATED)
_8595_/B                                1.50    1.51   -0.01 (VIOLATED)
_8663_/B                                1.50    1.51   -0.01 (VIOLATED)

max capacitance

Pin                                    Limit     Cap   Slack
------------------------------------------------------------
_4786_/Y                                0.15    0.31   -0.16 (VIOLATED)
_4872_/X                                0.10    0.24   -0.14 (VIOLATED)
_4793_/X                                0.11    0.24   -0.13 (VIOLATED)
_9157_/Y                                0.08    0.21   -0.12 (VIOLATED)
rv32_soc/cpu_state[3]$_DFF_P_/Q         0.16    0.20   -0.04 (VIOLATED)
_7564_/Y                                0.17    0.20   -0.04 (VIOLATED)
_5186_/X                                0.17    0.20   -0.04 (VIOLATED)
rv32_soc/decoder_trigger$_DFF_P_/Q      0.16    0.20   -0.04 (VIOLATED)
_4986_/Y                                0.15    0.19   -0.03 (VIOLATED)
_9156_/Y                                0.09    0.12   -0.03 (VIOLATED)
_6683_/Y                                0.05    0.07   -0.02 (VIOLATED)
split14/X                               0.13    0.15   -0.02 (VIOLATED)
_6680_/Y                                0.05    0.07   -0.02 (VIOLATED)
_5572_/Y                                0.17    0.19   -0.02 (VIOLATED)
_8766_/Y                                0.07    0.07   -0.00 (VIOLATED)
_7612_/X                                0.16    0.16   -0.00 (VIOLATED)
split13/X                               0.13    0.13   -0.00 (VIOLATED)
_7594_/Y                                0.08    0.08   -0.00 (VIOLATED)

