[WARNING STA-0503] report_checks -group_count is deprecated. Use -group_path_count instead.
Startpoint: pcpi_rs1[0]$_DFFE_PP_
            (rising edge-triggered flip-flop clocked by clk0)
Endpoint: rv32_soc/alu_out_q[0]$_DFF_P_
          (rising edge-triggered flip-flop clocked by clk0)
Path Group: clk0
Path Type: max
Corner: slow

Fanout     Cap    Slew   Delay    Time   Description
-----------------------------------------------------------------------------
                          0.00    0.00   clock clk0 (rise edge)
                          5.77    5.77   clock network delay (propagated)
                  0.34    0.00    5.77 ^ pcpi_rs1[0]$_DFFE_PP_/CLK (sky130_fd_sc_hd__edfxtp_1)
     7    0.11    3.28    3.49    9.26 ^ pcpi_rs1[0]$_DFFE_PP_/Q (sky130_fd_sc_hd__edfxtp_1)
                                         pcpi_rs1[0] (net)
                  3.28    0.00    9.26 ^ _4861_/A (sky130_fd_sc_hd__inv_8)
     4    0.03    0.39    1.06   10.32 v _4861_/Y (sky130_fd_sc_hd__inv_8)
                                         _4393_ (net)
                  0.39    0.00   10.32 v _9374_/B (sky130_fd_sc_hd__ha_4)
     2    0.01    0.10    0.82   11.15 v _9374_/COUT (sky130_fd_sc_hd__ha_4)
                                         _4248_ (net)
                  0.10    0.00   11.15 v _9303_/CIN (sky130_fd_sc_hd__fa_2)
     2    0.01    0.27    1.78   12.93 v _9303_/COUT (sky130_fd_sc_hd__fa_2)
                                         _4249_ (net)
                  0.27    0.00   12.93 v _7420_/B (sky130_fd_sc_hd__nor3_2)
     1    0.00    0.54    0.77   13.70 ^ _7420_/Y (sky130_fd_sc_hd__nor3_2)
                                         _2789_ (net)
                  0.54    0.00   13.70 ^ _7422_/B (sky130_fd_sc_hd__nor3_2)
     2    0.01    0.11    0.33   14.03 v _7422_/Y (sky130_fd_sc_hd__nor3_2)
                                         _2791_ (net)
                  0.11    0.00   14.03 v _7423_/C (sky130_fd_sc_hd__nor3_2)
     1    0.01    0.62    0.59   14.63 ^ _7423_/Y (sky130_fd_sc_hd__nor3_2)
                                         _2792_ (net)
                  0.62    0.00   14.63 ^ _7425_/B (sky130_fd_sc_hd__nor3_2)
     2    0.01    0.10    0.34   14.97 v _7425_/Y (sky130_fd_sc_hd__nor3_2)
                                         _2794_ (net)
                  0.10    0.00   14.97 v _7426_/B (sky130_fd_sc_hd__nor2_1)
     1    0.00    0.42    0.43   15.40 ^ _7426_/Y (sky130_fd_sc_hd__nor2_1)
                                         _2795_ (net)
                  0.42    0.00   15.40 ^ _7427_/B (sky130_fd_sc_hd__nor2_1)
     1    0.00    0.09    0.27   15.67 v _7427_/Y (sky130_fd_sc_hd__nor2_1)
                                         _2796_ (net)
                  0.09    0.00   15.67 v _7428_/A2 (sky130_fd_sc_hd__o21bai_2)
     2    0.01    0.47    0.53   16.19 ^ _7428_/Y (sky130_fd_sc_hd__o21bai_2)
                                         _2797_ (net)
                  0.47    0.00   16.19 ^ _7431_/B1 (sky130_fd_sc_hd__a221oi_1)
     2    0.01    0.19    0.40   16.59 v _7431_/Y (sky130_fd_sc_hd__a221oi_1)
                                         _2800_ (net)
                  0.19    0.00   16.59 v _7434_/A3 (sky130_fd_sc_hd__o31ai_1)
     1    0.00    0.72    0.88   17.48 ^ _7434_/Y (sky130_fd_sc_hd__o31ai_1)
                                         _2803_ (net)
                  0.72    0.00   17.48 ^ rebuffer26/A (sky130_fd_sc_hd__buf_2)
     2    0.01    0.14    0.65   18.13 ^ rebuffer26/X (sky130_fd_sc_hd__buf_2)
                                         net175 (net)
                  0.14    0.00   18.13 ^ _7435_/A2 (sky130_fd_sc_hd__a21oi_1)
     1    0.00    0.11    0.17   18.29 v _7435_/Y (sky130_fd_sc_hd__a21oi_1)
                                         _2804_ (net)
                  0.11    0.00   18.29 v _7436_/B1 (sky130_fd_sc_hd__o21ai_0)
     2    0.01    0.94    0.38   18.67 ^ _7436_/Y (sky130_fd_sc_hd__o21ai_0)
                                         _2805_ (net)
                  0.94    0.00   18.67 ^ _7437_/B2 (sky130_fd_sc_hd__a221oi_1)
     1    0.00    0.15    0.55   19.22 v _7437_/Y (sky130_fd_sc_hd__a221oi_1)
                                         _2806_ (net)
                  0.15    0.00   19.22 v rebuffer17/A (sky130_fd_sc_hd__buf_2)
     2    0.01    0.11    0.52   19.74 v rebuffer17/X (sky130_fd_sc_hd__buf_2)
                                         net166 (net)
                  0.11    0.00   19.74 v _7440_/A3 (sky130_fd_sc_hd__o31ai_1)
     1    0.00    0.69    0.82   20.56 ^ _7440_/Y (sky130_fd_sc_hd__o31ai_1)
                                         _2809_ (net)
                  0.69    0.00   20.56 ^ rebuffer25/A (sky130_fd_sc_hd__buf_2)
     2    0.01    0.17    0.65   21.22 ^ rebuffer25/X (sky130_fd_sc_hd__buf_2)
                                         net174 (net)
                  0.17    0.00   21.22 ^ _7441_/B2 (sky130_fd_sc_hd__a221oi_1)
     1    0.00    0.15    0.19   21.41 v _7441_/Y (sky130_fd_sc_hd__a221oi_1)
                                         _2810_ (net)
                  0.15    0.00   21.41 v rebuffer51/A (sky130_fd_sc_hd__buf_2)
     2    0.01    0.09    0.49   21.90 v rebuffer51/X (sky130_fd_sc_hd__buf_2)
                                         net200 (net)
                  0.09    0.00   21.90 v _7442_/C (sky130_fd_sc_hd__nor3_2)
     1    0.01    0.56    0.54   22.44 ^ _7442_/Y (sky130_fd_sc_hd__nor3_2)
                                         _2811_ (net)
                  0.56    0.00   22.44 ^ _7443_/C (sky130_fd_sc_hd__nor3_2)
     2    0.01    0.10    0.31   22.75 v _7443_/Y (sky130_fd_sc_hd__nor3_2)
                                         _2812_ (net)
                  0.10    0.00   22.75 v _7446_/A3 (sky130_fd_sc_hd__o31ai_1)
     1    0.00    0.66    0.79   23.54 ^ _7446_/Y (sky130_fd_sc_hd__o31ai_1)
                                         _2815_ (net)
                  0.66    0.00   23.54 ^ rebuffer49/A (sky130_fd_sc_hd__buf_2)
     2    0.01    0.15    0.62   24.16 ^ rebuffer49/X (sky130_fd_sc_hd__buf_2)
                                         net198 (net)
                  0.15    0.00   24.16 ^ _7448_/B1 (sky130_fd_sc_hd__a221o_1)
     2    0.01    0.29    0.50   24.66 ^ _7448_/X (sky130_fd_sc_hd__a221o_1)
                                         _2817_ (net)
                  0.29    0.00   24.66 ^ _7449_/B2 (sky130_fd_sc_hd__a221oi_1)
     1    0.00    0.12    0.26   24.92 v _7449_/Y (sky130_fd_sc_hd__a221oi_1)
                                         _2818_ (net)
                  0.12    0.00   24.92 v rebuffer24/A (sky130_fd_sc_hd__buf_4)
     3    0.01    0.09    0.53   25.45 v rebuffer24/X (sky130_fd_sc_hd__buf_4)
                                         net173 (net)
                  0.09    0.00   25.45 v _7454_/A2 (sky130_fd_sc_hd__o21ai_0)
     1    0.00    0.46    0.52   25.96 ^ _7454_/Y (sky130_fd_sc_hd__o21ai_0)
                                         _2823_ (net)
                  0.46    0.00   25.96 ^ _7456_/A2 (sky130_fd_sc_hd__o21ai_0)
     2    0.00    0.14    0.37   26.33 v _7456_/Y (sky130_fd_sc_hd__o21ai_0)
                                         _2825_ (net)
                  0.14    0.00   26.33 v _7472_/A2 (sky130_fd_sc_hd__o21ai_0)
     1    0.04    4.46    3.63   29.96 ^ _7472_/Y (sky130_fd_sc_hd__o21ai_0)
                                         _2841_ (net)
                  4.46    0.00   29.96 ^ _7473_/S (sky130_fd_sc_hd__mux2i_1)
     1    0.01    1.13    2.78   32.74 ^ _7473_/Y (sky130_fd_sc_hd__mux2i_1)
                                         _2842_ (net)
                  1.13    0.00   32.74 ^ _7474_/B (sky130_fd_sc_hd__nand2_4)
     3    0.01    0.15    0.56   33.31 v _7474_/Y (sky130_fd_sc_hd__nand2_4)
                                         _2843_ (net)
                  0.15    0.00   33.31 v _8825_/A2 (sky130_fd_sc_hd__a221o_1)
     1    0.00    0.14    1.49   34.80 v _8825_/X (sky130_fd_sc_hd__a221o_1)
                                         rv32_soc/alu_out[0] (net)
                  0.14    0.00   34.80 v rv32_soc/alu_out_q[0]$_DFF_P_/D (sky130_fd_sc_hd__dfxtp_2)
                                 34.80   data arrival time

                         25.00   25.00   clock clk0 (rise edge)
                          5.79   30.79   clock network delay (propagated)
                          0.00   30.79   clock reconvergence pessimism
                                 30.79 ^ rv32_soc/alu_out_q[0]$_DFF_P_/CLK (sky130_fd_sc_hd__dfxtp_2)
                         -0.70   30.09   library setup time
                                 30.09   data required time
-----------------------------------------------------------------------------
                                 30.09   data required time
                                -34.80   data arrival time
-----------------------------------------------------------------------------
                                 -4.71   slack (VIOLATED)


Startpoint: pcpi_rs1[0]$_DFFE_PP_
            (rising edge-triggered flip-flop clocked by clk0)
Endpoint: rv32_soc/latched_branch$_SDFFE_PN0P_
          (rising edge-triggered flip-flop clocked by clk0)
Path Group: clk0
Path Type: max
Corner: slow

Fanout     Cap    Slew   Delay    Time   Description
-----------------------------------------------------------------------------
                          0.00    0.00   clock clk0 (rise edge)
                          5.77    5.77   clock network delay (propagated)
                  0.34    0.00    5.77 ^ pcpi_rs1[0]$_DFFE_PP_/CLK (sky130_fd_sc_hd__edfxtp_1)
     7    0.11    3.28    3.49    9.26 ^ pcpi_rs1[0]$_DFFE_PP_/Q (sky130_fd_sc_hd__edfxtp_1)
                                         pcpi_rs1[0] (net)
                  3.28    0.00    9.26 ^ _4861_/A (sky130_fd_sc_hd__inv_8)
     4    0.03    0.39    1.06   10.32 v _4861_/Y (sky130_fd_sc_hd__inv_8)
                                         _4393_ (net)
                  0.39    0.00   10.32 v _9374_/B (sky130_fd_sc_hd__ha_4)
     2    0.01    0.10    0.82   11.15 v _9374_/COUT (sky130_fd_sc_hd__ha_4)
                                         _4248_ (net)
                  0.10    0.00   11.15 v _9303_/CIN (sky130_fd_sc_hd__fa_2)
     2    0.01    0.27    1.78   12.93 v _9303_/COUT (sky130_fd_sc_hd__fa_2)
                                         _4249_ (net)
                  0.27    0.00   12.93 v _7420_/B (sky130_fd_sc_hd__nor3_2)
     1    0.00    0.54    0.77   13.70 ^ _7420_/Y (sky130_fd_sc_hd__nor3_2)
                                         _2789_ (net)
                  0.54    0.00   13.70 ^ _7422_/B (sky130_fd_sc_hd__nor3_2)
     2    0.01    0.11    0.33   14.03 v _7422_/Y (sky130_fd_sc_hd__nor3_2)
                                         _2791_ (net)
                  0.11    0.00   14.03 v _7423_/C (sky130_fd_sc_hd__nor3_2)
     1    0.01    0.62    0.59   14.63 ^ _7423_/Y (sky130_fd_sc_hd__nor3_2)
                                         _2792_ (net)
                  0.62    0.00   14.63 ^ _7425_/B (sky130_fd_sc_hd__nor3_2)
     2    0.01    0.10    0.34   14.97 v _7425_/Y (sky130_fd_sc_hd__nor3_2)
                                         _2794_ (net)
                  0.10    0.00   14.97 v _7426_/B (sky130_fd_sc_hd__nor2_1)
     1    0.00    0.42    0.43   15.40 ^ _7426_/Y (sky130_fd_sc_hd__nor2_1)
                                         _2795_ (net)
                  0.42    0.00   15.40 ^ _7427_/B (sky130_fd_sc_hd__nor2_1)
     1    0.00    0.09    0.27   15.67 v _7427_/Y (sky130_fd_sc_hd__nor2_1)
                                         _2796_ (net)
                  0.09    0.00   15.67 v _7428_/A2 (sky130_fd_sc_hd__o21bai_2)
     2    0.01    0.47    0.53   16.19 ^ _7428_/Y (sky130_fd_sc_hd__o21bai_2)
                                         _2797_ (net)
                  0.47    0.00   16.19 ^ _7431_/B1 (sky130_fd_sc_hd__a221oi_1)
     2    0.01    0.19    0.40   16.59 v _7431_/Y (sky130_fd_sc_hd__a221oi_1)
                                         _2800_ (net)
                  0.19    0.00   16.59 v _7434_/A3 (sky130_fd_sc_hd__o31ai_1)
     1    0.00    0.72    0.88   17.48 ^ _7434_/Y (sky130_fd_sc_hd__o31ai_1)
                                         _2803_ (net)
                  0.72    0.00   17.48 ^ rebuffer26/A (sky130_fd_sc_hd__buf_2)
     2    0.01    0.14    0.65   18.13 ^ rebuffer26/X (sky130_fd_sc_hd__buf_2)
                                         net175 (net)
                  0.14    0.00   18.13 ^ _7435_/A2 (sky130_fd_sc_hd__a21oi_1)
     1    0.00    0.11    0.17   18.29 v _7435_/Y (sky130_fd_sc_hd__a21oi_1)
                                         _2804_ (net)
                  0.11    0.00   18.29 v _7436_/B1 (sky130_fd_sc_hd__o21ai_0)
     2    0.01    0.94    0.38   18.67 ^ _7436_/Y (sky130_fd_sc_hd__o21ai_0)
                                         _2805_ (net)
                  0.94    0.00   18.67 ^ _7437_/B2 (sky130_fd_sc_hd__a221oi_1)
     1    0.00    0.15    0.55   19.22 v _7437_/Y (sky130_fd_sc_hd__a221oi_1)
                                         _2806_ (net)
                  0.15    0.00   19.22 v rebuffer17/A (sky130_fd_sc_hd__buf_2)
     2    0.01    0.11    0.52   19.74 v rebuffer17/X (sky130_fd_sc_hd__buf_2)
                                         net166 (net)
                  0.11    0.00   19.74 v _7440_/A3 (sky130_fd_sc_hd__o31ai_1)
     1    0.00    0.69    0.82   20.56 ^ _7440_/Y (sky130_fd_sc_hd__o31ai_1)
                                         _2809_ (net)
                  0.69    0.00   20.56 ^ rebuffer25/A (sky130_fd_sc_hd__buf_2)
     2    0.01    0.17    0.65   21.22 ^ rebuffer25/X (sky130_fd_sc_hd__buf_2)
                                         net174 (net)
                  0.17    0.00   21.22 ^ _7441_/B2 (sky130_fd_sc_hd__a221oi_1)
     1    0.00    0.15    0.19   21.41 v _7441_/Y (sky130_fd_sc_hd__a221oi_1)
                                         _2810_ (net)
                  0.15    0.00   21.41 v rebuffer51/A (sky130_fd_sc_hd__buf_2)
     2    0.01    0.09    0.49   21.90 v rebuffer51/X (sky130_fd_sc_hd__buf_2)
                                         net200 (net)
                  0.09    0.00   21.90 v _7442_/C (sky130_fd_sc_hd__nor3_2)
     1    0.01    0.56    0.54   22.44 ^ _7442_/Y (sky130_fd_sc_hd__nor3_2)
                                         _2811_ (net)
                  0.56    0.00   22.44 ^ _7443_/C (sky130_fd_sc_hd__nor3_2)
     2    0.01    0.10    0.31   22.75 v _7443_/Y (sky130_fd_sc_hd__nor3_2)
                                         _2812_ (net)
                  0.10    0.00   22.75 v _7446_/A3 (sky130_fd_sc_hd__o31ai_1)
     1    0.00    0.66    0.79   23.54 ^ _7446_/Y (sky130_fd_sc_hd__o31ai_1)
                                         _2815_ (net)
                  0.66    0.00   23.54 ^ rebuffer49/A (sky130_fd_sc_hd__buf_2)
     2    0.01    0.15    0.62   24.16 ^ rebuffer49/X (sky130_fd_sc_hd__buf_2)
                                         net198 (net)
                  0.15    0.00   24.16 ^ _7448_/B1 (sky130_fd_sc_hd__a221o_1)
     2    0.01    0.29    0.50   24.66 ^ _7448_/X (sky130_fd_sc_hd__a221o_1)
                                         _2817_ (net)
                  0.29    0.00   24.66 ^ _7449_/B2 (sky130_fd_sc_hd__a221oi_1)
     1    0.00    0.12    0.26   24.92 v _7449_/Y (sky130_fd_sc_hd__a221oi_1)
                                         _2818_ (net)
                  0.12    0.00   24.92 v rebuffer24/A (sky130_fd_sc_hd__buf_4)
     3    0.01    0.09    0.53   25.45 v rebuffer24/X (sky130_fd_sc_hd__buf_4)
                                         net173 (net)
                  0.09    0.00   25.45 v _7454_/A2 (sky130_fd_sc_hd__o21ai_0)
     1    0.00    0.46    0.52   25.96 ^ _7454_/Y (sky130_fd_sc_hd__o21ai_0)
                                         _2823_ (net)
                  0.46    0.00   25.96 ^ _7456_/A2 (sky130_fd_sc_hd__o21ai_0)
     2    0.00    0.14    0.37   26.33 v _7456_/Y (sky130_fd_sc_hd__o21ai_0)
                                         _2825_ (net)
                  0.14    0.00   26.33 v _7472_/A2 (sky130_fd_sc_hd__o21ai_0)
     1    0.04    4.46    3.63   29.96 ^ _7472_/Y (sky130_fd_sc_hd__o21ai_0)
                                         _2841_ (net)
                  4.46    0.00   29.96 ^ _7473_/S (sky130_fd_sc_hd__mux2i_1)
     1    0.01    1.13    2.78   32.74 ^ _7473_/Y (sky130_fd_sc_hd__mux2i_1)
                                         _2842_ (net)
                  1.13    0.00   32.74 ^ _7474_/B (sky130_fd_sc_hd__nand2_4)
     3    0.01    0.15    0.56   33.31 v _7474_/Y (sky130_fd_sc_hd__nand2_4)
                                         _2843_ (net)
                  0.15    0.00   33.31 v _8523_/A2 (sky130_fd_sc_hd__a21oi_2)
     2    0.01    0.42    0.59   33.90 ^ _8523_/Y (sky130_fd_sc_hd__a21oi_2)
                                         _3618_ (net)
                  0.42    0.00   33.90 ^ _8533_/A1 (sky130_fd_sc_hd__o21ai_0)
     1    0.00    0.15    0.36   34.25 v _8533_/Y (sky130_fd_sc_hd__o21ai_0)
                                         _3626_ (net)
                  0.15    0.00   34.25 v _8534_/B1 (sky130_fd_sc_hd__o311a_1)
     1    0.00    0.16    0.47   34.73 v _8534_/X (sky130_fd_sc_hd__o311a_1)
                                         _0342_ (net)
                  0.16    0.00   34.73 v rv32_soc/latched_branch$_SDFFE_PN0P_/D (sky130_fd_sc_hd__dfxtp_1)
                                 34.73   data arrival time

                         25.00   25.00   clock clk0 (rise edge)
                          5.79   30.79   clock network delay (propagated)
                          0.00   30.79   clock reconvergence pessimism
                                 30.79 ^ rv32_soc/latched_branch$_SDFFE_PN0P_/CLK (sky130_fd_sc_hd__dfxtp_1)
                         -0.71   30.07   library setup time
                                 30.07   data required time
-----------------------------------------------------------------------------
                                 30.07   data required time
                                -34.73   data arrival time
-----------------------------------------------------------------------------
                                 -4.65   slack (VIOLATED)


Startpoint: pcpi_rs1[0]$_DFFE_PP_
            (rising edge-triggered flip-flop clocked by clk0)
Endpoint: rv32_soc/decoder_trigger$_DFF_P_
          (rising edge-triggered flip-flop clocked by clk0)
Path Group: clk0
Path Type: max
Corner: slow

Fanout     Cap    Slew   Delay    Time   Description
-----------------------------------------------------------------------------
                          0.00    0.00   clock clk0 (rise edge)
                          5.77    5.77   clock network delay (propagated)
                  0.34    0.00    5.77 ^ pcpi_rs1[0]$_DFFE_PP_/CLK (sky130_fd_sc_hd__edfxtp_1)
     7    0.11    3.28    3.49    9.26 ^ pcpi_rs1[0]$_DFFE_PP_/Q (sky130_fd_sc_hd__edfxtp_1)
                                         pcpi_rs1[0] (net)
                  3.28    0.00    9.26 ^ _4861_/A (sky130_fd_sc_hd__inv_8)
     4    0.03    0.39    1.06   10.32 v _4861_/Y (sky130_fd_sc_hd__inv_8)
                                         _4393_ (net)
                  0.39    0.00   10.32 v _9374_/B (sky130_fd_sc_hd__ha_4)
     2    0.01    0.10    0.82   11.15 v _9374_/COUT (sky130_fd_sc_hd__ha_4)
                                         _4248_ (net)
                  0.10    0.00   11.15 v _9303_/CIN (sky130_fd_sc_hd__fa_2)
     2    0.01    0.27    1.78   12.93 v _9303_/COUT (sky130_fd_sc_hd__fa_2)
                                         _4249_ (net)
                  0.27    0.00   12.93 v _7420_/B (sky130_fd_sc_hd__nor3_2)
     1    0.00    0.54    0.77   13.70 ^ _7420_/Y (sky130_fd_sc_hd__nor3_2)
                                         _2789_ (net)
                  0.54    0.00   13.70 ^ _7422_/B (sky130_fd_sc_hd__nor3_2)
     2    0.01    0.11    0.33   14.03 v _7422_/Y (sky130_fd_sc_hd__nor3_2)
                                         _2791_ (net)
                  0.11    0.00   14.03 v _7423_/C (sky130_fd_sc_hd__nor3_2)
     1    0.01    0.62    0.59   14.63 ^ _7423_/Y (sky130_fd_sc_hd__nor3_2)
                                         _2792_ (net)
                  0.62    0.00   14.63 ^ _7425_/B (sky130_fd_sc_hd__nor3_2)
     2    0.01    0.10    0.34   14.97 v _7425_/Y (sky130_fd_sc_hd__nor3_2)
                                         _2794_ (net)
                  0.10    0.00   14.97 v _7426_/B (sky130_fd_sc_hd__nor2_1)
     1    0.00    0.42    0.43   15.40 ^ _7426_/Y (sky130_fd_sc_hd__nor2_1)
                                         _2795_ (net)
                  0.42    0.00   15.40 ^ _7427_/B (sky130_fd_sc_hd__nor2_1)
     1    0.00    0.09    0.27   15.67 v _7427_/Y (sky130_fd_sc_hd__nor2_1)
                                         _2796_ (net)
                  0.09    0.00   15.67 v _7428_/A2 (sky130_fd_sc_hd__o21bai_2)
     2    0.01    0.47    0.53   16.19 ^ _7428_/Y (sky130_fd_sc_hd__o21bai_2)
                                         _2797_ (net)
                  0.47    0.00   16.19 ^ _7431_/B1 (sky130_fd_sc_hd__a221oi_1)
     2    0.01    0.19    0.40   16.59 v _7431_/Y (sky130_fd_sc_hd__a221oi_1)
                                         _2800_ (net)
                  0.19    0.00   16.59 v _7434_/A3 (sky130_fd_sc_hd__o31ai_1)
     1    0.00    0.72    0.88   17.48 ^ _7434_/Y (sky130_fd_sc_hd__o31ai_1)
                                         _2803_ (net)
                  0.72    0.00   17.48 ^ rebuffer26/A (sky130_fd_sc_hd__buf_2)
     2    0.01    0.14    0.65   18.13 ^ rebuffer26/X (sky130_fd_sc_hd__buf_2)
                                         net175 (net)
                  0.14    0.00   18.13 ^ _7435_/A2 (sky130_fd_sc_hd__a21oi_1)
     1    0.00    0.11    0.17   18.29 v _7435_/Y (sky130_fd_sc_hd__a21oi_1)
                                         _2804_ (net)
                  0.11    0.00   18.29 v _7436_/B1 (sky130_fd_sc_hd__o21ai_0)
     2    0.01    0.94    0.38   18.67 ^ _7436_/Y (sky130_fd_sc_hd__o21ai_0)
                                         _2805_ (net)
                  0.94    0.00   18.67 ^ _7437_/B2 (sky130_fd_sc_hd__a221oi_1)
     1    0.00    0.15    0.55   19.22 v _7437_/Y (sky130_fd_sc_hd__a221oi_1)
                                         _2806_ (net)
                  0.15    0.00   19.22 v rebuffer17/A (sky130_fd_sc_hd__buf_2)
     2    0.01    0.11    0.52   19.74 v rebuffer17/X (sky130_fd_sc_hd__buf_2)
                                         net166 (net)
                  0.11    0.00   19.74 v _7440_/A3 (sky130_fd_sc_hd__o31ai_1)
     1    0.00    0.69    0.82   20.56 ^ _7440_/Y (sky130_fd_sc_hd__o31ai_1)
                                         _2809_ (net)
                  0.69    0.00   20.56 ^ rebuffer25/A (sky130_fd_sc_hd__buf_2)
     2    0.01    0.17    0.65   21.22 ^ rebuffer25/X (sky130_fd_sc_hd__buf_2)
                                         net174 (net)
                  0.17    0.00   21.22 ^ _7441_/B2 (sky130_fd_sc_hd__a221oi_1)
     1    0.00    0.15    0.19   21.41 v _7441_/Y (sky130_fd_sc_hd__a221oi_1)
                                         _2810_ (net)
                  0.15    0.00   21.41 v rebuffer51/A (sky130_fd_sc_hd__buf_2)
     2    0.01    0.09    0.49   21.90 v rebuffer51/X (sky130_fd_sc_hd__buf_2)
                                         net200 (net)
                  0.09    0.00   21.90 v _7442_/C (sky130_fd_sc_hd__nor3_2)
     1    0.01    0.56    0.54   22.44 ^ _7442_/Y (sky130_fd_sc_hd__nor3_2)
                                         _2811_ (net)
                  0.56    0.00   22.44 ^ _7443_/C (sky130_fd_sc_hd__nor3_2)
     2    0.01    0.10    0.31   22.75 v _7443_/Y (sky130_fd_sc_hd__nor3_2)
                                         _2812_ (net)
                  0.10    0.00   22.75 v _7446_/A3 (sky130_fd_sc_hd__o31ai_1)
     1    0.00    0.66    0.79   23.54 ^ _7446_/Y (sky130_fd_sc_hd__o31ai_1)
                                         _2815_ (net)
                  0.66    0.00   23.54 ^ rebuffer49/A (sky130_fd_sc_hd__buf_2)
     2    0.01    0.15    0.62   24.16 ^ rebuffer49/X (sky130_fd_sc_hd__buf_2)
                                         net198 (net)
                  0.15    0.00   24.16 ^ _7448_/B1 (sky130_fd_sc_hd__a221o_1)
     2    0.01    0.29    0.50   24.66 ^ _7448_/X (sky130_fd_sc_hd__a221o_1)
                                         _2817_ (net)
                  0.29    0.00   24.66 ^ _7449_/B2 (sky130_fd_sc_hd__a221oi_1)
     1    0.00    0.12    0.26   24.92 v _7449_/Y (sky130_fd_sc_hd__a221oi_1)
                                         _2818_ (net)
                  0.12    0.00   24.92 v rebuffer24/A (sky130_fd_sc_hd__buf_4)
     3    0.01    0.09    0.53   25.45 v rebuffer24/X (sky130_fd_sc_hd__buf_4)
                                         net173 (net)
                  0.09    0.00   25.45 v _7454_/A2 (sky130_fd_sc_hd__o21ai_0)
     1    0.00    0.46    0.52   25.96 ^ _7454_/Y (sky130_fd_sc_hd__o21ai_0)
                                         _2823_ (net)
                  0.46    0.00   25.96 ^ _7456_/A2 (sky130_fd_sc_hd__o21ai_0)
     2    0.00    0.14    0.37   26.33 v _7456_/Y (sky130_fd_sc_hd__o21ai_0)
                                         _2825_ (net)
                  0.14    0.00   26.33 v _7472_/A2 (sky130_fd_sc_hd__o21ai_0)
     1    0.04    4.46    3.63   29.96 ^ _7472_/Y (sky130_fd_sc_hd__o21ai_0)
                                         _2841_ (net)
                  4.46    0.00   29.96 ^ _7473_/S (sky130_fd_sc_hd__mux2i_1)
     1    0.01    0.54    2.03   31.99 v _7473_/Y (sky130_fd_sc_hd__mux2i_1)
                                         _2842_ (net)
                  0.54    0.00   31.99 v _7474_/B (sky130_fd_sc_hd__nand2_4)
     3    0.01    0.21    0.56   32.55 ^ _7474_/Y (sky130_fd_sc_hd__nand2_4)
                                         _2843_ (net)
                  0.21    0.00   32.55 ^ _7475_/B (sky130_fd_sc_hd__nand2_1)
     2    0.01    0.30    0.24   32.79 v _7475_/Y (sky130_fd_sc_hd__nand2_1)
                                         _2844_ (net)
                  0.30    0.00   32.79 v _7477_/A3 (sky130_fd_sc_hd__a311o_1)
     1    0.00    0.14    1.66   34.45 v _7477_/X (sky130_fd_sc_hd__a311o_1)
                                         _0039_ (net)
                  0.14    0.00   34.45 v rv32_soc/decoder_trigger$_DFF_P_/D (sky130_fd_sc_hd__dfxtp_1)
                                 34.45   data arrival time

                         25.00   25.00   clock clk0 (rise edge)
                          5.79   30.79   clock network delay (propagated)
                          0.00   30.79   clock reconvergence pessimism
                                 30.79 ^ rv32_soc/decoder_trigger$_DFF_P_/CLK (sky130_fd_sc_hd__dfxtp_1)
                         -0.70   30.09   library setup time
                                 30.09   data required time
-----------------------------------------------------------------------------
                                 30.09   data required time
                                -34.45   data arrival time
-----------------------------------------------------------------------------
                                 -4.36   slack (VIOLATED)


Startpoint: pcpi_rs1[0]$_DFFE_PP_
            (rising edge-triggered flip-flop clocked by clk0)
Endpoint: rv32_soc/latched_store$_SDFFE_PN0P_
          (rising edge-triggered flip-flop clocked by clk0)
Path Group: clk0
Path Type: max
Corner: slow

Fanout     Cap    Slew   Delay    Time   Description
-----------------------------------------------------------------------------
                          0.00    0.00   clock clk0 (rise edge)
                          5.77    5.77   clock network delay (propagated)
                  0.34    0.00    5.77 ^ pcpi_rs1[0]$_DFFE_PP_/CLK (sky130_fd_sc_hd__edfxtp_1)
     7    0.11    3.28    3.49    9.26 ^ pcpi_rs1[0]$_DFFE_PP_/Q (sky130_fd_sc_hd__edfxtp_1)
                                         pcpi_rs1[0] (net)
                  3.28    0.00    9.26 ^ _4861_/A (sky130_fd_sc_hd__inv_8)
     4    0.03    0.39    1.06   10.32 v _4861_/Y (sky130_fd_sc_hd__inv_8)
                                         _4393_ (net)
                  0.39    0.00   10.32 v _9374_/B (sky130_fd_sc_hd__ha_4)
     2    0.01    0.10    0.82   11.15 v _9374_/COUT (sky130_fd_sc_hd__ha_4)
                                         _4248_ (net)
                  0.10    0.00   11.15 v _9303_/CIN (sky130_fd_sc_hd__fa_2)
     2    0.01    0.27    1.78   12.93 v _9303_/COUT (sky130_fd_sc_hd__fa_2)
                                         _4249_ (net)
                  0.27    0.00   12.93 v _7420_/B (sky130_fd_sc_hd__nor3_2)
     1    0.00    0.54    0.77   13.70 ^ _7420_/Y (sky130_fd_sc_hd__nor3_2)
                                         _2789_ (net)
                  0.54    0.00   13.70 ^ _7422_/B (sky130_fd_sc_hd__nor3_2)
     2    0.01    0.11    0.33   14.03 v _7422_/Y (sky130_fd_sc_hd__nor3_2)
                                         _2791_ (net)
                  0.11    0.00   14.03 v _7423_/C (sky130_fd_sc_hd__nor3_2)
     1    0.01    0.62    0.59   14.63 ^ _7423_/Y (sky130_fd_sc_hd__nor3_2)
                                         _2792_ (net)
                  0.62    0.00   14.63 ^ _7425_/B (sky130_fd_sc_hd__nor3_2)
     2    0.01    0.10    0.34   14.97 v _7425_/Y (sky130_fd_sc_hd__nor3_2)
                                         _2794_ (net)
                  0.10    0.00   14.97 v _7426_/B (sky130_fd_sc_hd__nor2_1)
     1    0.00    0.42    0.43   15.40 ^ _7426_/Y (sky130_fd_sc_hd__nor2_1)
                                         _2795_ (net)
                  0.42    0.00   15.40 ^ _7427_/B (sky130_fd_sc_hd__nor2_1)
     1    0.00    0.09    0.27   15.67 v _7427_/Y (sky130_fd_sc_hd__nor2_1)
                                         _2796_ (net)
                  0.09    0.00   15.67 v _7428_/A2 (sky130_fd_sc_hd__o21bai_2)
     2    0.01    0.47    0.53   16.19 ^ _7428_/Y (sky130_fd_sc_hd__o21bai_2)
                                         _2797_ (net)
                  0.47    0.00   16.19 ^ _7431_/B1 (sky130_fd_sc_hd__a221oi_1)
     2    0.01    0.19    0.40   16.59 v _7431_/Y (sky130_fd_sc_hd__a221oi_1)
                                         _2800_ (net)
                  0.19    0.00   16.59 v _7434_/A3 (sky130_fd_sc_hd__o31ai_1)
     1    0.00    0.72    0.88   17.48 ^ _7434_/Y (sky130_fd_sc_hd__o31ai_1)
                                         _2803_ (net)
                  0.72    0.00   17.48 ^ rebuffer26/A (sky130_fd_sc_hd__buf_2)
     2    0.01    0.14    0.65   18.13 ^ rebuffer26/X (sky130_fd_sc_hd__buf_2)
                                         net175 (net)
                  0.14    0.00   18.13 ^ _7435_/A2 (sky130_fd_sc_hd__a21oi_1)
     1    0.00    0.11    0.17   18.29 v _7435_/Y (sky130_fd_sc_hd__a21oi_1)
                                         _2804_ (net)
                  0.11    0.00   18.29 v _7436_/B1 (sky130_fd_sc_hd__o21ai_0)
     2    0.01    0.94    0.38   18.67 ^ _7436_/Y (sky130_fd_sc_hd__o21ai_0)
                                         _2805_ (net)
                  0.94    0.00   18.67 ^ _7437_/B2 (sky130_fd_sc_hd__a221oi_1)
     1    0.00    0.15    0.55   19.22 v _7437_/Y (sky130_fd_sc_hd__a221oi_1)
                                         _2806_ (net)
                  0.15    0.00   19.22 v rebuffer17/A (sky130_fd_sc_hd__buf_2)
     2    0.01    0.11    0.52   19.74 v rebuffer17/X (sky130_fd_sc_hd__buf_2)
                                         net166 (net)
                  0.11    0.00   19.74 v _7440_/A3 (sky130_fd_sc_hd__o31ai_1)
     1    0.00    0.69    0.82   20.56 ^ _7440_/Y (sky130_fd_sc_hd__o31ai_1)
                                         _2809_ (net)
                  0.69    0.00   20.56 ^ rebuffer25/A (sky130_fd_sc_hd__buf_2)
     2    0.01    0.17    0.65   21.22 ^ rebuffer25/X (sky130_fd_sc_hd__buf_2)
                                         net174 (net)
                  0.17    0.00   21.22 ^ _7441_/B2 (sky130_fd_sc_hd__a221oi_1)
     1    0.00    0.15    0.19   21.41 v _7441_/Y (sky130_fd_sc_hd__a221oi_1)
                                         _2810_ (net)
                  0.15    0.00   21.41 v rebuffer51/A (sky130_fd_sc_hd__buf_2)
     2    0.01    0.09    0.49   21.90 v rebuffer51/X (sky130_fd_sc_hd__buf_2)
                                         net200 (net)
                  0.09    0.00   21.90 v _7442_/C (sky130_fd_sc_hd__nor3_2)
     1    0.01    0.56    0.54   22.44 ^ _7442_/Y (sky130_fd_sc_hd__nor3_2)
                                         _2811_ (net)
                  0.56    0.00   22.44 ^ _7443_/C (sky130_fd_sc_hd__nor3_2)
     2    0.01    0.10    0.31   22.75 v _7443_/Y (sky130_fd_sc_hd__nor3_2)
                                         _2812_ (net)
                  0.10    0.00   22.75 v _7446_/A3 (sky130_fd_sc_hd__o31ai_1)
     1    0.00    0.66    0.79   23.54 ^ _7446_/Y (sky130_fd_sc_hd__o31ai_1)
                                         _2815_ (net)
                  0.66    0.00   23.54 ^ rebuffer49/A (sky130_fd_sc_hd__buf_2)
     2    0.01    0.15    0.62   24.16 ^ rebuffer49/X (sky130_fd_sc_hd__buf_2)
                                         net198 (net)
                  0.15    0.00   24.16 ^ _7448_/B1 (sky130_fd_sc_hd__a221o_1)
     2    0.01    0.29    0.50   24.66 ^ _7448_/X (sky130_fd_sc_hd__a221o_1)
                                         _2817_ (net)
                  0.29    0.00   24.66 ^ _7449_/B2 (sky130_fd_sc_hd__a221oi_1)
     1    0.00    0.12    0.26   24.92 v _7449_/Y (sky130_fd_sc_hd__a221oi_1)
                                         _2818_ (net)
                  0.12    0.00   24.92 v rebuffer24/A (sky130_fd_sc_hd__buf_4)
     3    0.01    0.09    0.53   25.45 v rebuffer24/X (sky130_fd_sc_hd__buf_4)
                                         net173 (net)
                  0.09    0.00   25.45 v _7454_/A2 (sky130_fd_sc_hd__o21ai_0)
     1    0.00    0.46    0.52   25.96 ^ _7454_/Y (sky130_fd_sc_hd__o21ai_0)
                                         _2823_ (net)
                  0.46    0.00   25.96 ^ _7456_/A2 (sky130_fd_sc_hd__o21ai_0)
     2    0.00    0.14    0.37   26.33 v _7456_/Y (sky130_fd_sc_hd__o21ai_0)
                                         _2825_ (net)
                  0.14    0.00   26.33 v _7472_/A2 (sky130_fd_sc_hd__o21ai_0)
     1    0.04    4.46    3.63   29.96 ^ _7472_/Y (sky130_fd_sc_hd__o21ai_0)
                                         _2841_ (net)
                  4.46    0.00   29.96 ^ _7473_/S (sky130_fd_sc_hd__mux2i_1)
     1    0.01    1.13    2.78   32.74 ^ _7473_/Y (sky130_fd_sc_hd__mux2i_1)
                                         _2842_ (net)
                  1.13    0.00   32.74 ^ _7474_/B (sky130_fd_sc_hd__nand2_4)
     3    0.01    0.15    0.56   33.31 v _7474_/Y (sky130_fd_sc_hd__nand2_4)
                                         _2843_ (net)
                  0.15    0.00   33.31 v _8523_/A2 (sky130_fd_sc_hd__a21oi_2)
     2    0.01    0.42    0.59   33.90 ^ _8523_/Y (sky130_fd_sc_hd__a21oi_2)
                                         _3618_ (net)
                  0.42    0.00   33.90 ^ _8527_/A3 (sky130_fd_sc_hd__a41oi_1)
     1    0.00    0.17    0.39   34.29 v _8527_/Y (sky130_fd_sc_hd__a41oi_1)
                                         _0340_ (net)
                  0.17    0.00   34.29 v rv32_soc/latched_store$_SDFFE_PN0P_/D (sky130_fd_sc_hd__dfxtp_1)
                                 34.29   data arrival time

                         25.00   25.00   clock clk0 (rise edge)
                          5.79   30.79   clock network delay (propagated)
                          0.00   30.79   clock reconvergence pessimism
                                 30.79 ^ rv32_soc/latched_store$_SDFFE_PN0P_/CLK (sky130_fd_sc_hd__dfxtp_1)
                         -0.72   30.07   library setup time
                                 30.07   data required time
-----------------------------------------------------------------------------
                                 30.07   data required time
                                -34.29   data arrival time
-----------------------------------------------------------------------------
                                 -4.22   slack (VIOLATED)


Startpoint: _9509_ (rising edge-triggered flip-flop clocked by clk0)
Endpoint: pcpi_rs2[23]$_DFFE_PP_
          (rising edge-triggered flip-flop clocked by clk0)
Path Group: clk0
Path Type: max
Corner: slow

Fanout     Cap    Slew   Delay    Time   Description
-----------------------------------------------------------------------------
                          0.00    0.00   clock clk0 (rise edge)
                          5.77    5.77   clock network delay (propagated)
                  0.34    0.00    5.77 ^ _9509_/CLK (sky130_fd_sc_hd__dfxtp_1)
    10    0.07    2.29    2.96    8.74 ^ _9509_/Q (sky130_fd_sc_hd__dfxtp_1)
                                         _0000_ (net)
                  2.29    0.00    8.74 ^ load_slew1761/A (sky130_fd_sc_hd__buf_1)
    14    0.10    4.69    4.52   13.25 ^ load_slew1761/X (sky130_fd_sc_hd__buf_1)
                                         net1761 (net)
                  4.69    0.00   13.26 ^ load_slew1760/A (sky130_fd_sc_hd__buf_1)
    13    0.09    4.18    4.87   18.13 ^ load_slew1760/X (sky130_fd_sc_hd__buf_1)
                                         net1760 (net)
                  4.18    0.00   18.13 ^ load_slew1753/A (sky130_fd_sc_hd__clkdlybuf4s15_2)
    14    0.11    2.22    3.79   21.92 ^ load_slew1753/X (sky130_fd_sc_hd__clkdlybuf4s15_2)
                                         net1753 (net)
                  2.22    0.00   21.92 ^ load_slew1752/A (sky130_fd_sc_hd__buf_12)
     9    0.07    0.36    1.35   23.27 ^ load_slew1752/X (sky130_fd_sc_hd__buf_12)
                                         net1752 (net)
                  0.36    0.00   23.27 ^ load_slew1751/A (sky130_fd_sc_hd__buf_16)
    13    0.10    0.42    0.65   23.92 ^ load_slew1751/X (sky130_fd_sc_hd__buf_16)
                                         net1751 (net)
                  0.42    0.00   23.92 ^ load_slew1750/A (sky130_fd_sc_hd__buf_16)
    14    0.11    0.43    0.69   24.62 ^ load_slew1750/X (sky130_fd_sc_hd__buf_16)
                                         net1750 (net)
                  0.43    0.01   24.62 ^ load_slew1749/A (sky130_fd_sc_hd__buf_16)
    14    0.11    0.45    0.71   25.33 ^ load_slew1749/X (sky130_fd_sc_hd__buf_16)
                                         net1749 (net)
                  0.45    0.00   25.33 ^ _7227_/S0 (sky130_fd_sc_hd__mux4_2)
     1    0.00    0.26    2.67   28.00 v _7227_/X (sky130_fd_sc_hd__mux4_2)
                                         _2611_ (net)
                  0.26    0.00   28.00 v _7230_/A1 (sky130_fd_sc_hd__mux4_2)
     1    0.00    0.27    2.46   30.46 v _7230_/X (sky130_fd_sc_hd__mux4_2)
                                         _2614_ (net)
                  0.27    0.00   30.46 v _7243_/A2 (sky130_fd_sc_hd__o211ai_1)
     1    0.03    2.44    2.22   32.68 ^ _7243_/Y (sky130_fd_sc_hd__o211ai_1)
                                         _2627_ (net)
                  2.44    0.00   32.68 ^ _7244_/B (sky130_fd_sc_hd__nand2_1)
     1    0.00    0.24    1.01   33.69 v _7244_/Y (sky130_fd_sc_hd__nand2_1)
                                         _0090_ (net)
                  0.24    0.00   33.69 v pcpi_rs2[23]$_DFFE_PP_/D (sky130_fd_sc_hd__edfxtp_1)
                                 33.69   data arrival time

                         25.00   25.00   clock clk0 (rise edge)
                          5.83   30.83   clock network delay (propagated)
                          0.00   30.83   clock reconvergence pessimism
                                 30.83 ^ pcpi_rs2[23]$_DFFE_PP_/CLK (sky130_fd_sc_hd__edfxtp_1)
                         -1.35   29.48   library setup time
                                 29.48   data required time
-----------------------------------------------------------------------------
                                 29.48   data required time
                                -33.69   data arrival time
-----------------------------------------------------------------------------
                                 -4.21   slack (VIOLATED)


Startpoint: _9509_ (rising edge-triggered flip-flop clocked by clk0)
Endpoint: pcpi_rs2[25]$_DFFE_PP_
          (rising edge-triggered flip-flop clocked by clk0)
Path Group: clk0
Path Type: max
Corner: slow

Fanout     Cap    Slew   Delay    Time   Description
-----------------------------------------------------------------------------
                          0.00    0.00   clock clk0 (rise edge)
                          5.77    5.77   clock network delay (propagated)
                  0.34    0.00    5.77 ^ _9509_/CLK (sky130_fd_sc_hd__dfxtp_1)
    10    0.07    2.29    2.96    8.74 ^ _9509_/Q (sky130_fd_sc_hd__dfxtp_1)
                                         _0000_ (net)
                  2.29    0.00    8.74 ^ load_slew1761/A (sky130_fd_sc_hd__buf_1)
    14    0.10    4.69    4.52   13.25 ^ load_slew1761/X (sky130_fd_sc_hd__buf_1)
                                         net1761 (net)
                  4.69    0.00   13.26 ^ load_slew1760/A (sky130_fd_sc_hd__buf_1)
    13    0.09    4.18    4.87   18.13 ^ load_slew1760/X (sky130_fd_sc_hd__buf_1)
                                         net1760 (net)
                  4.18    0.00   18.13 ^ load_slew1753/A (sky130_fd_sc_hd__clkdlybuf4s15_2)
    14    0.11    2.22    3.79   21.92 ^ load_slew1753/X (sky130_fd_sc_hd__clkdlybuf4s15_2)
                                         net1753 (net)
                  2.22    0.00   21.92 ^ load_slew1752/A (sky130_fd_sc_hd__buf_12)
     9    0.07    0.36    1.35   23.27 ^ load_slew1752/X (sky130_fd_sc_hd__buf_12)
                                         net1752 (net)
                  0.36    0.00   23.27 ^ load_slew1751/A (sky130_fd_sc_hd__buf_16)
    13    0.10    0.42    0.65   23.92 ^ load_slew1751/X (sky130_fd_sc_hd__buf_16)
                                         net1751 (net)
                  0.42    0.00   23.92 ^ load_slew1750/A (sky130_fd_sc_hd__buf_16)
    14    0.11    0.43    0.69   24.62 ^ load_slew1750/X (sky130_fd_sc_hd__buf_16)
                                         net1750 (net)
                  0.43    0.01   24.62 ^ load_slew1749/A (sky130_fd_sc_hd__buf_16)
    14    0.11    0.45    0.71   25.33 ^ load_slew1749/X (sky130_fd_sc_hd__buf_16)
                                         net1749 (net)
                  0.45    0.00   25.34 ^ _7270_/S0 (sky130_fd_sc_hd__mux4_2)
     1    0.00    0.27    2.68   28.02 v _7270_/X (sky130_fd_sc_hd__mux4_2)
                                         _2652_ (net)
                  0.27    0.00   28.02 v _7274_/A0 (sky130_fd_sc_hd__mux4_2)
     1    0.02    0.36    2.80   30.81 v _7274_/X (sky130_fd_sc_hd__mux4_2)
                                         _2656_ (net)
                  0.36    0.00   30.81 v _7275_/A2 (sky130_fd_sc_hd__o21ai_0)
     1    0.01    1.41    1.43   32.25 ^ _7275_/Y (sky130_fd_sc_hd__o21ai_0)
                                         _2657_ (net)
                  1.41    0.00   32.25 ^ _7277_/A2 (sky130_fd_sc_hd__o21ai_0)
     1    0.01    0.36    0.96   33.21 v _7277_/Y (sky130_fd_sc_hd__o21ai_0)
                                         _0092_ (net)
                  0.36    0.00   33.21 v pcpi_rs2[25]$_DFFE_PP_/D (sky130_fd_sc_hd__edfxtp_1)
                                 33.21   data arrival time

                         25.00   25.00   clock clk0 (rise edge)
                          5.83   30.83   clock network delay (propagated)
                          0.00   30.83   clock reconvergence pessimism
                                 30.83 ^ pcpi_rs2[25]$_DFFE_PP_/CLK (sky130_fd_sc_hd__edfxtp_1)
                         -1.41   29.42   library setup time
                                 29.42   data required time
-----------------------------------------------------------------------------
                                 29.42   data required time
                                -33.21   data arrival time
-----------------------------------------------------------------------------
                                 -3.79   slack (VIOLATED)


Startpoint: pcpi_rs1[0]$_DFFE_PP_
            (rising edge-triggered flip-flop clocked by clk0)
Endpoint: rv32_soc/mem_do_rinst$_SDFFE_PP1P_
          (rising edge-triggered flip-flop clocked by clk0)
Path Group: clk0
Path Type: max
Corner: slow

Fanout     Cap    Slew   Delay    Time   Description
-----------------------------------------------------------------------------
                          0.00    0.00   clock clk0 (rise edge)
                          5.77    5.77   clock network delay (propagated)
                  0.34    0.00    5.77 ^ pcpi_rs1[0]$_DFFE_PP_/CLK (sky130_fd_sc_hd__edfxtp_1)
     7    0.11    3.28    3.49    9.26 ^ pcpi_rs1[0]$_DFFE_PP_/Q (sky130_fd_sc_hd__edfxtp_1)
                                         pcpi_rs1[0] (net)
                  3.28    0.00    9.26 ^ _4861_/A (sky130_fd_sc_hd__inv_8)
     4    0.03    0.39    1.06   10.32 v _4861_/Y (sky130_fd_sc_hd__inv_8)
                                         _4393_ (net)
                  0.39    0.00   10.32 v _9374_/B (sky130_fd_sc_hd__ha_4)
     2    0.01    0.10    0.82   11.15 v _9374_/COUT (sky130_fd_sc_hd__ha_4)
                                         _4248_ (net)
                  0.10    0.00   11.15 v _9303_/CIN (sky130_fd_sc_hd__fa_2)
     2    0.01    0.27    1.78   12.93 v _9303_/COUT (sky130_fd_sc_hd__fa_2)
                                         _4249_ (net)
                  0.27    0.00   12.93 v _7420_/B (sky130_fd_sc_hd__nor3_2)
     1    0.00    0.54    0.77   13.70 ^ _7420_/Y (sky130_fd_sc_hd__nor3_2)
                                         _2789_ (net)
                  0.54    0.00   13.70 ^ _7422_/B (sky130_fd_sc_hd__nor3_2)
     2    0.01    0.11    0.33   14.03 v _7422_/Y (sky130_fd_sc_hd__nor3_2)
                                         _2791_ (net)
                  0.11    0.00   14.03 v _7423_/C (sky130_fd_sc_hd__nor3_2)
     1    0.01    0.62    0.59   14.63 ^ _7423_/Y (sky130_fd_sc_hd__nor3_2)
                                         _2792_ (net)
                  0.62    0.00   14.63 ^ _7425_/B (sky130_fd_sc_hd__nor3_2)
     2    0.01    0.10    0.34   14.97 v _7425_/Y (sky130_fd_sc_hd__nor3_2)
                                         _2794_ (net)
                  0.10    0.00   14.97 v _7426_/B (sky130_fd_sc_hd__nor2_1)
     1    0.00    0.42    0.43   15.40 ^ _7426_/Y (sky130_fd_sc_hd__nor2_1)
                                         _2795_ (net)
                  0.42    0.00   15.40 ^ _7427_/B (sky130_fd_sc_hd__nor2_1)
     1    0.00    0.09    0.27   15.67 v _7427_/Y (sky130_fd_sc_hd__nor2_1)
                                         _2796_ (net)
                  0.09    0.00   15.67 v _7428_/A2 (sky130_fd_sc_hd__o21bai_2)
     2    0.01    0.47    0.53   16.19 ^ _7428_/Y (sky130_fd_sc_hd__o21bai_2)
                                         _2797_ (net)
                  0.47    0.00   16.19 ^ _7431_/B1 (sky130_fd_sc_hd__a221oi_1)
     2    0.01    0.19    0.40   16.59 v _7431_/Y (sky130_fd_sc_hd__a221oi_1)
                                         _2800_ (net)
                  0.19    0.00   16.59 v _7434_/A3 (sky130_fd_sc_hd__o31ai_1)
     1    0.00    0.72    0.88   17.48 ^ _7434_/Y (sky130_fd_sc_hd__o31ai_1)
                                         _2803_ (net)
                  0.72    0.00   17.48 ^ rebuffer26/A (sky130_fd_sc_hd__buf_2)
     2    0.01    0.14    0.65   18.13 ^ rebuffer26/X (sky130_fd_sc_hd__buf_2)
                                         net175 (net)
                  0.14    0.00   18.13 ^ _7435_/A2 (sky130_fd_sc_hd__a21oi_1)
     1    0.00    0.11    0.17   18.29 v _7435_/Y (sky130_fd_sc_hd__a21oi_1)
                                         _2804_ (net)
                  0.11    0.00   18.29 v _7436_/B1 (sky130_fd_sc_hd__o21ai_0)
     2    0.01    0.94    0.38   18.67 ^ _7436_/Y (sky130_fd_sc_hd__o21ai_0)
                                         _2805_ (net)
                  0.94    0.00   18.67 ^ _7437_/B2 (sky130_fd_sc_hd__a221oi_1)
     1    0.00    0.15    0.55   19.22 v _7437_/Y (sky130_fd_sc_hd__a221oi_1)
                                         _2806_ (net)
                  0.15    0.00   19.22 v rebuffer17/A (sky130_fd_sc_hd__buf_2)
     2    0.01    0.11    0.52   19.74 v rebuffer17/X (sky130_fd_sc_hd__buf_2)
                                         net166 (net)
                  0.11    0.00   19.74 v _7440_/A3 (sky130_fd_sc_hd__o31ai_1)
     1    0.00    0.69    0.82   20.56 ^ _7440_/Y (sky130_fd_sc_hd__o31ai_1)
                                         _2809_ (net)
                  0.69    0.00   20.56 ^ rebuffer25/A (sky130_fd_sc_hd__buf_2)
     2    0.01    0.17    0.65   21.22 ^ rebuffer25/X (sky130_fd_sc_hd__buf_2)
                                         net174 (net)
                  0.17    0.00   21.22 ^ _7441_/B2 (sky130_fd_sc_hd__a221oi_1)
     1    0.00    0.15    0.19   21.41 v _7441_/Y (sky130_fd_sc_hd__a221oi_1)
                                         _2810_ (net)
                  0.15    0.00   21.41 v rebuffer51/A (sky130_fd_sc_hd__buf_2)
     2    0.01    0.09    0.49   21.90 v rebuffer51/X (sky130_fd_sc_hd__buf_2)
                                         net200 (net)
                  0.09    0.00   21.90 v _7442_/C (sky130_fd_sc_hd__nor3_2)
     1    0.01    0.56    0.54   22.44 ^ _7442_/Y (sky130_fd_sc_hd__nor3_2)
                                         _2811_ (net)
                  0.56    0.00   22.44 ^ _7443_/C (sky130_fd_sc_hd__nor3_2)
     2    0.01    0.10    0.31   22.75 v _7443_/Y (sky130_fd_sc_hd__nor3_2)
                                         _2812_ (net)
                  0.10    0.00   22.75 v _7446_/A3 (sky130_fd_sc_hd__o31ai_1)
     1    0.00    0.66    0.79   23.54 ^ _7446_/Y (sky130_fd_sc_hd__o31ai_1)
                                         _2815_ (net)
                  0.66    0.00   23.54 ^ rebuffer49/A (sky130_fd_sc_hd__buf_2)
     2    0.01    0.15    0.62   24.16 ^ rebuffer49/X (sky130_fd_sc_hd__buf_2)
                                         net198 (net)
                  0.15    0.00   24.16 ^ _7448_/B1 (sky130_fd_sc_hd__a221o_1)
     2    0.01    0.29    0.50   24.66 ^ _7448_/X (sky130_fd_sc_hd__a221o_1)
                                         _2817_ (net)
                  0.29    0.00   24.66 ^ _7449_/B2 (sky130_fd_sc_hd__a221oi_1)
     1    0.00    0.12    0.26   24.92 v _7449_/Y (sky130_fd_sc_hd__a221oi_1)
                                         _2818_ (net)
                  0.12    0.00   24.92 v rebuffer24/A (sky130_fd_sc_hd__buf_4)
     3    0.01    0.09    0.53   25.45 v rebuffer24/X (sky130_fd_sc_hd__buf_4)
                                         net173 (net)
                  0.09    0.00   25.45 v _7454_/A2 (sky130_fd_sc_hd__o21ai_0)
     1    0.00    0.46    0.52   25.96 ^ _7454_/Y (sky130_fd_sc_hd__o21ai_0)
                                         _2823_ (net)
                  0.46    0.00   25.96 ^ _7456_/A2 (sky130_fd_sc_hd__o21ai_0)
     2    0.00    0.14    0.37   26.33 v _7456_/Y (sky130_fd_sc_hd__o21ai_0)
                                         _2825_ (net)
                  0.14    0.00   26.33 v _7472_/A2 (sky130_fd_sc_hd__o21ai_0)
     1    0.04    4.46    3.63   29.96 ^ _7472_/Y (sky130_fd_sc_hd__o21ai_0)
                                         _2841_ (net)
                  4.46    0.00   29.96 ^ _7473_/S (sky130_fd_sc_hd__mux2i_1)
     1    0.01    1.13    2.78   32.74 ^ _7473_/Y (sky130_fd_sc_hd__mux2i_1)
                                         _2842_ (net)
                  1.13    0.00   32.74 ^ _7474_/B (sky130_fd_sc_hd__nand2_4)
     3    0.01    0.15    0.56   33.31 v _7474_/Y (sky130_fd_sc_hd__nand2_4)
                                         _2843_ (net)
                  0.15    0.00   33.31 v _7475_/B (sky130_fd_sc_hd__nand2_1)
     2    0.01    0.26    0.32   33.62 ^ _7475_/Y (sky130_fd_sc_hd__nand2_1)
                                         _2844_ (net)
                  0.26    0.00   33.62 ^ _7587_/B2 (sky130_fd_sc_hd__o22ai_1)
     1    0.00    0.11    0.22   33.84 v _7587_/Y (sky130_fd_sc_hd__o22ai_1)
                                         _0336_ (net)
                  0.11    0.00   33.84 v rv32_soc/mem_do_rinst$_SDFFE_PP1P_/D (sky130_fd_sc_hd__dfxtp_2)
                                 33.84   data arrival time

                         25.00   25.00   clock clk0 (rise edge)
                          5.79   30.79   clock network delay (propagated)
                          0.00   30.79   clock reconvergence pessimism
                                 30.79 ^ rv32_soc/mem_do_rinst$_SDFFE_PP1P_/CLK (sky130_fd_sc_hd__dfxtp_2)
                         -0.69   30.10   library setup time
                                 30.10   data required time
-----------------------------------------------------------------------------
                                 30.10   data required time
                                -33.84   data arrival time
-----------------------------------------------------------------------------
                                 -3.74   slack (VIOLATED)


Startpoint: mem_la_wdata[3]$_DFFE_PP_
            (rising edge-triggered flip-flop clocked by clk0)
Endpoint: rv32_soc/alu_out_q[24]$_DFF_P_
          (rising edge-triggered flip-flop clocked by clk0)
Path Group: clk0
Path Type: max
Corner: slow

Fanout     Cap    Slew   Delay    Time   Description
-----------------------------------------------------------------------------
                          0.00    0.00   clock clk0 (rise edge)
                          5.77    5.77   clock network delay (propagated)
                  0.34    0.00    5.77 ^ mem_la_wdata[3]$_DFFE_PP_/CLK (sky130_fd_sc_hd__edfxtp_1)
     6    0.12    3.57    3.70    9.47 ^ mem_la_wdata[3]$_DFFE_PP_/Q (sky130_fd_sc_hd__edfxtp_1)
                                         mem_la_wdata[3] (net)
                  3.57    0.00    9.47 ^ _7532_/A (sky130_fd_sc_hd__inv_1)
     3    0.01    0.57    1.65   11.12 v _7532_/Y (sky130_fd_sc_hd__inv_1)
                                         _4407_ (net)
                  0.57    0.00   11.12 v _9379_/A (sky130_fd_sc_hd__ha_4)
     8    0.04    0.45    1.55   12.66 ^ _9379_/SUM (sky130_fd_sc_hd__ha_4)
                                         _4410_ (net)
                  0.45    0.00   12.66 ^ _7420_/C (sky130_fd_sc_hd__nor3_2)
     1    0.00    0.08    0.26   12.92 v _7420_/Y (sky130_fd_sc_hd__nor3_2)
                                         _2789_ (net)
                  0.08    0.00   12.92 v _7422_/B (sky130_fd_sc_hd__nor3_2)
     2    0.01    0.85    0.92   13.84 ^ _7422_/Y (sky130_fd_sc_hd__nor3_2)
                                         _2791_ (net)
                  0.85    0.00   13.84 ^ _7423_/C (sky130_fd_sc_hd__nor3_2)
     1    0.01    0.14    0.43   14.27 v _7423_/Y (sky130_fd_sc_hd__nor3_2)
                                         _2792_ (net)
                  0.14    0.00   14.27 v _7425_/B (sky130_fd_sc_hd__nor3_2)
     2    0.01    0.65    0.78   15.05 ^ _7425_/Y (sky130_fd_sc_hd__nor3_2)
                                         _2794_ (net)
                  0.65    0.00   15.05 ^ _7426_/B (sky130_fd_sc_hd__nor2_1)
     1    0.00    0.13    0.36   15.41 v _7426_/Y (sky130_fd_sc_hd__nor2_1)
                                         _2795_ (net)
                  0.13    0.00   15.41 v _7427_/B (sky130_fd_sc_hd__nor2_1)
     1    0.01    0.46    0.48   15.89 ^ _7427_/Y (sky130_fd_sc_hd__nor2_1)
                                         _2796_ (net)
                  0.46    0.00   15.89 ^ _7428_/A2 (sky130_fd_sc_hd__o21bai_2)
     2    0.01    0.15    0.33   16.22 v _7428_/Y (sky130_fd_sc_hd__o21bai_2)
                                         _2797_ (net)
                  0.15    0.00   16.22 v _7431_/B1 (sky130_fd_sc_hd__a221oi_1)
     2    0.01    1.32    1.34   17.56 ^ _7431_/Y (sky130_fd_sc_hd__a221oi_1)
                                         _2800_ (net)
                  1.32    0.00   17.56 ^ _7434_/A3 (sky130_fd_sc_hd__o31ai_1)
     1    0.00    0.15    0.64   18.20 v _7434_/Y (sky130_fd_sc_hd__o31ai_1)
                                         _2803_ (net)
                  0.15    0.00   18.20 v rebuffer26/A (sky130_fd_sc_hd__buf_2)
     2    0.01    0.08    0.47   18.68 v rebuffer26/X (sky130_fd_sc_hd__buf_2)
                                         net175 (net)
                  0.08    0.00   18.68 v _7435_/A2 (sky130_fd_sc_hd__a21oi_1)
     1    0.00    0.36    0.47   19.15 ^ _7435_/Y (sky130_fd_sc_hd__a21oi_1)
                                         _2804_ (net)
                  0.36    0.00   19.15 ^ _7436_/B1 (sky130_fd_sc_hd__o21ai_0)
     2    0.01    0.24    0.39   19.54 v _7436_/Y (sky130_fd_sc_hd__o21ai_0)
                                         _2805_ (net)
                  0.24    0.00   19.54 v _7437_/B2 (sky130_fd_sc_hd__a221oi_1)
     1    0.00    0.75    1.07   20.62 ^ _7437_/Y (sky130_fd_sc_hd__a221oi_1)
                                         _2806_ (net)
                  0.75    0.00   20.62 ^ rebuffer17/A (sky130_fd_sc_hd__buf_2)
     2    0.01    0.28    0.77   21.39 ^ rebuffer17/X (sky130_fd_sc_hd__buf_2)
                                         net166 (net)
                  0.28    0.00   21.39 ^ _7440_/A3 (sky130_fd_sc_hd__o31ai_1)
     1    0.00    0.12    0.23   21.62 v _7440_/Y (sky130_fd_sc_hd__o31ai_1)
                                         _2809_ (net)
                  0.12    0.00   21.62 v rebuffer25/A (sky130_fd_sc_hd__buf_2)
     2    0.01    0.08    0.46   22.08 v rebuffer25/X (sky130_fd_sc_hd__buf_2)
                                         net174 (net)
                  0.08    0.00   22.08 v _7441_/B2 (sky130_fd_sc_hd__a221oi_1)
     1    0.00    0.72    0.96   23.04 ^ _7441_/Y (sky130_fd_sc_hd__a221oi_1)
                                         _2810_ (net)
                  0.72    0.00   23.04 ^ rebuffer51/A (sky130_fd_sc_hd__buf_2)
     2    0.01    0.20    0.69   23.74 ^ rebuffer51/X (sky130_fd_sc_hd__buf_2)
                                         net200 (net)
                  0.20    0.00   23.74 ^ _7442_/C (sky130_fd_sc_hd__nor3_2)
     1    0.00    0.13    0.15   23.88 v _7442_/Y (sky130_fd_sc_hd__nor3_2)
                                         _2811_ (net)
                  0.13    0.00   23.88 v _7443_/C (sky130_fd_sc_hd__nor3_2)
     2    0.01    0.62    0.60   24.49 ^ _7443_/Y (sky130_fd_sc_hd__nor3_2)
                                         _2812_ (net)
                  0.62    0.00   24.49 ^ _7446_/A3 (sky130_fd_sc_hd__o31ai_1)
     1    0.00    0.10    0.37   24.85 v _7446_/Y (sky130_fd_sc_hd__o31ai_1)
                                         _2815_ (net)
                  0.10    0.00   24.85 v rebuffer49/A (sky130_fd_sc_hd__buf_2)
     2    0.01    0.08    0.45   25.30 v rebuffer49/X (sky130_fd_sc_hd__buf_2)
                                         net198 (net)
                  0.08    0.00   25.30 v rebuffer48/A (sky130_fd_sc_hd__buf_2)
     1    0.00    0.06    0.40   25.71 v rebuffer48/X (sky130_fd_sc_hd__buf_2)
                                         net197 (net)
                  0.06    0.00   25.71 v rebuffer47/A (sky130_fd_sc_hd__buf_2)
     1    0.00    0.06    0.39   26.10 v rebuffer47/X (sky130_fd_sc_hd__buf_2)
                                         net196 (net)
                  0.06    0.00   26.10 v rebuffer46/A (sky130_fd_sc_hd__buf_2)
     1    0.00    0.06    0.40   26.50 v rebuffer46/X (sky130_fd_sc_hd__buf_2)
                                         net195 (net)
                  0.06    0.00   26.50 v rebuffer45/A (sky130_fd_sc_hd__buf_2)
     1    0.00    0.06    0.40   26.90 v rebuffer45/X (sky130_fd_sc_hd__buf_2)
                                         net194 (net)
                  0.06    0.00   26.90 v rebuffer44/A (sky130_fd_sc_hd__buf_2)
     1    0.00    0.06    0.40   27.29 v rebuffer44/X (sky130_fd_sc_hd__buf_2)
                                         net193 (net)
                  0.06    0.00   27.29 v rebuffer43/A (sky130_fd_sc_hd__buf_2)
     1    0.00    0.06    0.40   27.70 v rebuffer43/X (sky130_fd_sc_hd__buf_2)
                                         net192 (net)
                  0.06    0.00   27.70 v rebuffer42/A (sky130_fd_sc_hd__buf_2)
     1    0.00    0.06    0.40   28.10 v rebuffer42/X (sky130_fd_sc_hd__buf_2)
                                         net191 (net)
                  0.06    0.00   28.10 v rebuffer41/A (sky130_fd_sc_hd__buf_2)
     1    0.00    0.06    0.39   28.49 v rebuffer41/X (sky130_fd_sc_hd__buf_2)
                                         net190 (net)
                  0.06    0.00   28.49 v rebuffer40/A (sky130_fd_sc_hd__buf_2)
     1    0.00    0.06    0.40   28.89 v rebuffer40/X (sky130_fd_sc_hd__buf_2)
                                         net189 (net)
                  0.06    0.00   28.89 v rebuffer39/A (sky130_fd_sc_hd__buf_2)
     1    0.00    0.06    0.40   29.29 v rebuffer39/X (sky130_fd_sc_hd__buf_2)
                                         net188 (net)
                  0.06    0.00   29.29 v rebuffer38/A (sky130_fd_sc_hd__buf_2)
     1    0.00    0.06    0.39   29.68 v rebuffer38/X (sky130_fd_sc_hd__buf_2)
                                         net187 (net)
                  0.06    0.00   29.68 v rebuffer37/A (sky130_fd_sc_hd__buf_2)
     1    0.00    0.06    0.39   30.07 v rebuffer37/X (sky130_fd_sc_hd__buf_2)
                                         net186 (net)
                  0.06    0.00   30.07 v rebuffer36/A (sky130_fd_sc_hd__buf_2)
     1    0.00    0.06    0.39   30.47 v rebuffer36/X (sky130_fd_sc_hd__buf_2)
                                         net185 (net)
                  0.06    0.00   30.47 v rebuffer35/A (sky130_fd_sc_hd__buf_2)
     1    0.00    0.06    0.39   30.86 v rebuffer35/X (sky130_fd_sc_hd__buf_2)
                                         net184 (net)
                  0.06    0.00   30.86 v rebuffer34/A (sky130_fd_sc_hd__buf_2)
     1    0.00    0.06    0.39   31.25 v rebuffer34/X (sky130_fd_sc_hd__buf_2)
                                         net183 (net)
                  0.06    0.00   31.25 v rebuffer33/A (sky130_fd_sc_hd__buf_2)
     1    0.00    0.06    0.39   31.64 v rebuffer33/X (sky130_fd_sc_hd__buf_2)
                                         net182 (net)
                  0.06    0.00   31.64 v rebuffer32/A (sky130_fd_sc_hd__buf_2)
     1    0.00    0.07    0.41   32.05 v rebuffer32/X (sky130_fd_sc_hd__buf_2)
                                         net181 (net)
                  0.07    0.00   32.05 v _9026_/A2 (sky130_fd_sc_hd__a21oi_2)
     2    0.01    0.41    0.54   32.60 ^ _9026_/Y (sky130_fd_sc_hd__a21oi_2)
                                         _3991_ (net)
                  0.41    0.00   32.60 ^ _9027_/A2 (sky130_fd_sc_hd__a21oi_1)
     1    0.00    0.25    0.29   32.89 v _9027_/Y (sky130_fd_sc_hd__a21oi_1)
                                         _3992_ (net)
                  0.25    0.00   32.89 v _9028_/B1 (sky130_fd_sc_hd__o21ai_0)
     1    0.00    0.58    0.35   33.24 ^ _9028_/Y (sky130_fd_sc_hd__o21ai_0)
                                         _3993_ (net)
                  0.58    0.00   33.24 ^ _9030_/B1 (sky130_fd_sc_hd__o211ai_1)
     1    0.01    0.22    0.49   33.73 v _9030_/Y (sky130_fd_sc_hd__o211ai_1)
                                         rv32_soc/alu_out[24] (net)
                  0.22    0.00   33.73 v rv32_soc/alu_out_q[24]$_DFF_P_/D (sky130_fd_sc_hd__dfxtp_2)
                                 33.73   data arrival time

                         25.00   25.00   clock clk0 (rise edge)
                          5.83   30.83   clock network delay (propagated)
                          0.00   30.83   clock reconvergence pessimism
                                 30.83 ^ rv32_soc/alu_out_q[24]$_DFF_P_/CLK (sky130_fd_sc_hd__dfxtp_2)
                         -0.78   30.05   library setup time
                                 30.05   data required time
-----------------------------------------------------------------------------
                                 30.05   data required time
                                -33.73   data arrival time
-----------------------------------------------------------------------------
                                 -3.68   slack (VIOLATED)


Startpoint: pcpi_rs1[1]$_DFFE_PP_
            (rising edge-triggered flip-flop clocked by clk0)
Endpoint: pcpi_rs1[31]$_DFFE_PP_
          (rising edge-triggered flip-flop clocked by clk0)
Path Group: clk0
Path Type: max
Corner: slow

Fanout     Cap    Slew   Delay    Time   Description
-----------------------------------------------------------------------------
                          0.00    0.00   clock clk0 (rise edge)
                          5.77    5.77   clock network delay (propagated)
                  0.34    0.00    5.77 ^ pcpi_rs1[1]$_DFFE_PP_/CLK (sky130_fd_sc_hd__edfxtp_1)
     7    0.11    3.50    3.65    9.42 ^ pcpi_rs1[1]$_DFFE_PP_/Q (sky130_fd_sc_hd__edfxtp_1)
                                         pcpi_rs1[1] (net)
                  3.50    0.00    9.42 ^ _9343_/A (sky130_fd_sc_hd__ha_1)
     1    0.01    0.20    2.35   11.77 v _9343_/SUM (sky130_fd_sc_hd__ha_1)
                                         _4333_ (net)
                  0.20    0.00   11.77 v _5751_/A2 (sky130_fd_sc_hd__a21o_4)
     1    0.01    0.12    0.98   12.76 v _5751_/X (sky130_fd_sc_hd__a21o_4)
                                         _1239_ (net)
                  0.12    0.00   12.76 v _5752_/A2 (sky130_fd_sc_hd__a21oi_2)
     2    0.01    0.70    0.80   13.55 ^ _5752_/Y (sky130_fd_sc_hd__a21oi_2)
                                         _1240_ (net)
                  0.70    0.00   13.55 ^ _5832_/A2 (sky130_fd_sc_hd__o21bai_1)
     1    0.00    0.15    0.45   14.01 v _5832_/Y (sky130_fd_sc_hd__o21bai_1)
                                         _1316_ (net)
                  0.15    0.00   14.01 v _5833_/A2 (sky130_fd_sc_hd__a21oi_2)
     2    0.01    0.57    0.72   14.72 ^ _5833_/Y (sky130_fd_sc_hd__a21oi_2)
                                         _1317_ (net)
                  0.57    0.00   14.72 ^ _5876_/A2 (sky130_fd_sc_hd__o21bai_1)
     1    0.01    0.16    0.42   15.14 v _5876_/Y (sky130_fd_sc_hd__o21bai_1)
                                         _1356_ (net)
                  0.16    0.00   15.14 v _5877_/A2 (sky130_fd_sc_hd__a21oi_2)
     2    0.02    1.18    1.18   16.33 ^ _5877_/Y (sky130_fd_sc_hd__a21oi_2)
                                         _1357_ (net)
                  1.18    0.00   16.33 ^ _5952_/A2 (sky130_fd_sc_hd__o21bai_2)
     1    0.01    0.17    0.62   16.95 v _5952_/Y (sky130_fd_sc_hd__o21bai_2)
                                         _1428_ (net)
                  0.17    0.00   16.95 v _5953_/A2 (sky130_fd_sc_hd__a21oi_2)
     2    0.01    0.70    0.83   17.78 ^ _5953_/Y (sky130_fd_sc_hd__a21oi_2)
                                         _1429_ (net)
                  0.70    0.00   17.78 ^ _6022_/A2 (sky130_fd_sc_hd__o21bai_2)
     1    0.01    0.15    0.44   18.23 v _6022_/Y (sky130_fd_sc_hd__o21bai_2)
                                         _1494_ (net)
                  0.15    0.00   18.23 v _6023_/A2 (sky130_fd_sc_hd__a21oi_2)
     2    0.01    0.60    0.74   18.97 ^ _6023_/Y (sky130_fd_sc_hd__a21oi_2)
                                         _1495_ (net)
                  0.60    0.00   18.97 ^ _6103_/A2 (sky130_fd_sc_hd__o21bai_1)
     1    0.01    0.16    0.43   19.40 v _6103_/Y (sky130_fd_sc_hd__o21bai_1)
                                         _1571_ (net)
                  0.16    0.00   19.40 v _6104_/A2 (sky130_fd_sc_hd__a21oi_2)
     2    0.01    0.67    0.80   20.20 ^ _6104_/Y (sky130_fd_sc_hd__a21oi_2)
                                         _1572_ (net)
                  0.67    0.00   20.20 ^ _6140_/A2 (sky130_fd_sc_hd__o21bai_2)
     1    0.01    0.18    0.46   20.66 v _6140_/Y (sky130_fd_sc_hd__o21bai_2)
                                         _1604_ (net)
                  0.18    0.00   20.66 v _6141_/A2 (sky130_fd_sc_hd__a21oi_2)
     2    0.01    0.54    0.71   21.37 ^ _6141_/Y (sky130_fd_sc_hd__a21oi_2)
                                         _1605_ (net)
                  0.54    0.00   21.37 ^ _6231_/A2 (sky130_fd_sc_hd__o21bai_1)
     1    0.01    0.19    0.43   21.80 v _6231_/Y (sky130_fd_sc_hd__o21bai_1)
                                         _1691_ (net)
                  0.19    0.00   21.80 v _6232_/A2 (sky130_fd_sc_hd__a21oi_2)
     3    0.01    0.64    0.80   22.60 ^ _6232_/Y (sky130_fd_sc_hd__a21oi_2)
                                         _1692_ (net)
                  0.64    0.00   22.60 ^ _6265_/A2 (sky130_fd_sc_hd__o21bai_2)
     1    0.01    0.15    0.41   23.01 v _6265_/Y (sky130_fd_sc_hd__o21bai_2)
                                         _1721_ (net)
                  0.15    0.00   23.01 v _6266_/A2 (sky130_fd_sc_hd__a21oi_2)
     2    0.01    0.49    0.66   23.67 ^ _6266_/Y (sky130_fd_sc_hd__a21oi_2)
                                         _1722_ (net)
                  0.49    0.00   23.67 ^ _6324_/A2 (sky130_fd_sc_hd__o21bai_1)
     1    0.01    0.19    0.41   24.07 v _6324_/Y (sky130_fd_sc_hd__o21bai_1)
                                         _1776_ (net)
                  0.19    0.00   24.07 v _6325_/A2 (sky130_fd_sc_hd__a21oi_2)
     2    0.01    0.61    0.78   24.85 ^ _6325_/Y (sky130_fd_sc_hd__a21oi_2)
                                         _1777_ (net)
                  0.61    0.00   24.85 ^ _6400_/A2 (sky130_fd_sc_hd__o21bai_1)
     1    0.01    0.16    0.44   25.29 v _6400_/Y (sky130_fd_sc_hd__o21bai_1)
                                         _1848_ (net)
                  0.16    0.00   25.29 v _6401_/A2 (sky130_fd_sc_hd__a21o_4)
     2    0.01    0.12    0.96   26.24 v _6401_/X (sky130_fd_sc_hd__a21o_4)
                                         _1849_ (net)
                  0.12    0.00   26.24 v _6439_/A2 (sky130_fd_sc_hd__a21o_4)
     1    0.01    0.11    0.92   27.16 v _6439_/X (sky130_fd_sc_hd__a21o_4)
                                         _1883_ (net)
                  0.11    0.00   27.16 v _6440_/A2 (sky130_fd_sc_hd__a21oi_2)
     2    0.01    0.55    0.68   27.84 ^ _6440_/Y (sky130_fd_sc_hd__a21oi_2)
                                         _1884_ (net)
                  0.55    0.00   27.84 ^ _6504_/A2 (sky130_fd_sc_hd__o21bai_1)
     1    0.01    0.17    0.41   28.25 v _6504_/Y (sky130_fd_sc_hd__o21bai_1)
                                         _1946_ (net)
                  0.17    0.00   28.25 v _6505_/A2 (sky130_fd_sc_hd__a21oi_2)
     3    0.01    0.65    0.79   29.05 ^ _6505_/Y (sky130_fd_sc_hd__a21oi_2)
                                         _1947_ (net)
                  0.65    0.00   29.05 ^ _6619_/A (sky130_fd_sc_hd__or4bb_4)
     2    0.01    0.20    0.69   29.74 ^ _6619_/X (sky130_fd_sc_hd__or4bb_4)
                                         _2056_ (net)
                  0.20    0.00   29.74 ^ _6623_/A1 (sky130_fd_sc_hd__a21oi_1)
     1    0.00    0.24    0.20   29.94 v _6623_/Y (sky130_fd_sc_hd__a21oi_1)
                                         _2060_ (net)
                  0.24    0.00   29.94 v _6647_/A2 (sky130_fd_sc_hd__o31ai_1)
     1    0.02    2.90    2.76   32.71 ^ _6647_/Y (sky130_fd_sc_hd__o31ai_1)
                                         _4776_ (net)
                  2.90    0.00   32.71 ^ pcpi_rs1[31]$_DFFE_PP_/D (sky130_fd_sc_hd__edfxtp_1)
                                 32.71   data arrival time

                         25.00   25.00   clock clk0 (rise edge)
                          5.85   30.85   clock network delay (propagated)
                          0.00   30.85   clock reconvergence pessimism
                                 30.85 ^ pcpi_rs1[31]$_DFFE_PP_/CLK (sky130_fd_sc_hd__edfxtp_1)
                         -1.63   29.22   library setup time
                                 29.22   data required time
-----------------------------------------------------------------------------
                                 29.22   data required time
                                -32.71   data arrival time
-----------------------------------------------------------------------------
                                 -3.48   slack (VIOLATED)


Startpoint: _9509_ (rising edge-triggered flip-flop clocked by clk0)
Endpoint: pcpi_rs2[18]$_DFFE_PP_
          (rising edge-triggered flip-flop clocked by clk0)
Path Group: clk0
Path Type: max
Corner: slow

Fanout     Cap    Slew   Delay    Time   Description
-----------------------------------------------------------------------------
                          0.00    0.00   clock clk0 (rise edge)
                          5.77    5.77   clock network delay (propagated)
                  0.34    0.00    5.77 ^ _9509_/CLK (sky130_fd_sc_hd__dfxtp_1)
    10    0.07    2.29    2.96    8.74 ^ _9509_/Q (sky130_fd_sc_hd__dfxtp_1)
                                         _0000_ (net)
                  2.29    0.00    8.74 ^ load_slew1761/A (sky130_fd_sc_hd__buf_1)
    14    0.10    4.69    4.52   13.25 ^ load_slew1761/X (sky130_fd_sc_hd__buf_1)
                                         net1761 (net)
                  4.69    0.00   13.26 ^ load_slew1760/A (sky130_fd_sc_hd__buf_1)
    13    0.09    4.18    4.87   18.13 ^ load_slew1760/X (sky130_fd_sc_hd__buf_1)
                                         net1760 (net)
                  4.18    0.00   18.13 ^ load_slew1753/A (sky130_fd_sc_hd__clkdlybuf4s15_2)
    14    0.11    2.22    3.79   21.92 ^ load_slew1753/X (sky130_fd_sc_hd__clkdlybuf4s15_2)
                                         net1753 (net)
                  2.22    0.00   21.92 ^ load_slew1752/A (sky130_fd_sc_hd__buf_12)
     9    0.07    0.36    1.35   23.27 ^ load_slew1752/X (sky130_fd_sc_hd__buf_12)
                                         net1752 (net)
                  0.36    0.00   23.27 ^ load_slew1751/A (sky130_fd_sc_hd__buf_16)
    13    0.10    0.42    0.65   23.92 ^ load_slew1751/X (sky130_fd_sc_hd__buf_16)
                                         net1751 (net)
                  0.42    0.00   23.92 ^ load_slew1750/A (sky130_fd_sc_hd__buf_16)
    14    0.11    0.43    0.69   24.62 ^ load_slew1750/X (sky130_fd_sc_hd__buf_16)
                                         net1750 (net)
                  0.43    0.01   24.62 ^ load_slew1749/A (sky130_fd_sc_hd__buf_16)
    14    0.11    0.45    0.71   25.33 ^ load_slew1749/X (sky130_fd_sc_hd__buf_16)
                                         net1749 (net)
                  0.45    0.00   25.33 ^ load_slew1748/A (sky130_fd_sc_hd__buf_16)
    13    0.09    0.39    0.67   26.01 ^ load_slew1748/X (sky130_fd_sc_hd__buf_16)
                                         net1748 (net)
                  0.39    0.00   26.01 ^ _7149_/S0 (sky130_fd_sc_hd__mux4_2)
     1    0.00    0.28    2.67   28.68 v _7149_/X (sky130_fd_sc_hd__mux4_2)
                                         _2538_ (net)
                  0.28    0.00   28.68 v _7153_/A0 (sky130_fd_sc_hd__mux4_2)
     1    0.03    0.40    2.88   31.56 v _7153_/X (sky130_fd_sc_hd__mux4_2)
                                         _2542_ (net)
                  0.40    0.00   31.56 v _7154_/A2 (sky130_fd_sc_hd__o21ai_0)
     1    0.00    0.42    0.67   32.23 ^ _7154_/Y (sky130_fd_sc_hd__o21ai_0)
                                         _2543_ (net)
                  0.42    0.00   32.23 ^ _7156_/A2 (sky130_fd_sc_hd__o21ai_0)
     1    0.01    0.47    0.59   32.82 v _7156_/Y (sky130_fd_sc_hd__o21ai_0)
                                         _0084_ (net)
                  0.47    0.00   32.82 v pcpi_rs2[18]$_DFFE_PP_/D (sky130_fd_sc_hd__edfxtp_1)
                                 32.82   data arrival time

                         25.00   25.00   clock clk0 (rise edge)
                          5.83   30.83   clock network delay (propagated)
                          0.00   30.83   clock reconvergence pessimism
                                 30.83 ^ pcpi_rs2[18]$_DFFE_PP_/CLK (sky130_fd_sc_hd__edfxtp_1)
                         -1.48   29.35   library setup time
                                 29.35   data required time
-----------------------------------------------------------------------------
                                 29.35   data required time
                                -32.82   data arrival time
-----------------------------------------------------------------------------
                                 -3.47   slack (VIOLATED)


