Cell type report:                       Count       Area
  Macro                                     1  284538.47
  Tap cell                               8831   11049.35
  Buffer                                  111     993.45
  Timing Repair Buffer                    774    4626.94
  Inverter                                228    1164.87
  Sequential cell                        1574   44426.36
  Multi-Input combinational cell         4115   37567.28
  Total                                 15634  384366.72

Cell instance report:
  sky130_sram_2kbyte_1rw1r_32x512_8         1  284538.47
  sky130_fd_sc_hd__a2111oi_0                5      43.79
  sky130_fd_sc_hd__a2111oi_1                1      10.01
  sky130_fd_sc_hd__a211o_1                  5      43.79
  sky130_fd_sc_hd__a211oi_1                22     165.16
  sky130_fd_sc_hd__a21boi_0                12      90.09
  sky130_fd_sc_hd__a21boi_2                11     123.87
  sky130_fd_sc_hd__a21boi_4                 1      18.77
  sky130_fd_sc_hd__a21o_1                  62     465.45
  sky130_fd_sc_hd__a21o_4                  18     270.26
  sky130_fd_sc_hd__a21oi_1                267    1336.28
  sky130_fd_sc_hd__a21oi_2                151    1322.52
  sky130_fd_sc_hd__a221o_1                  7      70.07
  sky130_fd_sc_hd__a221o_4                  1      21.27
  sky130_fd_sc_hd__a221oi_1                61     534.26
  sky130_fd_sc_hd__a222oi_1                37     370.36
  sky130_fd_sc_hd__a22o_1                  28     245.24
  sky130_fd_sc_hd__a22oi_1                 39     292.78
  sky130_fd_sc_hd__a311o_1                  1      10.01
  sky130_fd_sc_hd__a31o_1                   6      52.55
  sky130_fd_sc_hd__a31o_4                   2      35.03
  sky130_fd_sc_hd__a31oi_1                 74     462.94
  sky130_fd_sc_hd__a32o_1                   8      80.08
  sky130_fd_sc_hd__a32oi_1                  5      43.79
  sky130_fd_sc_hd__a41oi_1                  3      26.28
  sky130_fd_sc_hd__and2_0                  33     206.45
  sky130_fd_sc_hd__and2_4                  17     148.89
  sky130_fd_sc_hd__and3_1                  19     118.86
  sky130_fd_sc_hd__and3_4                  38     427.91
  sky130_fd_sc_hd__and3b_1                  8      70.07
  sky130_fd_sc_hd__and4_1                   2      17.52
  sky130_fd_sc_hd__and4_4                  28     315.30
  sky130_fd_sc_hd__buf_1                  390    1463.90
  sky130_fd_sc_hd__buf_16                   8     220.21
  sky130_fd_sc_hd__buf_2                   71     355.34
  sky130_fd_sc_hd__buf_4                  285    2139.55
  sky130_fd_sc_hd__buf_6                  103    1159.86
  sky130_fd_sc_hd__clkdlybuf4s15_1         25     250.24
  sky130_fd_sc_hd__clkdlybuf4s15_2          1      11.26
  sky130_fd_sc_hd__clkdlybuf4s18_2          2      20.02
  sky130_fd_sc_hd__clkinv_1                41     153.90
  sky130_fd_sc_hd__clkinv_16                8     240.23
  sky130_fd_sc_hd__clkinv_2                 7      35.03
  sky130_fd_sc_hd__conb_1                   2       7.51
  sky130_fd_sc_hd__dfxtp_1                 45     900.86
  sky130_fd_sc_hd__dfxtp_2                272    5785.55
  sky130_fd_sc_hd__dfxtp_4                  1      23.77
  sky130_fd_sc_hd__edfxtp_1              1256   37716.17
  sky130_fd_sc_hd__fa_1                     5     100.10
  sky130_fd_sc_hd__ha_1                   164    2051.97
  sky130_fd_sc_hd__ha_2                    22     330.32
  sky130_fd_sc_hd__ha_4                    13     325.31
  sky130_fd_sc_hd__inv_1                  140     525.50
  sky130_fd_sc_hd__inv_12                   3      48.80
  sky130_fd_sc_hd__inv_16                   2      40.04
  sky130_fd_sc_hd__inv_2                   23      86.33
  sky130_fd_sc_hd__inv_4                    2      12.51
  sky130_fd_sc_hd__inv_8                    2      22.52
  sky130_fd_sc_hd__mux2_1                  42     472.95
  sky130_fd_sc_hd__mux2_4                   6      90.09
  sky130_fd_sc_hd__mux2i_1                 76     760.73
  sky130_fd_sc_hd__mux4_2                 543   12229.23
  sky130_fd_sc_hd__nand2_1                409    1535.22
  sky130_fd_sc_hd__nand2_4                 90    1013.47
  sky130_fd_sc_hd__nand2b_1                18     112.61
  sky130_fd_sc_hd__nand3_1                 98     490.47
  sky130_fd_sc_hd__nand3b_1                11      82.58
  sky130_fd_sc_hd__nand4_1                 27     168.91
  sky130_fd_sc_hd__nand4b_1                 1       8.76
  sky130_fd_sc_hd__nor2_1                 360    1351.30
  sky130_fd_sc_hd__nor2_2                  51     319.06
  sky130_fd_sc_hd__nor2_4                  39     439.17
  sky130_fd_sc_hd__nor2_8                  26     520.50
  sky130_fd_sc_hd__nor2b_1                 16     100.10
  sky130_fd_sc_hd__nor2b_2                  7      61.31
  sky130_fd_sc_hd__nor2b_4                  9     123.87
  sky130_fd_sc_hd__nor3_1                  71     355.34
  sky130_fd_sc_hd__nor3_2                  11     110.11
  sky130_fd_sc_hd__nor3_4                   7     113.86
  sky130_fd_sc_hd__nor3b_1                 30     225.22
  sky130_fd_sc_hd__nor3b_2                  4      50.05
  sky130_fd_sc_hd__nor4_1                  21     131.38
  sky130_fd_sc_hd__nor4_2                  14     175.17
  sky130_fd_sc_hd__nor4b_1                  3      26.28
  sky130_fd_sc_hd__o2111a_1                 1      11.26
  sky130_fd_sc_hd__o2111ai_2                1      15.01
  sky130_fd_sc_hd__o211a_1                  2      20.02
  sky130_fd_sc_hd__o211ai_1                17     127.62
  sky130_fd_sc_hd__o21a_1                  55     412.90
  sky130_fd_sc_hd__o21ai_0                527    2637.53
  sky130_fd_sc_hd__o21ai_4                  3      48.80
  sky130_fd_sc_hd__o21bai_1                23     172.67
  sky130_fd_sc_hd__o21bai_2                 7      78.83
  sky130_fd_sc_hd__o21bai_4                 5      93.84
  sky130_fd_sc_hd__o221a_1                  1      11.26
  sky130_fd_sc_hd__o221ai_1                18     157.65
  sky130_fd_sc_hd__o221ai_2                 3      45.04
  sky130_fd_sc_hd__o221ai_4                 1      26.28
  sky130_fd_sc_hd__o22a_1                   2      17.52
  sky130_fd_sc_hd__o22ai_1                 28     175.17
  sky130_fd_sc_hd__o22ai_2                  6      75.07
  sky130_fd_sc_hd__o2bb2ai_1                1       8.76
  sky130_fd_sc_hd__o311a_1                  1      10.01
  sky130_fd_sc_hd__o311ai_0                14     122.62
  sky130_fd_sc_hd__o31a_1                   1       8.76
  sky130_fd_sc_hd__o31ai_1                 41     307.80
  sky130_fd_sc_hd__o32a_1                   1      10.01
  sky130_fd_sc_hd__o32ai_1                  5      43.79
  sky130_fd_sc_hd__or2_0                    2      12.51
  sky130_fd_sc_hd__or2_4                   14     122.62
  sky130_fd_sc_hd__or3_1                   27     168.91
  sky130_fd_sc_hd__or3_4                   18     202.69
  sky130_fd_sc_hd__or3b_1                   1       8.76
  sky130_fd_sc_hd__or3b_4                   4      45.04
  sky130_fd_sc_hd__or4_1                    4      30.03
  sky130_fd_sc_hd__or4_4                    8      90.09
  sky130_fd_sc_hd__or4bb_4                  1      15.01
  sky130_fd_sc_hd__tapvpwrvgnd_1         8831   11049.35
  sky130_fd_sc_hd__xnor2_1                 86     753.22
  sky130_fd_sc_hd__xor2_1                  18     157.65
