[-13.563, -11.751): * (5)
[-11.751, -9.940): * (3)
[-9.940, -8.128):  (0)
[-8.128, -6.316): * (2)
[-6.316, -4.504): * (8)
[-4.504, -2.693): * (6)
[-2.693, -0.881): * (9)
[-0.881,  0.931): * (14)
[ 0.931,  2.742): * (17)
[ 2.742,  4.554): ** (28)
[ 4.554,  6.366): **** (59)
[ 6.366,  8.177): ***************** (263)
[ 8.177,  9.989): *************************** (416)
[ 9.989, 11.801): ************************************************** (762)
[11.801, 13.612): ************************** (398)
[13.612, 15.424): ***************************** (437)
[15.424, 17.236): ********* (143)
[17.236, 19.048): ******* (100)
[19.048, 20.859): ****** (88)
[20.859, 22.671]: * (8)
