[WARNING STA-0503] report_checks -group_count is deprecated. Use -group_path_count instead.
Startpoint: mem_la_wdata[3]$_DFFE_PP_
            (rising edge-triggered flip-flop clocked by clk0)
Endpoint: rv32_soc/alu_out_q[0]$_DFF_P_
          (rising edge-triggered flip-flop clocked by clk0)
Path Group: clk0
Path Type: max
Corner: slow

Fanout     Cap    Slew   Delay    Time   Description
-----------------------------------------------------------------------------
                  0.00    0.00    0.00   clock clk0 (rise edge)
                          0.00    0.00   clock network delay (ideal)
                  0.00    0.00    0.00 ^ mem_la_wdata[3]$_DFFE_PP_/CLK (sky130_fd_sc_hd__edfxtp_1)
     6    0.12    3.82    3.70    3.70 ^ mem_la_wdata[3]$_DFFE_PP_/Q (sky130_fd_sc_hd__edfxtp_1)
                                         mem_la_wdata[3] (net)
                  3.82    0.00    3.70 ^ _7532_/A (sky130_fd_sc_hd__clkinv_1)
     3    0.01    0.75    2.08    5.79 v _7532_/Y (sky130_fd_sc_hd__clkinv_1)
                                         _4407_ (net)
                  0.75    0.00    5.79 v _9379_/A (sky130_fd_sc_hd__ha_1)
     8    0.04    1.12    2.25    8.04 ^ _9379_/SUM (sky130_fd_sc_hd__ha_1)
                                         _4410_ (net)
                  1.12    0.00    8.04 ^ _7420_/C (sky130_fd_sc_hd__nor3_1)
     1    0.00    0.20    0.56    8.60 v _7420_/Y (sky130_fd_sc_hd__nor3_1)
                                         _2789_ (net)
                  0.20    0.00    8.60 v _7422_/B (sky130_fd_sc_hd__nor3_2)
     2    0.01    0.71    0.86    9.46 ^ _7422_/Y (sky130_fd_sc_hd__nor3_2)
                                         _2791_ (net)
                  0.71    0.00    9.46 ^ _7423_/C (sky130_fd_sc_hd__nor3_1)
     1    0.01    0.18    0.41    9.88 v _7423_/Y (sky130_fd_sc_hd__nor3_1)
                                         _2792_ (net)
                  0.18    0.00    9.88 v _7425_/B (sky130_fd_sc_hd__nor3_2)
     2    0.01    0.64    0.80   10.68 ^ _7425_/Y (sky130_fd_sc_hd__nor3_2)
                                         _2794_ (net)
                  0.64    0.00   10.68 ^ _7426_/B (sky130_fd_sc_hd__nor2_1)
     1    0.00    0.13    0.36   11.04 v _7426_/Y (sky130_fd_sc_hd__nor2_1)
                                         _2795_ (net)
                  0.13    0.00   11.04 v _7427_/B (sky130_fd_sc_hd__nor2_1)
     1    0.01    0.46    0.48   11.52 ^ _7427_/Y (sky130_fd_sc_hd__nor2_1)
                                         _2796_ (net)
                  0.46    0.00   11.52 ^ _7428_/A2 (sky130_fd_sc_hd__o21bai_2)
     2    0.01    0.17    0.35   11.87 v _7428_/Y (sky130_fd_sc_hd__o21bai_2)
                                         _2797_ (net)
                  0.17    0.00   11.87 v _7431_/B1 (sky130_fd_sc_hd__a221oi_1)
     2    0.01    1.72    1.65   13.52 ^ _7431_/Y (sky130_fd_sc_hd__a221oi_1)
                                         _2800_ (net)
                  1.72    0.00   13.52 ^ _7434_/A3 (sky130_fd_sc_hd__o31ai_1)
     2    0.01    0.24    0.89   14.41 v _7434_/Y (sky130_fd_sc_hd__o31ai_1)
                                         _2803_ (net)
                  0.24    0.00   14.41 v _7435_/A2 (sky130_fd_sc_hd__a21oi_1)
     1    0.00    0.36    0.58   14.99 ^ _7435_/Y (sky130_fd_sc_hd__a21oi_1)
                                         _2804_ (net)
                  0.36    0.00   14.99 ^ _7436_/B1 (sky130_fd_sc_hd__o21ai_0)
     2    0.01    0.26    0.41   15.40 v _7436_/Y (sky130_fd_sc_hd__o21ai_0)
                                         _2805_ (net)
                  0.26    0.00   15.40 v _7437_/B2 (sky130_fd_sc_hd__a221oi_1)
     2    0.01    2.25    2.28   17.68 ^ _7437_/Y (sky130_fd_sc_hd__a221oi_1)
                                         _2806_ (net)
                  2.25    0.00   17.68 ^ _7440_/A3 (sky130_fd_sc_hd__o31ai_1)
     2    0.01    0.31    1.11   18.79 v _7440_/Y (sky130_fd_sc_hd__o31ai_1)
                                         _2809_ (net)
                  0.31    0.00   18.79 v _7441_/B2 (sky130_fd_sc_hd__a221oi_1)
     2    0.01    1.45    1.67   20.47 ^ _7441_/Y (sky130_fd_sc_hd__a221oi_1)
                                         _2810_ (net)
                  1.45    0.00   20.47 ^ _7442_/C (sky130_fd_sc_hd__nor3_1)
     1    0.00    0.22    0.63   21.10 v _7442_/Y (sky130_fd_sc_hd__nor3_1)
                                         _2811_ (net)
                  0.22    0.00   21.10 v _7443_/C (sky130_fd_sc_hd__nor3_1)
     2    0.01    1.03    0.99   22.09 ^ _7443_/Y (sky130_fd_sc_hd__nor3_1)
                                         _2812_ (net)
                  1.03    0.00   22.09 ^ _7446_/A3 (sky130_fd_sc_hd__o31ai_1)
     2    0.01    0.19    0.64   22.73 v _7446_/Y (sky130_fd_sc_hd__o31ai_1)
                                         _2815_ (net)
                  0.19    0.00   22.73 v _7448_/B1 (sky130_fd_sc_hd__a221o_1)
     2    0.01    0.18    1.36   24.09 v _7448_/X (sky130_fd_sc_hd__a221o_1)
                                         _2817_ (net)
                  0.18    0.00   24.09 v _7449_/B2 (sky130_fd_sc_hd__a221oi_1)
     3    0.01    1.92    1.97   26.06 ^ _7449_/Y (sky130_fd_sc_hd__a221oi_1)
                                         _2818_ (net)
                  1.92    0.00   26.06 ^ _7454_/A2 (sky130_fd_sc_hd__o21ai_0)
     1    0.00    0.23    0.93   26.99 v _7454_/Y (sky130_fd_sc_hd__o21ai_0)
                                         _2823_ (net)
                  0.23    0.00   26.99 v _7456_/A2 (sky130_fd_sc_hd__o21ai_0)
     3    0.04    4.65    3.82   30.81 ^ _7456_/Y (sky130_fd_sc_hd__o21ai_0)
                                         _2825_ (net)
                  4.65    0.00   30.81 ^ _7472_/A2 (sky130_fd_sc_hd__o21ai_0)
     1    0.04    1.28    3.15   33.96 v _7472_/Y (sky130_fd_sc_hd__o21ai_0)
                                         _2841_ (net)
                  1.28    0.00   33.97 v _7473_/S (sky130_fd_sc_hd__mux2i_1)
     1    0.01    1.13    1.66   35.63 ^ _7473_/Y (sky130_fd_sc_hd__mux2i_1)
                                         _2842_ (net)
                  1.13    0.00   35.63 ^ _7474_/B (sky130_fd_sc_hd__nand2_4)
     3    0.01    0.15    0.56   36.19 v _7474_/Y (sky130_fd_sc_hd__nand2_4)
                                         _2843_ (net)
                  0.15    0.00   36.19 v _8825_/A2 (sky130_fd_sc_hd__a221o_1)
     1    0.00    0.14    1.50   37.70 v _8825_/X (sky130_fd_sc_hd__a221o_1)
                                         rv32_soc/alu_out[0] (net)
                  0.14    0.00   37.70 v rv32_soc/alu_out_q[0]$_DFF_P_/D (sky130_fd_sc_hd__dfxtp_2)
                                 37.70   data arrival time

                  0.00   25.00   25.00   clock clk0 (rise edge)
                          0.00   25.00   clock network delay (ideal)
                          0.00   25.00   clock reconvergence pessimism
                                 25.00 ^ rv32_soc/alu_out_q[0]$_DFF_P_/CLK (sky130_fd_sc_hd__dfxtp_2)
                         -0.87   24.13   library setup time
                                 24.13   data required time
-----------------------------------------------------------------------------
                                 24.13   data required time
                                -37.70   data arrival time
-----------------------------------------------------------------------------
                                -13.56   slack (VIOLATED)


Startpoint: mem_la_wdata[3]$_DFFE_PP_
            (rising edge-triggered flip-flop clocked by clk0)
Endpoint: rv32_soc/latched_branch$_SDFFE_PN0P_
          (rising edge-triggered flip-flop clocked by clk0)
Path Group: clk0
Path Type: max
Corner: slow

Fanout     Cap    Slew   Delay    Time   Description
-----------------------------------------------------------------------------
                  0.00    0.00    0.00   clock clk0 (rise edge)
                          0.00    0.00   clock network delay (ideal)
                  0.00    0.00    0.00 ^ mem_la_wdata[3]$_DFFE_PP_/CLK (sky130_fd_sc_hd__edfxtp_1)
     6    0.12    3.82    3.70    3.70 ^ mem_la_wdata[3]$_DFFE_PP_/Q (sky130_fd_sc_hd__edfxtp_1)
                                         mem_la_wdata[3] (net)
                  3.82    0.00    3.70 ^ _7532_/A (sky130_fd_sc_hd__clkinv_1)
     3    0.01    0.75    2.08    5.79 v _7532_/Y (sky130_fd_sc_hd__clkinv_1)
                                         _4407_ (net)
                  0.75    0.00    5.79 v _9379_/A (sky130_fd_sc_hd__ha_1)
     8    0.04    1.12    2.25    8.04 ^ _9379_/SUM (sky130_fd_sc_hd__ha_1)
                                         _4410_ (net)
                  1.12    0.00    8.04 ^ _7420_/C (sky130_fd_sc_hd__nor3_1)
     1    0.00    0.20    0.56    8.60 v _7420_/Y (sky130_fd_sc_hd__nor3_1)
                                         _2789_ (net)
                  0.20    0.00    8.60 v _7422_/B (sky130_fd_sc_hd__nor3_2)
     2    0.01    0.71    0.86    9.46 ^ _7422_/Y (sky130_fd_sc_hd__nor3_2)
                                         _2791_ (net)
                  0.71    0.00    9.46 ^ _7423_/C (sky130_fd_sc_hd__nor3_1)
     1    0.01    0.18    0.41    9.88 v _7423_/Y (sky130_fd_sc_hd__nor3_1)
                                         _2792_ (net)
                  0.18    0.00    9.88 v _7425_/B (sky130_fd_sc_hd__nor3_2)
     2    0.01    0.64    0.80   10.68 ^ _7425_/Y (sky130_fd_sc_hd__nor3_2)
                                         _2794_ (net)
                  0.64    0.00   10.68 ^ _7426_/B (sky130_fd_sc_hd__nor2_1)
     1    0.00    0.13    0.36   11.04 v _7426_/Y (sky130_fd_sc_hd__nor2_1)
                                         _2795_ (net)
                  0.13    0.00   11.04 v _7427_/B (sky130_fd_sc_hd__nor2_1)
     1    0.01    0.46    0.48   11.52 ^ _7427_/Y (sky130_fd_sc_hd__nor2_1)
                                         _2796_ (net)
                  0.46    0.00   11.52 ^ _7428_/A2 (sky130_fd_sc_hd__o21bai_2)
     2    0.01    0.17    0.35   11.87 v _7428_/Y (sky130_fd_sc_hd__o21bai_2)
                                         _2797_ (net)
                  0.17    0.00   11.87 v _7431_/B1 (sky130_fd_sc_hd__a221oi_1)
     2    0.01    1.72    1.65   13.52 ^ _7431_/Y (sky130_fd_sc_hd__a221oi_1)
                                         _2800_ (net)
                  1.72    0.00   13.52 ^ _7434_/A3 (sky130_fd_sc_hd__o31ai_1)
     2    0.01    0.24    0.89   14.41 v _7434_/Y (sky130_fd_sc_hd__o31ai_1)
                                         _2803_ (net)
                  0.24    0.00   14.41 v _7435_/A2 (sky130_fd_sc_hd__a21oi_1)
     1    0.00    0.36    0.58   14.99 ^ _7435_/Y (sky130_fd_sc_hd__a21oi_1)
                                         _2804_ (net)
                  0.36    0.00   14.99 ^ _7436_/B1 (sky130_fd_sc_hd__o21ai_0)
     2    0.01    0.26    0.41   15.40 v _7436_/Y (sky130_fd_sc_hd__o21ai_0)
                                         _2805_ (net)
                  0.26    0.00   15.40 v _7437_/B2 (sky130_fd_sc_hd__a221oi_1)
     2    0.01    2.25    2.28   17.68 ^ _7437_/Y (sky130_fd_sc_hd__a221oi_1)
                                         _2806_ (net)
                  2.25    0.00   17.68 ^ _7440_/A3 (sky130_fd_sc_hd__o31ai_1)
     2    0.01    0.31    1.11   18.79 v _7440_/Y (sky130_fd_sc_hd__o31ai_1)
                                         _2809_ (net)
                  0.31    0.00   18.79 v _7441_/B2 (sky130_fd_sc_hd__a221oi_1)
     2    0.01    1.45    1.67   20.47 ^ _7441_/Y (sky130_fd_sc_hd__a221oi_1)
                                         _2810_ (net)
                  1.45    0.00   20.47 ^ _7442_/C (sky130_fd_sc_hd__nor3_1)
     1    0.00    0.22    0.63   21.10 v _7442_/Y (sky130_fd_sc_hd__nor3_1)
                                         _2811_ (net)
                  0.22    0.00   21.10 v _7443_/C (sky130_fd_sc_hd__nor3_1)
     2    0.01    1.03    0.99   22.09 ^ _7443_/Y (sky130_fd_sc_hd__nor3_1)
                                         _2812_ (net)
                  1.03    0.00   22.09 ^ _7446_/A3 (sky130_fd_sc_hd__o31ai_1)
     2    0.01    0.19    0.64   22.73 v _7446_/Y (sky130_fd_sc_hd__o31ai_1)
                                         _2815_ (net)
                  0.19    0.00   22.73 v _7448_/B1 (sky130_fd_sc_hd__a221o_1)
     2    0.01    0.18    1.36   24.09 v _7448_/X (sky130_fd_sc_hd__a221o_1)
                                         _2817_ (net)
                  0.18    0.00   24.09 v _7449_/B2 (sky130_fd_sc_hd__a221oi_1)
     3    0.01    1.92    1.97   26.06 ^ _7449_/Y (sky130_fd_sc_hd__a221oi_1)
                                         _2818_ (net)
                  1.92    0.00   26.06 ^ _7454_/A2 (sky130_fd_sc_hd__o21ai_0)
     1    0.00    0.23    0.93   26.99 v _7454_/Y (sky130_fd_sc_hd__o21ai_0)
                                         _2823_ (net)
                  0.23    0.00   26.99 v _7456_/A2 (sky130_fd_sc_hd__o21ai_0)
     3    0.04    4.65    3.82   30.81 ^ _7456_/Y (sky130_fd_sc_hd__o21ai_0)
                                         _2825_ (net)
                  4.65    0.00   30.81 ^ _7472_/A2 (sky130_fd_sc_hd__o21ai_0)
     1    0.04    1.28    3.15   33.96 v _7472_/Y (sky130_fd_sc_hd__o21ai_0)
                                         _2841_ (net)
                  1.28    0.00   33.97 v _7473_/S (sky130_fd_sc_hd__mux2i_1)
     1    0.01    1.13    1.66   35.63 ^ _7473_/Y (sky130_fd_sc_hd__mux2i_1)
                                         _2842_ (net)
                  1.13    0.00   35.63 ^ _7474_/B (sky130_fd_sc_hd__nand2_4)
     3    0.01    0.15    0.56   36.19 v _7474_/Y (sky130_fd_sc_hd__nand2_4)
                                         _2843_ (net)
                  0.15    0.00   36.19 v _8523_/A2 (sky130_fd_sc_hd__a21oi_2)
     2    0.01    0.41    0.59   36.79 ^ _8523_/Y (sky130_fd_sc_hd__a21oi_2)
                                         _3618_ (net)
                  0.41    0.00   36.79 ^ _8533_/A1 (sky130_fd_sc_hd__o21ai_0)
     1    0.00    0.15    0.35   37.13 v _8533_/Y (sky130_fd_sc_hd__o21ai_0)
                                         _3626_ (net)
                  0.15    0.00   37.13 v _8534_/B1 (sky130_fd_sc_hd__o311a_1)
     1    0.00    0.15    0.46   37.60 v _8534_/X (sky130_fd_sc_hd__o311a_1)
                                         _0342_ (net)
                  0.15    0.00   37.60 v rv32_soc/latched_branch$_SDFFE_PN0P_/D (sky130_fd_sc_hd__dfxtp_2)
                                 37.60   data arrival time

                  0.00   25.00   25.00   clock clk0 (rise edge)
                          0.00   25.00   clock network delay (ideal)
                          0.00   25.00   clock reconvergence pessimism
                                 25.00 ^ rv32_soc/latched_branch$_SDFFE_PN0P_/CLK (sky130_fd_sc_hd__dfxtp_2)
                         -0.87   24.13   library setup time
                                 24.13   data required time
-----------------------------------------------------------------------------
                                 24.13   data required time
                                -37.60   data arrival time
-----------------------------------------------------------------------------
                                -13.47   slack (VIOLATED)


Startpoint: mem_la_wdata[3]$_DFFE_PP_
            (rising edge-triggered flip-flop clocked by clk0)
Endpoint: rv32_soc/decoder_trigger$_DFF_P_
          (rising edge-triggered flip-flop clocked by clk0)
Path Group: clk0
Path Type: max
Corner: slow

Fanout     Cap    Slew   Delay    Time   Description
-----------------------------------------------------------------------------
                  0.00    0.00    0.00   clock clk0 (rise edge)
                          0.00    0.00   clock network delay (ideal)
                  0.00    0.00    0.00 ^ mem_la_wdata[3]$_DFFE_PP_/CLK (sky130_fd_sc_hd__edfxtp_1)
     6    0.12    3.82    3.70    3.70 ^ mem_la_wdata[3]$_DFFE_PP_/Q (sky130_fd_sc_hd__edfxtp_1)
                                         mem_la_wdata[3] (net)
                  3.82    0.00    3.70 ^ _7532_/A (sky130_fd_sc_hd__clkinv_1)
     3    0.01    0.75    2.08    5.79 v _7532_/Y (sky130_fd_sc_hd__clkinv_1)
                                         _4407_ (net)
                  0.75    0.00    5.79 v _9379_/A (sky130_fd_sc_hd__ha_1)
     8    0.04    1.12    2.25    8.04 ^ _9379_/SUM (sky130_fd_sc_hd__ha_1)
                                         _4410_ (net)
                  1.12    0.00    8.04 ^ _7420_/C (sky130_fd_sc_hd__nor3_1)
     1    0.00    0.20    0.56    8.60 v _7420_/Y (sky130_fd_sc_hd__nor3_1)
                                         _2789_ (net)
                  0.20    0.00    8.60 v _7422_/B (sky130_fd_sc_hd__nor3_2)
     2    0.01    0.71    0.86    9.46 ^ _7422_/Y (sky130_fd_sc_hd__nor3_2)
                                         _2791_ (net)
                  0.71    0.00    9.46 ^ _7423_/C (sky130_fd_sc_hd__nor3_1)
     1    0.01    0.18    0.41    9.88 v _7423_/Y (sky130_fd_sc_hd__nor3_1)
                                         _2792_ (net)
                  0.18    0.00    9.88 v _7425_/B (sky130_fd_sc_hd__nor3_2)
     2    0.01    0.64    0.80   10.68 ^ _7425_/Y (sky130_fd_sc_hd__nor3_2)
                                         _2794_ (net)
                  0.64    0.00   10.68 ^ _7426_/B (sky130_fd_sc_hd__nor2_1)
     1    0.00    0.13    0.36   11.04 v _7426_/Y (sky130_fd_sc_hd__nor2_1)
                                         _2795_ (net)
                  0.13    0.00   11.04 v _7427_/B (sky130_fd_sc_hd__nor2_1)
     1    0.01    0.46    0.48   11.52 ^ _7427_/Y (sky130_fd_sc_hd__nor2_1)
                                         _2796_ (net)
                  0.46    0.00   11.52 ^ _7428_/A2 (sky130_fd_sc_hd__o21bai_2)
     2    0.01    0.17    0.35   11.87 v _7428_/Y (sky130_fd_sc_hd__o21bai_2)
                                         _2797_ (net)
                  0.17    0.00   11.87 v _7431_/B1 (sky130_fd_sc_hd__a221oi_1)
     2    0.01    1.72    1.65   13.52 ^ _7431_/Y (sky130_fd_sc_hd__a221oi_1)
                                         _2800_ (net)
                  1.72    0.00   13.52 ^ _7434_/A3 (sky130_fd_sc_hd__o31ai_1)
     2    0.01    0.24    0.89   14.41 v _7434_/Y (sky130_fd_sc_hd__o31ai_1)
                                         _2803_ (net)
                  0.24    0.00   14.41 v _7435_/A2 (sky130_fd_sc_hd__a21oi_1)
     1    0.00    0.36    0.58   14.99 ^ _7435_/Y (sky130_fd_sc_hd__a21oi_1)
                                         _2804_ (net)
                  0.36    0.00   14.99 ^ _7436_/B1 (sky130_fd_sc_hd__o21ai_0)
     2    0.01    0.26    0.41   15.40 v _7436_/Y (sky130_fd_sc_hd__o21ai_0)
                                         _2805_ (net)
                  0.26    0.00   15.40 v _7437_/B2 (sky130_fd_sc_hd__a221oi_1)
     2    0.01    2.25    2.28   17.68 ^ _7437_/Y (sky130_fd_sc_hd__a221oi_1)
                                         _2806_ (net)
                  2.25    0.00   17.68 ^ _7440_/A3 (sky130_fd_sc_hd__o31ai_1)
     2    0.01    0.31    1.11   18.79 v _7440_/Y (sky130_fd_sc_hd__o31ai_1)
                                         _2809_ (net)
                  0.31    0.00   18.79 v _7441_/B2 (sky130_fd_sc_hd__a221oi_1)
     2    0.01    1.45    1.67   20.47 ^ _7441_/Y (sky130_fd_sc_hd__a221oi_1)
                                         _2810_ (net)
                  1.45    0.00   20.47 ^ _7442_/C (sky130_fd_sc_hd__nor3_1)
     1    0.00    0.22    0.63   21.10 v _7442_/Y (sky130_fd_sc_hd__nor3_1)
                                         _2811_ (net)
                  0.22    0.00   21.10 v _7443_/C (sky130_fd_sc_hd__nor3_1)
     2    0.01    1.03    0.99   22.09 ^ _7443_/Y (sky130_fd_sc_hd__nor3_1)
                                         _2812_ (net)
                  1.03    0.00   22.09 ^ _7446_/A3 (sky130_fd_sc_hd__o31ai_1)
     2    0.01    0.19    0.64   22.73 v _7446_/Y (sky130_fd_sc_hd__o31ai_1)
                                         _2815_ (net)
                  0.19    0.00   22.73 v _7448_/B1 (sky130_fd_sc_hd__a221o_1)
     2    0.01    0.18    1.36   24.09 v _7448_/X (sky130_fd_sc_hd__a221o_1)
                                         _2817_ (net)
                  0.18    0.00   24.09 v _7449_/B2 (sky130_fd_sc_hd__a221oi_1)
     3    0.01    1.92    1.97   26.06 ^ _7449_/Y (sky130_fd_sc_hd__a221oi_1)
                                         _2818_ (net)
                  1.92    0.00   26.06 ^ _7454_/A2 (sky130_fd_sc_hd__o21ai_0)
     1    0.00    0.23    0.93   26.99 v _7454_/Y (sky130_fd_sc_hd__o21ai_0)
                                         _2823_ (net)
                  0.23    0.00   26.99 v _7456_/A2 (sky130_fd_sc_hd__o21ai_0)
     3    0.04    4.65    3.82   30.81 ^ _7456_/Y (sky130_fd_sc_hd__o21ai_0)
                                         _2825_ (net)
                  4.65    0.00   30.81 ^ _7472_/A2 (sky130_fd_sc_hd__o21ai_0)
     1    0.04    1.28    3.15   33.96 v _7472_/Y (sky130_fd_sc_hd__o21ai_0)
                                         _2841_ (net)
                  1.28    0.00   33.97 v _7473_/S (sky130_fd_sc_hd__mux2i_1)
     1    0.01    0.54    1.11   35.08 v _7473_/Y (sky130_fd_sc_hd__mux2i_1)
                                         _2842_ (net)
                  0.54    0.00   35.08 v _7474_/B (sky130_fd_sc_hd__nand2_4)
     3    0.01    0.21    0.56   35.63 ^ _7474_/Y (sky130_fd_sc_hd__nand2_4)
                                         _2843_ (net)
                  0.21    0.00   35.63 ^ _7475_/B (sky130_fd_sc_hd__nand2_1)
     2    0.01    0.32    0.24   35.87 v _7475_/Y (sky130_fd_sc_hd__nand2_1)
                                         _2844_ (net)
                  0.32    0.00   35.87 v _7477_/A3 (sky130_fd_sc_hd__a311o_1)
     1    0.00    0.14    1.67   37.54 v _7477_/X (sky130_fd_sc_hd__a311o_1)
                                         _0039_ (net)
                  0.14    0.00   37.54 v rv32_soc/decoder_trigger$_DFF_P_/D (sky130_fd_sc_hd__dfxtp_2)
                                 37.54   data arrival time

                  0.00   25.00   25.00   clock clk0 (rise edge)
                          0.00   25.00   clock network delay (ideal)
                          0.00   25.00   clock reconvergence pessimism
                                 25.00 ^ rv32_soc/decoder_trigger$_DFF_P_/CLK (sky130_fd_sc_hd__dfxtp_2)
                         -0.86   24.14   library setup time
                                 24.14   data required time
-----------------------------------------------------------------------------
                                 24.14   data required time
                                -37.54   data arrival time
-----------------------------------------------------------------------------
                                -13.40   slack (VIOLATED)


Startpoint: mem_la_wdata[3]$_DFFE_PP_
            (rising edge-triggered flip-flop clocked by clk0)
Endpoint: rv32_soc/latched_store$_SDFFE_PN0P_
          (rising edge-triggered flip-flop clocked by clk0)
Path Group: clk0
Path Type: max
Corner: slow

Fanout     Cap    Slew   Delay    Time   Description
-----------------------------------------------------------------------------
                  0.00    0.00    0.00   clock clk0 (rise edge)
                          0.00    0.00   clock network delay (ideal)
                  0.00    0.00    0.00 ^ mem_la_wdata[3]$_DFFE_PP_/CLK (sky130_fd_sc_hd__edfxtp_1)
     6    0.12    3.82    3.70    3.70 ^ mem_la_wdata[3]$_DFFE_PP_/Q (sky130_fd_sc_hd__edfxtp_1)
                                         mem_la_wdata[3] (net)
                  3.82    0.00    3.70 ^ _7532_/A (sky130_fd_sc_hd__clkinv_1)
     3    0.01    0.75    2.08    5.79 v _7532_/Y (sky130_fd_sc_hd__clkinv_1)
                                         _4407_ (net)
                  0.75    0.00    5.79 v _9379_/A (sky130_fd_sc_hd__ha_1)
     8    0.04    1.12    2.25    8.04 ^ _9379_/SUM (sky130_fd_sc_hd__ha_1)
                                         _4410_ (net)
                  1.12    0.00    8.04 ^ _7420_/C (sky130_fd_sc_hd__nor3_1)
     1    0.00    0.20    0.56    8.60 v _7420_/Y (sky130_fd_sc_hd__nor3_1)
                                         _2789_ (net)
                  0.20    0.00    8.60 v _7422_/B (sky130_fd_sc_hd__nor3_2)
     2    0.01    0.71    0.86    9.46 ^ _7422_/Y (sky130_fd_sc_hd__nor3_2)
                                         _2791_ (net)
                  0.71    0.00    9.46 ^ _7423_/C (sky130_fd_sc_hd__nor3_1)
     1    0.01    0.18    0.41    9.88 v _7423_/Y (sky130_fd_sc_hd__nor3_1)
                                         _2792_ (net)
                  0.18    0.00    9.88 v _7425_/B (sky130_fd_sc_hd__nor3_2)
     2    0.01    0.64    0.80   10.68 ^ _7425_/Y (sky130_fd_sc_hd__nor3_2)
                                         _2794_ (net)
                  0.64    0.00   10.68 ^ _7426_/B (sky130_fd_sc_hd__nor2_1)
     1    0.00    0.13    0.36   11.04 v _7426_/Y (sky130_fd_sc_hd__nor2_1)
                                         _2795_ (net)
                  0.13    0.00   11.04 v _7427_/B (sky130_fd_sc_hd__nor2_1)
     1    0.01    0.46    0.48   11.52 ^ _7427_/Y (sky130_fd_sc_hd__nor2_1)
                                         _2796_ (net)
                  0.46    0.00   11.52 ^ _7428_/A2 (sky130_fd_sc_hd__o21bai_2)
     2    0.01    0.17    0.35   11.87 v _7428_/Y (sky130_fd_sc_hd__o21bai_2)
                                         _2797_ (net)
                  0.17    0.00   11.87 v _7431_/B1 (sky130_fd_sc_hd__a221oi_1)
     2    0.01    1.72    1.65   13.52 ^ _7431_/Y (sky130_fd_sc_hd__a221oi_1)
                                         _2800_ (net)
                  1.72    0.00   13.52 ^ _7434_/A3 (sky130_fd_sc_hd__o31ai_1)
     2    0.01    0.24    0.89   14.41 v _7434_/Y (sky130_fd_sc_hd__o31ai_1)
                                         _2803_ (net)
                  0.24    0.00   14.41 v _7435_/A2 (sky130_fd_sc_hd__a21oi_1)
     1    0.00    0.36    0.58   14.99 ^ _7435_/Y (sky130_fd_sc_hd__a21oi_1)
                                         _2804_ (net)
                  0.36    0.00   14.99 ^ _7436_/B1 (sky130_fd_sc_hd__o21ai_0)
     2    0.01    0.26    0.41   15.40 v _7436_/Y (sky130_fd_sc_hd__o21ai_0)
                                         _2805_ (net)
                  0.26    0.00   15.40 v _7437_/B2 (sky130_fd_sc_hd__a221oi_1)
     2    0.01    2.25    2.28   17.68 ^ _7437_/Y (sky130_fd_sc_hd__a221oi_1)
                                         _2806_ (net)
                  2.25    0.00   17.68 ^ _7440_/A3 (sky130_fd_sc_hd__o31ai_1)
     2    0.01    0.31    1.11   18.79 v _7440_/Y (sky130_fd_sc_hd__o31ai_1)
                                         _2809_ (net)
                  0.31    0.00   18.79 v _7441_/B2 (sky130_fd_sc_hd__a221oi_1)
     2    0.01    1.45    1.67   20.47 ^ _7441_/Y (sky130_fd_sc_hd__a221oi_1)
                                         _2810_ (net)
                  1.45    0.00   20.47 ^ _7442_/C (sky130_fd_sc_hd__nor3_1)
     1    0.00    0.22    0.63   21.10 v _7442_/Y (sky130_fd_sc_hd__nor3_1)
                                         _2811_ (net)
                  0.22    0.00   21.10 v _7443_/C (sky130_fd_sc_hd__nor3_1)
     2    0.01    1.03    0.99   22.09 ^ _7443_/Y (sky130_fd_sc_hd__nor3_1)
                                         _2812_ (net)
                  1.03    0.00   22.09 ^ _7446_/A3 (sky130_fd_sc_hd__o31ai_1)
     2    0.01    0.19    0.64   22.73 v _7446_/Y (sky130_fd_sc_hd__o31ai_1)
                                         _2815_ (net)
                  0.19    0.00   22.73 v _7448_/B1 (sky130_fd_sc_hd__a221o_1)
     2    0.01    0.18    1.36   24.09 v _7448_/X (sky130_fd_sc_hd__a221o_1)
                                         _2817_ (net)
                  0.18    0.00   24.09 v _7449_/B2 (sky130_fd_sc_hd__a221oi_1)
     3    0.01    1.92    1.97   26.06 ^ _7449_/Y (sky130_fd_sc_hd__a221oi_1)
                                         _2818_ (net)
                  1.92    0.00   26.06 ^ _7454_/A2 (sky130_fd_sc_hd__o21ai_0)
     1    0.00    0.23    0.93   26.99 v _7454_/Y (sky130_fd_sc_hd__o21ai_0)
                                         _2823_ (net)
                  0.23    0.00   26.99 v _7456_/A2 (sky130_fd_sc_hd__o21ai_0)
     3    0.04    4.65    3.82   30.81 ^ _7456_/Y (sky130_fd_sc_hd__o21ai_0)
                                         _2825_ (net)
                  4.65    0.00   30.81 ^ _7472_/A2 (sky130_fd_sc_hd__o21ai_0)
     1    0.04    1.28    3.15   33.96 v _7472_/Y (sky130_fd_sc_hd__o21ai_0)
                                         _2841_ (net)
                  1.28    0.00   33.97 v _7473_/S (sky130_fd_sc_hd__mux2i_1)
     1    0.01    1.13    1.66   35.63 ^ _7473_/Y (sky130_fd_sc_hd__mux2i_1)
                                         _2842_ (net)
                  1.13    0.00   35.63 ^ _7474_/B (sky130_fd_sc_hd__nand2_4)
     3    0.01    0.15    0.56   36.19 v _7474_/Y (sky130_fd_sc_hd__nand2_4)
                                         _2843_ (net)
                  0.15    0.00   36.19 v _8523_/A2 (sky130_fd_sc_hd__a21oi_2)
     2    0.01    0.41    0.59   36.79 ^ _8523_/Y (sky130_fd_sc_hd__a21oi_2)
                                         _3618_ (net)
                  0.41    0.00   36.79 ^ _8527_/A3 (sky130_fd_sc_hd__a41oi_1)
     1    0.00    0.18    0.40   37.18 v _8527_/Y (sky130_fd_sc_hd__a41oi_1)
                                         _0340_ (net)
                  0.18    0.00   37.18 v rv32_soc/latched_store$_SDFFE_PN0P_/D (sky130_fd_sc_hd__dfxtp_2)
                                 37.18   data arrival time

                  0.00   25.00   25.00   clock clk0 (rise edge)
                          0.00   25.00   clock network delay (ideal)
                          0.00   25.00   clock reconvergence pessimism
                                 25.00 ^ rv32_soc/latched_store$_SDFFE_PN0P_/CLK (sky130_fd_sc_hd__dfxtp_2)
                         -0.89   24.11   library setup time
                                 24.11   data required time
-----------------------------------------------------------------------------
                                 24.11   data required time
                                -37.18   data arrival time
-----------------------------------------------------------------------------
                                -13.07   slack (VIOLATED)


Startpoint: mem_la_wdata[3]$_DFFE_PP_
            (rising edge-triggered flip-flop clocked by clk0)
Endpoint: rv32_soc/mem_do_rinst$_SDFFE_PP1P_
          (rising edge-triggered flip-flop clocked by clk0)
Path Group: clk0
Path Type: max
Corner: slow

Fanout     Cap    Slew   Delay    Time   Description
-----------------------------------------------------------------------------
                  0.00    0.00    0.00   clock clk0 (rise edge)
                          0.00    0.00   clock network delay (ideal)
                  0.00    0.00    0.00 ^ mem_la_wdata[3]$_DFFE_PP_/CLK (sky130_fd_sc_hd__edfxtp_1)
     6    0.12    3.82    3.70    3.70 ^ mem_la_wdata[3]$_DFFE_PP_/Q (sky130_fd_sc_hd__edfxtp_1)
                                         mem_la_wdata[3] (net)
                  3.82    0.00    3.70 ^ _7532_/A (sky130_fd_sc_hd__clkinv_1)
     3    0.01    0.75    2.08    5.79 v _7532_/Y (sky130_fd_sc_hd__clkinv_1)
                                         _4407_ (net)
                  0.75    0.00    5.79 v _9379_/A (sky130_fd_sc_hd__ha_1)
     8    0.04    1.12    2.25    8.04 ^ _9379_/SUM (sky130_fd_sc_hd__ha_1)
                                         _4410_ (net)
                  1.12    0.00    8.04 ^ _7420_/C (sky130_fd_sc_hd__nor3_1)
     1    0.00    0.20    0.56    8.60 v _7420_/Y (sky130_fd_sc_hd__nor3_1)
                                         _2789_ (net)
                  0.20    0.00    8.60 v _7422_/B (sky130_fd_sc_hd__nor3_2)
     2    0.01    0.71    0.86    9.46 ^ _7422_/Y (sky130_fd_sc_hd__nor3_2)
                                         _2791_ (net)
                  0.71    0.00    9.46 ^ _7423_/C (sky130_fd_sc_hd__nor3_1)
     1    0.01    0.18    0.41    9.88 v _7423_/Y (sky130_fd_sc_hd__nor3_1)
                                         _2792_ (net)
                  0.18    0.00    9.88 v _7425_/B (sky130_fd_sc_hd__nor3_2)
     2    0.01    0.64    0.80   10.68 ^ _7425_/Y (sky130_fd_sc_hd__nor3_2)
                                         _2794_ (net)
                  0.64    0.00   10.68 ^ _7426_/B (sky130_fd_sc_hd__nor2_1)
     1    0.00    0.13    0.36   11.04 v _7426_/Y (sky130_fd_sc_hd__nor2_1)
                                         _2795_ (net)
                  0.13    0.00   11.04 v _7427_/B (sky130_fd_sc_hd__nor2_1)
     1    0.01    0.46    0.48   11.52 ^ _7427_/Y (sky130_fd_sc_hd__nor2_1)
                                         _2796_ (net)
                  0.46    0.00   11.52 ^ _7428_/A2 (sky130_fd_sc_hd__o21bai_2)
     2    0.01    0.17    0.35   11.87 v _7428_/Y (sky130_fd_sc_hd__o21bai_2)
                                         _2797_ (net)
                  0.17    0.00   11.87 v _7431_/B1 (sky130_fd_sc_hd__a221oi_1)
     2    0.01    1.72    1.65   13.52 ^ _7431_/Y (sky130_fd_sc_hd__a221oi_1)
                                         _2800_ (net)
                  1.72    0.00   13.52 ^ _7434_/A3 (sky130_fd_sc_hd__o31ai_1)
     2    0.01    0.24    0.89   14.41 v _7434_/Y (sky130_fd_sc_hd__o31ai_1)
                                         _2803_ (net)
                  0.24    0.00   14.41 v _7435_/A2 (sky130_fd_sc_hd__a21oi_1)
     1    0.00    0.36    0.58   14.99 ^ _7435_/Y (sky130_fd_sc_hd__a21oi_1)
                                         _2804_ (net)
                  0.36    0.00   14.99 ^ _7436_/B1 (sky130_fd_sc_hd__o21ai_0)
     2    0.01    0.26    0.41   15.40 v _7436_/Y (sky130_fd_sc_hd__o21ai_0)
                                         _2805_ (net)
                  0.26    0.00   15.40 v _7437_/B2 (sky130_fd_sc_hd__a221oi_1)
     2    0.01    2.25    2.28   17.68 ^ _7437_/Y (sky130_fd_sc_hd__a221oi_1)
                                         _2806_ (net)
                  2.25    0.00   17.68 ^ _7440_/A3 (sky130_fd_sc_hd__o31ai_1)
     2    0.01    0.31    1.11   18.79 v _7440_/Y (sky130_fd_sc_hd__o31ai_1)
                                         _2809_ (net)
                  0.31    0.00   18.79 v _7441_/B2 (sky130_fd_sc_hd__a221oi_1)
     2    0.01    1.45    1.67   20.47 ^ _7441_/Y (sky130_fd_sc_hd__a221oi_1)
                                         _2810_ (net)
                  1.45    0.00   20.47 ^ _7442_/C (sky130_fd_sc_hd__nor3_1)
     1    0.00    0.22    0.63   21.10 v _7442_/Y (sky130_fd_sc_hd__nor3_1)
                                         _2811_ (net)
                  0.22    0.00   21.10 v _7443_/C (sky130_fd_sc_hd__nor3_1)
     2    0.01    1.03    0.99   22.09 ^ _7443_/Y (sky130_fd_sc_hd__nor3_1)
                                         _2812_ (net)
                  1.03    0.00   22.09 ^ _7446_/A3 (sky130_fd_sc_hd__o31ai_1)
     2    0.01    0.19    0.64   22.73 v _7446_/Y (sky130_fd_sc_hd__o31ai_1)
                                         _2815_ (net)
                  0.19    0.00   22.73 v _7448_/B1 (sky130_fd_sc_hd__a221o_1)
     2    0.01    0.18    1.36   24.09 v _7448_/X (sky130_fd_sc_hd__a221o_1)
                                         _2817_ (net)
                  0.18    0.00   24.09 v _7449_/B2 (sky130_fd_sc_hd__a221oi_1)
     3    0.01    1.92    1.97   26.06 ^ _7449_/Y (sky130_fd_sc_hd__a221oi_1)
                                         _2818_ (net)
                  1.92    0.00   26.06 ^ _7454_/A2 (sky130_fd_sc_hd__o21ai_0)
     1    0.00    0.23    0.93   26.99 v _7454_/Y (sky130_fd_sc_hd__o21ai_0)
                                         _2823_ (net)
                  0.23    0.00   26.99 v _7456_/A2 (sky130_fd_sc_hd__o21ai_0)
     3    0.04    4.65    3.82   30.81 ^ _7456_/Y (sky130_fd_sc_hd__o21ai_0)
                                         _2825_ (net)
                  4.65    0.00   30.81 ^ _7472_/A2 (sky130_fd_sc_hd__o21ai_0)
     1    0.04    1.28    3.15   33.96 v _7472_/Y (sky130_fd_sc_hd__o21ai_0)
                                         _2841_ (net)
                  1.28    0.00   33.97 v _7473_/S (sky130_fd_sc_hd__mux2i_1)
     1    0.01    1.13    1.66   35.63 ^ _7473_/Y (sky130_fd_sc_hd__mux2i_1)
                                         _2842_ (net)
                  1.13    0.00   35.63 ^ _7474_/B (sky130_fd_sc_hd__nand2_4)
     3    0.01    0.15    0.56   36.19 v _7474_/Y (sky130_fd_sc_hd__nand2_4)
                                         _2843_ (net)
                  0.15    0.00   36.19 v _7475_/B (sky130_fd_sc_hd__nand2_1)
     2    0.01    0.26    0.32   36.51 ^ _7475_/Y (sky130_fd_sc_hd__nand2_1)
                                         _2844_ (net)
                  0.26    0.00   36.51 ^ _7587_/B2 (sky130_fd_sc_hd__o22ai_1)
     1    0.00    0.11    0.22   36.73 v _7587_/Y (sky130_fd_sc_hd__o22ai_1)
                                         _0336_ (net)
                  0.11    0.00   36.73 v rv32_soc/mem_do_rinst$_SDFFE_PP1P_/D (sky130_fd_sc_hd__dfxtp_2)
                                 36.73   data arrival time

                  0.00   25.00   25.00   clock clk0 (rise edge)
                          0.00   25.00   clock network delay (ideal)
                          0.00   25.00   clock reconvergence pessimism
                                 25.00 ^ rv32_soc/mem_do_rinst$_SDFFE_PP1P_/CLK (sky130_fd_sc_hd__dfxtp_2)
                         -0.85   24.15   library setup time
                                 24.15   data required time
-----------------------------------------------------------------------------
                                 24.15   data required time
                                -36.73   data arrival time
-----------------------------------------------------------------------------
                                -12.58   slack (VIOLATED)


Startpoint: rv32_soc/latched_stalu$_SDFFE_PN0P_
            (rising edge-triggered flip-flop clocked by clk0)
Endpoint: rv32_soc/reg_next_pc[29]$_SDFFE_PN0P_
          (rising edge-triggered flip-flop clocked by clk0)
Path Group: clk0
Path Type: max
Corner: slow

Fanout     Cap    Slew   Delay    Time   Description
-----------------------------------------------------------------------------
                  0.00    0.00    0.00   clock clk0 (rise edge)
                          0.00    0.00   clock network delay (ideal)
                  0.00    0.00    0.00 ^ rv32_soc/latched_stalu$_SDFFE_PN0P_/CLK (sky130_fd_sc_hd__dfxtp_2)
    33    0.21    3.91    3.96    3.96 ^ rv32_soc/latched_stalu$_SDFFE_PN0P_/Q (sky130_fd_sc_hd__dfxtp_2)
                                         rv32_soc/latched_stalu (net)
                  3.91    0.01    3.97 ^ _5058_/S (sky130_fd_sc_hd__mux2i_1)
     2    0.01    0.79    2.36    6.33 ^ _5058_/Y (sky130_fd_sc_hd__mux2i_1)
                                         _0616_ (net)
                  0.79    0.00    6.33 ^ _5060_/A2 (sky130_fd_sc_hd__o21a_1)
     4    0.02    0.67    1.04    7.36 ^ _5060_/X (sky130_fd_sc_hd__o21a_1)
                                         _0618_ (net)
                  0.67    0.00    7.36 ^ _5061_/A (sky130_fd_sc_hd__inv_2)
     3    0.01    0.12    0.36    7.73 v _5061_/Y (sky130_fd_sc_hd__inv_2)
                                         _4217_ (net)
                  0.12    0.00    7.73 v _9470_/A (sky130_fd_sc_hd__ha_1)
     3    0.01    0.26    1.56    9.28 v _9470_/SUM (sky130_fd_sc_hd__ha_1)
                                         _4648_ (net)
                  0.26    0.00    9.28 v _8014_/B_N (sky130_fd_sc_hd__nor2b_1)
     1    0.00    0.08    0.57    9.85 v _8014_/Y (sky130_fd_sc_hd__nor2b_1)
                                         _3200_ (net)
                  0.08    0.00    9.85 v _8015_/A2 (sky130_fd_sc_hd__o21ai_0)
     2    0.01    1.25    1.12   10.97 ^ _8015_/Y (sky130_fd_sc_hd__o21ai_0)
                                         _3201_ (net)
                  1.25    0.00   10.97 ^ _8037_/A2 (sky130_fd_sc_hd__a21boi_2)
     1    0.00    0.12    0.59   11.56 v _8037_/Y (sky130_fd_sc_hd__a21boi_2)
                                         _3221_ (net)
                  0.12    0.00   11.56 v _8038_/A2 (sky130_fd_sc_hd__o21ai_0)
     2    0.01    1.42    1.29   12.85 ^ _8038_/Y (sky130_fd_sc_hd__o21ai_0)
                                         _3222_ (net)
                  1.42    0.00   12.85 ^ _8039_/A2 (sky130_fd_sc_hd__a21boi_2)
     2    0.01    0.16    0.68   13.53 v _8039_/Y (sky130_fd_sc_hd__a21boi_2)
                                         _3223_ (net)
                  0.16    0.00   13.53 v _8057_/A2 (sky130_fd_sc_hd__o21ai_0)
     2    0.01    1.15    1.10   14.63 ^ _8057_/Y (sky130_fd_sc_hd__o21ai_0)
                                         _3239_ (net)
                  1.15    0.00   14.63 ^ _8058_/A2 (sky130_fd_sc_hd__a21boi_2)
     2    0.00    0.13    0.58   15.21 v _8058_/Y (sky130_fd_sc_hd__a21boi_2)
                                         _3240_ (net)
                  0.13    0.00   15.21 v _8081_/A2 (sky130_fd_sc_hd__o21ai_0)
     2    0.01    1.27    1.17   16.38 ^ _8081_/Y (sky130_fd_sc_hd__o21ai_0)
                                         _3261_ (net)
                  1.27    0.00   16.38 ^ _8082_/A2 (sky130_fd_sc_hd__a21boi_2)
     2    0.01    0.15    0.63   17.02 v _8082_/Y (sky130_fd_sc_hd__a21boi_2)
                                         _3262_ (net)
                  0.15    0.00   17.02 v _8107_/A2 (sky130_fd_sc_hd__o21ai_0)
     2    0.01    1.32    1.22   18.24 ^ _8107_/Y (sky130_fd_sc_hd__o21ai_0)
                                         _3285_ (net)
                  1.32    0.00   18.24 ^ _8108_/A2 (sky130_fd_sc_hd__a21boi_2)
     2    0.01    0.16    0.66   18.89 v _8108_/Y (sky130_fd_sc_hd__a21boi_2)
                                         _3286_ (net)
                  0.16    0.00   18.89 v _8131_/A2 (sky130_fd_sc_hd__o21ai_0)
     2    0.01    1.25    1.17   20.07 ^ _8131_/Y (sky130_fd_sc_hd__o21ai_0)
                                         _3307_ (net)
                  1.25    0.00   20.07 ^ _8132_/A2 (sky130_fd_sc_hd__a21boi_2)
     2    0.01    0.15    0.64   20.70 v _8132_/Y (sky130_fd_sc_hd__a21boi_2)
                                         _3308_ (net)
                  0.15    0.00   20.70 v _8154_/A2 (sky130_fd_sc_hd__o21ai_0)
     2    0.01    1.55    1.40   22.11 ^ _8154_/Y (sky130_fd_sc_hd__o21ai_0)
                                         _3328_ (net)
                  1.55    0.00   22.11 ^ _8155_/A2 (sky130_fd_sc_hd__a21boi_2)
     2    0.01    0.17    0.73   22.84 v _8155_/Y (sky130_fd_sc_hd__a21boi_2)
                                         _3329_ (net)
                  0.17    0.00   22.84 v _8176_/A2 (sky130_fd_sc_hd__o21ai_0)
     2    0.01    1.35    1.26   24.10 ^ _8176_/Y (sky130_fd_sc_hd__o21ai_0)
                                         _3348_ (net)
                  1.35    0.00   24.10 ^ _8177_/A2 (sky130_fd_sc_hd__a21boi_2)
     2    0.01    0.17    0.69   24.79 v _8177_/Y (sky130_fd_sc_hd__a21boi_2)
                                         _3349_ (net)
                  0.17    0.00   24.79 v _8199_/A2 (sky130_fd_sc_hd__o21ai_0)
     2    0.01    1.21    1.15   25.94 ^ _8199_/Y (sky130_fd_sc_hd__o21ai_0)
                                         _3369_ (net)
                  1.21    0.00   25.94 ^ _8200_/A2 (sky130_fd_sc_hd__a21boi_2)
     2    0.01    0.15    0.62   26.56 v _8200_/Y (sky130_fd_sc_hd__a21boi_2)
                                         _3370_ (net)
                  0.15    0.00   26.56 v _8223_/A2 (sky130_fd_sc_hd__o21ai_0)
     2    0.01    1.49    1.35   27.92 ^ _8223_/Y (sky130_fd_sc_hd__o21ai_0)
                                         _3391_ (net)
                  1.49    0.00   27.92 ^ _8224_/A2 (sky130_fd_sc_hd__a21boi_1)
     2    0.01    0.25    0.85   28.77 v _8224_/Y (sky130_fd_sc_hd__a21boi_1)
                                         _3392_ (net)
                  0.25    0.00   28.77 v _8240_/A2 (sky130_fd_sc_hd__o21ai_0)
     2    0.01    1.31    1.28   30.05 ^ _8240_/Y (sky130_fd_sc_hd__o21ai_0)
                                         _3406_ (net)
                  1.31    0.00   30.05 ^ _8243_/A2 (sky130_fd_sc_hd__a21boi_2)
     2    0.01    0.15    0.64   30.69 v _8243_/Y (sky130_fd_sc_hd__a21boi_2)
                                         _3409_ (net)
                  0.15    0.00   30.69 v _8266_/A2 (sky130_fd_sc_hd__o21ai_0)
     3    0.01    1.60    1.44   32.13 ^ _8266_/Y (sky130_fd_sc_hd__o21ai_0)
                                         _3430_ (net)
                  1.60    0.00   32.13 ^ _8284_/A2 (sky130_fd_sc_hd__a211oi_1)
     1    0.00    0.19    0.79   32.93 v _8284_/Y (sky130_fd_sc_hd__a211oi_1)
                                         _3446_ (net)
                  0.19    0.00   32.93 v _8286_/A_N (sky130_fd_sc_hd__nand2b_1)
     2    0.00    0.14    0.60   33.53 v _8286_/Y (sky130_fd_sc_hd__nand2b_1)
                                         _3448_ (net)
                  0.14    0.00   33.53 v _8288_/B (sky130_fd_sc_hd__or2_0)
     1    0.00    0.15    0.91   34.43 v _8288_/X (sky130_fd_sc_hd__or2_0)
                                         _3450_ (net)
                  0.15    0.00   34.43 v _8292_/A3 (sky130_fd_sc_hd__a31oi_1)
     1    0.00    0.55    0.69   35.13 ^ _8292_/Y (sky130_fd_sc_hd__a31oi_1)
                                         _3454_ (net)
                  0.55    0.00   35.13 ^ _8295_/A1 (sky130_fd_sc_hd__o21ai_0)
     1    0.00    0.14    0.42   35.54 v _8295_/Y (sky130_fd_sc_hd__o21ai_0)
                                         _0268_ (net)
                  0.14    0.00   35.54 v rv32_soc/reg_next_pc[29]$_SDFFE_PN0P_/D (sky130_fd_sc_hd__dfxtp_2)
                                 35.54   data arrival time

                  0.00   25.00   25.00   clock clk0 (rise edge)
                          0.00   25.00   clock network delay (ideal)
                          0.00   25.00   clock reconvergence pessimism
                                 25.00 ^ rv32_soc/reg_next_pc[29]$_SDFFE_PN0P_/CLK (sky130_fd_sc_hd__dfxtp_2)
                         -0.86   24.14   library setup time
                                 24.14   data required time
-----------------------------------------------------------------------------
                                 24.14   data required time
                                -35.54   data arrival time
-----------------------------------------------------------------------------
                                -11.40   slack (VIOLATED)


Startpoint: rv32_soc/latched_stalu$_SDFFE_PN0P_
            (rising edge-triggered flip-flop clocked by clk0)
Endpoint: rv32_soc/reg_next_pc[31]$_SDFFE_PN0P_
          (rising edge-triggered flip-flop clocked by clk0)
Path Group: clk0
Path Type: max
Corner: slow

Fanout     Cap    Slew   Delay    Time   Description
-----------------------------------------------------------------------------
                  0.00    0.00    0.00   clock clk0 (rise edge)
                          0.00    0.00   clock network delay (ideal)
                  0.00    0.00    0.00 ^ rv32_soc/latched_stalu$_SDFFE_PN0P_/CLK (sky130_fd_sc_hd__dfxtp_2)
    33    0.21    3.91    3.96    3.96 ^ rv32_soc/latched_stalu$_SDFFE_PN0P_/Q (sky130_fd_sc_hd__dfxtp_2)
                                         rv32_soc/latched_stalu (net)
                  3.91    0.01    3.97 ^ _5058_/S (sky130_fd_sc_hd__mux2i_1)
     2    0.01    0.79    2.36    6.33 ^ _5058_/Y (sky130_fd_sc_hd__mux2i_1)
                                         _0616_ (net)
                  0.79    0.00    6.33 ^ _5060_/A2 (sky130_fd_sc_hd__o21a_1)
     4    0.02    0.67    1.04    7.36 ^ _5060_/X (sky130_fd_sc_hd__o21a_1)
                                         _0618_ (net)
                  0.67    0.00    7.36 ^ _5061_/A (sky130_fd_sc_hd__inv_2)
     3    0.01    0.12    0.36    7.73 v _5061_/Y (sky130_fd_sc_hd__inv_2)
                                         _4217_ (net)
                  0.12    0.00    7.73 v _9470_/A (sky130_fd_sc_hd__ha_1)
     3    0.01    0.26    1.56    9.28 v _9470_/SUM (sky130_fd_sc_hd__ha_1)
                                         _4648_ (net)
                  0.26    0.00    9.28 v _8014_/B_N (sky130_fd_sc_hd__nor2b_1)
     1    0.00    0.08    0.57    9.85 v _8014_/Y (sky130_fd_sc_hd__nor2b_1)
                                         _3200_ (net)
                  0.08    0.00    9.85 v _8015_/A2 (sky130_fd_sc_hd__o21ai_0)
     2    0.01    1.25    1.12   10.97 ^ _8015_/Y (sky130_fd_sc_hd__o21ai_0)
                                         _3201_ (net)
                  1.25    0.00   10.97 ^ _8037_/A2 (sky130_fd_sc_hd__a21boi_2)
     1    0.00    0.12    0.59   11.56 v _8037_/Y (sky130_fd_sc_hd__a21boi_2)
                                         _3221_ (net)
                  0.12    0.00   11.56 v _8038_/A2 (sky130_fd_sc_hd__o21ai_0)
     2    0.01    1.42    1.29   12.85 ^ _8038_/Y (sky130_fd_sc_hd__o21ai_0)
                                         _3222_ (net)
                  1.42    0.00   12.85 ^ _8039_/A2 (sky130_fd_sc_hd__a21boi_2)
     2    0.01    0.16    0.68   13.53 v _8039_/Y (sky130_fd_sc_hd__a21boi_2)
                                         _3223_ (net)
                  0.16    0.00   13.53 v _8057_/A2 (sky130_fd_sc_hd__o21ai_0)
     2    0.01    1.15    1.10   14.63 ^ _8057_/Y (sky130_fd_sc_hd__o21ai_0)
                                         _3239_ (net)
                  1.15    0.00   14.63 ^ _8058_/A2 (sky130_fd_sc_hd__a21boi_2)
     2    0.00    0.13    0.58   15.21 v _8058_/Y (sky130_fd_sc_hd__a21boi_2)
                                         _3240_ (net)
                  0.13    0.00   15.21 v _8081_/A2 (sky130_fd_sc_hd__o21ai_0)
     2    0.01    1.27    1.17   16.38 ^ _8081_/Y (sky130_fd_sc_hd__o21ai_0)
                                         _3261_ (net)
                  1.27    0.00   16.38 ^ _8082_/A2 (sky130_fd_sc_hd__a21boi_2)
     2    0.01    0.15    0.63   17.02 v _8082_/Y (sky130_fd_sc_hd__a21boi_2)
                                         _3262_ (net)
                  0.15    0.00   17.02 v _8107_/A2 (sky130_fd_sc_hd__o21ai_0)
     2    0.01    1.32    1.22   18.24 ^ _8107_/Y (sky130_fd_sc_hd__o21ai_0)
                                         _3285_ (net)
                  1.32    0.00   18.24 ^ _8108_/A2 (sky130_fd_sc_hd__a21boi_2)
     2    0.01    0.16    0.66   18.89 v _8108_/Y (sky130_fd_sc_hd__a21boi_2)
                                         _3286_ (net)
                  0.16    0.00   18.89 v _8131_/A2 (sky130_fd_sc_hd__o21ai_0)
     2    0.01    1.25    1.17   20.07 ^ _8131_/Y (sky130_fd_sc_hd__o21ai_0)
                                         _3307_ (net)
                  1.25    0.00   20.07 ^ _8132_/A2 (sky130_fd_sc_hd__a21boi_2)
     2    0.01    0.15    0.64   20.70 v _8132_/Y (sky130_fd_sc_hd__a21boi_2)
                                         _3308_ (net)
                  0.15    0.00   20.70 v _8154_/A2 (sky130_fd_sc_hd__o21ai_0)
     2    0.01    1.55    1.40   22.11 ^ _8154_/Y (sky130_fd_sc_hd__o21ai_0)
                                         _3328_ (net)
                  1.55    0.00   22.11 ^ _8155_/A2 (sky130_fd_sc_hd__a21boi_2)
     2    0.01    0.17    0.73   22.84 v _8155_/Y (sky130_fd_sc_hd__a21boi_2)
                                         _3329_ (net)
                  0.17    0.00   22.84 v _8176_/A2 (sky130_fd_sc_hd__o21ai_0)
     2    0.01    1.35    1.26   24.10 ^ _8176_/Y (sky130_fd_sc_hd__o21ai_0)
                                         _3348_ (net)
                  1.35    0.00   24.10 ^ _8177_/A2 (sky130_fd_sc_hd__a21boi_2)
     2    0.01    0.17    0.69   24.79 v _8177_/Y (sky130_fd_sc_hd__a21boi_2)
                                         _3349_ (net)
                  0.17    0.00   24.79 v _8199_/A2 (sky130_fd_sc_hd__o21ai_0)
     2    0.01    1.21    1.15   25.94 ^ _8199_/Y (sky130_fd_sc_hd__o21ai_0)
                                         _3369_ (net)
                  1.21    0.00   25.94 ^ _8200_/A2 (sky130_fd_sc_hd__a21boi_2)
     2    0.01    0.15    0.62   26.56 v _8200_/Y (sky130_fd_sc_hd__a21boi_2)
                                         _3370_ (net)
                  0.15    0.00   26.56 v _8223_/A2 (sky130_fd_sc_hd__o21ai_0)
     2    0.01    1.49    1.35   27.92 ^ _8223_/Y (sky130_fd_sc_hd__o21ai_0)
                                         _3391_ (net)
                  1.49    0.00   27.92 ^ _8224_/A2 (sky130_fd_sc_hd__a21boi_1)
     2    0.01    0.25    0.85   28.77 v _8224_/Y (sky130_fd_sc_hd__a21boi_1)
                                         _3392_ (net)
                  0.25    0.00   28.77 v _8240_/A2 (sky130_fd_sc_hd__o21ai_0)
     2    0.01    1.31    1.28   30.05 ^ _8240_/Y (sky130_fd_sc_hd__o21ai_0)
                                         _3406_ (net)
                  1.31    0.00   30.05 ^ _8243_/A2 (sky130_fd_sc_hd__a21boi_2)
     2    0.01    0.15    0.64   30.69 v _8243_/Y (sky130_fd_sc_hd__a21boi_2)
                                         _3409_ (net)
                  0.15    0.00   30.69 v _8266_/A2 (sky130_fd_sc_hd__o21ai_0)
     3    0.01    1.60    1.44   32.13 ^ _8266_/Y (sky130_fd_sc_hd__o21ai_0)
                                         _3430_ (net)
                  1.60    0.00   32.13 ^ _8309_/A2 (sky130_fd_sc_hd__a2111oi_1)
     2    0.01    0.26    0.90   33.03 v _8309_/Y (sky130_fd_sc_hd__a2111oi_1)
                                         _3469_ (net)
                  0.26    0.00   33.03 v _8313_/A (sky130_fd_sc_hd__nor3_1)
     1    0.00    0.68    0.90   33.93 ^ _8313_/Y (sky130_fd_sc_hd__nor3_1)
                                         _3473_ (net)
                  0.68    0.00   33.93 ^ _8318_/A1 (sky130_fd_sc_hd__o221ai_1)
     1    0.00    0.56    0.58   34.52 v _8318_/Y (sky130_fd_sc_hd__o221ai_1)
                                         _3478_ (net)
                  0.56    0.00   34.52 v _8320_/B1 (sky130_fd_sc_hd__a22o_1)
     1    0.00    0.10    0.98   35.49 v _8320_/X (sky130_fd_sc_hd__a22o_1)
                                         _0270_ (net)
                  0.10    0.00   35.49 v rv32_soc/reg_next_pc[31]$_SDFFE_PN0P_/D (sky130_fd_sc_hd__dfxtp_2)
                                 35.49   data arrival time

                  0.00   25.00   25.00   clock clk0 (rise edge)
                          0.00   25.00   clock network delay (ideal)
                          0.00   25.00   clock reconvergence pessimism
                                 25.00 ^ rv32_soc/reg_next_pc[31]$_SDFFE_PN0P_/CLK (sky130_fd_sc_hd__dfxtp_2)
                         -0.84   24.16   library setup time
                                 24.16   data required time
-----------------------------------------------------------------------------
                                 24.16   data required time
                                -35.49   data arrival time
-----------------------------------------------------------------------------
                                -11.33   slack (VIOLATED)


Startpoint: rv32_soc/latched_stalu$_SDFFE_PN0P_
            (rising edge-triggered flip-flop clocked by clk0)
Endpoint: rv32_soc/reg_next_pc[27]$_SDFFE_PN0P_
          (rising edge-triggered flip-flop clocked by clk0)
Path Group: clk0
Path Type: max
Corner: slow

Fanout     Cap    Slew   Delay    Time   Description
-----------------------------------------------------------------------------
                  0.00    0.00    0.00   clock clk0 (rise edge)
                          0.00    0.00   clock network delay (ideal)
                  0.00    0.00    0.00 ^ rv32_soc/latched_stalu$_SDFFE_PN0P_/CLK (sky130_fd_sc_hd__dfxtp_2)
    33    0.21    3.91    3.96    3.96 ^ rv32_soc/latched_stalu$_SDFFE_PN0P_/Q (sky130_fd_sc_hd__dfxtp_2)
                                         rv32_soc/latched_stalu (net)
                  3.91    0.01    3.97 ^ _5058_/S (sky130_fd_sc_hd__mux2i_1)
     2    0.01    0.79    2.36    6.33 ^ _5058_/Y (sky130_fd_sc_hd__mux2i_1)
                                         _0616_ (net)
                  0.79    0.00    6.33 ^ _5060_/A2 (sky130_fd_sc_hd__o21a_1)
     4    0.02    0.67    1.04    7.36 ^ _5060_/X (sky130_fd_sc_hd__o21a_1)
                                         _0618_ (net)
                  0.67    0.00    7.36 ^ _5061_/A (sky130_fd_sc_hd__inv_2)
     3    0.01    0.12    0.36    7.73 v _5061_/Y (sky130_fd_sc_hd__inv_2)
                                         _4217_ (net)
                  0.12    0.00    7.73 v _9470_/A (sky130_fd_sc_hd__ha_1)
     3    0.01    0.26    1.56    9.28 v _9470_/SUM (sky130_fd_sc_hd__ha_1)
                                         _4648_ (net)
                  0.26    0.00    9.28 v _8014_/B_N (sky130_fd_sc_hd__nor2b_1)
     1    0.00    0.08    0.57    9.85 v _8014_/Y (sky130_fd_sc_hd__nor2b_1)
                                         _3200_ (net)
                  0.08    0.00    9.85 v _8015_/A2 (sky130_fd_sc_hd__o21ai_0)
     2    0.01    1.25    1.12   10.97 ^ _8015_/Y (sky130_fd_sc_hd__o21ai_0)
                                         _3201_ (net)
                  1.25    0.00   10.97 ^ _8037_/A2 (sky130_fd_sc_hd__a21boi_2)
     1    0.00    0.12    0.59   11.56 v _8037_/Y (sky130_fd_sc_hd__a21boi_2)
                                         _3221_ (net)
                  0.12    0.00   11.56 v _8038_/A2 (sky130_fd_sc_hd__o21ai_0)
     2    0.01    1.42    1.29   12.85 ^ _8038_/Y (sky130_fd_sc_hd__o21ai_0)
                                         _3222_ (net)
                  1.42    0.00   12.85 ^ _8039_/A2 (sky130_fd_sc_hd__a21boi_2)
     2    0.01    0.16    0.68   13.53 v _8039_/Y (sky130_fd_sc_hd__a21boi_2)
                                         _3223_ (net)
                  0.16    0.00   13.53 v _8057_/A2 (sky130_fd_sc_hd__o21ai_0)
     2    0.01    1.15    1.10   14.63 ^ _8057_/Y (sky130_fd_sc_hd__o21ai_0)
                                         _3239_ (net)
                  1.15    0.00   14.63 ^ _8058_/A2 (sky130_fd_sc_hd__a21boi_2)
     2    0.00    0.13    0.58   15.21 v _8058_/Y (sky130_fd_sc_hd__a21boi_2)
                                         _3240_ (net)
                  0.13    0.00   15.21 v _8081_/A2 (sky130_fd_sc_hd__o21ai_0)
     2    0.01    1.27    1.17   16.38 ^ _8081_/Y (sky130_fd_sc_hd__o21ai_0)
                                         _3261_ (net)
                  1.27    0.00   16.38 ^ _8082_/A2 (sky130_fd_sc_hd__a21boi_2)
     2    0.01    0.15    0.63   17.02 v _8082_/Y (sky130_fd_sc_hd__a21boi_2)
                                         _3262_ (net)
                  0.15    0.00   17.02 v _8107_/A2 (sky130_fd_sc_hd__o21ai_0)
     2    0.01    1.32    1.22   18.24 ^ _8107_/Y (sky130_fd_sc_hd__o21ai_0)
                                         _3285_ (net)
                  1.32    0.00   18.24 ^ _8108_/A2 (sky130_fd_sc_hd__a21boi_2)
     2    0.01    0.16    0.66   18.89 v _8108_/Y (sky130_fd_sc_hd__a21boi_2)
                                         _3286_ (net)
                  0.16    0.00   18.89 v _8131_/A2 (sky130_fd_sc_hd__o21ai_0)
     2    0.01    1.25    1.17   20.07 ^ _8131_/Y (sky130_fd_sc_hd__o21ai_0)
                                         _3307_ (net)
                  1.25    0.00   20.07 ^ _8132_/A2 (sky130_fd_sc_hd__a21boi_2)
     2    0.01    0.15    0.64   20.70 v _8132_/Y (sky130_fd_sc_hd__a21boi_2)
                                         _3308_ (net)
                  0.15    0.00   20.70 v _8154_/A2 (sky130_fd_sc_hd__o21ai_0)
     2    0.01    1.55    1.40   22.11 ^ _8154_/Y (sky130_fd_sc_hd__o21ai_0)
                                         _3328_ (net)
                  1.55    0.00   22.11 ^ _8155_/A2 (sky130_fd_sc_hd__a21boi_2)
     2    0.01    0.17    0.73   22.84 v _8155_/Y (sky130_fd_sc_hd__a21boi_2)
                                         _3329_ (net)
                  0.17    0.00   22.84 v _8176_/A2 (sky130_fd_sc_hd__o21ai_0)
     2    0.01    1.35    1.26   24.10 ^ _8176_/Y (sky130_fd_sc_hd__o21ai_0)
                                         _3348_ (net)
                  1.35    0.00   24.10 ^ _8177_/A2 (sky130_fd_sc_hd__a21boi_2)
     2    0.01    0.17    0.69   24.79 v _8177_/Y (sky130_fd_sc_hd__a21boi_2)
                                         _3349_ (net)
                  0.17    0.00   24.79 v _8199_/A2 (sky130_fd_sc_hd__o21ai_0)
     2    0.01    1.21    1.15   25.94 ^ _8199_/Y (sky130_fd_sc_hd__o21ai_0)
                                         _3369_ (net)
                  1.21    0.00   25.94 ^ _8200_/A2 (sky130_fd_sc_hd__a21boi_2)
     2    0.01    0.15    0.62   26.56 v _8200_/Y (sky130_fd_sc_hd__a21boi_2)
                                         _3370_ (net)
                  0.15    0.00   26.56 v _8223_/A2 (sky130_fd_sc_hd__o21ai_0)
     2    0.01    1.49    1.35   27.92 ^ _8223_/Y (sky130_fd_sc_hd__o21ai_0)
                                         _3391_ (net)
                  1.49    0.00   27.92 ^ _8224_/A2 (sky130_fd_sc_hd__a21boi_1)
     2    0.01    0.25    0.85   28.77 v _8224_/Y (sky130_fd_sc_hd__a21boi_1)
                                         _3392_ (net)
                  0.25    0.00   28.77 v _8240_/A2 (sky130_fd_sc_hd__o21ai_0)
     2    0.01    1.31    1.28   30.05 ^ _8240_/Y (sky130_fd_sc_hd__o21ai_0)
                                         _3406_ (net)
                  1.31    0.00   30.05 ^ _8243_/A2 (sky130_fd_sc_hd__a21boi_2)
     2    0.01    0.15    0.64   30.69 v _8243_/Y (sky130_fd_sc_hd__a21boi_2)
                                         _3409_ (net)
                  0.15    0.00   30.69 v _8266_/A2 (sky130_fd_sc_hd__o21ai_0)
     3    0.01    1.60    1.44   32.13 ^ _8266_/Y (sky130_fd_sc_hd__o21ai_0)
                                         _3430_ (net)
                  1.60    0.00   32.13 ^ _8267_/B (sky130_fd_sc_hd__nand2_1)
     1    0.00    0.22    0.80   32.94 v _8267_/Y (sky130_fd_sc_hd__nand2_1)
                                         _3431_ (net)
                  0.22    0.00   32.94 v _8268_/B (sky130_fd_sc_hd__xnor2_1)
     1    0.00    0.11    0.45   33.39 v _8268_/Y (sky130_fd_sc_hd__xnor2_1)
                                         _3432_ (net)
                  0.11    0.00   33.39 v _8269_/B2 (sky130_fd_sc_hd__o221ai_1)
     1    0.00    0.58    0.63   34.02 ^ _8269_/Y (sky130_fd_sc_hd__o221ai_1)
                                         _3433_ (net)
                  0.58    0.00   34.02 ^ _8271_/A2 (sky130_fd_sc_hd__o21ai_0)
     1    0.00    0.12    0.40   34.42 v _8271_/Y (sky130_fd_sc_hd__o21ai_0)
                                         _0266_ (net)
                  0.12    0.00   34.42 v rv32_soc/reg_next_pc[27]$_SDFFE_PN0P_/D (sky130_fd_sc_hd__dfxtp_2)
                                 34.42   data arrival time

                  0.00   25.00   25.00   clock clk0 (rise edge)
                          0.00   25.00   clock network delay (ideal)
                          0.00   25.00   clock reconvergence pessimism
                                 25.00 ^ rv32_soc/reg_next_pc[27]$_SDFFE_PN0P_/CLK (sky130_fd_sc_hd__dfxtp_2)
                         -0.85   24.15   library setup time
                                 24.15   data required time
-----------------------------------------------------------------------------
                                 24.15   data required time
                                -34.42   data arrival time
-----------------------------------------------------------------------------
                                -10.27   slack (VIOLATED)


Startpoint: rv32_soc/latched_stalu$_SDFFE_PN0P_
            (rising edge-triggered flip-flop clocked by clk0)
Endpoint: rv32_soc/reg_next_pc[25]$_SDFFE_PN0P_
          (rising edge-triggered flip-flop clocked by clk0)
Path Group: clk0
Path Type: max
Corner: slow

Fanout     Cap    Slew   Delay    Time   Description
-----------------------------------------------------------------------------
                  0.00    0.00    0.00   clock clk0 (rise edge)
                          0.00    0.00   clock network delay (ideal)
                  0.00    0.00    0.00 ^ rv32_soc/latched_stalu$_SDFFE_PN0P_/CLK (sky130_fd_sc_hd__dfxtp_2)
    33    0.21    3.91    3.96    3.96 ^ rv32_soc/latched_stalu$_SDFFE_PN0P_/Q (sky130_fd_sc_hd__dfxtp_2)
                                         rv32_soc/latched_stalu (net)
                  3.91    0.01    3.97 ^ _5058_/S (sky130_fd_sc_hd__mux2i_1)
     2    0.01    0.79    2.36    6.33 ^ _5058_/Y (sky130_fd_sc_hd__mux2i_1)
                                         _0616_ (net)
                  0.79    0.00    6.33 ^ _5060_/A2 (sky130_fd_sc_hd__o21a_1)
     4    0.02    0.67    1.04    7.36 ^ _5060_/X (sky130_fd_sc_hd__o21a_1)
                                         _0618_ (net)
                  0.67    0.00    7.36 ^ _5061_/A (sky130_fd_sc_hd__inv_2)
     3    0.01    0.12    0.36    7.73 v _5061_/Y (sky130_fd_sc_hd__inv_2)
                                         _4217_ (net)
                  0.12    0.00    7.73 v _9470_/A (sky130_fd_sc_hd__ha_1)
     3    0.01    0.26    1.56    9.28 v _9470_/SUM (sky130_fd_sc_hd__ha_1)
                                         _4648_ (net)
                  0.26    0.00    9.28 v _8014_/B_N (sky130_fd_sc_hd__nor2b_1)
     1    0.00    0.08    0.57    9.85 v _8014_/Y (sky130_fd_sc_hd__nor2b_1)
                                         _3200_ (net)
                  0.08    0.00    9.85 v _8015_/A2 (sky130_fd_sc_hd__o21ai_0)
     2    0.01    1.25    1.12   10.97 ^ _8015_/Y (sky130_fd_sc_hd__o21ai_0)
                                         _3201_ (net)
                  1.25    0.00   10.97 ^ _8037_/A2 (sky130_fd_sc_hd__a21boi_2)
     1    0.00    0.12    0.59   11.56 v _8037_/Y (sky130_fd_sc_hd__a21boi_2)
                                         _3221_ (net)
                  0.12    0.00   11.56 v _8038_/A2 (sky130_fd_sc_hd__o21ai_0)
     2    0.01    1.42    1.29   12.85 ^ _8038_/Y (sky130_fd_sc_hd__o21ai_0)
                                         _3222_ (net)
                  1.42    0.00   12.85 ^ _8039_/A2 (sky130_fd_sc_hd__a21boi_2)
     2    0.01    0.16    0.68   13.53 v _8039_/Y (sky130_fd_sc_hd__a21boi_2)
                                         _3223_ (net)
                  0.16    0.00   13.53 v _8057_/A2 (sky130_fd_sc_hd__o21ai_0)
     2    0.01    1.15    1.10   14.63 ^ _8057_/Y (sky130_fd_sc_hd__o21ai_0)
                                         _3239_ (net)
                  1.15    0.00   14.63 ^ _8058_/A2 (sky130_fd_sc_hd__a21boi_2)
     2    0.00    0.13    0.58   15.21 v _8058_/Y (sky130_fd_sc_hd__a21boi_2)
                                         _3240_ (net)
                  0.13    0.00   15.21 v _8081_/A2 (sky130_fd_sc_hd__o21ai_0)
     2    0.01    1.27    1.17   16.38 ^ _8081_/Y (sky130_fd_sc_hd__o21ai_0)
                                         _3261_ (net)
                  1.27    0.00   16.38 ^ _8082_/A2 (sky130_fd_sc_hd__a21boi_2)
     2    0.01    0.15    0.63   17.02 v _8082_/Y (sky130_fd_sc_hd__a21boi_2)
                                         _3262_ (net)
                  0.15    0.00   17.02 v _8107_/A2 (sky130_fd_sc_hd__o21ai_0)
     2    0.01    1.32    1.22   18.24 ^ _8107_/Y (sky130_fd_sc_hd__o21ai_0)
                                         _3285_ (net)
                  1.32    0.00   18.24 ^ _8108_/A2 (sky130_fd_sc_hd__a21boi_2)
     2    0.01    0.16    0.66   18.89 v _8108_/Y (sky130_fd_sc_hd__a21boi_2)
                                         _3286_ (net)
                  0.16    0.00   18.89 v _8131_/A2 (sky130_fd_sc_hd__o21ai_0)
     2    0.01    1.25    1.17   20.07 ^ _8131_/Y (sky130_fd_sc_hd__o21ai_0)
                                         _3307_ (net)
                  1.25    0.00   20.07 ^ _8132_/A2 (sky130_fd_sc_hd__a21boi_2)
     2    0.01    0.15    0.64   20.70 v _8132_/Y (sky130_fd_sc_hd__a21boi_2)
                                         _3308_ (net)
                  0.15    0.00   20.70 v _8154_/A2 (sky130_fd_sc_hd__o21ai_0)
     2    0.01    1.55    1.40   22.11 ^ _8154_/Y (sky130_fd_sc_hd__o21ai_0)
                                         _3328_ (net)
                  1.55    0.00   22.11 ^ _8155_/A2 (sky130_fd_sc_hd__a21boi_2)
     2    0.01    0.17    0.73   22.84 v _8155_/Y (sky130_fd_sc_hd__a21boi_2)
                                         _3329_ (net)
                  0.17    0.00   22.84 v _8176_/A2 (sky130_fd_sc_hd__o21ai_0)
     2    0.01    1.35    1.26   24.10 ^ _8176_/Y (sky130_fd_sc_hd__o21ai_0)
                                         _3348_ (net)
                  1.35    0.00   24.10 ^ _8177_/A2 (sky130_fd_sc_hd__a21boi_2)
     2    0.01    0.17    0.69   24.79 v _8177_/Y (sky130_fd_sc_hd__a21boi_2)
                                         _3349_ (net)
                  0.17    0.00   24.79 v _8199_/A2 (sky130_fd_sc_hd__o21ai_0)
     2    0.01    1.21    1.15   25.94 ^ _8199_/Y (sky130_fd_sc_hd__o21ai_0)
                                         _3369_ (net)
                  1.21    0.00   25.94 ^ _8200_/A2 (sky130_fd_sc_hd__a21boi_2)
     2    0.01    0.15    0.62   26.56 v _8200_/Y (sky130_fd_sc_hd__a21boi_2)
                                         _3370_ (net)
                  0.15    0.00   26.56 v _8223_/A2 (sky130_fd_sc_hd__o21ai_0)
     2    0.01    1.49    1.35   27.92 ^ _8223_/Y (sky130_fd_sc_hd__o21ai_0)
                                         _3391_ (net)
                  1.49    0.00   27.92 ^ _8224_/A2 (sky130_fd_sc_hd__a21boi_1)
     2    0.01    0.25    0.85   28.77 v _8224_/Y (sky130_fd_sc_hd__a21boi_1)
                                         _3392_ (net)
                  0.25    0.00   28.77 v _8240_/A2 (sky130_fd_sc_hd__o21ai_0)
     2    0.01    1.31    1.28   30.05 ^ _8240_/Y (sky130_fd_sc_hd__o21ai_0)
                                         _3406_ (net)
                  1.31    0.00   30.05 ^ _8241_/B (sky130_fd_sc_hd__nand2_1)
     1    0.00    0.16    0.63   30.68 v _8241_/Y (sky130_fd_sc_hd__nand2_1)
                                         _3407_ (net)
                  0.16    0.00   30.68 v _8242_/B (sky130_fd_sc_hd__nor2_1)
     1    0.00    0.23    0.31   30.99 ^ _8242_/Y (sky130_fd_sc_hd__nor2_1)
                                         _3408_ (net)
                  0.23    0.00   30.99 ^ _8244_/A1 (sky130_fd_sc_hd__o21ai_0)
     1    0.00    0.22    0.28   31.27 v _8244_/Y (sky130_fd_sc_hd__o21ai_0)
                                         _3410_ (net)
                  0.22    0.00   31.27 v _8250_/A1 (sky130_fd_sc_hd__a32o_1)
     1    0.00    0.10    0.94   32.21 v _8250_/X (sky130_fd_sc_hd__a32o_1)
                                         _0264_ (net)
                  0.10    0.00   32.21 v rv32_soc/reg_next_pc[25]$_SDFFE_PN0P_/D (sky130_fd_sc_hd__dfxtp_2)
                                 32.21   data arrival time

                  0.00   25.00   25.00   clock clk0 (rise edge)
                          0.00   25.00   clock network delay (ideal)
                          0.00   25.00   clock reconvergence pessimism
                                 25.00 ^ rv32_soc/reg_next_pc[25]$_SDFFE_PN0P_/CLK (sky130_fd_sc_hd__dfxtp_2)
                         -0.84   24.16   library setup time
                                 24.16   data required time
-----------------------------------------------------------------------------
                                 24.16   data required time
                                -32.21   data arrival time
-----------------------------------------------------------------------------
                                 -8.05   slack (VIOLATED)


Startpoint: rv32_soc/latched_stalu$_SDFFE_PN0P_
            (rising edge-triggered flip-flop clocked by clk0)
Endpoint: rv32_soc/reg_next_pc[30]$_SDFFE_PN0P_
          (rising edge-triggered flip-flop clocked by clk0)
Path Group: clk0
Path Type: max
Corner: slow

Fanout     Cap    Slew   Delay    Time   Description
-----------------------------------------------------------------------------
                  0.00    0.00    0.00   clock clk0 (rise edge)
                          0.00    0.00   clock network delay (ideal)
                  0.00    0.00    0.00 ^ rv32_soc/latched_stalu$_SDFFE_PN0P_/CLK (sky130_fd_sc_hd__dfxtp_2)
    33    0.21    3.91    3.96    3.96 ^ rv32_soc/latched_stalu$_SDFFE_PN0P_/Q (sky130_fd_sc_hd__dfxtp_2)
                                         rv32_soc/latched_stalu (net)
                  3.91    0.00    3.96 ^ _5053_/S (sky130_fd_sc_hd__mux2i_1)
     2    0.01    0.93    2.47    6.43 ^ _5053_/Y (sky130_fd_sc_hd__mux2i_1)
                                         _0613_ (net)
                  0.93    0.00    6.43 ^ _5055_/A2 (sky130_fd_sc_hd__o21a_1)
     6    0.03    1.01    1.35    7.78 ^ _5055_/X (sky130_fd_sc_hd__o21a_1)
                                         _0615_ (net)
                  1.01    0.00    7.78 ^ _5057_/A (sky130_fd_sc_hd__clkinv_1)
     3    0.01    0.27    0.73    8.51 v _5057_/Y (sky130_fd_sc_hd__clkinv_1)
                                         _4206_ (net)
                  0.27    0.00    8.51 v _9468_/A (sky130_fd_sc_hd__ha_1)
     1    0.00    0.17    1.51   10.03 v _9468_/SUM (sky130_fd_sc_hd__ha_1)
                                         _4644_ (net)
                  0.17    0.00   10.03 v _8002_/A2 (sky130_fd_sc_hd__a21o_1)
     1    0.00    0.10    0.72   10.75 v _8002_/X (sky130_fd_sc_hd__a21o_1)
                                         _3189_ (net)
                  0.10    0.00   10.75 v _8003_/A2 (sky130_fd_sc_hd__a21oi_2)
     2    0.01    0.52    0.65   11.40 ^ _8003_/Y (sky130_fd_sc_hd__a21oi_2)
                                         _3190_ (net)
                  0.52    0.00   11.40 ^ _8021_/A2 (sky130_fd_sc_hd__o21ai_0)
     1    0.01    0.25    0.49   11.88 v _8021_/Y (sky130_fd_sc_hd__o21ai_0)
                                         _3206_ (net)
                  0.25    0.00   11.88 v _8022_/A2 (sky130_fd_sc_hd__a21oi_2)
     2    0.01    0.55    0.76   12.65 ^ _8022_/Y (sky130_fd_sc_hd__a21oi_2)
                                         _3207_ (net)
                  0.55    0.00   12.65 ^ _8047_/A2 (sky130_fd_sc_hd__o21ai_0)
     1    0.01    0.23    0.49   13.14 v _8047_/Y (sky130_fd_sc_hd__o21ai_0)
                                         _3230_ (net)
                  0.23    0.00   13.14 v _8048_/A2 (sky130_fd_sc_hd__a21oi_2)
     2    0.01    0.52    0.73   13.87 ^ _8048_/Y (sky130_fd_sc_hd__a21oi_2)
                                         _3231_ (net)
                  0.52    0.00   13.87 ^ _8069_/A2 (sky130_fd_sc_hd__o21ai_0)
     1    0.01    0.21    0.46   14.33 v _8069_/Y (sky130_fd_sc_hd__o21ai_0)
                                         _3250_ (net)
                  0.21    0.00   14.33 v _8070_/A2 (sky130_fd_sc_hd__a21oi_2)
     2    0.01    0.52    0.72   15.05 ^ _8070_/Y (sky130_fd_sc_hd__a21oi_2)
                                         _3251_ (net)
                  0.52    0.00   15.05 ^ _8099_/A2 (sky130_fd_sc_hd__o21ai_0)
     1    0.00    0.17    0.42   15.47 v _8099_/Y (sky130_fd_sc_hd__o21ai_0)
                                         _3278_ (net)
                  0.17    0.00   15.47 v _8100_/A2 (sky130_fd_sc_hd__a21o_1)
     3    0.01    0.13    0.76   16.23 v _8100_/X (sky130_fd_sc_hd__a21o_1)
                                         _3279_ (net)
                  0.13    0.00   16.23 v _8121_/A2 (sky130_fd_sc_hd__a21o_1)
     1    0.00    0.10    0.69   16.93 v _8121_/X (sky130_fd_sc_hd__a21o_1)
                                         _3298_ (net)
                  0.10    0.00   16.93 v _8122_/A2 (sky130_fd_sc_hd__a21o_1)
     3    0.01    0.13    0.71   17.63 v _8122_/X (sky130_fd_sc_hd__a21o_1)
                                         _3299_ (net)
                  0.13    0.00   17.63 v _8142_/A2 (sky130_fd_sc_hd__a21o_1)
     1    0.01    0.12    0.71   18.34 v _8142_/X (sky130_fd_sc_hd__a21o_1)
                                         _3317_ (net)
                  0.12    0.00   18.34 v _8143_/A2 (sky130_fd_sc_hd__a21o_4)
     3    0.01    0.12    0.93   19.27 v _8143_/X (sky130_fd_sc_hd__a21o_4)
                                         _3318_ (net)
                  0.12    0.00   19.27 v _8165_/A2 (sky130_fd_sc_hd__a21o_1)
     1    0.01    0.12    0.71   19.98 v _8165_/X (sky130_fd_sc_hd__a21o_1)
                                         _3338_ (net)
                  0.12    0.00   19.98 v _8166_/A2 (sky130_fd_sc_hd__a21o_4)
     3    0.01    0.12    0.93   20.91 v _8166_/X (sky130_fd_sc_hd__a21o_4)
                                         _3339_ (net)
                  0.12    0.00   20.91 v _8187_/A2 (sky130_fd_sc_hd__a21o_1)
     1    0.01    0.11    0.70   21.61 v _8187_/X (sky130_fd_sc_hd__a21o_1)
                                         _3358_ (net)
                  0.11    0.00   21.61 v _8188_/A2 (sky130_fd_sc_hd__a21o_4)
     3    0.01    0.12    0.92   22.53 v _8188_/X (sky130_fd_sc_hd__a21o_4)
                                         _3359_ (net)
                  0.12    0.00   22.53 v _8211_/A2 (sky130_fd_sc_hd__a21o_1)
     1    0.01    0.11    0.70   23.24 v _8211_/X (sky130_fd_sc_hd__a21o_1)
                                         _3380_ (net)
                  0.11    0.00   23.24 v _8212_/A2 (sky130_fd_sc_hd__a21o_4)
     3    0.01    0.12    0.93   24.16 v _8212_/X (sky130_fd_sc_hd__a21o_4)
                                         _3381_ (net)
                  0.12    0.00   24.16 v _8231_/A2 (sky130_fd_sc_hd__a21o_4)
     1    0.01    0.12    0.93   25.09 v _8231_/X (sky130_fd_sc_hd__a21o_4)
                                         _3398_ (net)
                  0.12    0.00   25.09 v _8232_/A2 (sky130_fd_sc_hd__a21o_4)
     2    0.01    0.11    0.92   26.01 v _8232_/X (sky130_fd_sc_hd__a21o_4)
                                         _3399_ (net)
                  0.11    0.00   26.01 v _8252_/A2 (sky130_fd_sc_hd__a21o_1)
     1    0.01    0.11    0.69   26.70 v _8252_/X (sky130_fd_sc_hd__a21o_1)
                                         _3417_ (net)
                  0.11    0.00   26.70 v _8253_/A2 (sky130_fd_sc_hd__a21o_4)
     2    0.01    0.12    0.93   27.63 v _8253_/X (sky130_fd_sc_hd__a21o_4)
                                         _3418_ (net)
                  0.12    0.00   27.63 v _8274_/A3 (sky130_fd_sc_hd__a31o_4)
     3    0.01    0.12    1.02   28.65 v _8274_/X (sky130_fd_sc_hd__a31o_4)
                                         _3437_ (net)
                  0.12    0.00   28.65 v _8298_/C (sky130_fd_sc_hd__and3_4)
     2    0.00    0.10    0.77   29.42 v _8298_/X (sky130_fd_sc_hd__and3_4)
                                         _3459_ (net)
                  0.10    0.00   29.42 v _8299_/C (sky130_fd_sc_hd__or3_1)
     1    0.00    0.23    1.68   31.10 v _8299_/X (sky130_fd_sc_hd__or3_1)
                                         _3460_ (net)
                  0.23    0.00   31.10 v _8304_/A2 (sky130_fd_sc_hd__a31oi_1)
     1    0.00    0.49    0.71   31.81 ^ _8304_/Y (sky130_fd_sc_hd__a31oi_1)
                                         _3465_ (net)
                  0.49    0.00   31.81 ^ _8307_/A1 (sky130_fd_sc_hd__o21ai_0)
     1    0.00    0.11    0.37   32.18 v _8307_/Y (sky130_fd_sc_hd__o21ai_0)
                                         _0269_ (net)
                  0.11    0.00   32.18 v rv32_soc/reg_next_pc[30]$_SDFFE_PN0P_/D (sky130_fd_sc_hd__dfxtp_2)
                                 32.18   data arrival time

                  0.00   25.00   25.00   clock clk0 (rise edge)
                          0.00   25.00   clock network delay (ideal)
                          0.00   25.00   clock reconvergence pessimism
                                 25.00 ^ rv32_soc/reg_next_pc[30]$_SDFFE_PN0P_/CLK (sky130_fd_sc_hd__dfxtp_2)
                         -0.85   24.15   library setup time
                                 24.15   data required time
-----------------------------------------------------------------------------
                                 24.15   data required time
                                -32.18   data arrival time
-----------------------------------------------------------------------------
                                 -8.03   slack (VIOLATED)


