Startpoint: latched_stalu$_SDFFE_PN0P_ (rising edge-triggered flip-flop)
Endpoint: reg_next_pc[31]$_SDFFE_PN0P_ (rising edge-triggered flip-flop)
Path Group: unconstrained
Path Type: max
Corner: slow

Fanout     Cap    Slew   Delay    Time   Description
-----------------------------------------------------------------------------
                  0.98    0.00    0.00 ^ latched_stalu$_SDFFE_PN0P_/CLK (sky130_fd_sc_hd__dfxtp_2)
    33    0.24    4.43    4.89    4.89 ^ latched_stalu$_SDFFE_PN0P_/Q (sky130_fd_sc_hd__dfxtp_2)
                                         latched_stalu (net)
                  4.43    0.00    4.89 ^ _5682_/S (sky130_fd_sc_hd__mux2i_1)
     2    0.02    1.67    3.20    8.09 ^ _5682_/Y (sky130_fd_sc_hd__mux2i_1)
                                         _1275_ (net)
                  1.67    0.00    8.09 ^ _5684_/A2 (sky130_fd_sc_hd__o21a_1)
     4    0.02    0.70    1.40    9.49 ^ _5684_/X (sky130_fd_sc_hd__o21a_1)
                                         _1277_ (net)
                  0.70    0.00    9.49 ^ _5685_/A (sky130_fd_sc_hd__inv_1)
     2    0.01    0.15    0.43    9.92 v _5685_/Y (sky130_fd_sc_hd__inv_1)
                                         _4144_ (net)
                  0.15    0.00    9.92 v _9165_/B (sky130_fd_sc_hd__ha_1)
     3    0.01    0.24    1.49   11.41 v _9165_/SUM (sky130_fd_sc_hd__ha_1)
                                         _4200_ (net)
                  0.24    0.00   11.41 v _7858_/B_N (sky130_fd_sc_hd__nor2b_1)
     1    0.00    0.08    0.57   11.98 v _7858_/Y (sky130_fd_sc_hd__nor2b_1)
                                         _3121_ (net)
                  0.08    0.00   11.98 v _7859_/A2 (sky130_fd_sc_hd__o21ai_0)
     2    0.01    1.13    1.04   13.01 ^ _7859_/Y (sky130_fd_sc_hd__o21ai_0)
                                         _3122_ (net)
                  1.13    0.00   13.01 ^ _7862_/A2 (sky130_fd_sc_hd__a21boi_2)
     2    0.01    0.16    0.62   13.64 v _7862_/Y (sky130_fd_sc_hd__a21boi_2)
                                         _3125_ (net)
                  0.16    0.00   13.64 v _7880_/A2 (sky130_fd_sc_hd__o21ai_0)
     2    0.01    1.27    1.20   14.83 ^ _7880_/Y (sky130_fd_sc_hd__o21ai_0)
                                         _3141_ (net)
                  1.27    0.00   14.83 ^ _7883_/A2 (sky130_fd_sc_hd__a21boi_1)
     2    0.01    0.22    0.75   15.58 v _7883_/Y (sky130_fd_sc_hd__a21boi_1)
                                         _3144_ (net)
                  0.22    0.00   15.58 v _7899_/A2 (sky130_fd_sc_hd__o21ai_0)
     2    0.01    1.00    1.02   16.60 ^ _7899_/Y (sky130_fd_sc_hd__o21ai_0)
                                         _3158_ (net)
                  1.00    0.00   16.60 ^ _7900_/A2 (sky130_fd_sc_hd__a21boi_0)
     2    0.01    0.24    0.71   17.31 v _7900_/Y (sky130_fd_sc_hd__a21boi_0)
                                         _3159_ (net)
                  0.24    0.00   17.31 v _7923_/A2 (sky130_fd_sc_hd__o21ai_0)
     2    0.01    1.17    1.16   18.47 ^ _7923_/Y (sky130_fd_sc_hd__o21ai_0)
                                         _3180_ (net)
                  1.17    0.00   18.47 ^ _7924_/A2 (sky130_fd_sc_hd__a21boi_2)
     2    0.01    0.18    0.65   19.12 v _7924_/Y (sky130_fd_sc_hd__a21boi_2)
                                         _3181_ (net)
                  0.18    0.00   19.12 v _7947_/A2 (sky130_fd_sc_hd__o21ai_0)
     2    0.01    1.42    1.31   20.44 ^ _7947_/Y (sky130_fd_sc_hd__o21ai_0)
                                         _3202_ (net)
                  1.42    0.00   20.44 ^ _7948_/A2 (sky130_fd_sc_hd__a21boi_0)
     2    0.01    0.28    0.89   21.33 v _7948_/Y (sky130_fd_sc_hd__a21boi_0)
                                         _3203_ (net)
                  0.28    0.00   21.33 v _7975_/A2 (sky130_fd_sc_hd__o21ai_0)
     2    0.01    0.93    1.00   22.33 ^ _7975_/Y (sky130_fd_sc_hd__o21ai_0)
                                         _3228_ (net)
                  0.93    0.00   22.33 ^ _7976_/A2 (sky130_fd_sc_hd__a21boi_0)
     2    0.01    0.29    0.74   23.07 v _7976_/Y (sky130_fd_sc_hd__a21boi_0)
                                         _3229_ (net)
                  0.29    0.00   23.07 v _7999_/A2 (sky130_fd_sc_hd__o21ai_0)
     2    0.01    0.94    1.01   24.08 ^ _7999_/Y (sky130_fd_sc_hd__o21ai_0)
                                         _3250_ (net)
                  0.94    0.00   24.08 ^ _8000_/A2 (sky130_fd_sc_hd__a21boi_0)
     2    0.01    0.24    0.68   24.77 v _8000_/Y (sky130_fd_sc_hd__a21boi_0)
                                         _3251_ (net)
                  0.24    0.00   24.77 v _8021_/A2 (sky130_fd_sc_hd__o21ai_0)
     2    0.01    1.14    1.14   25.91 ^ _8021_/Y (sky130_fd_sc_hd__o21ai_0)
                                         _3270_ (net)
                  1.14    0.00   25.91 ^ _8022_/A2 (sky130_fd_sc_hd__a21boi_0)
     2    0.01    0.26    0.78   26.69 v _8022_/Y (sky130_fd_sc_hd__a21boi_0)
                                         _3271_ (net)
                  0.26    0.00   26.69 v _8042_/A2 (sky130_fd_sc_hd__o21ai_0)
     2    0.01    1.04    1.07   27.76 ^ _8042_/Y (sky130_fd_sc_hd__o21ai_0)
                                         _3289_ (net)
                  1.04    0.00   27.76 ^ _8044_/A2 (sky130_fd_sc_hd__a21oi_1)
     2    0.01    0.19    0.64   28.40 v _8044_/Y (sky130_fd_sc_hd__a21oi_1)
                                         _3291_ (net)
                  0.19    0.00   28.40 v _8065_/A2 (sky130_fd_sc_hd__o21ai_0)
     2    0.01    1.54    1.42   29.82 ^ _8065_/Y (sky130_fd_sc_hd__o21ai_0)
                                         _3310_ (net)
                  1.54    0.00   29.82 ^ _8066_/A2 (sky130_fd_sc_hd__a21boi_0)
     2    0.01    0.31    0.96   30.79 v _8066_/Y (sky130_fd_sc_hd__a21boi_0)
                                         _3311_ (net)
                  0.31    0.00   30.79 v _8081_/A2 (sky130_fd_sc_hd__o21ai_0)
     2    0.01    1.17    1.20   31.99 ^ _8081_/Y (sky130_fd_sc_hd__o21ai_0)
                                         _3324_ (net)
                  1.17    0.00   31.99 ^ _8084_/A2 (sky130_fd_sc_hd__a21boi_1)
     2    0.01    0.20    0.69   32.68 v _8084_/Y (sky130_fd_sc_hd__a21boi_1)
                                         _3327_ (net)
                  0.20    0.00   32.68 v _8102_/A2 (sky130_fd_sc_hd__o21ai_0)
     3    0.01    1.54    1.43   34.11 ^ _8102_/Y (sky130_fd_sc_hd__o21ai_0)
                                         _3343_ (net)
                  1.54    0.00   34.11 ^ _8150_/A2 (sky130_fd_sc_hd__a2111oi_0)
     2    0.01    0.31    0.98   35.08 v _8150_/Y (sky130_fd_sc_hd__a2111oi_0)
                                         _3387_ (net)
                  0.31    0.00   35.08 v _8155_/A1 (sky130_fd_sc_hd__o21ai_0)
     1    0.00    0.45    0.68   35.77 ^ _8155_/Y (sky130_fd_sc_hd__o21ai_0)
                                         _3392_ (net)
                  0.45    0.00   35.77 ^ _8156_/B (sky130_fd_sc_hd__nand2_1)
     1    0.00    0.09    0.30   36.06 v _8156_/Y (sky130_fd_sc_hd__nand2_1)
                                         _3393_ (net)
                  0.09    0.00   36.06 v _8159_/A2 (sky130_fd_sc_hd__o221ai_1)
     1    0.00    0.76    0.81   36.87 ^ _8159_/Y (sky130_fd_sc_hd__o221ai_1)
                                         _3396_ (net)
                  0.76    0.00   36.87 ^ _8161_/B1 (sky130_fd_sc_hd__a22o_1)
     1    0.00    0.12    0.68   37.55 ^ _8161_/X (sky130_fd_sc_hd__a22o_1)
                                         _0270_ (net)
                  0.12    0.00   37.55 ^ reg_next_pc[31]$_SDFFE_PN0P_/D (sky130_fd_sc_hd__dfxtp_1)
                                 37.55   data arrival time
-----------------------------------------------------------------------------
(Path is unconstrained)


