[WARNING STA-0503] report_checks -group_count is deprecated. Use -group_path_count instead.
Startpoint: latched_stalu$_SDFFE_PN0P_ (rising edge-triggered flip-flop)
Endpoint: reg_next_pc[31]$_SDFFE_PN0P_ (rising edge-triggered flip-flop)
Path Group: unconstrained
Path Type: max
Corner: slow

Fanout     Cap    Slew   Delay    Time   Description
-----------------------------------------------------------------------------
                  0.98    0.00    0.00 ^ latched_stalu$_SDFFE_PN0P_/CLK (sky130_fd_sc_hd__dfxtp_2)
    33    0.24    4.43    4.89    4.89 ^ latched_stalu$_SDFFE_PN0P_/Q (sky130_fd_sc_hd__dfxtp_2)
                                         latched_stalu (net)
                  4.43    0.00    4.89 ^ _5682_/S (sky130_fd_sc_hd__mux2i_1)
     2    0.02    1.67    3.20    8.09 ^ _5682_/Y (sky130_fd_sc_hd__mux2i_1)
                                         _1275_ (net)
                  1.67    0.00    8.09 ^ _5684_/A2 (sky130_fd_sc_hd__o21a_1)
     4    0.02    0.70    1.40    9.49 ^ _5684_/X (sky130_fd_sc_hd__o21a_1)
                                         _1277_ (net)
                  0.70    0.00    9.49 ^ _5685_/A (sky130_fd_sc_hd__inv_1)
     2    0.01    0.15    0.43    9.92 v _5685_/Y (sky130_fd_sc_hd__inv_1)
                                         _4144_ (net)
                  0.15    0.00    9.92 v _9165_/B (sky130_fd_sc_hd__ha_1)
     3    0.01    0.24    1.49   11.41 v _9165_/SUM (sky130_fd_sc_hd__ha_1)
                                         _4200_ (net)
                  0.24    0.00   11.41 v _7858_/B_N (sky130_fd_sc_hd__nor2b_1)
     1    0.00    0.08    0.57   11.98 v _7858_/Y (sky130_fd_sc_hd__nor2b_1)
                                         _3121_ (net)
                  0.08    0.00   11.98 v _7859_/A2 (sky130_fd_sc_hd__o21ai_0)
     2    0.01    1.13    1.04   13.01 ^ _7859_/Y (sky130_fd_sc_hd__o21ai_0)
                                         _3122_ (net)
                  1.13    0.00   13.01 ^ _7862_/A2 (sky130_fd_sc_hd__a21boi_2)
     2    0.01    0.16    0.62   13.64 v _7862_/Y (sky130_fd_sc_hd__a21boi_2)
                                         _3125_ (net)
                  0.16    0.00   13.64 v _7880_/A2 (sky130_fd_sc_hd__o21ai_0)
     2    0.01    1.27    1.20   14.83 ^ _7880_/Y (sky130_fd_sc_hd__o21ai_0)
                                         _3141_ (net)
                  1.27    0.00   14.83 ^ _7883_/A2 (sky130_fd_sc_hd__a21boi_1)
     2    0.01    0.22    0.75   15.58 v _7883_/Y (sky130_fd_sc_hd__a21boi_1)
                                         _3144_ (net)
                  0.22    0.00   15.58 v _7899_/A2 (sky130_fd_sc_hd__o21ai_0)
     2    0.01    1.00    1.02   16.60 ^ _7899_/Y (sky130_fd_sc_hd__o21ai_0)
                                         _3158_ (net)
                  1.00    0.00   16.60 ^ _7900_/A2 (sky130_fd_sc_hd__a21boi_0)
     2    0.01    0.24    0.71   17.31 v _7900_/Y (sky130_fd_sc_hd__a21boi_0)
                                         _3159_ (net)
                  0.24    0.00   17.31 v _7923_/A2 (sky130_fd_sc_hd__o21ai_0)
     2    0.01    1.17    1.16   18.47 ^ _7923_/Y (sky130_fd_sc_hd__o21ai_0)
                                         _3180_ (net)
                  1.17    0.00   18.47 ^ _7924_/A2 (sky130_fd_sc_hd__a21boi_2)
     2    0.01    0.18    0.65   19.12 v _7924_/Y (sky130_fd_sc_hd__a21boi_2)
                                         _3181_ (net)
                  0.18    0.00   19.12 v _7947_/A2 (sky130_fd_sc_hd__o21ai_0)
     2    0.01    1.42    1.31   20.44 ^ _7947_/Y (sky130_fd_sc_hd__o21ai_0)
                                         _3202_ (net)
                  1.42    0.00   20.44 ^ _7948_/A2 (sky130_fd_sc_hd__a21boi_0)
     2    0.01    0.28    0.89   21.33 v _7948_/Y (sky130_fd_sc_hd__a21boi_0)
                                         _3203_ (net)
                  0.28    0.00   21.33 v _7975_/A2 (sky130_fd_sc_hd__o21ai_0)
     2    0.01    0.93    1.00   22.33 ^ _7975_/Y (sky130_fd_sc_hd__o21ai_0)
                                         _3228_ (net)
                  0.93    0.00   22.33 ^ _7976_/A2 (sky130_fd_sc_hd__a21boi_0)
     2    0.01    0.29    0.74   23.07 v _7976_/Y (sky130_fd_sc_hd__a21boi_0)
                                         _3229_ (net)
                  0.29    0.00   23.07 v _7999_/A2 (sky130_fd_sc_hd__o21ai_0)
     2    0.01    0.94    1.01   24.08 ^ _7999_/Y (sky130_fd_sc_hd__o21ai_0)
                                         _3250_ (net)
                  0.94    0.00   24.08 ^ _8000_/A2 (sky130_fd_sc_hd__a21boi_0)
     2    0.01    0.24    0.68   24.77 v _8000_/Y (sky130_fd_sc_hd__a21boi_0)
                                         _3251_ (net)
                  0.24    0.00   24.77 v _8021_/A2 (sky130_fd_sc_hd__o21ai_0)
     2    0.01    1.14    1.14   25.91 ^ _8021_/Y (sky130_fd_sc_hd__o21ai_0)
                                         _3270_ (net)
                  1.14    0.00   25.91 ^ _8022_/A2 (sky130_fd_sc_hd__a21boi_0)
     2    0.01    0.26    0.78   26.69 v _8022_/Y (sky130_fd_sc_hd__a21boi_0)
                                         _3271_ (net)
                  0.26    0.00   26.69 v _8042_/A2 (sky130_fd_sc_hd__o21ai_0)
     2    0.01    1.04    1.07   27.76 ^ _8042_/Y (sky130_fd_sc_hd__o21ai_0)
                                         _3289_ (net)
                  1.04    0.00   27.76 ^ _8044_/A2 (sky130_fd_sc_hd__a21oi_1)
     2    0.01    0.19    0.64   28.40 v _8044_/Y (sky130_fd_sc_hd__a21oi_1)
                                         _3291_ (net)
                  0.19    0.00   28.40 v _8065_/A2 (sky130_fd_sc_hd__o21ai_0)
     2    0.01    1.54    1.42   29.82 ^ _8065_/Y (sky130_fd_sc_hd__o21ai_0)
                                         _3310_ (net)
                  1.54    0.00   29.82 ^ _8066_/A2 (sky130_fd_sc_hd__a21boi_0)
     2    0.01    0.31    0.96   30.79 v _8066_/Y (sky130_fd_sc_hd__a21boi_0)
                                         _3311_ (net)
                  0.31    0.00   30.79 v _8081_/A2 (sky130_fd_sc_hd__o21ai_0)
     2    0.01    1.17    1.20   31.99 ^ _8081_/Y (sky130_fd_sc_hd__o21ai_0)
                                         _3324_ (net)
                  1.17    0.00   31.99 ^ _8084_/A2 (sky130_fd_sc_hd__a21boi_1)
     2    0.01    0.20    0.69   32.68 v _8084_/Y (sky130_fd_sc_hd__a21boi_1)
                                         _3327_ (net)
                  0.20    0.00   32.68 v _8102_/A2 (sky130_fd_sc_hd__o21ai_0)
     3    0.01    1.54    1.43   34.11 ^ _8102_/Y (sky130_fd_sc_hd__o21ai_0)
                                         _3343_ (net)
                  1.54    0.00   34.11 ^ _8150_/A2 (sky130_fd_sc_hd__a2111oi_0)
     2    0.01    0.31    0.98   35.08 v _8150_/Y (sky130_fd_sc_hd__a2111oi_0)
                                         _3387_ (net)
                  0.31    0.00   35.08 v _8155_/A1 (sky130_fd_sc_hd__o21ai_0)
     1    0.00    0.45    0.68   35.77 ^ _8155_/Y (sky130_fd_sc_hd__o21ai_0)
                                         _3392_ (net)
                  0.45    0.00   35.77 ^ _8156_/B (sky130_fd_sc_hd__nand2_1)
     1    0.00    0.09    0.30   36.06 v _8156_/Y (sky130_fd_sc_hd__nand2_1)
                                         _3393_ (net)
                  0.09    0.00   36.06 v _8159_/A2 (sky130_fd_sc_hd__o221ai_1)
     1    0.00    0.76    0.81   36.87 ^ _8159_/Y (sky130_fd_sc_hd__o221ai_1)
                                         _3396_ (net)
                  0.76    0.00   36.87 ^ _8161_/B1 (sky130_fd_sc_hd__a22o_1)
     1    0.00    0.12    0.68   37.55 ^ _8161_/X (sky130_fd_sc_hd__a22o_1)
                                         _0270_ (net)
                  0.12    0.00   37.55 ^ reg_next_pc[31]$_SDFFE_PN0P_/D (sky130_fd_sc_hd__dfxtp_1)
                                 37.55   data arrival time
-----------------------------------------------------------------------------
(Path is unconstrained)


Startpoint: latched_stalu$_SDFFE_PN0P_ (rising edge-triggered flip-flop)
Endpoint: reg_next_pc[29]$_SDFFE_PN0P_ (rising edge-triggered flip-flop)
Path Group: unconstrained
Path Type: max
Corner: slow

Fanout     Cap    Slew   Delay    Time   Description
-----------------------------------------------------------------------------
                  0.98    0.00    0.00 ^ latched_stalu$_SDFFE_PN0P_/CLK (sky130_fd_sc_hd__dfxtp_2)
    33    0.24    4.43    4.89    4.89 ^ latched_stalu$_SDFFE_PN0P_/Q (sky130_fd_sc_hd__dfxtp_2)
                                         latched_stalu (net)
                  4.43    0.00    4.89 ^ _5682_/S (sky130_fd_sc_hd__mux2i_1)
     2    0.02    1.67    3.20    8.09 ^ _5682_/Y (sky130_fd_sc_hd__mux2i_1)
                                         _1275_ (net)
                  1.67    0.00    8.09 ^ _5684_/A2 (sky130_fd_sc_hd__o21a_1)
     4    0.02    0.70    1.40    9.49 ^ _5684_/X (sky130_fd_sc_hd__o21a_1)
                                         _1277_ (net)
                  0.70    0.00    9.49 ^ _5685_/A (sky130_fd_sc_hd__inv_1)
     2    0.01    0.15    0.43    9.92 v _5685_/Y (sky130_fd_sc_hd__inv_1)
                                         _4144_ (net)
                  0.15    0.00    9.92 v _9165_/B (sky130_fd_sc_hd__ha_1)
     3    0.01    0.24    1.49   11.41 v _9165_/SUM (sky130_fd_sc_hd__ha_1)
                                         _4200_ (net)
                  0.24    0.00   11.41 v _7858_/B_N (sky130_fd_sc_hd__nor2b_1)
     1    0.00    0.08    0.57   11.98 v _7858_/Y (sky130_fd_sc_hd__nor2b_1)
                                         _3121_ (net)
                  0.08    0.00   11.98 v _7859_/A2 (sky130_fd_sc_hd__o21ai_0)
     2    0.01    1.13    1.04   13.01 ^ _7859_/Y (sky130_fd_sc_hd__o21ai_0)
                                         _3122_ (net)
                  1.13    0.00   13.01 ^ _7862_/A2 (sky130_fd_sc_hd__a21boi_2)
     2    0.01    0.16    0.62   13.64 v _7862_/Y (sky130_fd_sc_hd__a21boi_2)
                                         _3125_ (net)
                  0.16    0.00   13.64 v _7880_/A2 (sky130_fd_sc_hd__o21ai_0)
     2    0.01    1.27    1.20   14.83 ^ _7880_/Y (sky130_fd_sc_hd__o21ai_0)
                                         _3141_ (net)
                  1.27    0.00   14.83 ^ _7883_/A2 (sky130_fd_sc_hd__a21boi_1)
     2    0.01    0.22    0.75   15.58 v _7883_/Y (sky130_fd_sc_hd__a21boi_1)
                                         _3144_ (net)
                  0.22    0.00   15.58 v _7899_/A2 (sky130_fd_sc_hd__o21ai_0)
     2    0.01    1.00    1.02   16.60 ^ _7899_/Y (sky130_fd_sc_hd__o21ai_0)
                                         _3158_ (net)
                  1.00    0.00   16.60 ^ _7900_/A2 (sky130_fd_sc_hd__a21boi_0)
     2    0.01    0.24    0.71   17.31 v _7900_/Y (sky130_fd_sc_hd__a21boi_0)
                                         _3159_ (net)
                  0.24    0.00   17.31 v _7923_/A2 (sky130_fd_sc_hd__o21ai_0)
     2    0.01    1.17    1.16   18.47 ^ _7923_/Y (sky130_fd_sc_hd__o21ai_0)
                                         _3180_ (net)
                  1.17    0.00   18.47 ^ _7924_/A2 (sky130_fd_sc_hd__a21boi_2)
     2    0.01    0.18    0.65   19.12 v _7924_/Y (sky130_fd_sc_hd__a21boi_2)
                                         _3181_ (net)
                  0.18    0.00   19.12 v _7947_/A2 (sky130_fd_sc_hd__o21ai_0)
     2    0.01    1.42    1.31   20.44 ^ _7947_/Y (sky130_fd_sc_hd__o21ai_0)
                                         _3202_ (net)
                  1.42    0.00   20.44 ^ _7948_/A2 (sky130_fd_sc_hd__a21boi_0)
     2    0.01    0.28    0.89   21.33 v _7948_/Y (sky130_fd_sc_hd__a21boi_0)
                                         _3203_ (net)
                  0.28    0.00   21.33 v _7975_/A2 (sky130_fd_sc_hd__o21ai_0)
     2    0.01    0.93    1.00   22.33 ^ _7975_/Y (sky130_fd_sc_hd__o21ai_0)
                                         _3228_ (net)
                  0.93    0.00   22.33 ^ _7976_/A2 (sky130_fd_sc_hd__a21boi_0)
     2    0.01    0.29    0.74   23.07 v _7976_/Y (sky130_fd_sc_hd__a21boi_0)
                                         _3229_ (net)
                  0.29    0.00   23.07 v _7999_/A2 (sky130_fd_sc_hd__o21ai_0)
     2    0.01    0.94    1.01   24.08 ^ _7999_/Y (sky130_fd_sc_hd__o21ai_0)
                                         _3250_ (net)
                  0.94    0.00   24.08 ^ _8000_/A2 (sky130_fd_sc_hd__a21boi_0)
     2    0.01    0.24    0.68   24.77 v _8000_/Y (sky130_fd_sc_hd__a21boi_0)
                                         _3251_ (net)
                  0.24    0.00   24.77 v _8021_/A2 (sky130_fd_sc_hd__o21ai_0)
     2    0.01    1.14    1.14   25.91 ^ _8021_/Y (sky130_fd_sc_hd__o21ai_0)
                                         _3270_ (net)
                  1.14    0.00   25.91 ^ _8022_/A2 (sky130_fd_sc_hd__a21boi_0)
     2    0.01    0.26    0.78   26.69 v _8022_/Y (sky130_fd_sc_hd__a21boi_0)
                                         _3271_ (net)
                  0.26    0.00   26.69 v _8042_/A2 (sky130_fd_sc_hd__o21ai_0)
     2    0.01    1.04    1.07   27.76 ^ _8042_/Y (sky130_fd_sc_hd__o21ai_0)
                                         _3289_ (net)
                  1.04    0.00   27.76 ^ _8044_/A2 (sky130_fd_sc_hd__a21oi_1)
     2    0.01    0.19    0.64   28.40 v _8044_/Y (sky130_fd_sc_hd__a21oi_1)
                                         _3291_ (net)
                  0.19    0.00   28.40 v _8065_/A2 (sky130_fd_sc_hd__o21ai_0)
     2    0.01    1.54    1.42   29.82 ^ _8065_/Y (sky130_fd_sc_hd__o21ai_0)
                                         _3310_ (net)
                  1.54    0.00   29.82 ^ _8066_/A2 (sky130_fd_sc_hd__a21boi_0)
     2    0.01    0.31    0.96   30.79 v _8066_/Y (sky130_fd_sc_hd__a21boi_0)
                                         _3311_ (net)
                  0.31    0.00   30.79 v _8081_/A2 (sky130_fd_sc_hd__o21ai_0)
     2    0.01    1.17    1.20   31.99 ^ _8081_/Y (sky130_fd_sc_hd__o21ai_0)
                                         _3324_ (net)
                  1.17    0.00   31.99 ^ _8084_/A2 (sky130_fd_sc_hd__a21boi_1)
     2    0.01    0.20    0.69   32.68 v _8084_/Y (sky130_fd_sc_hd__a21boi_1)
                                         _3327_ (net)
                  0.20    0.00   32.68 v _8102_/A2 (sky130_fd_sc_hd__o21ai_0)
     3    0.01    1.54    1.43   34.11 ^ _8102_/Y (sky130_fd_sc_hd__o21ai_0)
                                         _3343_ (net)
                  1.54    0.00   34.11 ^ _8125_/A2 (sky130_fd_sc_hd__a211oi_1)
     1    0.00    0.17    0.75   34.86 v _8125_/Y (sky130_fd_sc_hd__a211oi_1)
                                         _3364_ (net)
                  0.17    0.00   34.86 v _8127_/A_N (sky130_fd_sc_hd__nand2b_1)
     2    0.01    0.17    0.62   35.47 v _8127_/Y (sky130_fd_sc_hd__nand2b_1)
                                         _3366_ (net)
                  0.17    0.00   35.47 v _8129_/B (sky130_fd_sc_hd__or2_0)
     1    0.00    0.14    0.91   36.38 v _8129_/X (sky130_fd_sc_hd__or2_0)
                                         _3368_ (net)
                  0.14    0.00   36.38 v _8133_/A3 (sky130_fd_sc_hd__a31oi_1)
     1    0.00    0.42    0.59   36.97 ^ _8133_/Y (sky130_fd_sc_hd__a31oi_1)
                                         _3372_ (net)
                  0.42    0.00   36.97 ^ _8136_/A1 (sky130_fd_sc_hd__o21ai_0)
     1    0.00    0.11    0.33   37.31 v _8136_/Y (sky130_fd_sc_hd__o21ai_0)
                                         _0268_ (net)
                  0.11    0.00   37.31 v reg_next_pc[29]$_SDFFE_PN0P_/D (sky130_fd_sc_hd__dfxtp_2)
                                 37.31   data arrival time
-----------------------------------------------------------------------------
(Path is unconstrained)


Startpoint: latched_stalu$_SDFFE_PN0P_ (rising edge-triggered flip-flop)
Endpoint: reg_next_pc[27]$_SDFFE_PN0P_ (rising edge-triggered flip-flop)
Path Group: unconstrained
Path Type: max
Corner: slow

Fanout     Cap    Slew   Delay    Time   Description
-----------------------------------------------------------------------------
                  0.98    0.00    0.00 ^ latched_stalu$_SDFFE_PN0P_/CLK (sky130_fd_sc_hd__dfxtp_2)
    33    0.24    4.43    4.89    4.89 ^ latched_stalu$_SDFFE_PN0P_/Q (sky130_fd_sc_hd__dfxtp_2)
                                         latched_stalu (net)
                  4.43    0.00    4.89 ^ _5682_/S (sky130_fd_sc_hd__mux2i_1)
     2    0.02    1.67    3.20    8.09 ^ _5682_/Y (sky130_fd_sc_hd__mux2i_1)
                                         _1275_ (net)
                  1.67    0.00    8.09 ^ _5684_/A2 (sky130_fd_sc_hd__o21a_1)
     4    0.02    0.70    1.40    9.49 ^ _5684_/X (sky130_fd_sc_hd__o21a_1)
                                         _1277_ (net)
                  0.70    0.00    9.49 ^ _5685_/A (sky130_fd_sc_hd__inv_1)
     2    0.01    0.15    0.43    9.92 v _5685_/Y (sky130_fd_sc_hd__inv_1)
                                         _4144_ (net)
                  0.15    0.00    9.92 v _9165_/B (sky130_fd_sc_hd__ha_1)
     3    0.01    0.24    1.49   11.41 v _9165_/SUM (sky130_fd_sc_hd__ha_1)
                                         _4200_ (net)
                  0.24    0.00   11.41 v _7858_/B_N (sky130_fd_sc_hd__nor2b_1)
     1    0.00    0.08    0.57   11.98 v _7858_/Y (sky130_fd_sc_hd__nor2b_1)
                                         _3121_ (net)
                  0.08    0.00   11.98 v _7859_/A2 (sky130_fd_sc_hd__o21ai_0)
     2    0.01    1.13    1.04   13.01 ^ _7859_/Y (sky130_fd_sc_hd__o21ai_0)
                                         _3122_ (net)
                  1.13    0.00   13.01 ^ _7862_/A2 (sky130_fd_sc_hd__a21boi_2)
     2    0.01    0.16    0.62   13.64 v _7862_/Y (sky130_fd_sc_hd__a21boi_2)
                                         _3125_ (net)
                  0.16    0.00   13.64 v _7880_/A2 (sky130_fd_sc_hd__o21ai_0)
     2    0.01    1.27    1.20   14.83 ^ _7880_/Y (sky130_fd_sc_hd__o21ai_0)
                                         _3141_ (net)
                  1.27    0.00   14.83 ^ _7883_/A2 (sky130_fd_sc_hd__a21boi_1)
     2    0.01    0.22    0.75   15.58 v _7883_/Y (sky130_fd_sc_hd__a21boi_1)
                                         _3144_ (net)
                  0.22    0.00   15.58 v _7899_/A2 (sky130_fd_sc_hd__o21ai_0)
     2    0.01    1.00    1.02   16.60 ^ _7899_/Y (sky130_fd_sc_hd__o21ai_0)
                                         _3158_ (net)
                  1.00    0.00   16.60 ^ _7900_/A2 (sky130_fd_sc_hd__a21boi_0)
     2    0.01    0.24    0.71   17.31 v _7900_/Y (sky130_fd_sc_hd__a21boi_0)
                                         _3159_ (net)
                  0.24    0.00   17.31 v _7923_/A2 (sky130_fd_sc_hd__o21ai_0)
     2    0.01    1.17    1.16   18.47 ^ _7923_/Y (sky130_fd_sc_hd__o21ai_0)
                                         _3180_ (net)
                  1.17    0.00   18.47 ^ _7924_/A2 (sky130_fd_sc_hd__a21boi_2)
     2    0.01    0.18    0.65   19.12 v _7924_/Y (sky130_fd_sc_hd__a21boi_2)
                                         _3181_ (net)
                  0.18    0.00   19.12 v _7947_/A2 (sky130_fd_sc_hd__o21ai_0)
     2    0.01    1.42    1.31   20.44 ^ _7947_/Y (sky130_fd_sc_hd__o21ai_0)
                                         _3202_ (net)
                  1.42    0.00   20.44 ^ _7948_/A2 (sky130_fd_sc_hd__a21boi_0)
     2    0.01    0.28    0.89   21.33 v _7948_/Y (sky130_fd_sc_hd__a21boi_0)
                                         _3203_ (net)
                  0.28    0.00   21.33 v _7975_/A2 (sky130_fd_sc_hd__o21ai_0)
     2    0.01    0.93    1.00   22.33 ^ _7975_/Y (sky130_fd_sc_hd__o21ai_0)
                                         _3228_ (net)
                  0.93    0.00   22.33 ^ _7976_/A2 (sky130_fd_sc_hd__a21boi_0)
     2    0.01    0.29    0.74   23.07 v _7976_/Y (sky130_fd_sc_hd__a21boi_0)
                                         _3229_ (net)
                  0.29    0.00   23.07 v _7999_/A2 (sky130_fd_sc_hd__o21ai_0)
     2    0.01    0.94    1.01   24.08 ^ _7999_/Y (sky130_fd_sc_hd__o21ai_0)
                                         _3250_ (net)
                  0.94    0.00   24.08 ^ _8000_/A2 (sky130_fd_sc_hd__a21boi_0)
     2    0.01    0.24    0.68   24.77 v _8000_/Y (sky130_fd_sc_hd__a21boi_0)
                                         _3251_ (net)
                  0.24    0.00   24.77 v _8021_/A2 (sky130_fd_sc_hd__o21ai_0)
     2    0.01    1.14    1.14   25.91 ^ _8021_/Y (sky130_fd_sc_hd__o21ai_0)
                                         _3270_ (net)
                  1.14    0.00   25.91 ^ _8022_/A2 (sky130_fd_sc_hd__a21boi_0)
     2    0.01    0.26    0.78   26.69 v _8022_/Y (sky130_fd_sc_hd__a21boi_0)
                                         _3271_ (net)
                  0.26    0.00   26.69 v _8042_/A2 (sky130_fd_sc_hd__o21ai_0)
     2    0.01    1.04    1.07   27.76 ^ _8042_/Y (sky130_fd_sc_hd__o21ai_0)
                                         _3289_ (net)
                  1.04    0.00   27.76 ^ _8044_/A2 (sky130_fd_sc_hd__a21oi_1)
     2    0.01    0.19    0.64   28.40 v _8044_/Y (sky130_fd_sc_hd__a21oi_1)
                                         _3291_ (net)
                  0.19    0.00   28.40 v _8065_/A2 (sky130_fd_sc_hd__o21ai_0)
     2    0.01    1.54    1.42   29.82 ^ _8065_/Y (sky130_fd_sc_hd__o21ai_0)
                                         _3310_ (net)
                  1.54    0.00   29.82 ^ _8066_/A2 (sky130_fd_sc_hd__a21boi_0)
     2    0.01    0.31    0.96   30.79 v _8066_/Y (sky130_fd_sc_hd__a21boi_0)
                                         _3311_ (net)
                  0.31    0.00   30.79 v _8081_/A2 (sky130_fd_sc_hd__o21ai_0)
     2    0.01    1.17    1.20   31.99 ^ _8081_/Y (sky130_fd_sc_hd__o21ai_0)
                                         _3324_ (net)
                  1.17    0.00   31.99 ^ _8084_/A2 (sky130_fd_sc_hd__a21boi_1)
     2    0.01    0.20    0.69   32.68 v _8084_/Y (sky130_fd_sc_hd__a21boi_1)
                                         _3327_ (net)
                  0.20    0.00   32.68 v _8102_/A2 (sky130_fd_sc_hd__o21ai_0)
     3    0.01    1.54    1.43   34.11 ^ _8102_/Y (sky130_fd_sc_hd__o21ai_0)
                                         _3343_ (net)
                  1.54    0.00   34.11 ^ _8103_/B (sky130_fd_sc_hd__nand2_1)
     1    0.00    0.22    0.79   34.89 v _8103_/Y (sky130_fd_sc_hd__nand2_1)
                                         _3344_ (net)
                  0.22    0.00   34.89 v _8104_/B (sky130_fd_sc_hd__xnor2_1)
     1    0.00    0.65    0.75   35.64 ^ _8104_/Y (sky130_fd_sc_hd__xnor2_1)
                                         _3345_ (net)
                  0.65    0.00   35.64 ^ _8105_/B (sky130_fd_sc_hd__nor2_1)
     1    0.00    0.13    0.32   35.96 v _8105_/Y (sky130_fd_sc_hd__nor2_1)
                                         _3346_ (net)
                  0.13    0.00   35.96 v _8112_/A1 (sky130_fd_sc_hd__o21ai_0)
     1    0.00    0.41    0.54   36.50 ^ _8112_/Y (sky130_fd_sc_hd__o21ai_0)
                                         _0266_ (net)
                  0.41    0.00   36.50 ^ reg_next_pc[27]$_SDFFE_PN0P_/D (sky130_fd_sc_hd__dfxtp_2)
                                 36.50   data arrival time
-----------------------------------------------------------------------------
(Path is unconstrained)


Startpoint: latched_stalu$_SDFFE_PN0P_ (rising edge-triggered flip-flop)
Endpoint: reg_next_pc[30]$_SDFFE_PN0P_ (rising edge-triggered flip-flop)
Path Group: unconstrained
Path Type: max
Corner: slow

Fanout     Cap    Slew   Delay    Time   Description
-----------------------------------------------------------------------------
                  0.98    0.00    0.00 ^ latched_stalu$_SDFFE_PN0P_/CLK (sky130_fd_sc_hd__dfxtp_2)
    33    0.24    4.43    4.89    4.89 ^ latched_stalu$_SDFFE_PN0P_/Q (sky130_fd_sc_hd__dfxtp_2)
                                         latched_stalu (net)
                  4.43    0.00    4.90 ^ _5678_/S (sky130_fd_sc_hd__mux2i_1)
     2    0.01    0.92    2.61    7.50 ^ _5678_/Y (sky130_fd_sc_hd__mux2i_1)
                                         _1273_ (net)
                  0.92    0.00    7.50 ^ _5680_/A2 (sky130_fd_sc_hd__o21a_1)
     5    0.03    1.11    1.41    8.92 ^ _5680_/X (sky130_fd_sc_hd__o21a_1)
                                         _4165_ (net)
                  1.11    0.00    8.92 ^ _5681_/A (sky130_fd_sc_hd__inv_2)
     3    0.01    0.20    0.57    9.48 v _5681_/Y (sky130_fd_sc_hd__inv_2)
                                         _4133_ (net)
                  0.20    0.00    9.48 v _9163_/B (sky130_fd_sc_hd__ha_1)
     1    0.00    0.17    1.40   10.88 v _9163_/SUM (sky130_fd_sc_hd__ha_1)
                                         _4196_ (net)
                  0.17    0.00   10.88 v _7845_/A2 (sky130_fd_sc_hd__a21o_1)
     1    0.01    0.12    0.74   11.62 v _7845_/X (sky130_fd_sc_hd__a21o_1)
                                         _3109_ (net)
                  0.12    0.00   11.62 v _7846_/A2 (sky130_fd_sc_hd__a21oi_1)
     2    0.01    0.75    0.81   12.43 ^ _7846_/Y (sky130_fd_sc_hd__a21oi_1)
                                         _3110_ (net)
                  0.75    0.00   12.43 ^ _7868_/A2 (sky130_fd_sc_hd__o21ai_0)
     1    0.01    0.28    0.63   13.06 v _7868_/Y (sky130_fd_sc_hd__o21ai_0)
                                         _3130_ (net)
                  0.28    0.00   13.06 v _7869_/A2 (sky130_fd_sc_hd__a21oi_2)
     2    0.01    0.72    0.92   13.98 ^ _7869_/Y (sky130_fd_sc_hd__a21oi_2)
                                         _3131_ (net)
                  0.72    0.00   13.98 ^ _7889_/A2 (sky130_fd_sc_hd__o21ai_1)
     1    0.01    0.15    0.47   14.44 v _7889_/Y (sky130_fd_sc_hd__o21ai_1)
                                         _3149_ (net)
                  0.15    0.00   14.44 v _7890_/A2 (sky130_fd_sc_hd__a21oi_1)
     2    0.01    0.76    0.83   15.28 ^ _7890_/Y (sky130_fd_sc_hd__a21oi_1)
                                         _3150_ (net)
                  0.76    0.00   15.28 ^ _7912_/A2 (sky130_fd_sc_hd__o21ai_0)
     1    0.00    0.18    0.53   15.81 v _7912_/Y (sky130_fd_sc_hd__o21ai_0)
                                         _3170_ (net)
                  0.18    0.00   15.81 v _7913_/A2 (sky130_fd_sc_hd__a21oi_1)
     2    0.01    0.79    0.88   16.69 ^ _7913_/Y (sky130_fd_sc_hd__a21oi_1)
                                         _3171_ (net)
                  0.79    0.00   16.69 ^ _7939_/A2 (sky130_fd_sc_hd__o21ai_0)
     1    0.01    0.34    0.69   17.38 v _7939_/Y (sky130_fd_sc_hd__o21ai_0)
                                         _3195_ (net)
                  0.34    0.00   17.38 v _7940_/A2 (sky130_fd_sc_hd__a21o_4)
     3    0.01    0.11    1.06   18.44 v _7940_/X (sky130_fd_sc_hd__a21o_4)
                                         _3196_ (net)
                  0.11    0.00   18.44 v _7962_/A2 (sky130_fd_sc_hd__a21o_1)
     1    0.01    0.12    0.71   19.15 v _7962_/X (sky130_fd_sc_hd__a21o_1)
                                         _3216_ (net)
                  0.12    0.00   19.15 v _7963_/A2 (sky130_fd_sc_hd__a21o_1)
     3    0.01    0.12    0.72   19.87 v _7963_/X (sky130_fd_sc_hd__a21o_1)
                                         _3217_ (net)
                  0.12    0.00   19.87 v _7987_/A2 (sky130_fd_sc_hd__a21o_1)
     1    0.01    0.11    0.70   20.57 v _7987_/X (sky130_fd_sc_hd__a21o_1)
                                         _3239_ (net)
                  0.11    0.00   20.57 v _7988_/A2 (sky130_fd_sc_hd__a21o_4)
     3    0.01    0.12    0.93   21.50 v _7988_/X (sky130_fd_sc_hd__a21o_4)
                                         _3240_ (net)
                  0.12    0.00   21.50 v _8010_/A2 (sky130_fd_sc_hd__a21o_1)
     1    0.01    0.11    0.70   22.20 v _8010_/X (sky130_fd_sc_hd__a21o_1)
                                         _3260_ (net)
                  0.11    0.00   22.20 v _8011_/A2 (sky130_fd_sc_hd__a21o_4)
     3    0.01    0.11    0.91   23.11 v _8011_/X (sky130_fd_sc_hd__a21o_4)
                                         _3261_ (net)
                  0.11    0.00   23.11 v _8032_/A2 (sky130_fd_sc_hd__a21o_1)
     1    0.01    0.13    0.72   23.83 v _8032_/X (sky130_fd_sc_hd__a21o_1)
                                         _3280_ (net)
                  0.13    0.00   23.83 v _8033_/A2 (sky130_fd_sc_hd__a21o_4)
     3    0.01    0.11    0.93   24.76 v _8033_/X (sky130_fd_sc_hd__a21o_4)
                                         _3281_ (net)
                  0.11    0.00   24.76 v _8055_/A2 (sky130_fd_sc_hd__a21oi_1)
     1    0.01    0.56    0.65   25.41 ^ _8055_/Y (sky130_fd_sc_hd__a21oi_1)
                                         _3301_ (net)
                  0.56    0.00   25.41 ^ _8056_/A2 (sky130_fd_sc_hd__o21bai_2)
     3    0.01    0.18    0.41   25.82 v _8056_/Y (sky130_fd_sc_hd__o21bai_2)
                                         _3302_ (net)
                  0.18    0.00   25.82 v _8072_/A2 (sky130_fd_sc_hd__a21o_4)
     1    0.01    0.12    0.97   26.79 v _8072_/X (sky130_fd_sc_hd__a21o_4)
                                         _3316_ (net)
                  0.12    0.00   26.79 v _8073_/A2 (sky130_fd_sc_hd__a21o_4)
     2    0.01    0.11    0.92   27.71 v _8073_/X (sky130_fd_sc_hd__a21o_4)
                                         _3317_ (net)
                  0.11    0.00   27.71 v _8092_/A2 (sky130_fd_sc_hd__a21o_1)
     1    0.01    0.13    0.72   28.42 v _8092_/X (sky130_fd_sc_hd__a21o_1)
                                         _3334_ (net)
                  0.13    0.00   28.42 v _8093_/A2 (sky130_fd_sc_hd__a21o_4)
     2    0.01    0.12    0.94   29.36 v _8093_/X (sky130_fd_sc_hd__a21o_4)
                                         _3335_ (net)
                  0.12    0.00   29.36 v _8115_/A3 (sky130_fd_sc_hd__a31o_4)
     3    0.01    0.12    1.02   30.38 v _8115_/X (sky130_fd_sc_hd__a31o_4)
                                         _3355_ (net)
                  0.12    0.00   30.38 v _8139_/C (sky130_fd_sc_hd__and3_1)
     2    0.00    0.11    0.74   31.12 v _8139_/X (sky130_fd_sc_hd__and3_1)
                                         _3377_ (net)
                  0.11    0.00   31.12 v _8140_/C (sky130_fd_sc_hd__or3_1)
     1    0.00    0.24    1.71   32.82 v _8140_/X (sky130_fd_sc_hd__or3_1)
                                         _3378_ (net)
                  0.24    0.00   32.82 v _8145_/A2 (sky130_fd_sc_hd__a31oi_1)
     1    0.00    0.60    0.80   33.63 ^ _8145_/Y (sky130_fd_sc_hd__a31oi_1)
                                         _3383_ (net)
                  0.60    0.00   33.63 ^ _8148_/A1 (sky130_fd_sc_hd__o21ai_0)
     1    0.00    0.13    0.43   34.06 v _8148_/Y (sky130_fd_sc_hd__o21ai_0)
                                         _0269_ (net)
                  0.13    0.00   34.06 v reg_next_pc[30]$_SDFFE_PN0P_/D (sky130_fd_sc_hd__dfxtp_1)
                                 34.06   data arrival time
-----------------------------------------------------------------------------
(Path is unconstrained)


Startpoint: latched_stalu$_SDFFE_PN0P_ (rising edge-triggered flip-flop)
Endpoint: reg_next_pc[25]$_SDFFE_PN0P_ (rising edge-triggered flip-flop)
Path Group: unconstrained
Path Type: max
Corner: slow

Fanout     Cap    Slew   Delay    Time   Description
-----------------------------------------------------------------------------
                  0.98    0.00    0.00 ^ latched_stalu$_SDFFE_PN0P_/CLK (sky130_fd_sc_hd__dfxtp_2)
    33    0.24    4.43    4.89    4.89 ^ latched_stalu$_SDFFE_PN0P_/Q (sky130_fd_sc_hd__dfxtp_2)
                                         latched_stalu (net)
                  4.43    0.00    4.89 ^ _5682_/S (sky130_fd_sc_hd__mux2i_1)
     2    0.02    1.67    3.20    8.09 ^ _5682_/Y (sky130_fd_sc_hd__mux2i_1)
                                         _1275_ (net)
                  1.67    0.00    8.09 ^ _5684_/A2 (sky130_fd_sc_hd__o21a_1)
     4    0.02    0.70    1.40    9.49 ^ _5684_/X (sky130_fd_sc_hd__o21a_1)
                                         _1277_ (net)
                  0.70    0.00    9.49 ^ _5685_/A (sky130_fd_sc_hd__inv_1)
     2    0.01    0.15    0.43    9.92 v _5685_/Y (sky130_fd_sc_hd__inv_1)
                                         _4144_ (net)
                  0.15    0.00    9.92 v _9165_/B (sky130_fd_sc_hd__ha_1)
     3    0.01    0.24    1.49   11.41 v _9165_/SUM (sky130_fd_sc_hd__ha_1)
                                         _4200_ (net)
                  0.24    0.00   11.41 v _7858_/B_N (sky130_fd_sc_hd__nor2b_1)
     1    0.00    0.08    0.57   11.98 v _7858_/Y (sky130_fd_sc_hd__nor2b_1)
                                         _3121_ (net)
                  0.08    0.00   11.98 v _7859_/A2 (sky130_fd_sc_hd__o21ai_0)
     2    0.01    1.13    1.04   13.01 ^ _7859_/Y (sky130_fd_sc_hd__o21ai_0)
                                         _3122_ (net)
                  1.13    0.00   13.01 ^ _7862_/A2 (sky130_fd_sc_hd__a21boi_2)
     2    0.01    0.16    0.62   13.64 v _7862_/Y (sky130_fd_sc_hd__a21boi_2)
                                         _3125_ (net)
                  0.16    0.00   13.64 v _7880_/A2 (sky130_fd_sc_hd__o21ai_0)
     2    0.01    1.27    1.20   14.83 ^ _7880_/Y (sky130_fd_sc_hd__o21ai_0)
                                         _3141_ (net)
                  1.27    0.00   14.83 ^ _7883_/A2 (sky130_fd_sc_hd__a21boi_1)
     2    0.01    0.22    0.75   15.58 v _7883_/Y (sky130_fd_sc_hd__a21boi_1)
                                         _3144_ (net)
                  0.22    0.00   15.58 v _7899_/A2 (sky130_fd_sc_hd__o21ai_0)
     2    0.01    1.00    1.02   16.60 ^ _7899_/Y (sky130_fd_sc_hd__o21ai_0)
                                         _3158_ (net)
                  1.00    0.00   16.60 ^ _7900_/A2 (sky130_fd_sc_hd__a21boi_0)
     2    0.01    0.24    0.71   17.31 v _7900_/Y (sky130_fd_sc_hd__a21boi_0)
                                         _3159_ (net)
                  0.24    0.00   17.31 v _7923_/A2 (sky130_fd_sc_hd__o21ai_0)
     2    0.01    1.17    1.16   18.47 ^ _7923_/Y (sky130_fd_sc_hd__o21ai_0)
                                         _3180_ (net)
                  1.17    0.00   18.47 ^ _7924_/A2 (sky130_fd_sc_hd__a21boi_2)
     2    0.01    0.18    0.65   19.12 v _7924_/Y (sky130_fd_sc_hd__a21boi_2)
                                         _3181_ (net)
                  0.18    0.00   19.12 v _7947_/A2 (sky130_fd_sc_hd__o21ai_0)
     2    0.01    1.42    1.31   20.44 ^ _7947_/Y (sky130_fd_sc_hd__o21ai_0)
                                         _3202_ (net)
                  1.42    0.00   20.44 ^ _7948_/A2 (sky130_fd_sc_hd__a21boi_0)
     2    0.01    0.28    0.89   21.33 v _7948_/Y (sky130_fd_sc_hd__a21boi_0)
                                         _3203_ (net)
                  0.28    0.00   21.33 v _7975_/A2 (sky130_fd_sc_hd__o21ai_0)
     2    0.01    0.93    1.00   22.33 ^ _7975_/Y (sky130_fd_sc_hd__o21ai_0)
                                         _3228_ (net)
                  0.93    0.00   22.33 ^ _7976_/A2 (sky130_fd_sc_hd__a21boi_0)
     2    0.01    0.29    0.74   23.07 v _7976_/Y (sky130_fd_sc_hd__a21boi_0)
                                         _3229_ (net)
                  0.29    0.00   23.07 v _7999_/A2 (sky130_fd_sc_hd__o21ai_0)
     2    0.01    0.94    1.01   24.08 ^ _7999_/Y (sky130_fd_sc_hd__o21ai_0)
                                         _3250_ (net)
                  0.94    0.00   24.08 ^ _8000_/A2 (sky130_fd_sc_hd__a21boi_0)
     2    0.01    0.24    0.68   24.77 v _8000_/Y (sky130_fd_sc_hd__a21boi_0)
                                         _3251_ (net)
                  0.24    0.00   24.77 v _8021_/A2 (sky130_fd_sc_hd__o21ai_0)
     2    0.01    1.14    1.14   25.91 ^ _8021_/Y (sky130_fd_sc_hd__o21ai_0)
                                         _3270_ (net)
                  1.14    0.00   25.91 ^ _8022_/A2 (sky130_fd_sc_hd__a21boi_0)
     2    0.01    0.26    0.78   26.69 v _8022_/Y (sky130_fd_sc_hd__a21boi_0)
                                         _3271_ (net)
                  0.26    0.00   26.69 v _8042_/A2 (sky130_fd_sc_hd__o21ai_0)
     2    0.01    1.04    1.07   27.76 ^ _8042_/Y (sky130_fd_sc_hd__o21ai_0)
                                         _3289_ (net)
                  1.04    0.00   27.76 ^ _8044_/A2 (sky130_fd_sc_hd__a21oi_1)
     2    0.01    0.19    0.64   28.40 v _8044_/Y (sky130_fd_sc_hd__a21oi_1)
                                         _3291_ (net)
                  0.19    0.00   28.40 v _8065_/A2 (sky130_fd_sc_hd__o21ai_0)
     2    0.01    1.54    1.42   29.82 ^ _8065_/Y (sky130_fd_sc_hd__o21ai_0)
                                         _3310_ (net)
                  1.54    0.00   29.82 ^ _8066_/A2 (sky130_fd_sc_hd__a21boi_0)
     2    0.01    0.31    0.96   30.79 v _8066_/Y (sky130_fd_sc_hd__a21boi_0)
                                         _3311_ (net)
                  0.31    0.00   30.79 v _8081_/A2 (sky130_fd_sc_hd__o21ai_0)
     2    0.01    1.17    1.20   31.99 ^ _8081_/Y (sky130_fd_sc_hd__o21ai_0)
                                         _3324_ (net)
                  1.17    0.00   31.99 ^ _8084_/A2 (sky130_fd_sc_hd__a21boi_1)
     2    0.01    0.20    0.69   32.68 v _8084_/Y (sky130_fd_sc_hd__a21boi_1)
                                         _3327_ (net)
                  0.20    0.00   32.68 v _8085_/A2 (sky130_fd_sc_hd__o21a_1)
     1    0.00    0.09    0.75   33.43 v _8085_/X (sky130_fd_sc_hd__o21a_1)
                                         _3328_ (net)
                  0.09    0.00   33.43 v _8090_/A1 (sky130_fd_sc_hd__o21ai_0)
     1    0.00    0.46    0.56   33.99 ^ _8090_/Y (sky130_fd_sc_hd__o21ai_0)
                                         _0264_ (net)
                  0.46    0.00   33.99 ^ reg_next_pc[25]$_SDFFE_PN0P_/D (sky130_fd_sc_hd__dfxtp_2)
                                 33.99   data arrival time
-----------------------------------------------------------------------------
(Path is unconstrained)


Startpoint: latched_stalu$_SDFFE_PN0P_ (rising edge-triggered flip-flop)
Endpoint: reg_next_pc[23]$_SDFFE_PN0P_ (rising edge-triggered flip-flop)
Path Group: unconstrained
Path Type: max
Corner: slow

Fanout     Cap    Slew   Delay    Time   Description
-----------------------------------------------------------------------------
                  0.98    0.00    0.00 ^ latched_stalu$_SDFFE_PN0P_/CLK (sky130_fd_sc_hd__dfxtp_2)
    33    0.24    4.43    4.89    4.89 ^ latched_stalu$_SDFFE_PN0P_/Q (sky130_fd_sc_hd__dfxtp_2)
                                         latched_stalu (net)
                  4.43    0.00    4.89 ^ _5682_/S (sky130_fd_sc_hd__mux2i_1)
     2    0.02    1.67    3.20    8.09 ^ _5682_/Y (sky130_fd_sc_hd__mux2i_1)
                                         _1275_ (net)
                  1.67    0.00    8.09 ^ _5684_/A2 (sky130_fd_sc_hd__o21a_1)
     4    0.02    0.70    1.40    9.49 ^ _5684_/X (sky130_fd_sc_hd__o21a_1)
                                         _1277_ (net)
                  0.70    0.00    9.49 ^ _5685_/A (sky130_fd_sc_hd__inv_1)
     2    0.01    0.15    0.43    9.92 v _5685_/Y (sky130_fd_sc_hd__inv_1)
                                         _4144_ (net)
                  0.15    0.00    9.92 v _9165_/B (sky130_fd_sc_hd__ha_1)
     3    0.01    0.24    1.49   11.41 v _9165_/SUM (sky130_fd_sc_hd__ha_1)
                                         _4200_ (net)
                  0.24    0.00   11.41 v _7858_/B_N (sky130_fd_sc_hd__nor2b_1)
     1    0.00    0.08    0.57   11.98 v _7858_/Y (sky130_fd_sc_hd__nor2b_1)
                                         _3121_ (net)
                  0.08    0.00   11.98 v _7859_/A2 (sky130_fd_sc_hd__o21ai_0)
     2    0.01    1.13    1.04   13.01 ^ _7859_/Y (sky130_fd_sc_hd__o21ai_0)
                                         _3122_ (net)
                  1.13    0.00   13.01 ^ _7862_/A2 (sky130_fd_sc_hd__a21boi_2)
     2    0.01    0.16    0.62   13.64 v _7862_/Y (sky130_fd_sc_hd__a21boi_2)
                                         _3125_ (net)
                  0.16    0.00   13.64 v _7880_/A2 (sky130_fd_sc_hd__o21ai_0)
     2    0.01    1.27    1.20   14.83 ^ _7880_/Y (sky130_fd_sc_hd__o21ai_0)
                                         _3141_ (net)
                  1.27    0.00   14.83 ^ _7883_/A2 (sky130_fd_sc_hd__a21boi_1)
     2    0.01    0.22    0.75   15.58 v _7883_/Y (sky130_fd_sc_hd__a21boi_1)
                                         _3144_ (net)
                  0.22    0.00   15.58 v _7899_/A2 (sky130_fd_sc_hd__o21ai_0)
     2    0.01    1.00    1.02   16.60 ^ _7899_/Y (sky130_fd_sc_hd__o21ai_0)
                                         _3158_ (net)
                  1.00    0.00   16.60 ^ _7900_/A2 (sky130_fd_sc_hd__a21boi_0)
     2    0.01    0.24    0.71   17.31 v _7900_/Y (sky130_fd_sc_hd__a21boi_0)
                                         _3159_ (net)
                  0.24    0.00   17.31 v _7923_/A2 (sky130_fd_sc_hd__o21ai_0)
     2    0.01    1.17    1.16   18.47 ^ _7923_/Y (sky130_fd_sc_hd__o21ai_0)
                                         _3180_ (net)
                  1.17    0.00   18.47 ^ _7924_/A2 (sky130_fd_sc_hd__a21boi_2)
     2    0.01    0.18    0.65   19.12 v _7924_/Y (sky130_fd_sc_hd__a21boi_2)
                                         _3181_ (net)
                  0.18    0.00   19.12 v _7947_/A2 (sky130_fd_sc_hd__o21ai_0)
     2    0.01    1.42    1.31   20.44 ^ _7947_/Y (sky130_fd_sc_hd__o21ai_0)
                                         _3202_ (net)
                  1.42    0.00   20.44 ^ _7948_/A2 (sky130_fd_sc_hd__a21boi_0)
     2    0.01    0.28    0.89   21.33 v _7948_/Y (sky130_fd_sc_hd__a21boi_0)
                                         _3203_ (net)
                  0.28    0.00   21.33 v _7975_/A2 (sky130_fd_sc_hd__o21ai_0)
     2    0.01    0.93    1.00   22.33 ^ _7975_/Y (sky130_fd_sc_hd__o21ai_0)
                                         _3228_ (net)
                  0.93    0.00   22.33 ^ _7976_/A2 (sky130_fd_sc_hd__a21boi_0)
     2    0.01    0.29    0.74   23.07 v _7976_/Y (sky130_fd_sc_hd__a21boi_0)
                                         _3229_ (net)
                  0.29    0.00   23.07 v _7999_/A2 (sky130_fd_sc_hd__o21ai_0)
     2    0.01    0.94    1.01   24.08 ^ _7999_/Y (sky130_fd_sc_hd__o21ai_0)
                                         _3250_ (net)
                  0.94    0.00   24.08 ^ _8000_/A2 (sky130_fd_sc_hd__a21boi_0)
     2    0.01    0.24    0.68   24.77 v _8000_/Y (sky130_fd_sc_hd__a21boi_0)
                                         _3251_ (net)
                  0.24    0.00   24.77 v _8021_/A2 (sky130_fd_sc_hd__o21ai_0)
     2    0.01    1.14    1.14   25.91 ^ _8021_/Y (sky130_fd_sc_hd__o21ai_0)
                                         _3270_ (net)
                  1.14    0.00   25.91 ^ _8022_/A2 (sky130_fd_sc_hd__a21boi_0)
     2    0.01    0.26    0.78   26.69 v _8022_/Y (sky130_fd_sc_hd__a21boi_0)
                                         _3271_ (net)
                  0.26    0.00   26.69 v _8042_/A2 (sky130_fd_sc_hd__o21ai_0)
     2    0.01    1.04    1.07   27.76 ^ _8042_/Y (sky130_fd_sc_hd__o21ai_0)
                                         _3289_ (net)
                  1.04    0.00   27.76 ^ _8044_/A2 (sky130_fd_sc_hd__a21oi_1)
     2    0.01    0.19    0.64   28.40 v _8044_/Y (sky130_fd_sc_hd__a21oi_1)
                                         _3291_ (net)
                  0.19    0.00   28.40 v _8065_/A2 (sky130_fd_sc_hd__o21ai_0)
     2    0.01    1.54    1.42   29.82 ^ _8065_/Y (sky130_fd_sc_hd__o21ai_0)
                                         _3310_ (net)
                  1.54    0.00   29.82 ^ _8067_/B (sky130_fd_sc_hd__nand2_1)
     1    0.00    0.17    0.71   30.53 v _8067_/Y (sky130_fd_sc_hd__nand2_1)
                                         _3312_ (net)
                  0.17    0.00   30.53 v _8068_/A2 (sky130_fd_sc_hd__o21ai_0)
     1    0.00    0.48    0.58   31.11 ^ _8068_/Y (sky130_fd_sc_hd__o21ai_0)
                                         _3313_ (net)
                  0.48    0.00   31.11 ^ _8069_/B2 (sky130_fd_sc_hd__o221ai_1)
     1    0.00    0.49    0.41   31.52 v _8069_/Y (sky130_fd_sc_hd__o221ai_1)
                                         _3314_ (net)
                  0.49    0.00   31.52 v _8070_/B1 (sky130_fd_sc_hd__o21ai_0)
     1    0.00    0.46    0.46   31.98 ^ _8070_/Y (sky130_fd_sc_hd__o21ai_0)
                                         _3315_ (net)
                  0.46    0.00   31.98 ^ _8071_/B (sky130_fd_sc_hd__nand2_1)
     1    0.00    0.08    0.29   32.28 v _8071_/Y (sky130_fd_sc_hd__nand2_1)
                                         _0262_ (net)
                  0.08    0.00   32.28 v reg_next_pc[23]$_SDFFE_PN0P_/D (sky130_fd_sc_hd__dfxtp_1)
                                 32.28   data arrival time
-----------------------------------------------------------------------------
(Path is unconstrained)


Startpoint: latched_stalu$_SDFFE_PN0P_ (rising edge-triggered flip-flop)
Endpoint: reg_next_pc[28]$_SDFFE_PN0P_ (rising edge-triggered flip-flop)
Path Group: unconstrained
Path Type: max
Corner: slow

Fanout     Cap    Slew   Delay    Time   Description
-----------------------------------------------------------------------------
                  0.98    0.00    0.00 ^ latched_stalu$_SDFFE_PN0P_/CLK (sky130_fd_sc_hd__dfxtp_2)
    33    0.24    4.43    4.89    4.89 ^ latched_stalu$_SDFFE_PN0P_/Q (sky130_fd_sc_hd__dfxtp_2)
                                         latched_stalu (net)
                  4.43    0.00    4.90 ^ _5678_/S (sky130_fd_sc_hd__mux2i_1)
     2    0.01    0.92    2.61    7.50 ^ _5678_/Y (sky130_fd_sc_hd__mux2i_1)
                                         _1273_ (net)
                  0.92    0.00    7.50 ^ _5680_/A2 (sky130_fd_sc_hd__o21a_1)
     5    0.03    1.11    1.41    8.92 ^ _5680_/X (sky130_fd_sc_hd__o21a_1)
                                         _4165_ (net)
                  1.11    0.00    8.92 ^ _5681_/A (sky130_fd_sc_hd__inv_2)
     3    0.01    0.20    0.57    9.48 v _5681_/Y (sky130_fd_sc_hd__inv_2)
                                         _4133_ (net)
                  0.20    0.00    9.48 v _9163_/B (sky130_fd_sc_hd__ha_1)
     1    0.00    0.17    1.40   10.88 v _9163_/SUM (sky130_fd_sc_hd__ha_1)
                                         _4196_ (net)
                  0.17    0.00   10.88 v _7845_/A2 (sky130_fd_sc_hd__a21o_1)
     1    0.01    0.12    0.74   11.62 v _7845_/X (sky130_fd_sc_hd__a21o_1)
                                         _3109_ (net)
                  0.12    0.00   11.62 v _7846_/A2 (sky130_fd_sc_hd__a21oi_1)
     2    0.01    0.75    0.81   12.43 ^ _7846_/Y (sky130_fd_sc_hd__a21oi_1)
                                         _3110_ (net)
                  0.75    0.00   12.43 ^ _7868_/A2 (sky130_fd_sc_hd__o21ai_0)
     1    0.01    0.28    0.63   13.06 v _7868_/Y (sky130_fd_sc_hd__o21ai_0)
                                         _3130_ (net)
                  0.28    0.00   13.06 v _7869_/A2 (sky130_fd_sc_hd__a21oi_2)
     2    0.01    0.72    0.92   13.98 ^ _7869_/Y (sky130_fd_sc_hd__a21oi_2)
                                         _3131_ (net)
                  0.72    0.00   13.98 ^ _7889_/A2 (sky130_fd_sc_hd__o21ai_1)
     1    0.01    0.15    0.47   14.44 v _7889_/Y (sky130_fd_sc_hd__o21ai_1)
                                         _3149_ (net)
                  0.15    0.00   14.44 v _7890_/A2 (sky130_fd_sc_hd__a21oi_1)
     2    0.01    0.76    0.83   15.28 ^ _7890_/Y (sky130_fd_sc_hd__a21oi_1)
                                         _3150_ (net)
                  0.76    0.00   15.28 ^ _7912_/A2 (sky130_fd_sc_hd__o21ai_0)
     1    0.00    0.18    0.53   15.81 v _7912_/Y (sky130_fd_sc_hd__o21ai_0)
                                         _3170_ (net)
                  0.18    0.00   15.81 v _7913_/A2 (sky130_fd_sc_hd__a21oi_1)
     2    0.01    0.79    0.88   16.69 ^ _7913_/Y (sky130_fd_sc_hd__a21oi_1)
                                         _3171_ (net)
                  0.79    0.00   16.69 ^ _7939_/A2 (sky130_fd_sc_hd__o21ai_0)
     1    0.01    0.34    0.69   17.38 v _7939_/Y (sky130_fd_sc_hd__o21ai_0)
                                         _3195_ (net)
                  0.34    0.00   17.38 v _7940_/A2 (sky130_fd_sc_hd__a21o_4)
     3    0.01    0.11    1.06   18.44 v _7940_/X (sky130_fd_sc_hd__a21o_4)
                                         _3196_ (net)
                  0.11    0.00   18.44 v _7962_/A2 (sky130_fd_sc_hd__a21o_1)
     1    0.01    0.12    0.71   19.15 v _7962_/X (sky130_fd_sc_hd__a21o_1)
                                         _3216_ (net)
                  0.12    0.00   19.15 v _7963_/A2 (sky130_fd_sc_hd__a21o_1)
     3    0.01    0.12    0.72   19.87 v _7963_/X (sky130_fd_sc_hd__a21o_1)
                                         _3217_ (net)
                  0.12    0.00   19.87 v _7987_/A2 (sky130_fd_sc_hd__a21o_1)
     1    0.01    0.11    0.70   20.57 v _7987_/X (sky130_fd_sc_hd__a21o_1)
                                         _3239_ (net)
                  0.11    0.00   20.57 v _7988_/A2 (sky130_fd_sc_hd__a21o_4)
     3    0.01    0.12    0.93   21.50 v _7988_/X (sky130_fd_sc_hd__a21o_4)
                                         _3240_ (net)
                  0.12    0.00   21.50 v _8010_/A2 (sky130_fd_sc_hd__a21o_1)
     1    0.01    0.11    0.70   22.20 v _8010_/X (sky130_fd_sc_hd__a21o_1)
                                         _3260_ (net)
                  0.11    0.00   22.20 v _8011_/A2 (sky130_fd_sc_hd__a21o_4)
     3    0.01    0.11    0.91   23.11 v _8011_/X (sky130_fd_sc_hd__a21o_4)
                                         _3261_ (net)
                  0.11    0.00   23.11 v _8032_/A2 (sky130_fd_sc_hd__a21o_1)
     1    0.01    0.13    0.72   23.83 v _8032_/X (sky130_fd_sc_hd__a21o_1)
                                         _3280_ (net)
                  0.13    0.00   23.83 v _8033_/A2 (sky130_fd_sc_hd__a21o_4)
     3    0.01    0.11    0.93   24.76 v _8033_/X (sky130_fd_sc_hd__a21o_4)
                                         _3281_ (net)
                  0.11    0.00   24.76 v _8055_/A2 (sky130_fd_sc_hd__a21oi_1)
     1    0.01    0.56    0.65   25.41 ^ _8055_/Y (sky130_fd_sc_hd__a21oi_1)
                                         _3301_ (net)
                  0.56    0.00   25.41 ^ _8056_/A2 (sky130_fd_sc_hd__o21bai_2)
     3    0.01    0.18    0.41   25.82 v _8056_/Y (sky130_fd_sc_hd__o21bai_2)
                                         _3302_ (net)
                  0.18    0.00   25.82 v _8072_/A2 (sky130_fd_sc_hd__a21o_4)
     1    0.01    0.12    0.97   26.79 v _8072_/X (sky130_fd_sc_hd__a21o_4)
                                         _3316_ (net)
                  0.12    0.00   26.79 v _8073_/A2 (sky130_fd_sc_hd__a21o_4)
     2    0.01    0.11    0.92   27.71 v _8073_/X (sky130_fd_sc_hd__a21o_4)
                                         _3317_ (net)
                  0.11    0.00   27.71 v _8092_/A2 (sky130_fd_sc_hd__a21o_1)
     1    0.01    0.13    0.72   28.42 v _8092_/X (sky130_fd_sc_hd__a21o_1)
                                         _3334_ (net)
                  0.13    0.00   28.42 v _8093_/A2 (sky130_fd_sc_hd__a21o_4)
     2    0.01    0.12    0.94   29.36 v _8093_/X (sky130_fd_sc_hd__a21o_4)
                                         _3335_ (net)
                  0.12    0.00   29.36 v _8115_/A3 (sky130_fd_sc_hd__a31o_4)
     3    0.01    0.12    1.02   30.38 v _8115_/X (sky130_fd_sc_hd__a31o_4)
                                         _3355_ (net)
                  0.12    0.00   30.38 v _8117_/A_N (sky130_fd_sc_hd__nand2b_1)
     1    0.00    0.12    0.53   30.91 v _8117_/Y (sky130_fd_sc_hd__nand2b_1)
                                         _3357_ (net)
                  0.12    0.00   30.91 v _8122_/A2 (sky130_fd_sc_hd__a31oi_1)
     1    0.00    0.55    0.69   31.59 ^ _8122_/Y (sky130_fd_sc_hd__a31oi_1)
                                         _3362_ (net)
                  0.55    0.00   31.59 ^ _8124_/A2 (sky130_fd_sc_hd__o21ai_0)
     1    0.00    0.10    0.37   31.96 v _8124_/Y (sky130_fd_sc_hd__o21ai_0)
                                         _0267_ (net)
                  0.10    0.00   31.96 v reg_next_pc[28]$_SDFFE_PN0P_/D (sky130_fd_sc_hd__dfxtp_2)
                                 31.96   data arrival time
-----------------------------------------------------------------------------
(Path is unconstrained)


Startpoint: latched_stalu$_SDFFE_PN0P_ (rising edge-triggered flip-flop)
Endpoint: reg_next_pc[26]$_SDFFE_PN0P_ (rising edge-triggered flip-flop)
Path Group: unconstrained
Path Type: max
Corner: slow

Fanout     Cap    Slew   Delay    Time   Description
-----------------------------------------------------------------------------
                  0.98    0.00    0.00 ^ latched_stalu$_SDFFE_PN0P_/CLK (sky130_fd_sc_hd__dfxtp_2)
    33    0.24    4.43    4.89    4.89 ^ latched_stalu$_SDFFE_PN0P_/Q (sky130_fd_sc_hd__dfxtp_2)
                                         latched_stalu (net)
                  4.43    0.00    4.90 ^ _5678_/S (sky130_fd_sc_hd__mux2i_1)
     2    0.01    0.92    2.61    7.50 ^ _5678_/Y (sky130_fd_sc_hd__mux2i_1)
                                         _1273_ (net)
                  0.92    0.00    7.50 ^ _5680_/A2 (sky130_fd_sc_hd__o21a_1)
     5    0.03    1.11    1.41    8.92 ^ _5680_/X (sky130_fd_sc_hd__o21a_1)
                                         _4165_ (net)
                  1.11    0.00    8.92 ^ _5681_/A (sky130_fd_sc_hd__inv_2)
     3    0.01    0.20    0.57    9.48 v _5681_/Y (sky130_fd_sc_hd__inv_2)
                                         _4133_ (net)
                  0.20    0.00    9.48 v _9163_/B (sky130_fd_sc_hd__ha_1)
     1    0.00    0.17    1.40   10.88 v _9163_/SUM (sky130_fd_sc_hd__ha_1)
                                         _4196_ (net)
                  0.17    0.00   10.88 v _7845_/A2 (sky130_fd_sc_hd__a21o_1)
     1    0.01    0.12    0.74   11.62 v _7845_/X (sky130_fd_sc_hd__a21o_1)
                                         _3109_ (net)
                  0.12    0.00   11.62 v _7846_/A2 (sky130_fd_sc_hd__a21oi_1)
     2    0.01    0.75    0.81   12.43 ^ _7846_/Y (sky130_fd_sc_hd__a21oi_1)
                                         _3110_ (net)
                  0.75    0.00   12.43 ^ _7868_/A2 (sky130_fd_sc_hd__o21ai_0)
     1    0.01    0.28    0.63   13.06 v _7868_/Y (sky130_fd_sc_hd__o21ai_0)
                                         _3130_ (net)
                  0.28    0.00   13.06 v _7869_/A2 (sky130_fd_sc_hd__a21oi_2)
     2    0.01    0.72    0.92   13.98 ^ _7869_/Y (sky130_fd_sc_hd__a21oi_2)
                                         _3131_ (net)
                  0.72    0.00   13.98 ^ _7889_/A2 (sky130_fd_sc_hd__o21ai_1)
     1    0.01    0.15    0.47   14.44 v _7889_/Y (sky130_fd_sc_hd__o21ai_1)
                                         _3149_ (net)
                  0.15    0.00   14.44 v _7890_/A2 (sky130_fd_sc_hd__a21oi_1)
     2    0.01    0.76    0.83   15.28 ^ _7890_/Y (sky130_fd_sc_hd__a21oi_1)
                                         _3150_ (net)
                  0.76    0.00   15.28 ^ _7912_/A2 (sky130_fd_sc_hd__o21ai_0)
     1    0.00    0.18    0.53   15.81 v _7912_/Y (sky130_fd_sc_hd__o21ai_0)
                                         _3170_ (net)
                  0.18    0.00   15.81 v _7913_/A2 (sky130_fd_sc_hd__a21oi_1)
     2    0.01    0.79    0.88   16.69 ^ _7913_/Y (sky130_fd_sc_hd__a21oi_1)
                                         _3171_ (net)
                  0.79    0.00   16.69 ^ _7939_/A2 (sky130_fd_sc_hd__o21ai_0)
     1    0.01    0.34    0.69   17.38 v _7939_/Y (sky130_fd_sc_hd__o21ai_0)
                                         _3195_ (net)
                  0.34    0.00   17.38 v _7940_/A2 (sky130_fd_sc_hd__a21o_4)
     3    0.01    0.11    1.06   18.44 v _7940_/X (sky130_fd_sc_hd__a21o_4)
                                         _3196_ (net)
                  0.11    0.00   18.44 v _7962_/A2 (sky130_fd_sc_hd__a21o_1)
     1    0.01    0.12    0.71   19.15 v _7962_/X (sky130_fd_sc_hd__a21o_1)
                                         _3216_ (net)
                  0.12    0.00   19.15 v _7963_/A2 (sky130_fd_sc_hd__a21o_1)
     3    0.01    0.12    0.72   19.87 v _7963_/X (sky130_fd_sc_hd__a21o_1)
                                         _3217_ (net)
                  0.12    0.00   19.87 v _7987_/A2 (sky130_fd_sc_hd__a21o_1)
     1    0.01    0.11    0.70   20.57 v _7987_/X (sky130_fd_sc_hd__a21o_1)
                                         _3239_ (net)
                  0.11    0.00   20.57 v _7988_/A2 (sky130_fd_sc_hd__a21o_4)
     3    0.01    0.12    0.93   21.50 v _7988_/X (sky130_fd_sc_hd__a21o_4)
                                         _3240_ (net)
                  0.12    0.00   21.50 v _8010_/A2 (sky130_fd_sc_hd__a21o_1)
     1    0.01    0.11    0.70   22.20 v _8010_/X (sky130_fd_sc_hd__a21o_1)
                                         _3260_ (net)
                  0.11    0.00   22.20 v _8011_/A2 (sky130_fd_sc_hd__a21o_4)
     3    0.01    0.11    0.91   23.11 v _8011_/X (sky130_fd_sc_hd__a21o_4)
                                         _3261_ (net)
                  0.11    0.00   23.11 v _8032_/A2 (sky130_fd_sc_hd__a21o_1)
     1    0.01    0.13    0.72   23.83 v _8032_/X (sky130_fd_sc_hd__a21o_1)
                                         _3280_ (net)
                  0.13    0.00   23.83 v _8033_/A2 (sky130_fd_sc_hd__a21o_4)
     3    0.01    0.11    0.93   24.76 v _8033_/X (sky130_fd_sc_hd__a21o_4)
                                         _3281_ (net)
                  0.11    0.00   24.76 v _8055_/A2 (sky130_fd_sc_hd__a21oi_1)
     1    0.01    0.56    0.65   25.41 ^ _8055_/Y (sky130_fd_sc_hd__a21oi_1)
                                         _3301_ (net)
                  0.56    0.00   25.41 ^ _8056_/A2 (sky130_fd_sc_hd__o21bai_2)
     3    0.01    0.18    0.41   25.82 v _8056_/Y (sky130_fd_sc_hd__o21bai_2)
                                         _3302_ (net)
                  0.18    0.00   25.82 v _8072_/A2 (sky130_fd_sc_hd__a21o_4)
     1    0.01    0.12    0.97   26.79 v _8072_/X (sky130_fd_sc_hd__a21o_4)
                                         _3316_ (net)
                  0.12    0.00   26.79 v _8073_/A2 (sky130_fd_sc_hd__a21o_4)
     2    0.01    0.11    0.92   27.71 v _8073_/X (sky130_fd_sc_hd__a21o_4)
                                         _3317_ (net)
                  0.11    0.00   27.71 v _8092_/A2 (sky130_fd_sc_hd__a21o_1)
     1    0.01    0.13    0.72   28.42 v _8092_/X (sky130_fd_sc_hd__a21o_1)
                                         _3334_ (net)
                  0.13    0.00   28.42 v _8093_/A2 (sky130_fd_sc_hd__a21o_4)
     2    0.01    0.12    0.94   29.36 v _8093_/X (sky130_fd_sc_hd__a21o_4)
                                         _3335_ (net)
                  0.12    0.00   29.36 v _8094_/B (sky130_fd_sc_hd__xnor2_1)
     1    0.00    0.48    0.56   29.92 ^ _8094_/Y (sky130_fd_sc_hd__xnor2_1)
                                         _3336_ (net)
                  0.48    0.00   29.92 ^ _8098_/A2 (sky130_fd_sc_hd__a22oi_1)
     1    0.00    0.61    0.41   30.32 v _8098_/Y (sky130_fd_sc_hd__a22oi_1)
                                         _3340_ (net)
                  0.61    0.00   30.32 v _8099_/B2 (sky130_fd_sc_hd__a22o_1)
     1    0.00    0.10    1.07   31.39 v _8099_/X (sky130_fd_sc_hd__a22o_1)
                                         _0265_ (net)
                  0.10    0.00   31.39 v reg_next_pc[26]$_SDFFE_PN0P_/D (sky130_fd_sc_hd__dfxtp_2)
                                 31.39   data arrival time
-----------------------------------------------------------------------------
(Path is unconstrained)


Startpoint: latched_stalu$_SDFFE_PN0P_ (rising edge-triggered flip-flop)
Endpoint: reg_next_pc[21]$_SDFFE_PN0P_ (rising edge-triggered flip-flop)
Path Group: unconstrained
Path Type: max
Corner: slow

Fanout     Cap    Slew   Delay    Time   Description
-----------------------------------------------------------------------------
                  0.98    0.00    0.00 ^ latched_stalu$_SDFFE_PN0P_/CLK (sky130_fd_sc_hd__dfxtp_2)
    33    0.24    4.43    4.89    4.89 ^ latched_stalu$_SDFFE_PN0P_/Q (sky130_fd_sc_hd__dfxtp_2)
                                         latched_stalu (net)
                  4.43    0.00    4.89 ^ _5682_/S (sky130_fd_sc_hd__mux2i_1)
     2    0.02    1.67    3.20    8.09 ^ _5682_/Y (sky130_fd_sc_hd__mux2i_1)
                                         _1275_ (net)
                  1.67    0.00    8.09 ^ _5684_/A2 (sky130_fd_sc_hd__o21a_1)
     4    0.02    0.70    1.40    9.49 ^ _5684_/X (sky130_fd_sc_hd__o21a_1)
                                         _1277_ (net)
                  0.70    0.00    9.49 ^ _5685_/A (sky130_fd_sc_hd__inv_1)
     2    0.01    0.15    0.43    9.92 v _5685_/Y (sky130_fd_sc_hd__inv_1)
                                         _4144_ (net)
                  0.15    0.00    9.92 v _9165_/B (sky130_fd_sc_hd__ha_1)
     3    0.01    0.24    1.49   11.41 v _9165_/SUM (sky130_fd_sc_hd__ha_1)
                                         _4200_ (net)
                  0.24    0.00   11.41 v _7858_/B_N (sky130_fd_sc_hd__nor2b_1)
     1    0.00    0.08    0.57   11.98 v _7858_/Y (sky130_fd_sc_hd__nor2b_1)
                                         _3121_ (net)
                  0.08    0.00   11.98 v _7859_/A2 (sky130_fd_sc_hd__o21ai_0)
     2    0.01    1.13    1.04   13.01 ^ _7859_/Y (sky130_fd_sc_hd__o21ai_0)
                                         _3122_ (net)
                  1.13    0.00   13.01 ^ _7862_/A2 (sky130_fd_sc_hd__a21boi_2)
     2    0.01    0.16    0.62   13.64 v _7862_/Y (sky130_fd_sc_hd__a21boi_2)
                                         _3125_ (net)
                  0.16    0.00   13.64 v _7880_/A2 (sky130_fd_sc_hd__o21ai_0)
     2    0.01    1.27    1.20   14.83 ^ _7880_/Y (sky130_fd_sc_hd__o21ai_0)
                                         _3141_ (net)
                  1.27    0.00   14.83 ^ _7883_/A2 (sky130_fd_sc_hd__a21boi_1)
     2    0.01    0.22    0.75   15.58 v _7883_/Y (sky130_fd_sc_hd__a21boi_1)
                                         _3144_ (net)
                  0.22    0.00   15.58 v _7899_/A2 (sky130_fd_sc_hd__o21ai_0)
     2    0.01    1.00    1.02   16.60 ^ _7899_/Y (sky130_fd_sc_hd__o21ai_0)
                                         _3158_ (net)
                  1.00    0.00   16.60 ^ _7900_/A2 (sky130_fd_sc_hd__a21boi_0)
     2    0.01    0.24    0.71   17.31 v _7900_/Y (sky130_fd_sc_hd__a21boi_0)
                                         _3159_ (net)
                  0.24    0.00   17.31 v _7923_/A2 (sky130_fd_sc_hd__o21ai_0)
     2    0.01    1.17    1.16   18.47 ^ _7923_/Y (sky130_fd_sc_hd__o21ai_0)
                                         _3180_ (net)
                  1.17    0.00   18.47 ^ _7924_/A2 (sky130_fd_sc_hd__a21boi_2)
     2    0.01    0.18    0.65   19.12 v _7924_/Y (sky130_fd_sc_hd__a21boi_2)
                                         _3181_ (net)
                  0.18    0.00   19.12 v _7947_/A2 (sky130_fd_sc_hd__o21ai_0)
     2    0.01    1.42    1.31   20.44 ^ _7947_/Y (sky130_fd_sc_hd__o21ai_0)
                                         _3202_ (net)
                  1.42    0.00   20.44 ^ _7948_/A2 (sky130_fd_sc_hd__a21boi_0)
     2    0.01    0.28    0.89   21.33 v _7948_/Y (sky130_fd_sc_hd__a21boi_0)
                                         _3203_ (net)
                  0.28    0.00   21.33 v _7975_/A2 (sky130_fd_sc_hd__o21ai_0)
     2    0.01    0.93    1.00   22.33 ^ _7975_/Y (sky130_fd_sc_hd__o21ai_0)
                                         _3228_ (net)
                  0.93    0.00   22.33 ^ _7976_/A2 (sky130_fd_sc_hd__a21boi_0)
     2    0.01    0.29    0.74   23.07 v _7976_/Y (sky130_fd_sc_hd__a21boi_0)
                                         _3229_ (net)
                  0.29    0.00   23.07 v _7999_/A2 (sky130_fd_sc_hd__o21ai_0)
     2    0.01    0.94    1.01   24.08 ^ _7999_/Y (sky130_fd_sc_hd__o21ai_0)
                                         _3250_ (net)
                  0.94    0.00   24.08 ^ _8000_/A2 (sky130_fd_sc_hd__a21boi_0)
     2    0.01    0.24    0.68   24.77 v _8000_/Y (sky130_fd_sc_hd__a21boi_0)
                                         _3251_ (net)
                  0.24    0.00   24.77 v _8021_/A2 (sky130_fd_sc_hd__o21ai_0)
     2    0.01    1.14    1.14   25.91 ^ _8021_/Y (sky130_fd_sc_hd__o21ai_0)
                                         _3270_ (net)
                  1.14    0.00   25.91 ^ _8022_/A2 (sky130_fd_sc_hd__a21boi_0)
     2    0.01    0.26    0.78   26.69 v _8022_/Y (sky130_fd_sc_hd__a21boi_0)
                                         _3271_ (net)
                  0.26    0.00   26.69 v _8042_/A2 (sky130_fd_sc_hd__o21ai_0)
     2    0.01    1.04    1.07   27.76 ^ _8042_/Y (sky130_fd_sc_hd__o21ai_0)
                                         _3289_ (net)
                  1.04    0.00   27.76 ^ _8044_/A2 (sky130_fd_sc_hd__a21oi_1)
     2    0.01    0.19    0.64   28.40 v _8044_/Y (sky130_fd_sc_hd__a21oi_1)
                                         _3291_ (net)
                  0.19    0.00   28.40 v _8047_/B1 (sky130_fd_sc_hd__o221ai_1)
     1    0.00    0.75    0.87   29.27 ^ _8047_/Y (sky130_fd_sc_hd__o221ai_1)
                                         _3294_ (net)
                  0.75    0.00   29.27 ^ _8048_/B1 (sky130_fd_sc_hd__o21ai_0)
     1    0.00    0.18    0.50   29.78 v _8048_/Y (sky130_fd_sc_hd__o21ai_0)
                                         _3295_ (net)
                  0.18    0.00   29.78 v _8049_/B (sky130_fd_sc_hd__nand2_1)
     1    0.00    0.11    0.23   30.01 ^ _8049_/Y (sky130_fd_sc_hd__nand2_1)
                                         _0260_ (net)
                  0.11    0.00   30.01 ^ reg_next_pc[21]$_SDFFE_PN0P_/D (sky130_fd_sc_hd__dfxtp_1)
                                 30.01   data arrival time
-----------------------------------------------------------------------------
(Path is unconstrained)


Startpoint: latched_stalu$_SDFFE_PN0P_ (rising edge-triggered flip-flop)
Endpoint: reg_next_pc[24]$_SDFFE_PN0P_ (rising edge-triggered flip-flop)
Path Group: unconstrained
Path Type: max
Corner: slow

Fanout     Cap    Slew   Delay    Time   Description
-----------------------------------------------------------------------------
                  0.98    0.00    0.00 ^ latched_stalu$_SDFFE_PN0P_/CLK (sky130_fd_sc_hd__dfxtp_2)
    33    0.24    4.43    4.89    4.89 ^ latched_stalu$_SDFFE_PN0P_/Q (sky130_fd_sc_hd__dfxtp_2)
                                         latched_stalu (net)
                  4.43    0.00    4.90 ^ _5678_/S (sky130_fd_sc_hd__mux2i_1)
     2    0.01    0.92    2.61    7.50 ^ _5678_/Y (sky130_fd_sc_hd__mux2i_1)
                                         _1273_ (net)
                  0.92    0.00    7.50 ^ _5680_/A2 (sky130_fd_sc_hd__o21a_1)
     5    0.03    1.11    1.41    8.92 ^ _5680_/X (sky130_fd_sc_hd__o21a_1)
                                         _4165_ (net)
                  1.11    0.00    8.92 ^ _5681_/A (sky130_fd_sc_hd__inv_2)
     3    0.01    0.20    0.57    9.48 v _5681_/Y (sky130_fd_sc_hd__inv_2)
                                         _4133_ (net)
                  0.20    0.00    9.48 v _9163_/B (sky130_fd_sc_hd__ha_1)
     1    0.00    0.17    1.40   10.88 v _9163_/SUM (sky130_fd_sc_hd__ha_1)
                                         _4196_ (net)
                  0.17    0.00   10.88 v _7845_/A2 (sky130_fd_sc_hd__a21o_1)
     1    0.01    0.12    0.74   11.62 v _7845_/X (sky130_fd_sc_hd__a21o_1)
                                         _3109_ (net)
                  0.12    0.00   11.62 v _7846_/A2 (sky130_fd_sc_hd__a21oi_1)
     2    0.01    0.75    0.81   12.43 ^ _7846_/Y (sky130_fd_sc_hd__a21oi_1)
                                         _3110_ (net)
                  0.75    0.00   12.43 ^ _7868_/A2 (sky130_fd_sc_hd__o21ai_0)
     1    0.01    0.28    0.63   13.06 v _7868_/Y (sky130_fd_sc_hd__o21ai_0)
                                         _3130_ (net)
                  0.28    0.00   13.06 v _7869_/A2 (sky130_fd_sc_hd__a21oi_2)
     2    0.01    0.72    0.92   13.98 ^ _7869_/Y (sky130_fd_sc_hd__a21oi_2)
                                         _3131_ (net)
                  0.72    0.00   13.98 ^ _7889_/A2 (sky130_fd_sc_hd__o21ai_1)
     1    0.01    0.15    0.47   14.44 v _7889_/Y (sky130_fd_sc_hd__o21ai_1)
                                         _3149_ (net)
                  0.15    0.00   14.44 v _7890_/A2 (sky130_fd_sc_hd__a21oi_1)
     2    0.01    0.76    0.83   15.28 ^ _7890_/Y (sky130_fd_sc_hd__a21oi_1)
                                         _3150_ (net)
                  0.76    0.00   15.28 ^ _7912_/A2 (sky130_fd_sc_hd__o21ai_0)
     1    0.00    0.18    0.53   15.81 v _7912_/Y (sky130_fd_sc_hd__o21ai_0)
                                         _3170_ (net)
                  0.18    0.00   15.81 v _7913_/A2 (sky130_fd_sc_hd__a21oi_1)
     2    0.01    0.79    0.88   16.69 ^ _7913_/Y (sky130_fd_sc_hd__a21oi_1)
                                         _3171_ (net)
                  0.79    0.00   16.69 ^ _7939_/A2 (sky130_fd_sc_hd__o21ai_0)
     1    0.01    0.34    0.69   17.38 v _7939_/Y (sky130_fd_sc_hd__o21ai_0)
                                         _3195_ (net)
                  0.34    0.00   17.38 v _7940_/A2 (sky130_fd_sc_hd__a21o_4)
     3    0.01    0.11    1.06   18.44 v _7940_/X (sky130_fd_sc_hd__a21o_4)
                                         _3196_ (net)
                  0.11    0.00   18.44 v _7962_/A2 (sky130_fd_sc_hd__a21o_1)
     1    0.01    0.12    0.71   19.15 v _7962_/X (sky130_fd_sc_hd__a21o_1)
                                         _3216_ (net)
                  0.12    0.00   19.15 v _7963_/A2 (sky130_fd_sc_hd__a21o_1)
     3    0.01    0.12    0.72   19.87 v _7963_/X (sky130_fd_sc_hd__a21o_1)
                                         _3217_ (net)
                  0.12    0.00   19.87 v _7987_/A2 (sky130_fd_sc_hd__a21o_1)
     1    0.01    0.11    0.70   20.57 v _7987_/X (sky130_fd_sc_hd__a21o_1)
                                         _3239_ (net)
                  0.11    0.00   20.57 v _7988_/A2 (sky130_fd_sc_hd__a21o_4)
     3    0.01    0.12    0.93   21.50 v _7988_/X (sky130_fd_sc_hd__a21o_4)
                                         _3240_ (net)
                  0.12    0.00   21.50 v _8010_/A2 (sky130_fd_sc_hd__a21o_1)
     1    0.01    0.11    0.70   22.20 v _8010_/X (sky130_fd_sc_hd__a21o_1)
                                         _3260_ (net)
                  0.11    0.00   22.20 v _8011_/A2 (sky130_fd_sc_hd__a21o_4)
     3    0.01    0.11    0.91   23.11 v _8011_/X (sky130_fd_sc_hd__a21o_4)
                                         _3261_ (net)
                  0.11    0.00   23.11 v _8032_/A2 (sky130_fd_sc_hd__a21o_1)
     1    0.01    0.13    0.72   23.83 v _8032_/X (sky130_fd_sc_hd__a21o_1)
                                         _3280_ (net)
                  0.13    0.00   23.83 v _8033_/A2 (sky130_fd_sc_hd__a21o_4)
     3    0.01    0.11    0.93   24.76 v _8033_/X (sky130_fd_sc_hd__a21o_4)
                                         _3281_ (net)
                  0.11    0.00   24.76 v _8055_/A2 (sky130_fd_sc_hd__a21oi_1)
     1    0.01    0.56    0.65   25.41 ^ _8055_/Y (sky130_fd_sc_hd__a21oi_1)
                                         _3301_ (net)
                  0.56    0.00   25.41 ^ _8056_/A2 (sky130_fd_sc_hd__o21bai_2)
     3    0.01    0.18    0.41   25.82 v _8056_/Y (sky130_fd_sc_hd__o21bai_2)
                                         _3302_ (net)
                  0.18    0.00   25.82 v _8072_/A2 (sky130_fd_sc_hd__a21o_4)
     1    0.01    0.12    0.97   26.79 v _8072_/X (sky130_fd_sc_hd__a21o_4)
                                         _3316_ (net)
                  0.12    0.00   26.79 v _8073_/A2 (sky130_fd_sc_hd__a21o_4)
     2    0.01    0.11    0.92   27.71 v _8073_/X (sky130_fd_sc_hd__a21o_4)
                                         _3317_ (net)
                  0.11    0.00   27.71 v _8074_/B (sky130_fd_sc_hd__xnor2_1)
     1    0.00    0.47    0.55   28.26 ^ _8074_/Y (sky130_fd_sc_hd__xnor2_1)
                                         _3318_ (net)
                  0.47    0.00   28.26 ^ _8078_/A2 (sky130_fd_sc_hd__a21oi_1)
     1    0.00    0.54    0.34   28.60 v _8078_/Y (sky130_fd_sc_hd__a21oi_1)
                                         _3322_ (net)
                  0.54    0.00   28.60 v _8079_/B1 (sky130_fd_sc_hd__a21o_1)
     1    0.00    0.08    0.83   29.43 v _8079_/X (sky130_fd_sc_hd__a21o_1)
                                         _0263_ (net)
                  0.08    0.00   29.43 v reg_next_pc[24]$_SDFFE_PN0P_/D (sky130_fd_sc_hd__dfxtp_2)
                                 29.43   data arrival time
-----------------------------------------------------------------------------
(Path is unconstrained)


