Cell type report:                       Count       Area
  Macro                                     1  284538.47
  Tap cell                               8831   11049.35
  Buffer                                  111     833.30
  Inverter                                228     855.82
  Sequential cell                        1574   44082.28
  Multi-Input combinational cell         4115   34028.89
  Total                                 14860  375388.11

Cell instance report:
  sky130_sram_2kbyte_1rw1r_32x512_8         1  284538.47
  sky130_fd_sc_hd__a2111oi_0                6      52.55
  sky130_fd_sc_hd__a211o_1                  5      43.79
  sky130_fd_sc_hd__a211oi_1                22     165.16
  sky130_fd_sc_hd__a21boi_0                24     180.17
  sky130_fd_sc_hd__a21o_1                  80     600.58
  sky130_fd_sc_hd__a21oi_1                418    2092.01
  sky130_fd_sc_hd__a221o_1                  8      80.08
  sky130_fd_sc_hd__a221oi_1                61     534.26
  sky130_fd_sc_hd__a222oi_1                37     370.36
  sky130_fd_sc_hd__a22o_1                  28     245.24
  sky130_fd_sc_hd__a22oi_1                 39     292.78
  sky130_fd_sc_hd__a311o_1                  1      10.01
  sky130_fd_sc_hd__a31o_1                   8      70.07
  sky130_fd_sc_hd__a31oi_1                 74     462.94
  sky130_fd_sc_hd__a32o_1                   8      80.08
  sky130_fd_sc_hd__a32oi_1                  5      43.79
  sky130_fd_sc_hd__a41oi_1                  3      26.28
  sky130_fd_sc_hd__and2_0                  14      87.58
  sky130_fd_sc_hd__and2_1                  36     225.22
  sky130_fd_sc_hd__and3_1                  57     356.59
  sky130_fd_sc_hd__and3b_1                  8      70.07
  sky130_fd_sc_hd__and4_1                  30     262.75
  sky130_fd_sc_hd__buf_4                  111     833.30
  sky130_fd_sc_hd__clkinv_1                 5      18.77
  sky130_fd_sc_hd__conb_1                   2       7.51
  sky130_fd_sc_hd__dfxtp_1                318    6366.11
  sky130_fd_sc_hd__edfxtp_1              1256   37716.17
  sky130_fd_sc_hd__fa_1                     5     100.10
  sky130_fd_sc_hd__ha_1                   199    2489.89
  sky130_fd_sc_hd__inv_1                  219     822.04
  sky130_fd_sc_hd__inv_2                    4      15.01
  sky130_fd_sc_hd__mux2_2                  48     540.52
  sky130_fd_sc_hd__mux2i_1                 76     760.73
  sky130_fd_sc_hd__mux4_2                 543   12229.23
  sky130_fd_sc_hd__nand2_1                499    1873.05
  sky130_fd_sc_hd__nand2b_1                18     112.61
  sky130_fd_sc_hd__nand3_1                 98     490.47
  sky130_fd_sc_hd__nand3b_1                11      82.58
  sky130_fd_sc_hd__nand4_1                 27     168.91
  sky130_fd_sc_hd__nand4b_1                 1       8.76
  sky130_fd_sc_hd__nor2_1                 476    1786.71
  sky130_fd_sc_hd__nor2b_1                 32     200.19
  sky130_fd_sc_hd__nor3_1                  89     445.43
  sky130_fd_sc_hd__nor3b_1                 34     255.24
  sky130_fd_sc_hd__nor4_1                  35     218.96
  sky130_fd_sc_hd__nor4b_1                  3      26.28
  sky130_fd_sc_hd__o2111a_1                 1      11.26
  sky130_fd_sc_hd__o2111ai_1                1       8.76
  sky130_fd_sc_hd__o211a_1                  2      20.02
  sky130_fd_sc_hd__o211ai_1                17     127.62
  sky130_fd_sc_hd__o21a_1                  55     412.90
  sky130_fd_sc_hd__o21ai_0                527    2637.53
  sky130_fd_sc_hd__o21ai_1                  3      15.01
  sky130_fd_sc_hd__o21bai_1                35     262.75
  sky130_fd_sc_hd__o221a_2                  1      11.26
  sky130_fd_sc_hd__o221ai_1                22     192.68
  sky130_fd_sc_hd__o22a_1                   2      17.52
  sky130_fd_sc_hd__o22ai_1                 34     212.70
  sky130_fd_sc_hd__o2bb2ai_1                1       8.76
  sky130_fd_sc_hd__o311a_1                  1      10.01
  sky130_fd_sc_hd__o311ai_0                14     122.62
  sky130_fd_sc_hd__o31a_1                   1       8.76
  sky130_fd_sc_hd__o31ai_1                 41     307.80
  sky130_fd_sc_hd__o32a_1                   1      10.01
  sky130_fd_sc_hd__o32ai_1                  5      43.79
  sky130_fd_sc_hd__or2_1                   16     100.10
  sky130_fd_sc_hd__or3_1                   45     281.52
  sky130_fd_sc_hd__or3b_2                   5      43.79
  sky130_fd_sc_hd__or4_1                   12      90.09
  sky130_fd_sc_hd__or4bb_1                  1      11.26
  sky130_fd_sc_hd__tapvpwrvgnd_1         8831   11049.35
  sky130_fd_sc_hd__xnor2_1                 86     753.22
  sky130_fd_sc_hd__xor2_1                  18     157.65
