['/usr/lib/klayout/pymod', '/usr/lib/python310.zip', '/usr/lib/python3.10', '/usr/lib/python3.10/lib-dynload', '/usr/local/lib/python3.10/dist-packages', '/usr/lib/python3/dist-packages', '/venv/lib/python3.10/site-packages/siliconcompiler/tools/klayout', '/venv/lib/python3.10/site-packages/siliconcompiler/tools']
[INFO] Loading technology file: /nfs/sc_compute/cache/lambdapdk-v0.1.50/lambdapdk/sky130/base/setup/klayout/skywater130.lyt
[INFO] Technology database units are: 0.001um
[INFO] LEF file: /nfs/sc_compute/cache/lambdapdk-v0.1.50/lambdapdk/sky130/base/apr/sky130_fd_sc_hd.tlef
[INFO] LEF file: /nfs/sc_compute/cache/lambdapdk-v0.1.50/lambdapdk/sky130/libs/sky130hd/lef/sky130_fd_sc_hd_merged.lef
[INFO] LEF file: /nfs/sc_compute/builds/0dc368a6940a4df4bc65e8967a8d3eeb/picorv32_top/job0/sc_collected_files/sky130_sram_2kbyte_1rw1r_32x512_8_695d455dd42cefdaf6fa4679013a4f7cb4a3f394.lef
[INFO] Layer properties: /nfs/sc_compute/cache/lambdapdk-v0.1.50/lambdapdk/sky130/base/setup/klayout/sky130A.lyp
[INFO] Read in 136 cells from DEF file
  [INFO] DEF cell: sky130_fd_sc_hd__a2111oi_0
  [INFO] DEF cell: sky130_fd_sc_hd__a2111oi_1
  [INFO] DEF cell: sky130_fd_sc_hd__a211o_1
  [INFO] DEF cell: sky130_fd_sc_hd__a211oi_1
  [INFO] DEF cell: sky130_fd_sc_hd__a21boi_0
  [INFO] DEF cell: sky130_fd_sc_hd__a21boi_2
  [INFO] DEF cell: sky130_fd_sc_hd__a21o_1
  [INFO] DEF cell: sky130_fd_sc_hd__a21o_4
  [INFO] DEF cell: sky130_fd_sc_hd__a21oi_1
  [INFO] DEF cell: sky130_fd_sc_hd__a21oi_2
  [INFO] DEF cell: sky130_fd_sc_hd__a221o_1
  [INFO] DEF cell: sky130_fd_sc_hd__a221oi_1
  [INFO] DEF cell: sky130_fd_sc_hd__a222oi_1
  [INFO] DEF cell: sky130_fd_sc_hd__a22o_1
  [INFO] DEF cell: sky130_fd_sc_hd__a22oi_1
  [INFO] DEF cell: sky130_fd_sc_hd__a311o_1
  [INFO] DEF cell: sky130_fd_sc_hd__a31o_1
  [INFO] DEF cell: sky130_fd_sc_hd__a31o_4
  [INFO] DEF cell: sky130_fd_sc_hd__a31oi_1
  [INFO] DEF cell: sky130_fd_sc_hd__a32o_1
  [INFO] DEF cell: sky130_fd_sc_hd__a32oi_1
  [INFO] DEF cell: sky130_fd_sc_hd__a41oi_1
  [INFO] DEF cell: sky130_fd_sc_hd__and2_0
  [INFO] DEF cell: sky130_fd_sc_hd__and2_2
  [INFO] DEF cell: sky130_fd_sc_hd__and2_4
  [INFO] DEF cell: sky130_fd_sc_hd__and3_1
  [INFO] DEF cell: sky130_fd_sc_hd__and3_2
  [INFO] DEF cell: sky130_fd_sc_hd__and3_4
  [INFO] DEF cell: sky130_fd_sc_hd__and3b_1
  [INFO] DEF cell: sky130_fd_sc_hd__and4_1
  [INFO] DEF cell: sky130_fd_sc_hd__and4_2
  [INFO] DEF cell: sky130_fd_sc_hd__and4_4
  [INFO] DEF cell: sky130_fd_sc_hd__buf_1
  [INFO] DEF cell: sky130_fd_sc_hd__buf_12
  [INFO] DEF cell: sky130_fd_sc_hd__buf_16
  [INFO] DEF cell: sky130_fd_sc_hd__buf_2
  [INFO] DEF cell: sky130_fd_sc_hd__buf_4
  [INFO] DEF cell: sky130_fd_sc_hd__buf_6
  [INFO] DEF cell: sky130_fd_sc_hd__buf_8
  [INFO] DEF cell: sky130_fd_sc_hd__clkbuf_1
  [INFO] DEF cell: sky130_fd_sc_hd__clkbuf_16
  [INFO] DEF cell: sky130_fd_sc_hd__clkdlybuf4s15_2
  [INFO] DEF cell: sky130_fd_sc_hd__clkinv_1
  [INFO] DEF cell: sky130_fd_sc_hd__clkinv_16
  [INFO] DEF cell: sky130_fd_sc_hd__clkinv_2
  [INFO] DEF cell: sky130_fd_sc_hd__clkinv_4
  [INFO] DEF cell: sky130_fd_sc_hd__clkinvlp_2
  [INFO] DEF cell: sky130_fd_sc_hd__clkinvlp_4
  [INFO] DEF cell: sky130_fd_sc_hd__conb_1
  [INFO] DEF cell: sky130_fd_sc_hd__dfxtp_1
  [INFO] DEF cell: sky130_fd_sc_hd__dfxtp_2
  [INFO] DEF cell: sky130_fd_sc_hd__diode_2
  [INFO] DEF cell: sky130_fd_sc_hd__edfxtp_1
  [INFO] DEF cell: sky130_fd_sc_hd__fa_1
  [INFO] DEF cell: sky130_fd_sc_hd__fa_2
  [INFO] DEF cell: sky130_fd_sc_hd__fill_1
  [INFO] DEF cell: sky130_fd_sc_hd__fill_2
  [INFO] DEF cell: sky130_fd_sc_hd__fill_4
  [INFO] DEF cell: sky130_fd_sc_hd__fill_8
  [INFO] DEF cell: sky130_fd_sc_hd__ha_1
  [INFO] DEF cell: sky130_fd_sc_hd__ha_2
  [INFO] DEF cell: sky130_fd_sc_hd__ha_4
  [INFO] DEF cell: sky130_fd_sc_hd__inv_1
  [INFO] DEF cell: sky130_fd_sc_hd__inv_12
  [INFO] DEF cell: sky130_fd_sc_hd__inv_16
  [INFO] DEF cell: sky130_fd_sc_hd__inv_2
  [INFO] DEF cell: sky130_fd_sc_hd__inv_4
  [INFO] DEF cell: sky130_fd_sc_hd__inv_6
  [INFO] DEF cell: sky130_fd_sc_hd__inv_8
  [INFO] DEF cell: sky130_fd_sc_hd__mux2_1
  [INFO] DEF cell: sky130_fd_sc_hd__mux2_4
  [INFO] DEF cell: sky130_fd_sc_hd__mux2i_1
  [INFO] DEF cell: sky130_fd_sc_hd__mux4_2
  [INFO] DEF cell: sky130_fd_sc_hd__nand2_1
  [INFO] DEF cell: sky130_fd_sc_hd__nand2_4
  [INFO] DEF cell: sky130_fd_sc_hd__nand2b_1
  [INFO] DEF cell: sky130_fd_sc_hd__nand3_1
  [INFO] DEF cell: sky130_fd_sc_hd__nand3b_1
  [INFO] DEF cell: sky130_fd_sc_hd__nand4_1
  [INFO] DEF cell: sky130_fd_sc_hd__nand4b_1
  [INFO] DEF cell: sky130_fd_sc_hd__nor2_1
  [INFO] DEF cell: sky130_fd_sc_hd__nor2_2
  [INFO] DEF cell: sky130_fd_sc_hd__nor2_4
  [INFO] DEF cell: sky130_fd_sc_hd__nor2_8
  [INFO] DEF cell: sky130_fd_sc_hd__nor2b_1
  [INFO] DEF cell: sky130_fd_sc_hd__nor2b_2
  [INFO] DEF cell: sky130_fd_sc_hd__nor2b_4
  [INFO] DEF cell: sky130_fd_sc_hd__nor3_1
  [INFO] DEF cell: sky130_fd_sc_hd__nor3_2
  [INFO] DEF cell: sky130_fd_sc_hd__nor3_4
  [INFO] DEF cell: sky130_fd_sc_hd__nor3b_1
  [INFO] DEF cell: sky130_fd_sc_hd__nor3b_2
  [INFO] DEF cell: sky130_fd_sc_hd__nor4_1
  [INFO] DEF cell: sky130_fd_sc_hd__nor4_2
  [INFO] DEF cell: sky130_fd_sc_hd__nor4b_1
  [INFO] DEF cell: sky130_fd_sc_hd__o2111a_1
  [INFO] DEF cell: sky130_fd_sc_hd__o2111ai_1
  [INFO] DEF cell: sky130_fd_sc_hd__o211a_1
  [INFO] DEF cell: sky130_fd_sc_hd__o211ai_1
  [INFO] DEF cell: sky130_fd_sc_hd__o21a_1
  [INFO] DEF cell: sky130_fd_sc_hd__o21ai_0
  [INFO] DEF cell: sky130_fd_sc_hd__o21ai_4
  [INFO] DEF cell: sky130_fd_sc_hd__o21bai_1
  [INFO] DEF cell: sky130_fd_sc_hd__o21bai_2
  [INFO] DEF cell: sky130_fd_sc_hd__o21bai_4
  [INFO] DEF cell: sky130_fd_sc_hd__o221a_1
  [INFO] DEF cell: sky130_fd_sc_hd__o221ai_1
  [INFO] DEF cell: sky130_fd_sc_hd__o221ai_2
  [INFO] DEF cell: sky130_fd_sc_hd__o221ai_4
  [INFO] DEF cell: sky130_fd_sc_hd__o22a_1
  [INFO] DEF cell: sky130_fd_sc_hd__o22ai_1
  [INFO] DEF cell: sky130_fd_sc_hd__o22ai_2
  [INFO] DEF cell: sky130_fd_sc_hd__o2bb2ai_1
  [INFO] DEF cell: sky130_fd_sc_hd__o311a_1
  [INFO] DEF cell: sky130_fd_sc_hd__o311ai_0
  [INFO] DEF cell: sky130_fd_sc_hd__o311ai_1
  [INFO] DEF cell: sky130_fd_sc_hd__o31a_1
  [INFO] DEF cell: sky130_fd_sc_hd__o31ai_1
  [INFO] DEF cell: sky130_fd_sc_hd__o32a_1
  [INFO] DEF cell: sky130_fd_sc_hd__o32ai_1
  [INFO] DEF cell: sky130_fd_sc_hd__or2_0
  [INFO] DEF cell: sky130_fd_sc_hd__or2_2
  [INFO] DEF cell: sky130_fd_sc_hd__or2_4
  [INFO] DEF cell: sky130_fd_sc_hd__or3_1
  [INFO] DEF cell: sky130_fd_sc_hd__or3_2
  [INFO] DEF cell: sky130_fd_sc_hd__or3_4
  [INFO] DEF cell: sky130_fd_sc_hd__or3b_1
  [INFO] DEF cell: sky130_fd_sc_hd__or3b_4
  [INFO] DEF cell: sky130_fd_sc_hd__or4_1
  [INFO] DEF cell: sky130_fd_sc_hd__or4_2
  [INFO] DEF cell: sky130_fd_sc_hd__or4_4
  [INFO] DEF cell: sky130_fd_sc_hd__or4bb_4
  [INFO] DEF cell: sky130_fd_sc_hd__tapvpwrvgnd_1
  [INFO] DEF cell: sky130_fd_sc_hd__xnor2_1
  [INFO] DEF cell: sky130_fd_sc_hd__xor2_1
  [INFO] DEF cell: sky130_sram_2kbyte_1rw1r_32x512_8
[INFO] Merging GDS/OAS files...
[INFO] Read in /nfs/sc_compute/cache/lambdapdk-v0.1.50/lambdapdk/sky130/libs/sky130hd/gds/sky130_fd_sc_hd.gds
  [INFO] Merging in sky130_fd_sc_hd__a2111oi_0
  [INFO] Merging in sky130_fd_sc_hd__a2111oi_1
  [INFO] Merging in sky130_fd_sc_hd__a211o_1
  [INFO] Merging in sky130_fd_sc_hd__a211oi_1
  [INFO] Merging in sky130_fd_sc_hd__a21boi_0
  [INFO] Merging in sky130_fd_sc_hd__a21boi_2
  [INFO] Merging in sky130_fd_sc_hd__a21o_1
  [INFO] Merging in sky130_fd_sc_hd__a21o_4
  [INFO] Merging in sky130_fd_sc_hd__a21oi_1
  [INFO] Merging in sky130_fd_sc_hd__a21oi_2
  [INFO] Merging in sky130_fd_sc_hd__a221o_1
  [INFO] Merging in sky130_fd_sc_hd__a221oi_1
  [INFO] Merging in sky130_fd_sc_hd__a222oi_1
  [INFO] Merging in sky130_fd_sc_hd__a22o_1
  [INFO] Merging in sky130_fd_sc_hd__a22oi_1
  [INFO] Merging in sky130_fd_sc_hd__a311o_1
  [INFO] Merging in sky130_fd_sc_hd__a31o_1
  [INFO] Merging in sky130_fd_sc_hd__a31o_4
  [INFO] Merging in sky130_fd_sc_hd__a31oi_1
  [INFO] Merging in sky130_fd_sc_hd__a32o_1
  [INFO] Merging in sky130_fd_sc_hd__a32oi_1
  [INFO] Merging in sky130_fd_sc_hd__a41oi_1
  [INFO] Merging in sky130_fd_sc_hd__and2_0
  [INFO] Merging in sky130_fd_sc_hd__and2_2
  [INFO] Merging in sky130_fd_sc_hd__and2_4
  [INFO] Merging in sky130_fd_sc_hd__and3_1
  [INFO] Merging in sky130_fd_sc_hd__and3_2
  [INFO] Merging in sky130_fd_sc_hd__and3_4
  [INFO] Merging in sky130_fd_sc_hd__and3b_1
  [INFO] Merging in sky130_fd_sc_hd__and4_1
  [INFO] Merging in sky130_fd_sc_hd__and4_2
  [INFO] Merging in sky130_fd_sc_hd__and4_4
  [INFO] Merging in sky130_fd_sc_hd__buf_1
  [INFO] Merging in sky130_fd_sc_hd__buf_12
  [INFO] Merging in sky130_fd_sc_hd__buf_16
  [INFO] Merging in sky130_fd_sc_hd__buf_2
  [INFO] Merging in sky130_fd_sc_hd__buf_4
  [INFO] Merging in sky130_fd_sc_hd__buf_6
  [INFO] Merging in sky130_fd_sc_hd__buf_8
  [INFO] Merging in sky130_fd_sc_hd__clkbuf_1
  [INFO] Merging in sky130_fd_sc_hd__clkbuf_16
  [INFO] Merging in sky130_fd_sc_hd__clkdlybuf4s15_2
  [INFO] Merging in sky130_fd_sc_hd__clkinv_1
  [INFO] Merging in sky130_fd_sc_hd__clkinv_16
  [INFO] Merging in sky130_fd_sc_hd__clkinv_2
  [INFO] Merging in sky130_fd_sc_hd__clkinv_4
  [INFO] Merging in sky130_fd_sc_hd__clkinvlp_2
  [INFO] Merging in sky130_fd_sc_hd__clkinvlp_4
  [INFO] Merging in sky130_fd_sc_hd__conb_1
  [INFO] Merging in sky130_fd_sc_hd__dfxtp_1
  [INFO] Merging in sky130_fd_sc_hd__dfxtp_2
  [INFO] Merging in sky130_fd_sc_hd__diode_2
  [INFO] Merging in sky130_fd_sc_hd__edfxtp_1
  [INFO] Merging in sky130_fd_sc_hd__fa_1
  [INFO] Merging in sky130_fd_sc_hd__fa_2
  [INFO] Merging in sky130_fd_sc_hd__fill_1
  [INFO] Merging in sky130_fd_sc_hd__fill_2
  [INFO] Merging in sky130_fd_sc_hd__fill_4
  [INFO] Merging in sky130_fd_sc_hd__fill_8
  [INFO] Merging in sky130_fd_sc_hd__ha_1
  [INFO] Merging in sky130_fd_sc_hd__ha_2
  [INFO] Merging in sky130_fd_sc_hd__ha_4
  [INFO] Merging in sky130_fd_sc_hd__inv_1
  [INFO] Merging in sky130_fd_sc_hd__inv_12
  [INFO] Merging in sky130_fd_sc_hd__inv_16
  [INFO] Merging in sky130_fd_sc_hd__inv_2
  [INFO] Merging in sky130_fd_sc_hd__inv_4
  [INFO] Merging in sky130_fd_sc_hd__inv_6
  [INFO] Merging in sky130_fd_sc_hd__inv_8
  [INFO] Merging in sky130_fd_sc_hd__mux2_1
  [INFO] Merging in sky130_fd_sc_hd__mux2_4
  [INFO] Merging in sky130_fd_sc_hd__mux2i_1
  [INFO] Merging in sky130_fd_sc_hd__mux4_2
  [INFO] Merging in sky130_fd_sc_hd__nand2_1
  [INFO] Merging in sky130_fd_sc_hd__nand2_4
  [INFO] Merging in sky130_fd_sc_hd__nand2b_1
  [INFO] Merging in sky130_fd_sc_hd__nand3_1
  [INFO] Merging in sky130_fd_sc_hd__nand3b_1
  [INFO] Merging in sky130_fd_sc_hd__nand4_1
  [INFO] Merging in sky130_fd_sc_hd__nand4b_1
  [INFO] Merging in sky130_fd_sc_hd__nor2_1
  [INFO] Merging in sky130_fd_sc_hd__nor2_2
  [INFO] Merging in sky130_fd_sc_hd__nor2_4
  [INFO] Merging in sky130_fd_sc_hd__nor2_8
  [INFO] Merging in sky130_fd_sc_hd__nor2b_1
  [INFO] Merging in sky130_fd_sc_hd__nor2b_2
  [INFO] Merging in sky130_fd_sc_hd__nor2b_4
  [INFO] Merging in sky130_fd_sc_hd__nor3_1
  [INFO] Merging in sky130_fd_sc_hd__nor3_2
  [INFO] Merging in sky130_fd_sc_hd__nor3_4
  [INFO] Merging in sky130_fd_sc_hd__nor3b_1
  [INFO] Merging in sky130_fd_sc_hd__nor3b_2
  [INFO] Merging in sky130_fd_sc_hd__nor4_1
  [INFO] Merging in sky130_fd_sc_hd__nor4_2
  [INFO] Merging in sky130_fd_sc_hd__nor4b_1
  [INFO] Merging in sky130_fd_sc_hd__o2111a_1
  [INFO] Merging in sky130_fd_sc_hd__o2111ai_1
  [INFO] Merging in sky130_fd_sc_hd__o211a_1
  [INFO] Merging in sky130_fd_sc_hd__o211ai_1
  [INFO] Merging in sky130_fd_sc_hd__o21a_1
  [INFO] Merging in sky130_fd_sc_hd__o21ai_0
  [INFO] Merging in sky130_fd_sc_hd__o21ai_4
  [INFO] Merging in sky130_fd_sc_hd__o21bai_1
  [INFO] Merging in sky130_fd_sc_hd__o21bai_2
  [INFO] Merging in sky130_fd_sc_hd__o21bai_4
  [INFO] Merging in sky130_fd_sc_hd__o221a_1
  [INFO] Merging in sky130_fd_sc_hd__o221ai_1
  [INFO] Merging in sky130_fd_sc_hd__o221ai_2
  [INFO] Merging in sky130_fd_sc_hd__o221ai_4
  [INFO] Merging in sky130_fd_sc_hd__o22a_1
  [INFO] Merging in sky130_fd_sc_hd__o22ai_1
  [INFO] Merging in sky130_fd_sc_hd__o22ai_2
  [INFO] Merging in sky130_fd_sc_hd__o2bb2ai_1
  [INFO] Merging in sky130_fd_sc_hd__o311a_1
  [INFO] Merging in sky130_fd_sc_hd__o311ai_0
  [INFO] Merging in sky130_fd_sc_hd__o311ai_1
  [INFO] Merging in sky130_fd_sc_hd__o31a_1
  [INFO] Merging in sky130_fd_sc_hd__o31ai_1
  [INFO] Merging in sky130_fd_sc_hd__o32a_1
  [INFO] Merging in sky130_fd_sc_hd__o32ai_1
  [INFO] Merging in sky130_fd_sc_hd__or2_0
  [INFO] Merging in sky130_fd_sc_hd__or2_2
  [INFO] Merging in sky130_fd_sc_hd__or2_4
  [INFO] Merging in sky130_fd_sc_hd__or3_1
  [INFO] Merging in sky130_fd_sc_hd__or3_2
  [INFO] Merging in sky130_fd_sc_hd__or3_4
  [INFO] Merging in sky130_fd_sc_hd__or3b_1
  [INFO] Merging in sky130_fd_sc_hd__or3b_4
  [INFO] Merging in sky130_fd_sc_hd__or4_1
  [INFO] Merging in sky130_fd_sc_hd__or4_2
  [INFO] Merging in sky130_fd_sc_hd__or4_4
  [INFO] Merging in sky130_fd_sc_hd__or4bb_4
  [INFO] Merging in sky130_fd_sc_hd__tapvpwrvgnd_1
  [INFO] Merging in sky130_fd_sc_hd__xnor2_1
  [INFO] Merging in sky130_fd_sc_hd__xor2_1
[INFO] Read in /nfs/sc_compute/builds/0dc368a6940a4df4bc65e8967a8d3eeb/picorv32_top/job0/sc_collected_files/sky130_sram_2kbyte_1rw1r_32x512_8_3db688ee7400babb60eef2f660fce6b7ae745483.gds
  [INFO] Merging in sky130_sram_2kbyte_1rw1r_32x512_8
[INFO] Copying toplevel cell 'picorv32_top'
[INFO] Checking for missing GDS/OAS...
[INFO] All LEF cells have matching GDS/OAS cells
[INFO] Checking for orphan cell in the final layout...
[INFO] Writing out GDS/OAS 'outputs/picorv32_top.gds'
[INFO] Opening outputs/picorv32_top.gds
[INFO] Turning off layer: areaid.standardc - 81/4 : 81/4
[INFO] Saving screenshot to outputs/picorv32_top.png
