max slew

Pin                                    Limit    Slew   Slack
------------------------------------------------------------
_9157_/Y                                9.99   11.67   -1.68 (VIOLATED)
_9233_/B                               10.00   11.67   -1.67 (VIOLATED)
_9266_/A                               10.00   11.67   -1.67 (VIOLATED)
_9267_/A2                              10.00   11.67   -1.67 (VIOLATED)
_9251_/A                               10.00   11.67   -1.67 (VIOLATED)
_9252_/A2                              10.00   11.67   -1.67 (VIOLATED)
_9255_/A                               10.00   11.67   -1.67 (VIOLATED)
_9261_/A                               10.00   11.67   -1.67 (VIOLATED)
_9262_/A2                              10.00   11.67   -1.67 (VIOLATED)
_9256_/A2                              10.00   11.67   -1.67 (VIOLATED)
_9238_/A                               10.00   11.67   -1.67 (VIOLATED)
_9239_/A2                              10.00   11.67   -1.67 (VIOLATED)
_9242_/A                               10.00   11.67   -1.67 (VIOLATED)
_9243_/A2                              10.00   11.67   -1.67 (VIOLATED)
_9234_/A1                              10.00   11.67   -1.67 (VIOLATED)
_9221_/A                               10.00   11.67   -1.67 (VIOLATED)
_9222_/A2                              10.00   11.67   -1.67 (VIOLATED)
_9230_/A2                              10.00   11.67   -1.67 (VIOLATED)
_9229_/A                               10.00   11.67   -1.67 (VIOLATED)
_9225_/A                               10.00   11.67   -1.67 (VIOLATED)
_9217_/A                               10.00   11.67   -1.67 (VIOLATED)
_9203_/A                               10.00   11.67   -1.67 (VIOLATED)
_9204_/A2                              10.00   11.67   -1.67 (VIOLATED)
_9199_/A                               10.00   11.67   -1.67 (VIOLATED)
_9200_/A2                              10.00   11.67   -1.67 (VIOLATED)
_9195_/A                               10.00   11.67   -1.67 (VIOLATED)
_9186_/A                               10.00   11.67   -1.67 (VIOLATED)
_9182_/A                               10.00   11.67   -1.67 (VIOLATED)
_9183_/A2                              10.00   11.67   -1.67 (VIOLATED)
_9178_/A                               10.00   11.67   -1.67 (VIOLATED)
_9173_/A                               10.00   11.67   -1.67 (VIOLATED)
_9174_/A2                              10.00   11.67   -1.67 (VIOLATED)
_9163_/A                               10.00   11.67   -1.67 (VIOLATED)
_9286_/A                               10.00   11.67   -1.67 (VIOLATED)
_9283_/A                               10.00   11.67   -1.67 (VIOLATED)
_9280_/A                               10.00   11.67   -1.67 (VIOLATED)
_9277_/A                               10.00   11.67   -1.67 (VIOLATED)
_9274_/A                               10.00   11.67   -1.67 (VIOLATED)
_9272_/A2                              10.00   11.67   -1.67 (VIOLATED)
_9271_/A                               10.00   11.67   -1.67 (VIOLATED)
_9257_/S                               10.00   11.67   -1.67 (VIOLATED)
_8744_/B                                1.50    3.07   -1.57 (VIOLATED)
_8733_/A1                               1.50    3.07   -1.57 (VIOLATED)
_8742_/A1                               1.50    3.07   -1.57 (VIOLATED)
_8741_/B                                1.50    3.07   -1.57 (VIOLATED)
_8745_/A1                               1.50    3.07   -1.57 (VIOLATED)
_8727_/A1                               1.50    3.07   -1.57 (VIOLATED)
_8729_/B                                1.50    3.07   -1.57 (VIOLATED)
_8730_/A1                               1.50    3.07   -1.57 (VIOLATED)
_8732_/B                                1.50    3.07   -1.57 (VIOLATED)
_8726_/B                                1.50    3.07   -1.57 (VIOLATED)
_8723_/B                                1.50    3.07   -1.57 (VIOLATED)
_8724_/A1                               1.50    3.07   -1.57 (VIOLATED)
_8721_/A1                               1.50    3.07   -1.57 (VIOLATED)
_8720_/B                                1.50    3.06   -1.56 (VIOLATED)
_8717_/B                                1.50    3.06   -1.56 (VIOLATED)
_8718_/A1                               1.50    3.06   -1.56 (VIOLATED)
_8714_/B                                1.50    3.06   -1.56 (VIOLATED)
_8715_/A1                               1.50    3.06   -1.56 (VIOLATED)
_8711_/B                                1.50    3.06   -1.56 (VIOLATED)
_8712_/A1                               1.50    3.06   -1.56 (VIOLATED)
_8708_/B                                1.50    3.06   -1.56 (VIOLATED)
_8709_/A1                               1.50    3.06   -1.56 (VIOLATED)
_8705_/B                                1.50    3.06   -1.56 (VIOLATED)
_8706_/A1                               1.50    3.06   -1.56 (VIOLATED)
_8699_/B                                1.50    3.06   -1.56 (VIOLATED)
_8700_/A1                               1.50    3.06   -1.56 (VIOLATED)
_8696_/B                                1.50    3.06   -1.56 (VIOLATED)
_8697_/A1                               1.50    3.06   -1.56 (VIOLATED)
_8693_/B                                1.50    3.06   -1.56 (VIOLATED)
_8694_/A1                               1.50    3.06   -1.56 (VIOLATED)
_8690_/B                                1.50    3.06   -1.56 (VIOLATED)
_8691_/A1                               1.50    3.06   -1.56 (VIOLATED)
_8688_/A1                               1.50    3.05   -1.55 (VIOLATED)
_8687_/B                                1.50    3.05   -1.55 (VIOLATED)
_8684_/B                                1.50    3.05   -1.55 (VIOLATED)
_8685_/A1                               1.50    3.05   -1.55 (VIOLATED)
_8682_/A1                               1.50    3.05   -1.55 (VIOLATED)
_8681_/B                                1.50    3.05   -1.55 (VIOLATED)
_8678_/B                                1.50    3.05   -1.55 (VIOLATED)
_8679_/A1                               1.50    3.05   -1.55 (VIOLATED)
_8675_/B                                1.50    3.05   -1.55 (VIOLATED)
_8676_/A1                               1.50    3.05   -1.55 (VIOLATED)
_8673_/A1                               1.50    3.05   -1.55 (VIOLATED)
_8672_/B                                1.50    3.05   -1.55 (VIOLATED)
_8765_/B                                1.50    3.05   -1.55 (VIOLATED)
_8766_/A1                               1.50    3.05   -1.55 (VIOLATED)
_8762_/B                                1.50    3.05   -1.55 (VIOLATED)
_8763_/A1                               1.50    3.05   -1.55 (VIOLATED)
_8759_/B                                1.50    3.05   -1.55 (VIOLATED)
_8760_/A1                               1.50    3.05   -1.55 (VIOLATED)
_8757_/A1                               1.50    3.04   -1.54 (VIOLATED)
_8756_/B                                1.50    3.04   -1.54 (VIOLATED)
_8753_/B                                1.50    3.04   -1.54 (VIOLATED)
_8754_/A1                               1.50    3.04   -1.54 (VIOLATED)
_8750_/B                                1.50    3.04   -1.54 (VIOLATED)
_8751_/A1                               1.50    3.04   -1.54 (VIOLATED)
_8748_/A1                               1.50    3.04   -1.54 (VIOLATED)
_8747_/B                                1.50    3.04   -1.54 (VIOLATED)
_8738_/B                                1.50    3.04   -1.54 (VIOLATED)
_8739_/A1                               1.50    3.04   -1.54 (VIOLATED)
_4874_/B                                1.50    3.04   -1.54 (VIOLATED)
_4872_/X                                1.50    3.04   -1.54 (VIOLATED)
_6658_/S                                1.50    2.59   -1.09 (VIOLATED)
_6660_/S                                1.50    2.59   -1.09 (VIOLATED)
_6654_/S                                1.50    2.59   -1.09 (VIOLATED)
rv32_soc/mem_rdata_q[18]$_DFFE_PP_/DE    1.50    2.59   -1.09 (VIOLATED)
rv32_soc/mem_rdata_q[16]$_DFFE_PP_/DE    1.50    2.59   -1.09 (VIOLATED)
rv32_soc/mem_rdata_q[19]$_DFFE_PP_/DE    1.50    2.59   -1.09 (VIOLATED)
_6656_/S                                1.50    2.59   -1.09 (VIOLATED)
rv32_soc/mem_rdata_q[17]$_DFFE_PP_/DE    1.50    2.59   -1.09 (VIOLATED)
_6651_/S                                1.50    2.59   -1.09 (VIOLATED)
_5035_/S                                1.50    2.59   -1.09 (VIOLATED)
_5033_/S                                1.50    2.59   -1.09 (VIOLATED)
rv32_soc/mem_rdata_q[28]$_DFFE_PP_/DE    1.50    2.59   -1.09 (VIOLATED)
rv32_soc/mem_rdata_q[30]$_DFFE_PP_/DE    1.50    2.59   -1.09 (VIOLATED)
rv32_soc/mem_rdata_q[12]$_DFFE_PP_/DE    1.50    2.59   -1.09 (VIOLATED)
_5034_/S                                1.50    2.59   -1.09 (VIOLATED)
rv32_soc/mem_rdata_q[15]$_DFFE_PP_/DE    1.50    2.59   -1.09 (VIOLATED)
_6662_/S                                1.50    2.59   -1.09 (VIOLATED)
rv32_soc/mem_rdata_q[20]$_DFFE_PP_/DE    1.50    2.59   -1.09 (VIOLATED)
rv32_soc/mem_rdata_q[11]$_DFFE_PP_/DE    1.50    2.59   -1.09 (VIOLATED)
rv32_soc/mem_rdata_q[24]$_DFFE_PP_/DE    1.50    2.59   -1.09 (VIOLATED)
rv32_soc/mem_rdata_q[21]$_DFFE_PP_/DE    1.50    2.58   -1.08 (VIOLATED)
_6664_/S                                1.50    2.58   -1.08 (VIOLATED)
_9290_/S                                1.50    2.58   -1.08 (VIOLATED)
_9291_/S                                1.50    2.58   -1.08 (VIOLATED)
_9292_/S                                1.50    2.58   -1.08 (VIOLATED)
_9294_/S                                1.50    2.58   -1.08 (VIOLATED)
rv32_soc/mem_rdata_q[29]$_DFFE_PP_/DE    1.50    2.58   -1.08 (VIOLATED)
_9288_/S                                1.50    2.58   -1.08 (VIOLATED)
_9293_/S                                1.50    2.58   -1.08 (VIOLATED)
_6668_/S                                1.50    2.58   -1.08 (VIOLATED)
_6670_/S                                1.50    2.58   -1.08 (VIOLATED)
_9289_/S                                1.50    2.58   -1.08 (VIOLATED)
rv32_soc/mem_rdata_q[10]$_DFFE_PP_/DE    1.50    2.58   -1.08 (VIOLATED)
_9295_/S                                1.50    2.58   -1.08 (VIOLATED)
rv32_soc/mem_rdata_q[9]$_DFFE_PP_/DE    1.50    2.58   -1.08 (VIOLATED)
rv32_soc/mem_rdata_q[23]$_DFFE_PP_/DE    1.50    2.58   -1.08 (VIOLATED)
_9296_/S                                1.50    2.58   -1.08 (VIOLATED)
_9299_/S                                1.50    2.58   -1.08 (VIOLATED)
rv32_soc/mem_rdata_q[22]$_DFFE_PP_/DE    1.50    2.58   -1.08 (VIOLATED)
rv32_soc/mem_rdata_q[13]$_DFFE_PP_/DE    1.50    2.58   -1.08 (VIOLATED)
rv32_soc/mem_rdata_q[31]$_DFFE_PP_/DE    1.50    2.58   -1.08 (VIOLATED)
_9297_/S                                1.50    2.58   -1.08 (VIOLATED)
rv32_soc/mem_rdata_q[7]$_DFFE_PP_/DE    1.50    2.58   -1.08 (VIOLATED)
rv32_soc/mem_rdata_q[26]$_DFFE_PP_/DE    1.50    2.58   -1.08 (VIOLATED)
_4786_/Y                                1.49    2.57   -1.08 (VIOLATED)
rv32_soc/mem_rdata_q[27]$_DFFE_PP_/DE    1.50    2.58   -1.08 (VIOLATED)
rv32_soc/mem_rdata_q[8]$_DFFE_PP_/DE    1.50    2.58   -1.08 (VIOLATED)
rv32_soc/mem_rdata_q[25]$_DFFE_PP_/DE    1.50    2.58   -1.08 (VIOLATED)
_9298_/S                                1.50    2.58   -1.08 (VIOLATED)
rv32_soc/mem_rdata_q[14]$_DFFE_PP_/DE    1.50    2.57   -1.07 (VIOLATED)
_6666_/S                                1.50    2.57   -1.07 (VIOLATED)
rv32_soc/mem_rdata_q[1]$_DFFE_PP_/DE    1.50    2.57   -1.07 (VIOLATED)
rv32_soc/mem_rdata_q[2]$_DFFE_PP_/DE    1.50    2.57   -1.07 (VIOLATED)
rv32_soc/mem_rdata_q[3]$_DFFE_PP_/DE    1.50    2.57   -1.07 (VIOLATED)
rv32_soc/mem_rdata_q[5]$_DFFE_PP_/DE    1.50    2.57   -1.07 (VIOLATED)
rv32_soc/mem_rdata_q[4]$_DFFE_PP_/DE    1.50    2.57   -1.07 (VIOLATED)
rv32_soc/mem_rdata_q[6]$_DFFE_PP_/DE    1.50    2.57   -1.07 (VIOLATED)
rv32_soc/mem_rdata_q[0]$_DFFE_PP_/DE    1.50    2.57   -1.07 (VIOLATED)
_4964_/S                                1.50    2.57   -1.07 (VIOLATED)
_4970_/S                                1.50    2.57   -1.07 (VIOLATED)
_4969_/S                                1.50    2.57   -1.07 (VIOLATED)
_4961_/S                                1.50    2.57   -1.07 (VIOLATED)
_4976_/S                                1.50    2.57   -1.07 (VIOLATED)
_4963_/S                                1.50    2.57   -1.07 (VIOLATED)
_4949_/A2                               1.50    2.57   -1.07 (VIOLATED)
pcpi_rs2[21]$_DFFE_PP_/DE               1.50    2.50   -1.00 (VIOLATED)
pcpi_rs2[22]$_DFFE_PP_/DE               1.50    2.50   -1.00 (VIOLATED)
pcpi_rs2[31]$_DFFE_PP_/DE               1.50    2.50   -1.00 (VIOLATED)
pcpi_rs2[30]$_DFFE_PP_/DE               1.50    2.50   -1.00 (VIOLATED)
pcpi_rs2[25]$_DFFE_PP_/DE               1.50    2.50   -1.00 (VIOLATED)
pcpi_rs2[26]$_DFFE_PP_/DE               1.50    2.50   -1.00 (VIOLATED)
pcpi_rs2[27]$_DFFE_PP_/DE               1.50    2.50   -1.00 (VIOLATED)
pcpi_rs2[18]$_DFFE_PP_/DE               1.50    2.50   -1.00 (VIOLATED)
pcpi_rs2[24]$_DFFE_PP_/DE               1.50    2.50   -1.00 (VIOLATED)
pcpi_rs2[29]$_DFFE_PP_/DE               1.50    2.50   -1.00 (VIOLATED)
pcpi_rs2[28]$_DFFE_PP_/DE               1.50    2.50   -1.00 (VIOLATED)
pcpi_rs2[14]$_DFFE_PP_/DE               1.50    2.50   -1.00 (VIOLATED)
pcpi_rs2[23]$_DFFE_PP_/DE               1.50    2.49   -0.99 (VIOLATED)
pcpi_rs2[20]$_DFFE_PP_/DE               1.50    2.49   -0.99 (VIOLATED)
pcpi_rs2[19]$_DFFE_PP_/DE               1.50    2.49   -0.99 (VIOLATED)
pcpi_rs2[12]$_DFFE_PP_/DE               1.50    2.49   -0.99 (VIOLATED)
pcpi_rs2[17]$_DFFE_PP_/DE               1.50    2.49   -0.99 (VIOLATED)
pcpi_rs2[13]$_DFFE_PP_/DE               1.50    2.49   -0.99 (VIOLATED)
mem_la_wdata[5]$_DFFE_PP_/DE            1.50    2.49   -0.99 (VIOLATED)
pcpi_rs2[10]$_DFFE_PP_/DE               1.50    2.49   -0.99 (VIOLATED)
pcpi_rs2[15]$_DFFE_PP_/DE               1.50    2.49   -0.99 (VIOLATED)
pcpi_rs2[11]$_DFFE_PP_/DE               1.50    2.49   -0.99 (VIOLATED)
mem_la_wdata[6]$_DFFE_PP_/DE            1.50    2.49   -0.99 (VIOLATED)
pcpi_rs2[16]$_DFFE_PP_/DE               1.50    2.49   -0.99 (VIOLATED)
_4793_/X                                1.50    2.49   -0.99 (VIOLATED)
mem_la_wdata[2]$_DFFE_PP_/DE            1.50    2.49   -0.99 (VIOLATED)
mem_la_wdata[7]$_DFFE_PP_/DE            1.50    2.49   -0.99 (VIOLATED)
mem_la_wdata[3]$_DFFE_PP_/DE            1.50    2.49   -0.99 (VIOLATED)
pcpi_rs2[9]$_DFFE_PP_/DE                1.50    2.49   -0.99 (VIOLATED)
pcpi_rs2[8]$_DFFE_PP_/DE                1.50    2.49   -0.99 (VIOLATED)
mem_la_wdata[4]$_DFFE_PP_/DE            1.50    2.49   -0.99 (VIOLATED)
mem_la_wdata[0]$_DFFE_PP_/DE            1.50    2.49   -0.99 (VIOLATED)
mem_la_wdata[1]$_DFFE_PP_/DE            1.50    2.49   -0.99 (VIOLATED)
_5550_/B1                               1.50    1.65   -0.15 (VIOLATED)
_5496_/B1                               1.50    1.65   -0.15 (VIOLATED)
_5507_/B1                               1.50    1.65   -0.15 (VIOLATED)
_5544_/B1                               1.50    1.65   -0.15 (VIOLATED)
_5475_/B1                               1.50    1.65   -0.15 (VIOLATED)
_5533_/B1                               1.50    1.65   -0.15 (VIOLATED)
_5486_/B1                               1.50    1.65   -0.15 (VIOLATED)
_5517_/B1                               1.50    1.65   -0.15 (VIOLATED)
_5454_/B1                               1.50    1.65   -0.15 (VIOLATED)
_5465_/B1                               1.50    1.65   -0.15 (VIOLATED)
_5433_/B1                               1.50    1.65   -0.15 (VIOLATED)
_5444_/B1                               1.50    1.65   -0.15 (VIOLATED)
_5423_/B1                               1.50    1.65   -0.15 (VIOLATED)
_5412_/B1                               1.50    1.65   -0.15 (VIOLATED)
_5402_/B1                               1.50    1.65   -0.15 (VIOLATED)
_5388_/B1                               1.50    1.65   -0.15 (VIOLATED)
_5379_/B1                               1.50    1.65   -0.15 (VIOLATED)
_5336_/B1                               1.50    1.65   -0.15 (VIOLATED)
_5362_/B1                               1.50    1.65   -0.15 (VIOLATED)
_5348_/B1                               1.50    1.65   -0.15 (VIOLATED)
_5313_/B1                               1.50    1.65   -0.15 (VIOLATED)
_5301_/B1                               1.50    1.65   -0.15 (VIOLATED)
_5324_/B1                               1.50    1.65   -0.15 (VIOLATED)
_5287_/B1                               1.50    1.65   -0.15 (VIOLATED)
_5269_/B1                               1.50    1.65   -0.15 (VIOLATED)
_5200_/B1                               1.50    1.65   -0.15 (VIOLATED)
_5255_/B1                               1.50    1.65   -0.15 (VIOLATED)
_5189_/B1                               1.50    1.65   -0.15 (VIOLATED)
_5240_/B1                               1.50    1.65   -0.15 (VIOLATED)
_5217_/B1                               1.50    1.65   -0.15 (VIOLATED)
_5230_/B1                               1.50    1.65   -0.15 (VIOLATED)
_5208_/B1                               1.50    1.65   -0.15 (VIOLATED)
_8524_/A2                               1.50    1.65   -0.15 (VIOLATED)
_5186_/X                                1.50    1.65   -0.14 (VIOLATED)
_9156_/Y                                1.49    1.62   -0.13 (VIOLATED)
rv32_soc/cpuregs[22][0]$_DFFE_PP_/D     1.50    1.63   -0.13 (VIOLATED)
rv32_soc/cpuregs[19][0]$_DFFE_PP_/D     1.50    1.63   -0.13 (VIOLATED)
rv32_soc/cpuregs[18][0]$_DFFE_PP_/D     1.50    1.63   -0.13 (VIOLATED)
rv32_soc/cpuregs[23][0]$_DFFE_PP_/D     1.50    1.63   -0.13 (VIOLATED)
rv32_soc/cpuregs[21][0]$_DFFE_PP_/D     1.50    1.63   -0.13 (VIOLATED)
rv32_soc/cpuregs[20][0]$_DFFE_PP_/D     1.50    1.63   -0.13 (VIOLATED)
rv32_soc/cpuregs[3][0]$_DFFE_PP_/D      1.50    1.63   -0.13 (VIOLATED)
rv32_soc/cpuregs[2][0]$_DFFE_PP_/D      1.50    1.63   -0.13 (VIOLATED)
rv32_soc/cpuregs[17][0]$_DFFE_PP_/D     1.50    1.63   -0.13 (VIOLATED)
rv32_soc/cpuregs[28][0]$_DFFE_PP_/D     1.50    1.63   -0.13 (VIOLATED)
rv32_soc/cpuregs[29][0]$_DFFE_PP_/D     1.50    1.63   -0.13 (VIOLATED)
rv32_soc/cpuregs[24][0]$_DFFE_PP_/D     1.50    1.63   -0.13 (VIOLATED)
rv32_soc/cpuregs[16][0]$_DFFE_PP_/D     1.50    1.63   -0.13 (VIOLATED)
rv32_soc/cpuregs[25][0]$_DFFE_PP_/D     1.50    1.63   -0.13 (VIOLATED)
rv32_soc/cpuregs[12][0]$_DFFE_PP_/D     1.50    1.63   -0.13 (VIOLATED)
rv32_soc/cpuregs[13][0]$_DFFE_PP_/D     1.50    1.63   -0.13 (VIOLATED)
rv32_soc/cpuregs[30][0]$_DFFE_PP_/D     1.50    1.63   -0.13 (VIOLATED)
rv32_soc/cpuregs[31][0]$_DFFE_PP_/D     1.50    1.63   -0.13 (VIOLATED)
rv32_soc/cpuregs[8][0]$_DFFE_PP_/D      1.50    1.63   -0.13 (VIOLATED)
rv32_soc/cpuregs[9][0]$_DFFE_PP_/D      1.50    1.63   -0.13 (VIOLATED)
rv32_soc/cpuregs[6][0]$_DFFE_PP_/D      1.50    1.63   -0.13 (VIOLATED)
rv32_soc/cpuregs[7][0]$_DFFE_PP_/D      1.50    1.63   -0.13 (VIOLATED)
rv32_soc/cpuregs[4][0]$_DFFE_PP_/D      1.50    1.63   -0.13 (VIOLATED)
rv32_soc/cpuregs[5][0]$_DFFE_PP_/D      1.50    1.63   -0.13 (VIOLATED)
rv32_soc/cpuregs[1][0]$_DFFE_PP_/D      1.50    1.63   -0.13 (VIOLATED)
rv32_soc/cpuregs[0][0]$_DFFE_PP_/D      1.50    1.63   -0.13 (VIOLATED)
rv32_soc/cpuregs[14][0]$_DFFE_PP_/D     1.50    1.63   -0.13 (VIOLATED)
rv32_soc/cpuregs[15][0]$_DFFE_PP_/D     1.50    1.63   -0.13 (VIOLATED)
rv32_soc/cpuregs[27][0]$_DFFE_PP_/D     1.50    1.63   -0.13 (VIOLATED)
rv32_soc/cpuregs[26][0]$_DFFE_PP_/D     1.50    1.63   -0.13 (VIOLATED)
rv32_soc/cpuregs[11][0]$_DFFE_PP_/D     1.50    1.63   -0.13 (VIOLATED)
rv32_soc/cpuregs[10][0]$_DFFE_PP_/D     1.50    1.63   -0.13 (VIOLATED)

max capacitance

Pin                                    Limit     Cap   Slack
------------------------------------------------------------
_4786_/Y                                0.15    0.28   -0.12 (VIOLATED)
_4872_/X                                0.10    0.21   -0.10 (VIOLATED)
_9157_/Y                                0.08    0.17   -0.09 (VIOLATED)
_4793_/X                                0.11    0.18   -0.07 (VIOLATED)
_5186_/X                                0.17    0.18   -0.02 (VIOLATED)
_9156_/Y                                0.09    0.09   -0.01 (VIOLATED)
_4986_/Y                                0.15    0.16   -0.00 (VIOLATED)

