[ 0.258,  0.337): ***************** (142)
[ 0.337,  0.415): ************* (107)
[ 0.415,  0.494): **************** (135)
[ 0.494,  0.573): ******* (57)
[ 0.573,  0.652): ******************* (158)
[ 0.652,  0.730): ************************************************** (415)
[ 0.730,  0.809): ******************** (164)
[ 0.809,  0.888): ************************* (207)
[ 0.888,  0.966): ************************* (207)
[ 0.966,  1.045): ***************************** (237)
[ 1.045,  1.124): ********************************** (281)
[ 1.124,  1.203): ********************** (182)
[ 1.203,  1.281): ****************** (148)
[ 1.281,  1.360): ************* (109)
[ 1.360,  1.439): ********* (76)
[ 1.439,  1.518): ** (19)
[ 1.518,  1.596): *** (22)
[ 1.596,  1.675): **** (32)
[ 1.675,  1.754): ******** (65)
[ 1.754,  1.832]: * (3)
