[WARNING STA-0503] report_checks -group_count is deprecated. Use -group_path_count instead.
Startpoint: mem_valid$_SDFFCE_PP0P_
            (rising edge-triggered flip-flop clocked by clk0)
Endpoint: mem_ready$_DFF_P_ (rising edge-triggered flip-flop clocked by clk0)
Path Group: clk0
Path Type: min
Corner: fast

Fanout     Cap    Slew   Delay    Time   Description
-----------------------------------------------------------------------------
                          0.00    0.00   clock clk0 (rise edge)
                          1.40    1.40   clock network delay (propagated)
                  0.08    0.00    1.40 ^ mem_valid$_SDFFCE_PP0P_/CLK (sky130_fd_sc_hd__edfxtp_1)
     2    0.01    0.05    0.24    1.63 ^ mem_valid$_SDFFCE_PP0P_/Q (sky130_fd_sc_hd__edfxtp_1)
                                         mem_valid (net)
                  0.05    0.00    1.64 ^ mem_ready$_DFF_P_/D (sky130_fd_sc_hd__dfxtp_1)
                                  1.64   data arrival time

                          0.00    0.00   clock clk0 (rise edge)
                          1.39    1.39   clock network delay (propagated)
                          0.00    1.39   clock reconvergence pessimism
                                  1.39 ^ mem_ready$_DFF_P_/CLK (sky130_fd_sc_hd__dfxtp_1)
                         -0.02    1.38   library hold time
                                  1.38   data required time
-----------------------------------------------------------------------------
                                  1.38   data required time
                                 -1.64   data arrival time
-----------------------------------------------------------------------------
                                  0.26   slack (MET)


Startpoint: rv32_soc/count_cycle[63]$_SDFF_PN0_
            (rising edge-triggered flip-flop clocked by clk0)
Endpoint: rv32_soc/count_cycle[63]$_SDFF_PN0_
          (rising edge-triggered flip-flop clocked by clk0)
Path Group: clk0
Path Type: min
Corner: fast

Fanout     Cap    Slew   Delay    Time   Description
-----------------------------------------------------------------------------
                          0.00    0.00   clock clk0 (rise edge)
                          1.38    1.38   clock network delay (propagated)
                  0.07    0.00    1.38 ^ rv32_soc/count_cycle[63]$_SDFF_PN0_/CLK (sky130_fd_sc_hd__dfxtp_2)
     3    0.01    0.04    0.22    1.60 ^ rv32_soc/count_cycle[63]$_SDFF_PN0_/Q (sky130_fd_sc_hd__dfxtp_2)
                                         rv32_soc/count_cycle[63] (net)
                  0.04    0.00    1.60 ^ _8522_/A1 (sky130_fd_sc_hd__a21oi_1)
     1    0.00    0.02    0.04    1.64 v _8522_/Y (sky130_fd_sc_hd__a21oi_1)
                                         _0334_ (net)
                  0.02    0.00    1.64 v rv32_soc/count_cycle[63]$_SDFF_PN0_/D (sky130_fd_sc_hd__dfxtp_2)
                                  1.64   data arrival time

                          0.00    0.00   clock clk0 (rise edge)
                          1.38    1.38   clock network delay (propagated)
                          0.00    1.38   clock reconvergence pessimism
                                  1.38 ^ rv32_soc/count_cycle[63]$_SDFF_PN0_/CLK (sky130_fd_sc_hd__dfxtp_2)
                         -0.02    1.37   library hold time
                                  1.37   data required time
-----------------------------------------------------------------------------
                                  1.37   data required time
                                 -1.64   data arrival time
-----------------------------------------------------------------------------
                                  0.27   slack (MET)


Startpoint: rv32_soc/count_instr[63]$_SDFFE_PN0P_
            (rising edge-triggered flip-flop clocked by clk0)
Endpoint: rv32_soc/count_instr[63]$_SDFFE_PN0P_
          (rising edge-triggered flip-flop clocked by clk0)
Path Group: clk0
Path Type: min
Corner: fast

Fanout     Cap    Slew   Delay    Time   Description
-----------------------------------------------------------------------------
                          0.00    0.00   clock clk0 (rise edge)
                          1.39    1.39   clock network delay (propagated)
                  0.08    0.00    1.39 ^ rv32_soc/count_instr[63]$_SDFFE_PN0P_/CLK (sky130_fd_sc_hd__dfxtp_2)
     3    0.01    0.04    0.22    1.61 ^ rv32_soc/count_instr[63]$_SDFFE_PN0P_/Q (sky130_fd_sc_hd__dfxtp_2)
                                         rv32_soc/count_instr[63] (net)
                  0.04    0.00    1.61 ^ _7911_/A1 (sky130_fd_sc_hd__a21oi_1)
     1    0.00    0.02    0.04    1.65 v _7911_/Y (sky130_fd_sc_hd__a21oi_1)
                                         _0208_ (net)
                  0.02    0.00    1.65 v rv32_soc/count_instr[63]$_SDFFE_PN0P_/D (sky130_fd_sc_hd__dfxtp_2)
                                  1.65   data arrival time

                          0.00    0.00   clock clk0 (rise edge)
                          1.39    1.39   clock network delay (propagated)
                          0.00    1.39   clock reconvergence pessimism
                                  1.39 ^ rv32_soc/count_instr[63]$_SDFFE_PN0P_/CLK (sky130_fd_sc_hd__dfxtp_2)
                         -0.01    1.37   library hold time
                                  1.37   data required time
-----------------------------------------------------------------------------
                                  1.37   data required time
                                 -1.65   data arrival time
-----------------------------------------------------------------------------
                                  0.27   slack (MET)


Startpoint: rv32_soc/reg_sh[2]$_DFF_P_
            (rising edge-triggered flip-flop clocked by clk0)
Endpoint: rv32_soc/reg_sh[2]$_DFF_P_
          (rising edge-triggered flip-flop clocked by clk0)
Path Group: clk0
Path Type: min
Corner: fast

Fanout     Cap    Slew   Delay    Time   Description
-----------------------------------------------------------------------------
                          0.00    0.00   clock clk0 (rise edge)
                          1.39    1.39   clock network delay (propagated)
                  0.08    0.00    1.39 ^ rv32_soc/reg_sh[2]$_DFF_P_/CLK (sky130_fd_sc_hd__dfxtp_2)
     3    0.01    0.05    0.23    1.62 ^ rv32_soc/reg_sh[2]$_DFF_P_/Q (sky130_fd_sc_hd__dfxtp_2)
                                         rv32_soc/reg_sh[2] (net)
                  0.05    0.00    1.62 ^ _7394_/B2 (sky130_fd_sc_hd__o2bb2ai_1)
     1    0.00    0.02    0.04    1.66 v _7394_/Y (sky130_fd_sc_hd__o2bb2ai_1)
                                         _0045_ (net)
                  0.02    0.00    1.66 v rv32_soc/reg_sh[2]$_DFF_P_/D (sky130_fd_sc_hd__dfxtp_2)
                                  1.66   data arrival time

                          0.00    0.00   clock clk0 (rise edge)
                          1.39    1.39   clock network delay (propagated)
                          0.00    1.39   clock reconvergence pessimism
                                  1.39 ^ rv32_soc/reg_sh[2]$_DFF_P_/CLK (sky130_fd_sc_hd__dfxtp_2)
                         -0.02    1.38   library hold time
                                  1.38   data required time
-----------------------------------------------------------------------------
                                  1.38   data required time
                                 -1.66   data arrival time
-----------------------------------------------------------------------------
                                  0.28   slack (MET)


Startpoint: rv32_soc/reg_next_pc[22]$_SDFFE_PN0P_
            (rising edge-triggered flip-flop clocked by clk0)
Endpoint: rv32_soc/reg_next_pc[22]$_SDFFE_PN0P_
          (rising edge-triggered flip-flop clocked by clk0)
Path Group: clk0
Path Type: min
Corner: fast

Fanout     Cap    Slew   Delay    Time   Description
-----------------------------------------------------------------------------
                          0.00    0.00   clock clk0 (rise edge)
                          1.38    1.38   clock network delay (propagated)
                  0.06    0.00    1.38 ^ rv32_soc/reg_next_pc[22]$_SDFFE_PN0P_/CLK (sky130_fd_sc_hd__dfxtp_2)
     2    0.01    0.03    0.21    1.59 ^ rv32_soc/reg_next_pc[22]$_SDFFE_PN0P_/Q (sky130_fd_sc_hd__dfxtp_2)
                                         rv32_soc/reg_next_pc[22] (net)
                  0.03    0.00    1.59 ^ _8206_/A (sky130_fd_sc_hd__nand2_1)
     1    0.00    0.02    0.03    1.62 v _8206_/Y (sky130_fd_sc_hd__nand2_1)
                                         _3375_ (net)
                  0.02    0.00    1.62 v _8216_/A (sky130_fd_sc_hd__nand2_1)
     1    0.00    0.02    0.03    1.65 ^ _8216_/Y (sky130_fd_sc_hd__nand2_1)
                                         _0261_ (net)
                  0.02    0.00    1.65 ^ rv32_soc/reg_next_pc[22]$_SDFFE_PN0P_/D (sky130_fd_sc_hd__dfxtp_2)
                                  1.65   data arrival time

                          0.00    0.00   clock clk0 (rise edge)
                          1.38    1.38   clock network delay (propagated)
                          0.00    1.38   clock reconvergence pessimism
                                  1.38 ^ rv32_soc/reg_next_pc[22]$_SDFFE_PN0P_/CLK (sky130_fd_sc_hd__dfxtp_2)
                         -0.02    1.36   library hold time
                                  1.36   data required time
-----------------------------------------------------------------------------
                                  1.36   data required time
                                 -1.65   data arrival time
-----------------------------------------------------------------------------
                                  0.29   slack (MET)


Startpoint: rv32_soc/count_cycle[4]$_SDFF_PN0_
            (rising edge-triggered flip-flop clocked by clk0)
Endpoint: rv32_soc/count_cycle[4]$_SDFF_PN0_
          (rising edge-triggered flip-flop clocked by clk0)
Path Group: clk0
Path Type: min
Corner: fast

Fanout     Cap    Slew   Delay    Time   Description
-----------------------------------------------------------------------------
                          0.00    0.00   clock clk0 (rise edge)
                          1.39    1.39   clock network delay (propagated)
                  0.07    0.00    1.39 ^ rv32_soc/count_cycle[4]$_SDFF_PN0_/CLK (sky130_fd_sc_hd__dfxtp_2)
     5    0.01    0.05    0.23    1.62 ^ rv32_soc/count_cycle[4]$_SDFF_PN0_/Q (sky130_fd_sc_hd__dfxtp_2)
                                         rv32_soc/count_cycle[4] (net)
                  0.05    0.00    1.62 ^ _8331_/A1 (sky130_fd_sc_hd__a21oi_1)
     1    0.00    0.02    0.04    1.66 v _8331_/Y (sky130_fd_sc_hd__a21oi_1)
                                         _0275_ (net)
                  0.02    0.00    1.66 v rv32_soc/count_cycle[4]$_SDFF_PN0_/D (sky130_fd_sc_hd__dfxtp_2)
                                  1.66   data arrival time

                          0.00    0.00   clock clk0 (rise edge)
                          1.39    1.39   clock network delay (propagated)
                          0.00    1.39   clock reconvergence pessimism
                                  1.39 ^ rv32_soc/count_cycle[4]$_SDFF_PN0_/CLK (sky130_fd_sc_hd__dfxtp_2)
                         -0.02    1.38   library hold time
                                  1.38   data required time
-----------------------------------------------------------------------------
                                  1.38   data required time
                                 -1.66   data arrival time
-----------------------------------------------------------------------------
                                  0.29   slack (MET)


Startpoint: rv32_soc/reg_next_pc[21]$_SDFFE_PN0P_
            (rising edge-triggered flip-flop clocked by clk0)
Endpoint: rv32_soc/reg_next_pc[21]$_SDFFE_PN0P_
          (rising edge-triggered flip-flop clocked by clk0)
Path Group: clk0
Path Type: min
Corner: fast

Fanout     Cap    Slew   Delay    Time   Description
-----------------------------------------------------------------------------
                          0.00    0.00   clock clk0 (rise edge)
                          1.38    1.38   clock network delay (propagated)
                  0.06    0.00    1.38 ^ rv32_soc/reg_next_pc[21]$_SDFFE_PN0P_/CLK (sky130_fd_sc_hd__dfxtp_1)
     2    0.01    0.04    0.21    1.59 ^ rv32_soc/reg_next_pc[21]$_SDFFE_PN0P_/Q (sky130_fd_sc_hd__dfxtp_1)
                                         rv32_soc/reg_next_pc[21] (net)
                  0.04    0.00    1.59 ^ _8193_/A (sky130_fd_sc_hd__nand2_1)
     1    0.00    0.03    0.03    1.62 v _8193_/Y (sky130_fd_sc_hd__nand2_1)
                                         _3363_ (net)
                  0.03    0.00    1.62 v _8205_/A (sky130_fd_sc_hd__nand2_1)
     1    0.00    0.02    0.03    1.65 ^ _8205_/Y (sky130_fd_sc_hd__nand2_1)
                                         _0260_ (net)
                  0.02    0.00    1.65 ^ rv32_soc/reg_next_pc[21]$_SDFFE_PN0P_/D (sky130_fd_sc_hd__dfxtp_1)
                                  1.65   data arrival time

                          0.00    0.00   clock clk0 (rise edge)
                          1.38    1.38   clock network delay (propagated)
                          0.00    1.38   clock reconvergence pessimism
                                  1.38 ^ rv32_soc/reg_next_pc[21]$_SDFFE_PN0P_/CLK (sky130_fd_sc_hd__dfxtp_1)
                         -0.02    1.36   library hold time
                                  1.36   data required time
-----------------------------------------------------------------------------
                                  1.36   data required time
                                 -1.65   data arrival time
-----------------------------------------------------------------------------
                                  0.29   slack (MET)


Startpoint: rv32_soc/count_cycle[28]$_SDFF_PN0_
            (rising edge-triggered flip-flop clocked by clk0)
Endpoint: rv32_soc/count_cycle[28]$_SDFF_PN0_
          (rising edge-triggered flip-flop clocked by clk0)
Path Group: clk0
Path Type: min
Corner: fast

Fanout     Cap    Slew   Delay    Time   Description
-----------------------------------------------------------------------------
                          0.00    0.00   clock clk0 (rise edge)
                          1.38    1.38   clock network delay (propagated)
                  0.07    0.00    1.38 ^ rv32_soc/count_cycle[28]$_SDFF_PN0_/CLK (sky130_fd_sc_hd__dfxtp_2)
     5    0.01    0.05    0.23    1.61 ^ rv32_soc/count_cycle[28]$_SDFF_PN0_/Q (sky130_fd_sc_hd__dfxtp_2)
                                         rv32_soc/count_cycle[28] (net)
                  0.05    0.00    1.61 ^ _8405_/A1 (sky130_fd_sc_hd__a21oi_1)
     1    0.00    0.02    0.04    1.66 v _8405_/Y (sky130_fd_sc_hd__a21oi_1)
                                         _0299_ (net)
                  0.02    0.00    1.66 v rv32_soc/count_cycle[28]$_SDFF_PN0_/D (sky130_fd_sc_hd__dfxtp_2)
                                  1.66   data arrival time

                          0.00    0.00   clock clk0 (rise edge)
                          1.38    1.38   clock network delay (propagated)
                          0.00    1.38   clock reconvergence pessimism
                                  1.38 ^ rv32_soc/count_cycle[28]$_SDFF_PN0_/CLK (sky130_fd_sc_hd__dfxtp_2)
                         -0.02    1.37   library hold time
                                  1.37   data required time
-----------------------------------------------------------------------------
                                  1.37   data required time
                                 -1.66   data arrival time
-----------------------------------------------------------------------------
                                  0.29   slack (MET)


Startpoint: rv32_soc/count_cycle[3]$_SDFF_PN0_
            (rising edge-triggered flip-flop clocked by clk0)
Endpoint: rv32_soc/count_cycle[3]$_SDFF_PN0_
          (rising edge-triggered flip-flop clocked by clk0)
Path Group: clk0
Path Type: min
Corner: fast

Fanout     Cap    Slew   Delay    Time   Description
-----------------------------------------------------------------------------
                          0.00    0.00   clock clk0 (rise edge)
                          1.39    1.39   clock network delay (propagated)
                  0.07    0.00    1.39 ^ rv32_soc/count_cycle[3]$_SDFF_PN0_/CLK (sky130_fd_sc_hd__dfxtp_2)
     5    0.01    0.05    0.23    1.62 ^ rv32_soc/count_cycle[3]$_SDFF_PN0_/Q (sky130_fd_sc_hd__dfxtp_2)
                                         rv32_soc/count_cycle[3] (net)
                  0.05    0.00    1.62 ^ _8328_/A1 (sky130_fd_sc_hd__a21oi_1)
     1    0.00    0.02    0.04    1.66 v _8328_/Y (sky130_fd_sc_hd__a21oi_1)
                                         _0274_ (net)
                  0.02    0.00    1.66 v rv32_soc/count_cycle[3]$_SDFF_PN0_/D (sky130_fd_sc_hd__dfxtp_2)
                                  1.66   data arrival time

                          0.00    0.00   clock clk0 (rise edge)
                          1.39    1.39   clock network delay (propagated)
                          0.00    1.39   clock reconvergence pessimism
                                  1.39 ^ rv32_soc/count_cycle[3]$_SDFF_PN0_/CLK (sky130_fd_sc_hd__dfxtp_2)
                         -0.02    1.38   library hold time
                                  1.38   data required time
-----------------------------------------------------------------------------
                                  1.38   data required time
                                 -1.66   data arrival time
-----------------------------------------------------------------------------
                                  0.29   slack (MET)


Startpoint: rv32_soc/count_cycle[16]$_SDFF_PN0_
            (rising edge-triggered flip-flop clocked by clk0)
Endpoint: rv32_soc/count_cycle[16]$_SDFF_PN0_
          (rising edge-triggered flip-flop clocked by clk0)
Path Group: clk0
Path Type: min
Corner: fast

Fanout     Cap    Slew   Delay    Time   Description
-----------------------------------------------------------------------------
                          0.00    0.00   clock clk0 (rise edge)
                          1.39    1.39   clock network delay (propagated)
                  0.08    0.00    1.39 ^ rv32_soc/count_cycle[16]$_SDFF_PN0_/CLK (sky130_fd_sc_hd__dfxtp_2)
     5    0.01    0.05    0.23    1.62 ^ rv32_soc/count_cycle[16]$_SDFF_PN0_/Q (sky130_fd_sc_hd__dfxtp_2)
                                         rv32_soc/count_cycle[16] (net)
                  0.05    0.00    1.62 ^ _8367_/A1 (sky130_fd_sc_hd__a21oi_1)
     1    0.00    0.02    0.04    1.66 v _8367_/Y (sky130_fd_sc_hd__a21oi_1)
                                         _0287_ (net)
                  0.02    0.00    1.66 v rv32_soc/count_cycle[16]$_SDFF_PN0_/D (sky130_fd_sc_hd__dfxtp_2)
                                  1.66   data arrival time

                          0.00    0.00   clock clk0 (rise edge)
                          1.39    1.39   clock network delay (propagated)
                          0.00    1.39   clock reconvergence pessimism
                                  1.39 ^ rv32_soc/count_cycle[16]$_SDFF_PN0_/CLK (sky130_fd_sc_hd__dfxtp_2)
                         -0.02    1.37   library hold time
                                  1.37   data required time
-----------------------------------------------------------------------------
                                  1.37   data required time
                                 -1.66   data arrival time
-----------------------------------------------------------------------------
                                  0.29   slack (MET)


