[-2.089, -0.853): * (5)
[-0.853,  0.382): ** (14)
[ 0.382,  1.618): ** (19)
[ 1.618,  2.854): **** (38)
[ 2.854,  4.090): *********** (100)
[ 4.090,  5.326): ************************************************** (436)
[ 5.326,  6.562): ***************************** (257)
[ 6.562,  7.797): ***************************** (256)
[ 7.797,  9.033): ******************* (167)
[ 9.033, 10.269): ****************************************** (370)
[10.269, 11.505): *********************************************** (411)
[11.505, 12.741): ********************************* (289)
[12.741, 13.976): *************** (130)
[13.976, 15.212): ******** (70)
[15.212, 16.448): ****** (56)
[16.448, 17.684): ******** (72)
[17.684, 18.920): **** (36)
[18.920, 20.155): *** (22)
[20.155, 21.391): ** (14)
[21.391, 22.627]: * (4)
