[WARNING STA-0503] report_checks -group_count is deprecated. Use -group_path_count instead.
Startpoint: rv32_soc/latched_stalu$_SDFFE_PN0P_
            (rising edge-triggered flip-flop clocked by clk0)
Endpoint: rv32_soc/reg_next_pc[30]$_SDFFE_PN0P_
          (rising edge-triggered flip-flop clocked by clk0)
Path Group: clk0
Path Type: max
Corner: slow

Fanout     Cap    Slew   Delay    Time   Description
-----------------------------------------------------------------------------
                          0.00    0.00   clock clk0 (rise edge)
                          8.96    8.96   clock network delay (propagated)
                  0.31    0.00    8.96 ^ rv32_soc/latched_stalu$_SDFFE_PN0P_/CLK (sky130_fd_sc_hd__dfxtp_1)
     3    0.01    0.51    1.64   10.61 ^ rv32_soc/latched_stalu$_SDFFE_PN0P_/Q (sky130_fd_sc_hd__dfxtp_1)
                                         rv32_soc/latched_stalu (net)
                  0.51    0.00   10.61 ^ _5053_/S (sky130_fd_sc_hd__mux2i_1)
     2    0.00    0.67    1.05   11.66 ^ _5053_/Y (sky130_fd_sc_hd__mux2i_1)
                                         _0613_ (net)
                  0.67    0.00   11.66 ^ _5055_/A2 (sky130_fd_sc_hd__o21a_1)
     1    0.00    0.21    0.64   12.30 ^ _5055_/X (sky130_fd_sc_hd__o21a_1)
                                         _0615_ (net)
                  0.21    0.00   12.30 ^ rebuffer94/A (sky130_fd_sc_hd__buf_6)
     5    0.03    0.25    0.43   12.73 ^ rebuffer94/X (sky130_fd_sc_hd__buf_6)
                                         net243 (net)
                  0.25    0.01   12.73 ^ _5057_/A (sky130_fd_sc_hd__inv_4)
     3    0.01    0.06    0.17   12.90 v _5057_/Y (sky130_fd_sc_hd__inv_4)
                                         _4206_ (net)
                  0.06    0.00   12.91 v _9468_/A (sky130_fd_sc_hd__ha_4)
     1    0.00    0.12    1.07   13.98 v _9468_/SUM (sky130_fd_sc_hd__ha_4)
                                         _4644_ (net)
                  0.12    0.00   13.98 v _8002_/A2 (sky130_fd_sc_hd__a21o_1)
     1    0.00    0.10    0.68   14.66 v _8002_/X (sky130_fd_sc_hd__a21o_1)
                                         _3189_ (net)
                  0.10    0.00   14.66 v _8003_/A2 (sky130_fd_sc_hd__a21oi_2)
     2    0.00    0.36    0.53   15.19 ^ _8003_/Y (sky130_fd_sc_hd__a21oi_2)
                                         _3190_ (net)
                  0.36    0.00   15.19 ^ _8021_/A2 (sky130_fd_sc_hd__o21ai_0)
     1    0.01    0.22    0.38   15.57 v _8021_/Y (sky130_fd_sc_hd__o21ai_0)
                                         _3206_ (net)
                  0.22    0.00   15.57 v _8022_/A2 (sky130_fd_sc_hd__a21oi_2)
     2    0.01    0.39    0.63   16.20 ^ _8022_/Y (sky130_fd_sc_hd__a21oi_2)
                                         _3207_ (net)
                  0.39    0.00   16.20 ^ _8047_/A2 (sky130_fd_sc_hd__o21ai_0)
     1    0.01    0.21    0.39   16.59 v _8047_/Y (sky130_fd_sc_hd__o21ai_0)
                                         _3230_ (net)
                  0.21    0.00   16.59 v _8048_/A2 (sky130_fd_sc_hd__a21oi_2)
     2    0.00    0.37    0.61   17.20 ^ _8048_/Y (sky130_fd_sc_hd__a21oi_2)
                                         _3231_ (net)
                  0.37    0.00   17.20 ^ _8069_/A2 (sky130_fd_sc_hd__o21ai_0)
     1    0.01    0.19    0.37   17.57 v _8069_/Y (sky130_fd_sc_hd__o21ai_0)
                                         _3250_ (net)
                  0.19    0.00   17.57 v _8070_/A2 (sky130_fd_sc_hd__a21oi_2)
     2    0.01    0.47    0.68   18.25 ^ _8070_/Y (sky130_fd_sc_hd__a21oi_2)
                                         _3251_ (net)
                  0.47    0.00   18.25 ^ _8099_/A2 (sky130_fd_sc_hd__o21ai_0)
     1    0.01    0.20    0.42   18.67 v _8099_/Y (sky130_fd_sc_hd__o21ai_0)
                                         _3278_ (net)
                  0.20    0.00   18.67 v _8100_/A2 (sky130_fd_sc_hd__a21o_4)
     3    0.01    0.11    0.97   19.64 v _8100_/X (sky130_fd_sc_hd__a21o_4)
                                         _3279_ (net)
                  0.11    0.00   19.64 v _8121_/A2 (sky130_fd_sc_hd__a21o_1)
     1    0.00    0.08    0.66   20.30 v _8121_/X (sky130_fd_sc_hd__a21o_1)
                                         _3298_ (net)
                  0.08    0.00   20.30 v _8122_/A2 (sky130_fd_sc_hd__a21o_1)
     3    0.01    0.12    0.69   20.99 v _8122_/X (sky130_fd_sc_hd__a21o_1)
                                         _3299_ (net)
                  0.12    0.00   20.99 v _8142_/A2 (sky130_fd_sc_hd__a21o_1)
     1    0.01    0.11    0.70   21.69 v _8142_/X (sky130_fd_sc_hd__a21o_1)
                                         _3317_ (net)
                  0.11    0.00   21.69 v _8143_/A2 (sky130_fd_sc_hd__a21o_4)
     3    0.01    0.11    0.92   22.61 v _8143_/X (sky130_fd_sc_hd__a21o_4)
                                         _3318_ (net)
                  0.11    0.00   22.61 v _8165_/A2 (sky130_fd_sc_hd__a21o_1)
     1    0.01    0.11    0.70   23.31 v _8165_/X (sky130_fd_sc_hd__a21o_1)
                                         _3338_ (net)
                  0.11    0.00   23.31 v _8166_/A2 (sky130_fd_sc_hd__a21o_4)
     3    0.01    0.12    0.92   24.23 v _8166_/X (sky130_fd_sc_hd__a21o_4)
                                         _3339_ (net)
                  0.12    0.00   24.23 v _8187_/A2 (sky130_fd_sc_hd__a21o_1)
     1    0.01    0.10    0.69   24.92 v _8187_/X (sky130_fd_sc_hd__a21o_1)
                                         _3358_ (net)
                  0.10    0.00   24.92 v _8188_/A2 (sky130_fd_sc_hd__a21o_4)
     3    0.01    0.11    0.91   25.84 v _8188_/X (sky130_fd_sc_hd__a21o_4)
                                         _3359_ (net)
                  0.11    0.00   25.84 v _8211_/A2 (sky130_fd_sc_hd__a21o_1)
     1    0.01    0.11    0.69   26.53 v _8211_/X (sky130_fd_sc_hd__a21o_1)
                                         _3380_ (net)
                  0.11    0.00   26.53 v _8212_/A2 (sky130_fd_sc_hd__a21o_4)
     3    0.01    0.12    0.92   27.45 v _8212_/X (sky130_fd_sc_hd__a21o_4)
                                         _3381_ (net)
                  0.12    0.00   27.45 v _8231_/A2 (sky130_fd_sc_hd__a21o_4)
     1    0.01    0.11    0.92   28.37 v _8231_/X (sky130_fd_sc_hd__a21o_4)
                                         _3398_ (net)
                  0.11    0.00   28.37 v _8232_/A2 (sky130_fd_sc_hd__a21o_4)
     2    0.01    0.11    0.91   29.29 v _8232_/X (sky130_fd_sc_hd__a21o_4)
                                         _3399_ (net)
                  0.11    0.00   29.29 v _8252_/A2 (sky130_fd_sc_hd__a21o_1)
     1    0.01    0.10    0.69   29.97 v _8252_/X (sky130_fd_sc_hd__a21o_1)
                                         _3417_ (net)
                  0.10    0.00   29.98 v _8253_/A2 (sky130_fd_sc_hd__a21o_4)
     2    0.01    0.12    0.92   30.90 v _8253_/X (sky130_fd_sc_hd__a21o_4)
                                         _3418_ (net)
                  0.12    0.00   30.90 v _8274_/A3 (sky130_fd_sc_hd__a31o_4)
     3    0.01    0.12    1.01   31.91 v _8274_/X (sky130_fd_sc_hd__a31o_4)
                                         _3437_ (net)
                  0.12    0.00   31.91 v _8298_/C (sky130_fd_sc_hd__and3_1)
     2    0.00    0.11    0.74   32.65 v _8298_/X (sky130_fd_sc_hd__and3_1)
                                         _3459_ (net)
                  0.11    0.00   32.65 v _8299_/C (sky130_fd_sc_hd__or3_1)
     1    0.00    0.22    1.67   34.32 v _8299_/X (sky130_fd_sc_hd__or3_1)
                                         _3460_ (net)
                  0.22    0.00   34.32 v _8304_/A2 (sky130_fd_sc_hd__a31oi_1)
     1    0.00    0.41    0.65   34.97 ^ _8304_/Y (sky130_fd_sc_hd__a31oi_1)
                                         _3465_ (net)
                  0.41    0.00   34.97 ^ _8307_/A1 (sky130_fd_sc_hd__o21ai_0)
     1    0.00    0.10    0.33   35.30 v _8307_/Y (sky130_fd_sc_hd__o21ai_0)
                                         _0269_ (net)
                  0.10    0.00   35.30 v rv32_soc/reg_next_pc[30]$_SDFFE_PN0P_/D (sky130_fd_sc_hd__dfxtp_2)
                                 35.30   data arrival time

                         25.00   25.00   clock clk0 (rise edge)
                          8.92   33.92   clock network delay (propagated)
                          0.00   33.92   clock reconvergence pessimism
                                 33.92 ^ rv32_soc/reg_next_pc[30]$_SDFFE_PN0P_/CLK (sky130_fd_sc_hd__dfxtp_2)
                         -0.71   33.21   library setup time
                                 33.21   data required time
-----------------------------------------------------------------------------
                                 33.21   data required time
                                -35.30   data arrival time
-----------------------------------------------------------------------------
                                 -2.09   slack (VIOLATED)


Startpoint: rv32_soc/decoded_imm[1]$_SDFFCE_PN0P_
            (rising edge-triggered flip-flop clocked by clk0)
Endpoint: rv32_soc/reg_out[31]$_DFF_P_
          (rising edge-triggered flip-flop clocked by clk0)
Path Group: clk0
Path Type: max
Corner: slow

Fanout     Cap    Slew   Delay    Time   Description
-----------------------------------------------------------------------------
                          0.00    0.00   clock clk0 (rise edge)
                          8.96    8.96   clock network delay (propagated)
                  0.30    0.00    8.96 ^ rv32_soc/decoded_imm[1]$_SDFFCE_PN0P_/CLK (sky130_fd_sc_hd__edfxtp_1)
     4    0.01    0.38    1.94   10.90 v rv32_soc/decoded_imm[1]$_SDFFCE_PN0P_/Q (sky130_fd_sc_hd__edfxtp_1)
                                         rv32_soc/decoded_imm[1] (net)
                  0.38    0.00   10.90 v _9309_/A (sky130_fd_sc_hd__ha_2)
     2    0.01    0.13    0.94   11.85 v _9309_/COUT (sky130_fd_sc_hd__ha_2)
                                         _4237_ (net)
                  0.13    0.00   11.85 v _9300_/CIN (sky130_fd_sc_hd__fa_2)
     3    0.01    0.24    1.74   13.58 v _9300_/COUT (sky130_fd_sc_hd__fa_2)
                                         _4238_ (net)
                  0.24    0.00   13.59 v _5235_/A1 (sky130_fd_sc_hd__a21o_1)
     1    0.00    0.10    0.72   14.31 v _5235_/X (sky130_fd_sc_hd__a21o_1)
                                         _0759_ (net)
                  0.10    0.00   14.31 v _5236_/A2 (sky130_fd_sc_hd__a21oi_2)
     2    0.01    0.40    0.57   14.88 ^ _5236_/Y (sky130_fd_sc_hd__a21oi_2)
                                         _0760_ (net)
                  0.40    0.00   14.88 ^ _5260_/A2 (sky130_fd_sc_hd__o21bai_1)
     1    0.01    0.15    0.34   15.21 v _5260_/Y (sky130_fd_sc_hd__o21bai_1)
                                         _0782_ (net)
                  0.15    0.00   15.22 v _5261_/A2 (sky130_fd_sc_hd__a21oi_2)
     1    0.00    0.28    0.49   15.71 ^ _5261_/Y (sky130_fd_sc_hd__a21oi_2)
                                         _0783_ (net)
                  0.28    0.00   15.71 ^ rebuffer116/A (sky130_fd_sc_hd__buf_4)
     2    0.02    0.25    0.51   16.22 ^ rebuffer116/X (sky130_fd_sc_hd__buf_4)
                                         net265 (net)
                  0.25    0.00   16.22 ^ _5290_/A2 (sky130_fd_sc_hd__o21bai_4)
     1    0.01    0.10    0.21   16.43 v _5290_/Y (sky130_fd_sc_hd__o21bai_4)
                                         _0810_ (net)
                  0.10    0.00   16.43 v _5291_/A2 (sky130_fd_sc_hd__a21o_4)
     3    0.01    0.11    0.92   17.35 v _5291_/X (sky130_fd_sc_hd__a21o_4)
                                         _0811_ (net)
                  0.11    0.00   17.35 v _5316_/A2 (sky130_fd_sc_hd__a21oi_2)
     1    0.01    0.39    0.57   17.92 ^ _5316_/Y (sky130_fd_sc_hd__a21oi_2)
                                         _0834_ (net)
                  0.39    0.00   17.92 ^ _5317_/A (sky130_fd_sc_hd__nor2b_2)
     2    0.01    0.10    0.24   18.15 v _5317_/Y (sky130_fd_sc_hd__nor2b_2)
                                         _0835_ (net)
                  0.10    0.00   18.16 v _5319_/A2 (sky130_fd_sc_hd__o21a_1)
     2    0.00    0.12    0.73   18.88 v _5319_/X (sky130_fd_sc_hd__o21a_1)
                                         _0837_ (net)
                  0.12    0.00   18.88 v _5339_/A2 (sky130_fd_sc_hd__o21a_1)
     2    0.00    0.11    0.74   19.62 v _5339_/X (sky130_fd_sc_hd__o21a_1)
                                         _0855_ (net)
                  0.11    0.00   19.62 v _5342_/A2 (sky130_fd_sc_hd__o21ai_0)
     1    0.00    0.40    0.48   20.10 ^ _5342_/Y (sky130_fd_sc_hd__o21ai_0)
                                         _0858_ (net)
                  0.40    0.00   20.10 ^ rebuffer56/A (sky130_fd_sc_hd__buf_2)
     2    0.01    0.19    0.51   20.61 ^ rebuffer56/X (sky130_fd_sc_hd__buf_2)
                                         net205 (net)
                  0.19    0.00   20.61 ^ _5365_/A2 (sky130_fd_sc_hd__a21boi_2)
     2    0.01    0.10    0.18   20.79 v _5365_/Y (sky130_fd_sc_hd__a21boi_2)
                                         _0879_ (net)
                  0.10    0.00   20.79 v _5366_/A2 (sky130_fd_sc_hd__o21a_1)
     2    0.01    0.12    0.73   21.52 v _5366_/X (sky130_fd_sc_hd__o21a_1)
                                         _0880_ (net)
                  0.12    0.00   21.52 v _5404_/A2 (sky130_fd_sc_hd__o21a_1)
     2    0.01    0.12    0.74   22.27 v _5404_/X (sky130_fd_sc_hd__o21a_1)
                                         _0916_ (net)
                  0.12    0.00   22.27 v _5405_/A2 (sky130_fd_sc_hd__o21a_1)
     2    0.01    0.12    0.75   23.01 v _5405_/X (sky130_fd_sc_hd__o21a_1)
                                         _0917_ (net)
                  0.12    0.00   23.01 v _5425_/A2 (sky130_fd_sc_hd__o21a_1)
     2    0.00    0.11    0.74   23.75 v _5425_/X (sky130_fd_sc_hd__o21a_1)
                                         _0935_ (net)
                  0.11    0.00   23.75 v _5426_/A2 (sky130_fd_sc_hd__o21a_1)
     2    0.01    0.12    0.75   24.50 v _5426_/X (sky130_fd_sc_hd__o21a_1)
                                         _0936_ (net)
                  0.12    0.00   24.50 v _5446_/A2 (sky130_fd_sc_hd__o21a_1)
     2    0.01    0.13    0.76   25.26 v _5446_/X (sky130_fd_sc_hd__o21a_1)
                                         _0954_ (net)
                  0.13    0.00   25.26 v _5447_/A2 (sky130_fd_sc_hd__o21a_1)
     2    0.01    0.12    0.75   26.01 v _5447_/X (sky130_fd_sc_hd__o21a_1)
                                         _0955_ (net)
                  0.12    0.00   26.01 v _5467_/A2 (sky130_fd_sc_hd__o21a_1)
     2    0.01    0.17    0.80   26.81 v _5467_/X (sky130_fd_sc_hd__o21a_1)
                                         _0973_ (net)
                  0.17    0.00   26.81 v _5468_/A2 (sky130_fd_sc_hd__o21a_1)
     2    0.00    0.11    0.77   27.58 v _5468_/X (sky130_fd_sc_hd__o21a_1)
                                         _0974_ (net)
                  0.11    0.00   27.58 v _5488_/A2 (sky130_fd_sc_hd__o21a_1)
     2    0.01    0.13    0.75   28.33 v _5488_/X (sky130_fd_sc_hd__o21a_1)
                                         _0992_ (net)
                  0.13    0.00   28.33 v _5489_/A2 (sky130_fd_sc_hd__o21a_1)
     2    0.00    0.11    0.74   29.07 v _5489_/X (sky130_fd_sc_hd__o21a_1)
                                         _0993_ (net)
                  0.11    0.00   29.07 v _5509_/A2 (sky130_fd_sc_hd__o21a_1)
     4    0.01    0.18    0.81   29.88 v _5509_/X (sky130_fd_sc_hd__o21a_1)
                                         _1011_ (net)
                  0.18    0.00   29.88 v _5552_/A2 (sky130_fd_sc_hd__o2111a_1)
     1    0.00    0.11    1.01   30.90 v _5552_/X (sky130_fd_sc_hd__o2111a_1)
                                         _1050_ (net)
                  0.11    0.00   30.90 v _5553_/A2 (sky130_fd_sc_hd__o21a_1)
     2    0.00    0.11    0.72   31.62 v _5553_/X (sky130_fd_sc_hd__o21a_1)
                                         _1051_ (net)
                  0.11    0.00   31.62 v _5557_/B (sky130_fd_sc_hd__or4_1)
     1    0.00    0.30    2.76   34.38 v _5557_/X (sky130_fd_sc_hd__or4_1)
                                         _1055_ (net)
                  0.30    0.00   34.38 v _5559_/B (sky130_fd_sc_hd__nand3_1)
     1    0.01    0.33    0.47   34.84 ^ _5559_/Y (sky130_fd_sc_hd__nand3_1)
                                         _1057_ (net)
                  0.33    0.00   34.84 ^ _5560_/C1 (sky130_fd_sc_hd__o311ai_1)
     1    0.00    0.15    0.30   35.15 v _5560_/Y (sky130_fd_sc_hd__o311ai_1)
                                         _4744_ (net)
                  0.15    0.00   35.15 v rv32_soc/reg_out[31]$_DFF_P_/D (sky130_fd_sc_hd__dfxtp_2)
                                 35.15   data arrival time

                         25.00   25.00   clock clk0 (rise edge)
                          8.87   33.87   clock network delay (propagated)
                          0.00   33.87   clock reconvergence pessimism
                                 33.87 ^ rv32_soc/reg_out[31]$_DFF_P_/CLK (sky130_fd_sc_hd__dfxtp_2)
                         -0.76   33.11   library setup time
                                 33.11   data required time
-----------------------------------------------------------------------------
                                 33.11   data required time
                                -35.15   data arrival time
-----------------------------------------------------------------------------
                                 -2.04   slack (VIOLATED)


Startpoint: _9509_ (rising edge-triggered flip-flop clocked by clk0)
Endpoint: pcpi_rs2[23]$_DFFE_PP_
          (rising edge-triggered flip-flop clocked by clk0)
Path Group: clk0
Path Type: max
Corner: slow

Fanout     Cap    Slew   Delay    Time   Description
-----------------------------------------------------------------------------
                          0.00    0.00   clock clk0 (rise edge)
                          8.97    8.97   clock network delay (propagated)
                  0.30    0.00    8.97 ^ _9509_/CLK (sky130_fd_sc_hd__dfxtp_1)
    10    0.06    1.92    2.66   11.63 ^ _9509_/Q (sky130_fd_sc_hd__dfxtp_1)
                                         _0000_ (net)
                  1.92    0.01   11.64 ^ load_slew1761/A (sky130_fd_sc_hd__buf_1)
    14    0.09    3.97    3.84   15.48 ^ load_slew1761/X (sky130_fd_sc_hd__buf_1)
                                         net1761 (net)
                  3.97    0.01   15.50 ^ load_slew1760/A (sky130_fd_sc_hd__buf_1)
    13    0.08    3.47    4.13   19.63 ^ load_slew1760/X (sky130_fd_sc_hd__buf_1)
                                         net1760 (net)
                  3.47    0.02   19.64 ^ load_slew1753/A (sky130_fd_sc_hd__clkdlybuf4s15_2)
    14    0.09    1.89    3.33   22.97 ^ load_slew1753/X (sky130_fd_sc_hd__clkdlybuf4s15_2)
                                         net1753 (net)
                  1.89    0.01   22.98 ^ load_slew1752/A (sky130_fd_sc_hd__buf_12)
     9    0.06    0.31    1.20   24.18 ^ load_slew1752/X (sky130_fd_sc_hd__buf_12)
                                         net1752 (net)
                  0.32    0.01   24.18 ^ load_slew1751/A (sky130_fd_sc_hd__buf_16)
    13    0.09    0.36    0.58   24.76 ^ load_slew1751/X (sky130_fd_sc_hd__buf_16)
                                         net1751 (net)
                  0.37    0.02   24.79 ^ load_slew1750/A (sky130_fd_sc_hd__buf_16)
    14    0.09    0.38    0.62   25.41 ^ load_slew1750/X (sky130_fd_sc_hd__buf_16)
                                         net1750 (net)
                  0.38    0.02   25.43 ^ load_slew1749/A (sky130_fd_sc_hd__buf_16)
    14    0.09    0.39    0.64   26.07 ^ load_slew1749/X (sky130_fd_sc_hd__buf_16)
                                         net1749 (net)
                  0.39    0.00   26.07 ^ _7227_/S0 (sky130_fd_sc_hd__mux4_2)
     1    0.00    0.26    2.64   28.70 v _7227_/X (sky130_fd_sc_hd__mux4_2)
                                         _2611_ (net)
                  0.26    0.00   28.70 v _7230_/A1 (sky130_fd_sc_hd__mux4_2)
     1    0.00    0.26    2.45   31.15 v _7230_/X (sky130_fd_sc_hd__mux4_2)
                                         _2614_ (net)
                  0.26    0.00   31.15 v _7243_/A2 (sky130_fd_sc_hd__o211ai_1)
     1    0.02    1.80    1.72   32.88 ^ _7243_/Y (sky130_fd_sc_hd__o211ai_1)
                                         _2627_ (net)
                  1.80    0.00   32.88 ^ _7244_/B (sky130_fd_sc_hd__nand2_1)
     1    0.00    0.18    0.78   33.66 v _7244_/Y (sky130_fd_sc_hd__nand2_1)
                                         _0090_ (net)
                  0.18    0.00   33.66 v pcpi_rs2[23]$_DFFE_PP_/D (sky130_fd_sc_hd__edfxtp_1)
                                 33.66   data arrival time

                         25.00   25.00   clock clk0 (rise edge)
                          8.86   33.86   clock network delay (propagated)
                          0.00   33.86   clock reconvergence pessimism
                                 33.86 ^ pcpi_rs2[23]$_DFFE_PP_/CLK (sky130_fd_sc_hd__edfxtp_1)
                         -1.34   32.53   library setup time
                                 32.53   data required time
-----------------------------------------------------------------------------
                                 32.53   data required time
                                -33.66   data arrival time
-----------------------------------------------------------------------------
                                 -1.13   slack (VIOLATED)


Startpoint: pcpi_rs1[0]$_DFFE_PP_
            (rising edge-triggered flip-flop clocked by clk0)
Endpoint: rv32_soc/alu_out_q[0]$_DFF_P_
          (rising edge-triggered flip-flop clocked by clk0)
Path Group: clk0
Path Type: max
Corner: slow

Fanout     Cap    Slew   Delay    Time   Description
-----------------------------------------------------------------------------
                          0.00    0.00   clock clk0 (rise edge)
                          8.95    8.95   clock network delay (propagated)
                  0.29    0.00    8.95 ^ pcpi_rs1[0]$_DFFE_PP_/CLK (sky130_fd_sc_hd__edfxtp_1)
     7    0.06    1.93    2.47   11.43 ^ pcpi_rs1[0]$_DFFE_PP_/Q (sky130_fd_sc_hd__edfxtp_1)
                                         pcpi_rs1[0] (net)
                  1.93    0.01   11.43 ^ _4861_/A (sky130_fd_sc_hd__inv_8)
     4    0.02    0.24    0.68   12.12 v _4861_/Y (sky130_fd_sc_hd__inv_8)
                                         _4393_ (net)
                  0.24    0.00   12.12 v _9374_/B (sky130_fd_sc_hd__ha_4)
     2    0.01    0.09    0.73   12.85 v _9374_/COUT (sky130_fd_sc_hd__ha_4)
                                         _4248_ (net)
                  0.09    0.00   12.85 v _9303_/CIN (sky130_fd_sc_hd__fa_2)
     2    0.01    0.25    1.74   14.59 v _9303_/COUT (sky130_fd_sc_hd__fa_2)
                                         _4249_ (net)
                  0.25    0.00   14.59 v _7420_/B (sky130_fd_sc_hd__nor3_2)
     1    0.00    0.51    0.75   15.34 ^ _7420_/Y (sky130_fd_sc_hd__nor3_2)
                                         _2789_ (net)
                  0.51    0.00   15.34 ^ _7422_/B (sky130_fd_sc_hd__nor3_2)
     2    0.01    0.10    0.31   15.65 v _7422_/Y (sky130_fd_sc_hd__nor3_2)
                                         _2791_ (net)
                  0.10    0.00   15.65 v _7423_/C (sky130_fd_sc_hd__nor3_2)
     1    0.00    0.53    0.54   16.19 ^ _7423_/Y (sky130_fd_sc_hd__nor3_2)
                                         _2792_ (net)
                  0.53    0.00   16.19 ^ _7425_/B (sky130_fd_sc_hd__nor3_2)
     2    0.01    0.09    0.30   16.49 v _7425_/Y (sky130_fd_sc_hd__nor3_2)
                                         _2794_ (net)
                  0.09    0.00   16.49 v _7426_/B (sky130_fd_sc_hd__nor2_1)
     1    0.00    0.37    0.40   16.89 ^ _7426_/Y (sky130_fd_sc_hd__nor2_1)
                                         _2795_ (net)
                  0.37    0.00   16.89 ^ _7427_/B (sky130_fd_sc_hd__nor2_1)
     1    0.00    0.08    0.25   17.14 v _7427_/Y (sky130_fd_sc_hd__nor2_1)
                                         _2796_ (net)
                  0.08    0.00   17.14 v _7428_/A2 (sky130_fd_sc_hd__o21bai_2)
     2    0.01    0.40    0.48   17.62 ^ _7428_/Y (sky130_fd_sc_hd__o21bai_2)
                                         _2797_ (net)
                  0.40    0.00   17.62 ^ _7431_/B1 (sky130_fd_sc_hd__a221oi_1)
     2    0.01    0.17    0.35   17.97 v _7431_/Y (sky130_fd_sc_hd__a221oi_1)
                                         _2800_ (net)
                  0.17    0.00   17.97 v _7434_/A3 (sky130_fd_sc_hd__o31ai_1)
     1    0.00    0.67    0.84   18.81 ^ _7434_/Y (sky130_fd_sc_hd__o31ai_1)
                                         _2803_ (net)
                  0.67    0.00   18.82 ^ rebuffer26/A (sky130_fd_sc_hd__buf_2)
     2    0.01    0.13    0.61   19.43 ^ rebuffer26/X (sky130_fd_sc_hd__buf_2)
                                         net175 (net)
                  0.13    0.00   19.43 ^ _7435_/A2 (sky130_fd_sc_hd__a21oi_1)
     1    0.00    0.10    0.15   19.58 v _7435_/Y (sky130_fd_sc_hd__a21oi_1)
                                         _2804_ (net)
                  0.10    0.00   19.58 v _7436_/B1 (sky130_fd_sc_hd__o21ai_0)
     2    0.01    0.78    0.33   19.91 ^ _7436_/Y (sky130_fd_sc_hd__o21ai_0)
                                         _2805_ (net)
                  0.78    0.00   19.91 ^ _7437_/B2 (sky130_fd_sc_hd__a221oi_1)
     1    0.00    0.14    0.47   20.38 v _7437_/Y (sky130_fd_sc_hd__a221oi_1)
                                         _2806_ (net)
                  0.14    0.00   20.38 v rebuffer17/A (sky130_fd_sc_hd__buf_2)
     2    0.01    0.09    0.48   20.86 v rebuffer17/X (sky130_fd_sc_hd__buf_2)
                                         net166 (net)
                  0.09    0.00   20.86 v _7440_/A3 (sky130_fd_sc_hd__o31ai_1)
     1    0.00    0.65    0.78   21.65 ^ _7440_/Y (sky130_fd_sc_hd__o31ai_1)
                                         _2809_ (net)
                  0.65    0.00   21.65 ^ rebuffer25/A (sky130_fd_sc_hd__buf_2)
     2    0.01    0.14    0.61   22.26 ^ rebuffer25/X (sky130_fd_sc_hd__buf_2)
                                         net174 (net)
                  0.14    0.00   22.26 ^ _7441_/B2 (sky130_fd_sc_hd__a221oi_1)
     1    0.00    0.12    0.17   22.43 v _7441_/Y (sky130_fd_sc_hd__a221oi_1)
                                         _2810_ (net)
                  0.12    0.00   22.43 v rebuffer51/A (sky130_fd_sc_hd__buf_2)
     2    0.01    0.08    0.46   22.89 v rebuffer51/X (sky130_fd_sc_hd__buf_2)
                                         net200 (net)
                  0.08    0.00   22.89 v _7442_/C (sky130_fd_sc_hd__nor3_2)
     1    0.00    0.51    0.51   23.40 ^ _7442_/Y (sky130_fd_sc_hd__nor3_2)
                                         _2811_ (net)
                  0.51    0.00   23.40 ^ _7443_/C (sky130_fd_sc_hd__nor3_2)
     2    0.00    0.09    0.28   23.68 v _7443_/Y (sky130_fd_sc_hd__nor3_2)
                                         _2812_ (net)
                  0.09    0.00   23.68 v _7446_/A3 (sky130_fd_sc_hd__o31ai_1)
     1    0.00    0.66    0.78   24.47 ^ _7446_/Y (sky130_fd_sc_hd__o31ai_1)
                                         _2815_ (net)
                  0.66    0.00   24.47 ^ rebuffer49/A (sky130_fd_sc_hd__buf_2)
     2    0.01    0.13    0.61   25.08 ^ rebuffer49/X (sky130_fd_sc_hd__buf_2)
                                         net198 (net)
                  0.13    0.00   25.08 ^ _7448_/B1 (sky130_fd_sc_hd__a221o_1)
     2    0.01    0.25    0.47   25.54 ^ _7448_/X (sky130_fd_sc_hd__a221o_1)
                                         _2817_ (net)
                  0.25    0.00   25.54 ^ _7449_/B2 (sky130_fd_sc_hd__a221oi_1)
     1    0.00    0.11    0.23   25.78 v _7449_/Y (sky130_fd_sc_hd__a221oi_1)
                                         _2818_ (net)
                  0.11    0.00   25.78 v rebuffer24/A (sky130_fd_sc_hd__buf_4)
     3    0.01    0.08    0.52   26.30 v rebuffer24/X (sky130_fd_sc_hd__buf_4)
                                         net173 (net)
                  0.08    0.00   26.30 v _7454_/A2 (sky130_fd_sc_hd__o21ai_0)
     1    0.00    0.42    0.49   26.79 ^ _7454_/Y (sky130_fd_sc_hd__o21ai_0)
                                         _2823_ (net)
                  0.42    0.00   26.79 ^ _7456_/A2 (sky130_fd_sc_hd__o21ai_0)
     2    0.00    0.13    0.34   27.13 v _7456_/Y (sky130_fd_sc_hd__o21ai_0)
                                         _2825_ (net)
                  0.13    0.00   27.13 v _7472_/A2 (sky130_fd_sc_hd__o21ai_0)
     1    0.03    3.27    2.71   29.84 ^ _7472_/Y (sky130_fd_sc_hd__o21ai_0)
                                         _2841_ (net)
                  3.27    0.00   29.85 ^ _7473_/S (sky130_fd_sc_hd__mux2i_1)
     1    0.01    1.02    2.38   32.22 ^ _7473_/Y (sky130_fd_sc_hd__mux2i_1)
                                         _2842_ (net)
                  1.02    0.00   32.22 ^ _7474_/B (sky130_fd_sc_hd__nand2_4)
     3    0.01    0.13    0.52   32.75 v _7474_/Y (sky130_fd_sc_hd__nand2_4)
                                         _2843_ (net)
                  0.13    0.00   32.75 v _8825_/A2 (sky130_fd_sc_hd__a221o_1)
     1    0.00    0.13    1.48   34.22 v _8825_/X (sky130_fd_sc_hd__a221o_1)
                                         rv32_soc/alu_out[0] (net)
                  0.13    0.00   34.22 v rv32_soc/alu_out_q[0]$_DFF_P_/D (sky130_fd_sc_hd__dfxtp_2)
                                 34.22   data arrival time

                         25.00   25.00   clock clk0 (rise edge)
                          8.96   33.96   clock network delay (propagated)
                          0.00   33.96   clock reconvergence pessimism
                                 33.96 ^ rv32_soc/alu_out_q[0]$_DFF_P_/CLK (sky130_fd_sc_hd__dfxtp_2)
                         -0.73   33.24   library setup time
                                 33.24   data required time
-----------------------------------------------------------------------------
                                 33.24   data required time
                                -34.22   data arrival time
-----------------------------------------------------------------------------
                                 -0.99   slack (VIOLATED)


Startpoint: pcpi_rs1[0]$_DFFE_PP_
            (rising edge-triggered flip-flop clocked by clk0)
Endpoint: rv32_soc/latched_branch$_SDFFE_PN0P_
          (rising edge-triggered flip-flop clocked by clk0)
Path Group: clk0
Path Type: max
Corner: slow

Fanout     Cap    Slew   Delay    Time   Description
-----------------------------------------------------------------------------
                          0.00    0.00   clock clk0 (rise edge)
                          8.95    8.95   clock network delay (propagated)
                  0.29    0.00    8.95 ^ pcpi_rs1[0]$_DFFE_PP_/CLK (sky130_fd_sc_hd__edfxtp_1)
     7    0.06    1.93    2.47   11.43 ^ pcpi_rs1[0]$_DFFE_PP_/Q (sky130_fd_sc_hd__edfxtp_1)
                                         pcpi_rs1[0] (net)
                  1.93    0.01   11.43 ^ _4861_/A (sky130_fd_sc_hd__inv_8)
     4    0.02    0.24    0.68   12.12 v _4861_/Y (sky130_fd_sc_hd__inv_8)
                                         _4393_ (net)
                  0.24    0.00   12.12 v _9374_/B (sky130_fd_sc_hd__ha_4)
     2    0.01    0.09    0.73   12.85 v _9374_/COUT (sky130_fd_sc_hd__ha_4)
                                         _4248_ (net)
                  0.09    0.00   12.85 v _9303_/CIN (sky130_fd_sc_hd__fa_2)
     2    0.01    0.25    1.74   14.59 v _9303_/COUT (sky130_fd_sc_hd__fa_2)
                                         _4249_ (net)
                  0.25    0.00   14.59 v _7420_/B (sky130_fd_sc_hd__nor3_2)
     1    0.00    0.51    0.75   15.34 ^ _7420_/Y (sky130_fd_sc_hd__nor3_2)
                                         _2789_ (net)
                  0.51    0.00   15.34 ^ _7422_/B (sky130_fd_sc_hd__nor3_2)
     2    0.01    0.10    0.31   15.65 v _7422_/Y (sky130_fd_sc_hd__nor3_2)
                                         _2791_ (net)
                  0.10    0.00   15.65 v _7423_/C (sky130_fd_sc_hd__nor3_2)
     1    0.00    0.53    0.54   16.19 ^ _7423_/Y (sky130_fd_sc_hd__nor3_2)
                                         _2792_ (net)
                  0.53    0.00   16.19 ^ _7425_/B (sky130_fd_sc_hd__nor3_2)
     2    0.01    0.09    0.30   16.49 v _7425_/Y (sky130_fd_sc_hd__nor3_2)
                                         _2794_ (net)
                  0.09    0.00   16.49 v _7426_/B (sky130_fd_sc_hd__nor2_1)
     1    0.00    0.37    0.40   16.89 ^ _7426_/Y (sky130_fd_sc_hd__nor2_1)
                                         _2795_ (net)
                  0.37    0.00   16.89 ^ _7427_/B (sky130_fd_sc_hd__nor2_1)
     1    0.00    0.08    0.25   17.14 v _7427_/Y (sky130_fd_sc_hd__nor2_1)
                                         _2796_ (net)
                  0.08    0.00   17.14 v _7428_/A2 (sky130_fd_sc_hd__o21bai_2)
     2    0.01    0.40    0.48   17.62 ^ _7428_/Y (sky130_fd_sc_hd__o21bai_2)
                                         _2797_ (net)
                  0.40    0.00   17.62 ^ _7431_/B1 (sky130_fd_sc_hd__a221oi_1)
     2    0.01    0.17    0.35   17.97 v _7431_/Y (sky130_fd_sc_hd__a221oi_1)
                                         _2800_ (net)
                  0.17    0.00   17.97 v _7434_/A3 (sky130_fd_sc_hd__o31ai_1)
     1    0.00    0.67    0.84   18.81 ^ _7434_/Y (sky130_fd_sc_hd__o31ai_1)
                                         _2803_ (net)
                  0.67    0.00   18.82 ^ rebuffer26/A (sky130_fd_sc_hd__buf_2)
     2    0.01    0.13    0.61   19.43 ^ rebuffer26/X (sky130_fd_sc_hd__buf_2)
                                         net175 (net)
                  0.13    0.00   19.43 ^ _7435_/A2 (sky130_fd_sc_hd__a21oi_1)
     1    0.00    0.10    0.15   19.58 v _7435_/Y (sky130_fd_sc_hd__a21oi_1)
                                         _2804_ (net)
                  0.10    0.00   19.58 v _7436_/B1 (sky130_fd_sc_hd__o21ai_0)
     2    0.01    0.78    0.33   19.91 ^ _7436_/Y (sky130_fd_sc_hd__o21ai_0)
                                         _2805_ (net)
                  0.78    0.00   19.91 ^ _7437_/B2 (sky130_fd_sc_hd__a221oi_1)
     1    0.00    0.14    0.47   20.38 v _7437_/Y (sky130_fd_sc_hd__a221oi_1)
                                         _2806_ (net)
                  0.14    0.00   20.38 v rebuffer17/A (sky130_fd_sc_hd__buf_2)
     2    0.01    0.09    0.48   20.86 v rebuffer17/X (sky130_fd_sc_hd__buf_2)
                                         net166 (net)
                  0.09    0.00   20.86 v _7440_/A3 (sky130_fd_sc_hd__o31ai_1)
     1    0.00    0.65    0.78   21.65 ^ _7440_/Y (sky130_fd_sc_hd__o31ai_1)
                                         _2809_ (net)
                  0.65    0.00   21.65 ^ rebuffer25/A (sky130_fd_sc_hd__buf_2)
     2    0.01    0.14    0.61   22.26 ^ rebuffer25/X (sky130_fd_sc_hd__buf_2)
                                         net174 (net)
                  0.14    0.00   22.26 ^ _7441_/B2 (sky130_fd_sc_hd__a221oi_1)
     1    0.00    0.12    0.17   22.43 v _7441_/Y (sky130_fd_sc_hd__a221oi_1)
                                         _2810_ (net)
                  0.12    0.00   22.43 v rebuffer51/A (sky130_fd_sc_hd__buf_2)
     2    0.01    0.08    0.46   22.89 v rebuffer51/X (sky130_fd_sc_hd__buf_2)
                                         net200 (net)
                  0.08    0.00   22.89 v _7442_/C (sky130_fd_sc_hd__nor3_2)
     1    0.00    0.51    0.51   23.40 ^ _7442_/Y (sky130_fd_sc_hd__nor3_2)
                                         _2811_ (net)
                  0.51    0.00   23.40 ^ _7443_/C (sky130_fd_sc_hd__nor3_2)
     2    0.00    0.09    0.28   23.68 v _7443_/Y (sky130_fd_sc_hd__nor3_2)
                                         _2812_ (net)
                  0.09    0.00   23.68 v _7446_/A3 (sky130_fd_sc_hd__o31ai_1)
     1    0.00    0.66    0.78   24.47 ^ _7446_/Y (sky130_fd_sc_hd__o31ai_1)
                                         _2815_ (net)
                  0.66    0.00   24.47 ^ rebuffer49/A (sky130_fd_sc_hd__buf_2)
     2    0.01    0.13    0.61   25.08 ^ rebuffer49/X (sky130_fd_sc_hd__buf_2)
                                         net198 (net)
                  0.13    0.00   25.08 ^ _7448_/B1 (sky130_fd_sc_hd__a221o_1)
     2    0.01    0.25    0.47   25.54 ^ _7448_/X (sky130_fd_sc_hd__a221o_1)
                                         _2817_ (net)
                  0.25    0.00   25.54 ^ _7449_/B2 (sky130_fd_sc_hd__a221oi_1)
     1    0.00    0.11    0.23   25.78 v _7449_/Y (sky130_fd_sc_hd__a221oi_1)
                                         _2818_ (net)
                  0.11    0.00   25.78 v rebuffer24/A (sky130_fd_sc_hd__buf_4)
     3    0.01    0.08    0.52   26.30 v rebuffer24/X (sky130_fd_sc_hd__buf_4)
                                         net173 (net)
                  0.08    0.00   26.30 v _7454_/A2 (sky130_fd_sc_hd__o21ai_0)
     1    0.00    0.42    0.49   26.79 ^ _7454_/Y (sky130_fd_sc_hd__o21ai_0)
                                         _2823_ (net)
                  0.42    0.00   26.79 ^ _7456_/A2 (sky130_fd_sc_hd__o21ai_0)
     2    0.00    0.13    0.34   27.13 v _7456_/Y (sky130_fd_sc_hd__o21ai_0)
                                         _2825_ (net)
                  0.13    0.00   27.13 v _7472_/A2 (sky130_fd_sc_hd__o21ai_0)
     1    0.03    3.27    2.71   29.84 ^ _7472_/Y (sky130_fd_sc_hd__o21ai_0)
                                         _2841_ (net)
                  3.27    0.00   29.85 ^ _7473_/S (sky130_fd_sc_hd__mux2i_1)
     1    0.01    1.02    2.38   32.22 ^ _7473_/Y (sky130_fd_sc_hd__mux2i_1)
                                         _2842_ (net)
                  1.02    0.00   32.22 ^ _7474_/B (sky130_fd_sc_hd__nand2_4)
     3    0.01    0.13    0.52   32.75 v _7474_/Y (sky130_fd_sc_hd__nand2_4)
                                         _2843_ (net)
                  0.13    0.00   32.75 v _8523_/A2 (sky130_fd_sc_hd__a21oi_2)
     2    0.00    0.36    0.55   33.30 ^ _8523_/Y (sky130_fd_sc_hd__a21oi_2)
                                         _3618_ (net)
                  0.36    0.00   33.30 ^ _8533_/A1 (sky130_fd_sc_hd__o21ai_0)
     1    0.00    0.13    0.33   33.62 v _8533_/Y (sky130_fd_sc_hd__o21ai_0)
                                         _3626_ (net)
                  0.13    0.00   33.62 v _8534_/B1 (sky130_fd_sc_hd__o311a_1)
     1    0.00    0.15    0.46   34.08 v _8534_/X (sky130_fd_sc_hd__o311a_1)
                                         _0342_ (net)
                  0.15    0.00   34.08 v rv32_soc/latched_branch$_SDFFE_PN0P_/D (sky130_fd_sc_hd__dfxtp_1)
                                 34.08   data arrival time

                         25.00   25.00   clock clk0 (rise edge)
                          8.96   33.96   clock network delay (propagated)
                          0.00   33.96   clock reconvergence pessimism
                                 33.96 ^ rv32_soc/latched_branch$_SDFFE_PN0P_/CLK (sky130_fd_sc_hd__dfxtp_1)
                         -0.74   33.23   library setup time
                                 33.23   data required time
-----------------------------------------------------------------------------
                                 33.23   data required time
                                -34.08   data arrival time
-----------------------------------------------------------------------------
                                 -0.85   slack (VIOLATED)


Startpoint: _9509_ (rising edge-triggered flip-flop clocked by clk0)
Endpoint: pcpi_rs2[25]$_DFFE_PP_
          (rising edge-triggered flip-flop clocked by clk0)
Path Group: clk0
Path Type: max
Corner: slow

Fanout     Cap    Slew   Delay    Time   Description
-----------------------------------------------------------------------------
                          0.00    0.00   clock clk0 (rise edge)
                          8.97    8.97   clock network delay (propagated)
                  0.30    0.00    8.97 ^ _9509_/CLK (sky130_fd_sc_hd__dfxtp_1)
    10    0.06    1.92    2.66   11.63 ^ _9509_/Q (sky130_fd_sc_hd__dfxtp_1)
                                         _0000_ (net)
                  1.92    0.01   11.64 ^ load_slew1761/A (sky130_fd_sc_hd__buf_1)
    14    0.09    3.97    3.84   15.48 ^ load_slew1761/X (sky130_fd_sc_hd__buf_1)
                                         net1761 (net)
                  3.97    0.01   15.50 ^ load_slew1760/A (sky130_fd_sc_hd__buf_1)
    13    0.08    3.47    4.13   19.63 ^ load_slew1760/X (sky130_fd_sc_hd__buf_1)
                                         net1760 (net)
                  3.47    0.02   19.64 ^ load_slew1753/A (sky130_fd_sc_hd__clkdlybuf4s15_2)
    14    0.09    1.89    3.33   22.97 ^ load_slew1753/X (sky130_fd_sc_hd__clkdlybuf4s15_2)
                                         net1753 (net)
                  1.89    0.01   22.98 ^ load_slew1752/A (sky130_fd_sc_hd__buf_12)
     9    0.06    0.31    1.20   24.18 ^ load_slew1752/X (sky130_fd_sc_hd__buf_12)
                                         net1752 (net)
                  0.32    0.01   24.18 ^ load_slew1751/A (sky130_fd_sc_hd__buf_16)
    13    0.09    0.36    0.58   24.76 ^ load_slew1751/X (sky130_fd_sc_hd__buf_16)
                                         net1751 (net)
                  0.37    0.02   24.79 ^ load_slew1750/A (sky130_fd_sc_hd__buf_16)
    14    0.09    0.38    0.62   25.41 ^ load_slew1750/X (sky130_fd_sc_hd__buf_16)
                                         net1750 (net)
                  0.38    0.02   25.43 ^ load_slew1749/A (sky130_fd_sc_hd__buf_16)
    14    0.09    0.39    0.64   26.07 ^ load_slew1749/X (sky130_fd_sc_hd__buf_16)
                                         net1749 (net)
                  0.39    0.01   26.08 ^ _7270_/S0 (sky130_fd_sc_hd__mux4_2)
     1    0.00    0.26    2.64   28.72 v _7270_/X (sky130_fd_sc_hd__mux4_2)
                                         _2652_ (net)
                  0.26    0.00   28.72 v _7274_/A0 (sky130_fd_sc_hd__mux4_2)
     1    0.01    0.32    2.72   31.44 v _7274_/X (sky130_fd_sc_hd__mux4_2)
                                         _2656_ (net)
                  0.32    0.00   31.44 v _7275_/A2 (sky130_fd_sc_hd__o21ai_0)
     1    0.01    1.03    1.11   32.56 ^ _7275_/Y (sky130_fd_sc_hd__o21ai_0)
                                         _2657_ (net)
                  1.03    0.00   32.56 ^ _7277_/A2 (sky130_fd_sc_hd__o21ai_0)
     1    0.01    0.26    0.74   33.29 v _7277_/Y (sky130_fd_sc_hd__o21ai_0)
                                         _0092_ (net)
                  0.26    0.00   33.30 v pcpi_rs2[25]$_DFFE_PP_/D (sky130_fd_sc_hd__edfxtp_1)
                                 33.30   data arrival time

                         25.00   25.00   clock clk0 (rise edge)
                          8.87   33.87   clock network delay (propagated)
                          0.00   33.87   clock reconvergence pessimism
                                 33.87 ^ pcpi_rs2[25]$_DFFE_PP_/CLK (sky130_fd_sc_hd__edfxtp_1)
                         -1.38   32.49   library setup time
                                 32.49   data required time
-----------------------------------------------------------------------------
                                 32.49   data required time
                                -33.30   data arrival time
-----------------------------------------------------------------------------
                                 -0.80   slack (VIOLATED)


Startpoint: mem_la_wdata[3]$_DFFE_PP_
            (rising edge-triggered flip-flop clocked by clk0)
Endpoint: rv32_soc/alu_out_q[24]$_DFF_P_
          (rising edge-triggered flip-flop clocked by clk0)
Path Group: clk0
Path Type: max
Corner: slow

Fanout     Cap    Slew   Delay    Time   Description
-----------------------------------------------------------------------------
                          0.00    0.00   clock clk0 (rise edge)
                          8.95    8.95   clock network delay (propagated)
                  0.29    0.00    8.95 ^ mem_la_wdata[3]$_DFFE_PP_/CLK (sky130_fd_sc_hd__edfxtp_1)
     6    0.07    2.07    2.56   11.52 ^ mem_la_wdata[3]$_DFFE_PP_/Q (sky130_fd_sc_hd__edfxtp_1)
                                         mem_la_wdata[3] (net)
                  2.07    0.02   11.53 ^ _7532_/A (sky130_fd_sc_hd__inv_1)
     3    0.01    0.37    1.06   12.59 v _7532_/Y (sky130_fd_sc_hd__inv_1)
                                         _4407_ (net)
                  0.37    0.00   12.60 v _9379_/A (sky130_fd_sc_hd__ha_4)
     8    0.03    0.39    1.37   13.97 ^ _9379_/SUM (sky130_fd_sc_hd__ha_4)
                                         _4410_ (net)
                  0.39    0.00   13.97 ^ _7420_/C (sky130_fd_sc_hd__nor3_2)
     1    0.00    0.07    0.23   14.20 v _7420_/Y (sky130_fd_sc_hd__nor3_2)
                                         _2789_ (net)
                  0.07    0.00   14.20 v _7422_/B (sky130_fd_sc_hd__nor3_2)
     2    0.01    0.76    0.86   15.06 ^ _7422_/Y (sky130_fd_sc_hd__nor3_2)
                                         _2791_ (net)
                  0.76    0.00   15.06 ^ _7423_/C (sky130_fd_sc_hd__nor3_2)
     1    0.00    0.12    0.38   15.44 v _7423_/Y (sky130_fd_sc_hd__nor3_2)
                                         _2792_ (net)
                  0.12    0.00   15.44 v _7425_/B (sky130_fd_sc_hd__nor3_2)
     2    0.01    0.57    0.73   16.17 ^ _7425_/Y (sky130_fd_sc_hd__nor3_2)
                                         _2794_ (net)
                  0.57    0.00   16.17 ^ _7426_/B (sky130_fd_sc_hd__nor2_1)
     1    0.00    0.12    0.33   16.49 v _7426_/Y (sky130_fd_sc_hd__nor2_1)
                                         _2795_ (net)
                  0.12    0.00   16.49 v _7427_/B (sky130_fd_sc_hd__nor2_1)
     1    0.00    0.43    0.45   16.95 ^ _7427_/Y (sky130_fd_sc_hd__nor2_1)
                                         _2796_ (net)
                  0.43    0.00   16.95 ^ _7428_/A2 (sky130_fd_sc_hd__o21bai_2)
     2    0.01    0.13    0.30   17.25 v _7428_/Y (sky130_fd_sc_hd__o21bai_2)
                                         _2797_ (net)
                  0.13    0.00   17.25 v _7431_/B1 (sky130_fd_sc_hd__a221oi_1)
     2    0.01    1.16    1.23   18.48 ^ _7431_/Y (sky130_fd_sc_hd__a221oi_1)
                                         _2800_ (net)
                  1.16    0.00   18.48 ^ _7434_/A3 (sky130_fd_sc_hd__o31ai_1)
     1    0.00    0.13    0.58   19.06 v _7434_/Y (sky130_fd_sc_hd__o31ai_1)
                                         _2803_ (net)
                  0.13    0.00   19.06 v rebuffer26/A (sky130_fd_sc_hd__buf_2)
     2    0.01    0.07    0.46   19.52 v rebuffer26/X (sky130_fd_sc_hd__buf_2)
                                         net175 (net)
                  0.07    0.00   19.52 v _7435_/A2 (sky130_fd_sc_hd__a21oi_1)
     1    0.00    0.33    0.45   19.98 ^ _7435_/Y (sky130_fd_sc_hd__a21oi_1)
                                         _2804_ (net)
                  0.33    0.00   19.98 ^ _7436_/B1 (sky130_fd_sc_hd__o21ai_0)
     2    0.00    0.20    0.35   20.32 v _7436_/Y (sky130_fd_sc_hd__o21ai_0)
                                         _2805_ (net)
                  0.20    0.00   20.32 v _7437_/B2 (sky130_fd_sc_hd__a221oi_1)
     1    0.00    0.71    1.03   21.35 ^ _7437_/Y (sky130_fd_sc_hd__a221oi_1)
                                         _2806_ (net)
                  0.71    0.00   21.35 ^ rebuffer17/A (sky130_fd_sc_hd__buf_2)
     2    0.01    0.20    0.69   22.04 ^ rebuffer17/X (sky130_fd_sc_hd__buf_2)
                                         net166 (net)
                  0.20    0.00   22.04 ^ _7440_/A3 (sky130_fd_sc_hd__o31ai_1)
     1    0.00    0.10    0.18   22.22 v _7440_/Y (sky130_fd_sc_hd__o31ai_1)
                                         _2809_ (net)
                  0.10    0.00   22.22 v rebuffer25/A (sky130_fd_sc_hd__buf_2)
     2    0.01    0.08    0.44   22.66 v rebuffer25/X (sky130_fd_sc_hd__buf_2)
                                         net174 (net)
                  0.08    0.00   22.66 v _7441_/B2 (sky130_fd_sc_hd__a221oi_1)
     1    0.00    0.69    0.94   23.60 ^ _7441_/Y (sky130_fd_sc_hd__a221oi_1)
                                         _2810_ (net)
                  0.69    0.00   23.60 ^ rebuffer51/A (sky130_fd_sc_hd__buf_2)
     2    0.01    0.17    0.65   24.26 ^ rebuffer51/X (sky130_fd_sc_hd__buf_2)
                                         net200 (net)
                  0.17    0.00   24.26 ^ _7442_/C (sky130_fd_sc_hd__nor3_2)
     1    0.00    0.12    0.13   24.39 v _7442_/Y (sky130_fd_sc_hd__nor3_2)
                                         _2811_ (net)
                  0.12    0.00   24.39 v _7443_/C (sky130_fd_sc_hd__nor3_2)
     2    0.01    0.54    0.55   24.94 ^ _7443_/Y (sky130_fd_sc_hd__nor3_2)
                                         _2812_ (net)
                  0.54    0.00   24.94 ^ _7446_/A3 (sky130_fd_sc_hd__o31ai_1)
     1    0.00    0.10    0.33   25.27 v _7446_/Y (sky130_fd_sc_hd__o31ai_1)
                                         _2815_ (net)
                  0.10    0.00   25.27 v rebuffer49/A (sky130_fd_sc_hd__buf_2)
     2    0.01    0.07    0.44   25.71 v rebuffer49/X (sky130_fd_sc_hd__buf_2)
                                         net198 (net)
                  0.07    0.00   25.71 v rebuffer48/A (sky130_fd_sc_hd__buf_2)
     1    0.00    0.06    0.40   26.11 v rebuffer48/X (sky130_fd_sc_hd__buf_2)
                                         net197 (net)
                  0.06    0.00   26.11 v rebuffer47/A (sky130_fd_sc_hd__buf_2)
     1    0.00    0.06    0.39   26.50 v rebuffer47/X (sky130_fd_sc_hd__buf_2)
                                         net196 (net)
                  0.06    0.00   26.50 v rebuffer46/A (sky130_fd_sc_hd__buf_2)
     1    0.00    0.06    0.39   26.89 v rebuffer46/X (sky130_fd_sc_hd__buf_2)
                                         net195 (net)
                  0.06    0.00   26.89 v rebuffer45/A (sky130_fd_sc_hd__buf_2)
     1    0.00    0.06    0.39   27.28 v rebuffer45/X (sky130_fd_sc_hd__buf_2)
                                         net194 (net)
                  0.06    0.00   27.28 v rebuffer44/A (sky130_fd_sc_hd__buf_2)
     1    0.00    0.06    0.39   27.67 v rebuffer44/X (sky130_fd_sc_hd__buf_2)
                                         net193 (net)
                  0.06    0.00   27.67 v rebuffer43/A (sky130_fd_sc_hd__buf_2)
     1    0.00    0.06    0.40   28.07 v rebuffer43/X (sky130_fd_sc_hd__buf_2)
                                         net192 (net)
                  0.06    0.00   28.07 v rebuffer42/A (sky130_fd_sc_hd__buf_2)
     1    0.00    0.06    0.40   28.47 v rebuffer42/X (sky130_fd_sc_hd__buf_2)
                                         net191 (net)
                  0.06    0.00   28.47 v rebuffer41/A (sky130_fd_sc_hd__buf_2)
     1    0.00    0.06    0.39   28.86 v rebuffer41/X (sky130_fd_sc_hd__buf_2)
                                         net190 (net)
                  0.06    0.00   28.86 v rebuffer40/A (sky130_fd_sc_hd__buf_2)
     1    0.00    0.06    0.39   29.25 v rebuffer40/X (sky130_fd_sc_hd__buf_2)
                                         net189 (net)
                  0.06    0.00   29.25 v rebuffer39/A (sky130_fd_sc_hd__buf_2)
     1    0.00    0.06    0.39   29.64 v rebuffer39/X (sky130_fd_sc_hd__buf_2)
                                         net188 (net)
                  0.06    0.00   29.64 v rebuffer38/A (sky130_fd_sc_hd__buf_2)
     1    0.00    0.06    0.39   30.03 v rebuffer38/X (sky130_fd_sc_hd__buf_2)
                                         net187 (net)
                  0.06    0.00   30.03 v rebuffer37/A (sky130_fd_sc_hd__buf_2)
     1    0.00    0.06    0.39   30.42 v rebuffer37/X (sky130_fd_sc_hd__buf_2)
                                         net186 (net)
                  0.06    0.00   30.42 v rebuffer36/A (sky130_fd_sc_hd__buf_2)
     1    0.00    0.06    0.39   30.81 v rebuffer36/X (sky130_fd_sc_hd__buf_2)
                                         net185 (net)
                  0.06    0.00   30.81 v rebuffer35/A (sky130_fd_sc_hd__buf_2)
     1    0.00    0.06    0.39   31.20 v rebuffer35/X (sky130_fd_sc_hd__buf_2)
                                         net184 (net)
                  0.06    0.00   31.20 v rebuffer34/A (sky130_fd_sc_hd__buf_2)
     1    0.00    0.06    0.39   31.59 v rebuffer34/X (sky130_fd_sc_hd__buf_2)
                                         net183 (net)
                  0.06    0.00   31.59 v rebuffer33/A (sky130_fd_sc_hd__buf_2)
     1    0.00    0.06    0.39   31.98 v rebuffer33/X (sky130_fd_sc_hd__buf_2)
                                         net182 (net)
                  0.06    0.00   31.98 v rebuffer32/A (sky130_fd_sc_hd__buf_2)
     1    0.00    0.07    0.41   32.38 v rebuffer32/X (sky130_fd_sc_hd__buf_2)
                                         net181 (net)
                  0.07    0.00   32.39 v _9026_/A2 (sky130_fd_sc_hd__a21oi_2)
     2    0.00    0.37    0.52   32.90 ^ _9026_/Y (sky130_fd_sc_hd__a21oi_2)
                                         _3991_ (net)
                  0.37    0.00   32.91 ^ _9027_/A2 (sky130_fd_sc_hd__a21oi_1)
     1    0.00    0.19    0.27   33.17 v _9027_/Y (sky130_fd_sc_hd__a21oi_1)
                                         _3992_ (net)
                  0.19    0.00   33.17 v _9028_/B1 (sky130_fd_sc_hd__o21ai_0)
     1    0.00    0.50    0.29   33.47 ^ _9028_/Y (sky130_fd_sc_hd__o21ai_0)
                                         _3993_ (net)
                  0.50    0.00   33.47 ^ _9030_/B1 (sky130_fd_sc_hd__o211ai_1)
     1    0.00    0.18    0.41   33.88 v _9030_/Y (sky130_fd_sc_hd__o211ai_1)
                                         rv32_soc/alu_out[24] (net)
                  0.18    0.00   33.88 v rv32_soc/alu_out_q[24]$_DFF_P_/D (sky130_fd_sc_hd__dfxtp_2)
                                 33.88   data arrival time

                         25.00   25.00   clock clk0 (rise edge)
                          8.87   33.87   clock network delay (propagated)
                          0.00   33.87   clock reconvergence pessimism
                                 33.87 ^ rv32_soc/alu_out_q[24]$_DFF_P_/CLK (sky130_fd_sc_hd__dfxtp_2)
                         -0.78   33.09   library setup time
                                 33.09   data required time
-----------------------------------------------------------------------------
                                 33.09   data required time
                                -33.88   data arrival time
-----------------------------------------------------------------------------
                                 -0.79   slack (VIOLATED)


Startpoint: _9509_ (rising edge-triggered flip-flop clocked by clk0)
Endpoint: pcpi_rs2[18]$_DFFE_PP_
          (rising edge-triggered flip-flop clocked by clk0)
Path Group: clk0
Path Type: max
Corner: slow

Fanout     Cap    Slew   Delay    Time   Description
-----------------------------------------------------------------------------
                          0.00    0.00   clock clk0 (rise edge)
                          8.97    8.97   clock network delay (propagated)
                  0.30    0.00    8.97 ^ _9509_/CLK (sky130_fd_sc_hd__dfxtp_1)
    10    0.06    1.92    2.66   11.63 ^ _9509_/Q (sky130_fd_sc_hd__dfxtp_1)
                                         _0000_ (net)
                  1.92    0.01   11.64 ^ load_slew1761/A (sky130_fd_sc_hd__buf_1)
    14    0.09    3.97    3.84   15.48 ^ load_slew1761/X (sky130_fd_sc_hd__buf_1)
                                         net1761 (net)
                  3.97    0.01   15.50 ^ load_slew1760/A (sky130_fd_sc_hd__buf_1)
    13    0.08    3.47    4.13   19.63 ^ load_slew1760/X (sky130_fd_sc_hd__buf_1)
                                         net1760 (net)
                  3.47    0.02   19.64 ^ load_slew1753/A (sky130_fd_sc_hd__clkdlybuf4s15_2)
    14    0.09    1.89    3.33   22.97 ^ load_slew1753/X (sky130_fd_sc_hd__clkdlybuf4s15_2)
                                         net1753 (net)
                  1.89    0.01   22.98 ^ load_slew1752/A (sky130_fd_sc_hd__buf_12)
     9    0.06    0.31    1.20   24.18 ^ load_slew1752/X (sky130_fd_sc_hd__buf_12)
                                         net1752 (net)
                  0.32    0.01   24.18 ^ load_slew1751/A (sky130_fd_sc_hd__buf_16)
    13    0.09    0.36    0.58   24.76 ^ load_slew1751/X (sky130_fd_sc_hd__buf_16)
                                         net1751 (net)
                  0.37    0.02   24.79 ^ load_slew1750/A (sky130_fd_sc_hd__buf_16)
    14    0.09    0.38    0.62   25.41 ^ load_slew1750/X (sky130_fd_sc_hd__buf_16)
                                         net1750 (net)
                  0.38    0.02   25.43 ^ load_slew1749/A (sky130_fd_sc_hd__buf_16)
    14    0.09    0.39    0.64   26.07 ^ load_slew1749/X (sky130_fd_sc_hd__buf_16)
                                         net1749 (net)
                  0.39    0.01   26.08 ^ load_slew1748/A (sky130_fd_sc_hd__buf_16)
    13    0.08    0.34    0.60   26.68 ^ load_slew1748/X (sky130_fd_sc_hd__buf_16)
                                         net1748 (net)
                  0.34    0.01   26.69 ^ _7149_/S0 (sky130_fd_sc_hd__mux4_2)
     1    0.00    0.27    2.62   29.31 v _7149_/X (sky130_fd_sc_hd__mux4_2)
                                         _2538_ (net)
                  0.27    0.00   29.31 v _7153_/A0 (sky130_fd_sc_hd__mux4_2)
     1    0.02    0.36    2.80   32.11 v _7153_/X (sky130_fd_sc_hd__mux4_2)
                                         _2542_ (net)
                  0.36    0.00   32.11 v _7154_/A2 (sky130_fd_sc_hd__o21ai_0)
     1    0.00    0.37    0.61   32.73 ^ _7154_/Y (sky130_fd_sc_hd__o21ai_0)
                                         _2543_ (net)
                  0.37    0.00   32.73 ^ _7156_/A2 (sky130_fd_sc_hd__o21ai_0)
     1    0.01    0.30    0.45   33.17 v _7156_/Y (sky130_fd_sc_hd__o21ai_0)
                                         _0084_ (net)
                  0.30    0.00   33.17 v pcpi_rs2[18]$_DFFE_PP_/D (sky130_fd_sc_hd__edfxtp_1)
                                 33.17   data arrival time

                         25.00   25.00   clock clk0 (rise edge)
                          8.87   33.87   clock network delay (propagated)
                          0.00   33.87   clock reconvergence pessimism
                                 33.87 ^ pcpi_rs2[18]$_DFFE_PP_/CLK (sky130_fd_sc_hd__edfxtp_1)
                         -1.40   32.47   library setup time
                                 32.47   data required time
-----------------------------------------------------------------------------
                                 32.47   data required time
                                -33.17   data arrival time
-----------------------------------------------------------------------------
                                 -0.71   slack (VIOLATED)


Startpoint: pcpi_rs1[0]$_DFFE_PP_
            (rising edge-triggered flip-flop clocked by clk0)
Endpoint: rv32_soc/decoder_trigger$_DFF_P_
          (rising edge-triggered flip-flop clocked by clk0)
Path Group: clk0
Path Type: max
Corner: slow

Fanout     Cap    Slew   Delay    Time   Description
-----------------------------------------------------------------------------
                          0.00    0.00   clock clk0 (rise edge)
                          8.95    8.95   clock network delay (propagated)
                  0.29    0.00    8.95 ^ pcpi_rs1[0]$_DFFE_PP_/CLK (sky130_fd_sc_hd__edfxtp_1)
     7    0.06    1.93    2.47   11.43 ^ pcpi_rs1[0]$_DFFE_PP_/Q (sky130_fd_sc_hd__edfxtp_1)
                                         pcpi_rs1[0] (net)
                  1.93    0.01   11.43 ^ _4861_/A (sky130_fd_sc_hd__inv_8)
     4    0.02    0.24    0.68   12.12 v _4861_/Y (sky130_fd_sc_hd__inv_8)
                                         _4393_ (net)
                  0.24    0.00   12.12 v _9374_/B (sky130_fd_sc_hd__ha_4)
     2    0.01    0.09    0.73   12.85 v _9374_/COUT (sky130_fd_sc_hd__ha_4)
                                         _4248_ (net)
                  0.09    0.00   12.85 v _9303_/CIN (sky130_fd_sc_hd__fa_2)
     2    0.01    0.25    1.74   14.59 v _9303_/COUT (sky130_fd_sc_hd__fa_2)
                                         _4249_ (net)
                  0.25    0.00   14.59 v _7420_/B (sky130_fd_sc_hd__nor3_2)
     1    0.00    0.51    0.75   15.34 ^ _7420_/Y (sky130_fd_sc_hd__nor3_2)
                                         _2789_ (net)
                  0.51    0.00   15.34 ^ _7422_/B (sky130_fd_sc_hd__nor3_2)
     2    0.01    0.10    0.31   15.65 v _7422_/Y (sky130_fd_sc_hd__nor3_2)
                                         _2791_ (net)
                  0.10    0.00   15.65 v _7423_/C (sky130_fd_sc_hd__nor3_2)
     1    0.00    0.53    0.54   16.19 ^ _7423_/Y (sky130_fd_sc_hd__nor3_2)
                                         _2792_ (net)
                  0.53    0.00   16.19 ^ _7425_/B (sky130_fd_sc_hd__nor3_2)
     2    0.01    0.09    0.30   16.49 v _7425_/Y (sky130_fd_sc_hd__nor3_2)
                                         _2794_ (net)
                  0.09    0.00   16.49 v _7426_/B (sky130_fd_sc_hd__nor2_1)
     1    0.00    0.37    0.40   16.89 ^ _7426_/Y (sky130_fd_sc_hd__nor2_1)
                                         _2795_ (net)
                  0.37    0.00   16.89 ^ _7427_/B (sky130_fd_sc_hd__nor2_1)
     1    0.00    0.08    0.25   17.14 v _7427_/Y (sky130_fd_sc_hd__nor2_1)
                                         _2796_ (net)
                  0.08    0.00   17.14 v _7428_/A2 (sky130_fd_sc_hd__o21bai_2)
     2    0.01    0.40    0.48   17.62 ^ _7428_/Y (sky130_fd_sc_hd__o21bai_2)
                                         _2797_ (net)
                  0.40    0.00   17.62 ^ _7431_/B1 (sky130_fd_sc_hd__a221oi_1)
     2    0.01    0.17    0.35   17.97 v _7431_/Y (sky130_fd_sc_hd__a221oi_1)
                                         _2800_ (net)
                  0.17    0.00   17.97 v _7434_/A3 (sky130_fd_sc_hd__o31ai_1)
     1    0.00    0.67    0.84   18.81 ^ _7434_/Y (sky130_fd_sc_hd__o31ai_1)
                                         _2803_ (net)
                  0.67    0.00   18.82 ^ rebuffer26/A (sky130_fd_sc_hd__buf_2)
     2    0.01    0.13    0.61   19.43 ^ rebuffer26/X (sky130_fd_sc_hd__buf_2)
                                         net175 (net)
                  0.13    0.00   19.43 ^ _7435_/A2 (sky130_fd_sc_hd__a21oi_1)
     1    0.00    0.10    0.15   19.58 v _7435_/Y (sky130_fd_sc_hd__a21oi_1)
                                         _2804_ (net)
                  0.10    0.00   19.58 v _7436_/B1 (sky130_fd_sc_hd__o21ai_0)
     2    0.01    0.78    0.33   19.91 ^ _7436_/Y (sky130_fd_sc_hd__o21ai_0)
                                         _2805_ (net)
                  0.78    0.00   19.91 ^ _7437_/B2 (sky130_fd_sc_hd__a221oi_1)
     1    0.00    0.14    0.47   20.38 v _7437_/Y (sky130_fd_sc_hd__a221oi_1)
                                         _2806_ (net)
                  0.14    0.00   20.38 v rebuffer17/A (sky130_fd_sc_hd__buf_2)
     2    0.01    0.09    0.48   20.86 v rebuffer17/X (sky130_fd_sc_hd__buf_2)
                                         net166 (net)
                  0.09    0.00   20.86 v _7440_/A3 (sky130_fd_sc_hd__o31ai_1)
     1    0.00    0.65    0.78   21.65 ^ _7440_/Y (sky130_fd_sc_hd__o31ai_1)
                                         _2809_ (net)
                  0.65    0.00   21.65 ^ rebuffer25/A (sky130_fd_sc_hd__buf_2)
     2    0.01    0.14    0.61   22.26 ^ rebuffer25/X (sky130_fd_sc_hd__buf_2)
                                         net174 (net)
                  0.14    0.00   22.26 ^ _7441_/B2 (sky130_fd_sc_hd__a221oi_1)
     1    0.00    0.12    0.17   22.43 v _7441_/Y (sky130_fd_sc_hd__a221oi_1)
                                         _2810_ (net)
                  0.12    0.00   22.43 v rebuffer51/A (sky130_fd_sc_hd__buf_2)
     2    0.01    0.08    0.46   22.89 v rebuffer51/X (sky130_fd_sc_hd__buf_2)
                                         net200 (net)
                  0.08    0.00   22.89 v _7442_/C (sky130_fd_sc_hd__nor3_2)
     1    0.00    0.51    0.51   23.40 ^ _7442_/Y (sky130_fd_sc_hd__nor3_2)
                                         _2811_ (net)
                  0.51    0.00   23.40 ^ _7443_/C (sky130_fd_sc_hd__nor3_2)
     2    0.00    0.09    0.28   23.68 v _7443_/Y (sky130_fd_sc_hd__nor3_2)
                                         _2812_ (net)
                  0.09    0.00   23.68 v _7446_/A3 (sky130_fd_sc_hd__o31ai_1)
     1    0.00    0.66    0.78   24.47 ^ _7446_/Y (sky130_fd_sc_hd__o31ai_1)
                                         _2815_ (net)
                  0.66    0.00   24.47 ^ rebuffer49/A (sky130_fd_sc_hd__buf_2)
     2    0.01    0.13    0.61   25.08 ^ rebuffer49/X (sky130_fd_sc_hd__buf_2)
                                         net198 (net)
                  0.13    0.00   25.08 ^ _7448_/B1 (sky130_fd_sc_hd__a221o_1)
     2    0.01    0.25    0.47   25.54 ^ _7448_/X (sky130_fd_sc_hd__a221o_1)
                                         _2817_ (net)
                  0.25    0.00   25.54 ^ _7449_/B2 (sky130_fd_sc_hd__a221oi_1)
     1    0.00    0.11    0.23   25.78 v _7449_/Y (sky130_fd_sc_hd__a221oi_1)
                                         _2818_ (net)
                  0.11    0.00   25.78 v rebuffer24/A (sky130_fd_sc_hd__buf_4)
     3    0.01    0.08    0.52   26.30 v rebuffer24/X (sky130_fd_sc_hd__buf_4)
                                         net173 (net)
                  0.08    0.00   26.30 v _7454_/A2 (sky130_fd_sc_hd__o21ai_0)
     1    0.00    0.42    0.49   26.79 ^ _7454_/Y (sky130_fd_sc_hd__o21ai_0)
                                         _2823_ (net)
                  0.42    0.00   26.79 ^ _7456_/A2 (sky130_fd_sc_hd__o21ai_0)
     2    0.00    0.13    0.34   27.13 v _7456_/Y (sky130_fd_sc_hd__o21ai_0)
                                         _2825_ (net)
                  0.13    0.00   27.13 v _7472_/A2 (sky130_fd_sc_hd__o21ai_0)
     1    0.03    3.27    2.71   29.84 ^ _7472_/Y (sky130_fd_sc_hd__o21ai_0)
                                         _2841_ (net)
                  3.27    0.00   29.85 ^ _7473_/S (sky130_fd_sc_hd__mux2i_1)
     1    0.01    0.42    1.61   31.46 v _7473_/Y (sky130_fd_sc_hd__mux2i_1)
                                         _2842_ (net)
                  0.42    0.00   31.46 v _7474_/B (sky130_fd_sc_hd__nand2_4)
     3    0.01    0.20    0.47   31.93 ^ _7474_/Y (sky130_fd_sc_hd__nand2_4)
                                         _2843_ (net)
                  0.20    0.00   31.93 ^ _7475_/B (sky130_fd_sc_hd__nand2_1)
     2    0.01    0.24    0.22   32.15 v _7475_/Y (sky130_fd_sc_hd__nand2_1)
                                         _2844_ (net)
                  0.24    0.00   32.15 v _7477_/A3 (sky130_fd_sc_hd__a311o_1)
     1    0.00    0.13    1.62   33.77 v _7477_/X (sky130_fd_sc_hd__a311o_1)
                                         _0039_ (net)
                  0.13    0.00   33.77 v rv32_soc/decoder_trigger$_DFF_P_/D (sky130_fd_sc_hd__dfxtp_1)
                                 33.77   data arrival time

                         25.00   25.00   clock clk0 (rise edge)
                          8.96   33.96   clock network delay (propagated)
                          0.00   33.96   clock reconvergence pessimism
                                 33.96 ^ rv32_soc/decoder_trigger$_DFF_P_/CLK (sky130_fd_sc_hd__dfxtp_1)
                         -0.72   33.24   library setup time
                                 33.24   data required time
-----------------------------------------------------------------------------
                                 33.24   data required time
                                -33.77   data arrival time
-----------------------------------------------------------------------------
                                 -0.53   slack (VIOLATED)


Startpoint: pcpi_rs1[0]$_DFFE_PP_
            (rising edge-triggered flip-flop clocked by clk0)
Endpoint: rv32_soc/latched_store$_SDFFE_PN0P_
          (rising edge-triggered flip-flop clocked by clk0)
Path Group: clk0
Path Type: max
Corner: slow

Fanout     Cap    Slew   Delay    Time   Description
-----------------------------------------------------------------------------
                          0.00    0.00   clock clk0 (rise edge)
                          8.95    8.95   clock network delay (propagated)
                  0.29    0.00    8.95 ^ pcpi_rs1[0]$_DFFE_PP_/CLK (sky130_fd_sc_hd__edfxtp_1)
     7    0.06    1.93    2.47   11.43 ^ pcpi_rs1[0]$_DFFE_PP_/Q (sky130_fd_sc_hd__edfxtp_1)
                                         pcpi_rs1[0] (net)
                  1.93    0.01   11.43 ^ _4861_/A (sky130_fd_sc_hd__inv_8)
     4    0.02    0.24    0.68   12.12 v _4861_/Y (sky130_fd_sc_hd__inv_8)
                                         _4393_ (net)
                  0.24    0.00   12.12 v _9374_/B (sky130_fd_sc_hd__ha_4)
     2    0.01    0.09    0.73   12.85 v _9374_/COUT (sky130_fd_sc_hd__ha_4)
                                         _4248_ (net)
                  0.09    0.00   12.85 v _9303_/CIN (sky130_fd_sc_hd__fa_2)
     2    0.01    0.25    1.74   14.59 v _9303_/COUT (sky130_fd_sc_hd__fa_2)
                                         _4249_ (net)
                  0.25    0.00   14.59 v _7420_/B (sky130_fd_sc_hd__nor3_2)
     1    0.00    0.51    0.75   15.34 ^ _7420_/Y (sky130_fd_sc_hd__nor3_2)
                                         _2789_ (net)
                  0.51    0.00   15.34 ^ _7422_/B (sky130_fd_sc_hd__nor3_2)
     2    0.01    0.10    0.31   15.65 v _7422_/Y (sky130_fd_sc_hd__nor3_2)
                                         _2791_ (net)
                  0.10    0.00   15.65 v _7423_/C (sky130_fd_sc_hd__nor3_2)
     1    0.00    0.53    0.54   16.19 ^ _7423_/Y (sky130_fd_sc_hd__nor3_2)
                                         _2792_ (net)
                  0.53    0.00   16.19 ^ _7425_/B (sky130_fd_sc_hd__nor3_2)
     2    0.01    0.09    0.30   16.49 v _7425_/Y (sky130_fd_sc_hd__nor3_2)
                                         _2794_ (net)
                  0.09    0.00   16.49 v _7426_/B (sky130_fd_sc_hd__nor2_1)
     1    0.00    0.37    0.40   16.89 ^ _7426_/Y (sky130_fd_sc_hd__nor2_1)
                                         _2795_ (net)
                  0.37    0.00   16.89 ^ _7427_/B (sky130_fd_sc_hd__nor2_1)
     1    0.00    0.08    0.25   17.14 v _7427_/Y (sky130_fd_sc_hd__nor2_1)
                                         _2796_ (net)
                  0.08    0.00   17.14 v _7428_/A2 (sky130_fd_sc_hd__o21bai_2)
     2    0.01    0.40    0.48   17.62 ^ _7428_/Y (sky130_fd_sc_hd__o21bai_2)
                                         _2797_ (net)
                  0.40    0.00   17.62 ^ _7431_/B1 (sky130_fd_sc_hd__a221oi_1)
     2    0.01    0.17    0.35   17.97 v _7431_/Y (sky130_fd_sc_hd__a221oi_1)
                                         _2800_ (net)
                  0.17    0.00   17.97 v _7434_/A3 (sky130_fd_sc_hd__o31ai_1)
     1    0.00    0.67    0.84   18.81 ^ _7434_/Y (sky130_fd_sc_hd__o31ai_1)
                                         _2803_ (net)
                  0.67    0.00   18.82 ^ rebuffer26/A (sky130_fd_sc_hd__buf_2)
     2    0.01    0.13    0.61   19.43 ^ rebuffer26/X (sky130_fd_sc_hd__buf_2)
                                         net175 (net)
                  0.13    0.00   19.43 ^ _7435_/A2 (sky130_fd_sc_hd__a21oi_1)
     1    0.00    0.10    0.15   19.58 v _7435_/Y (sky130_fd_sc_hd__a21oi_1)
                                         _2804_ (net)
                  0.10    0.00   19.58 v _7436_/B1 (sky130_fd_sc_hd__o21ai_0)
     2    0.01    0.78    0.33   19.91 ^ _7436_/Y (sky130_fd_sc_hd__o21ai_0)
                                         _2805_ (net)
                  0.78    0.00   19.91 ^ _7437_/B2 (sky130_fd_sc_hd__a221oi_1)
     1    0.00    0.14    0.47   20.38 v _7437_/Y (sky130_fd_sc_hd__a221oi_1)
                                         _2806_ (net)
                  0.14    0.00   20.38 v rebuffer17/A (sky130_fd_sc_hd__buf_2)
     2    0.01    0.09    0.48   20.86 v rebuffer17/X (sky130_fd_sc_hd__buf_2)
                                         net166 (net)
                  0.09    0.00   20.86 v _7440_/A3 (sky130_fd_sc_hd__o31ai_1)
     1    0.00    0.65    0.78   21.65 ^ _7440_/Y (sky130_fd_sc_hd__o31ai_1)
                                         _2809_ (net)
                  0.65    0.00   21.65 ^ rebuffer25/A (sky130_fd_sc_hd__buf_2)
     2    0.01    0.14    0.61   22.26 ^ rebuffer25/X (sky130_fd_sc_hd__buf_2)
                                         net174 (net)
                  0.14    0.00   22.26 ^ _7441_/B2 (sky130_fd_sc_hd__a221oi_1)
     1    0.00    0.12    0.17   22.43 v _7441_/Y (sky130_fd_sc_hd__a221oi_1)
                                         _2810_ (net)
                  0.12    0.00   22.43 v rebuffer51/A (sky130_fd_sc_hd__buf_2)
     2    0.01    0.08    0.46   22.89 v rebuffer51/X (sky130_fd_sc_hd__buf_2)
                                         net200 (net)
                  0.08    0.00   22.89 v _7442_/C (sky130_fd_sc_hd__nor3_2)
     1    0.00    0.51    0.51   23.40 ^ _7442_/Y (sky130_fd_sc_hd__nor3_2)
                                         _2811_ (net)
                  0.51    0.00   23.40 ^ _7443_/C (sky130_fd_sc_hd__nor3_2)
     2    0.00    0.09    0.28   23.68 v _7443_/Y (sky130_fd_sc_hd__nor3_2)
                                         _2812_ (net)
                  0.09    0.00   23.68 v _7446_/A3 (sky130_fd_sc_hd__o31ai_1)
     1    0.00    0.66    0.78   24.47 ^ _7446_/Y (sky130_fd_sc_hd__o31ai_1)
                                         _2815_ (net)
                  0.66    0.00   24.47 ^ rebuffer49/A (sky130_fd_sc_hd__buf_2)
     2    0.01    0.13    0.61   25.08 ^ rebuffer49/X (sky130_fd_sc_hd__buf_2)
                                         net198 (net)
                  0.13    0.00   25.08 ^ _7448_/B1 (sky130_fd_sc_hd__a221o_1)
     2    0.01    0.25    0.47   25.54 ^ _7448_/X (sky130_fd_sc_hd__a221o_1)
                                         _2817_ (net)
                  0.25    0.00   25.54 ^ _7449_/B2 (sky130_fd_sc_hd__a221oi_1)
     1    0.00    0.11    0.23   25.78 v _7449_/Y (sky130_fd_sc_hd__a221oi_1)
                                         _2818_ (net)
                  0.11    0.00   25.78 v rebuffer24/A (sky130_fd_sc_hd__buf_4)
     3    0.01    0.08    0.52   26.30 v rebuffer24/X (sky130_fd_sc_hd__buf_4)
                                         net173 (net)
                  0.08    0.00   26.30 v _7454_/A2 (sky130_fd_sc_hd__o21ai_0)
     1    0.00    0.42    0.49   26.79 ^ _7454_/Y (sky130_fd_sc_hd__o21ai_0)
                                         _2823_ (net)
                  0.42    0.00   26.79 ^ _7456_/A2 (sky130_fd_sc_hd__o21ai_0)
     2    0.00    0.13    0.34   27.13 v _7456_/Y (sky130_fd_sc_hd__o21ai_0)
                                         _2825_ (net)
                  0.13    0.00   27.13 v _7472_/A2 (sky130_fd_sc_hd__o21ai_0)
     1    0.03    3.27    2.71   29.84 ^ _7472_/Y (sky130_fd_sc_hd__o21ai_0)
                                         _2841_ (net)
                  3.27    0.00   29.85 ^ _7473_/S (sky130_fd_sc_hd__mux2i_1)
     1    0.01    1.02    2.38   32.22 ^ _7473_/Y (sky130_fd_sc_hd__mux2i_1)
                                         _2842_ (net)
                  1.02    0.00   32.22 ^ _7474_/B (sky130_fd_sc_hd__nand2_4)
     3    0.01    0.13    0.52   32.75 v _7474_/Y (sky130_fd_sc_hd__nand2_4)
                                         _2843_ (net)
                  0.13    0.00   32.75 v _8523_/A2 (sky130_fd_sc_hd__a21oi_2)
     2    0.00    0.36    0.55   33.30 ^ _8523_/Y (sky130_fd_sc_hd__a21oi_2)
                                         _3618_ (net)
                  0.36    0.00   33.30 ^ _8527_/A3 (sky130_fd_sc_hd__a41oi_1)
     1    0.00    0.16    0.36   33.66 v _8527_/Y (sky130_fd_sc_hd__a41oi_1)
                                         _0340_ (net)
                  0.16    0.00   33.66 v rv32_soc/latched_store$_SDFFE_PN0P_/D (sky130_fd_sc_hd__dfxtp_1)
                                 33.66   data arrival time

                         25.00   25.00   clock clk0 (rise edge)
                          8.96   33.96   clock network delay (propagated)
                          0.00   33.96   clock reconvergence pessimism
                                 33.96 ^ rv32_soc/latched_store$_SDFFE_PN0P_/CLK (sky130_fd_sc_hd__dfxtp_1)
                         -0.74   33.22   library setup time
                                 33.22   data required time
-----------------------------------------------------------------------------
                                 33.22   data required time
                                -33.66   data arrival time
-----------------------------------------------------------------------------
                                 -0.44   slack (VIOLATED)


