| INFO     | job0 | place.detailed       | 0 | Tool 'openroad' found with version 'v2.0-20575' in directory '/sc_tools/bin'
| INFO     | job0 | place.detailed       | 0 | Running in /nfs/sc_compute/builds/03ceb3a4f0e94730a95a08d439e9c2e9/picorv32/job0/place.detailed/0
| INFO     | job0 | place.detailed       | 0 | openroad -no_init -metrics reports/metrics.json -exit /venv/lib/python3.10/site-packages/siliconcompiler/tools/openroad/scripts/apr/sc_detailed_placement.tcl
| INFO     | job0 | place.detailed       | 0 | OpenROAD v2.0-20575-ge78e29127
| INFO     | job0 | place.detailed       | 0 | Features included (+) or not (-): +GPU +GUI +Python
| INFO     | job0 | place.detailed       | 0 | This program is licensed under the BSD-3 license. See the LICENSE file for details.
| INFO     | job0 | place.detailed       | 0 | Components of this program may be licensed under more restrictive licenses which must be honored.
| INFO     | job0 | place.detailed       | 0 | ##############################
| INFO     | job0 | place.detailed       | 0 | # Schema Adapter
| INFO     | job0 | place.detailed       | 0 | ###############################
| INFO     | job0 | place.detailed       | 0 | set sc_step [sc_cfg_get arg step]
| INFO     | job0 | place.detailed       | 0 | set sc_index [sc_cfg_get arg index]
| INFO     | job0 | place.detailed       | 0 | set sc_flow [sc_cfg_get option flow]
| INFO     | job0 | place.detailed       | 0 | set sc_tool [sc_cfg_get flowgraph $sc_flow $sc_step $sc_index tool]
| INFO     | job0 | place.detailed       | 0 | set sc_task [sc_cfg_get flowgraph $sc_flow $sc_step $sc_index task]
| INFO     | job0 | place.detailed       | 0 | set sc_refdir [sc_cfg_tool_task_get refdir]
| INFO     | job0 | place.detailed       | 0 | ##############################
| INFO     | job0 | place.detailed       | 0 | # Setup debugging
| INFO     | job0 | place.detailed       | 0 | ###############################
| INFO     | job0 | place.detailed       | 0 | source -echo "$sc_refdir/common/debugging.tcl"
| INFO     | job0 | place.detailed       | 0 | ###############################
| INFO     | job0 | place.detailed       | 0 | # Setup debugging if requested
| INFO     | job0 | place.detailed       | 0 | ###############################
| INFO     | job0 | place.detailed       | 0 | if { [llength [sc_cfg_tool_task_get {var} debug_level]] > 0 } {
| INFO     | job0 | place.detailed       | 0 |     foreach debug [sc_cfg_tool_task_get {var} debug_level] {
| INFO     | job0 | place.detailed       | 0 |         lassign [split $debug " "] debug_tool debug_category debug_level
| INFO     | job0 | place.detailed       | 0 |         utl::info FLW 1 "Setting debugging for $debug_tool/$debug_category/$debug_level"
| INFO     | job0 | place.detailed       | 0 |         set_debug_level $debug_tool $debug_category $debug_level
| INFO     | job0 | place.detailed       | 0 |     }
| INFO     | job0 | place.detailed       | 0 | }
| INFO     | job0 | place.detailed       | 0 | ###############################
| INFO     | job0 | place.detailed       | 0 | # Suppress messages if requested
| INFO     | job0 | place.detailed       | 0 | ###############################
| INFO     | job0 | place.detailed       | 0 | foreach msg [sc_cfg_tool_task_get warningoff] {
| INFO     | job0 | place.detailed       | 0 |     set or_msg [split $msg "-"]
| INFO     | job0 | place.detailed       | 0 |     if { [llength $or_msg] != 2 } {
| INFO     | job0 | place.detailed       | 0 |         utl::warn FLW 1 "$msg is not a valid message id"
| INFO     | job0 | place.detailed       | 0 |     } else {
| INFO     | job0 | place.detailed       | 0 |         set or_tool [lindex $or_msg 0]
| INFO     | job0 | place.detailed       | 0 |         set or_msg_id [expr { int([lindex $or_msg 1]) }]
| INFO     | job0 | place.detailed       | 0 |         utl::info FLW 1 "Suppressing $msg messages"
| INFO     | job0 | place.detailed       | 0 |         suppress_message $or_tool $or_msg_id
| INFO     | job0 | place.detailed       | 0 |     }
| INFO     | job0 | place.detailed       | 0 | }
| INFO     | job0 | place.detailed       | 0 | ###############################
| INFO     | job0 | place.detailed       | 0 | # Setup helper functions
| INFO     | job0 | place.detailed       | 0 | ###############################
| INFO     | job0 | place.detailed       | 0 | source "$sc_refdir/common/procs.tcl"
| INFO     | job0 | place.detailed       | 0 | ###############################
| INFO     | job0 | place.detailed       | 0 | # Design information
| INFO     | job0 | place.detailed       | 0 | ###############################
| INFO     | job0 | place.detailed       | 0 | # Design
| INFO     | job0 | place.detailed       | 0 | set sc_design [sc_top]
| INFO     | job0 | place.detailed       | 0 | set sc_optmode [sc_cfg_get option optmode]
| INFO     | job0 | place.detailed       | 0 | set sc_pdk [sc_cfg_get option pdk]
| INFO     | job0 | place.detailed       | 0 | set sc_stackup [sc_cfg_get option stackup]
| INFO     | job0 | place.detailed       | 0 | # APR Parameters
| INFO     | job0 | place.detailed       | 0 | set sc_targetlibs [sc_get_asic_libraries logic]
| INFO     | job0 | place.detailed       | 0 | set sc_mainlib [lindex $sc_targetlibs 0]
| INFO     | job0 | place.detailed       | 0 | set sc_delaymodel [sc_cfg_get asic delaymodel]
| INFO     | job0 | place.detailed       | 0 | # Hard macro libraries
| INFO     | job0 | place.detailed       | 0 | set sc_macrolibs [sc_get_asic_libraries macro]
| INFO     | job0 | place.detailed       | 0 | # Threads
| INFO     | job0 | place.detailed       | 0 | set_thread_count [sc_cfg_tool_task_get threads]
| INFO     | job0 | place.detailed       | 0 | [INFO ORD-0030] Using 2 thread(s).
| INFO     | job0 | place.detailed       | 0 | ###############################
| INFO     | job0 | place.detailed       | 0 | # Read Files
| INFO     | job0 | place.detailed       | 0 | ###############################
| INFO     | job0 | place.detailed       | 0 | source -echo "$sc_refdir/common/read_liberty.tcl"
| INFO     | job0 | place.detailed       | 0 | set sc_scenarios [dict keys [sc_cfg_get constraint timing]]
| INFO     | job0 | place.detailed       | 0 | set sc_delaymodel [sc_cfg_get asic delaymodel]
| INFO     | job0 | place.detailed       | 0 | # Read Liberty
| INFO     | job0 | place.detailed       | 0 | utl::info FLW 1 "Defining timing corners: $sc_scenarios"
| INFO     | job0 | place.detailed       | 0 | [INFO FLW-0001] Defining timing corners: slow fast typical
| INFO     | job0 | place.detailed       | 0 | define_corners {*}$sc_scenarios
| INFO     | job0 | place.detailed       | 0 | foreach lib "$sc_targetlibs $sc_macrolibs" {
| INFO     | job0 | place.detailed       | 0 |     #Liberty
| INFO     | job0 | place.detailed       | 0 |     foreach corner $sc_scenarios {
| INFO     | job0 | place.detailed       | 0 |         foreach libcorner [sc_cfg_get constraint timing $corner libcorner] {
| INFO     | job0 | place.detailed       | 0 |             if { [sc_cfg_exists library $lib output $libcorner $sc_delaymodel] } {
| INFO     | job0 | place.detailed       | 0 |                 foreach lib_file [sc_cfg_get library $lib output $libcorner $sc_delaymodel] {
| INFO     | job0 | place.detailed       | 0 |                     puts "Reading liberty file for ${corner} ($libcorner): ${lib_file}"
| INFO     | job0 | place.detailed       | 0 |                     read_liberty -corner $corner $lib_file
| INFO     | job0 | place.detailed       | 0 |                 }
| INFO     | job0 | place.detailed       | 0 |                 break
| INFO     | job0 | place.detailed       | 0 |             }
| INFO     | job0 | place.detailed       | 0 |         }
| INFO     | job0 | place.detailed       | 0 |     }
| INFO     | job0 | place.detailed       | 0 | }
| INFO     | job0 | place.detailed       | 0 | Reading liberty file for slow (slow): /nfs/sc_compute/cache/lambdapdk-v0.1.50/lambdapdk/sky130/libs/sky130hd/nldm/sky130_fd_sc_hd__ss_n40C_1v40.lib.gz
| INFO     | job0 | place.detailed       | 0 | Reading liberty file for fast (fast): /nfs/sc_compute/cache/lambdapdk-v0.1.50/lambdapdk/sky130/libs/sky130hd/nldm/sky130_fd_sc_hd__ff_100C_1v95.lib.gz
| INFO     | job0 | place.detailed       | 0 | Reading liberty file for typical (typical): /nfs/sc_compute/cache/lambdapdk-v0.1.50/lambdapdk/sky130/libs/sky130hd/nldm/sky130_fd_sc_hd__tt_025C_1v80.lib.gz
| INFO     | job0 | place.detailed       | 0 | source -echo "$sc_refdir/common/read_input_files.tcl"
| INFO     | job0 | place.detailed       | 0 | ###############################
| INFO     | job0 | place.detailed       | 0 | # Read design files
| INFO     | job0 | place.detailed       | 0 | ###############################
| INFO     | job0 | place.detailed       | 0 | if { [sc_has_input_files odb "input layout odb"] } {
| INFO     | job0 | place.detailed       | 0 |     foreach odb_file [sc_get_input_files odb "input layout odb"] {
| INFO     | job0 | place.detailed       | 0 |         puts "Reading ODB: ${odb_file}"
| INFO     | job0 | place.detailed       | 0 |         read_db $odb_file
| INFO     | job0 | place.detailed       | 0 |     }
| INFO     | job0 | place.detailed       | 0 | } else {
| INFO     | job0 | place.detailed       | 0 |     set sc_libtype [sc_cfg_get library $sc_mainlib asic libarch]
| INFO     | job0 | place.detailed       | 0 |     set sc_techlef [sc_cfg_get pdk $sc_pdk aprtech openroad $sc_stackup $sc_libtype lef]
| INFO     | job0 | place.detailed       | 0 |     # Read techlef
| INFO     | job0 | place.detailed       | 0 |     puts "Reading techlef: ${sc_techlef}"
| INFO     | job0 | place.detailed       | 0 |     read_lef $sc_techlef
| INFO     | job0 | place.detailed       | 0 |     # Read Lefs
| INFO     | job0 | place.detailed       | 0 |     foreach lib "$sc_targetlibs $sc_macrolibs" {
| INFO     | job0 | place.detailed       | 0 |         foreach lef_file [sc_cfg_get library $lib output $sc_stackup lef] {
| INFO     | job0 | place.detailed       | 0 |             puts "Reading lef: ${lef_file}"
| INFO     | job0 | place.detailed       | 0 |             read_lef $lef_file
| INFO     | job0 | place.detailed       | 0 |         }
| INFO     | job0 | place.detailed       | 0 |     }
| INFO     | job0 | place.detailed       | 0 |     if { [file exists "inputs/${sc_design}.def"] } {
| INFO     | job0 | place.detailed       | 0 |         # Read DEF
| INFO     | job0 | place.detailed       | 0 |         # get from previous step
| INFO     | job0 | place.detailed       | 0 |         puts "Reading DEF: inputs/${sc_design}.def"
| INFO     | job0 | place.detailed       | 0 |         read_def "inputs/${sc_design}.def"
| INFO     | job0 | place.detailed       | 0 |     } elseif { [sc_cfg_exists input layout def] } {
| INFO     | job0 | place.detailed       | 0 |         # Read DEF
| INFO     | job0 | place.detailed       | 0 |         set sc_def [lindex [sc_cfg_get input layout def] 0]
| INFO     | job0 | place.detailed       | 0 |         puts "Reading DEF: ${sc_def}"
| INFO     | job0 | place.detailed       | 0 |         read_def $sc_def
| INFO     | job0 | place.detailed       | 0 |     } elseif { [file exists "inputs/${sc_design}.vg"] } {
| INFO     | job0 | place.detailed       | 0 |         # Read Verilog
| INFO     | job0 | place.detailed       | 0 |         puts "Reading netlist verilog: inputs/${sc_design}.vg"
| INFO     | job0 | place.detailed       | 0 |         read_verilog "inputs/${sc_design}.vg"
| INFO     | job0 | place.detailed       | 0 |         link_design $sc_design
| INFO     | job0 | place.detailed       | 0 |     } elseif { [sc_cfg_exists input netlist verilog] } {
| INFO     | job0 | place.detailed       | 0 |         # Read Verilog
| INFO     | job0 | place.detailed       | 0 |         foreach netlist [sc_cfg_get input netlist verilog] {
| INFO     | job0 | place.detailed       | 0 |             puts "Reading netlist verilog: ${netlist}"
| INFO     | job0 | place.detailed       | 0 |             read_verilog $netlist
| INFO     | job0 | place.detailed       | 0 |         }
| INFO     | job0 | place.detailed       | 0 |         link_design $sc_design
| INFO     | job0 | place.detailed       | 0 |     } else {
| INFO     | job0 | place.detailed       | 0 |         utl::error FLW 1 "No input files available"
| INFO     | job0 | place.detailed       | 0 |     }
| INFO     | job0 | place.detailed       | 0 |     # Handle global connect setup
| INFO     | job0 | place.detailed       | 0 |     if { [sc_cfg_tool_task_exists {file} global_connect] } {
| INFO     | job0 | place.detailed       | 0 |         foreach global_connect [sc_cfg_tool_task_get {file} global_connect] {
| INFO     | job0 | place.detailed       | 0 |             puts "Loading global connect configuration: ${global_connect}"
| INFO     | job0 | place.detailed       | 0 |             source $global_connect
| INFO     | job0 | place.detailed       | 0 |         }
| INFO     | job0 | place.detailed       | 0 |     }
| INFO     | job0 | place.detailed       | 0 |     tee -file reports/global_connections.rpt {report_global_connect}
| INFO     | job0 | place.detailed       | 0 | }
| INFO     | job0 | place.detailed       | 0 | Reading ODB: inputs/picorv32.odb
| INFO     | job0 | place.detailed       | 0 | source -echo "$sc_refdir/common/read_timing_constraints.tcl"
| INFO     | job0 | place.detailed       | 0 | ###############################
| INFO     | job0 | place.detailed       | 0 | # Read timing constraints
| INFO     | job0 | place.detailed       | 0 | ###############################
| INFO     | job0 | place.detailed       | 0 | if { [sc_has_input_files sdc "input constraint sdc"] } {
| INFO     | job0 | place.detailed       | 0 |     foreach sdc [sc_get_input_files sdc "input constraint sdc"] {
| INFO     | job0 | place.detailed       | 0 |         puts "Reading SDC: ${sdc}"
| INFO     | job0 | place.detailed       | 0 |         read_sdc $sdc
| INFO     | job0 | place.detailed       | 0 |     }
| INFO     | job0 | place.detailed       | 0 | } else {
| INFO     | job0 | place.detailed       | 0 |     # fall back on default auto generated constraints file
| INFO     | job0 | place.detailed       | 0 |     set sdc [sc_cfg_tool_task_get {file} opensta_generic_sdc]
| INFO     | job0 | place.detailed       | 0 |     puts "Reading SDC: ${sdc}"
| INFO     | job0 | place.detailed       | 0 |     utl::warn FLW 1 "Defaulting back to default SDC"
| INFO     | job0 | place.detailed       | 0 |     read_sdc "${sdc}"
| INFO     | job0 | place.detailed       | 0 | }
| INFO     | job0 | place.detailed       | 0 | Reading SDC: inputs/picorv32.sdc
| INFO     | job0 | place.detailed       | 0 | ###############################
| INFO     | job0 | place.detailed       | 0 | # Common Setup
| INFO     | job0 | place.detailed       | 0 | ###############################
| INFO     | job0 | place.detailed       | 0 | sc_setup_sta
| INFO     | job0 | place.detailed       | 0 | [WARNING FLW-0001] No clocks defined.
| INFO     | job0 | place.detailed       | 0 | sc_setup_parasitics
| INFO     | job0 | place.detailed       | 0 | [INFO FLW-0001] Using met5 for clock parasitics estimation
| INFO     | job0 | place.detailed       | 0 | [INFO FLW-0001] Using met2 for signal parasitics estimation
| INFO     | job0 | place.detailed       | 0 | sc_set_dont_use
| INFO     | job0 | place.detailed       | 0 | sc_setup_global_routing
| INFO     | job0 | place.detailed       | 0 | [INFO FLW-0001] Setting global routing adjustment for li1 to 100.0%
| INFO     | job0 | place.detailed       | 0 | [INFO FLW-0001] Setting global routing adjustment for met1 to 40.0%
| INFO     | job0 | place.detailed       | 0 | [INFO FLW-0001] Setting global routing adjustment for met2 to 40.0%
| INFO     | job0 | place.detailed       | 0 | [INFO FLW-0001] Setting global routing adjustment for met3 to 30.0%
| INFO     | job0 | place.detailed       | 0 | [INFO FLW-0001] Setting global routing adjustment for met4 to 30.0%
| INFO     | job0 | place.detailed       | 0 | [INFO FLW-0001] Setting global routing adjustment for met5 to 30.0%
| INFO     | job0 | place.detailed       | 0 | # Store incoming markers to avoid rewriting them
| INFO     | job0 | place.detailed       | 0 | set sc_starting_markers []
| INFO     | job0 | place.detailed       | 0 | foreach markerdb [[ord::get_db_block] getMarkerCategories] {
| INFO     | job0 | place.detailed       | 0 |     lappend sc_starting_markers [$markerdb getName]
| INFO     | job0 | place.detailed       | 0 | }
| INFO     | job0 | place.detailed       | 0 | ###############################
| INFO     | job0 | place.detailed       | 0 | # Source Step Script
| INFO     | job0 | place.detailed       | 0 | ###############################
| INFO     | job0 | place.detailed       | 0 | report_units_metric
| INFO     | job0 | place.detailed       | 0 | utl::push_metrics_stage "sc__prestep__{}"
| INFO     | job0 | place.detailed       | 0 | if { [sc_cfg_tool_task_exists prescript] } {
| INFO     | job0 | place.detailed       | 0 |     foreach sc_pre_script [sc_cfg_tool_task_get prescript] {
| INFO     | job0 | place.detailed       | 0 |         puts "Sourcing pre script: ${sc_pre_script}"
| INFO     | job0 | place.detailed       | 0 |         source -echo $sc_pre_script
| INFO     | job0 | place.detailed       | 0 |     }
| INFO     | job0 | place.detailed       | 0 | }
| INFO     | job0 | place.detailed       | 0 | utl::pop_metrics_stage
| INFO     | job0 | place.detailed       | 0 | utl::push_metrics_stage "sc__step__{}"
| INFO     | job0 | place.detailed       | 0 | set openroad_dont_touch {}
| INFO     | job0 | place.detailed       | 0 | if { [sc_cfg_tool_task_exists {var} dont_touch] } {
| INFO     | job0 | place.detailed       | 0 |     set openroad_dont_touch [sc_cfg_tool_task_get {var} dont_touch]
| INFO     | job0 | place.detailed       | 0 | }
| INFO     | job0 | place.detailed       | 0 | if { [llength $openroad_dont_touch] > 0 } {
| INFO     | job0 | place.detailed       | 0 |     # set don't touch list
| INFO     | job0 | place.detailed       | 0 |     set_dont_touch $openroad_dont_touch
| INFO     | job0 | place.detailed       | 0 | }
| INFO     | job0 | place.detailed       | 0 | tee -quiet -file reports/dont_touch.start.rpt {report_dont_touch}
| INFO     | job0 | place.detailed       | 0 | tee -quiet -file reports/dont_use.start.rpt {report_dont_use}
| INFO     | job0 | place.detailed       | 0 | tee -file reports/global_connections.start.rpt {report_global_connect}
| INFO     | job0 | place.detailed       | 0 | Global connection rules: 2
| INFO     | job0 | place.detailed       | 0 |   Instances: ".*" with pins "VPWR" connect to "VDD"
| INFO     | job0 | place.detailed       | 0 |   Instances: ".*" with pins "VGND" connect to "VSS"
| INFO     | job0 | place.detailed       | 0 | Placement Analysis
| INFO     | job0 | place.detailed       | 0 | ---------------------------------
| INFO     | job0 | place.detailed       | 0 | total displacement      23685.8 u
| INFO     | job0 | place.detailed       | 0 | average displacement        2.4 u
| INFO     | job0 | place.detailed       | 0 | max displacement           24.5 u
| INFO     | job0 | place.detailed       | 0 | original HPWL          244003.9 u
| INFO     | job0 | place.detailed       | 0 | legalized HPWL         271190.0 u
| INFO     | job0 | place.detailed       | 0 | delta HPWL                   11 %
| INFO     | job0 | place.detailed       | 0 | 
| INFO     | job0 | place.detailed       | 0 | Detailed placement improvement.
| INFO     | job0 | place.detailed       | 0 | Importing netlist into detailed improver.
| INFO     | job0 | place.detailed       | 0 | [INFO DPO-0100] Creating network with 9887 cells, 409 terminals, 7521 edges, 26956 pins, and 0 blockages.
| INFO     | job0 | place.detailed       | 0 | [INFO DPO-0109] Network stats: inst 10296, edges 7521, pins 26956
| INFO     | job0 | place.detailed       | 0 | [INFO DPO-0110] Number of regions is 1
| INFO     | job0 | place.detailed       | 0 | [INFO DPO-0401] Setting random seed to 1.
| INFO     | job0 | place.detailed       | 0 | [INFO DPO-0402] Setting maximum displacement 0 0 to 902520 902520 units.
| INFO     | job0 | place.detailed       | 0 | [INFO DPO-0320] Collected 3081 fixed cells.
| INFO     | job0 | place.detailed       | 0 | [INFO DPO-0318] Collected 7215 single height cells.
| INFO     | job0 | place.detailed       | 0 | [INFO DPO-0321] Collected 0 wide cells.
| INFO     | job0 | place.detailed       | 0 | [INFO DPO-0322] Image (1380, 2720) - (452640, 451520)
| INFO     | job0 | place.detailed       | 0 | [INFO DPO-0310] Assigned 7215 cells into segments.  Movement in X-direction is 0.000000, movement in Y-direction is 0.000000.
| INFO     | job0 | place.detailed       | 0 | [INFO DPO-0313] Found 0 cells in wrong regions.
| INFO     | job0 | place.detailed       | 0 | [INFO DPO-0315] Found 0 row alignment problems.
| INFO     | job0 | place.detailed       | 0 | [INFO DPO-0314] Found 0 site alignment problems.
| INFO     | job0 | place.detailed       | 0 | [INFO DPO-0311] Found 0 overlaps between adjacent cells.
| INFO     | job0 | place.detailed       | 0 | [INFO DPO-0312] Found 0 edge spacing violations and 0 padding violations.
| INFO     | job0 | place.detailed       | 0 | [INFO DPO-0303] Running algorithm for independent set matching.
| INFO     | job0 | place.detailed       | 0 | [INFO DPO-0300] Set matching objective is wirelength.
| INFO     | job0 | place.detailed       | 0 | [INFO DPO-0301] Pass   1 of matching; objective is 2.711353e+08.
| INFO     | job0 | place.detailed       | 0 | [INFO DPO-0302] End of matching; objective is 2.704948e+08, improvement is 0.24 percent.
| INFO     | job0 | place.detailed       | 0 | [INFO DPO-0303] Running algorithm for global swaps.
| INFO     | job0 | place.detailed       | 0 | [INFO DPO-0306] Pass   1 of global swaps; hpwl is 2.643184e+08.
| INFO     | job0 | place.detailed       | 0 | [INFO DPO-0306] Pass   2 of global swaps; hpwl is 2.628560e+08.
| INFO     | job0 | place.detailed       | 0 | [INFO DPO-0307] End of global swaps; objective is 2.628560e+08, improvement is 2.82 percent.
| INFO     | job0 | place.detailed       | 0 | [INFO DPO-0303] Running algorithm for vertical swaps.
| INFO     | job0 | place.detailed       | 0 | [INFO DPO-0308] Pass   1 of vertical swaps; hpwl is 2.612510e+08.
| INFO     | job0 | place.detailed       | 0 | [INFO DPO-0309] End of vertical swaps; objective is 2.612510e+08, improvement is 0.61 percent.
| INFO     | job0 | place.detailed       | 0 | [INFO DPO-0303] Running algorithm for reordering.
| INFO     | job0 | place.detailed       | 0 | [INFO DPO-0304] Pass   1 of reordering; objective is 2.605389e+08.
| INFO     | job0 | place.detailed       | 0 | [INFO DPO-0305] End of reordering; objective is 2.605389e+08, improvement is 0.27 percent.
| INFO     | job0 | place.detailed       | 0 | [INFO DPO-0303] Running algorithm for random improvement.
| INFO     | job0 | place.detailed       | 0 | [INFO DPO-0324] Random improver is using displacement generator.
| INFO     | job0 | place.detailed       | 0 | [INFO DPO-0325] Random improver is using hpwl objective.
| INFO     | job0 | place.detailed       | 0 | [INFO DPO-0326] Random improver cost string is (a).
| INFO     | job0 | place.detailed       | 0 | [INFO DPO-0332] End of pass, Generator displacement called 144300 times.
| INFO     | job0 | place.detailed       | 0 | [INFO DPO-0335] Generator displacement, Cumulative attempts 144300, swaps 61062, moves 77657 since last reset.
| INFO     | job0 | place.detailed       | 0 | [INFO DPO-0333] End of pass, Objective hpwl, Initial cost 2.605389e+08, Scratch cost 2.554837e+08, Incremental cost 2.548984e+08, Mismatch? Y
| INFO     | job0 | place.detailed       | 0 | [INFO DPO-0338] End of pass, Total cost is 2.554837e+08.
| INFO     | job0 | place.detailed       | 0 | [INFO DPO-0327] Pass   1 of random improver; improvement in cost is 2.16 percent.
| INFO     | job0 | place.detailed       | 0 | [INFO DPO-0332] End of pass, Generator displacement called 144300 times.
| INFO     | job0 | place.detailed       | 0 | [INFO DPO-0335] Generator displacement, Cumulative attempts 288600, swaps 121927, moves 155955 since last reset.
| INFO     | job0 | place.detailed       | 0 | [INFO DPO-0333] End of pass, Objective hpwl, Initial cost 2.554837e+08, Scratch cost 2.537596e+08, Incremental cost 2.532458e+08, Mismatch? Y
| INFO     | job0 | place.detailed       | 0 | [INFO DPO-0338] End of pass, Total cost is 2.537596e+08.
| INFO     | job0 | place.detailed       | 0 | [INFO DPO-0327] Pass   2 of random improver; improvement in cost is 0.88 percent.
| INFO     | job0 | place.detailed       | 0 | [INFO DPO-0328] End of random improver; improvement is 2.602027 percent.
| INFO     | job0 | place.detailed       | 0 | [INFO DPO-0380] Cell flipping.
| INFO     | job0 | place.detailed       | 0 | [INFO DPO-0382] Changed 0 cell orientations for row compatibility.
| INFO     | job0 | place.detailed       | 0 | [INFO DPO-0383] Performed 2070 cell flips.
| INFO     | job0 | place.detailed       | 0 | [INFO DPO-0384] End of flipping; objective is 2.503181e+08, improvement is 1.36 percent.
| INFO     | job0 | place.detailed       | 0 | [INFO DPO-0313] Found 0 cells in wrong regions.
| INFO     | job0 | place.detailed       | 0 | [INFO DPO-0315] Found 0 row alignment problems.
| INFO     | job0 | place.detailed       | 0 | [INFO DPO-0314] Found 0 site alignment problems.
| INFO     | job0 | place.detailed       | 0 | [INFO DPO-0311] Found 0 overlaps between adjacent cells.
| INFO     | job0 | place.detailed       | 0 | [INFO DPO-0312] Found 0 edge spacing violations and 0 padding violations.
| INFO     | job0 | place.detailed       | 0 | Detailed Improvement Results
| INFO     | job0 | place.detailed       | 0 | ------------------------------------------
| INFO     | job0 | place.detailed       | 0 | Original HPWL           271190.0 u
| INFO     | job0 | place.detailed       | 0 | Final HPWL              250303.1 u
| INFO     | job0 | place.detailed       | 0 | Delta HPWL                  -7.7 %
| INFO     | job0 | place.detailed       | 0 | 
| INFO     | job0 | place.detailed       | 0 | Placement Analysis
| INFO     | job0 | place.detailed       | 0 | ---------------------------------
| INFO     | job0 | place.detailed       | 0 | total displacement          0.0 u
| INFO     | job0 | place.detailed       | 0 | average displacement        0.0 u
| INFO     | job0 | place.detailed       | 0 | max displacement            0.0 u
| INFO     | job0 | place.detailed       | 0 | original HPWL          250303.1 u
| INFO     | job0 | place.detailed       | 0 | legalized HPWL         253777.1 u
| INFO     | job0 | place.detailed       | 0 | delta HPWL                    1 %
| INFO     | job0 | place.detailed       | 0 | 
| INFO     | job0 | place.detailed       | 0 | [INFO DPL-0020] Mirrored 2417 instances
| INFO     | job0 | place.detailed       | 0 | [INFO DPL-0021] HPWL before          253777.1 u
| INFO     | job0 | place.detailed       | 0 | [INFO DPL-0022] HPWL after           250259.4 u
| INFO     | job0 | place.detailed       | 0 | [INFO DPL-0023] HPWL delta               -1.4 %
| INFO     | job0 | place.detailed       | 0 | if { [llength $openroad_dont_touch] > 0 } {
| INFO     | job0 | place.detailed       | 0 |     # unset for next step
| INFO     | job0 | place.detailed       | 0 |     unset_dont_touch $openroad_dont_touch
| INFO     | job0 | place.detailed       | 0 | }
| INFO     | job0 | place.detailed       | 0 | utl::pop_metrics_stage
| INFO     | job0 | place.detailed       | 0 | utl::push_metrics_stage "sc__poststep__{}"
| INFO     | job0 | place.detailed       | 0 | if { [sc_cfg_tool_task_exists postscript] } {
| INFO     | job0 | place.detailed       | 0 |     foreach sc_post_script [sc_cfg_tool_task_get postscript] {
| INFO     | job0 | place.detailed       | 0 |         puts "Sourcing post script: ${sc_post_script}"
| INFO     | job0 | place.detailed       | 0 |         source -echo $sc_post_script
| INFO     | job0 | place.detailed       | 0 |     }
| INFO     | job0 | place.detailed       | 0 | }
| INFO     | job0 | place.detailed       | 0 | utl::pop_metrics_stage
| INFO     | job0 | place.detailed       | 0 | ###############################
| INFO     | job0 | place.detailed       | 0 | # Write Design Data
| INFO     | job0 | place.detailed       | 0 | ###############################
| INFO     | job0 | place.detailed       | 0 | utl::push_metrics_stage "sc__write__{}"
| INFO     | job0 | place.detailed       | 0 | source "$sc_refdir/common/write_data.tcl"
| INFO     | job0 | place.detailed       | 0 | utl::pop_metrics_stage
| INFO     | job0 | place.detailed       | 0 | ###############################
| INFO     | job0 | place.detailed       | 0 | # Reporting
| INFO     | job0 | place.detailed       | 0 | ###############################
| INFO     | job0 | place.detailed       | 0 | utl::push_metrics_stage "sc__metric__{}"
| INFO     | job0 | place.detailed       | 0 | source "$sc_refdir/common/reports.tcl"
| INFO     | job0 | place.detailed       | 0 | SC_METRIC: report_checks -path_delay max
| INFO     | job0 | place.detailed       | 0 | No paths found.
| INFO     | job0 | place.detailed       | 0 | SC_METRIC: setupslack
| INFO     | job0 | place.detailed       | 0 | worst slack INF
| INFO     | job0 | place.detailed       | 0 | SC_METRIC: tns
| INFO     | job0 | place.detailed       | 0 | tns 0.00
| INFO     | job0 | place.detailed       | 0 | SC_METRIC: unconstrained
| INFO     | job0 | place.detailed       | 0 | Startpoint: latched_stalu$_SDFFE_PN0P_ (rising edge-triggered flip-flop)
| INFO     | job0 | place.detailed       | 0 | Endpoint: reg_next_pc[31]$_SDFFE_PN0P_ (rising edge-triggered flip-flop)
| INFO     | job0 | place.detailed       | 0 | Path Group: unconstrained
| INFO     | job0 | place.detailed       | 0 | Path Type: max
| INFO     | job0 | place.detailed       | 0 | Corner: slow
| INFO     | job0 | place.detailed       | 0 | 
| INFO     | job0 | place.detailed       | 0 | Fanout     Cap    Slew   Delay    Time   Description
| INFO     | job0 | place.detailed       | 0 | -----------------------------------------------------------------------------
| INFO     | job0 | place.detailed       | 0 |                   0.98    0.00    0.00 ^ latched_stalu$_SDFFE_PN0P_/CLK (sky130_fd_sc_hd__dfxtp_2)
| INFO     | job0 | place.detailed       | 0 |     33    0.24    4.43    4.89    4.89 ^ latched_stalu$_SDFFE_PN0P_/Q (sky130_fd_sc_hd__dfxtp_2)
| INFO     | job0 | place.detailed       | 0 |                                          latched_stalu (net)
| INFO     | job0 | place.detailed       | 0 |                   4.43    0.00    4.89 ^ _5682_/S (sky130_fd_sc_hd__mux2i_1)
| INFO     | job0 | place.detailed       | 0 |      2    0.02    1.67    3.20    8.09 ^ _5682_/Y (sky130_fd_sc_hd__mux2i_1)
| INFO     | job0 | place.detailed       | 0 |                                          _1275_ (net)
| INFO     | job0 | place.detailed       | 0 |                   1.67    0.00    8.09 ^ _5684_/A2 (sky130_fd_sc_hd__o21a_1)
| INFO     | job0 | place.detailed       | 0 |      4    0.02    0.70    1.40    9.49 ^ _5684_/X (sky130_fd_sc_hd__o21a_1)
| INFO     | job0 | place.detailed       | 0 |                                          _1277_ (net)
| INFO     | job0 | place.detailed       | 0 |                   0.70    0.00    9.49 ^ _5685_/A (sky130_fd_sc_hd__inv_1)
| INFO     | job0 | place.detailed       | 0 |      2    0.01    0.15    0.43    9.92 v _5685_/Y (sky130_fd_sc_hd__inv_1)
| INFO     | job0 | place.detailed       | 0 |                                          _4144_ (net)
| INFO     | job0 | place.detailed       | 0 |                   0.15    0.00    9.92 v _9165_/B (sky130_fd_sc_hd__ha_1)
| INFO     | job0 | place.detailed       | 0 |      3    0.01    0.24    1.49   11.41 v _9165_/SUM (sky130_fd_sc_hd__ha_1)
| INFO     | job0 | place.detailed       | 0 |                                          _4200_ (net)
| INFO     | job0 | place.detailed       | 0 |                   0.24    0.00   11.41 v _7858_/B_N (sky130_fd_sc_hd__nor2b_1)
| INFO     | job0 | place.detailed       | 0 |      1    0.00    0.08    0.57   11.98 v _7858_/Y (sky130_fd_sc_hd__nor2b_1)
| INFO     | job0 | place.detailed       | 0 |                                          _3121_ (net)
| INFO     | job0 | place.detailed       | 0 |                   0.08    0.00   11.98 v _7859_/A2 (sky130_fd_sc_hd__o21ai_0)
| INFO     | job0 | place.detailed       | 0 |      2    0.01    1.13    1.04   13.01 ^ _7859_/Y (sky130_fd_sc_hd__o21ai_0)
| INFO     | job0 | place.detailed       | 0 |                                          _3122_ (net)
| INFO     | job0 | place.detailed       | 0 |                   1.13    0.00   13.01 ^ _7862_/A2 (sky130_fd_sc_hd__a21boi_2)
| INFO     | job0 | place.detailed       | 0 |      2    0.01    0.16    0.62   13.64 v _7862_/Y (sky130_fd_sc_hd__a21boi_2)
| INFO     | job0 | place.detailed       | 0 |                                          _3125_ (net)
| INFO     | job0 | place.detailed       | 0 |                   0.16    0.00   13.64 v _7880_/A2 (sky130_fd_sc_hd__o21ai_0)
| INFO     | job0 | place.detailed       | 0 |      2    0.01    1.27    1.20   14.83 ^ _7880_/Y (sky130_fd_sc_hd__o21ai_0)
| INFO     | job0 | place.detailed       | 0 |                                          _3141_ (net)
| INFO     | job0 | place.detailed       | 0 |                   1.27    0.00   14.83 ^ _7883_/A2 (sky130_fd_sc_hd__a21boi_1)
| INFO     | job0 | place.detailed       | 0 |      2    0.01    0.22    0.75   15.58 v _7883_/Y (sky130_fd_sc_hd__a21boi_1)
| INFO     | job0 | place.detailed       | 0 |                                          _3144_ (net)
| INFO     | job0 | place.detailed       | 0 |                   0.22    0.00   15.58 v _7899_/A2 (sky130_fd_sc_hd__o21ai_0)
| INFO     | job0 | place.detailed       | 0 |      2    0.01    1.00    1.02   16.60 ^ _7899_/Y (sky130_fd_sc_hd__o21ai_0)
| INFO     | job0 | place.detailed       | 0 |                                          _3158_ (net)
| INFO     | job0 | place.detailed       | 0 |                   1.00    0.00   16.60 ^ _7900_/A2 (sky130_fd_sc_hd__a21boi_0)
| INFO     | job0 | place.detailed       | 0 |      2    0.01    0.24    0.71   17.31 v _7900_/Y (sky130_fd_sc_hd__a21boi_0)
| INFO     | job0 | place.detailed       | 0 |                                          _3159_ (net)
| INFO     | job0 | place.detailed       | 0 |                   0.24    0.00   17.31 v _7923_/A2 (sky130_fd_sc_hd__o21ai_0)
| INFO     | job0 | place.detailed       | 0 |      2    0.01    1.17    1.16   18.47 ^ _7923_/Y (sky130_fd_sc_hd__o21ai_0)
| INFO     | job0 | place.detailed       | 0 |                                          _3180_ (net)
| INFO     | job0 | place.detailed       | 0 |                   1.17    0.00   18.47 ^ _7924_/A2 (sky130_fd_sc_hd__a21boi_2)
| INFO     | job0 | place.detailed       | 0 |      2    0.01    0.18    0.65   19.12 v _7924_/Y (sky130_fd_sc_hd__a21boi_2)
| INFO     | job0 | place.detailed       | 0 |                                          _3181_ (net)
| INFO     | job0 | place.detailed       | 0 |                   0.18    0.00   19.12 v _7947_/A2 (sky130_fd_sc_hd__o21ai_0)
| INFO     | job0 | place.detailed       | 0 |      2    0.01    1.42    1.31   20.44 ^ _7947_/Y (sky130_fd_sc_hd__o21ai_0)
| INFO     | job0 | place.detailed       | 0 |                                          _3202_ (net)
| INFO     | job0 | place.detailed       | 0 |                   1.42    0.00   20.44 ^ _7948_/A2 (sky130_fd_sc_hd__a21boi_0)
| INFO     | job0 | place.detailed       | 0 |      2    0.01    0.28    0.89   21.33 v _7948_/Y (sky130_fd_sc_hd__a21boi_0)
| INFO     | job0 | place.detailed       | 0 |                                          _3203_ (net)
| INFO     | job0 | place.detailed       | 0 |                   0.28    0.00   21.33 v _7975_/A2 (sky130_fd_sc_hd__o21ai_0)
| INFO     | job0 | place.detailed       | 0 |      2    0.01    0.93    1.00   22.33 ^ _7975_/Y (sky130_fd_sc_hd__o21ai_0)
| INFO     | job0 | place.detailed       | 0 |                                          _3228_ (net)
| INFO     | job0 | place.detailed       | 0 |                   0.93    0.00   22.33 ^ _7976_/A2 (sky130_fd_sc_hd__a21boi_0)
| INFO     | job0 | place.detailed       | 0 |      2    0.01    0.29    0.74   23.07 v _7976_/Y (sky130_fd_sc_hd__a21boi_0)
| INFO     | job0 | place.detailed       | 0 |                                          _3229_ (net)
| INFO     | job0 | place.detailed       | 0 |                   0.29    0.00   23.07 v _7999_/A2 (sky130_fd_sc_hd__o21ai_0)
| INFO     | job0 | place.detailed       | 0 |      2    0.01    0.94    1.01   24.08 ^ _7999_/Y (sky130_fd_sc_hd__o21ai_0)
| INFO     | job0 | place.detailed       | 0 |                                          _3250_ (net)
| INFO     | job0 | place.detailed       | 0 |                   0.94    0.00   24.08 ^ _8000_/A2 (sky130_fd_sc_hd__a21boi_0)
| INFO     | job0 | place.detailed       | 0 |      2    0.01    0.24    0.68   24.77 v _8000_/Y (sky130_fd_sc_hd__a21boi_0)
| INFO     | job0 | place.detailed       | 0 |                                          _3251_ (net)
| INFO     | job0 | place.detailed       | 0 |                   0.24    0.00   24.77 v _8021_/A2 (sky130_fd_sc_hd__o21ai_0)
| INFO     | job0 | place.detailed       | 0 |      2    0.01    1.14    1.14   25.91 ^ _8021_/Y (sky130_fd_sc_hd__o21ai_0)
| INFO     | job0 | place.detailed       | 0 |                                          _3270_ (net)
| INFO     | job0 | place.detailed       | 0 |                   1.14    0.00   25.91 ^ _8022_/A2 (sky130_fd_sc_hd__a21boi_0)
| INFO     | job0 | place.detailed       | 0 |      2    0.01    0.26    0.78   26.69 v _8022_/Y (sky130_fd_sc_hd__a21boi_0)
| INFO     | job0 | place.detailed       | 0 |                                          _3271_ (net)
| INFO     | job0 | place.detailed       | 0 |                   0.26    0.00   26.69 v _8042_/A2 (sky130_fd_sc_hd__o21ai_0)
| INFO     | job0 | place.detailed       | 0 |      2    0.01    1.04    1.07   27.76 ^ _8042_/Y (sky130_fd_sc_hd__o21ai_0)
| INFO     | job0 | place.detailed       | 0 |                                          _3289_ (net)
| INFO     | job0 | place.detailed       | 0 |                   1.04    0.00   27.76 ^ _8044_/A2 (sky130_fd_sc_hd__a21oi_1)
| INFO     | job0 | place.detailed       | 0 |      2    0.01    0.19    0.64   28.40 v _8044_/Y (sky130_fd_sc_hd__a21oi_1)
| INFO     | job0 | place.detailed       | 0 |                                          _3291_ (net)
| INFO     | job0 | place.detailed       | 0 |                   0.19    0.00   28.40 v _8065_/A2 (sky130_fd_sc_hd__o21ai_0)
| INFO     | job0 | place.detailed       | 0 |      2    0.01    1.54    1.42   29.82 ^ _8065_/Y (sky130_fd_sc_hd__o21ai_0)
| INFO     | job0 | place.detailed       | 0 |                                          _3310_ (net)
| INFO     | job0 | place.detailed       | 0 |                   1.54    0.00   29.82 ^ _8066_/A2 (sky130_fd_sc_hd__a21boi_0)
| INFO     | job0 | place.detailed       | 0 |      2    0.01    0.31    0.96   30.79 v _8066_/Y (sky130_fd_sc_hd__a21boi_0)
| INFO     | job0 | place.detailed       | 0 |                                          _3311_ (net)
| INFO     | job0 | place.detailed       | 0 |                   0.31    0.00   30.79 v _8081_/A2 (sky130_fd_sc_hd__o21ai_0)
| INFO     | job0 | place.detailed       | 0 |      2    0.01    1.17    1.20   31.99 ^ _8081_/Y (sky130_fd_sc_hd__o21ai_0)
| INFO     | job0 | place.detailed       | 0 |                                          _3324_ (net)
| INFO     | job0 | place.detailed       | 0 |                   1.17    0.00   31.99 ^ _8084_/A2 (sky130_fd_sc_hd__a21boi_1)
| INFO     | job0 | place.detailed       | 0 |      2    0.01    0.20    0.69   32.68 v _8084_/Y (sky130_fd_sc_hd__a21boi_1)
| INFO     | job0 | place.detailed       | 0 |                                          _3327_ (net)
| INFO     | job0 | place.detailed       | 0 |                   0.20    0.00   32.68 v _8102_/A2 (sky130_fd_sc_hd__o21ai_0)
| INFO     | job0 | place.detailed       | 0 |      3    0.01    1.54    1.43   34.11 ^ _8102_/Y (sky130_fd_sc_hd__o21ai_0)
| INFO     | job0 | place.detailed       | 0 |                                          _3343_ (net)
| INFO     | job0 | place.detailed       | 0 |                   1.54    0.00   34.11 ^ _8150_/A2 (sky130_fd_sc_hd__a2111oi_0)
| INFO     | job0 | place.detailed       | 0 |      2    0.01    0.31    0.98   35.08 v _8150_/Y (sky130_fd_sc_hd__a2111oi_0)
| INFO     | job0 | place.detailed       | 0 |                                          _3387_ (net)
| INFO     | job0 | place.detailed       | 0 |                   0.31    0.00   35.08 v _8155_/A1 (sky130_fd_sc_hd__o21ai_0)
| INFO     | job0 | place.detailed       | 0 |      1    0.00    0.45    0.68   35.77 ^ _8155_/Y (sky130_fd_sc_hd__o21ai_0)
| INFO     | job0 | place.detailed       | 0 |                                          _3392_ (net)
| INFO     | job0 | place.detailed       | 0 |                   0.45    0.00   35.77 ^ _8156_/B (sky130_fd_sc_hd__nand2_1)
| INFO     | job0 | place.detailed       | 0 |      1    0.00    0.09    0.30   36.06 v _8156_/Y (sky130_fd_sc_hd__nand2_1)
| INFO     | job0 | place.detailed       | 0 |                                          _3393_ (net)
| INFO     | job0 | place.detailed       | 0 |                   0.09    0.00   36.06 v _8159_/A2 (sky130_fd_sc_hd__o221ai_1)
| INFO     | job0 | place.detailed       | 0 |      1    0.00    0.76    0.81   36.87 ^ _8159_/Y (sky130_fd_sc_hd__o221ai_1)
| INFO     | job0 | place.detailed       | 0 |                                          _3396_ (net)
| INFO     | job0 | place.detailed       | 0 |                   0.76    0.00   36.87 ^ _8161_/B1 (sky130_fd_sc_hd__a22o_1)
| INFO     | job0 | place.detailed       | 0 |      1    0.00    0.12    0.68   37.55 ^ _8161_/X (sky130_fd_sc_hd__a22o_1)
| INFO     | job0 | place.detailed       | 0 |                                          _0270_ (net)
| INFO     | job0 | place.detailed       | 0 |                   0.12    0.00   37.55 ^ reg_next_pc[31]$_SDFFE_PN0P_/D (sky130_fd_sc_hd__dfxtp_1)
| INFO     | job0 | place.detailed       | 0 |                                  37.55   data arrival time
| INFO     | job0 | place.detailed       | 0 | -----------------------------------------------------------------------------
| INFO     | job0 | place.detailed       | 0 | (Path is unconstrained)
| INFO     | job0 | place.detailed       | 0 | 
| INFO     | job0 | place.detailed       | 0 | 
| INFO     | job0 | place.detailed       | 0 | SC_METRIC: DRV violators
| INFO     | job0 | place.detailed       | 0 | max slew
| INFO     | job0 | place.detailed       | 0 | 
| INFO     | job0 | place.detailed       | 0 | Pin                                    Limit    Slew   Slack
| INFO     | job0 | place.detailed       | 0 | ------------------------------------------------------------
| INFO     | job0 | place.detailed       | 0 | _9118_/Y                                1.48    1.70   -0.21 (VIOLATED)
| INFO     | job0 | place.detailed       | 0 | load_slew546/A                          1.50    1.70   -0.20 (VIOLATED)
| INFO     | job0 | place.detailed       | 0 | _9092_/Y                                1.48    1.63   -0.15 (VIOLATED)
| INFO     | job0 | place.detailed       | 0 | load_slew615/A                          1.50    1.63   -0.13 (VIOLATED)
| INFO     | job0 | place.detailed       | 0 | _9100_/Y                                1.48    1.56   -0.08 (VIOLATED)
| INFO     | job0 | place.detailed       | 0 | load_slew612/A                          1.50    1.56   -0.06 (VIOLATED)
| INFO     | job0 | place.detailed       | 0 | 
| INFO     | job0 | place.detailed       | 0 | max capacitance
| INFO     | job0 | place.detailed       | 0 | 
| INFO     | job0 | place.detailed       | 0 | Pin                                    Limit     Cap   Slack
| INFO     | job0 | place.detailed       | 0 | ------------------------------------------------------------
| INFO     | job0 | place.detailed       | 0 | _9118_/Y                                0.05    0.06   -0.01 (VIOLATED)
| INFO     | job0 | place.detailed       | 0 | _9092_/Y                                0.05    0.06   -0.01 (VIOLATED)
| INFO     | job0 | place.detailed       | 0 | _9100_/Y                                0.05    0.05   -0.00 (VIOLATED)
| INFO     | job0 | place.detailed       | 0 | _9033_/Y                                0.07    0.07   -0.00 (VIOLATED)
| INFO     | job0 | place.detailed       | 0 | 
| INFO     | job0 | place.detailed       | 0 | SC_METRIC: floating nets
| INFO     | job0 | place.detailed       | 0 | SC_METRIC: overdriven nets
| INFO     | job0 | place.detailed       | 0 | SC_METRIC: fmax
| INFO     | job0 | place.detailed       | 0 | SC_METRIC: power
| INFO     | job0 | place.detailed       | 0 | Power for corner: fast
| INFO     | job0 | place.detailed       | 0 | Group                  Internal  Switching    Leakage      Total
| INFO     | job0 | place.detailed       | 0 |                           Power      Power      Power      Power (Watts)
| INFO     | job0 | place.detailed       | 0 | ----------------------------------------------------------------
| INFO     | job0 | place.detailed       | 0 | Sequential             2.74e-02   1.72e-02   4.85e-05   4.47e-02  19.7%
| INFO     | job0 | place.detailed       | 0 | Combinational          8.35e-02   9.83e-02   4.87e-05   1.82e-01  80.3%
| INFO     | job0 | place.detailed       | 0 | Clock                  0.00e+00   0.00e+00   0.00e+00   0.00e+00   0.0%
| INFO     | job0 | place.detailed       | 0 | Macro                  0.00e+00   0.00e+00   0.00e+00   0.00e+00   0.0%
| INFO     | job0 | place.detailed       | 0 | Pad                    0.00e+00   0.00e+00   0.00e+00   0.00e+00   0.0%
| INFO     | job0 | place.detailed       | 0 | ----------------------------------------------------------------
| INFO     | job0 | place.detailed       | 0 | Total                  1.11e-01   1.15e-01   9.72e-05   2.26e-01 100.0%
| INFO     | job0 | place.detailed       | 0 |                           49.0%      51.0%       0.0%
| INFO     | job0 | place.detailed       | 0 | Power for corner: slow
| INFO     | job0 | place.detailed       | 0 | Group                  Internal  Switching    Leakage      Total
| INFO     | job0 | place.detailed       | 0 |                           Power      Power      Power      Power (Watts)
| INFO     | job0 | place.detailed       | 0 | ----------------------------------------------------------------
| INFO     | job0 | place.detailed       | 0 | Sequential             1.10e-02   8.29e-03   6.26e-10   1.93e-02  19.7%
| INFO     | job0 | place.detailed       | 0 | Combinational          3.26e-02   4.61e-02   1.17e-09   7.87e-02  80.3%
| INFO     | job0 | place.detailed       | 0 | Clock                  0.00e+00   0.00e+00   0.00e+00   0.00e+00   0.0%
| INFO     | job0 | place.detailed       | 0 | Macro                  0.00e+00   0.00e+00   0.00e+00   0.00e+00   0.0%
| INFO     | job0 | place.detailed       | 0 | Pad                    0.00e+00   0.00e+00   0.00e+00   0.00e+00   0.0%
| INFO     | job0 | place.detailed       | 0 | ----------------------------------------------------------------
| INFO     | job0 | place.detailed       | 0 | Total                  4.36e-02   5.44e-02   1.79e-09   9.80e-02 100.0%
| INFO     | job0 | place.detailed       | 0 |                           44.5%      55.5%       0.0%
| INFO     | job0 | place.detailed       | 0 | Power for corner: typical
| INFO     | job0 | place.detailed       | 0 | Group                  Internal  Switching    Leakage      Total
| INFO     | job0 | place.detailed       | 0 |                           Power      Power      Power      Power (Watts)
| INFO     | job0 | place.detailed       | 0 | ----------------------------------------------------------------
| INFO     | job0 | place.detailed       | 0 | Sequential             2.06e-02   1.44e-02   1.41e-08   3.50e-02  20.0%
| INFO     | job0 | place.detailed       | 0 | Combinational          5.82e-02   8.17e-02   1.70e-08   1.40e-01  80.0%
| INFO     | job0 | place.detailed       | 0 | Clock                  0.00e+00   0.00e+00   0.00e+00   0.00e+00   0.0%
| INFO     | job0 | place.detailed       | 0 | Macro                  0.00e+00   0.00e+00   0.00e+00   0.00e+00   0.0%
| INFO     | job0 | place.detailed       | 0 | Pad                    0.00e+00   0.00e+00   0.00e+00   0.00e+00   0.0%
| INFO     | job0 | place.detailed       | 0 | ----------------------------------------------------------------
| INFO     | job0 | place.detailed       | 0 | Total                  7.87e-02   9.61e-02   3.11e-08   1.75e-01 100.0%
| INFO     | job0 | place.detailed       | 0 |                           45.0%      55.0%       0.0%
| INFO     | job0 | place.detailed       | 0 | SC_METRIC: cellarea
| INFO     | job0 | place.detailed       | 0 | Design area 89348 u^2 44% utilization.
| INFO     | job0 | place.detailed       | 0 | Cell type report:                       Count       Area
| INFO     | job0 | place.detailed       | 0 |   Tap cell                               2672    3343.21
| INFO     | job0 | place.detailed       | 0 |   Buffer                                  113     878.34
| INFO     | job0 | place.detailed       | 0 |   Timing Repair Buffer                   1091    5642.91
| INFO     | job0 | place.detailed       | 0 |   Inverter                                224     923.39
| INFO     | job0 | place.detailed       | 0 |   Sequential cell                        1597   45129.53
| INFO     | job0 | place.detailed       | 0 |   Multi-Input combinational cell         4190   36774.02
| INFO     | job0 | place.detailed       | 0 |   Total                                  9887   92691.40
| INFO     | job0 | place.detailed       | 0 | 
| INFO     | job0 | place.detailed       | 0 | Cell instance report:
| INFO     | job0 | place.detailed       | 0 |   sky130_fd_sc_hd__a2111oi_0                1       8.76
| INFO     | job0 | place.detailed       | 0 |   sky130_fd_sc_hd__a2111oi_1                2      20.02
| INFO     | job0 | place.detailed       | 0 |   sky130_fd_sc_hd__a211o_1                 15     131.38
| INFO     | job0 | place.detailed       | 0 |   sky130_fd_sc_hd__a211o_4                  1      17.52
| INFO     | job0 | place.detailed       | 0 |   sky130_fd_sc_hd__a211oi_1                32     240.23
| INFO     | job0 | place.detailed       | 0 |   sky130_fd_sc_hd__a21boi_0                 9      67.56
| INFO     | job0 | place.detailed       | 0 |   sky130_fd_sc_hd__a21boi_1                 2      15.01
| INFO     | job0 | place.detailed       | 0 |   sky130_fd_sc_hd__a21boi_2                 2      22.52
| INFO     | job0 | place.detailed       | 0 |   sky130_fd_sc_hd__a21boi_4                 1      18.77
| INFO     | job0 | place.detailed       | 0 |   sky130_fd_sc_hd__a21o_1                  60     450.43
| INFO     | job0 | place.detailed       | 0 |   sky130_fd_sc_hd__a21o_4                   7     105.10
| INFO     | job0 | place.detailed       | 0 |   sky130_fd_sc_hd__a21oi_1                310    1551.49
| INFO     | job0 | place.detailed       | 0 |   sky130_fd_sc_hd__a21oi_2                 60     525.50
| INFO     | job0 | place.detailed       | 0 |   sky130_fd_sc_hd__a221o_4                  2      42.54
| INFO     | job0 | place.detailed       | 0 |   sky130_fd_sc_hd__a221oi_1                46     402.89
| INFO     | job0 | place.detailed       | 0 |   sky130_fd_sc_hd__a222oi_1                39     390.37
| INFO     | job0 | place.detailed       | 0 |   sky130_fd_sc_hd__a22o_1                  16     140.13
| INFO     | job0 | place.detailed       | 0 |   sky130_fd_sc_hd__a22oi_1                 73     548.03
| INFO     | job0 | place.detailed       | 0 |   sky130_fd_sc_hd__a2bb2oi_1                3      26.28
| INFO     | job0 | place.detailed       | 0 |   sky130_fd_sc_hd__a311oi_1                 2      17.52
| INFO     | job0 | place.detailed       | 0 |   sky130_fd_sc_hd__a31o_1                   3      26.28
| INFO     | job0 | place.detailed       | 0 |   sky130_fd_sc_hd__a31o_4                   2      35.03
| INFO     | job0 | place.detailed       | 0 |   sky130_fd_sc_hd__a31oi_1                 71     444.18
| INFO     | job0 | place.detailed       | 0 |   sky130_fd_sc_hd__a32o_1                   6      60.06
| INFO     | job0 | place.detailed       | 0 |   sky130_fd_sc_hd__a32oi_1                 14     122.62
| INFO     | job0 | place.detailed       | 0 |   sky130_fd_sc_hd__a41o_1                   1      10.01
| INFO     | job0 | place.detailed       | 0 |   sky130_fd_sc_hd__a41oi_1                  5      43.79
| INFO     | job0 | place.detailed       | 0 |   sky130_fd_sc_hd__and2_0                  13      81.33
| INFO     | job0 | place.detailed       | 0 |   sky130_fd_sc_hd__and2_4                  18     157.65
| INFO     | job0 | place.detailed       | 0 |   sky130_fd_sc_hd__and3_1                  24     150.14
| INFO     | job0 | place.detailed       | 0 |   sky130_fd_sc_hd__and3_4                  39     439.17
| INFO     | job0 | place.detailed       | 0 |   sky130_fd_sc_hd__and3b_1                  1       8.76
| INFO     | job0 | place.detailed       | 0 |   sky130_fd_sc_hd__and4_1                   3      26.28
| INFO     | job0 | place.detailed       | 0 |   sky130_fd_sc_hd__and4_4                  24     270.26
| INFO     | job0 | place.detailed       | 0 |   sky130_fd_sc_hd__and4b_4                  2      27.53
| INFO     | job0 | place.detailed       | 0 |   sky130_fd_sc_hd__buf_1                  728    2732.62
| INFO     | job0 | place.detailed       | 0 |   sky130_fd_sc_hd__buf_2                   83     415.40
| INFO     | job0 | place.detailed       | 0 |   sky130_fd_sc_hd__buf_4                  274    2056.97
| INFO     | job0 | place.detailed       | 0 |   sky130_fd_sc_hd__buf_6                   95    1069.78
| INFO     | job0 | place.detailed       | 0 |   sky130_fd_sc_hd__clkdlybuf4s15_1          8      80.08
| INFO     | job0 | place.detailed       | 0 |   sky130_fd_sc_hd__clkdlybuf4s15_2          5      56.30
| INFO     | job0 | place.detailed       | 0 |   sky130_fd_sc_hd__clkdlybuf4s18_2         11     110.11
| INFO     | job0 | place.detailed       | 0 |   sky130_fd_sc_hd__clkinv_1                32     120.12
| INFO     | job0 | place.detailed       | 0 |   sky130_fd_sc_hd__clkinv_2                 2      10.01
| INFO     | job0 | place.detailed       | 0 |   sky130_fd_sc_hd__clkinv_8                 1      16.27
| INFO     | job0 | place.detailed       | 0 |   sky130_fd_sc_hd__conb_1                 138     518.00
| INFO     | job0 | place.detailed       | 0 |   sky130_fd_sc_hd__dfxtp_1                 54    1081.04
| INFO     | job0 | place.detailed       | 0 |   sky130_fd_sc_hd__dfxtp_2                256    5445.22
| INFO     | job0 | place.detailed       | 0 |   sky130_fd_sc_hd__dfxtp_4                  7     166.41
| INFO     | job0 | place.detailed       | 0 |   sky130_fd_sc_hd__edfxtp_1              1280   38436.86
| INFO     | job0 | place.detailed       | 0 |   sky130_fd_sc_hd__fa_1                     5     100.10
| INFO     | job0 | place.detailed       | 0 |   sky130_fd_sc_hd__ha_1                   185    2314.72
| INFO     | job0 | place.detailed       | 0 |   sky130_fd_sc_hd__ha_2                    14     210.20
| INFO     | job0 | place.detailed       | 0 |   sky130_fd_sc_hd__inv_1                  143     536.76
| INFO     | job0 | place.detailed       | 0 |   sky130_fd_sc_hd__inv_2                   21      78.83
| INFO     | job0 | place.detailed       | 0 |   sky130_fd_sc_hd__inv_4                   23     143.89
| INFO     | job0 | place.detailed       | 0 |   sky130_fd_sc_hd__inv_6                    2      17.52
| INFO     | job0 | place.detailed       | 0 |   sky130_fd_sc_hd__mux2_1                  52     585.56
| INFO     | job0 | place.detailed       | 0 |   sky130_fd_sc_hd__mux2_4                   8     120.12
| INFO     | job0 | place.detailed       | 0 |   sky130_fd_sc_hd__mux2i_1                 87     870.84
| INFO     | job0 | place.detailed       | 0 |   sky130_fd_sc_hd__mux4_2                 545   12274.27
| INFO     | job0 | place.detailed       | 0 |   sky130_fd_sc_hd__nand2_1                430    1614.05
| INFO     | job0 | place.detailed       | 0 |   sky130_fd_sc_hd__nand2_4                 86     968.43
| INFO     | job0 | place.detailed       | 0 |   sky130_fd_sc_hd__nand2b_1                18     112.61
| INFO     | job0 | place.detailed       | 0 |   sky130_fd_sc_hd__nand3_1                 79     395.38
| INFO     | job0 | place.detailed       | 0 |   sky130_fd_sc_hd__nand3b_1                 3      22.52
| INFO     | job0 | place.detailed       | 0 |   sky130_fd_sc_hd__nand4_1                 29     181.42
| INFO     | job0 | place.detailed       | 0 |   sky130_fd_sc_hd__nand4b_1                 1       8.76
| INFO     | job0 | place.detailed       | 0 |   sky130_fd_sc_hd__nor2_1                 379    1422.61
| INFO     | job0 | place.detailed       | 0 |   sky130_fd_sc_hd__nor2_2                  67     419.15
| INFO     | job0 | place.detailed       | 0 |   sky130_fd_sc_hd__nor2_4                  40     450.43
| INFO     | job0 | place.detailed       | 0 |   sky130_fd_sc_hd__nor2b_1                 16     100.10
| INFO     | job0 | place.detailed       | 0 |   sky130_fd_sc_hd__nor2b_2                  3      26.28
| INFO     | job0 | place.detailed       | 0 |   sky130_fd_sc_hd__nor2b_4                  4      55.05
| INFO     | job0 | place.detailed       | 0 |   sky130_fd_sc_hd__nor3_1                 108     540.52
| INFO     | job0 | place.detailed       | 0 |   sky130_fd_sc_hd__nor3_2                  19     190.18
| INFO     | job0 | place.detailed       | 0 |   sky130_fd_sc_hd__nor3_4                   1      16.27
| INFO     | job0 | place.detailed       | 0 |   sky130_fd_sc_hd__nor3b_1                 11      82.58
| INFO     | job0 | place.detailed       | 0 |   sky130_fd_sc_hd__nor3b_2                  3      37.54
| INFO     | job0 | place.detailed       | 0 |   sky130_fd_sc_hd__nor4_1                  13      81.33
| INFO     | job0 | place.detailed       | 0 |   sky130_fd_sc_hd__nor4_2                  15     187.68
| INFO     | job0 | place.detailed       | 0 |   sky130_fd_sc_hd__nor4b_1                  1       8.76
| INFO     | job0 | place.detailed       | 0 |   sky130_fd_sc_hd__nor4b_2                  2      30.03
| INFO     | job0 | place.detailed       | 0 |   sky130_fd_sc_hd__o2111ai_1                1       8.76
| INFO     | job0 | place.detailed       | 0 |   sky130_fd_sc_hd__o211ai_1                26     195.19
| INFO     | job0 | place.detailed       | 0 |   sky130_fd_sc_hd__o21a_1                  75     563.04
| INFO     | job0 | place.detailed       | 0 |   sky130_fd_sc_hd__o21ai_0                486    2432.33
| INFO     | job0 | place.detailed       | 0 |   sky130_fd_sc_hd__o21ai_1                  2      10.01
| INFO     | job0 | place.detailed       | 0 |   sky130_fd_sc_hd__o21ai_4                  5      81.33
| INFO     | job0 | place.detailed       | 0 |   sky130_fd_sc_hd__o21bai_1                31     232.72
| INFO     | job0 | place.detailed       | 0 |   sky130_fd_sc_hd__o21bai_2                 5      56.30
| INFO     | job0 | place.detailed       | 0 |   sky130_fd_sc_hd__o21bai_4                 2      37.54
| INFO     | job0 | place.detailed       | 0 |   sky130_fd_sc_hd__o221a_1                  5      56.30
| INFO     | job0 | place.detailed       | 0 |   sky130_fd_sc_hd__o221ai_1                28     245.24
| INFO     | job0 | place.detailed       | 0 |   sky130_fd_sc_hd__o221ai_2                12     180.17
| INFO     | job0 | place.detailed       | 0 |   sky130_fd_sc_hd__o22a_1                   2      17.52
| INFO     | job0 | place.detailed       | 0 |   sky130_fd_sc_hd__o22ai_1                 21     131.38
| INFO     | job0 | place.detailed       | 0 |   sky130_fd_sc_hd__o22ai_2                  5      62.56
| INFO     | job0 | place.detailed       | 0 |   sky130_fd_sc_hd__o311a_1                  1      10.01
| INFO     | job0 | place.detailed       | 0 |   sky130_fd_sc_hd__o311ai_0                16     140.13
| INFO     | job0 | place.detailed       | 0 |   sky130_fd_sc_hd__o311ai_1                 1       8.76
| INFO     | job0 | place.detailed       | 0 |   sky130_fd_sc_hd__o31a_1                   3      26.28
| INFO     | job0 | place.detailed       | 0 |   sky130_fd_sc_hd__o31ai_1                 22     165.16
| INFO     | job0 | place.detailed       | 0 |   sky130_fd_sc_hd__o32a_1                   1      10.01
| INFO     | job0 | place.detailed       | 0 |   sky130_fd_sc_hd__o32ai_1                 17     148.89
| INFO     | job0 | place.detailed       | 0 |   sky130_fd_sc_hd__o41ai_1                  1       8.76
| INFO     | job0 | place.detailed       | 0 |   sky130_fd_sc_hd__or2_0                    1       6.26
| INFO     | job0 | place.detailed       | 0 |   sky130_fd_sc_hd__or2_4                   11      96.34
| INFO     | job0 | place.detailed       | 0 |   sky130_fd_sc_hd__or3_1                    6      37.54
| INFO     | job0 | place.detailed       | 0 |   sky130_fd_sc_hd__or3_4                   11     123.87
| INFO     | job0 | place.detailed       | 0 |   sky130_fd_sc_hd__or4_1                    2      15.01
| INFO     | job0 | place.detailed       | 0 |   sky130_fd_sc_hd__or4_4                    2      22.52
| INFO     | job0 | place.detailed       | 0 |   sky130_fd_sc_hd__or4b_1                   2      20.02
| INFO     | job0 | place.detailed       | 0 |   sky130_fd_sc_hd__or4b_4                   2      27.53
| INFO     | job0 | place.detailed       | 0 |   sky130_fd_sc_hd__tapvpwrvgnd_1         2672    3343.21
| INFO     | job0 | place.detailed       | 0 |   sky130_fd_sc_hd__xnor2_1                 92     805.77
| INFO     | job0 | place.detailed       | 0 |   sky130_fd_sc_hd__xor2_1                  21     183.93
| INFO     | job0 | place.detailed       | 0 |   sky130_fd_sc_hd__xor2_2                   1      16.27
| INFO     | job0 | place.detailed       | 0 | utl::pop_metrics_stage
| INFO     | job0 | place.detailed       | 0 | # Images
| INFO     | job0 | place.detailed       | 0 | utl::push_metrics_stage "sc__image__{}"
| INFO     | job0 | place.detailed       | 0 | if {
| INFO     | job0 | place.detailed       | 0 |     [sc_has_gui] &&
| INFO     | job0 | place.detailed       | 0 |     [lindex [sc_cfg_tool_task_get var ord_enable_images] 0] == "true"
| INFO     | job0 | place.detailed       | 0 | } {
| INFO     | job0 | place.detailed       | 0 |     if { [gui::enabled] } {
| INFO     | job0 | place.detailed       | 0 |         source "$sc_refdir/common/write_images.tcl"
| INFO     | job0 | place.detailed       | 0 |     } else {
| INFO     | job0 | place.detailed       | 0 |         gui::show "source \"$sc_refdir/common/write_images.tcl\"" false
| INFO     | job0 | place.detailed       | 0 |     }
| INFO     | job0 | place.detailed       | 0 | }
| INFO     | job0 | place.detailed       | 0 | [WARNING GUI-0076] QStandardPaths: XDG_RUNTIME_DIR not set, defaulting to '/tmp/runtime-www-data'
| INFO     | job0 | place.detailed       | 0 | [INFO FLW-0001] Saving "snapshot" to reports/images/picorv32.png
| INFO     | job0 | place.detailed       | 0 | [INFO FLW-0001] Saving "placement" to reports/images/picorv32.placement.png
| INFO     | job0 | place.detailed       | 0 | [INFO FLW-0001] Saving setup timing histogram to reports/images/timing/setup.histogram.png
| INFO     | job0 | place.detailed       | 0 | [WARNING GUI-0097] All pins are unconstrained. Cannot plot histogram. Check if timing data is loaded!
| INFO     | job0 | place.detailed       | 0 | [INFO FLW-0001] Saving "placement density heatmap" to reports/images/heatmap/placement_density.png
| INFO     | job0 | place.detailed       | 0 | [INFO FLW-0001] Saving "estimated routing congestion heatmap" to reports/images/heatmap/estimated_routing_congestion.png
| INFO     | job0 | place.detailed       | 0 | [INFO FLW-0001] Saving "power density for fast heatmap" to reports/images/heatmap/power_density/fast.png
| INFO     | job0 | place.detailed       | 0 | [INFO FLW-0001] Saving "power density for slow heatmap" to reports/images/heatmap/power_density/slow.png
| INFO     | job0 | place.detailed       | 0 | [INFO FLW-0001] Saving "power density for typical heatmap" to reports/images/heatmap/power_density/typical.png
| INFO     | job0 | place.detailed       | 0 | [INFO FLW-0001] Saving "optimizer" to reports/images/picorv32.optimizer.png
| INFO     | job0 | place.detailed       | 0 | utl::pop_metrics_stage
| WARNING  | job0 | place.detailed       | 0 | 168: [WARNING FLW-0001] No clocks defined.
| WARNING  | job0 | place.detailed       | 0 | 646: [WARNING GUI-0076] QStandardPaths: XDG_RUNTIME_DIR not set, defaulting to '/tmp/runtime-www-data'
| WARNING  | job0 | place.detailed       | 0 | 650: [WARNING GUI-0097] All pins are unconstrained. Cannot plot histogram. Check if timing data is loaded!
| INFO     | job0 | place.detailed       | 0 | Number of errors: 0
| INFO     | job0 | place.detailed       | 0 | Number of warnings: 3
| INFO     | job0 | place.detailed       | 0 | Finished task in 27.94s
| INFO     | job0 | place.detailed       | 0 | Archiving place.detailed0...
