Startpoint: latched_stalu$_SDFFE_PN0P_ (rising edge-triggered flip-flop)
Endpoint: reg_next_pc[31]$_SDFFE_PN0P_ (rising edge-triggered flip-flop)
Path Group: unconstrained
Path Type: max
Corner: slow

Fanout     Cap    Slew   Delay    Time   Description
-----------------------------------------------------------------------------
                  0.97    0.00    0.00 ^ latched_stalu$_SDFFE_PN0P_/CLK (sky130_fd_sc_hd__dfxtp_2)
    33    0.24    4.43    4.89    4.89 ^ latched_stalu$_SDFFE_PN0P_/Q (sky130_fd_sc_hd__dfxtp_2)
                                         latched_stalu (net)
                  4.43    0.00    4.89 ^ _5682_/S (sky130_fd_sc_hd__mux2i_1)
     2    0.02    1.72    3.23    8.12 ^ _5682_/Y (sky130_fd_sc_hd__mux2i_1)
                                         _1275_ (net)
                  1.72    0.00    8.12 ^ _5684_/A2 (sky130_fd_sc_hd__o21a_1)
     4    0.02    0.85    1.53    9.66 ^ _5684_/X (sky130_fd_sc_hd__o21a_1)
                                         _1277_ (net)
                  0.85    0.00    9.66 ^ _5685_/A (sky130_fd_sc_hd__inv_1)
     2    0.01    0.17    0.50   10.16 v _5685_/Y (sky130_fd_sc_hd__inv_1)
                                         _4144_ (net)
                  0.17    0.00   10.16 v _9165_/B (sky130_fd_sc_hd__ha_1)
     3    0.01    0.24    1.49   11.66 v _9165_/SUM (sky130_fd_sc_hd__ha_1)
                                         _4200_ (net)
                  0.24    0.00   11.66 v _7858_/B_N (sky130_fd_sc_hd__nor2b_1)
     1    0.00    0.08    0.56   12.22 v _7858_/Y (sky130_fd_sc_hd__nor2b_1)
                                         _3121_ (net)
                  0.08    0.00   12.22 v _7859_/A2 (sky130_fd_sc_hd__o21ai_0)
     2    0.01    1.18    1.08   13.30 ^ _7859_/Y (sky130_fd_sc_hd__o21ai_0)
                                         _3122_ (net)
                  1.18    0.00   13.30 ^ _7862_/A2 (sky130_fd_sc_hd__a21boi_2)
     2    0.01    0.17    0.64   13.94 v _7862_/Y (sky130_fd_sc_hd__a21boi_2)
                                         _3125_ (net)
                  0.17    0.00   13.94 v _7880_/A2 (sky130_fd_sc_hd__o21ai_0)
     2    0.01    1.29    1.21   15.15 ^ _7880_/Y (sky130_fd_sc_hd__o21ai_0)
                                         _3141_ (net)
                  1.29    0.00   15.15 ^ _7883_/A2 (sky130_fd_sc_hd__a21boi_1)
     2    0.01    0.22    0.76   15.91 v _7883_/Y (sky130_fd_sc_hd__a21boi_1)
                                         _3144_ (net)
                  0.22    0.00   15.91 v _7899_/A2 (sky130_fd_sc_hd__o21ai_0)
     2    0.01    1.02    1.03   16.94 ^ _7899_/Y (sky130_fd_sc_hd__o21ai_0)
                                         _3158_ (net)
                  1.02    0.00   16.94 ^ _7900_/A2 (sky130_fd_sc_hd__a21boi_0)
     2    0.01    0.24    0.72   17.66 v _7900_/Y (sky130_fd_sc_hd__a21boi_0)
                                         _3159_ (net)
                  0.24    0.00   17.66 v _7923_/A2 (sky130_fd_sc_hd__o21ai_0)
     2    0.01    1.18    1.17   18.83 ^ _7923_/Y (sky130_fd_sc_hd__o21ai_0)
                                         _3180_ (net)
                  1.18    0.00   18.83 ^ _7924_/A2 (sky130_fd_sc_hd__a21boi_2)
     2    0.01    0.18    0.66   19.48 v _7924_/Y (sky130_fd_sc_hd__a21boi_2)
                                         _3181_ (net)
                  0.18    0.00   19.48 v _7947_/A2 (sky130_fd_sc_hd__o21ai_0)
     2    0.01    1.43    1.33   20.81 ^ _7947_/Y (sky130_fd_sc_hd__o21ai_0)
                                         _3202_ (net)
                  1.43    0.00   20.81 ^ _7948_/A2 (sky130_fd_sc_hd__a21boi_0)
     2    0.01    0.29    0.91   21.72 v _7948_/Y (sky130_fd_sc_hd__a21boi_0)
                                         _3203_ (net)
                  0.29    0.00   21.72 v _7975_/A2 (sky130_fd_sc_hd__o21ai_0)
     2    0.01    1.22    1.23   22.95 ^ _7975_/Y (sky130_fd_sc_hd__o21ai_0)
                                         _3228_ (net)
                  1.22    0.00   22.95 ^ _7976_/A2 (sky130_fd_sc_hd__a21boi_2)
     2    0.01    0.16    0.65   23.60 v _7976_/Y (sky130_fd_sc_hd__a21boi_2)
                                         _3229_ (net)
                  0.16    0.00   23.60 v _7999_/A2 (sky130_fd_sc_hd__o21ai_0)
     2    0.01    0.94    0.94   24.54 ^ _7999_/Y (sky130_fd_sc_hd__o21ai_0)
                                         _3250_ (net)
                  0.94    0.00   24.54 ^ _8000_/A2 (sky130_fd_sc_hd__a21boi_0)
     2    0.01    0.24    0.68   25.22 v _8000_/Y (sky130_fd_sc_hd__a21boi_0)
                                         _3251_ (net)
                  0.24    0.00   25.22 v _8021_/A2 (sky130_fd_sc_hd__o21ai_0)
     2    0.01    1.23    1.21   26.43 ^ _8021_/Y (sky130_fd_sc_hd__o21ai_0)
                                         _3270_ (net)
                  1.23    0.00   26.43 ^ _8022_/A2 (sky130_fd_sc_hd__a21boi_1)
     2    0.01    0.21    0.72   27.15 v _8022_/Y (sky130_fd_sc_hd__a21boi_1)
                                         _3271_ (net)
                  0.21    0.00   27.15 v _8042_/A2 (sky130_fd_sc_hd__o21ai_0)
     2    0.01    1.04    1.04   28.19 ^ _8042_/Y (sky130_fd_sc_hd__o21ai_0)
                                         _3289_ (net)
                  1.04    0.00   28.19 ^ _8044_/A2 (sky130_fd_sc_hd__a21oi_1)
     2    0.01    0.19    0.64   28.84 v _8044_/Y (sky130_fd_sc_hd__a21oi_1)
                                         _3291_ (net)
                  0.19    0.00   28.84 v _8065_/A2 (sky130_fd_sc_hd__o21ai_0)
     2    0.01    1.61    1.47   30.31 ^ _8065_/Y (sky130_fd_sc_hd__o21ai_0)
                                         _3310_ (net)
                  1.61    0.00   30.31 ^ _8066_/A2 (sky130_fd_sc_hd__a21boi_1)
     2    0.01    0.24    0.87   31.18 v _8066_/Y (sky130_fd_sc_hd__a21boi_1)
                                         _3311_ (net)
                  0.24    0.00   31.18 v _8081_/A2 (sky130_fd_sc_hd__o21ai_0)
     2    0.01    1.09    1.10   32.28 ^ _8081_/Y (sky130_fd_sc_hd__o21ai_0)
                                         _3324_ (net)
                  1.09    0.00   32.28 ^ _8084_/A2 (sky130_fd_sc_hd__a21boi_0)
     2    0.01    0.25    0.76   33.04 v _8084_/Y (sky130_fd_sc_hd__a21boi_0)
                                         _3327_ (net)
                  0.25    0.00   33.04 v _8102_/A2 (sky130_fd_sc_hd__o21ai_0)
     3    0.01    1.54    1.46   34.50 ^ _8102_/Y (sky130_fd_sc_hd__o21ai_0)
                                         _3343_ (net)
                  1.54    0.00   34.50 ^ _8150_/A2 (sky130_fd_sc_hd__a2111oi_0)
     2    0.01    0.32    0.98   35.48 v _8150_/Y (sky130_fd_sc_hd__a2111oi_0)
                                         _3387_ (net)
                  0.32    0.00   35.48 v _8155_/A1 (sky130_fd_sc_hd__o21ai_0)
     1    0.00    0.48    0.71   36.18 ^ _8155_/Y (sky130_fd_sc_hd__o21ai_0)
                                         _3392_ (net)
                  0.48    0.00   36.18 ^ _8156_/B (sky130_fd_sc_hd__nand2_1)
     1    0.00    0.09    0.31   36.49 v _8156_/Y (sky130_fd_sc_hd__nand2_1)
                                         _3393_ (net)
                  0.09    0.00   36.49 v _8159_/A2 (sky130_fd_sc_hd__o221ai_1)
     1    0.00    0.78    0.82   37.31 ^ _8159_/Y (sky130_fd_sc_hd__o221ai_1)
                                         _3396_ (net)
                  0.78    0.00   37.31 ^ _8161_/B1 (sky130_fd_sc_hd__a22o_1)
     1    0.00    0.13    0.69   38.00 ^ _8161_/X (sky130_fd_sc_hd__a22o_1)
                                         _0270_ (net)
                  0.13    0.00   38.00 ^ reg_next_pc[31]$_SDFFE_PN0P_/D (sky130_fd_sc_hd__dfxtp_1)
                                 38.00   data arrival time
-----------------------------------------------------------------------------
(Path is unconstrained)


