[ 0.269,  0.333): *************** (159)
[ 0.333,  0.398): ********** (101)
[ 0.398,  0.463): ************** (145)
[ 0.463,  0.527): ******** (80)
[ 0.527,  0.592): ************************************************** (522)
[ 0.592,  0.657): ************* (138)
[ 0.657,  0.722): ************************** (267)
[ 0.722,  0.786): ***************** (181)
[ 0.786,  0.851): ********************************* (343)
[ 0.851,  0.916): *************** (161)
[ 0.916,  0.980): ********************** (227)
[ 0.980,  1.045): ************* (133)
[ 1.045,  1.110): ******** (88)
[ 1.110,  1.175): ****** (66)
[ 1.175,  1.239): ***** (47)
[ 1.239,  1.304): ****** (58)
[ 1.304,  1.369): **** (42)
[ 1.369,  1.434): * (4)
[ 1.434,  1.498): * (2)
[ 1.498,  1.563]: * (2)
