[-2.664, -1.398): * (2)
[-1.398, -0.131):  (0)
[-0.131,  1.135): * (9)
[ 1.135,  2.401): * (14)
[ 2.401,  3.668): ** (24)
[ 3.668,  4.934): ** (22)
[ 4.934,  6.201): ** (19)
[ 6.201,  7.467): ** (19)
[ 7.467,  8.733): ***** (59)
[ 8.733, 10.000): ************** (162)
[10.000, 11.266): ************************************************ (571)
[11.266, 12.533): *************** (181)
[12.533, 13.799): *************** (178)
[13.799, 15.066): ********************************* (391)
[15.066, 16.332): ************************************************** (592)
[16.332, 17.598): ***************************** (339)
[17.598, 18.865): ******** (96)
[18.865, 20.131): ***** (63)
[20.131, 21.398): ** (20)
[21.398, 22.664]: * (5)
