Startpoint: rv32_soc/decoded_imm[1]$_SDFFCE_PN0P_
            (rising edge-triggered flip-flop clocked by clk0)
Endpoint: rv32_soc/reg_out[31]$_DFF_P_
          (rising edge-triggered flip-flop clocked by clk0)
Path Group: clk0
Path Type: max
Corner: slow

Fanout     Cap    Slew   Delay    Time   Description
-----------------------------------------------------------------------------
                          0.00    0.00   clock clk0 (rise edge)
                          0.00    0.00   clock source latency
     3    0.06    2.65    1.93    1.93 ^ clk (in)
                                         clk (net)
                  2.65    0.00    1.93 ^ clkbuf_regs_0_clk0/A (sky130_fd_sc_hd__clkbuf_16)
     1    0.01    0.11    1.52    3.45 ^ clkbuf_regs_0_clk0/X (sky130_fd_sc_hd__clkbuf_16)
                                         clk_regs (net)
                  0.11    0.00    3.45 ^ clkbuf_0_clk_regs/A (sky130_fd_sc_hd__clkbuf_16)
     2    0.01    0.11    0.35    3.80 ^ clkbuf_0_clk_regs/X (sky130_fd_sc_hd__clkbuf_16)
                                         clknet_0_clk_regs (net)
                  0.11    0.00    3.80 ^ clkbuf_1_1_0_clk_regs/A (sky130_fd_sc_hd__clkbuf_16)
     2    0.01    0.11    0.35    4.14 ^ clkbuf_1_1_0_clk_regs/X (sky130_fd_sc_hd__clkbuf_16)
                                         clknet_1_1_0_clk_regs (net)
                  0.11    0.00    4.14 ^ clkbuf_2_2_0_clk_regs/A (sky130_fd_sc_hd__clkbuf_16)
     2    0.01    0.11    0.35    4.49 ^ clkbuf_2_2_0_clk_regs/X (sky130_fd_sc_hd__clkbuf_16)
                                         clknet_2_2_0_clk_regs (net)
                  0.11    0.00    4.49 ^ clkbuf_3_5__f_clk_regs/A (sky130_fd_sc_hd__clkbuf_16)
     7    0.05    0.23    0.44    4.93 ^ clkbuf_3_5__f_clk_regs/X (sky130_fd_sc_hd__clkbuf_16)
                                         clknet_3_5__leaf_clk_regs (net)
                  0.23    0.00    4.93 ^ clkbuf_leaf_43_clk_regs/A (sky130_fd_sc_hd__clkbuf_16)
    31    0.05    0.23    0.51    5.44 ^ clkbuf_leaf_43_clk_regs/X (sky130_fd_sc_hd__clkbuf_16)
                                         clknet_leaf_43_clk_regs (net)
                  0.23    0.00    5.44 ^ rv32_soc/decoded_imm[1]$_SDFFCE_PN0P_/CLK (sky130_fd_sc_hd__edfxtp_1)
     4    0.01    0.32    1.80    7.24 v rv32_soc/decoded_imm[1]$_SDFFCE_PN0P_/Q (sky130_fd_sc_hd__edfxtp_1)
                                         rv32_soc/decoded_imm[1] (net)
                  0.32    0.00    7.24 v _9309_/A (sky130_fd_sc_hd__ha_2)
     2    0.01    0.15    0.94    8.18 v _9309_/COUT (sky130_fd_sc_hd__ha_2)
                                         _4237_ (net)
                  0.15    0.00    8.18 v _9300_/CIN (sky130_fd_sc_hd__fa_2)
     3    0.01    0.25    1.76    9.94 v _9300_/COUT (sky130_fd_sc_hd__fa_2)
                                         _4238_ (net)
                  0.25    0.00    9.94 v _5235_/A1 (sky130_fd_sc_hd__a21o_1)
     1    0.01    0.13    0.76   10.70 v _5235_/X (sky130_fd_sc_hd__a21o_1)
                                         _0759_ (net)
                  0.13    0.00   10.70 v _5236_/A2 (sky130_fd_sc_hd__a21oi_2)
     2    0.00    0.34    0.53   11.23 ^ _5236_/Y (sky130_fd_sc_hd__a21oi_2)
                                         _0760_ (net)
                  0.34    0.00   11.23 ^ _5260_/A2 (sky130_fd_sc_hd__o21bai_1)
     1    0.01    0.18    0.33   11.57 v _5260_/Y (sky130_fd_sc_hd__o21bai_1)
                                         _0782_ (net)
                  0.18    0.00   11.57 v _5261_/A2 (sky130_fd_sc_hd__a21oi_2)
     1    0.00    0.27    0.51   12.07 ^ _5261_/Y (sky130_fd_sc_hd__a21oi_2)
                                         _0783_ (net)
                  0.27    0.00   12.07 ^ rebuffer116/A (sky130_fd_sc_hd__buf_4)
     2    0.01    0.17    0.43   12.51 ^ rebuffer116/X (sky130_fd_sc_hd__buf_4)
                                         net265 (net)
                  0.17    0.00   12.51 ^ _5290_/A2 (sky130_fd_sc_hd__o21bai_4)
     1    0.00    0.10    0.16   12.67 v _5290_/Y (sky130_fd_sc_hd__o21bai_4)
                                         _0810_ (net)
                  0.10    0.00   12.67 v _5291_/A2 (sky130_fd_sc_hd__a21o_4)
     3    0.01    0.11    0.90   13.57 v _5291_/X (sky130_fd_sc_hd__a21o_4)
                                         _0811_ (net)
                  0.11    0.00   13.57 v _5316_/A2 (sky130_fd_sc_hd__a21oi_2)
     1    0.00    0.35    0.52   14.10 ^ _5316_/Y (sky130_fd_sc_hd__a21oi_2)
                                         _0834_ (net)
                  0.35    0.00   14.10 ^ _5317_/A (sky130_fd_sc_hd__nor2b_2)
     2    0.01    0.10    0.23   14.33 v _5317_/Y (sky130_fd_sc_hd__nor2b_2)
                                         _0835_ (net)
                  0.10    0.00   14.33 v _5319_/A2 (sky130_fd_sc_hd__o21a_1)
     2    0.00    0.11    0.72   15.05 v _5319_/X (sky130_fd_sc_hd__o21a_1)
                                         _0837_ (net)
                  0.11    0.00   15.05 v _5339_/A2 (sky130_fd_sc_hd__o21a_1)
     2    0.00    0.10    0.72   15.76 v _5339_/X (sky130_fd_sc_hd__o21a_1)
                                         _0855_ (net)
                  0.10    0.00   15.76 v _5342_/A2 (sky130_fd_sc_hd__o21ai_0)
     1    0.01    0.79    0.79   16.55 ^ _5342_/Y (sky130_fd_sc_hd__o21ai_0)
                                         _0858_ (net)
                  0.79    0.00   16.55 ^ rebuffer56/A (sky130_fd_sc_hd__buf_2)
     2    0.01    0.15    0.69   17.24 ^ rebuffer56/X (sky130_fd_sc_hd__buf_2)
                                         net205 (net)
                  0.15    0.00   17.24 ^ _5365_/A2 (sky130_fd_sc_hd__a21boi_2)
     2    0.00    0.09    0.15   17.39 v _5365_/Y (sky130_fd_sc_hd__a21boi_2)
                                         _0879_ (net)
                  0.09    0.00   17.39 v _5366_/A2 (sky130_fd_sc_hd__o21a_1)
     2    0.00    0.11    0.72   18.11 v _5366_/X (sky130_fd_sc_hd__o21a_1)
                                         _0880_ (net)
                  0.11    0.00   18.11 v _5404_/A2 (sky130_fd_sc_hd__o21a_1)
     2    0.00    0.11    0.73   18.84 v _5404_/X (sky130_fd_sc_hd__o21a_1)
                                         _0916_ (net)
                  0.11    0.00   18.84 v _5405_/A2 (sky130_fd_sc_hd__o21a_1)
     2    0.00    0.11    0.73   19.57 v _5405_/X (sky130_fd_sc_hd__o21a_1)
                                         _0917_ (net)
                  0.11    0.00   19.57 v _5425_/A2 (sky130_fd_sc_hd__o21a_1)
     2    0.00    0.11    0.72   20.29 v _5425_/X (sky130_fd_sc_hd__o21a_1)
                                         _0935_ (net)
                  0.11    0.00   20.29 v _5426_/A2 (sky130_fd_sc_hd__o21a_1)
     2    0.00    0.11    0.73   21.02 v _5426_/X (sky130_fd_sc_hd__o21a_1)
                                         _0936_ (net)
                  0.11    0.00   21.02 v _5446_/A2 (sky130_fd_sc_hd__o21a_1)
     2    0.01    0.19    0.82   21.85 v _5446_/X (sky130_fd_sc_hd__o21a_1)
                                         _0954_ (net)
                  0.19    0.00   21.85 v _5447_/A2 (sky130_fd_sc_hd__o21a_1)
     2    0.01    0.16    0.83   22.68 v _5447_/X (sky130_fd_sc_hd__o21a_1)
                                         _0955_ (net)
                  0.16    0.00   22.68 v _5467_/A2 (sky130_fd_sc_hd__o21a_1)
     2    0.01    0.21    0.86   23.55 v _5467_/X (sky130_fd_sc_hd__o21a_1)
                                         _0973_ (net)
                  0.21    0.00   23.55 v _5468_/A2 (sky130_fd_sc_hd__o21a_1)
     2    0.01    0.14    0.82   24.36 v _5468_/X (sky130_fd_sc_hd__o21a_1)
                                         _0974_ (net)
                  0.14    0.00   24.36 v _5488_/A2 (sky130_fd_sc_hd__o21a_1)
     2    0.00    0.11    0.74   25.10 v _5488_/X (sky130_fd_sc_hd__o21a_1)
                                         _0992_ (net)
                  0.11    0.00   25.10 v _5489_/A2 (sky130_fd_sc_hd__o21a_1)
     2    0.00    0.11    0.72   25.82 v _5489_/X (sky130_fd_sc_hd__o21a_1)
                                         _0993_ (net)
                  0.11    0.00   25.82 v _5509_/A2 (sky130_fd_sc_hd__o21a_1)
     4    0.02    0.23    0.85   26.67 v _5509_/X (sky130_fd_sc_hd__o21a_1)
                                         _1011_ (net)
                  0.23    0.00   26.67 v _5552_/A2 (sky130_fd_sc_hd__o2111a_1)
     1    0.00    0.10    1.03   27.70 v _5552_/X (sky130_fd_sc_hd__o2111a_1)
                                         _1050_ (net)
                  0.10    0.00   27.70 v _5553_/A2 (sky130_fd_sc_hd__o21a_1)
     2    0.01    0.15    0.77   28.47 v _5553_/X (sky130_fd_sc_hd__o21a_1)
                                         _1051_ (net)
                  0.15    0.00   28.47 v _5557_/B (sky130_fd_sc_hd__or4_1)
     1    0.00    0.30    2.77   31.24 v _5557_/X (sky130_fd_sc_hd__or4_1)
                                         _1055_ (net)
                  0.30    0.00   31.24 v _5559_/B (sky130_fd_sc_hd__nand3_1)
     1    0.01    0.52    0.64   31.87 ^ _5559_/Y (sky130_fd_sc_hd__nand3_1)
                                         _1057_ (net)
                  0.52    0.00   31.87 ^ _5560_/C1 (sky130_fd_sc_hd__o311ai_1)
     1    0.00    0.15    0.38   32.25 v _5560_/Y (sky130_fd_sc_hd__o311ai_1)
                                         _4744_ (net)
                  0.15    0.00   32.25 v rv32_soc/reg_out[31]$_DFF_P_/D (sky130_fd_sc_hd__dfxtp_2)
                                 32.25   data arrival time

                         25.00   25.00   clock clk0 (rise edge)
                          0.00   25.00   clock source latency
     3    0.06    2.65    1.93   26.93 ^ clk (in)
                                         clk (net)
                  2.65    0.00   26.93 ^ clkbuf_regs_0_clk0/A (sky130_fd_sc_hd__clkbuf_16)
     1    0.01    0.11    1.52   28.45 ^ clkbuf_regs_0_clk0/X (sky130_fd_sc_hd__clkbuf_16)
                                         clk_regs (net)
                  0.11    0.00   28.45 ^ clkbuf_0_clk_regs/A (sky130_fd_sc_hd__clkbuf_16)
     2    0.01    0.11    0.35   28.80 ^ clkbuf_0_clk_regs/X (sky130_fd_sc_hd__clkbuf_16)
                                         clknet_0_clk_regs (net)
                  0.11    0.00   28.80 ^ clkbuf_1_1_0_clk_regs/A (sky130_fd_sc_hd__clkbuf_16)
     2    0.01    0.11    0.35   29.14 ^ clkbuf_1_1_0_clk_regs/X (sky130_fd_sc_hd__clkbuf_16)
                                         clknet_1_1_0_clk_regs (net)
                  0.11    0.00   29.14 ^ clkbuf_2_3_0_clk_regs/A (sky130_fd_sc_hd__clkbuf_16)
     2    0.01    0.11    0.35   29.49 ^ clkbuf_2_3_0_clk_regs/X (sky130_fd_sc_hd__clkbuf_16)
                                         clknet_2_3_0_clk_regs (net)
                  0.11    0.00   29.49 ^ clkbuf_3_6__f_clk_regs/A (sky130_fd_sc_hd__clkbuf_16)
     6    0.04    0.21    0.43   29.92 ^ clkbuf_3_6__f_clk_regs/X (sky130_fd_sc_hd__clkbuf_16)
                                         clknet_3_6__leaf_clk_regs (net)
                  0.21    0.00   29.92 ^ clkbuf_leaf_35_clk_regs/A (sky130_fd_sc_hd__clkbuf_16)
    23    0.03    0.19    0.46   30.38 ^ clkbuf_leaf_35_clk_regs/X (sky130_fd_sc_hd__clkbuf_16)
                                         clknet_leaf_35_clk_regs (net)
                  0.19    0.00   30.38 ^ rv32_soc/reg_out[31]$_DFF_P_/CLK (sky130_fd_sc_hd__dfxtp_2)
                          0.00   30.38   clock reconvergence pessimism
                         -0.79   29.59   library setup time
                                 29.59   data required time
-----------------------------------------------------------------------------
                                 29.59   data required time
                                -32.25   data arrival time
-----------------------------------------------------------------------------
                                 -2.66   slack (VIOLATED)


