[WARNING STA-0503] report_checks -group_count is deprecated. Use -group_path_count instead.
Startpoint: rv32_soc/decoded_imm[1]$_SDFFCE_PN0P_
            (rising edge-triggered flip-flop clocked by clk0)
Endpoint: rv32_soc/reg_out[31]$_DFF_P_
          (rising edge-triggered flip-flop clocked by clk0)
Path Group: clk0
Path Type: max
Corner: slow

Fanout     Cap    Slew   Delay    Time   Description
-----------------------------------------------------------------------------
                          0.00    0.00   clock clk0 (rise edge)
                          5.44    5.44   clock network delay (propagated)
                  0.23    0.00    5.44 ^ rv32_soc/decoded_imm[1]$_SDFFCE_PN0P_/CLK (sky130_fd_sc_hd__edfxtp_1)
     4    0.01    0.32    1.80    7.24 v rv32_soc/decoded_imm[1]$_SDFFCE_PN0P_/Q (sky130_fd_sc_hd__edfxtp_1)
                                         rv32_soc/decoded_imm[1] (net)
                  0.32    0.00    7.24 v _9309_/A (sky130_fd_sc_hd__ha_2)
     2    0.01    0.15    0.94    8.18 v _9309_/COUT (sky130_fd_sc_hd__ha_2)
                                         _4237_ (net)
                  0.15    0.00    8.18 v _9300_/CIN (sky130_fd_sc_hd__fa_2)
     3    0.01    0.25    1.76    9.94 v _9300_/COUT (sky130_fd_sc_hd__fa_2)
                                         _4238_ (net)
                  0.25    0.00    9.94 v _5235_/A1 (sky130_fd_sc_hd__a21o_1)
     1    0.01    0.13    0.76   10.70 v _5235_/X (sky130_fd_sc_hd__a21o_1)
                                         _0759_ (net)
                  0.13    0.00   10.70 v _5236_/A2 (sky130_fd_sc_hd__a21oi_2)
     2    0.00    0.34    0.53   11.23 ^ _5236_/Y (sky130_fd_sc_hd__a21oi_2)
                                         _0760_ (net)
                  0.34    0.00   11.23 ^ _5260_/A2 (sky130_fd_sc_hd__o21bai_1)
     1    0.01    0.18    0.33   11.57 v _5260_/Y (sky130_fd_sc_hd__o21bai_1)
                                         _0782_ (net)
                  0.18    0.00   11.57 v _5261_/A2 (sky130_fd_sc_hd__a21oi_2)
     1    0.00    0.27    0.51   12.07 ^ _5261_/Y (sky130_fd_sc_hd__a21oi_2)
                                         _0783_ (net)
                  0.27    0.00   12.07 ^ rebuffer116/A (sky130_fd_sc_hd__buf_4)
     2    0.01    0.17    0.43   12.51 ^ rebuffer116/X (sky130_fd_sc_hd__buf_4)
                                         net265 (net)
                  0.17    0.00   12.51 ^ _5290_/A2 (sky130_fd_sc_hd__o21bai_4)
     1    0.00    0.10    0.16   12.67 v _5290_/Y (sky130_fd_sc_hd__o21bai_4)
                                         _0810_ (net)
                  0.10    0.00   12.67 v _5291_/A2 (sky130_fd_sc_hd__a21o_4)
     3    0.01    0.11    0.90   13.57 v _5291_/X (sky130_fd_sc_hd__a21o_4)
                                         _0811_ (net)
                  0.11    0.00   13.57 v _5316_/A2 (sky130_fd_sc_hd__a21oi_2)
     1    0.00    0.35    0.52   14.10 ^ _5316_/Y (sky130_fd_sc_hd__a21oi_2)
                                         _0834_ (net)
                  0.35    0.00   14.10 ^ _5317_/A (sky130_fd_sc_hd__nor2b_2)
     2    0.01    0.10    0.23   14.33 v _5317_/Y (sky130_fd_sc_hd__nor2b_2)
                                         _0835_ (net)
                  0.10    0.00   14.33 v _5319_/A2 (sky130_fd_sc_hd__o21a_1)
     2    0.00    0.11    0.72   15.05 v _5319_/X (sky130_fd_sc_hd__o21a_1)
                                         _0837_ (net)
                  0.11    0.00   15.05 v _5339_/A2 (sky130_fd_sc_hd__o21a_1)
     2    0.00    0.10    0.72   15.76 v _5339_/X (sky130_fd_sc_hd__o21a_1)
                                         _0855_ (net)
                  0.10    0.00   15.76 v _5342_/A2 (sky130_fd_sc_hd__o21ai_0)
     1    0.01    0.79    0.79   16.55 ^ _5342_/Y (sky130_fd_sc_hd__o21ai_0)
                                         _0858_ (net)
                  0.79    0.00   16.55 ^ rebuffer56/A (sky130_fd_sc_hd__buf_2)
     2    0.01    0.15    0.69   17.24 ^ rebuffer56/X (sky130_fd_sc_hd__buf_2)
                                         net205 (net)
                  0.15    0.00   17.24 ^ _5365_/A2 (sky130_fd_sc_hd__a21boi_2)
     2    0.00    0.09    0.15   17.39 v _5365_/Y (sky130_fd_sc_hd__a21boi_2)
                                         _0879_ (net)
                  0.09    0.00   17.39 v _5366_/A2 (sky130_fd_sc_hd__o21a_1)
     2    0.00    0.11    0.72   18.11 v _5366_/X (sky130_fd_sc_hd__o21a_1)
                                         _0880_ (net)
                  0.11    0.00   18.11 v _5404_/A2 (sky130_fd_sc_hd__o21a_1)
     2    0.00    0.11    0.73   18.84 v _5404_/X (sky130_fd_sc_hd__o21a_1)
                                         _0916_ (net)
                  0.11    0.00   18.84 v _5405_/A2 (sky130_fd_sc_hd__o21a_1)
     2    0.00    0.11    0.73   19.57 v _5405_/X (sky130_fd_sc_hd__o21a_1)
                                         _0917_ (net)
                  0.11    0.00   19.57 v _5425_/A2 (sky130_fd_sc_hd__o21a_1)
     2    0.00    0.11    0.72   20.29 v _5425_/X (sky130_fd_sc_hd__o21a_1)
                                         _0935_ (net)
                  0.11    0.00   20.29 v _5426_/A2 (sky130_fd_sc_hd__o21a_1)
     2    0.00    0.11    0.73   21.02 v _5426_/X (sky130_fd_sc_hd__o21a_1)
                                         _0936_ (net)
                  0.11    0.00   21.02 v _5446_/A2 (sky130_fd_sc_hd__o21a_1)
     2    0.01    0.19    0.82   21.85 v _5446_/X (sky130_fd_sc_hd__o21a_1)
                                         _0954_ (net)
                  0.19    0.00   21.85 v _5447_/A2 (sky130_fd_sc_hd__o21a_1)
     2    0.01    0.16    0.83   22.68 v _5447_/X (sky130_fd_sc_hd__o21a_1)
                                         _0955_ (net)
                  0.16    0.00   22.68 v _5467_/A2 (sky130_fd_sc_hd__o21a_1)
     2    0.01    0.21    0.86   23.55 v _5467_/X (sky130_fd_sc_hd__o21a_1)
                                         _0973_ (net)
                  0.21    0.00   23.55 v _5468_/A2 (sky130_fd_sc_hd__o21a_1)
     2    0.01    0.14    0.82   24.36 v _5468_/X (sky130_fd_sc_hd__o21a_1)
                                         _0974_ (net)
                  0.14    0.00   24.36 v _5488_/A2 (sky130_fd_sc_hd__o21a_1)
     2    0.00    0.11    0.74   25.10 v _5488_/X (sky130_fd_sc_hd__o21a_1)
                                         _0992_ (net)
                  0.11    0.00   25.10 v _5489_/A2 (sky130_fd_sc_hd__o21a_1)
     2    0.00    0.11    0.72   25.82 v _5489_/X (sky130_fd_sc_hd__o21a_1)
                                         _0993_ (net)
                  0.11    0.00   25.82 v _5509_/A2 (sky130_fd_sc_hd__o21a_1)
     4    0.02    0.23    0.85   26.67 v _5509_/X (sky130_fd_sc_hd__o21a_1)
                                         _1011_ (net)
                  0.23    0.00   26.67 v _5552_/A2 (sky130_fd_sc_hd__o2111a_1)
     1    0.00    0.10    1.03   27.70 v _5552_/X (sky130_fd_sc_hd__o2111a_1)
                                         _1050_ (net)
                  0.10    0.00   27.70 v _5553_/A2 (sky130_fd_sc_hd__o21a_1)
     2    0.01    0.15    0.77   28.47 v _5553_/X (sky130_fd_sc_hd__o21a_1)
                                         _1051_ (net)
                  0.15    0.00   28.47 v _5557_/B (sky130_fd_sc_hd__or4_1)
     1    0.00    0.30    2.77   31.24 v _5557_/X (sky130_fd_sc_hd__or4_1)
                                         _1055_ (net)
                  0.30    0.00   31.24 v _5559_/B (sky130_fd_sc_hd__nand3_1)
     1    0.01    0.52    0.64   31.87 ^ _5559_/Y (sky130_fd_sc_hd__nand3_1)
                                         _1057_ (net)
                  0.52    0.00   31.87 ^ _5560_/C1 (sky130_fd_sc_hd__o311ai_1)
     1    0.00    0.15    0.38   32.25 v _5560_/Y (sky130_fd_sc_hd__o311ai_1)
                                         _4744_ (net)
                  0.15    0.00   32.25 v rv32_soc/reg_out[31]$_DFF_P_/D (sky130_fd_sc_hd__dfxtp_2)
                                 32.25   data arrival time

                         25.00   25.00   clock clk0 (rise edge)
                          5.38   30.38   clock network delay (propagated)
                          0.00   30.38   clock reconvergence pessimism
                                 30.38 ^ rv32_soc/reg_out[31]$_DFF_P_/CLK (sky130_fd_sc_hd__dfxtp_2)
                         -0.79   29.59   library setup time
                                 29.59   data required time
-----------------------------------------------------------------------------
                                 29.59   data required time
                                -32.25   data arrival time
-----------------------------------------------------------------------------
                                 -2.66   slack (VIOLATED)


Startpoint: rv32_soc/latched_stalu$_SDFFE_PN0P_
            (rising edge-triggered flip-flop clocked by clk0)
Endpoint: rv32_soc/reg_next_pc[30]$_SDFFE_PN0P_
          (rising edge-triggered flip-flop clocked by clk0)
Path Group: clk0
Path Type: max
Corner: slow

Fanout     Cap    Slew   Delay    Time   Description
-----------------------------------------------------------------------------
                          0.00    0.00   clock clk0 (rise edge)
                          5.44    5.44   clock network delay (propagated)
                  0.22    0.00    5.44 ^ rv32_soc/latched_stalu$_SDFFE_PN0P_/CLK (sky130_fd_sc_hd__dfxtp_1)
     3    0.01    0.44    1.54    6.98 ^ rv32_soc/latched_stalu$_SDFFE_PN0P_/Q (sky130_fd_sc_hd__dfxtp_1)
                                         rv32_soc/latched_stalu (net)
                  0.44    0.00    6.98 ^ _5053_/S (sky130_fd_sc_hd__mux2i_1)
     2    0.01    0.94    1.21    8.19 ^ _5053_/Y (sky130_fd_sc_hd__mux2i_1)
                                         _0613_ (net)
                  0.94    0.00    8.19 ^ _5055_/A2 (sky130_fd_sc_hd__o21a_1)
     1    0.00    0.20    0.75    8.95 ^ _5055_/X (sky130_fd_sc_hd__o21a_1)
                                         _0615_ (net)
                  0.20    0.00    8.95 ^ rebuffer94/A (sky130_fd_sc_hd__buf_6)
     5    0.02    0.21    0.40    9.35 ^ rebuffer94/X (sky130_fd_sc_hd__buf_6)
                                         net243 (net)
                  0.21    0.00    9.35 ^ _5057_/A (sky130_fd_sc_hd__inv_4)
     3    0.01    0.05    0.15    9.49 v _5057_/Y (sky130_fd_sc_hd__inv_4)
                                         _4206_ (net)
                  0.05    0.00    9.49 v _9468_/A (sky130_fd_sc_hd__ha_4)
     1    0.01    0.12    1.09   10.58 v _9468_/SUM (sky130_fd_sc_hd__ha_4)
                                         _4644_ (net)
                  0.12    0.00   10.58 v _8002_/A2 (sky130_fd_sc_hd__a21o_1)
     1    0.01    0.12    0.71   11.29 v _8002_/X (sky130_fd_sc_hd__a21o_1)
                                         _3189_ (net)
                  0.12    0.00   11.29 v _8003_/A2 (sky130_fd_sc_hd__a21oi_2)
     2    0.00    0.31    0.50   11.79 ^ _8003_/Y (sky130_fd_sc_hd__a21oi_2)
                                         _3190_ (net)
                  0.31    0.00   11.79 ^ _8021_/A2 (sky130_fd_sc_hd__o21ai_0)
     1    0.00    0.17    0.32   12.11 v _8021_/Y (sky130_fd_sc_hd__o21ai_0)
                                         _3206_ (net)
                  0.17    0.00   12.11 v _8022_/A2 (sky130_fd_sc_hd__a21oi_2)
     2    0.00    0.31    0.53   12.63 ^ _8022_/Y (sky130_fd_sc_hd__a21oi_2)
                                         _3207_ (net)
                  0.31    0.00   12.63 ^ _8047_/A2 (sky130_fd_sc_hd__o21ai_0)
     1    0.01    0.29    0.41   13.04 v _8047_/Y (sky130_fd_sc_hd__o21ai_0)
                                         _3230_ (net)
                  0.29    0.00   13.05 v _8048_/A2 (sky130_fd_sc_hd__a21oi_2)
     2    0.00    0.31    0.61   13.65 ^ _8048_/Y (sky130_fd_sc_hd__a21oi_2)
                                         _3231_ (net)
                  0.31    0.00   13.65 ^ _8069_/A2 (sky130_fd_sc_hd__o21ai_0)
     1    0.01    0.24    0.38   14.03 v _8069_/Y (sky130_fd_sc_hd__o21ai_0)
                                         _3250_ (net)
                  0.24    0.00   14.03 v _8070_/A2 (sky130_fd_sc_hd__a21oi_2)
     2    0.01    0.43    0.67   14.70 ^ _8070_/Y (sky130_fd_sc_hd__a21oi_2)
                                         _3251_ (net)
                  0.43    0.00   14.70 ^ _8099_/A2 (sky130_fd_sc_hd__o21ai_0)
     1    0.00    0.16    0.37   15.07 v _8099_/Y (sky130_fd_sc_hd__o21ai_0)
                                         _3278_ (net)
                  0.16    0.00   15.07 v _8100_/A2 (sky130_fd_sc_hd__a21o_4)
     3    0.01    0.11    0.94   16.01 v _8100_/X (sky130_fd_sc_hd__a21o_4)
                                         _3279_ (net)
                  0.11    0.00   16.01 v _8121_/A2 (sky130_fd_sc_hd__a21o_1)
     1    0.00    0.08    0.65   16.66 v _8121_/X (sky130_fd_sc_hd__a21o_1)
                                         _3298_ (net)
                  0.08    0.00   16.66 v _8122_/A2 (sky130_fd_sc_hd__a21o_1)
     3    0.01    0.11    0.67   17.33 v _8122_/X (sky130_fd_sc_hd__a21o_1)
                                         _3299_ (net)
                  0.11    0.00   17.33 v _8142_/A2 (sky130_fd_sc_hd__a21o_1)
     1    0.00    0.10    0.68   18.01 v _8142_/X (sky130_fd_sc_hd__a21o_1)
                                         _3317_ (net)
                  0.10    0.00   18.01 v _8143_/A2 (sky130_fd_sc_hd__a21o_4)
     3    0.01    0.11    0.89   18.90 v _8143_/X (sky130_fd_sc_hd__a21o_4)
                                         _3318_ (net)
                  0.11    0.00   18.90 v _8165_/A2 (sky130_fd_sc_hd__a21o_1)
     1    0.00    0.10    0.67   19.57 v _8165_/X (sky130_fd_sc_hd__a21o_1)
                                         _3338_ (net)
                  0.10    0.00   19.57 v _8166_/A2 (sky130_fd_sc_hd__a21o_4)
     3    0.01    0.11    0.90   20.47 v _8166_/X (sky130_fd_sc_hd__a21o_4)
                                         _3339_ (net)
                  0.11    0.00   20.47 v _8187_/A2 (sky130_fd_sc_hd__a21o_1)
     1    0.00    0.10    0.68   21.15 v _8187_/X (sky130_fd_sc_hd__a21o_1)
                                         _3358_ (net)
                  0.10    0.00   21.15 v _8188_/A2 (sky130_fd_sc_hd__a21o_4)
     3    0.01    0.10    0.89   22.04 v _8188_/X (sky130_fd_sc_hd__a21o_4)
                                         _3359_ (net)
                  0.10    0.00   22.04 v _8211_/A2 (sky130_fd_sc_hd__a21o_1)
     1    0.00    0.10    0.67   22.72 v _8211_/X (sky130_fd_sc_hd__a21o_1)
                                         _3380_ (net)
                  0.10    0.00   22.72 v _8212_/A2 (sky130_fd_sc_hd__a21o_4)
     3    0.01    0.11    0.90   23.62 v _8212_/X (sky130_fd_sc_hd__a21o_4)
                                         _3381_ (net)
                  0.11    0.00   23.62 v _8231_/A2 (sky130_fd_sc_hd__a21o_4)
     1    0.01    0.10    0.90   24.52 v _8231_/X (sky130_fd_sc_hd__a21o_4)
                                         _3398_ (net)
                  0.10    0.00   24.52 v _8232_/A2 (sky130_fd_sc_hd__a21o_4)
     2    0.01    0.11    0.90   25.42 v _8232_/X (sky130_fd_sc_hd__a21o_4)
                                         _3399_ (net)
                  0.11    0.00   25.42 v _8252_/A2 (sky130_fd_sc_hd__a21o_1)
     1    0.00    0.10    0.67   26.09 v _8252_/X (sky130_fd_sc_hd__a21o_1)
                                         _3417_ (net)
                  0.10    0.00   26.09 v _8253_/A2 (sky130_fd_sc_hd__a21o_4)
     2    0.01    0.11    0.91   27.00 v _8253_/X (sky130_fd_sc_hd__a21o_4)
                                         _3418_ (net)
                  0.11    0.00   27.00 v _8274_/A3 (sky130_fd_sc_hd__a31o_4)
     3    0.01    0.12    1.01   28.01 v _8274_/X (sky130_fd_sc_hd__a31o_4)
                                         _3437_ (net)
                  0.12    0.00   28.01 v _8298_/C (sky130_fd_sc_hd__and3_1)
     2    0.00    0.10    0.72   28.73 v _8298_/X (sky130_fd_sc_hd__and3_1)
                                         _3459_ (net)
                  0.10    0.00   28.73 v _8299_/C (sky130_fd_sc_hd__or3_1)
     1    0.00    0.22    1.66   30.39 v _8299_/X (sky130_fd_sc_hd__or3_1)
                                         _3460_ (net)
                  0.22    0.00   30.39 v _8304_/A2 (sky130_fd_sc_hd__a31oi_1)
     1    0.00    0.33    0.58   30.96 ^ _8304_/Y (sky130_fd_sc_hd__a31oi_1)
                                         _3465_ (net)
                  0.33    0.00   30.96 ^ _8307_/A1 (sky130_fd_sc_hd__o21ai_0)
     1    0.00    0.17    0.35   31.32 v _8307_/Y (sky130_fd_sc_hd__o21ai_0)
                                         _0269_ (net)
                  0.17    0.00   31.32 v rv32_soc/reg_next_pc[30]$_SDFFE_PN0P_/D (sky130_fd_sc_hd__dfxtp_2)
                                 31.32   data arrival time

                         25.00   25.00   clock clk0 (rise edge)
                          5.40   30.40   clock network delay (propagated)
                          0.00   30.40   clock reconvergence pessimism
                                 30.40 ^ rv32_soc/reg_next_pc[30]$_SDFFE_PN0P_/CLK (sky130_fd_sc_hd__dfxtp_2)
                         -0.78   29.62   library setup time
                                 29.62   data required time
-----------------------------------------------------------------------------
                                 29.62   data required time
                                -31.32   data arrival time
-----------------------------------------------------------------------------
                                 -1.70   slack (VIOLATED)


Startpoint: pcpi_rs1[2]$_DFFE_PP_
            (rising edge-triggered flip-flop clocked by clk0)
Endpoint: rv32_soc/alu_out_q[24]$_DFF_P_
          (rising edge-triggered flip-flop clocked by clk0)
Path Group: clk0
Path Type: max
Corner: slow

Fanout     Cap    Slew   Delay    Time   Description
-----------------------------------------------------------------------------
                          0.00    0.00   clock clk0 (rise edge)
                          5.44    5.44   clock network delay (propagated)
                  0.22    0.00    5.44 ^ pcpi_rs1[2]$_DFFE_PP_/CLK (sky130_fd_sc_hd__edfxtp_1)
     9    0.05    1.46    2.10    7.53 ^ pcpi_rs1[2]$_DFFE_PP_/Q (sky130_fd_sc_hd__edfxtp_1)
                                         pcpi_rs1[2] (net)
                  1.46    0.00    7.53 ^ _5629_/A (sky130_fd_sc_hd__inv_1)
     1    0.01    0.29    0.81    8.34 v _5629_/Y (sky130_fd_sc_hd__inv_1)
                                         _4400_ (net)
                  0.29    0.00    8.34 v _9376_/B (sky130_fd_sc_hd__ha_4)
     6    0.02    0.23    1.16    9.51 ^ _9376_/SUM (sky130_fd_sc_hd__ha_4)
                                         _4402_ (net)
                  0.23    0.00    9.51 ^ _7420_/A (sky130_fd_sc_hd__nor3_2)
     1    0.00    0.06    0.16    9.67 v _7420_/Y (sky130_fd_sc_hd__nor3_2)
                                         _2789_ (net)
                  0.06    0.00    9.67 v _7422_/B (sky130_fd_sc_hd__nor3_2)
     2    0.01    0.63    0.73   10.40 ^ _7422_/Y (sky130_fd_sc_hd__nor3_2)
                                         _2791_ (net)
                  0.63    0.00   10.40 ^ _7423_/C (sky130_fd_sc_hd__nor3_2)
     1    0.00    0.10    0.32   10.72 v _7423_/Y (sky130_fd_sc_hd__nor3_2)
                                         _2792_ (net)
                  0.10    0.00   10.72 v _7425_/B (sky130_fd_sc_hd__nor3_2)
     2    0.00    0.51    0.65   11.37 ^ _7425_/Y (sky130_fd_sc_hd__nor3_2)
                                         _2794_ (net)
                  0.51    0.00   11.37 ^ _7426_/B (sky130_fd_sc_hd__nor2_1)
     1    0.00    0.09    0.27   11.64 v _7426_/Y (sky130_fd_sc_hd__nor2_1)
                                         _2795_ (net)
                  0.09    0.00   11.64 v _7427_/B (sky130_fd_sc_hd__nor2_1)
     1    0.00    0.39    0.40   12.04 ^ _7427_/Y (sky130_fd_sc_hd__nor2_1)
                                         _2796_ (net)
                  0.39    0.00   12.04 ^ _7428_/A2 (sky130_fd_sc_hd__o21bai_2)
     2    0.00    0.12    0.27   12.31 v _7428_/Y (sky130_fd_sc_hd__o21bai_2)
                                         _2797_ (net)
                  0.12    0.00   12.31 v _7431_/B1 (sky130_fd_sc_hd__a221oi_1)
     2    0.01    1.48    1.44   13.75 ^ _7431_/Y (sky130_fd_sc_hd__a221oi_1)
                                         _2800_ (net)
                  1.48    0.00   13.75 ^ _7434_/A3 (sky130_fd_sc_hd__o31ai_1)
     1    0.00    0.15    0.68   14.43 v _7434_/Y (sky130_fd_sc_hd__o31ai_1)
                                         _2803_ (net)
                  0.15    0.00   14.43 v rebuffer26/A (sky130_fd_sc_hd__buf_2)
     2    0.00    0.07    0.46   14.89 v rebuffer26/X (sky130_fd_sc_hd__buf_2)
                                         net175 (net)
                  0.07    0.00   14.89 v _7435_/A2 (sky130_fd_sc_hd__a21oi_1)
     1    0.00    0.48    0.56   15.45 ^ _7435_/Y (sky130_fd_sc_hd__a21oi_1)
                                         _2804_ (net)
                  0.48    0.00   15.45 ^ _7436_/B1 (sky130_fd_sc_hd__o21ai_0)
     2    0.00    0.17    0.39   15.84 v _7436_/Y (sky130_fd_sc_hd__o21ai_0)
                                         _2805_ (net)
                  0.17    0.00   15.84 v _7437_/B2 (sky130_fd_sc_hd__a221oi_1)
     1    0.01    1.16    1.36   17.20 ^ _7437_/Y (sky130_fd_sc_hd__a221oi_1)
                                         _2806_ (net)
                  1.16    0.00   17.20 ^ rebuffer17/A (sky130_fd_sc_hd__buf_2)
     2    0.00    0.11    0.83   18.04 ^ rebuffer17/X (sky130_fd_sc_hd__buf_2)
                                         net166 (net)
                  0.11    0.00   18.04 ^ _7440_/A3 (sky130_fd_sc_hd__o31ai_1)
     1    0.00    0.09    0.14   18.17 v _7440_/Y (sky130_fd_sc_hd__o31ai_1)
                                         _2809_ (net)
                  0.09    0.00   18.17 v rebuffer25/A (sky130_fd_sc_hd__buf_2)
     2    0.00    0.07    0.42   18.60 v rebuffer25/X (sky130_fd_sc_hd__buf_2)
                                         net174 (net)
                  0.07    0.00   18.60 v _7441_/B2 (sky130_fd_sc_hd__a221oi_1)
     1    0.00    0.68    0.93   19.52 ^ _7441_/Y (sky130_fd_sc_hd__a221oi_1)
                                         _2810_ (net)
                  0.68    0.00   19.52 ^ rebuffer51/A (sky130_fd_sc_hd__buf_2)
     2    0.01    0.14    0.62   20.15 ^ rebuffer51/X (sky130_fd_sc_hd__buf_2)
                                         net200 (net)
                  0.14    0.00   20.15 ^ _7442_/C (sky130_fd_sc_hd__nor3_2)
     1    0.00    0.10    0.11   20.26 v _7442_/Y (sky130_fd_sc_hd__nor3_2)
                                         _2811_ (net)
                  0.10    0.00   20.26 v _7443_/C (sky130_fd_sc_hd__nor3_2)
     2    0.00    0.49    0.48   20.74 ^ _7443_/Y (sky130_fd_sc_hd__nor3_2)
                                         _2812_ (net)
                  0.49    0.00   20.74 ^ _7446_/A3 (sky130_fd_sc_hd__o31ai_1)
     1    0.00    0.12    0.31   21.05 v _7446_/Y (sky130_fd_sc_hd__o31ai_1)
                                         _2815_ (net)
                  0.12    0.00   21.05 v rebuffer49/A (sky130_fd_sc_hd__buf_2)
     2    0.01    0.10    0.48   21.53 v rebuffer49/X (sky130_fd_sc_hd__buf_2)
                                         net198 (net)
                  0.10    0.00   21.53 v rebuffer48/A (sky130_fd_sc_hd__buf_2)
     1    0.00    0.06    0.41   21.94 v rebuffer48/X (sky130_fd_sc_hd__buf_2)
                                         net197 (net)
                  0.06    0.00   21.94 v rebuffer47/A (sky130_fd_sc_hd__buf_2)
     1    0.00    0.06    0.38   22.33 v rebuffer47/X (sky130_fd_sc_hd__buf_2)
                                         net196 (net)
                  0.06    0.00   22.33 v rebuffer46/A (sky130_fd_sc_hd__buf_2)
     1    0.00    0.06    0.38   22.71 v rebuffer46/X (sky130_fd_sc_hd__buf_2)
                                         net195 (net)
                  0.06    0.00   22.71 v rebuffer45/A (sky130_fd_sc_hd__buf_2)
     1    0.00    0.06    0.38   23.10 v rebuffer45/X (sky130_fd_sc_hd__buf_2)
                                         net194 (net)
                  0.06    0.00   23.10 v rebuffer44/A (sky130_fd_sc_hd__buf_2)
     1    0.00    0.06    0.38   23.48 v rebuffer44/X (sky130_fd_sc_hd__buf_2)
                                         net193 (net)
                  0.06    0.00   23.48 v rebuffer43/A (sky130_fd_sc_hd__buf_2)
     1    0.00    0.06    0.39   23.87 v rebuffer43/X (sky130_fd_sc_hd__buf_2)
                                         net192 (net)
                  0.06    0.00   23.87 v rebuffer42/A (sky130_fd_sc_hd__buf_2)
     1    0.00    0.06    0.39   24.26 v rebuffer42/X (sky130_fd_sc_hd__buf_2)
                                         net191 (net)
                  0.06    0.00   24.26 v rebuffer41/A (sky130_fd_sc_hd__buf_2)
     1    0.00    0.06    0.38   24.65 v rebuffer41/X (sky130_fd_sc_hd__buf_2)
                                         net190 (net)
                  0.06    0.00   24.65 v rebuffer40/A (sky130_fd_sc_hd__buf_2)
     1    0.00    0.06    0.38   25.03 v rebuffer40/X (sky130_fd_sc_hd__buf_2)
                                         net189 (net)
                  0.06    0.00   25.03 v rebuffer39/A (sky130_fd_sc_hd__buf_2)
     1    0.00    0.06    0.38   25.42 v rebuffer39/X (sky130_fd_sc_hd__buf_2)
                                         net188 (net)
                  0.06    0.00   25.42 v rebuffer38/A (sky130_fd_sc_hd__buf_2)
     1    0.00    0.06    0.38   25.80 v rebuffer38/X (sky130_fd_sc_hd__buf_2)
                                         net187 (net)
                  0.06    0.00   25.80 v rebuffer37/A (sky130_fd_sc_hd__buf_2)
     1    0.00    0.06    0.38   26.18 v rebuffer37/X (sky130_fd_sc_hd__buf_2)
                                         net186 (net)
                  0.06    0.00   26.18 v rebuffer36/A (sky130_fd_sc_hd__buf_2)
     1    0.00    0.07    0.41   26.60 v rebuffer36/X (sky130_fd_sc_hd__buf_2)
                                         net185 (net)
                  0.07    0.00   26.60 v rebuffer35/A (sky130_fd_sc_hd__buf_2)
     1    0.00    0.07    0.42   27.02 v rebuffer35/X (sky130_fd_sc_hd__buf_2)
                                         net184 (net)
                  0.07    0.00   27.02 v rebuffer34/A (sky130_fd_sc_hd__buf_2)
     1    0.00    0.06    0.39   27.41 v rebuffer34/X (sky130_fd_sc_hd__buf_2)
                                         net183 (net)
                  0.06    0.00   27.41 v rebuffer33/A (sky130_fd_sc_hd__buf_2)
     1    0.01    0.07    0.41   27.83 v rebuffer33/X (sky130_fd_sc_hd__buf_2)
                                         net182 (net)
                  0.07    0.00   27.83 v rebuffer32/A (sky130_fd_sc_hd__buf_2)
     1    0.00    0.07    0.42   28.24 v rebuffer32/X (sky130_fd_sc_hd__buf_2)
                                         net181 (net)
                  0.07    0.00   28.24 v _9026_/A2 (sky130_fd_sc_hd__a21oi_2)
     2    0.00    0.34    0.49   28.73 ^ _9026_/Y (sky130_fd_sc_hd__a21oi_2)
                                         _3991_ (net)
                  0.34    0.00   28.73 ^ _9027_/A2 (sky130_fd_sc_hd__a21oi_1)
     1    0.00    0.14    0.29   29.02 v _9027_/Y (sky130_fd_sc_hd__a21oi_1)
                                         _3992_ (net)
                  0.14    0.00   29.02 v _9028_/B1 (sky130_fd_sc_hd__o21ai_0)
     1    0.00    0.44    0.24   29.26 ^ _9028_/Y (sky130_fd_sc_hd__o21ai_0)
                                         _3993_ (net)
                  0.44    0.00   29.26 ^ _9030_/B1 (sky130_fd_sc_hd__o211ai_1)
     1    0.00    0.14    0.35   29.61 v _9030_/Y (sky130_fd_sc_hd__o211ai_1)
                                         rv32_soc/alu_out[24] (net)
                  0.14    0.00   29.61 v rv32_soc/alu_out_q[24]$_DFF_P_/D (sky130_fd_sc_hd__dfxtp_2)
                                 29.61   data arrival time

                         25.00   25.00   clock clk0 (rise edge)
                          5.38   30.38   clock network delay (propagated)
                          0.00   30.38   clock reconvergence pessimism
                                 30.38 ^ rv32_soc/alu_out_q[24]$_DFF_P_/CLK (sky130_fd_sc_hd__dfxtp_2)
                         -0.78   29.60   library setup time
                                 29.60   data required time
-----------------------------------------------------------------------------
                                 29.60   data required time
                                -29.61   data arrival time
-----------------------------------------------------------------------------
                                 -0.01   slack (VIOLATED)


Startpoint: rv32_soc/latched_stalu$_SDFFE_PN0P_
            (rising edge-triggered flip-flop clocked by clk0)
Endpoint: rv32_soc/reg_next_pc[31]$_SDFFE_PN0P_
          (rising edge-triggered flip-flop clocked by clk0)
Path Group: clk0
Path Type: max
Corner: slow

Fanout     Cap    Slew   Delay    Time   Description
-----------------------------------------------------------------------------
                          0.00    0.00   clock clk0 (rise edge)
                          5.44    5.44   clock network delay (propagated)
                  0.22    0.00    5.44 ^ rv32_soc/latched_stalu$_SDFFE_PN0P_/CLK (sky130_fd_sc_hd__dfxtp_1)
     3    0.01    0.44    1.54    6.98 ^ rv32_soc/latched_stalu$_SDFFE_PN0P_/Q (sky130_fd_sc_hd__dfxtp_1)
                                         rv32_soc/latched_stalu (net)
                  0.44    0.00    6.98 ^ rebuffer81/A (sky130_fd_sc_hd__buf_8)
     5    0.02    0.15    0.47    7.45 ^ rebuffer81/X (sky130_fd_sc_hd__buf_8)
                                         net230 (net)
                  0.15    0.00    7.45 ^ _5049_/S (sky130_fd_sc_hd__mux2i_1)
     1    0.00    0.08    0.17    7.62 v _5049_/Y (sky130_fd_sc_hd__mux2i_1)
                                         _0610_ (net)
                  0.08    0.00    7.62 v rebuffer91/A (sky130_fd_sc_hd__buf_4)
     2    0.01    0.08    0.50    8.13 v rebuffer91/X (sky130_fd_sc_hd__buf_4)
                                         net240 (net)
                  0.08    0.00    8.13 v _5050_/B (sky130_fd_sc_hd__nor2_4)
     1    0.00    0.24    0.29    8.42 ^ _5050_/Y (sky130_fd_sc_hd__nor2_4)
                                         _0611_ (net)
                  0.24    0.00    8.42 ^ _5051_/B1 (sky130_fd_sc_hd__a21oi_2)
     3    0.01    0.11    0.18    8.60 v _5051_/Y (sky130_fd_sc_hd__a21oi_2)
                                         _0612_ (net)
                  0.11    0.00    8.60 v _5052_/A (sky130_fd_sc_hd__inv_1)
     1    0.00    0.12    0.17    8.77 ^ _5052_/Y (sky130_fd_sc_hd__inv_1)
                                         _4236_ (net)
                  0.12    0.00    8.77 ^ _9467_/A (sky130_fd_sc_hd__ha_2)
     2    0.00    0.14    0.49    9.26 ^ _9467_/COUT (sky130_fd_sc_hd__ha_2)
                                         _4641_ (net)
                  0.14    0.00    9.26 ^ _7527_/A (sky130_fd_sc_hd__inv_1)
     1    0.01    0.09    0.16    9.42 v _7527_/Y (sky130_fd_sc_hd__inv_1)
                                         _4253_ (net)
                  0.09    0.00    9.42 v _9304_/CIN (sky130_fd_sc_hd__fa_2)
     2    0.01    0.23    1.69   11.11 v _9304_/COUT (sky130_fd_sc_hd__fa_2)
                                         _4254_ (net)
                  0.23    0.00   11.11 v _8014_/A (sky130_fd_sc_hd__nor2b_1)
     1    0.00    0.24    0.41   11.52 ^ _8014_/Y (sky130_fd_sc_hd__nor2b_1)
                                         _3200_ (net)
                  0.24    0.00   11.52 ^ _8015_/A2 (sky130_fd_sc_hd__o21ai_0)
     1    0.00    0.09    0.22   11.74 v _8015_/Y (sky130_fd_sc_hd__o21ai_0)
                                         _3201_ (net)
                  0.09    0.00   11.74 v rebuffer65/A (sky130_fd_sc_hd__buf_2)
     2    0.01    0.11    0.48   12.22 v rebuffer65/X (sky130_fd_sc_hd__buf_2)
                                         net214 (net)
                  0.11    0.00   12.22 v _8037_/A2 (sky130_fd_sc_hd__a21boi_2)
     1    0.00    0.23    0.43   12.64 ^ _8037_/Y (sky130_fd_sc_hd__a21boi_2)
                                         _3221_ (net)
                  0.23    0.00   12.64 ^ _8038_/A2 (sky130_fd_sc_hd__o21ai_0)
     1    0.00    0.11    0.23   12.87 v _8038_/Y (sky130_fd_sc_hd__o21ai_0)
                                         _3222_ (net)
                  0.11    0.00   12.87 v rebuffer52/A (sky130_fd_sc_hd__buf_4)
     2    0.01    0.08    0.51   13.38 v rebuffer52/X (sky130_fd_sc_hd__buf_4)
                                         net201 (net)
                  0.08    0.00   13.38 v _8039_/A2 (sky130_fd_sc_hd__a21boi_2)
     2    0.00    0.37    0.53   13.91 ^ _8039_/Y (sky130_fd_sc_hd__a21boi_2)
                                         _3223_ (net)
                  0.37    0.00   13.91 ^ _8057_/A2 (sky130_fd_sc_hd__o21ai_0)
     2    0.01    0.21    0.37   14.28 v _8057_/Y (sky130_fd_sc_hd__o21ai_0)
                                         _3239_ (net)
                  0.21    0.00   14.28 v _8058_/A2 (sky130_fd_sc_hd__a21boi_2)
     2    0.01    0.38    0.61   14.89 ^ _8058_/Y (sky130_fd_sc_hd__a21boi_2)
                                         _3240_ (net)
                  0.38    0.00   14.89 ^ _8081_/A2 (sky130_fd_sc_hd__o21ai_0)
     1    0.00    0.10    0.28   15.18 v _8081_/Y (sky130_fd_sc_hd__o21ai_0)
                                         _3261_ (net)
                  0.10    0.00   15.18 v rebuffer64/A (sky130_fd_sc_hd__buf_2)
     2    0.01    0.08    0.44   15.62 v rebuffer64/X (sky130_fd_sc_hd__buf_2)
                                         net213 (net)
                  0.08    0.00   15.62 v _8082_/A2 (sky130_fd_sc_hd__a21boi_2)
     2    0.01    0.42    0.57   16.19 ^ _8082_/Y (sky130_fd_sc_hd__a21boi_2)
                                         _3262_ (net)
                  0.42    0.00   16.19 ^ _8107_/A2 (sky130_fd_sc_hd__o21ai_0)
     1    0.00    0.11    0.32   16.51 v _8107_/Y (sky130_fd_sc_hd__o21ai_0)
                                         _3285_ (net)
                  0.11    0.00   16.51 v rebuffer60/A (sky130_fd_sc_hd__buf_4)
     2    0.01    0.08    0.51   17.01 v rebuffer60/X (sky130_fd_sc_hd__buf_4)
                                         net209 (net)
                  0.08    0.00   17.01 v _8108_/A2 (sky130_fd_sc_hd__a21boi_2)
     2    0.00    0.30    0.47   17.48 ^ _8108_/Y (sky130_fd_sc_hd__a21boi_2)
                                         _3286_ (net)
                  0.30    0.00   17.48 ^ _8131_/A2 (sky130_fd_sc_hd__o21ai_0)
     2    0.01    0.21    0.34   17.82 v _8131_/Y (sky130_fd_sc_hd__o21ai_0)
                                         _3307_ (net)
                  0.21    0.00   17.82 v _8132_/A2 (sky130_fd_sc_hd__a21boi_2)
     2    0.00    0.30    0.54   18.36 ^ _8132_/Y (sky130_fd_sc_hd__a21boi_2)
                                         _3308_ (net)
                  0.30    0.00   18.36 ^ _8154_/A2 (sky130_fd_sc_hd__o21ai_0)
     1    0.00    0.11    0.26   18.63 v _8154_/Y (sky130_fd_sc_hd__o21ai_0)
                                         _3328_ (net)
                  0.11    0.00   18.63 v rebuffer31/A (sky130_fd_sc_hd__buf_4)
     2    0.01    0.08    0.51   19.14 v rebuffer31/X (sky130_fd_sc_hd__buf_4)
                                         net180 (net)
                  0.08    0.00   19.14 v _8155_/A2 (sky130_fd_sc_hd__a21boi_2)
     2    0.01    0.56    0.68   19.82 ^ _8155_/Y (sky130_fd_sc_hd__a21boi_2)
                                         _3329_ (net)
                  0.56    0.00   19.82 ^ _8176_/A2 (sky130_fd_sc_hd__o21ai_0)
     1    0.00    0.10    0.37   20.19 v _8176_/Y (sky130_fd_sc_hd__o21ai_0)
                                         _3348_ (net)
                  0.10    0.00   20.19 v rebuffer61/A (sky130_fd_sc_hd__buf_2)
     2    0.01    0.08    0.44   20.63 v rebuffer61/X (sky130_fd_sc_hd__buf_2)
                                         net210 (net)
                  0.08    0.00   20.63 v _8177_/A2 (sky130_fd_sc_hd__a21boi_2)
     2    0.00    0.33    0.49   21.12 ^ _8177_/Y (sky130_fd_sc_hd__a21boi_2)
                                         _3349_ (net)
                  0.33    0.00   21.12 ^ _8199_/A2 (sky130_fd_sc_hd__o21ai_0)
     2    0.01    0.21    0.35   21.47 v _8199_/Y (sky130_fd_sc_hd__o21ai_0)
                                         _3369_ (net)
                  0.21    0.00   21.47 v _8200_/A2 (sky130_fd_sc_hd__a21boi_2)
     2    0.00    0.30    0.54   22.02 ^ _8200_/Y (sky130_fd_sc_hd__a21boi_2)
                                         _3370_ (net)
                  0.30    0.00   22.02 ^ _8223_/A2 (sky130_fd_sc_hd__o21ai_0)
     1    0.00    0.11    0.26   22.28 v _8223_/Y (sky130_fd_sc_hd__o21ai_0)
                                         _3391_ (net)
                  0.11    0.00   22.28 v rebuffer15/A (sky130_fd_sc_hd__buf_4)
     2    0.01    0.08    0.52   22.80 v rebuffer15/X (sky130_fd_sc_hd__buf_4)
                                         net164 (net)
                  0.08    0.00   22.80 v _8224_/A2 (sky130_fd_sc_hd__a21boi_2)
     2    0.00    0.34    0.50   23.30 ^ _8224_/Y (sky130_fd_sc_hd__a21boi_2)
                                         _3392_ (net)
                  0.34    0.00   23.30 ^ _8240_/A2 (sky130_fd_sc_hd__o21ai_0)
     1    0.01    0.22    0.37   23.68 v _8240_/Y (sky130_fd_sc_hd__o21ai_0)
                                         _3406_ (net)
                  0.22    0.00   23.68 v rebuffer62/A (sky130_fd_sc_hd__buf_2)
     2    0.01    0.08    0.52   24.20 v rebuffer62/X (sky130_fd_sc_hd__buf_2)
                                         net211 (net)
                  0.08    0.00   24.20 v _8243_/A2 (sky130_fd_sc_hd__a21boi_2)
     2    0.00    0.35    0.51   24.70 ^ _8243_/Y (sky130_fd_sc_hd__a21boi_2)
                                         _3409_ (net)
                  0.35    0.00   24.70 ^ _8266_/A2 (sky130_fd_sc_hd__o21ai_0)
     1    0.00    0.13    0.28   24.99 v _8266_/Y (sky130_fd_sc_hd__o21ai_0)
                                         _3430_ (net)
                  0.13    0.00   24.99 v rebuffer23/A (sky130_fd_sc_hd__buf_4)
     3    0.01    0.09    0.54   25.53 v rebuffer23/X (sky130_fd_sc_hd__buf_4)
                                         net172 (net)
                  0.09    0.00   25.53 v _8309_/A2 (sky130_fd_sc_hd__a2111oi_1)
     1    0.00    1.16    1.56   27.09 ^ _8309_/Y (sky130_fd_sc_hd__a2111oi_1)
                                         _3469_ (net)
                  1.16    0.00   27.09 ^ rebuffer63/A (sky130_fd_sc_hd__buf_2)
     2    0.00    0.11    0.83   27.92 ^ rebuffer63/X (sky130_fd_sc_hd__buf_2)
                                         net212 (net)
                  0.11    0.00   27.92 ^ _8314_/A1 (sky130_fd_sc_hd__o21ai_0)
     1    0.00    0.14    0.18   28.10 v _8314_/Y (sky130_fd_sc_hd__o21ai_0)
                                         _3474_ (net)
                  0.14    0.00   28.10 v _8315_/B (sky130_fd_sc_hd__nand2_1)
     1    0.00    0.19    0.26   28.36 ^ _8315_/Y (sky130_fd_sc_hd__nand2_1)
                                         _3475_ (net)
                  0.19    0.00   28.36 ^ _8318_/A2 (sky130_fd_sc_hd__o221ai_2)
     1    0.01    0.30    0.28   28.64 v _8318_/Y (sky130_fd_sc_hd__o221ai_2)
                                         _3478_ (net)
                  0.30    0.00   28.64 v _8320_/B1 (sky130_fd_sc_hd__a22o_1)
     1    0.00    0.09    0.81   29.45 v _8320_/X (sky130_fd_sc_hd__a22o_1)
                                         _0270_ (net)
                  0.09    0.00   29.45 v rv32_soc/reg_next_pc[31]$_SDFFE_PN0P_/D (sky130_fd_sc_hd__dfxtp_2)
                                 29.45   data arrival time

                         25.00   25.00   clock clk0 (rise edge)
                          5.40   30.40   clock network delay (propagated)
                          0.00   30.40   clock reconvergence pessimism
                                 30.40 ^ rv32_soc/reg_next_pc[31]$_SDFFE_PN0P_/CLK (sky130_fd_sc_hd__dfxtp_2)
                         -0.73   29.67   library setup time
                                 29.67   data required time
-----------------------------------------------------------------------------
                                 29.67   data required time
                                -29.45   data arrival time
-----------------------------------------------------------------------------
                                  0.22   slack (MET)


Startpoint: rv32_soc/latched_stalu$_SDFFE_PN0P_
            (rising edge-triggered flip-flop clocked by clk0)
Endpoint: rv32_soc/reg_next_pc[28]$_SDFFE_PN0P_
          (rising edge-triggered flip-flop clocked by clk0)
Path Group: clk0
Path Type: max
Corner: slow

Fanout     Cap    Slew   Delay    Time   Description
-----------------------------------------------------------------------------
                          0.00    0.00   clock clk0 (rise edge)
                          5.44    5.44   clock network delay (propagated)
                  0.22    0.00    5.44 ^ rv32_soc/latched_stalu$_SDFFE_PN0P_/CLK (sky130_fd_sc_hd__dfxtp_1)
     3    0.01    0.44    1.54    6.98 ^ rv32_soc/latched_stalu$_SDFFE_PN0P_/Q (sky130_fd_sc_hd__dfxtp_1)
                                         rv32_soc/latched_stalu (net)
                  0.44    0.00    6.98 ^ _5053_/S (sky130_fd_sc_hd__mux2i_1)
     2    0.01    0.94    1.21    8.19 ^ _5053_/Y (sky130_fd_sc_hd__mux2i_1)
                                         _0613_ (net)
                  0.94    0.00    8.19 ^ _5055_/A2 (sky130_fd_sc_hd__o21a_1)
     1    0.00    0.20    0.75    8.95 ^ _5055_/X (sky130_fd_sc_hd__o21a_1)
                                         _0615_ (net)
                  0.20    0.00    8.95 ^ rebuffer94/A (sky130_fd_sc_hd__buf_6)
     5    0.02    0.21    0.40    9.35 ^ rebuffer94/X (sky130_fd_sc_hd__buf_6)
                                         net243 (net)
                  0.21    0.00    9.35 ^ _5057_/A (sky130_fd_sc_hd__inv_4)
     3    0.01    0.05    0.15    9.49 v _5057_/Y (sky130_fd_sc_hd__inv_4)
                                         _4206_ (net)
                  0.05    0.00    9.49 v _9468_/A (sky130_fd_sc_hd__ha_4)
     1    0.01    0.12    1.09   10.58 v _9468_/SUM (sky130_fd_sc_hd__ha_4)
                                         _4644_ (net)
                  0.12    0.00   10.58 v _8002_/A2 (sky130_fd_sc_hd__a21o_1)
     1    0.01    0.12    0.71   11.29 v _8002_/X (sky130_fd_sc_hd__a21o_1)
                                         _3189_ (net)
                  0.12    0.00   11.29 v _8003_/A2 (sky130_fd_sc_hd__a21oi_2)
     2    0.00    0.31    0.50   11.79 ^ _8003_/Y (sky130_fd_sc_hd__a21oi_2)
                                         _3190_ (net)
                  0.31    0.00   11.79 ^ _8021_/A2 (sky130_fd_sc_hd__o21ai_0)
     1    0.00    0.17    0.32   12.11 v _8021_/Y (sky130_fd_sc_hd__o21ai_0)
                                         _3206_ (net)
                  0.17    0.00   12.11 v _8022_/A2 (sky130_fd_sc_hd__a21oi_2)
     2    0.00    0.31    0.53   12.63 ^ _8022_/Y (sky130_fd_sc_hd__a21oi_2)
                                         _3207_ (net)
                  0.31    0.00   12.63 ^ _8047_/A2 (sky130_fd_sc_hd__o21ai_0)
     1    0.01    0.29    0.41   13.04 v _8047_/Y (sky130_fd_sc_hd__o21ai_0)
                                         _3230_ (net)
                  0.29    0.00   13.05 v _8048_/A2 (sky130_fd_sc_hd__a21oi_2)
     2    0.00    0.31    0.61   13.65 ^ _8048_/Y (sky130_fd_sc_hd__a21oi_2)
                                         _3231_ (net)
                  0.31    0.00   13.65 ^ _8069_/A2 (sky130_fd_sc_hd__o21ai_0)
     1    0.01    0.24    0.38   14.03 v _8069_/Y (sky130_fd_sc_hd__o21ai_0)
                                         _3250_ (net)
                  0.24    0.00   14.03 v _8070_/A2 (sky130_fd_sc_hd__a21oi_2)
     2    0.01    0.43    0.67   14.70 ^ _8070_/Y (sky130_fd_sc_hd__a21oi_2)
                                         _3251_ (net)
                  0.43    0.00   14.70 ^ _8099_/A2 (sky130_fd_sc_hd__o21ai_0)
     1    0.00    0.16    0.37   15.07 v _8099_/Y (sky130_fd_sc_hd__o21ai_0)
                                         _3278_ (net)
                  0.16    0.00   15.07 v _8100_/A2 (sky130_fd_sc_hd__a21o_4)
     3    0.01    0.11    0.94   16.01 v _8100_/X (sky130_fd_sc_hd__a21o_4)
                                         _3279_ (net)
                  0.11    0.00   16.01 v _8121_/A2 (sky130_fd_sc_hd__a21o_1)
     1    0.00    0.08    0.65   16.66 v _8121_/X (sky130_fd_sc_hd__a21o_1)
                                         _3298_ (net)
                  0.08    0.00   16.66 v _8122_/A2 (sky130_fd_sc_hd__a21o_1)
     3    0.01    0.11    0.67   17.33 v _8122_/X (sky130_fd_sc_hd__a21o_1)
                                         _3299_ (net)
                  0.11    0.00   17.33 v _8142_/A2 (sky130_fd_sc_hd__a21o_1)
     1    0.00    0.10    0.68   18.01 v _8142_/X (sky130_fd_sc_hd__a21o_1)
                                         _3317_ (net)
                  0.10    0.00   18.01 v _8143_/A2 (sky130_fd_sc_hd__a21o_4)
     3    0.01    0.11    0.89   18.90 v _8143_/X (sky130_fd_sc_hd__a21o_4)
                                         _3318_ (net)
                  0.11    0.00   18.90 v _8165_/A2 (sky130_fd_sc_hd__a21o_1)
     1    0.00    0.10    0.67   19.57 v _8165_/X (sky130_fd_sc_hd__a21o_1)
                                         _3338_ (net)
                  0.10    0.00   19.57 v _8166_/A2 (sky130_fd_sc_hd__a21o_4)
     3    0.01    0.11    0.90   20.47 v _8166_/X (sky130_fd_sc_hd__a21o_4)
                                         _3339_ (net)
                  0.11    0.00   20.47 v _8187_/A2 (sky130_fd_sc_hd__a21o_1)
     1    0.00    0.10    0.68   21.15 v _8187_/X (sky130_fd_sc_hd__a21o_1)
                                         _3358_ (net)
                  0.10    0.00   21.15 v _8188_/A2 (sky130_fd_sc_hd__a21o_4)
     3    0.01    0.10    0.89   22.04 v _8188_/X (sky130_fd_sc_hd__a21o_4)
                                         _3359_ (net)
                  0.10    0.00   22.04 v _8211_/A2 (sky130_fd_sc_hd__a21o_1)
     1    0.00    0.10    0.67   22.72 v _8211_/X (sky130_fd_sc_hd__a21o_1)
                                         _3380_ (net)
                  0.10    0.00   22.72 v _8212_/A2 (sky130_fd_sc_hd__a21o_4)
     3    0.01    0.11    0.90   23.62 v _8212_/X (sky130_fd_sc_hd__a21o_4)
                                         _3381_ (net)
                  0.11    0.00   23.62 v _8231_/A2 (sky130_fd_sc_hd__a21o_4)
     1    0.01    0.10    0.90   24.52 v _8231_/X (sky130_fd_sc_hd__a21o_4)
                                         _3398_ (net)
                  0.10    0.00   24.52 v _8232_/A2 (sky130_fd_sc_hd__a21o_4)
     2    0.01    0.11    0.90   25.42 v _8232_/X (sky130_fd_sc_hd__a21o_4)
                                         _3399_ (net)
                  0.11    0.00   25.42 v _8252_/A2 (sky130_fd_sc_hd__a21o_1)
     1    0.00    0.10    0.67   26.09 v _8252_/X (sky130_fd_sc_hd__a21o_1)
                                         _3417_ (net)
                  0.10    0.00   26.09 v _8253_/A2 (sky130_fd_sc_hd__a21o_4)
     2    0.01    0.11    0.91   27.00 v _8253_/X (sky130_fd_sc_hd__a21o_4)
                                         _3418_ (net)
                  0.11    0.00   27.00 v _8274_/A3 (sky130_fd_sc_hd__a31o_4)
     3    0.01    0.12    1.01   28.01 v _8274_/X (sky130_fd_sc_hd__a31o_4)
                                         _3437_ (net)
                  0.12    0.00   28.01 v _8276_/A_N (sky130_fd_sc_hd__nand2b_1)
     1    0.00    0.10    0.51   28.52 v _8276_/Y (sky130_fd_sc_hd__nand2b_1)
                                         _3439_ (net)
                  0.10    0.00   28.52 v _8281_/A2 (sky130_fd_sc_hd__a31oi_1)
     1    0.00    0.33    0.50   29.02 ^ _8281_/Y (sky130_fd_sc_hd__a31oi_1)
                                         _3444_ (net)
                  0.33    0.00   29.02 ^ _8283_/A2 (sky130_fd_sc_hd__o21ai_0)
     1    0.00    0.09    0.26   29.29 v _8283_/Y (sky130_fd_sc_hd__o21ai_0)
                                         _0267_ (net)
                  0.09    0.00   29.29 v rv32_soc/reg_next_pc[28]$_SDFFE_PN0P_/D (sky130_fd_sc_hd__dfxtp_2)
                                 29.29   data arrival time

                         25.00   25.00   clock clk0 (rise edge)
                          5.39   30.39   clock network delay (propagated)
                          0.00   30.39   clock reconvergence pessimism
                                 30.39 ^ rv32_soc/reg_next_pc[28]$_SDFFE_PN0P_/CLK (sky130_fd_sc_hd__dfxtp_2)
                         -0.75   29.64   library setup time
                                 29.64   data required time
-----------------------------------------------------------------------------
                                 29.64   data required time
                                -29.29   data arrival time
-----------------------------------------------------------------------------
                                  0.35   slack (MET)


Startpoint: rv32_soc/decoded_imm[1]$_SDFFCE_PN0P_
            (rising edge-triggered flip-flop clocked by clk0)
Endpoint: rv32_soc/reg_out[27]$_DFF_P_
          (rising edge-triggered flip-flop clocked by clk0)
Path Group: clk0
Path Type: max
Corner: slow

Fanout     Cap    Slew   Delay    Time   Description
-----------------------------------------------------------------------------
                          0.00    0.00   clock clk0 (rise edge)
                          5.44    5.44   clock network delay (propagated)
                  0.23    0.00    5.44 ^ rv32_soc/decoded_imm[1]$_SDFFCE_PN0P_/CLK (sky130_fd_sc_hd__edfxtp_1)
     4    0.01    0.32    1.80    7.24 v rv32_soc/decoded_imm[1]$_SDFFCE_PN0P_/Q (sky130_fd_sc_hd__edfxtp_1)
                                         rv32_soc/decoded_imm[1] (net)
                  0.32    0.00    7.24 v _9309_/A (sky130_fd_sc_hd__ha_2)
     2    0.01    0.15    0.94    8.18 v _9309_/COUT (sky130_fd_sc_hd__ha_2)
                                         _4237_ (net)
                  0.15    0.00    8.18 v _9300_/CIN (sky130_fd_sc_hd__fa_2)
     3    0.01    0.25    1.76    9.94 v _9300_/COUT (sky130_fd_sc_hd__fa_2)
                                         _4238_ (net)
                  0.25    0.00    9.94 v _5235_/A1 (sky130_fd_sc_hd__a21o_1)
     1    0.01    0.13    0.76   10.70 v _5235_/X (sky130_fd_sc_hd__a21o_1)
                                         _0759_ (net)
                  0.13    0.00   10.70 v _5236_/A2 (sky130_fd_sc_hd__a21oi_2)
     2    0.00    0.34    0.53   11.23 ^ _5236_/Y (sky130_fd_sc_hd__a21oi_2)
                                         _0760_ (net)
                  0.34    0.00   11.23 ^ _5260_/A2 (sky130_fd_sc_hd__o21bai_1)
     1    0.01    0.18    0.33   11.57 v _5260_/Y (sky130_fd_sc_hd__o21bai_1)
                                         _0782_ (net)
                  0.18    0.00   11.57 v _5261_/A2 (sky130_fd_sc_hd__a21oi_2)
     1    0.00    0.27    0.51   12.07 ^ _5261_/Y (sky130_fd_sc_hd__a21oi_2)
                                         _0783_ (net)
                  0.27    0.00   12.07 ^ rebuffer116/A (sky130_fd_sc_hd__buf_4)
     2    0.01    0.17    0.43   12.51 ^ rebuffer116/X (sky130_fd_sc_hd__buf_4)
                                         net265 (net)
                  0.17    0.00   12.51 ^ _5290_/A2 (sky130_fd_sc_hd__o21bai_4)
     1    0.00    0.10    0.16   12.67 v _5290_/Y (sky130_fd_sc_hd__o21bai_4)
                                         _0810_ (net)
                  0.10    0.00   12.67 v _5291_/A2 (sky130_fd_sc_hd__a21o_4)
     3    0.01    0.11    0.90   13.57 v _5291_/X (sky130_fd_sc_hd__a21o_4)
                                         _0811_ (net)
                  0.11    0.00   13.57 v _5316_/A2 (sky130_fd_sc_hd__a21oi_2)
     1    0.00    0.35    0.52   14.10 ^ _5316_/Y (sky130_fd_sc_hd__a21oi_2)
                                         _0834_ (net)
                  0.35    0.00   14.10 ^ _5317_/A (sky130_fd_sc_hd__nor2b_2)
     2    0.01    0.10    0.23   14.33 v _5317_/Y (sky130_fd_sc_hd__nor2b_2)
                                         _0835_ (net)
                  0.10    0.00   14.33 v _5319_/A2 (sky130_fd_sc_hd__o21a_1)
     2    0.00    0.11    0.72   15.05 v _5319_/X (sky130_fd_sc_hd__o21a_1)
                                         _0837_ (net)
                  0.11    0.00   15.05 v _5339_/A2 (sky130_fd_sc_hd__o21a_1)
     2    0.00    0.10    0.72   15.76 v _5339_/X (sky130_fd_sc_hd__o21a_1)
                                         _0855_ (net)
                  0.10    0.00   15.76 v _5342_/A2 (sky130_fd_sc_hd__o21ai_0)
     1    0.01    0.79    0.79   16.55 ^ _5342_/Y (sky130_fd_sc_hd__o21ai_0)
                                         _0858_ (net)
                  0.79    0.00   16.55 ^ rebuffer56/A (sky130_fd_sc_hd__buf_2)
     2    0.01    0.15    0.69   17.24 ^ rebuffer56/X (sky130_fd_sc_hd__buf_2)
                                         net205 (net)
                  0.15    0.00   17.24 ^ _5365_/A2 (sky130_fd_sc_hd__a21boi_2)
     2    0.00    0.09    0.15   17.39 v _5365_/Y (sky130_fd_sc_hd__a21boi_2)
                                         _0879_ (net)
                  0.09    0.00   17.39 v _5366_/A2 (sky130_fd_sc_hd__o21a_1)
     2    0.00    0.11    0.72   18.11 v _5366_/X (sky130_fd_sc_hd__o21a_1)
                                         _0880_ (net)
                  0.11    0.00   18.11 v _5404_/A2 (sky130_fd_sc_hd__o21a_1)
     2    0.00    0.11    0.73   18.84 v _5404_/X (sky130_fd_sc_hd__o21a_1)
                                         _0916_ (net)
                  0.11    0.00   18.84 v _5405_/A2 (sky130_fd_sc_hd__o21a_1)
     2    0.00    0.11    0.73   19.57 v _5405_/X (sky130_fd_sc_hd__o21a_1)
                                         _0917_ (net)
                  0.11    0.00   19.57 v _5425_/A2 (sky130_fd_sc_hd__o21a_1)
     2    0.00    0.11    0.72   20.29 v _5425_/X (sky130_fd_sc_hd__o21a_1)
                                         _0935_ (net)
                  0.11    0.00   20.29 v _5426_/A2 (sky130_fd_sc_hd__o21a_1)
     2    0.00    0.11    0.73   21.02 v _5426_/X (sky130_fd_sc_hd__o21a_1)
                                         _0936_ (net)
                  0.11    0.00   21.02 v _5446_/A2 (sky130_fd_sc_hd__o21a_1)
     2    0.01    0.19    0.82   21.85 v _5446_/X (sky130_fd_sc_hd__o21a_1)
                                         _0954_ (net)
                  0.19    0.00   21.85 v _5447_/A2 (sky130_fd_sc_hd__o21a_1)
     2    0.01    0.16    0.83   22.68 v _5447_/X (sky130_fd_sc_hd__o21a_1)
                                         _0955_ (net)
                  0.16    0.00   22.68 v _5467_/A2 (sky130_fd_sc_hd__o21a_1)
     2    0.01    0.21    0.86   23.55 v _5467_/X (sky130_fd_sc_hd__o21a_1)
                                         _0973_ (net)
                  0.21    0.00   23.55 v _5468_/A2 (sky130_fd_sc_hd__o21a_1)
     2    0.01    0.14    0.82   24.36 v _5468_/X (sky130_fd_sc_hd__o21a_1)
                                         _0974_ (net)
                  0.14    0.00   24.36 v _5488_/A2 (sky130_fd_sc_hd__o21a_1)
     2    0.00    0.11    0.74   25.10 v _5488_/X (sky130_fd_sc_hd__o21a_1)
                                         _0992_ (net)
                  0.11    0.00   25.10 v _5489_/A2 (sky130_fd_sc_hd__o21a_1)
     2    0.00    0.11    0.72   25.82 v _5489_/X (sky130_fd_sc_hd__o21a_1)
                                         _0993_ (net)
                  0.11    0.00   25.82 v _5509_/A2 (sky130_fd_sc_hd__o21a_1)
     4    0.02    0.23    0.85   26.67 v _5509_/X (sky130_fd_sc_hd__o21a_1)
                                         _1011_ (net)
                  0.23    0.00   26.67 v _5511_/C (sky130_fd_sc_hd__or3_1)
     1    0.01    0.25    1.79   28.46 v _5511_/X (sky130_fd_sc_hd__or3_1)
                                         _1013_ (net)
                  0.25    0.00   28.46 v _5512_/C (sky130_fd_sc_hd__nand3_1)
     1    0.00    0.19    0.34   28.80 ^ _5512_/Y (sky130_fd_sc_hd__nand3_1)
                                         _1014_ (net)
                  0.19    0.00   28.80 ^ _5513_/C1 (sky130_fd_sc_hd__o311ai_0)
     1    0.00    0.17    0.27   29.08 v _5513_/Y (sky130_fd_sc_hd__o311ai_0)
                                         _4739_ (net)
                  0.17    0.00   29.08 v rv32_soc/reg_out[27]$_DFF_P_/D (sky130_fd_sc_hd__dfxtp_2)
                                 29.08   data arrival time

                         25.00   25.00   clock clk0 (rise edge)
                          5.38   30.38   clock network delay (propagated)
                          0.00   30.38   clock reconvergence pessimism
                                 30.38 ^ rv32_soc/reg_out[27]$_DFF_P_/CLK (sky130_fd_sc_hd__dfxtp_2)
                         -0.80   29.57   library setup time
                                 29.57   data required time
-----------------------------------------------------------------------------
                                 29.57   data required time
                                -29.08   data arrival time
-----------------------------------------------------------------------------
                                  0.50   slack (MET)


Startpoint: rv32_soc/decoded_imm[1]$_SDFFCE_PN0P_
            (rising edge-triggered flip-flop clocked by clk0)
Endpoint: rv32_soc/reg_out[29]$_DFF_P_
          (rising edge-triggered flip-flop clocked by clk0)
Path Group: clk0
Path Type: max
Corner: slow

Fanout     Cap    Slew   Delay    Time   Description
-----------------------------------------------------------------------------
                          0.00    0.00   clock clk0 (rise edge)
                          5.44    5.44   clock network delay (propagated)
                  0.23    0.00    5.44 ^ rv32_soc/decoded_imm[1]$_SDFFCE_PN0P_/CLK (sky130_fd_sc_hd__edfxtp_1)
     4    0.01    0.32    1.80    7.24 v rv32_soc/decoded_imm[1]$_SDFFCE_PN0P_/Q (sky130_fd_sc_hd__edfxtp_1)
                                         rv32_soc/decoded_imm[1] (net)
                  0.32    0.00    7.24 v _9309_/A (sky130_fd_sc_hd__ha_2)
     2    0.01    0.15    0.94    8.18 v _9309_/COUT (sky130_fd_sc_hd__ha_2)
                                         _4237_ (net)
                  0.15    0.00    8.18 v _9300_/CIN (sky130_fd_sc_hd__fa_2)
     3    0.01    0.25    1.76    9.94 v _9300_/COUT (sky130_fd_sc_hd__fa_2)
                                         _4238_ (net)
                  0.25    0.00    9.94 v _5235_/A1 (sky130_fd_sc_hd__a21o_1)
     1    0.01    0.13    0.76   10.70 v _5235_/X (sky130_fd_sc_hd__a21o_1)
                                         _0759_ (net)
                  0.13    0.00   10.70 v _5236_/A2 (sky130_fd_sc_hd__a21oi_2)
     2    0.00    0.34    0.53   11.23 ^ _5236_/Y (sky130_fd_sc_hd__a21oi_2)
                                         _0760_ (net)
                  0.34    0.00   11.23 ^ _5260_/A2 (sky130_fd_sc_hd__o21bai_1)
     1    0.01    0.18    0.33   11.57 v _5260_/Y (sky130_fd_sc_hd__o21bai_1)
                                         _0782_ (net)
                  0.18    0.00   11.57 v _5261_/A2 (sky130_fd_sc_hd__a21oi_2)
     1    0.00    0.27    0.51   12.07 ^ _5261_/Y (sky130_fd_sc_hd__a21oi_2)
                                         _0783_ (net)
                  0.27    0.00   12.07 ^ rebuffer116/A (sky130_fd_sc_hd__buf_4)
     2    0.01    0.17    0.43   12.51 ^ rebuffer116/X (sky130_fd_sc_hd__buf_4)
                                         net265 (net)
                  0.17    0.00   12.51 ^ _5290_/A2 (sky130_fd_sc_hd__o21bai_4)
     1    0.00    0.10    0.16   12.67 v _5290_/Y (sky130_fd_sc_hd__o21bai_4)
                                         _0810_ (net)
                  0.10    0.00   12.67 v _5291_/A2 (sky130_fd_sc_hd__a21o_4)
     3    0.01    0.11    0.90   13.57 v _5291_/X (sky130_fd_sc_hd__a21o_4)
                                         _0811_ (net)
                  0.11    0.00   13.57 v _5316_/A2 (sky130_fd_sc_hd__a21oi_2)
     1    0.00    0.35    0.52   14.10 ^ _5316_/Y (sky130_fd_sc_hd__a21oi_2)
                                         _0834_ (net)
                  0.35    0.00   14.10 ^ _5317_/A (sky130_fd_sc_hd__nor2b_2)
     2    0.01    0.10    0.23   14.33 v _5317_/Y (sky130_fd_sc_hd__nor2b_2)
                                         _0835_ (net)
                  0.10    0.00   14.33 v _5319_/A2 (sky130_fd_sc_hd__o21a_1)
     2    0.00    0.11    0.72   15.05 v _5319_/X (sky130_fd_sc_hd__o21a_1)
                                         _0837_ (net)
                  0.11    0.00   15.05 v _5339_/A2 (sky130_fd_sc_hd__o21a_1)
     2    0.00    0.10    0.72   15.76 v _5339_/X (sky130_fd_sc_hd__o21a_1)
                                         _0855_ (net)
                  0.10    0.00   15.76 v _5342_/A2 (sky130_fd_sc_hd__o21ai_0)
     1    0.01    0.79    0.79   16.55 ^ _5342_/Y (sky130_fd_sc_hd__o21ai_0)
                                         _0858_ (net)
                  0.79    0.00   16.55 ^ rebuffer56/A (sky130_fd_sc_hd__buf_2)
     2    0.01    0.15    0.69   17.24 ^ rebuffer56/X (sky130_fd_sc_hd__buf_2)
                                         net205 (net)
                  0.15    0.00   17.24 ^ _5365_/A2 (sky130_fd_sc_hd__a21boi_2)
     2    0.00    0.09    0.15   17.39 v _5365_/Y (sky130_fd_sc_hd__a21boi_2)
                                         _0879_ (net)
                  0.09    0.00   17.39 v _5366_/A2 (sky130_fd_sc_hd__o21a_1)
     2    0.00    0.11    0.72   18.11 v _5366_/X (sky130_fd_sc_hd__o21a_1)
                                         _0880_ (net)
                  0.11    0.00   18.11 v _5404_/A2 (sky130_fd_sc_hd__o21a_1)
     2    0.00    0.11    0.73   18.84 v _5404_/X (sky130_fd_sc_hd__o21a_1)
                                         _0916_ (net)
                  0.11    0.00   18.84 v _5405_/A2 (sky130_fd_sc_hd__o21a_1)
     2    0.00    0.11    0.73   19.57 v _5405_/X (sky130_fd_sc_hd__o21a_1)
                                         _0917_ (net)
                  0.11    0.00   19.57 v _5425_/A2 (sky130_fd_sc_hd__o21a_1)
     2    0.00    0.11    0.72   20.29 v _5425_/X (sky130_fd_sc_hd__o21a_1)
                                         _0935_ (net)
                  0.11    0.00   20.29 v _5426_/A2 (sky130_fd_sc_hd__o21a_1)
     2    0.00    0.11    0.73   21.02 v _5426_/X (sky130_fd_sc_hd__o21a_1)
                                         _0936_ (net)
                  0.11    0.00   21.02 v _5446_/A2 (sky130_fd_sc_hd__o21a_1)
     2    0.01    0.19    0.82   21.85 v _5446_/X (sky130_fd_sc_hd__o21a_1)
                                         _0954_ (net)
                  0.19    0.00   21.85 v _5447_/A2 (sky130_fd_sc_hd__o21a_1)
     2    0.01    0.16    0.83   22.68 v _5447_/X (sky130_fd_sc_hd__o21a_1)
                                         _0955_ (net)
                  0.16    0.00   22.68 v _5467_/A2 (sky130_fd_sc_hd__o21a_1)
     2    0.01    0.21    0.86   23.55 v _5467_/X (sky130_fd_sc_hd__o21a_1)
                                         _0973_ (net)
                  0.21    0.00   23.55 v _5468_/A2 (sky130_fd_sc_hd__o21a_1)
     2    0.01    0.14    0.82   24.36 v _5468_/X (sky130_fd_sc_hd__o21a_1)
                                         _0974_ (net)
                  0.14    0.00   24.36 v _5488_/A2 (sky130_fd_sc_hd__o21a_1)
     2    0.00    0.11    0.74   25.10 v _5488_/X (sky130_fd_sc_hd__o21a_1)
                                         _0992_ (net)
                  0.11    0.00   25.10 v _5489_/A2 (sky130_fd_sc_hd__o21a_1)
     2    0.00    0.11    0.72   25.82 v _5489_/X (sky130_fd_sc_hd__o21a_1)
                                         _0993_ (net)
                  0.11    0.00   25.82 v _5509_/A2 (sky130_fd_sc_hd__o21a_1)
     4    0.02    0.23    0.85   26.67 v _5509_/X (sky130_fd_sc_hd__o21a_1)
                                         _1011_ (net)
                  0.23    0.00   26.67 v _5526_/A2 (sky130_fd_sc_hd__o211ai_1)
     1    0.00    0.53    0.69   27.36 ^ _5526_/Y (sky130_fd_sc_hd__o211ai_1)
                                         _1026_ (net)
                  0.53    0.00   27.36 ^ _5527_/B (sky130_fd_sc_hd__nand2_1)
     1    0.00    0.13    0.36   27.72 v _5527_/Y (sky130_fd_sc_hd__nand2_1)
                                         _1027_ (net)
                  0.13    0.00   27.72 v _5528_/B (sky130_fd_sc_hd__xnor2_1)
     1    0.01    0.77    0.79   28.51 ^ _5528_/Y (sky130_fd_sc_hd__xnor2_1)
                                         _1028_ (net)
                  0.77    0.00   28.51 ^ _5535_/A2 (sky130_fd_sc_hd__o21ai_0)
     1    0.00    0.13    0.46   28.97 v _5535_/Y (sky130_fd_sc_hd__o21ai_0)
                                         _4741_ (net)
                  0.13    0.00   28.97 v rv32_soc/reg_out[29]$_DFF_P_/D (sky130_fd_sc_hd__dfxtp_2)
                                 28.97   data arrival time

                         25.00   25.00   clock clk0 (rise edge)
                          5.38   30.38   clock network delay (propagated)
                          0.00   30.38   clock reconvergence pessimism
                                 30.38 ^ rv32_soc/reg_out[29]$_DFF_P_/CLK (sky130_fd_sc_hd__dfxtp_2)
                         -0.78   29.60   library setup time
                                 29.60   data required time
-----------------------------------------------------------------------------
                                 29.60   data required time
                                -28.97   data arrival time
-----------------------------------------------------------------------------
                                  0.63   slack (MET)


Startpoint: rv32_soc/latched_stalu$_SDFFE_PN0P_
            (rising edge-triggered flip-flop clocked by clk0)
Endpoint: rv32_soc/reg_next_pc[26]$_SDFFE_PN0P_
          (rising edge-triggered flip-flop clocked by clk0)
Path Group: clk0
Path Type: max
Corner: slow

Fanout     Cap    Slew   Delay    Time   Description
-----------------------------------------------------------------------------
                          0.00    0.00   clock clk0 (rise edge)
                          5.44    5.44   clock network delay (propagated)
                  0.22    0.00    5.44 ^ rv32_soc/latched_stalu$_SDFFE_PN0P_/CLK (sky130_fd_sc_hd__dfxtp_1)
     3    0.01    0.44    1.54    6.98 ^ rv32_soc/latched_stalu$_SDFFE_PN0P_/Q (sky130_fd_sc_hd__dfxtp_1)
                                         rv32_soc/latched_stalu (net)
                  0.44    0.00    6.98 ^ _5053_/S (sky130_fd_sc_hd__mux2i_1)
     2    0.01    0.94    1.21    8.19 ^ _5053_/Y (sky130_fd_sc_hd__mux2i_1)
                                         _0613_ (net)
                  0.94    0.00    8.19 ^ _5055_/A2 (sky130_fd_sc_hd__o21a_1)
     1    0.00    0.20    0.75    8.95 ^ _5055_/X (sky130_fd_sc_hd__o21a_1)
                                         _0615_ (net)
                  0.20    0.00    8.95 ^ rebuffer94/A (sky130_fd_sc_hd__buf_6)
     5    0.02    0.21    0.40    9.35 ^ rebuffer94/X (sky130_fd_sc_hd__buf_6)
                                         net243 (net)
                  0.21    0.00    9.35 ^ _5057_/A (sky130_fd_sc_hd__inv_4)
     3    0.01    0.05    0.15    9.49 v _5057_/Y (sky130_fd_sc_hd__inv_4)
                                         _4206_ (net)
                  0.05    0.00    9.49 v _9468_/A (sky130_fd_sc_hd__ha_4)
     1    0.01    0.12    1.09   10.58 v _9468_/SUM (sky130_fd_sc_hd__ha_4)
                                         _4644_ (net)
                  0.12    0.00   10.58 v _8002_/A2 (sky130_fd_sc_hd__a21o_1)
     1    0.01    0.12    0.71   11.29 v _8002_/X (sky130_fd_sc_hd__a21o_1)
                                         _3189_ (net)
                  0.12    0.00   11.29 v _8003_/A2 (sky130_fd_sc_hd__a21oi_2)
     2    0.00    0.31    0.50   11.79 ^ _8003_/Y (sky130_fd_sc_hd__a21oi_2)
                                         _3190_ (net)
                  0.31    0.00   11.79 ^ _8021_/A2 (sky130_fd_sc_hd__o21ai_0)
     1    0.00    0.17    0.32   12.11 v _8021_/Y (sky130_fd_sc_hd__o21ai_0)
                                         _3206_ (net)
                  0.17    0.00   12.11 v _8022_/A2 (sky130_fd_sc_hd__a21oi_2)
     2    0.00    0.31    0.53   12.63 ^ _8022_/Y (sky130_fd_sc_hd__a21oi_2)
                                         _3207_ (net)
                  0.31    0.00   12.63 ^ _8047_/A2 (sky130_fd_sc_hd__o21ai_0)
     1    0.01    0.29    0.41   13.04 v _8047_/Y (sky130_fd_sc_hd__o21ai_0)
                                         _3230_ (net)
                  0.29    0.00   13.05 v _8048_/A2 (sky130_fd_sc_hd__a21oi_2)
     2    0.00    0.31    0.61   13.65 ^ _8048_/Y (sky130_fd_sc_hd__a21oi_2)
                                         _3231_ (net)
                  0.31    0.00   13.65 ^ _8069_/A2 (sky130_fd_sc_hd__o21ai_0)
     1    0.01    0.24    0.38   14.03 v _8069_/Y (sky130_fd_sc_hd__o21ai_0)
                                         _3250_ (net)
                  0.24    0.00   14.03 v _8070_/A2 (sky130_fd_sc_hd__a21oi_2)
     2    0.01    0.43    0.67   14.70 ^ _8070_/Y (sky130_fd_sc_hd__a21oi_2)
                                         _3251_ (net)
                  0.43    0.00   14.70 ^ _8099_/A2 (sky130_fd_sc_hd__o21ai_0)
     1    0.00    0.16    0.37   15.07 v _8099_/Y (sky130_fd_sc_hd__o21ai_0)
                                         _3278_ (net)
                  0.16    0.00   15.07 v _8100_/A2 (sky130_fd_sc_hd__a21o_4)
     3    0.01    0.11    0.94   16.01 v _8100_/X (sky130_fd_sc_hd__a21o_4)
                                         _3279_ (net)
                  0.11    0.00   16.01 v _8121_/A2 (sky130_fd_sc_hd__a21o_1)
     1    0.00    0.08    0.65   16.66 v _8121_/X (sky130_fd_sc_hd__a21o_1)
                                         _3298_ (net)
                  0.08    0.00   16.66 v _8122_/A2 (sky130_fd_sc_hd__a21o_1)
     3    0.01    0.11    0.67   17.33 v _8122_/X (sky130_fd_sc_hd__a21o_1)
                                         _3299_ (net)
                  0.11    0.00   17.33 v _8142_/A2 (sky130_fd_sc_hd__a21o_1)
     1    0.00    0.10    0.68   18.01 v _8142_/X (sky130_fd_sc_hd__a21o_1)
                                         _3317_ (net)
                  0.10    0.00   18.01 v _8143_/A2 (sky130_fd_sc_hd__a21o_4)
     3    0.01    0.11    0.89   18.90 v _8143_/X (sky130_fd_sc_hd__a21o_4)
                                         _3318_ (net)
                  0.11    0.00   18.90 v _8165_/A2 (sky130_fd_sc_hd__a21o_1)
     1    0.00    0.10    0.67   19.57 v _8165_/X (sky130_fd_sc_hd__a21o_1)
                                         _3338_ (net)
                  0.10    0.00   19.57 v _8166_/A2 (sky130_fd_sc_hd__a21o_4)
     3    0.01    0.11    0.90   20.47 v _8166_/X (sky130_fd_sc_hd__a21o_4)
                                         _3339_ (net)
                  0.11    0.00   20.47 v _8187_/A2 (sky130_fd_sc_hd__a21o_1)
     1    0.00    0.10    0.68   21.15 v _8187_/X (sky130_fd_sc_hd__a21o_1)
                                         _3358_ (net)
                  0.10    0.00   21.15 v _8188_/A2 (sky130_fd_sc_hd__a21o_4)
     3    0.01    0.10    0.89   22.04 v _8188_/X (sky130_fd_sc_hd__a21o_4)
                                         _3359_ (net)
                  0.10    0.00   22.04 v _8211_/A2 (sky130_fd_sc_hd__a21o_1)
     1    0.00    0.10    0.67   22.72 v _8211_/X (sky130_fd_sc_hd__a21o_1)
                                         _3380_ (net)
                  0.10    0.00   22.72 v _8212_/A2 (sky130_fd_sc_hd__a21o_4)
     3    0.01    0.11    0.90   23.62 v _8212_/X (sky130_fd_sc_hd__a21o_4)
                                         _3381_ (net)
                  0.11    0.00   23.62 v _8231_/A2 (sky130_fd_sc_hd__a21o_4)
     1    0.01    0.10    0.90   24.52 v _8231_/X (sky130_fd_sc_hd__a21o_4)
                                         _3398_ (net)
                  0.10    0.00   24.52 v _8232_/A2 (sky130_fd_sc_hd__a21o_4)
     2    0.01    0.11    0.90   25.42 v _8232_/X (sky130_fd_sc_hd__a21o_4)
                                         _3399_ (net)
                  0.11    0.00   25.42 v _8252_/A2 (sky130_fd_sc_hd__a21o_1)
     1    0.00    0.10    0.67   26.09 v _8252_/X (sky130_fd_sc_hd__a21o_1)
                                         _3417_ (net)
                  0.10    0.00   26.09 v _8253_/A2 (sky130_fd_sc_hd__a21o_4)
     2    0.01    0.11    0.91   27.00 v _8253_/X (sky130_fd_sc_hd__a21o_4)
                                         _3418_ (net)
                  0.11    0.00   27.00 v _8254_/B (sky130_fd_sc_hd__xnor2_1)
     1    0.00    0.44    0.53   27.52 ^ _8254_/Y (sky130_fd_sc_hd__xnor2_1)
                                         _3419_ (net)
                  0.44    0.00   27.52 ^ _8258_/A2 (sky130_fd_sc_hd__a22oi_1)
     1    0.00    0.16    0.34   27.87 v _8258_/Y (sky130_fd_sc_hd__a22oi_1)
                                         _3423_ (net)
                  0.16    0.00   27.87 v _8259_/B2 (sky130_fd_sc_hd__a22o_1)
     1    0.00    0.11    0.83   28.70 v _8259_/X (sky130_fd_sc_hd__a22o_1)
                                         _0265_ (net)
                  0.11    0.00   28.70 v rv32_soc/reg_next_pc[26]$_SDFFE_PN0P_/D (sky130_fd_sc_hd__dfxtp_2)
                                 28.70   data arrival time

                         25.00   25.00   clock clk0 (rise edge)
                          5.38   30.38   clock network delay (propagated)
                          0.00   30.38   clock reconvergence pessimism
                                 30.38 ^ rv32_soc/reg_next_pc[26]$_SDFFE_PN0P_/CLK (sky130_fd_sc_hd__dfxtp_2)
                         -0.76   29.61   library setup time
                                 29.61   data required time
-----------------------------------------------------------------------------
                                 29.61   data required time
                                -28.70   data arrival time
-----------------------------------------------------------------------------
                                  0.91   slack (MET)


Startpoint: pcpi_rs1[2]$_DFFE_PP_
            (rising edge-triggered flip-flop clocked by clk0)
Endpoint: rv32_soc/latched_branch$_SDFFE_PN0P_
          (rising edge-triggered flip-flop clocked by clk0)
Path Group: clk0
Path Type: max
Corner: slow

Fanout     Cap    Slew   Delay    Time   Description
-----------------------------------------------------------------------------
                          0.00    0.00   clock clk0 (rise edge)
                          5.44    5.44   clock network delay (propagated)
                  0.22    0.00    5.44 ^ pcpi_rs1[2]$_DFFE_PP_/CLK (sky130_fd_sc_hd__edfxtp_1)
     9    0.05    1.46    2.10    7.53 ^ pcpi_rs1[2]$_DFFE_PP_/Q (sky130_fd_sc_hd__edfxtp_1)
                                         pcpi_rs1[2] (net)
                  1.46    0.00    7.53 ^ _5629_/A (sky130_fd_sc_hd__inv_1)
     1    0.01    0.29    0.81    8.34 v _5629_/Y (sky130_fd_sc_hd__inv_1)
                                         _4400_ (net)
                  0.29    0.00    8.34 v _9376_/B (sky130_fd_sc_hd__ha_4)
     6    0.02    0.23    1.16    9.51 ^ _9376_/SUM (sky130_fd_sc_hd__ha_4)
                                         _4402_ (net)
                  0.23    0.00    9.51 ^ _7420_/A (sky130_fd_sc_hd__nor3_2)
     1    0.00    0.06    0.16    9.67 v _7420_/Y (sky130_fd_sc_hd__nor3_2)
                                         _2789_ (net)
                  0.06    0.00    9.67 v _7422_/B (sky130_fd_sc_hd__nor3_2)
     2    0.01    0.63    0.73   10.40 ^ _7422_/Y (sky130_fd_sc_hd__nor3_2)
                                         _2791_ (net)
                  0.63    0.00   10.40 ^ _7423_/C (sky130_fd_sc_hd__nor3_2)
     1    0.00    0.10    0.32   10.72 v _7423_/Y (sky130_fd_sc_hd__nor3_2)
                                         _2792_ (net)
                  0.10    0.00   10.72 v _7425_/B (sky130_fd_sc_hd__nor3_2)
     2    0.00    0.51    0.65   11.37 ^ _7425_/Y (sky130_fd_sc_hd__nor3_2)
                                         _2794_ (net)
                  0.51    0.00   11.37 ^ _7426_/B (sky130_fd_sc_hd__nor2_1)
     1    0.00    0.09    0.27   11.64 v _7426_/Y (sky130_fd_sc_hd__nor2_1)
                                         _2795_ (net)
                  0.09    0.00   11.64 v _7427_/B (sky130_fd_sc_hd__nor2_1)
     1    0.00    0.39    0.40   12.04 ^ _7427_/Y (sky130_fd_sc_hd__nor2_1)
                                         _2796_ (net)
                  0.39    0.00   12.04 ^ _7428_/A2 (sky130_fd_sc_hd__o21bai_2)
     2    0.00    0.12    0.27   12.31 v _7428_/Y (sky130_fd_sc_hd__o21bai_2)
                                         _2797_ (net)
                  0.12    0.00   12.31 v _7431_/B1 (sky130_fd_sc_hd__a221oi_1)
     2    0.01    1.48    1.44   13.75 ^ _7431_/Y (sky130_fd_sc_hd__a221oi_1)
                                         _2800_ (net)
                  1.48    0.00   13.75 ^ _7434_/A3 (sky130_fd_sc_hd__o31ai_1)
     1    0.00    0.15    0.68   14.43 v _7434_/Y (sky130_fd_sc_hd__o31ai_1)
                                         _2803_ (net)
                  0.15    0.00   14.43 v rebuffer26/A (sky130_fd_sc_hd__buf_2)
     2    0.00    0.07    0.46   14.89 v rebuffer26/X (sky130_fd_sc_hd__buf_2)
                                         net175 (net)
                  0.07    0.00   14.89 v _7435_/A2 (sky130_fd_sc_hd__a21oi_1)
     1    0.00    0.48    0.56   15.45 ^ _7435_/Y (sky130_fd_sc_hd__a21oi_1)
                                         _2804_ (net)
                  0.48    0.00   15.45 ^ _7436_/B1 (sky130_fd_sc_hd__o21ai_0)
     2    0.00    0.17    0.39   15.84 v _7436_/Y (sky130_fd_sc_hd__o21ai_0)
                                         _2805_ (net)
                  0.17    0.00   15.84 v _7437_/B2 (sky130_fd_sc_hd__a221oi_1)
     1    0.01    1.16    1.36   17.20 ^ _7437_/Y (sky130_fd_sc_hd__a221oi_1)
                                         _2806_ (net)
                  1.16    0.00   17.20 ^ rebuffer17/A (sky130_fd_sc_hd__buf_2)
     2    0.00    0.11    0.83   18.04 ^ rebuffer17/X (sky130_fd_sc_hd__buf_2)
                                         net166 (net)
                  0.11    0.00   18.04 ^ _7440_/A3 (sky130_fd_sc_hd__o31ai_1)
     1    0.00    0.09    0.14   18.17 v _7440_/Y (sky130_fd_sc_hd__o31ai_1)
                                         _2809_ (net)
                  0.09    0.00   18.17 v rebuffer25/A (sky130_fd_sc_hd__buf_2)
     2    0.00    0.07    0.42   18.60 v rebuffer25/X (sky130_fd_sc_hd__buf_2)
                                         net174 (net)
                  0.07    0.00   18.60 v _7441_/B2 (sky130_fd_sc_hd__a221oi_1)
     1    0.00    0.68    0.93   19.52 ^ _7441_/Y (sky130_fd_sc_hd__a221oi_1)
                                         _2810_ (net)
                  0.68    0.00   19.52 ^ rebuffer51/A (sky130_fd_sc_hd__buf_2)
     2    0.01    0.14    0.62   20.15 ^ rebuffer51/X (sky130_fd_sc_hd__buf_2)
                                         net200 (net)
                  0.14    0.00   20.15 ^ _7442_/C (sky130_fd_sc_hd__nor3_2)
     1    0.00    0.10    0.11   20.26 v _7442_/Y (sky130_fd_sc_hd__nor3_2)
                                         _2811_ (net)
                  0.10    0.00   20.26 v _7443_/C (sky130_fd_sc_hd__nor3_2)
     2    0.00    0.49    0.48   20.74 ^ _7443_/Y (sky130_fd_sc_hd__nor3_2)
                                         _2812_ (net)
                  0.49    0.00   20.74 ^ _7446_/A3 (sky130_fd_sc_hd__o31ai_1)
     1    0.00    0.12    0.31   21.05 v _7446_/Y (sky130_fd_sc_hd__o31ai_1)
                                         _2815_ (net)
                  0.12    0.00   21.05 v rebuffer49/A (sky130_fd_sc_hd__buf_2)
     2    0.01    0.10    0.48   21.53 v rebuffer49/X (sky130_fd_sc_hd__buf_2)
                                         net198 (net)
                  0.10    0.00   21.53 v _7448_/B1 (sky130_fd_sc_hd__a221o_1)
     2    0.01    0.17    1.29   22.82 v _7448_/X (sky130_fd_sc_hd__a221o_1)
                                         _2817_ (net)
                  0.17    0.00   22.82 v _7449_/B2 (sky130_fd_sc_hd__a221oi_1)
     1    0.00    0.76    1.05   23.87 ^ _7449_/Y (sky130_fd_sc_hd__a221oi_1)
                                         _2818_ (net)
                  0.76    0.00   23.87 ^ rebuffer24/A (sky130_fd_sc_hd__buf_4)
     3    0.01    0.11    0.65   24.52 ^ rebuffer24/X (sky130_fd_sc_hd__buf_4)
                                         net173 (net)
                  0.11    0.00   24.52 ^ _7454_/A2 (sky130_fd_sc_hd__o21ai_0)
     1    0.00    0.10    0.15   24.67 v _7454_/Y (sky130_fd_sc_hd__o21ai_0)
                                         _2823_ (net)
                  0.10    0.00   24.67 v _7456_/A2 (sky130_fd_sc_hd__o21ai_0)
     2    0.00    0.55    0.59   25.26 ^ _7456_/Y (sky130_fd_sc_hd__o21ai_0)
                                         _2825_ (net)
                  0.55    0.00   25.26 ^ _7472_/A2 (sky130_fd_sc_hd__o21ai_0)
     1    0.00    0.17    0.43   25.69 v _7472_/Y (sky130_fd_sc_hd__o21ai_0)
                                         _2841_ (net)
                  0.17    0.00   25.69 v _7473_/S (sky130_fd_sc_hd__mux2i_1)
     1    0.01    0.97    0.88   26.57 ^ _7473_/Y (sky130_fd_sc_hd__mux2i_1)
                                         _2842_ (net)
                  0.97    0.00   26.57 ^ _7474_/B (sky130_fd_sc_hd__nand2_4)
     3    0.01    0.12    0.49   27.06 v _7474_/Y (sky130_fd_sc_hd__nand2_4)
                                         _2843_ (net)
                  0.12    0.00   27.06 v _8523_/A2 (sky130_fd_sc_hd__a21oi_2)
     2    0.01    0.42    0.60   27.65 ^ _8523_/Y (sky130_fd_sc_hd__a21oi_2)
                                         _3618_ (net)
                  0.42    0.00   27.65 ^ _8533_/A1 (sky130_fd_sc_hd__o21ai_0)
     1    0.01    0.20    0.42   28.07 v _8533_/Y (sky130_fd_sc_hd__o21ai_0)
                                         _3626_ (net)
                  0.20    0.00   28.07 v _8534_/B1 (sky130_fd_sc_hd__o311a_1)
     1    0.00    0.17    0.52   28.59 v _8534_/X (sky130_fd_sc_hd__o311a_1)
                                         _0342_ (net)
                  0.17    0.00   28.59 v rv32_soc/latched_branch$_SDFFE_PN0P_/D (sky130_fd_sc_hd__dfxtp_1)
                                 28.59   data arrival time

                         25.00   25.00   clock clk0 (rise edge)
                          5.44   30.44   clock network delay (propagated)
                          0.00   30.44   clock reconvergence pessimism
                                 30.44 ^ rv32_soc/latched_branch$_SDFFE_PN0P_/CLK (sky130_fd_sc_hd__dfxtp_1)
                         -0.78   29.66   library setup time
                                 29.66   data required time
-----------------------------------------------------------------------------
                                 29.66   data required time
                                -28.59   data arrival time
-----------------------------------------------------------------------------
                                  1.07   slack (MET)


Startpoint: pcpi_rs1[2]$_DFFE_PP_
            (rising edge-triggered flip-flop clocked by clk0)
Endpoint: rv32_soc/alu_out_q[0]$_DFF_P_
          (rising edge-triggered flip-flop clocked by clk0)
Path Group: clk0
Path Type: max
Corner: slow

Fanout     Cap    Slew   Delay    Time   Description
-----------------------------------------------------------------------------
                          0.00    0.00   clock clk0 (rise edge)
                          5.44    5.44   clock network delay (propagated)
                  0.22    0.00    5.44 ^ pcpi_rs1[2]$_DFFE_PP_/CLK (sky130_fd_sc_hd__edfxtp_1)
     9    0.05    1.46    2.10    7.53 ^ pcpi_rs1[2]$_DFFE_PP_/Q (sky130_fd_sc_hd__edfxtp_1)
                                         pcpi_rs1[2] (net)
                  1.46    0.00    7.53 ^ _5629_/A (sky130_fd_sc_hd__inv_1)
     1    0.01    0.29    0.81    8.34 v _5629_/Y (sky130_fd_sc_hd__inv_1)
                                         _4400_ (net)
                  0.29    0.00    8.34 v _9376_/B (sky130_fd_sc_hd__ha_4)
     6    0.02    0.23    1.16    9.51 ^ _9376_/SUM (sky130_fd_sc_hd__ha_4)
                                         _4402_ (net)
                  0.23    0.00    9.51 ^ _7420_/A (sky130_fd_sc_hd__nor3_2)
     1    0.00    0.06    0.16    9.67 v _7420_/Y (sky130_fd_sc_hd__nor3_2)
                                         _2789_ (net)
                  0.06    0.00    9.67 v _7422_/B (sky130_fd_sc_hd__nor3_2)
     2    0.01    0.63    0.73   10.40 ^ _7422_/Y (sky130_fd_sc_hd__nor3_2)
                                         _2791_ (net)
                  0.63    0.00   10.40 ^ _7423_/C (sky130_fd_sc_hd__nor3_2)
     1    0.00    0.10    0.32   10.72 v _7423_/Y (sky130_fd_sc_hd__nor3_2)
                                         _2792_ (net)
                  0.10    0.00   10.72 v _7425_/B (sky130_fd_sc_hd__nor3_2)
     2    0.00    0.51    0.65   11.37 ^ _7425_/Y (sky130_fd_sc_hd__nor3_2)
                                         _2794_ (net)
                  0.51    0.00   11.37 ^ _7426_/B (sky130_fd_sc_hd__nor2_1)
     1    0.00    0.09    0.27   11.64 v _7426_/Y (sky130_fd_sc_hd__nor2_1)
                                         _2795_ (net)
                  0.09    0.00   11.64 v _7427_/B (sky130_fd_sc_hd__nor2_1)
     1    0.00    0.39    0.40   12.04 ^ _7427_/Y (sky130_fd_sc_hd__nor2_1)
                                         _2796_ (net)
                  0.39    0.00   12.04 ^ _7428_/A2 (sky130_fd_sc_hd__o21bai_2)
     2    0.00    0.12    0.27   12.31 v _7428_/Y (sky130_fd_sc_hd__o21bai_2)
                                         _2797_ (net)
                  0.12    0.00   12.31 v _7431_/B1 (sky130_fd_sc_hd__a221oi_1)
     2    0.01    1.48    1.44   13.75 ^ _7431_/Y (sky130_fd_sc_hd__a221oi_1)
                                         _2800_ (net)
                  1.48    0.00   13.75 ^ _7434_/A3 (sky130_fd_sc_hd__o31ai_1)
     1    0.00    0.15    0.68   14.43 v _7434_/Y (sky130_fd_sc_hd__o31ai_1)
                                         _2803_ (net)
                  0.15    0.00   14.43 v rebuffer26/A (sky130_fd_sc_hd__buf_2)
     2    0.00    0.07    0.46   14.89 v rebuffer26/X (sky130_fd_sc_hd__buf_2)
                                         net175 (net)
                  0.07    0.00   14.89 v _7435_/A2 (sky130_fd_sc_hd__a21oi_1)
     1    0.00    0.48    0.56   15.45 ^ _7435_/Y (sky130_fd_sc_hd__a21oi_1)
                                         _2804_ (net)
                  0.48    0.00   15.45 ^ _7436_/B1 (sky130_fd_sc_hd__o21ai_0)
     2    0.00    0.17    0.39   15.84 v _7436_/Y (sky130_fd_sc_hd__o21ai_0)
                                         _2805_ (net)
                  0.17    0.00   15.84 v _7437_/B2 (sky130_fd_sc_hd__a221oi_1)
     1    0.01    1.16    1.36   17.20 ^ _7437_/Y (sky130_fd_sc_hd__a221oi_1)
                                         _2806_ (net)
                  1.16    0.00   17.20 ^ rebuffer17/A (sky130_fd_sc_hd__buf_2)
     2    0.00    0.11    0.83   18.04 ^ rebuffer17/X (sky130_fd_sc_hd__buf_2)
                                         net166 (net)
                  0.11    0.00   18.04 ^ _7440_/A3 (sky130_fd_sc_hd__o31ai_1)
     1    0.00    0.09    0.14   18.17 v _7440_/Y (sky130_fd_sc_hd__o31ai_1)
                                         _2809_ (net)
                  0.09    0.00   18.17 v rebuffer25/A (sky130_fd_sc_hd__buf_2)
     2    0.00    0.07    0.42   18.60 v rebuffer25/X (sky130_fd_sc_hd__buf_2)
                                         net174 (net)
                  0.07    0.00   18.60 v _7441_/B2 (sky130_fd_sc_hd__a221oi_1)
     1    0.00    0.68    0.93   19.52 ^ _7441_/Y (sky130_fd_sc_hd__a221oi_1)
                                         _2810_ (net)
                  0.68    0.00   19.52 ^ rebuffer51/A (sky130_fd_sc_hd__buf_2)
     2    0.01    0.14    0.62   20.15 ^ rebuffer51/X (sky130_fd_sc_hd__buf_2)
                                         net200 (net)
                  0.14    0.00   20.15 ^ _7442_/C (sky130_fd_sc_hd__nor3_2)
     1    0.00    0.10    0.11   20.26 v _7442_/Y (sky130_fd_sc_hd__nor3_2)
                                         _2811_ (net)
                  0.10    0.00   20.26 v _7443_/C (sky130_fd_sc_hd__nor3_2)
     2    0.00    0.49    0.48   20.74 ^ _7443_/Y (sky130_fd_sc_hd__nor3_2)
                                         _2812_ (net)
                  0.49    0.00   20.74 ^ _7446_/A3 (sky130_fd_sc_hd__o31ai_1)
     1    0.00    0.12    0.31   21.05 v _7446_/Y (sky130_fd_sc_hd__o31ai_1)
                                         _2815_ (net)
                  0.12    0.00   21.05 v rebuffer49/A (sky130_fd_sc_hd__buf_2)
     2    0.01    0.10    0.48   21.53 v rebuffer49/X (sky130_fd_sc_hd__buf_2)
                                         net198 (net)
                  0.10    0.00   21.53 v _7448_/B1 (sky130_fd_sc_hd__a221o_1)
     2    0.01    0.17    1.29   22.82 v _7448_/X (sky130_fd_sc_hd__a221o_1)
                                         _2817_ (net)
                  0.17    0.00   22.82 v _7449_/B2 (sky130_fd_sc_hd__a221oi_1)
     1    0.00    0.76    1.05   23.87 ^ _7449_/Y (sky130_fd_sc_hd__a221oi_1)
                                         _2818_ (net)
                  0.76    0.00   23.87 ^ rebuffer24/A (sky130_fd_sc_hd__buf_4)
     3    0.01    0.11    0.65   24.52 ^ rebuffer24/X (sky130_fd_sc_hd__buf_4)
                                         net173 (net)
                  0.11    0.00   24.52 ^ _7454_/A2 (sky130_fd_sc_hd__o21ai_0)
     1    0.00    0.10    0.15   24.67 v _7454_/Y (sky130_fd_sc_hd__o21ai_0)
                                         _2823_ (net)
                  0.10    0.00   24.67 v _7456_/A2 (sky130_fd_sc_hd__o21ai_0)
     2    0.00    0.55    0.59   25.26 ^ _7456_/Y (sky130_fd_sc_hd__o21ai_0)
                                         _2825_ (net)
                  0.55    0.00   25.26 ^ _7472_/A2 (sky130_fd_sc_hd__o21ai_0)
     1    0.00    0.17    0.43   25.69 v _7472_/Y (sky130_fd_sc_hd__o21ai_0)
                                         _2841_ (net)
                  0.17    0.00   25.69 v _7473_/S (sky130_fd_sc_hd__mux2i_1)
     1    0.01    0.97    0.88   26.57 ^ _7473_/Y (sky130_fd_sc_hd__mux2i_1)
                                         _2842_ (net)
                  0.97    0.00   26.57 ^ _7474_/B (sky130_fd_sc_hd__nand2_4)
     3    0.01    0.12    0.49   27.06 v _7474_/Y (sky130_fd_sc_hd__nand2_4)
                                         _2843_ (net)
                  0.12    0.00   27.06 v _8825_/A2 (sky130_fd_sc_hd__a221o_1)
     1    0.00    0.16    1.51   28.57 v _8825_/X (sky130_fd_sc_hd__a221o_1)
                                         rv32_soc/alu_out[0] (net)
                  0.16    0.00   28.57 v rv32_soc/alu_out_q[0]$_DFF_P_/D (sky130_fd_sc_hd__dfxtp_2)
                                 28.57   data arrival time

                         25.00   25.00   clock clk0 (rise edge)
                          5.44   30.44   clock network delay (propagated)
                          0.00   30.44   clock reconvergence pessimism
                                 30.44 ^ rv32_soc/alu_out_q[0]$_DFF_P_/CLK (sky130_fd_sc_hd__dfxtp_2)
                         -0.78   29.66   library setup time
                                 29.66   data required time
-----------------------------------------------------------------------------
                                 29.66   data required time
                                -28.57   data arrival time
-----------------------------------------------------------------------------
                                  1.09   slack (MET)


