OpenROAD v2.0-20575-ge78e29127 
Features included (+) or not (-): +GPU +GUI +Python
This program is licensed under the BSD-3 license. See the LICENSE file for details.
Components of this program may be licensed under more restrictive licenses which must be honored.
##############################
# Schema Adapter
###############################
set sc_step [sc_cfg_get arg step]
set sc_index [sc_cfg_get arg index]
set sc_flow [sc_cfg_get option flow]
set sc_tool [sc_cfg_get flowgraph $sc_flow $sc_step $sc_index tool]
set sc_task [sc_cfg_get flowgraph $sc_flow $sc_step $sc_index task]
set sc_refdir [sc_cfg_tool_task_get refdir]
##############################
# Setup debugging
###############################
source -echo "$sc_refdir/common/debugging.tcl"
###############################
# Setup debugging if requested
###############################
if { [llength [sc_cfg_tool_task_get {var} debug_level]] > 0 } {
    foreach debug [sc_cfg_tool_task_get {var} debug_level] {
        lassign [split $debug " "] debug_tool debug_category debug_level
        utl::info FLW 1 "Setting debugging for $debug_tool/$debug_category/$debug_level"
        set_debug_level $debug_tool $debug_category $debug_level
    }
}
###############################
# Suppress messages if requested
###############################
foreach msg [sc_cfg_tool_task_get warningoff] {
    set or_msg [split $msg "-"]
    if { [llength $or_msg] != 2 } {
        utl::warn FLW 1 "$msg is not a valid message id"
    } else {
        set or_tool [lindex $or_msg 0]
        set or_msg_id [expr { int([lindex $or_msg 1]) }]
        utl::info FLW 1 "Suppressing $msg messages"
        suppress_message $or_tool $or_msg_id
    }
}
###############################
# Setup helper functions
###############################
source "$sc_refdir/common/procs.tcl"
###############################
# Design information
###############################
# Design
set sc_design [sc_top]
set sc_optmode [sc_cfg_get option optmode]
set sc_pdk [sc_cfg_get option pdk]
set sc_stackup [sc_cfg_get option stackup]
# APR Parameters
set sc_targetlibs [sc_get_asic_libraries logic]
set sc_mainlib [lindex $sc_targetlibs 0]
set sc_delaymodel [sc_cfg_get asic delaymodel]
# Hard macro libraries
set sc_macrolibs [sc_get_asic_libraries macro]
# Threads
set_thread_count [sc_cfg_tool_task_get threads]
[INFO ORD-0030] Using 2 thread(s).
###############################
# Read Files
###############################
source -echo "$sc_refdir/common/read_liberty.tcl"
set sc_scenarios [dict keys [sc_cfg_get constraint timing]]
set sc_delaymodel [sc_cfg_get asic delaymodel]
# Read Liberty
utl::info FLW 1 "Defining timing corners: $sc_scenarios"
[INFO FLW-0001] Defining timing corners: slow fast typical
define_corners {*}$sc_scenarios
foreach lib "$sc_targetlibs $sc_macrolibs" {
    #Liberty
    foreach corner $sc_scenarios {
        foreach libcorner [sc_cfg_get constraint timing $corner libcorner] {
            if { [sc_cfg_exists library $lib output $libcorner $sc_delaymodel] } {
                foreach lib_file [sc_cfg_get library $lib output $libcorner $sc_delaymodel] {
                    puts "Reading liberty file for ${corner} ($libcorner): ${lib_file}"
                    read_liberty -corner $corner $lib_file
                }
                break
            }
        }
    }
}
Reading liberty file for slow (slow): /nfs/sc_compute/cache/lambdapdk-v0.1.50/lambdapdk/sky130/libs/sky130hd/nldm/sky130_fd_sc_hd__ss_n40C_1v40.lib.gz
Reading liberty file for fast (fast): /nfs/sc_compute/cache/lambdapdk-v0.1.50/lambdapdk/sky130/libs/sky130hd/nldm/sky130_fd_sc_hd__ff_100C_1v95.lib.gz
Reading liberty file for typical (typical): /nfs/sc_compute/cache/lambdapdk-v0.1.50/lambdapdk/sky130/libs/sky130hd/nldm/sky130_fd_sc_hd__tt_025C_1v80.lib.gz
source -echo "$sc_refdir/common/read_input_files.tcl"
###############################
# Read design files
###############################
if { [sc_has_input_files odb "input layout odb"] } {
    foreach odb_file [sc_get_input_files odb "input layout odb"] {
        puts "Reading ODB: ${odb_file}"
        read_db $odb_file
    }
} else {
    set sc_libtype [sc_cfg_get library $sc_mainlib asic libarch]
    set sc_techlef [sc_cfg_get pdk $sc_pdk aprtech openroad $sc_stackup $sc_libtype lef]
    # Read techlef
    puts "Reading techlef: ${sc_techlef}"
    read_lef $sc_techlef
    # Read Lefs
    foreach lib "$sc_targetlibs $sc_macrolibs" {
        foreach lef_file [sc_cfg_get library $lib output $sc_stackup lef] {
            puts "Reading lef: ${lef_file}"
            read_lef $lef_file
        }
    }
    if { [file exists "inputs/${sc_design}.def"] } {
        # Read DEF
        # get from previous step
        puts "Reading DEF: inputs/${sc_design}.def"
        read_def "inputs/${sc_design}.def"
    } elseif { [sc_cfg_exists input layout def] } {
        # Read DEF
        set sc_def [lindex [sc_cfg_get input layout def] 0]
        puts "Reading DEF: ${sc_def}"
        read_def $sc_def
    } elseif { [file exists "inputs/${sc_design}.vg"] } {
        # Read Verilog
        puts "Reading netlist verilog: inputs/${sc_design}.vg"
        read_verilog "inputs/${sc_design}.vg"
        link_design $sc_design
    } elseif { [sc_cfg_exists input netlist verilog] } {
        # Read Verilog
        foreach netlist [sc_cfg_get input netlist verilog] {
            puts "Reading netlist verilog: ${netlist}"
            read_verilog $netlist
        }
        link_design $sc_design
    } else {
        utl::error FLW 1 "No input files available"
    }
    # Handle global connect setup
    if { [sc_cfg_tool_task_exists {file} global_connect] } {
        foreach global_connect [sc_cfg_tool_task_get {file} global_connect] {
            puts "Loading global connect configuration: ${global_connect}"
            source $global_connect
        }
    }
    tee -file reports/global_connections.rpt {report_global_connect}
}
Reading ODB: inputs/picorv32.odb
source -echo "$sc_refdir/common/read_timing_constraints.tcl"
###############################
# Read timing constraints
###############################
if { [sc_has_input_files sdc "input constraint sdc"] } {
    foreach sdc [sc_get_input_files sdc "input constraint sdc"] {
        puts "Reading SDC: ${sdc}"
        read_sdc $sdc
    }
} else {
    # fall back on default auto generated constraints file
    set sdc [sc_cfg_tool_task_get {file} opensta_generic_sdc]
    puts "Reading SDC: ${sdc}"
    utl::warn FLW 1 "Defaulting back to default SDC"
    read_sdc "${sdc}"
}
Reading SDC: inputs/picorv32.sdc
###############################
# Common Setup
###############################
sc_setup_sta
[WARNING FLW-0001] No clocks defined.
sc_setup_parasitics
[INFO FLW-0001] Using met5 for clock parasitics estimation
[INFO FLW-0001] Using met2 for signal parasitics estimation
sc_set_dont_use
sc_setup_global_routing
[INFO FLW-0001] Setting global routing adjustment for li1 to 100.0%
[INFO FLW-0001] Setting global routing adjustment for met1 to 40.0%
[INFO FLW-0001] Setting global routing adjustment for met2 to 40.0%
[INFO FLW-0001] Setting global routing adjustment for met3 to 30.0%
[INFO FLW-0001] Setting global routing adjustment for met4 to 30.0%
[INFO FLW-0001] Setting global routing adjustment for met5 to 30.0%
[INFO FLW-0001] Setting global routing signal routing layers to: met1-met5
[INFO FLW-0001] Setting global routing clock routing layers to: met1-met5
# Store incoming markers to avoid rewriting them
set sc_starting_markers []
foreach markerdb [[ord::get_db_block] getMarkerCategories] {
    lappend sc_starting_markers [$markerdb getName]
}
###############################
# Source Step Script
###############################
report_units_metric
utl::push_metrics_stage "sc__prestep__{}"
if { [sc_cfg_tool_task_exists prescript] } {
    foreach sc_pre_script [sc_cfg_tool_task_get prescript] {
        puts "Sourcing pre script: ${sc_pre_script}"
        source -echo $sc_pre_script
    }
}
utl::pop_metrics_stage
utl::push_metrics_stage "sc__step__{}"
set openroad_dont_touch {}
if { [sc_cfg_tool_task_exists {var} dont_touch] } {
    set openroad_dont_touch [sc_cfg_tool_task_get {var} dont_touch]
}
if { [llength $openroad_dont_touch] > 0 } {
    # set don't touch list
    set_dont_touch $openroad_dont_touch
}
tee -quiet -file reports/dont_touch.start.rpt {report_dont_touch}
tee -quiet -file reports/dont_use.start.rpt {report_dont_use}
tee -file reports/global_connections.start.rpt {report_global_connect}
Global connection rules: 2
  Instances: ".*" with pins "VPWR" connect to "VDD"
  Instances: ".*" with pins "VGND" connect to "VSS"
Dont use report: reports/dont_use.global_placement.rpt
[INFO GPL-0002] DBU: 1000
[INFO GPL-0003] SiteSize: (  0.460  2.720 ) um
[INFO GPL-0004] CoreBBox: (  1.380  2.720 ) ( 452.640 451.520 ) um
[INFO GPL-0006] Number of instances:              8659
[INFO GPL-0007] Movable instances:                5987
[INFO GPL-0008] Fixed instances:                  2672
[INFO GPL-0009] Dummy instances:                     0
[INFO GPL-0010] Number of nets:                   6293
[INFO GPL-0011] Number of pins:                  24637
[INFO GPL-0012] Die BBox:  (  0.000  0.000 ) ( 454.070 454.070 ) um
[INFO GPL-0013] Core BBox: (  1.380  2.720 ) ( 452.640 451.520 ) um
[INFO GPL-0016] Core area:                  202525.488 um^2
[INFO GPL-0017] Fixed instances area:         3343.206 um^2
[INFO GPL-0018] Movable instances area:      80347.059 um^2
[INFO GPL-0019] Utilization:                    40.338 %
[INFO GPL-0020] Standard cells area:         80347.059 um^2
[INFO GPL-0021] Large instances area:            0.000 um^2
[INFO GPL-0023] Placement target density:       1.0000
[INFO GPL-0024] Movable insts average area:     13.420 um^2
[INFO GPL-0025] Ideal bin area:                 13.420 um^2
[INFO GPL-0026] Ideal bin count:                 15091
[INFO GPL-0027] Total bin area:             202525.488 um^2
[INFO GPL-0028] Bin count (X, Y):          64 ,     64
[INFO GPL-0029] Bin size (W * H):       7.051 *  7.013 um
[INFO GPL-0030] Number of bins:                   4096
global_placement siliconcompiler arguments: -routability_driven -timing_driven
[INFO GPL-0002] DBU: 1000
[INFO GPL-0003] SiteSize: (  0.460  2.720 ) um
[INFO GPL-0004] CoreBBox: (  1.380  2.720 ) ( 452.640 451.520 ) um
[INFO GPL-0006] Number of instances:              8659
[INFO GPL-0007] Movable instances:                5987
[INFO GPL-0008] Fixed instances:                  2672
[INFO GPL-0009] Dummy instances:                     0
[INFO GPL-0010] Number of nets:                   6293
[INFO GPL-0011] Number of pins:                  24637
[INFO GPL-0012] Die BBox:  (  0.000  0.000 ) ( 454.070 454.070 ) um
[INFO GPL-0013] Core BBox: (  1.380  2.720 ) ( 452.640 451.520 ) um
[INFO GPL-0016] Core area:                  202525.488 um^2
[INFO GPL-0017] Fixed instances area:         3343.206 um^2
[INFO GPL-0018] Movable instances area:      80347.059 um^2
[INFO GPL-0019] Utilization:                    40.338 %
[INFO GPL-0020] Standard cells area:         80347.059 um^2
[INFO GPL-0021] Large instances area:            0.000 um^2
[InitialPlace]  Iter: 1 conjugate gradient residual: 0.00057276 HPWL: 240069990
[InitialPlace]  Iter: 2 conjugate gradient residual: 0.00004776 HPWL: 131300894
[InitialPlace]  Iter: 3 conjugate gradient residual: 0.00000293 HPWL: 120888421
[InitialPlace]  Iter: 4 conjugate gradient residual: 0.00000442 HPWL: 118975391
[InitialPlace]  Iter: 5 conjugate gradient residual: 0.00000126 HPWL: 116633458
[INFO GPL-0023] Placement target density:       0.6000
[INFO GPL-0024] Movable insts average area:     13.420 um^2
[INFO GPL-0025] Ideal bin area:                 22.367 um^2
[INFO GPL-0026] Ideal bin count:                  9054
[INFO GPL-0027] Total bin area:             202525.488 um^2
[INFO GPL-0028] Bin count (X, Y):          64 ,     64
[INFO GPL-0029] Bin size (W * H):       7.051 *  7.013 um
[INFO GPL-0030] Number of bins:                   4096
[INFO GPL-0031] HPWL: Half-Perimeter Wirelength
Iteration | Overflow |     HPWL (um) |  HPWL(%) |   Penalty | Group
---------------------------------------------------------------
        1 |   0.9455 |  7.214643e+07 |   +0.00% |  1.38e-15 |      
       10 |   0.8967 |  9.461000e+07 |  +31.14% |  2.14e-15 |      
       20 |   0.8768 |  9.893133e+07 |   +4.57% |  3.48e-15 |      
       30 |   0.8693 |  1.001883e+08 |   +1.27% |  5.67e-15 |      
       40 |   0.8711 |  9.976499e+07 |   -0.42% |  9.24e-15 |      
       50 |   0.8733 |  9.928207e+07 |   -0.48% |  1.51e-14 |      
       60 |   0.8730 |  9.922290e+07 |   -0.06% |  2.45e-14 |      
       70 |   0.8720 |  9.947442e+07 |   +0.25% |  3.99e-14 |      
       80 |   0.8716 |  9.961742e+07 |   +0.14% |  6.51e-14 |      
       90 |   0.8717 |  9.955301e+07 |   -0.06% |  1.06e-13 |      
      100 |   0.8718 |  9.949129e+07 |   -0.06% |  1.73e-13 |      
      110 |   0.8717 |  9.954292e+07 |   +0.05% |  2.81e-13 |      
      120 |   0.8714 |  9.966440e+07 |   +0.12% |  4.58e-13 |      
      130 |   0.8709 |  9.984541e+07 |   +0.18% |  7.46e-13 |      
      140 |   0.8702 |  1.001551e+08 |   +0.31% |  1.22e-12 |      
      150 |   0.8692 |  1.007170e+08 |   +0.56% |  1.98e-12 |      
      160 |   0.8674 |  1.017290e+08 |   +1.00% |  3.22e-12 |      
      170 |   0.8646 |  1.033571e+08 |   +1.60% |  5.25e-12 |      
      180 |   0.8601 |  1.057259e+08 |   +2.29% |  8.55e-12 |      
      190 |   0.8526 |  1.090855e+08 |   +3.18% |  1.39e-11 |      
      200 |   0.8395 |  1.135871e+08 |   +4.13% |  2.27e-11 |      
      210 |   0.8205 |  1.188765e+08 |   +4.66% |  3.69e-11 |      
      220 |   0.7940 |  1.245944e+08 |   +4.81% |  6.01e-11 |      
[INFO GPL-0100] Timing-driven iteration 1/5, virtual: true.
[INFO GPL-0101]    Iter: 224, overflow: 0.782, keep resizer changes at: 0.3, HPWL: 126978964
Iteration |   Area    | Resized | Buffers | Nets repaired | Remaining
---------------------------------------------------------------------
        0 |     +0.0% |       0 |       0 |             0 |      6294
    final |     +7.7% |    1366 |     805 |            84 |         0
---------------------------------------------------------------------
[INFO RSZ-0034] Found 80 slew violations.
[INFO RSZ-0036] Found 49 capacitance violations.
[INFO RSZ-0039] Resized 1366 instances.
[INFO RSZ-0038] Inserted 805 buffers in 84 nets.
[INFO GPL-0106] Timing-driven: worst slack 1e+30
[WARNING GPL-0102] Timing-driven: no slacks found. Timing-driven mode disabled.
Iteration | Overflow |     HPWL (um) |  HPWL(%) |   Penalty | Group
---------------------------------------------------------------
      230 |   0.7636 |  1.304496e+08 |   +4.70% |  9.78e-11 |      
      240 |   0.7300 |  1.358599e+08 |   +4.15% |  1.59e-10 |      
      250 |   0.6940 |  1.409026e+08 |   +3.71% |  2.59e-10 |      
      260 |   0.6555 |  1.463983e+08 |   +3.90% |  4.22e-10 |      
      270 |   0.6142 |  1.517212e+08 |   +3.64% |  6.87e-10 |      
[INFO GPL-0088] Routability snapshot saved at iter = 273
      280 |   0.5714 |  1.562285e+08 |   +2.97% |  1.12e-09 |      
      290 |   0.5298 |  1.602134e+08 |   +2.55% |  1.82e-09 |      
      300 |   0.4842 |  1.636496e+08 |   +2.14% |  2.96e-09 |      
      310 |   0.4397 |  1.654734e+08 |   +1.11% |  4.83e-09 |      
      320 |   0.3927 |  1.669348e+08 |   +0.88% |  7.86e-09 |      
      330 |   0.3479 |  1.670744e+08 |   +0.08% |  1.28e-08 |      
      340 |   0.3123 |  1.672384e+08 |   +0.10% |  1.91e-08 |      
[INFO GPL-0040] Routability iteration: 1
[INFO GPL-0041] Total routing overflow: 47.0410
[INFO GPL-0042] Number of overflowed tiles: 352 (8.33%)
[INFO GPL-0043] Average top 0.5% routing congestion: 1.3938
[INFO GPL-0044] Average top 1.0% routing congestion: 1.3451
[INFO GPL-0045] Average top 2.0% routing congestion: 1.2914
[INFO GPL-0046] Average top 5.0% routing congestion: 1.1953
[INFO GPL-0047] Routability iteration weighted routing congestion: 1.3694
[INFO GPL-0048] Routing congestion (1.3694) lower than previous minimum (1e+30). Updating minimum.
[INFO GPL-0051] Inflated area:                9842.187 um^2 (+12.25%)
[INFO GPL-0052] Placement target density:       0.6000
[INFO GPL-0058] White space area:           199182.282 um^2 (+0.00%)
[INFO GPL-0059] Movable instances area:     129351.565 um^2 (+8.24%)
[INFO GPL-0060] Total filler area:           39162.319 um^2 (+0.00%)
[INFO GPL-0061] Total non-inflated area:    129351.565 um^2 (+8.24%)
[INFO GPL-0062] Total inflated area:        139193.752 um^2 (+7.61%)
[INFO GPL-0063] New Target Density:             0.6494
[INFO GPL-0089] Routability end iteration: revert back to snapshot
Iteration | Overflow |     HPWL (um) |  HPWL(%) |   Penalty | Group
---------------------------------------------------------------
      350 |   0.5638 |  1.633199e+08 |   -2.34% |  1.06e-09 |      
      360 |   0.5308 |  1.668655e+08 |   +2.17% |  1.57e-09 |      
      370 |   0.4975 |  1.680862e+08 |   +0.73% |  2.31e-09 |      
      380 |   0.4581 |  1.710456e+08 |   +1.76% |  3.40e-09 |      
      390 |   0.4234 |  1.726174e+08 |   +0.92% |  5.00e-09 |      
      400 |   0.3834 |  1.730929e+08 |   +0.28% |  7.37e-09 |      
      410 |   0.3479 |  1.739684e+08 |   +0.51% |  1.09e-08 |      
      420 |   0.3194 |  1.745406e+08 |   +0.33% |  1.60e-08 |      
[INFO GPL-0040] Routability iteration: 2
[INFO GPL-0041] Total routing overflow: 25.4814
[INFO GPL-0042] Number of overflowed tiles: 287 (6.79%)
[INFO GPL-0043] Average top 0.5% routing congestion: 1.2620
[INFO GPL-0044] Average top 1.0% routing congestion: 1.2248
[INFO GPL-0045] Average top 2.0% routing congestion: 1.1784
[INFO GPL-0046] Average top 5.0% routing congestion: 1.1139
[INFO GPL-0047] Routability iteration weighted routing congestion: 1.2434
[INFO GPL-0048] Routing congestion (1.2434) lower than previous minimum (1.369). Updating minimum.
[INFO GPL-0051] Inflated area:                4849.660 um^2 (+5.38%)
[INFO GPL-0052] Placement target density:       0.6494
[INFO GPL-0058] White space area:           199182.282 um^2 (+0.00%)
[INFO GPL-0059] Movable instances area:     134201.221 um^2 (+3.75%)
[INFO GPL-0060] Total filler area:           39162.315 um^2 (-0.00%)
[INFO GPL-0061] Total non-inflated area:    134201.221 um^2 (+3.75%)
[INFO GPL-0062] Total inflated area:        139050.881 um^2 (+3.61%)
[INFO GPL-0063] New Target Density:             0.6738
[INFO GPL-0089] Routability end iteration: revert back to snapshot
Iteration | Overflow |     HPWL (um) |  HPWL(%) |   Penalty | Group
---------------------------------------------------------------
      430 |   0.5760 |  1.647254e+08 |   -5.62% |  9.84e-10 |      
      440 |   0.5310 |  1.709607e+08 |   +3.79% |  1.45e-09 |      
      450 |   0.5000 |  1.722442e+08 |   +0.75% |  2.13e-09 |      
      460 |   0.4641 |  1.747058e+08 |   +1.43% |  3.14e-09 |      
      470 |   0.4258 |  1.769047e+08 |   +1.26% |  4.63e-09 |      
      480 |   0.3890 |  1.768675e+08 |   -0.02% |  6.82e-09 |      
      490 |   0.3551 |  1.776926e+08 |   +0.47% |  1.00e-08 |      
      500 |   0.3235 |  1.785218e+08 |   +0.47% |  1.48e-08 |      
[INFO GPL-0040] Routability iteration: 3
[INFO GPL-0041] Total routing overflow: 17.5828
[INFO GPL-0042] Number of overflowed tiles: 233 (5.51%)
[INFO GPL-0043] Average top 0.5% routing congestion: 1.1925
[INFO GPL-0044] Average top 1.0% routing congestion: 1.1685
[INFO GPL-0045] Average top 2.0% routing congestion: 1.1377
[INFO GPL-0046] Average top 5.0% routing congestion: 1.0825
[INFO GPL-0047] Routability iteration weighted routing congestion: 1.1805
[INFO GPL-0048] Routing congestion (1.1805) lower than previous minimum (1.243). Updating minimum.
[INFO GPL-0051] Inflated area:                3432.666 um^2 (+3.61%)
[INFO GPL-0052] Placement target density:       0.6738
[INFO GPL-0058] White space area:           199182.282 um^2 (+0.00%)
[INFO GPL-0059] Movable instances area:     137633.890 um^2 (+2.56%)
[INFO GPL-0060] Total filler area:           39162.318 um^2 (+0.00%)
[INFO GPL-0061] Total non-inflated area:    137633.890 um^2 (+2.56%)
[INFO GPL-0062] Total inflated area:        141066.556 um^2 (+2.49%)
[INFO GPL-0063] New Target Density:             0.6910
[INFO GPL-0089] Routability end iteration: revert back to snapshot
Iteration | Overflow |     HPWL (um) |  HPWL(%) |   Penalty | Group
---------------------------------------------------------------
      510 |   0.6087 |  1.575008e+08 |  -11.77% |  9.11e-10 |      
      520 |   0.5308 |  1.741764e+08 |  +10.59% |  1.34e-09 |      
      530 |   0.5045 |  1.753507e+08 |   +0.67% |  1.97e-09 |      
      540 |   0.4703 |  1.759717e+08 |   +0.35% |  2.91e-09 |      
      550 |   0.4361 |  1.789038e+08 |   +1.67% |  4.28e-09 |      
      560 |   0.3949 |  1.791466e+08 |   +0.14% |  6.31e-09 |      
      570 |   0.3613 |  1.793071e+08 |   +0.09% |  9.29e-09 |      
      580 |   0.3291 |  1.800967e+08 |   +0.44% |  1.37e-08 |      
[INFO GPL-0040] Routability iteration: 4
[INFO GPL-0041] Total routing overflow: 13.6625
[INFO GPL-0042] Number of overflowed tiles: 201 (4.76%)
[INFO GPL-0043] Average top 0.5% routing congestion: 1.1921
[INFO GPL-0044] Average top 1.0% routing congestion: 1.1562
[INFO GPL-0045] Average top 2.0% routing congestion: 1.1206
[INFO GPL-0046] Average top 5.0% routing congestion: 1.0644
[INFO GPL-0047] Routability iteration weighted routing congestion: 1.1741
[INFO GPL-0048] Routing congestion (1.1741) lower than previous minimum (1.181). Updating minimum.
[INFO GPL-0051] Inflated area:                2787.834 um^2 (+2.83%)
[INFO GPL-0052] Placement target density:       0.6910
[INFO GPL-0058] White space area:           199182.282 um^2 (+0.00%)
[INFO GPL-0059] Movable instances area:     140421.726 um^2 (+2.03%)
[INFO GPL-0060] Total filler area:           39162.320 um^2 (+0.00%)
[INFO GPL-0061] Total non-inflated area:    140421.726 um^2 (+2.03%)
[INFO GPL-0062] Total inflated area:        143209.561 um^2 (+1.99%)
[INFO GPL-0063] New Target Density:             0.7050
[INFO GPL-0089] Routability end iteration: revert back to snapshot
Iteration | Overflow |     HPWL (um) |  HPWL(%) |   Penalty | Group
---------------------------------------------------------------
      590 |   0.6277 |  1.536070e+08 |  -14.71% |  8.76e-10 |      
      600 |   0.5250 |  1.758188e+08 |  +14.46% |  1.29e-09 |      
      610 |   0.5085 |  1.780076e+08 |   +1.24% |  1.90e-09 |      
      620 |   0.4739 |  1.771437e+08 |   -0.49% |  2.80e-09 |      
      630 |   0.4352 |  1.801100e+08 |   +1.67% |  4.12e-09 |      
      640 |   0.4015 |  1.808435e+08 |   +0.41% |  6.06e-09 |      
      650 |   0.3648 |  1.806916e+08 |   -0.08% |  8.93e-09 |      
      660 |   0.3316 |  1.814015e+08 |   +0.39% |  1.32e-08 |      
      670 |   0.2977 |  1.821962e+08 |   +0.44% |  1.94e-08 |      
[INFO GPL-0040] Routability iteration: 5
[INFO GPL-0041] Total routing overflow: 15.0403
[INFO GPL-0042] Number of overflowed tiles: 228 (5.40%)
[INFO GPL-0043] Average top 0.5% routing congestion: 1.1795
[INFO GPL-0044] Average top 1.0% routing congestion: 1.1516
[INFO GPL-0045] Average top 2.0% routing congestion: 1.1207
[INFO GPL-0046] Average top 5.0% routing congestion: 1.0707
[INFO GPL-0047] Routability iteration weighted routing congestion: 1.1656
[INFO GPL-0048] Routing congestion (1.1656) lower than previous minimum (1.174). Updating minimum.
[INFO GPL-0051] Inflated area:                3109.336 um^2 (+3.07%)
[INFO GPL-0052] Placement target density:       0.7050
[INFO GPL-0058] White space area:           199182.282 um^2 (+0.00%)
[INFO GPL-0059] Movable instances area:     143531.065 um^2 (+2.21%)
[INFO GPL-0060] Total filler area:           39162.323 um^2 (+0.00%)
[INFO GPL-0061] Total non-inflated area:    143531.065 um^2 (+2.21%)
[INFO GPL-0062] Total inflated area:        146640.402 um^2 (+2.17%)
[INFO GPL-0063] New Target Density:             0.7206
[INFO GPL-0089] Routability end iteration: revert back to snapshot
Iteration | Overflow |     HPWL (um) |  HPWL(%) |   Penalty | Group
---------------------------------------------------------------
      680 |   0.5161 |  1.791213e+08 |   -1.69% |  1.24e-09 |      
      690 |   0.5062 |  1.811349e+08 |   +1.12% |  1.83e-09 |      
      700 |   0.4731 |  1.795761e+08 |   -0.86% |  2.69e-09 |      
      710 |   0.4325 |  1.824496e+08 |   +1.60% |  3.96e-09 |      
      720 |   0.3986 |  1.834821e+08 |   +0.57% |  5.83e-09 |      
      730 |   0.3629 |  1.830663e+08 |   -0.23% |  8.59e-09 |      
      740 |   0.3298 |  1.837361e+08 |   +0.37% |  1.27e-08 |      
      750 |   0.2992 |  1.843150e+08 |   +0.32% |  1.86e-08 |      
[INFO GPL-0040] Routability iteration: 6
[INFO GPL-0041] Total routing overflow: 12.4302
[INFO GPL-0042] Number of overflowed tiles: 202 (4.78%)
[INFO GPL-0043] Average top 0.5% routing congestion: 1.1707
[INFO GPL-0044] Average top 1.0% routing congestion: 1.1455
[INFO GPL-0045] Average top 2.0% routing congestion: 1.1113
[INFO GPL-0046] Average top 5.0% routing congestion: 1.0585
[INFO GPL-0047] Routability iteration weighted routing congestion: 1.1581
[INFO GPL-0048] Routing congestion (1.1581) lower than previous minimum (1.166). Updating minimum.
[INFO GPL-0051] Inflated area:                2687.375 um^2 (+2.57%)
[INFO GPL-0052] Placement target density:       0.7206
[INFO GPL-0058] White space area:           199182.282 um^2 (+0.00%)
[INFO GPL-0059] Movable instances area:     146218.435 um^2 (+1.87%)
[INFO GPL-0060] Total filler area:           39162.317 um^2 (-0.00%)
[INFO GPL-0061] Total non-inflated area:    146218.435 um^2 (+1.87%)
[INFO GPL-0062] Total inflated area:        148905.809 um^2 (+1.84%)
[INFO GPL-0063] New Target Density:             0.7341
[INFO GPL-0089] Routability end iteration: revert back to snapshot
Iteration | Overflow |     HPWL (um) |  HPWL(%) |   Penalty | Group
---------------------------------------------------------------
      760 |   0.5106 |  1.821466e+08 |   -1.18% |  1.24e-09 |      
      770 |   0.5044 |  1.836502e+08 |   +0.83% |  1.82e-09 |      
      780 |   0.4678 |  1.816738e+08 |   -1.08% |  2.69e-09 |      
      790 |   0.4288 |  1.844976e+08 |   +1.55% |  3.96e-09 |      
      800 |   0.3919 |  1.851711e+08 |   +0.37% |  5.83e-09 |      
      810 |   0.3615 |  1.846183e+08 |   -0.30% |  8.59e-09 |      
      820 |   0.3321 |  1.851619e+08 |   +0.29% |  1.27e-08 |      
      830 |   0.2975 |  1.851773e+08 |   +0.01% |  1.86e-08 |      
[INFO GPL-0040] Routability iteration: 7
[INFO GPL-0041] Total routing overflow: 11.0981
[INFO GPL-0042] Number of overflowed tiles: 176 (4.17%)
[INFO GPL-0043] Average top 0.5% routing congestion: 1.1585
[INFO GPL-0044] Average top 1.0% routing congestion: 1.1339
[INFO GPL-0045] Average top 2.0% routing congestion: 1.1033
[INFO GPL-0046] Average top 5.0% routing congestion: 1.0512
[INFO GPL-0047] Routability iteration weighted routing congestion: 1.1462
[INFO GPL-0048] Routing congestion (1.1462) lower than previous minimum (1.158). Updating minimum.
[INFO GPL-0051] Inflated area:                2525.930 um^2 (+2.36%)
[INFO GPL-0052] Placement target density:       0.7341
[INFO GPL-0058] White space area:           199182.282 um^2 (+0.00%)
[INFO GPL-0059] Movable instances area:     148744.372 um^2 (+1.73%)
[INFO GPL-0060] Total filler area:           39162.325 um^2 (+0.00%)
[INFO GPL-0061] Total non-inflated area:    148744.372 um^2 (+1.73%)
[INFO GPL-0062] Total inflated area:        151270.302 um^2 (+1.70%)
[INFO GPL-0063] New Target Density:             0.7468
[INFO GPL-0089] Routability end iteration: revert back to snapshot
Iteration | Overflow |     HPWL (um) |  HPWL(%) |   Penalty | Group
---------------------------------------------------------------
      840 |   0.5057 |  1.848928e+08 |   -0.15% |  1.24e-09 |      
      850 |   0.5020 |  1.860204e+08 |   +0.61% |  1.82e-09 |      
      860 |   0.4661 |  1.834877e+08 |   -1.36% |  2.69e-09 |      
      870 |   0.4312 |  1.864138e+08 |   +1.59% |  3.96e-09 |      
      880 |   0.3937 |  1.867603e+08 |   +0.19% |  5.83e-09 |      
      890 |   0.3615 |  1.855564e+08 |   -0.64% |  8.59e-09 |      
      900 |   0.3275 |  1.863730e+08 |   +0.44% |  1.26e-08 |      
[INFO GPL-0040] Routability iteration: 8
[INFO GPL-0041] Total routing overflow: 8.7718
[INFO GPL-0042] Number of overflowed tiles: 174 (4.12%)
[INFO GPL-0043] Average top 0.5% routing congestion: 1.1449
[INFO GPL-0044] Average top 1.0% routing congestion: 1.1148
[INFO GPL-0045] Average top 2.0% routing congestion: 1.0849
[INFO GPL-0046] Average top 5.0% routing congestion: 1.0404
[INFO GPL-0047] Routability iteration weighted routing congestion: 1.1299
[INFO GPL-0048] Routing congestion (1.1299) lower than previous minimum (1.146). Updating minimum.
[INFO GPL-0051] Inflated area:                1798.333 um^2 (+1.64%)
[INFO GPL-0052] Placement target density:       0.7468
[INFO GPL-0058] White space area:           199182.282 um^2 (+0.00%)
[INFO GPL-0059] Movable instances area:     150542.713 um^2 (+1.21%)
[INFO GPL-0060] Total filler area:           39162.333 um^2 (+0.00%)
[INFO GPL-0061] Total non-inflated area:    150542.713 um^2 (+1.21%)
[INFO GPL-0062] Total inflated area:        152341.046 um^2 (+1.19%)
[INFO GPL-0063] New Target Density:             0.7558
[INFO GPL-0089] Routability end iteration: revert back to snapshot
Iteration | Overflow |     HPWL (um) |  HPWL(%) |   Penalty | Group
---------------------------------------------------------------
      910 |   0.6412 |  1.532329e+08 |  -17.78% |  8.76e-10 |      
      920 |   0.5087 |  1.868312e+08 |  +21.93% |  1.29e-09 |      
      930 |   0.5010 |  1.877765e+08 |   +0.51% |  1.90e-09 |      
      940 |   0.4663 |  1.840746e+08 |   -1.97% |  2.79e-09 |      
      950 |   0.4277 |  1.876116e+08 |   +1.92% |  4.11e-09 |      
      960 |   0.3912 |  1.876612e+08 |   +0.03% |  6.06e-09 |      
      970 |   0.3594 |  1.864760e+08 |   -0.63% |  8.92e-09 |      
      980 |   0.3252 |  1.871206e+08 |   +0.35% |  1.31e-08 |      
[INFO GPL-0040] Routability iteration: 9
[INFO GPL-0041] Total routing overflow: 6.4156
[INFO GPL-0042] Number of overflowed tiles: 153 (3.62%)
[INFO GPL-0043] Average top 0.5% routing congestion: 1.1046
[INFO GPL-0044] Average top 1.0% routing congestion: 1.0853
[INFO GPL-0045] Average top 2.0% routing congestion: 1.0644
[INFO GPL-0046] Average top 5.0% routing congestion: 1.0273
[INFO GPL-0047] Routability iteration weighted routing congestion: 1.0950
[INFO GPL-0048] Routing congestion (1.0950) lower than previous minimum (1.13). Updating minimum.
[INFO GPL-0051] Inflated area:                1370.792 um^2 (+1.23%)
[INFO GPL-0052] Placement target density:       0.7558
[INFO GPL-0058] White space area:           199182.282 um^2 (+0.00%)
[INFO GPL-0059] Movable instances area:     151913.497 um^2 (+0.91%)
[INFO GPL-0060] Total filler area:           39162.325 um^2 (-0.00%)
[INFO GPL-0061] Total non-inflated area:    151913.497 um^2 (+0.91%)
[INFO GPL-0062] Total inflated area:        153284.288 um^2 (+0.90%)
[INFO GPL-0063] New Target Density:             0.7627
[INFO GPL-0089] Routability end iteration: revert back to snapshot
Iteration | Overflow |     HPWL (um) |  HPWL(%) |   Penalty | Group
---------------------------------------------------------------
      990 |   0.6210 |  1.601412e+08 |  -14.42% |  9.11e-10 |      
     1000 |   0.5069 |  1.897434e+08 |  +18.49% |  1.34e-09 |      
     1010 |   0.4969 |  1.896383e+08 |   -0.06% |  1.97e-09 |      
     1020 |   0.4598 |  1.852434e+08 |   -2.32% |  2.90e-09 |      
     1030 |   0.4204 |  1.890963e+08 |   +2.08% |  4.27e-09 |      
     1040 |   0.3827 |  1.886854e+08 |   -0.22% |  6.30e-09 |      
     1050 |   0.3545 |  1.874509e+08 |   -0.65% |  9.28e-09 |      
     1060 |   0.3220 |  1.880899e+08 |   +0.34% |  1.37e-08 |      
[INFO GPL-0040] Routability iteration: 10
[INFO GPL-0041] Total routing overflow: 7.0997
[INFO GPL-0042] Number of overflowed tiles: 148 (3.50%)
[INFO GPL-0043] Average top 0.5% routing congestion: 1.1157
[INFO GPL-0044] Average top 1.0% routing congestion: 1.0957
[INFO GPL-0045] Average top 2.0% routing congestion: 1.0726
[INFO GPL-0046] Average top 5.0% routing congestion: 1.0307
[INFO GPL-0047] Routability iteration weighted routing congestion: 1.1057
[INFO GPL-0049] Routing congestion (1.1057) higher than minimum (1.0950). Consecutive non-improvement count: 1.
[INFO GPL-0051] Inflated area:                1587.362 um^2 (+1.41%)
[INFO GPL-0052] Placement target density:       0.7627
[INFO GPL-0058] White space area:           199182.282 um^2 (+0.00%)
[INFO GPL-0059] Movable instances area:     153500.860 um^2 (+1.04%)
[INFO GPL-0060] Total filler area:           39162.326 um^2 (+0.00%)
[INFO GPL-0061] Total non-inflated area:    153500.860 um^2 (+1.04%)
[INFO GPL-0062] Total inflated area:        155088.223 um^2 (+1.03%)
[INFO GPL-0063] New Target Density:             0.7707
[INFO GPL-0089] Routability end iteration: revert back to snapshot
Iteration | Overflow |     HPWL (um) |  HPWL(%) |   Penalty | Group
---------------------------------------------------------------
     1070 |   0.5409 |  1.875270e+08 |   -0.30% |  9.82e-10 |      
     1080 |   0.5033 |  1.897690e+08 |   +1.20% |  1.45e-09 |      
     1090 |   0.4911 |  1.900594e+08 |   +0.15% |  2.13e-09 |      
     1100 |   0.4522 |  1.872728e+08 |   -1.47% |  3.14e-09 |      
     1110 |   0.4118 |  1.906206e+08 |   +1.79% |  4.62e-09 |      
     1120 |   0.3763 |  1.890312e+08 |   -0.83% |  6.80e-09 |      
     1130 |   0.3458 |  1.884374e+08 |   -0.31% |  1.00e-08 |      
     1140 |   0.3148 |  1.891354e+08 |   +0.37% |  1.48e-08 |      
[INFO GPL-0040] Routability iteration: 11
[INFO GPL-0041] Total routing overflow: 6.8744
[INFO GPL-0042] Number of overflowed tiles: 146 (3.46%)
[INFO GPL-0043] Average top 0.5% routing congestion: 1.1253
[INFO GPL-0044] Average top 1.0% routing congestion: 1.0990
[INFO GPL-0045] Average top 2.0% routing congestion: 1.0711
[INFO GPL-0046] Average top 5.0% routing congestion: 1.0295
[INFO GPL-0047] Routability iteration weighted routing congestion: 1.1121
[INFO GPL-0049] Routing congestion (1.1121) higher than minimum (1.0950). Consecutive non-improvement count: 2.
[INFO GPL-0051] Inflated area:                1499.362 um^2 (+1.31%)
[INFO GPL-0052] Placement target density:       0.7707
[INFO GPL-0058] White space area:           199182.282 um^2 (+0.00%)
[INFO GPL-0059] Movable instances area:     155000.226 um^2 (+0.98%)
[INFO GPL-0060] Total filler area:           39162.330 um^2 (+0.00%)
[INFO GPL-0061] Total non-inflated area:    155000.226 um^2 (+0.98%)
[INFO GPL-0062] Total inflated area:        156499.588 um^2 (+0.97%)
[INFO GPL-0063] New Target Density:             0.7782
[INFO GPL-0089] Routability end iteration: revert back to snapshot
Iteration | Overflow |     HPWL (um) |  HPWL(%) |   Penalty | Group
---------------------------------------------------------------
     1150 |   0.5217 |  1.912883e+08 |   +1.14% |  1.02e-09 |      
     1160 |   0.5036 |  1.911476e+08 |   -0.07% |  1.50e-09 |      
     1170 |   0.4903 |  1.902109e+08 |   -0.49% |  2.21e-09 |      
     1180 |   0.4483 |  1.886964e+08 |   -0.80% |  3.26e-09 |      
     1190 |   0.4118 |  1.915512e+08 |   +1.51% |  4.80e-09 |      
     1200 |   0.3753 |  1.893122e+08 |   -1.17% |  7.07e-09 |      
     1210 |   0.3407 |  1.889517e+08 |   -0.19% |  1.04e-08 |      
     1220 |   0.3095 |  1.898196e+08 |   +0.46% |  1.53e-08 |      
[INFO GPL-0040] Routability iteration: 12
[INFO GPL-0041] Total routing overflow: 8.1144
[INFO GPL-0042] Number of overflowed tiles: 167 (3.95%)
[INFO GPL-0043] Average top 0.5% routing congestion: 1.1407
[INFO GPL-0044] Average top 1.0% routing congestion: 1.1127
[INFO GPL-0045] Average top 2.0% routing congestion: 1.0821
[INFO GPL-0046] Average top 5.0% routing congestion: 1.0367
[INFO GPL-0047] Routability iteration weighted routing congestion: 1.1267
[INFO GPL-0049] Routing congestion (1.1267) higher than minimum (1.0950). Consecutive non-improvement count: 3.
[INFO GPL-0051] Inflated area:                1826.094 um^2 (+1.58%)
[INFO GPL-0052] Placement target density:       0.7782
[INFO GPL-0054] No improvement in routing congestion for 3 consecutive iterations (limit is 3).
[INFO GPL-0055] Reverting inflation values and target density from the iteration with minimum observed routing congestion.
[INFO GPL-0056] Minimum observed routing congestion: 1.0950
[INFO GPL-0057] Target density at minimum routing congestion: 0.7558
[INFO GPL-0089] Routability end iteration: revert back to snapshot
Iteration | Overflow |     HPWL (um) |  HPWL(%) |   Penalty | Group
---------------------------------------------------------------
     1230 |   0.5118 |  1.839417e+08 |   -3.10% |  1.06e-09 |      
     1240 |   0.4925 |  1.847594e+08 |   +0.44% |  1.56e-09 |      
     1250 |   0.4728 |  1.852364e+08 |   +0.26% |  2.30e-09 |      
     1260 |   0.4369 |  1.839287e+08 |   -0.71% |  3.39e-09 |      
     1270 |   0.3989 |  1.870039e+08 |   +1.67% |  4.99e-09 |      
     1280 |   0.3612 |  1.861047e+08 |   -0.48% |  7.35e-09 |      
     1290 |   0.3339 |  1.863993e+08 |   +0.16% |  1.08e-08 |      
     1300 |   0.2986 |  1.869405e+08 |   +0.29% |  1.60e-08 |      
     1310 |   0.2674 |  1.870048e+08 |   +0.03% |  2.35e-08 |      
     1320 |   0.2364 |  1.872509e+08 |   +0.13% |  3.46e-08 |      
     1330 |   0.2065 |  1.874674e+08 |   +0.12% |  5.10e-08 |      
     1340 |   0.1838 |  1.878369e+08 |   +0.20% |  7.51e-08 |      
     1350 |   0.1573 |  1.881998e+08 |   +0.19% |  1.11e-07 |      
     1360 |   0.1399 |  1.885448e+08 |   +0.18% |  1.63e-07 |      
     1370 |   0.1216 |  1.890634e+08 |   +0.28% |  2.40e-07 |      
     1380 |   0.1056 |  1.894650e+08 |   +0.21% |  3.54e-07 |      
[INFO GPL-1001] Finished with Overflow: 0.099201
[INFO GPL-1002] Placed Cell Area            115837.8961
[INFO GPL-1003] Available Free Area         199182.2816
[INFO GPL-1004] Minimum Feasible Density        0.5816 (cell_area / free_area)
[INFO GPL-1006]   Suggested Target Densities:
[INFO GPL-1007]     - For 90% usage of free space: 0.6462
[INFO GPL-1008]     - For 80% usage of free space: 0.7270
[INFO GPL-1009]     - For 50% usage of free space: 1.1631
if { [llength $openroad_dont_touch] > 0 } {
    # unset for next step
    unset_dont_touch $openroad_dont_touch
}
utl::pop_metrics_stage
utl::push_metrics_stage "sc__poststep__{}"
if { [sc_cfg_tool_task_exists postscript] } {
    foreach sc_post_script [sc_cfg_tool_task_get postscript] {
        puts "Sourcing post script: ${sc_post_script}"
        source -echo $sc_post_script
    }
}
utl::pop_metrics_stage
###############################
# Write Design Data
###############################
utl::push_metrics_stage "sc__write__{}"
source "$sc_refdir/common/write_data.tcl"
utl::pop_metrics_stage
###############################
# Reporting
###############################
utl::push_metrics_stage "sc__metric__{}"
source "$sc_refdir/common/reports.tcl"
SC_METRIC: report_checks -path_delay max
No paths found.
SC_METRIC: setupslack
worst slack INF
SC_METRIC: tns
tns 0.00
SC_METRIC: unconstrained
Startpoint: _9357_ (rising edge-triggered flip-flop)
Endpoint: pcpi_rs1[26]$_DFFE_PP_ (rising edge-triggered flip-flop)
Path Group: unconstrained
Path Type: max
Corner: slow

Fanout     Cap    Slew   Delay    Time   Description
-----------------------------------------------------------------------------
                175.40    0.00    0.00 ^ _9357_/CLK (sky130_fd_sc_hd__dfxtp_1)
   262    1.80   66.01  106.81  106.81 ^ _9357_/Q (sky130_fd_sc_hd__dfxtp_1)
                                         _0014_ (net)
                 66.01    0.10  106.92 ^ _7098_/A1 (sky130_fd_sc_hd__o21ai_0)
     1    0.01    5.36   23.05  129.97 v _7098_/Y (sky130_fd_sc_hd__o21ai_0)
                                         _2568_ (net)
                  5.36    0.00  129.97 v _7101_/A1 (sky130_fd_sc_hd__a21oi_1)
     1    0.00    0.66    3.43  133.40 ^ _7101_/Y (sky130_fd_sc_hd__a21oi_1)
                                         _2571_ (net)
                  0.66    0.00  133.40 ^ _7102_/B1 (sky130_fd_sc_hd__a21oi_1)
     1    0.01    1.93    0.41  133.81 v _7102_/Y (sky130_fd_sc_hd__a21oi_1)
                                         _2572_ (net)
                  1.93    0.00  133.82 v _7109_/A2 (sky130_fd_sc_hd__o21ai_0)
     1    0.03    3.25    3.75  137.56 ^ _7109_/Y (sky130_fd_sc_hd__o21ai_0)
                                         _2579_ (net)
                  3.25    0.00  137.56 ^ _7110_/B1 (sky130_fd_sc_hd__a22oi_1)
     1    0.00    1.59    1.32  138.89 v _7110_/Y (sky130_fd_sc_hd__a22oi_1)
                                         _2580_ (net)
                  1.59    0.00  138.89 v _7111_/B1 (sky130_fd_sc_hd__o32ai_1)
     1    0.00    1.02    1.41  140.30 ^ _7111_/Y (sky130_fd_sc_hd__o32ai_1)
                                         _2581_ (net)
                  1.02    0.00  140.30 ^ _7112_/C1 (sky130_fd_sc_hd__a211o_1)
     1    0.00    0.12    0.68  140.98 ^ _7112_/X (sky130_fd_sc_hd__a211o_1)
                                         _4696_ (net)
                  0.12    0.00  140.98 ^ pcpi_rs1[26]$_DFFE_PP_/D (sky130_fd_sc_hd__edfxtp_1)
                                140.98   data arrival time
-----------------------------------------------------------------------------
(Path is unconstrained)


SC_METRIC: floating nets
SC_METRIC: overdriven nets
SC_METRIC: fmax
SC_METRIC: power
Power for corner: fast
Group                  Internal  Switching    Leakage      Total
                          Power      Power      Power      Power (Watts)
----------------------------------------------------------------
Sequential             6.23e-02   1.14e-02   4.78e-05   7.37e-02  48.4%
Combinational          5.16e-02   2.69e-02   3.54e-05   7.85e-02  51.6%
Clock                  0.00e+00   0.00e+00   0.00e+00   0.00e+00   0.0%
Macro                  0.00e+00   0.00e+00   0.00e+00   0.00e+00   0.0%
Pad                    0.00e+00   0.00e+00   0.00e+00   0.00e+00   0.0%
----------------------------------------------------------------
Total                  1.14e-01   3.82e-02   8.32e-05   1.52e-01 100.0%
                          74.9%      25.1%       0.1%
Power for corner: slow
Group                  Internal  Switching    Leakage      Total
                          Power      Power      Power      Power (Watts)
----------------------------------------------------------------
Sequential             2.80e-03   5.43e-03   6.07e-10   8.23e-03  29.0%
Combinational          7.47e-03   1.27e-02   6.87e-10   2.01e-02  71.0%
Clock                  0.00e+00   0.00e+00   0.00e+00   0.00e+00   0.0%
Macro                  0.00e+00   0.00e+00   0.00e+00   0.00e+00   0.0%
Pad                    0.00e+00   0.00e+00   0.00e+00   0.00e+00   0.0%
----------------------------------------------------------------
Total                  1.03e-02   1.81e-02   1.29e-09   2.84e-02 100.0%
                          36.2%      63.8%       0.0%
Power for corner: typical
Group                  Internal  Switching    Leakage      Total
                          Power      Power      Power      Power (Watts)
----------------------------------------------------------------
Sequential             1.57e-02   9.48e-03   1.40e-08   2.52e-02  37.9%
Combinational          1.89e-02   2.24e-02   1.34e-08   4.13e-02  62.1%
Clock                  0.00e+00   0.00e+00   0.00e+00   0.00e+00   0.0%
Macro                  0.00e+00   0.00e+00   0.00e+00   0.00e+00   0.0%
Pad                    0.00e+00   0.00e+00   0.00e+00   0.00e+00   0.0%
----------------------------------------------------------------
Total                  3.46e-02   3.19e-02   2.73e-08   6.65e-02 100.0%
                          52.1%      47.9%       0.0%
SC_METRIC: cellarea
Design area 80347 u^2 40% utilization.
Cell type report:                       Count       Area
  Tap cell                               2672    3343.21
  Buffer                                  113     848.31
  Inverter                                224     840.81
  Sequential cell                        1597   44782.95
  Multi-Input combinational cell         4053   33874.99
  Total                                  8659   83690.27

Cell instance report:
  sky130_fd_sc_hd__a2111oi_0                3      26.28
  sky130_fd_sc_hd__a211o_1                 16     140.13
  sky130_fd_sc_hd__a211oi_1                31     232.72
  sky130_fd_sc_hd__a211oi_2                 1      12.51
  sky130_fd_sc_hd__a21boi_0                14     105.10
  sky130_fd_sc_hd__a21o_1                  67     502.98
  sky130_fd_sc_hd__a21oi_1                368    1841.77
  sky130_fd_sc_hd__a21oi_2                  2      17.52
  sky130_fd_sc_hd__a221o_1                  2      20.02
  sky130_fd_sc_hd__a221oi_1                46     402.89
  sky130_fd_sc_hd__a222oi_1                39     390.37
  sky130_fd_sc_hd__a22o_1                  16     140.13
  sky130_fd_sc_hd__a22oi_1                 73     548.03
  sky130_fd_sc_hd__a2bb2oi_1                3      26.28
  sky130_fd_sc_hd__a311oi_1                 2      17.52
  sky130_fd_sc_hd__a31o_1                   5      43.79
  sky130_fd_sc_hd__a31oi_1                 71     444.18
  sky130_fd_sc_hd__a32o_1                   6      60.06
  sky130_fd_sc_hd__a32oi_1                 14     122.62
  sky130_fd_sc_hd__a41o_1                   1      10.01
  sky130_fd_sc_hd__a41oi_1                  5      43.79
  sky130_fd_sc_hd__and2_0                  10      62.56
  sky130_fd_sc_hd__and2_1                  21     131.38
  sky130_fd_sc_hd__and3_1                  63     394.13
  sky130_fd_sc_hd__and3b_1                  1       8.76
  sky130_fd_sc_hd__and4_1                  27     236.48
  sky130_fd_sc_hd__and4b_1                  2      20.02
  sky130_fd_sc_hd__buf_4                  113     848.31
  sky130_fd_sc_hd__clkinv_1                10      37.54
  sky130_fd_sc_hd__conb_1                   1       3.75
  sky130_fd_sc_hd__dfxtp_1                317    6346.09
  sky130_fd_sc_hd__edfxtp_1              1280   38436.86
  sky130_fd_sc_hd__fa_1                     5     100.10
  sky130_fd_sc_hd__ha_1                   199    2489.89
  sky130_fd_sc_hd__inv_1                  212     795.76
  sky130_fd_sc_hd__inv_2                    2       7.51
  sky130_fd_sc_hd__mux2_2                  60     675.65
  sky130_fd_sc_hd__mux2i_1                 87     870.84
  sky130_fd_sc_hd__mux4_2                 545   12274.27
  sky130_fd_sc_hd__nand2_1                516    1936.86
  sky130_fd_sc_hd__nand2b_1                18     112.61
  sky130_fd_sc_hd__nand3_1                 79     395.38
  sky130_fd_sc_hd__nand3b_1                 3      22.52
  sky130_fd_sc_hd__nand4_1                 29     181.42
  sky130_fd_sc_hd__nand4b_1                 1       8.76
  sky130_fd_sc_hd__nor2_1                 486    1824.25
  sky130_fd_sc_hd__nor2b_1                 23     143.89
  sky130_fd_sc_hd__nor3_1                 128     640.61
  sky130_fd_sc_hd__nor3b_1                 14     105.10
  sky130_fd_sc_hd__nor4_1                  27     168.91
  sky130_fd_sc_hd__nor4_2                   1      12.51
  sky130_fd_sc_hd__nor4b_1                  3      26.28
  sky130_fd_sc_hd__o2111ai_1                1       8.76
  sky130_fd_sc_hd__o211ai_1                25     187.68
  sky130_fd_sc_hd__o211ai_2                 1      12.51
  sky130_fd_sc_hd__o21a_1                  75     563.04
  sky130_fd_sc_hd__o21ai_0                480    2402.30
  sky130_fd_sc_hd__o21ai_1                 13      65.06
  sky130_fd_sc_hd__o21bai_1                38     285.27
  sky130_fd_sc_hd__o221a_2                  5      56.30
  sky130_fd_sc_hd__o221ai_1                40     350.34
  sky130_fd_sc_hd__o22a_1                   2      17.52
  sky130_fd_sc_hd__o22ai_1                 26     162.66
  sky130_fd_sc_hd__o311a_1                  1      10.01
  sky130_fd_sc_hd__o311ai_0                16     140.13
  sky130_fd_sc_hd__o311ai_1                 1       8.76
  sky130_fd_sc_hd__o31a_1                   3      26.28
  sky130_fd_sc_hd__o31ai_1                 22     165.16
  sky130_fd_sc_hd__o32a_1                   1      10.01
  sky130_fd_sc_hd__o32ai_1                 17     148.89
  sky130_fd_sc_hd__o41ai_1                  1       8.76
  sky130_fd_sc_hd__or2_1                   12      75.07
  sky130_fd_sc_hd__or3_1                   17     106.35
  sky130_fd_sc_hd__or4_1                    4      30.03
  sky130_fd_sc_hd__or4b_2                   4      40.04
  sky130_fd_sc_hd__tapvpwrvgnd_1         2672    3343.21
  sky130_fd_sc_hd__xnor2_1                 92     805.77
  sky130_fd_sc_hd__xor2_1                  22     192.68
utl::pop_metrics_stage
# Images
utl::push_metrics_stage "sc__image__{}"
if {
    [sc_has_gui] &&
    [lindex [sc_cfg_tool_task_get var ord_enable_images] 0] == "true"
} {
    if { [gui::enabled] } {
        source "$sc_refdir/common/write_images.tcl"
    } else {
        gui::show "source \"$sc_refdir/common/write_images.tcl\"" false
    }
}
[WARNING GUI-0076] QStandardPaths: XDG_RUNTIME_DIR not set, defaulting to '/tmp/runtime-www-data'
[INFO FLW-0001] Saving "snapshot" to reports/images/picorv32.png
[INFO FLW-0001] Saving "placement" to reports/images/picorv32.placement.png
[INFO FLW-0001] Saving setup timing histogram to reports/images/timing/setup.histogram.png
[WARNING GUI-0097] All pins are unconstrained. Cannot plot histogram. Check if timing data is loaded!
[INFO FLW-0001] Saving "placement density heatmap" to reports/images/heatmap/placement_density.png
[INFO FLW-0001] Saving "estimated routing congestion heatmap" to reports/images/heatmap/estimated_routing_congestion.png
[INFO FLW-0001] Saving "power density for fast heatmap" to reports/images/heatmap/power_density/fast.png
[INFO FLW-0001] Saving "power density for slow heatmap" to reports/images/heatmap/power_density/slow.png
[INFO FLW-0001] Saving "power density for typical heatmap" to reports/images/heatmap/power_density/typical.png
utl::pop_metrics_stage
