Cell type report:                       Count       Area
  Fill cell                             16623  105753.93
  Tap cell                               2672    3343.21
  Buffer                                  113     878.34
  Timing Repair Buffer                   1099    8883.52
  Inverter                                224    1111.07
  Sequential cell                        1597   45120.77
  Multi-Input combinational cell         4204   37434.65
  Total                                 26532  202525.49

Cell instance report:
  sky130_fd_sc_hd__a2111oi_0                3      26.28
  sky130_fd_sc_hd__a211o_1                 15     131.38
  sky130_fd_sc_hd__a211o_4                  1      17.52
  sky130_fd_sc_hd__a211oi_1                32     240.23
  sky130_fd_sc_hd__a21boi_0                 7      52.55
  sky130_fd_sc_hd__a21boi_1                 3      22.52
  sky130_fd_sc_hd__a21boi_2                 3      33.78
  sky130_fd_sc_hd__a21boi_4                 1      18.77
  sky130_fd_sc_hd__a21o_1                  62     465.45
  sky130_fd_sc_hd__a21o_4                   5      75.07
  sky130_fd_sc_hd__a21oi_1                306    1531.47
  sky130_fd_sc_hd__a21oi_2                 64     560.54
  sky130_fd_sc_hd__a221o_4                  2      42.54
  sky130_fd_sc_hd__a221oi_1                46     402.89
  sky130_fd_sc_hd__a222oi_1                39     390.37
  sky130_fd_sc_hd__a22o_1                  16     140.13
  sky130_fd_sc_hd__a22oi_1                 73     548.03
  sky130_fd_sc_hd__a2bb2oi_1                3      26.28
  sky130_fd_sc_hd__a311oi_1                 2      17.52
  sky130_fd_sc_hd__a31o_1                   3      26.28
  sky130_fd_sc_hd__a31o_4                   2      35.03
  sky130_fd_sc_hd__a31oi_1                 71     444.18
  sky130_fd_sc_hd__a32o_1                   6      60.06
  sky130_fd_sc_hd__a32oi_1                 14     122.62
  sky130_fd_sc_hd__a41o_1                   1      10.01
  sky130_fd_sc_hd__a41oi_1                  5      43.79
  sky130_fd_sc_hd__and2_0                  14      87.58
  sky130_fd_sc_hd__and2_4                  17     148.89
  sky130_fd_sc_hd__and3_1                  24     150.14
  sky130_fd_sc_hd__and3_4                  39     439.17
  sky130_fd_sc_hd__and3b_1                  1       8.76
  sky130_fd_sc_hd__and4_1                   2      17.52
  sky130_fd_sc_hd__and4_4                  25     281.52
  sky130_fd_sc_hd__and4b_4                  2      27.53
  sky130_fd_sc_hd__buf_1                  734    2755.14
  sky130_fd_sc_hd__buf_12                  30     600.58
  sky130_fd_sc_hd__buf_16                  80    2202.11
  sky130_fd_sc_hd__buf_4                  108     810.78
  sky130_fd_sc_hd__buf_6                  136    1531.47
  sky130_fd_sc_hd__buf_8                  124    1861.79
  sky130_fd_sc_hd__clkinv_1                43     161.40
  sky130_fd_sc_hd__clkinv_16                1      30.03
  sky130_fd_sc_hd__clkinv_2                 4      20.02
  sky130_fd_sc_hd__conb_1                 138     518.00
  sky130_fd_sc_hd__dfxtp_1                 49     980.94
  sky130_fd_sc_hd__dfxtp_2                267    5679.20
  sky130_fd_sc_hd__dfxtp_4                  1      23.77
  sky130_fd_sc_hd__diode_2                 14      35.03
  sky130_fd_sc_hd__edfxtp_1              1280   38436.86
  sky130_fd_sc_hd__fa_1                     5     100.10
  sky130_fd_sc_hd__fill_1                3200    4003.84
  sky130_fd_sc_hd__fill_2                3079    7704.89
  sky130_fd_sc_hd__fill_4                1897    9494.11
  sky130_fd_sc_hd__fill_8                8447   84551.09
  sky130_fd_sc_hd__ha_1                   185    2314.72
  sky130_fd_sc_hd__ha_2                    12     180.17
  sky130_fd_sc_hd__ha_4                     2      50.05
  sky130_fd_sc_hd__inv_1                  136     510.49
  sky130_fd_sc_hd__inv_12                  14     227.72
  sky130_fd_sc_hd__inv_16                   1      20.02
  sky130_fd_sc_hd__inv_2                   14      52.55
  sky130_fd_sc_hd__inv_4                    4      25.02
  sky130_fd_sc_hd__inv_6                    6      52.55
  sky130_fd_sc_hd__inv_8                    1      11.26
  sky130_fd_sc_hd__mux2_1                  54     608.08
  sky130_fd_sc_hd__mux2_4                   6      90.09
  sky130_fd_sc_hd__mux2i_1                 87     870.84
  sky130_fd_sc_hd__mux4_2                 545   12274.27
  sky130_fd_sc_hd__nand2_1                414    1553.99
  sky130_fd_sc_hd__nand2_4                102    1148.60
  sky130_fd_sc_hd__nand2b_1                18     112.61
  sky130_fd_sc_hd__nand3_1                 79     395.38
  sky130_fd_sc_hd__nand3b_1                 3      22.52
  sky130_fd_sc_hd__nand4_1                 29     181.42
  sky130_fd_sc_hd__nand4b_1                 1       8.76
  sky130_fd_sc_hd__nor2_1                 376    1411.35
  sky130_fd_sc_hd__nor2_2                  44     275.26
  sky130_fd_sc_hd__nor2_4                  34     382.87
  sky130_fd_sc_hd__nor2_8                  32     640.61
  sky130_fd_sc_hd__nor2b_1                 17     106.35
  sky130_fd_sc_hd__nor2b_2                  2      17.52
  sky130_fd_sc_hd__nor2b_4                  4      55.05
  sky130_fd_sc_hd__nor3_1                 108     540.52
  sky130_fd_sc_hd__nor3_2                  15     150.14
  sky130_fd_sc_hd__nor3_4                   5      81.33
  sky130_fd_sc_hd__nor3b_1                 11      82.58
  sky130_fd_sc_hd__nor3b_2                  3      37.54
  sky130_fd_sc_hd__nor4_1                  14      87.58
  sky130_fd_sc_hd__nor4_2                  14     175.17
  sky130_fd_sc_hd__nor4b_1                  1       8.76
  sky130_fd_sc_hd__nor4b_2                  2      30.03
  sky130_fd_sc_hd__o2111ai_1                1       8.76
  sky130_fd_sc_hd__o211ai_1                26     195.19
  sky130_fd_sc_hd__o21a_1                  75     563.04
  sky130_fd_sc_hd__o21ai_0                487    2437.34
  sky130_fd_sc_hd__o21ai_1                  1       5.00
  sky130_fd_sc_hd__o21ai_4                  5      81.33
  sky130_fd_sc_hd__o21bai_1                31     232.72
  sky130_fd_sc_hd__o21bai_2                 5      56.30
  sky130_fd_sc_hd__o21bai_4                 2      37.54
  sky130_fd_sc_hd__o221a_1                  5      56.30
  sky130_fd_sc_hd__o221ai_1                26     227.72
  sky130_fd_sc_hd__o221ai_2                10     150.14
  sky130_fd_sc_hd__o221ai_4                 4     105.10
  sky130_fd_sc_hd__o22a_1                   2      17.52
  sky130_fd_sc_hd__o22ai_1                 21     131.38
  sky130_fd_sc_hd__o22ai_2                  5      62.56
  sky130_fd_sc_hd__o311a_1                  1      10.01
  sky130_fd_sc_hd__o311ai_0                16     140.13
  sky130_fd_sc_hd__o311ai_1                 1       8.76
  sky130_fd_sc_hd__o31a_1                   3      26.28
  sky130_fd_sc_hd__o31ai_1                 22     165.16
  sky130_fd_sc_hd__o32a_1                   1      10.01
  sky130_fd_sc_hd__o32ai_1                 17     148.89
  sky130_fd_sc_hd__o41ai_1                  1       8.76
  sky130_fd_sc_hd__or2_0                    1       6.26
  sky130_fd_sc_hd__or2_4                   11      96.34
  sky130_fd_sc_hd__or3_1                    6      37.54
  sky130_fd_sc_hd__or3_4                   11     123.87
  sky130_fd_sc_hd__or4_1                    2      15.01
  sky130_fd_sc_hd__or4_4                    2      22.52
  sky130_fd_sc_hd__or4b_1                   2      20.02
  sky130_fd_sc_hd__or4b_4                   2      27.53
  sky130_fd_sc_hd__tapvpwrvgnd_1         2672    3343.21
  sky130_fd_sc_hd__xnor2_1                 92     805.77
  sky130_fd_sc_hd__xor2_1                  21     183.93
  sky130_fd_sc_hd__xor2_2                   1      16.27
