Cell type report:                       Count       Area
  Buffer                                  113     848.31
  Inverter                                224     840.81
  Sequential cell                        1597   44782.95
  Multi-Input combinational cell         4053   33874.99
  Total                                  5987   80347.06

Cell instance report:
  sky130_fd_sc_hd__a2111oi_0                3      26.28
  sky130_fd_sc_hd__a211o_1                 16     140.13
  sky130_fd_sc_hd__a211oi_1                31     232.72
  sky130_fd_sc_hd__a211oi_2                 1      12.51
  sky130_fd_sc_hd__a21boi_0                14     105.10
  sky130_fd_sc_hd__a21o_1                  67     502.98
  sky130_fd_sc_hd__a21oi_1                368    1841.77
  sky130_fd_sc_hd__a21oi_2                  2      17.52
  sky130_fd_sc_hd__a221o_1                  2      20.02
  sky130_fd_sc_hd__a221oi_1                46     402.89
  sky130_fd_sc_hd__a222oi_1                39     390.37
  sky130_fd_sc_hd__a22o_1                  16     140.13
  sky130_fd_sc_hd__a22oi_1                 73     548.03
  sky130_fd_sc_hd__a2bb2oi_1                3      26.28
  sky130_fd_sc_hd__a311oi_1                 2      17.52
  sky130_fd_sc_hd__a31o_1                   5      43.79
  sky130_fd_sc_hd__a31oi_1                 71     444.18
  sky130_fd_sc_hd__a32o_1                   6      60.06
  sky130_fd_sc_hd__a32oi_1                 14     122.62
  sky130_fd_sc_hd__a41o_1                   1      10.01
  sky130_fd_sc_hd__a41oi_1                  5      43.79
  sky130_fd_sc_hd__and2_0                  10      62.56
  sky130_fd_sc_hd__and2_1                  21     131.38
  sky130_fd_sc_hd__and3_1                  63     394.13
  sky130_fd_sc_hd__and3b_1                  1       8.76
  sky130_fd_sc_hd__and4_1                  27     236.48
  sky130_fd_sc_hd__and4b_1                  2      20.02
  sky130_fd_sc_hd__buf_4                  113     848.31
  sky130_fd_sc_hd__clkinv_1                10      37.54
  sky130_fd_sc_hd__conb_1                   1       3.75
  sky130_fd_sc_hd__dfxtp_1                317    6346.09
  sky130_fd_sc_hd__edfxtp_1              1280   38436.86
  sky130_fd_sc_hd__fa_1                     5     100.10
  sky130_fd_sc_hd__ha_1                   199    2489.89
  sky130_fd_sc_hd__inv_1                  212     795.76
  sky130_fd_sc_hd__inv_2                    2       7.51
  sky130_fd_sc_hd__mux2_2                  60     675.65
  sky130_fd_sc_hd__mux2i_1                 87     870.84
  sky130_fd_sc_hd__mux4_2                 545   12274.27
  sky130_fd_sc_hd__nand2_1                516    1936.86
  sky130_fd_sc_hd__nand2b_1                18     112.61
  sky130_fd_sc_hd__nand3_1                 79     395.38
  sky130_fd_sc_hd__nand3b_1                 3      22.52
  sky130_fd_sc_hd__nand4_1                 29     181.42
  sky130_fd_sc_hd__nand4b_1                 1       8.76
  sky130_fd_sc_hd__nor2_1                 486    1824.25
  sky130_fd_sc_hd__nor2b_1                 23     143.89
  sky130_fd_sc_hd__nor3_1                 128     640.61
  sky130_fd_sc_hd__nor3b_1                 14     105.10
  sky130_fd_sc_hd__nor4_1                  27     168.91
  sky130_fd_sc_hd__nor4_2                   1      12.51
  sky130_fd_sc_hd__nor4b_1                  3      26.28
  sky130_fd_sc_hd__o2111ai_1                1       8.76
  sky130_fd_sc_hd__o211ai_1                25     187.68
  sky130_fd_sc_hd__o211ai_2                 1      12.51
  sky130_fd_sc_hd__o21a_1                  75     563.04
  sky130_fd_sc_hd__o21ai_0                480    2402.30
  sky130_fd_sc_hd__o21ai_1                 13      65.06
  sky130_fd_sc_hd__o21bai_1                38     285.27
  sky130_fd_sc_hd__o221a_2                  5      56.30
  sky130_fd_sc_hd__o221ai_1                40     350.34
  sky130_fd_sc_hd__o22a_1                   2      17.52
  sky130_fd_sc_hd__o22ai_1                 26     162.66
  sky130_fd_sc_hd__o311a_1                  1      10.01
  sky130_fd_sc_hd__o311ai_0                16     140.13
  sky130_fd_sc_hd__o311ai_1                 1       8.76
  sky130_fd_sc_hd__o31a_1                   3      26.28
  sky130_fd_sc_hd__o31ai_1                 22     165.16
  sky130_fd_sc_hd__o32a_1                   1      10.01
  sky130_fd_sc_hd__o32ai_1                 17     148.89
  sky130_fd_sc_hd__o41ai_1                  1       8.76
  sky130_fd_sc_hd__or2_1                   12      75.07
  sky130_fd_sc_hd__or3_1                   17     106.35
  sky130_fd_sc_hd__or4_1                    4      30.03
  sky130_fd_sc_hd__or4b_2                   4      40.04
  sky130_fd_sc_hd__xnor2_1                 92     805.77
  sky130_fd_sc_hd__xor2_1                  22     192.68
