Startpoint: latched_stalu$_SDFFE_PN0P_ (rising edge-triggered flip-flop)
Endpoint: reg_next_pc[31]$_SDFFE_PN0P_ (rising edge-triggered flip-flop)
Path Group: unconstrained
Path Type: max
Corner: slow

Fanout     Cap    Slew   Delay    Time   Description
-----------------------------------------------------------------------------
                  0.82    0.00    0.00 ^ latched_stalu$_SDFFE_PN0P_/CLK (sky130_fd_sc_hd__dfxtp_2)
    33    0.21    3.82    4.30    4.30 ^ latched_stalu$_SDFFE_PN0P_/Q (sky130_fd_sc_hd__dfxtp_2)
                                         latched_stalu (net)
                  3.82    0.02    4.32 ^ _5682_/S (sky130_fd_sc_hd__mux2i_1)
     2    0.01    1.21    2.68    7.00 ^ _5682_/Y (sky130_fd_sc_hd__mux2i_1)
                                         _1275_ (net)
                  1.21    0.00    7.00 ^ _5684_/A2 (sky130_fd_sc_hd__o21a_1)
     4    0.02    0.74    1.26    8.26 ^ _5684_/X (sky130_fd_sc_hd__o21a_1)
                                         _1277_ (net)
                  0.74    0.00    8.26 ^ _5685_/A (sky130_fd_sc_hd__inv_1)
     2    0.01    0.15    0.44    8.70 v _5685_/Y (sky130_fd_sc_hd__inv_1)
                                         _4144_ (net)
                  0.15    0.00    8.70 v _9165_/B (sky130_fd_sc_hd__ha_1)
     3    0.01    0.22    1.47   10.18 v _9165_/SUM (sky130_fd_sc_hd__ha_1)
                                         _4200_ (net)
                  0.22    0.00   10.18 v _7858_/B_N (sky130_fd_sc_hd__nor2b_1)
     1    0.00    0.08    0.55   10.72 v _7858_/Y (sky130_fd_sc_hd__nor2b_1)
                                         _3121_ (net)
                  0.08    0.00   10.72 v _7859_/A2 (sky130_fd_sc_hd__o21ai_0)
     2    0.01    1.03    0.97   11.69 ^ _7859_/Y (sky130_fd_sc_hd__o21ai_0)
                                         _3122_ (net)
                  1.03    0.00   11.70 ^ _7862_/A2 (sky130_fd_sc_hd__a21boi_2)
     2    0.01    0.14    0.56   12.26 v _7862_/Y (sky130_fd_sc_hd__a21boi_2)
                                         _3125_ (net)
                  0.14    0.00   12.26 v _7880_/A2 (sky130_fd_sc_hd__o21ai_0)
     2    0.01    1.03    1.00   13.26 ^ _7880_/Y (sky130_fd_sc_hd__o21ai_0)
                                         _3141_ (net)
                  1.03    0.00   13.26 ^ _7883_/A2 (sky130_fd_sc_hd__a21boi_1)
     2    0.01    0.18    0.63   13.89 v _7883_/Y (sky130_fd_sc_hd__a21boi_1)
                                         _3144_ (net)
                  0.18    0.00   13.89 v _7899_/A2 (sky130_fd_sc_hd__o21ai_0)
     2    0.01    0.85    0.89   14.78 ^ _7899_/Y (sky130_fd_sc_hd__o21ai_0)
                                         _3158_ (net)
                  0.85    0.00   14.78 ^ _7900_/A2 (sky130_fd_sc_hd__a21boi_0)
     2    0.00    0.21    0.61   15.40 v _7900_/Y (sky130_fd_sc_hd__a21boi_0)
                                         _3159_ (net)
                  0.21    0.00   15.40 v _7923_/A2 (sky130_fd_sc_hd__o21ai_0)
     2    0.01    1.09    1.09   16.49 ^ _7923_/Y (sky130_fd_sc_hd__o21ai_0)
                                         _3180_ (net)
                  1.09    0.00   16.49 ^ _7924_/A2 (sky130_fd_sc_hd__a21boi_2)
     2    0.01    0.14    0.59   17.08 v _7924_/Y (sky130_fd_sc_hd__a21boi_2)
                                         _3181_ (net)
                  0.14    0.00   17.08 v _7947_/A2 (sky130_fd_sc_hd__o21ai_0)
     2    0.01    1.02    1.00   18.08 ^ _7947_/Y (sky130_fd_sc_hd__o21ai_0)
                                         _3202_ (net)
                  1.02    0.00   18.08 ^ _7948_/A2 (sky130_fd_sc_hd__a21boi_0)
     2    0.00    0.22    0.70   18.78 v _7948_/Y (sky130_fd_sc_hd__a21boi_0)
                                         _3203_ (net)
                  0.22    0.00   18.78 v _7975_/A2 (sky130_fd_sc_hd__o21ai_0)
     2    0.01    1.07    1.09   19.87 ^ _7975_/Y (sky130_fd_sc_hd__o21ai_0)
                                         _3228_ (net)
                  1.07    0.00   19.87 ^ _7976_/A2 (sky130_fd_sc_hd__a21boi_2)
     2    0.01    0.13    0.57   20.44 v _7976_/Y (sky130_fd_sc_hd__a21boi_2)
                                         _3229_ (net)
                  0.13    0.00   20.44 v _7999_/A2 (sky130_fd_sc_hd__o21ai_0)
     2    0.00    0.75    0.79   21.22 ^ _7999_/Y (sky130_fd_sc_hd__o21ai_0)
                                         _3250_ (net)
                  0.75    0.00   21.22 ^ _8000_/A2 (sky130_fd_sc_hd__a21boi_0)
     2    0.00    0.20    0.56   21.79 v _8000_/Y (sky130_fd_sc_hd__a21boi_0)
                                         _3251_ (net)
                  0.20    0.00   21.79 v _8021_/A2 (sky130_fd_sc_hd__o21ai_0)
     2    0.01    0.95    0.98   22.77 ^ _8021_/Y (sky130_fd_sc_hd__o21ai_0)
                                         _3270_ (net)
                  0.95    0.00   22.77 ^ _8022_/A2 (sky130_fd_sc_hd__a21boi_1)
     2    0.00    0.16    0.59   23.36 v _8022_/Y (sky130_fd_sc_hd__a21boi_1)
                                         _3271_ (net)
                  0.16    0.00   23.36 v _8042_/A2 (sky130_fd_sc_hd__o21ai_0)
     2    0.01    0.89    0.91   24.27 ^ _8042_/Y (sky130_fd_sc_hd__o21ai_0)
                                         _3289_ (net)
                  0.89    0.00   24.27 ^ _8044_/A2 (sky130_fd_sc_hd__a21oi_1)
     2    0.01    0.16    0.56   24.83 v _8044_/Y (sky130_fd_sc_hd__a21oi_1)
                                         _3291_ (net)
                  0.16    0.00   24.83 v _8065_/A2 (sky130_fd_sc_hd__o21ai_0)
     2    0.01    1.27    1.21   26.04 ^ _8065_/Y (sky130_fd_sc_hd__o21ai_0)
                                         _3310_ (net)
                  1.27    0.00   26.04 ^ _8066_/A2 (sky130_fd_sc_hd__a21boi_1)
     2    0.01    0.19    0.72   26.77 v _8066_/Y (sky130_fd_sc_hd__a21boi_1)
                                         _3311_ (net)
                  0.19    0.00   26.77 v _8081_/A2 (sky130_fd_sc_hd__o21ai_0)
     2    0.01    0.91    0.93   27.70 ^ _8081_/Y (sky130_fd_sc_hd__o21ai_0)
                                         _3324_ (net)
                  0.91    0.00   27.70 ^ _8084_/A2 (sky130_fd_sc_hd__a21boi_0)
     2    0.00    0.21    0.65   28.35 v _8084_/Y (sky130_fd_sc_hd__a21boi_0)
                                         _3327_ (net)
                  0.21    0.00   28.35 v _8102_/A2 (sky130_fd_sc_hd__o21ai_0)
     3    0.01    1.23    1.20   29.55 ^ _8102_/Y (sky130_fd_sc_hd__o21ai_0)
                                         _3343_ (net)
                  1.23    0.00   29.55 ^ _8150_/A2 (sky130_fd_sc_hd__a2111oi_0)
     2    0.00    0.26    0.82   30.37 v _8150_/Y (sky130_fd_sc_hd__a2111oi_0)
                                         _3387_ (net)
                  0.26    0.00   30.37 v _8155_/A1 (sky130_fd_sc_hd__o21ai_0)
     1    0.00    0.47    0.66   31.03 ^ _8155_/Y (sky130_fd_sc_hd__o21ai_0)
                                         _3392_ (net)
                  0.47    0.00   31.03 ^ _8156_/B (sky130_fd_sc_hd__nand2_1)
     1    0.00    0.09    0.30   31.34 v _8156_/Y (sky130_fd_sc_hd__nand2_1)
                                         _3393_ (net)
                  0.09    0.00   31.34 v _8159_/A2 (sky130_fd_sc_hd__o221ai_1)
     1    0.00    0.67    0.76   32.09 ^ _8159_/Y (sky130_fd_sc_hd__o221ai_1)
                                         _3396_ (net)
                  0.67    0.00   32.09 ^ _8161_/B1 (sky130_fd_sc_hd__a22o_1)
     1    0.00    0.12    0.63   32.72 ^ _8161_/X (sky130_fd_sc_hd__a22o_1)
                                         _0270_ (net)
                  0.12    0.00   32.72 ^ reg_next_pc[31]$_SDFFE_PN0P_/D (sky130_fd_sc_hd__dfxtp_1)
                                 32.72   data arrival time
-----------------------------------------------------------------------------
(Path is unconstrained)


