[WARNING STA-0503] report_checks -group_count is deprecated. Use -group_path_count instead.
Startpoint: latched_stalu$_SDFFE_PN0P_ (rising edge-triggered flip-flop)
Endpoint: reg_next_pc[31]$_SDFFE_PN0P_ (rising edge-triggered flip-flop)
Path Group: unconstrained
Path Type: max
Corner: slow

Fanout     Cap    Slew   Delay    Time   Description
-----------------------------------------------------------------------------
                  0.82    0.00    0.00 ^ latched_stalu$_SDFFE_PN0P_/CLK (sky130_fd_sc_hd__dfxtp_2)
    33    0.21    3.82    4.30    4.30 ^ latched_stalu$_SDFFE_PN0P_/Q (sky130_fd_sc_hd__dfxtp_2)
                                         latched_stalu (net)
                  3.82    0.02    4.32 ^ _5682_/S (sky130_fd_sc_hd__mux2i_1)
     2    0.01    1.21    2.68    7.00 ^ _5682_/Y (sky130_fd_sc_hd__mux2i_1)
                                         _1275_ (net)
                  1.21    0.00    7.00 ^ _5684_/A2 (sky130_fd_sc_hd__o21a_1)
     4    0.02    0.74    1.26    8.26 ^ _5684_/X (sky130_fd_sc_hd__o21a_1)
                                         _1277_ (net)
                  0.74    0.00    8.26 ^ _5685_/A (sky130_fd_sc_hd__inv_1)
     2    0.01    0.15    0.44    8.70 v _5685_/Y (sky130_fd_sc_hd__inv_1)
                                         _4144_ (net)
                  0.15    0.00    8.70 v _9165_/B (sky130_fd_sc_hd__ha_1)
     3    0.01    0.22    1.47   10.18 v _9165_/SUM (sky130_fd_sc_hd__ha_1)
                                         _4200_ (net)
                  0.22    0.00   10.18 v _7858_/B_N (sky130_fd_sc_hd__nor2b_1)
     1    0.00    0.08    0.55   10.72 v _7858_/Y (sky130_fd_sc_hd__nor2b_1)
                                         _3121_ (net)
                  0.08    0.00   10.72 v _7859_/A2 (sky130_fd_sc_hd__o21ai_0)
     2    0.01    1.03    0.97   11.69 ^ _7859_/Y (sky130_fd_sc_hd__o21ai_0)
                                         _3122_ (net)
                  1.03    0.00   11.70 ^ _7862_/A2 (sky130_fd_sc_hd__a21boi_2)
     2    0.01    0.14    0.56   12.26 v _7862_/Y (sky130_fd_sc_hd__a21boi_2)
                                         _3125_ (net)
                  0.14    0.00   12.26 v _7880_/A2 (sky130_fd_sc_hd__o21ai_0)
     2    0.01    1.03    1.00   13.26 ^ _7880_/Y (sky130_fd_sc_hd__o21ai_0)
                                         _3141_ (net)
                  1.03    0.00   13.26 ^ _7883_/A2 (sky130_fd_sc_hd__a21boi_1)
     2    0.01    0.18    0.63   13.89 v _7883_/Y (sky130_fd_sc_hd__a21boi_1)
                                         _3144_ (net)
                  0.18    0.00   13.89 v _7899_/A2 (sky130_fd_sc_hd__o21ai_0)
     2    0.01    0.85    0.89   14.78 ^ _7899_/Y (sky130_fd_sc_hd__o21ai_0)
                                         _3158_ (net)
                  0.85    0.00   14.78 ^ _7900_/A2 (sky130_fd_sc_hd__a21boi_0)
     2    0.00    0.21    0.61   15.40 v _7900_/Y (sky130_fd_sc_hd__a21boi_0)
                                         _3159_ (net)
                  0.21    0.00   15.40 v _7923_/A2 (sky130_fd_sc_hd__o21ai_0)
     2    0.01    1.09    1.09   16.49 ^ _7923_/Y (sky130_fd_sc_hd__o21ai_0)
                                         _3180_ (net)
                  1.09    0.00   16.49 ^ _7924_/A2 (sky130_fd_sc_hd__a21boi_2)
     2    0.01    0.14    0.59   17.08 v _7924_/Y (sky130_fd_sc_hd__a21boi_2)
                                         _3181_ (net)
                  0.14    0.00   17.08 v _7947_/A2 (sky130_fd_sc_hd__o21ai_0)
     2    0.01    1.02    1.00   18.08 ^ _7947_/Y (sky130_fd_sc_hd__o21ai_0)
                                         _3202_ (net)
                  1.02    0.00   18.08 ^ _7948_/A2 (sky130_fd_sc_hd__a21boi_0)
     2    0.00    0.22    0.70   18.78 v _7948_/Y (sky130_fd_sc_hd__a21boi_0)
                                         _3203_ (net)
                  0.22    0.00   18.78 v _7975_/A2 (sky130_fd_sc_hd__o21ai_0)
     2    0.01    1.07    1.09   19.87 ^ _7975_/Y (sky130_fd_sc_hd__o21ai_0)
                                         _3228_ (net)
                  1.07    0.00   19.87 ^ _7976_/A2 (sky130_fd_sc_hd__a21boi_2)
     2    0.01    0.13    0.57   20.44 v _7976_/Y (sky130_fd_sc_hd__a21boi_2)
                                         _3229_ (net)
                  0.13    0.00   20.44 v _7999_/A2 (sky130_fd_sc_hd__o21ai_0)
     2    0.00    0.75    0.79   21.22 ^ _7999_/Y (sky130_fd_sc_hd__o21ai_0)
                                         _3250_ (net)
                  0.75    0.00   21.22 ^ _8000_/A2 (sky130_fd_sc_hd__a21boi_0)
     2    0.00    0.20    0.56   21.79 v _8000_/Y (sky130_fd_sc_hd__a21boi_0)
                                         _3251_ (net)
                  0.20    0.00   21.79 v _8021_/A2 (sky130_fd_sc_hd__o21ai_0)
     2    0.01    0.95    0.98   22.77 ^ _8021_/Y (sky130_fd_sc_hd__o21ai_0)
                                         _3270_ (net)
                  0.95    0.00   22.77 ^ _8022_/A2 (sky130_fd_sc_hd__a21boi_1)
     2    0.00    0.16    0.59   23.36 v _8022_/Y (sky130_fd_sc_hd__a21boi_1)
                                         _3271_ (net)
                  0.16    0.00   23.36 v _8042_/A2 (sky130_fd_sc_hd__o21ai_0)
     2    0.01    0.89    0.91   24.27 ^ _8042_/Y (sky130_fd_sc_hd__o21ai_0)
                                         _3289_ (net)
                  0.89    0.00   24.27 ^ _8044_/A2 (sky130_fd_sc_hd__a21oi_1)
     2    0.01    0.16    0.56   24.83 v _8044_/Y (sky130_fd_sc_hd__a21oi_1)
                                         _3291_ (net)
                  0.16    0.00   24.83 v _8065_/A2 (sky130_fd_sc_hd__o21ai_0)
     2    0.01    1.27    1.21   26.04 ^ _8065_/Y (sky130_fd_sc_hd__o21ai_0)
                                         _3310_ (net)
                  1.27    0.00   26.04 ^ _8066_/A2 (sky130_fd_sc_hd__a21boi_1)
     2    0.01    0.19    0.72   26.77 v _8066_/Y (sky130_fd_sc_hd__a21boi_1)
                                         _3311_ (net)
                  0.19    0.00   26.77 v _8081_/A2 (sky130_fd_sc_hd__o21ai_0)
     2    0.01    0.91    0.93   27.70 ^ _8081_/Y (sky130_fd_sc_hd__o21ai_0)
                                         _3324_ (net)
                  0.91    0.00   27.70 ^ _8084_/A2 (sky130_fd_sc_hd__a21boi_0)
     2    0.00    0.21    0.65   28.35 v _8084_/Y (sky130_fd_sc_hd__a21boi_0)
                                         _3327_ (net)
                  0.21    0.00   28.35 v _8102_/A2 (sky130_fd_sc_hd__o21ai_0)
     3    0.01    1.23    1.20   29.55 ^ _8102_/Y (sky130_fd_sc_hd__o21ai_0)
                                         _3343_ (net)
                  1.23    0.00   29.55 ^ _8150_/A2 (sky130_fd_sc_hd__a2111oi_0)
     2    0.00    0.26    0.82   30.37 v _8150_/Y (sky130_fd_sc_hd__a2111oi_0)
                                         _3387_ (net)
                  0.26    0.00   30.37 v _8155_/A1 (sky130_fd_sc_hd__o21ai_0)
     1    0.00    0.47    0.66   31.03 ^ _8155_/Y (sky130_fd_sc_hd__o21ai_0)
                                         _3392_ (net)
                  0.47    0.00   31.03 ^ _8156_/B (sky130_fd_sc_hd__nand2_1)
     1    0.00    0.09    0.30   31.34 v _8156_/Y (sky130_fd_sc_hd__nand2_1)
                                         _3393_ (net)
                  0.09    0.00   31.34 v _8159_/A2 (sky130_fd_sc_hd__o221ai_1)
     1    0.00    0.67    0.76   32.09 ^ _8159_/Y (sky130_fd_sc_hd__o221ai_1)
                                         _3396_ (net)
                  0.67    0.00   32.09 ^ _8161_/B1 (sky130_fd_sc_hd__a22o_1)
     1    0.00    0.12    0.63   32.72 ^ _8161_/X (sky130_fd_sc_hd__a22o_1)
                                         _0270_ (net)
                  0.12    0.00   32.72 ^ reg_next_pc[31]$_SDFFE_PN0P_/D (sky130_fd_sc_hd__dfxtp_1)
                                 32.72   data arrival time
-----------------------------------------------------------------------------
(Path is unconstrained)


Startpoint: latched_stalu$_SDFFE_PN0P_ (rising edge-triggered flip-flop)
Endpoint: reg_next_pc[29]$_SDFFE_PN0P_ (rising edge-triggered flip-flop)
Path Group: unconstrained
Path Type: max
Corner: slow

Fanout     Cap    Slew   Delay    Time   Description
-----------------------------------------------------------------------------
                  0.82    0.00    0.00 ^ latched_stalu$_SDFFE_PN0P_/CLK (sky130_fd_sc_hd__dfxtp_2)
    33    0.21    3.82    4.30    4.30 ^ latched_stalu$_SDFFE_PN0P_/Q (sky130_fd_sc_hd__dfxtp_2)
                                         latched_stalu (net)
                  3.82    0.02    4.32 ^ _5682_/S (sky130_fd_sc_hd__mux2i_1)
     2    0.01    1.21    2.68    7.00 ^ _5682_/Y (sky130_fd_sc_hd__mux2i_1)
                                         _1275_ (net)
                  1.21    0.00    7.00 ^ _5684_/A2 (sky130_fd_sc_hd__o21a_1)
     4    0.02    0.74    1.26    8.26 ^ _5684_/X (sky130_fd_sc_hd__o21a_1)
                                         _1277_ (net)
                  0.74    0.00    8.26 ^ _5685_/A (sky130_fd_sc_hd__inv_1)
     2    0.01    0.15    0.44    8.70 v _5685_/Y (sky130_fd_sc_hd__inv_1)
                                         _4144_ (net)
                  0.15    0.00    8.70 v _9165_/B (sky130_fd_sc_hd__ha_1)
     3    0.01    0.22    1.47   10.18 v _9165_/SUM (sky130_fd_sc_hd__ha_1)
                                         _4200_ (net)
                  0.22    0.00   10.18 v _7858_/B_N (sky130_fd_sc_hd__nor2b_1)
     1    0.00    0.08    0.55   10.72 v _7858_/Y (sky130_fd_sc_hd__nor2b_1)
                                         _3121_ (net)
                  0.08    0.00   10.72 v _7859_/A2 (sky130_fd_sc_hd__o21ai_0)
     2    0.01    1.03    0.97   11.69 ^ _7859_/Y (sky130_fd_sc_hd__o21ai_0)
                                         _3122_ (net)
                  1.03    0.00   11.70 ^ _7862_/A2 (sky130_fd_sc_hd__a21boi_2)
     2    0.01    0.14    0.56   12.26 v _7862_/Y (sky130_fd_sc_hd__a21boi_2)
                                         _3125_ (net)
                  0.14    0.00   12.26 v _7880_/A2 (sky130_fd_sc_hd__o21ai_0)
     2    0.01    1.03    1.00   13.26 ^ _7880_/Y (sky130_fd_sc_hd__o21ai_0)
                                         _3141_ (net)
                  1.03    0.00   13.26 ^ _7883_/A2 (sky130_fd_sc_hd__a21boi_1)
     2    0.01    0.18    0.63   13.89 v _7883_/Y (sky130_fd_sc_hd__a21boi_1)
                                         _3144_ (net)
                  0.18    0.00   13.89 v _7899_/A2 (sky130_fd_sc_hd__o21ai_0)
     2    0.01    0.85    0.89   14.78 ^ _7899_/Y (sky130_fd_sc_hd__o21ai_0)
                                         _3158_ (net)
                  0.85    0.00   14.78 ^ _7900_/A2 (sky130_fd_sc_hd__a21boi_0)
     2    0.00    0.21    0.61   15.40 v _7900_/Y (sky130_fd_sc_hd__a21boi_0)
                                         _3159_ (net)
                  0.21    0.00   15.40 v _7923_/A2 (sky130_fd_sc_hd__o21ai_0)
     2    0.01    1.09    1.09   16.49 ^ _7923_/Y (sky130_fd_sc_hd__o21ai_0)
                                         _3180_ (net)
                  1.09    0.00   16.49 ^ _7924_/A2 (sky130_fd_sc_hd__a21boi_2)
     2    0.01    0.14    0.59   17.08 v _7924_/Y (sky130_fd_sc_hd__a21boi_2)
                                         _3181_ (net)
                  0.14    0.00   17.08 v _7947_/A2 (sky130_fd_sc_hd__o21ai_0)
     2    0.01    1.02    1.00   18.08 ^ _7947_/Y (sky130_fd_sc_hd__o21ai_0)
                                         _3202_ (net)
                  1.02    0.00   18.08 ^ _7948_/A2 (sky130_fd_sc_hd__a21boi_0)
     2    0.00    0.22    0.70   18.78 v _7948_/Y (sky130_fd_sc_hd__a21boi_0)
                                         _3203_ (net)
                  0.22    0.00   18.78 v _7975_/A2 (sky130_fd_sc_hd__o21ai_0)
     2    0.01    1.07    1.09   19.87 ^ _7975_/Y (sky130_fd_sc_hd__o21ai_0)
                                         _3228_ (net)
                  1.07    0.00   19.87 ^ _7976_/A2 (sky130_fd_sc_hd__a21boi_2)
     2    0.01    0.13    0.57   20.44 v _7976_/Y (sky130_fd_sc_hd__a21boi_2)
                                         _3229_ (net)
                  0.13    0.00   20.44 v _7999_/A2 (sky130_fd_sc_hd__o21ai_0)
     2    0.00    0.75    0.79   21.22 ^ _7999_/Y (sky130_fd_sc_hd__o21ai_0)
                                         _3250_ (net)
                  0.75    0.00   21.22 ^ _8000_/A2 (sky130_fd_sc_hd__a21boi_0)
     2    0.00    0.20    0.56   21.79 v _8000_/Y (sky130_fd_sc_hd__a21boi_0)
                                         _3251_ (net)
                  0.20    0.00   21.79 v _8021_/A2 (sky130_fd_sc_hd__o21ai_0)
     2    0.01    0.95    0.98   22.77 ^ _8021_/Y (sky130_fd_sc_hd__o21ai_0)
                                         _3270_ (net)
                  0.95    0.00   22.77 ^ _8022_/A2 (sky130_fd_sc_hd__a21boi_1)
     2    0.00    0.16    0.59   23.36 v _8022_/Y (sky130_fd_sc_hd__a21boi_1)
                                         _3271_ (net)
                  0.16    0.00   23.36 v _8042_/A2 (sky130_fd_sc_hd__o21ai_0)
     2    0.01    0.89    0.91   24.27 ^ _8042_/Y (sky130_fd_sc_hd__o21ai_0)
                                         _3289_ (net)
                  0.89    0.00   24.27 ^ _8044_/A2 (sky130_fd_sc_hd__a21oi_1)
     2    0.01    0.16    0.56   24.83 v _8044_/Y (sky130_fd_sc_hd__a21oi_1)
                                         _3291_ (net)
                  0.16    0.00   24.83 v _8065_/A2 (sky130_fd_sc_hd__o21ai_0)
     2    0.01    1.27    1.21   26.04 ^ _8065_/Y (sky130_fd_sc_hd__o21ai_0)
                                         _3310_ (net)
                  1.27    0.00   26.04 ^ _8066_/A2 (sky130_fd_sc_hd__a21boi_1)
     2    0.01    0.19    0.72   26.77 v _8066_/Y (sky130_fd_sc_hd__a21boi_1)
                                         _3311_ (net)
                  0.19    0.00   26.77 v _8081_/A2 (sky130_fd_sc_hd__o21ai_0)
     2    0.01    0.91    0.93   27.70 ^ _8081_/Y (sky130_fd_sc_hd__o21ai_0)
                                         _3324_ (net)
                  0.91    0.00   27.70 ^ _8084_/A2 (sky130_fd_sc_hd__a21boi_0)
     2    0.00    0.21    0.65   28.35 v _8084_/Y (sky130_fd_sc_hd__a21boi_0)
                                         _3327_ (net)
                  0.21    0.00   28.35 v _8102_/A2 (sky130_fd_sc_hd__o21ai_0)
     3    0.01    1.23    1.20   29.55 ^ _8102_/Y (sky130_fd_sc_hd__o21ai_0)
                                         _3343_ (net)
                  1.23    0.00   29.55 ^ _8125_/A2 (sky130_fd_sc_hd__a211oi_1)
     1    0.00    0.14    0.63   30.18 v _8125_/Y (sky130_fd_sc_hd__a211oi_1)
                                         _3364_ (net)
                  0.14    0.00   30.18 v _8127_/A_N (sky130_fd_sc_hd__nand2b_1)
     2    0.01    0.15    0.58   30.76 v _8127_/Y (sky130_fd_sc_hd__nand2b_1)
                                         _3366_ (net)
                  0.15    0.00   30.76 v _8129_/B (sky130_fd_sc_hd__or2_0)
     1    0.00    0.14    0.90   31.67 v _8129_/X (sky130_fd_sc_hd__or2_0)
                                         _3368_ (net)
                  0.14    0.00   31.67 v _8133_/A3 (sky130_fd_sc_hd__a31oi_1)
     1    0.00    0.37    0.57   32.23 ^ _8133_/Y (sky130_fd_sc_hd__a31oi_1)
                                         _3372_ (net)
                  0.37    0.00   32.23 ^ _8136_/A1 (sky130_fd_sc_hd__o21ai_0)
     1    0.00    0.09    0.31   32.54 v _8136_/Y (sky130_fd_sc_hd__o21ai_0)
                                         _0268_ (net)
                  0.09    0.00   32.54 v reg_next_pc[29]$_SDFFE_PN0P_/D (sky130_fd_sc_hd__dfxtp_2)
                                 32.54   data arrival time
-----------------------------------------------------------------------------
(Path is unconstrained)


Startpoint: latched_stalu$_SDFFE_PN0P_ (rising edge-triggered flip-flop)
Endpoint: reg_next_pc[30]$_SDFFE_PN0P_ (rising edge-triggered flip-flop)
Path Group: unconstrained
Path Type: max
Corner: slow

Fanout     Cap    Slew   Delay    Time   Description
-----------------------------------------------------------------------------
                  0.82    0.00    0.00 ^ latched_stalu$_SDFFE_PN0P_/CLK (sky130_fd_sc_hd__dfxtp_2)
    33    0.21    3.82    4.30    4.30 ^ latched_stalu$_SDFFE_PN0P_/Q (sky130_fd_sc_hd__dfxtp_2)
                                         latched_stalu (net)
                  3.82    0.02    4.32 ^ _5678_/S (sky130_fd_sc_hd__mux2i_1)
     2    0.01    0.78    2.34    6.67 ^ _5678_/Y (sky130_fd_sc_hd__mux2i_1)
                                         _1273_ (net)
                  0.78    0.00    6.67 ^ _5680_/A2 (sky130_fd_sc_hd__o21a_1)
     5    0.03    1.05    1.31    7.98 ^ _5680_/X (sky130_fd_sc_hd__o21a_1)
                                         _4165_ (net)
                  1.05    0.01    7.98 ^ _5681_/A (sky130_fd_sc_hd__inv_2)
     3    0.01    0.17    0.52    8.50 v _5681_/Y (sky130_fd_sc_hd__inv_2)
                                         _4133_ (net)
                  0.17    0.00    8.50 v _9163_/B (sky130_fd_sc_hd__ha_1)
     1    0.00    0.17    1.39    9.89 v _9163_/SUM (sky130_fd_sc_hd__ha_1)
                                         _4196_ (net)
                  0.17    0.00    9.89 v _7845_/A2 (sky130_fd_sc_hd__a21o_1)
     1    0.00    0.10    0.72   10.61 v _7845_/X (sky130_fd_sc_hd__a21o_1)
                                         _3109_ (net)
                  0.10    0.00   10.61 v _7846_/A2 (sky130_fd_sc_hd__a21oi_1)
     2    0.01    0.68    0.75   11.36 ^ _7846_/Y (sky130_fd_sc_hd__a21oi_1)
                                         _3110_ (net)
                  0.68    0.00   11.37 ^ _7868_/A2 (sky130_fd_sc_hd__o21ai_0)
     1    0.01    0.23    0.55   11.92 v _7868_/Y (sky130_fd_sc_hd__o21ai_0)
                                         _3130_ (net)
                  0.23    0.00   11.92 v _7869_/A2 (sky130_fd_sc_hd__a21oi_2)
     2    0.01    0.57    0.78   12.70 ^ _7869_/Y (sky130_fd_sc_hd__a21oi_2)
                                         _3131_ (net)
                  0.57    0.00   12.70 ^ _7889_/A2 (sky130_fd_sc_hd__o21ai_0)
     1    0.00    0.17    0.44   13.14 v _7889_/Y (sky130_fd_sc_hd__o21ai_0)
                                         _3149_ (net)
                  0.17    0.00   13.14 v _7890_/A2 (sky130_fd_sc_hd__a21oi_1)
     2    0.01    0.70    0.81   13.95 ^ _7890_/Y (sky130_fd_sc_hd__a21oi_1)
                                         _3150_ (net)
                  0.70    0.00   13.95 ^ _7912_/A2 (sky130_fd_sc_hd__o21ai_0)
     1    0.00    0.15    0.48   14.43 v _7912_/Y (sky130_fd_sc_hd__o21ai_0)
                                         _3170_ (net)
                  0.15    0.00   14.43 v _7913_/A2 (sky130_fd_sc_hd__a21oi_1)
     2    0.01    0.72    0.82   15.25 ^ _7913_/Y (sky130_fd_sc_hd__a21oi_1)
                                         _3171_ (net)
                  0.72    0.00   15.25 ^ _7939_/A2 (sky130_fd_sc_hd__o21ai_0)
     1    0.01    0.25    0.59   15.84 v _7939_/Y (sky130_fd_sc_hd__o21ai_0)
                                         _3195_ (net)
                  0.25    0.00   15.84 v _7940_/A2 (sky130_fd_sc_hd__a21o_4)
     3    0.01    0.11    1.00   16.84 v _7940_/X (sky130_fd_sc_hd__a21o_4)
                                         _3196_ (net)
                  0.11    0.00   16.84 v _7962_/A2 (sky130_fd_sc_hd__a21o_1)
     1    0.00    0.10    0.68   17.53 v _7962_/X (sky130_fd_sc_hd__a21o_1)
                                         _3216_ (net)
                  0.10    0.00   17.53 v _7963_/A2 (sky130_fd_sc_hd__a21o_1)
     3    0.01    0.12    0.70   18.22 v _7963_/X (sky130_fd_sc_hd__a21o_1)
                                         _3217_ (net)
                  0.12    0.00   18.22 v _7987_/A2 (sky130_fd_sc_hd__a21o_1)
     1    0.00    0.10    0.69   18.91 v _7987_/X (sky130_fd_sc_hd__a21o_1)
                                         _3239_ (net)
                  0.10    0.00   18.91 v _7988_/A2 (sky130_fd_sc_hd__a21o_4)
     3    0.01    0.11    0.91   19.83 v _7988_/X (sky130_fd_sc_hd__a21o_4)
                                         _3240_ (net)
                  0.11    0.00   19.83 v _8010_/A2 (sky130_fd_sc_hd__a21o_1)
     1    0.00    0.09    0.67   20.49 v _8010_/X (sky130_fd_sc_hd__a21o_1)
                                         _3260_ (net)
                  0.09    0.00   20.49 v _8011_/A2 (sky130_fd_sc_hd__a21o_1)
     3    0.01    0.12    0.69   21.19 v _8011_/X (sky130_fd_sc_hd__a21o_1)
                                         _3261_ (net)
                  0.12    0.00   21.19 v _8032_/A2 (sky130_fd_sc_hd__a21o_1)
     1    0.01    0.11    0.71   21.89 v _8032_/X (sky130_fd_sc_hd__a21o_1)
                                         _3280_ (net)
                  0.11    0.00   21.89 v _8033_/A2 (sky130_fd_sc_hd__a21o_4)
     3    0.01    0.11    0.91   22.81 v _8033_/X (sky130_fd_sc_hd__a21o_4)
                                         _3281_ (net)
                  0.11    0.00   22.81 v _8055_/A2 (sky130_fd_sc_hd__a21oi_1)
     1    0.01    0.53    0.64   23.45 ^ _8055_/Y (sky130_fd_sc_hd__a21oi_1)
                                         _3301_ (net)
                  0.53    0.00   23.45 ^ _8056_/A2 (sky130_fd_sc_hd__o21bai_2)
     3    0.01    0.17    0.39   23.84 v _8056_/Y (sky130_fd_sc_hd__o21bai_2)
                                         _3302_ (net)
                  0.17    0.00   23.84 v _8072_/A2 (sky130_fd_sc_hd__a21o_4)
     1    0.01    0.11    0.95   24.79 v _8072_/X (sky130_fd_sc_hd__a21o_4)
                                         _3316_ (net)
                  0.11    0.00   24.79 v _8073_/A2 (sky130_fd_sc_hd__a21o_1)
     2    0.01    0.12    0.71   25.50 v _8073_/X (sky130_fd_sc_hd__a21o_1)
                                         _3317_ (net)
                  0.12    0.00   25.50 v _8092_/A2 (sky130_fd_sc_hd__a21o_1)
     1    0.01    0.12    0.71   26.21 v _8092_/X (sky130_fd_sc_hd__a21o_1)
                                         _3334_ (net)
                  0.12    0.00   26.21 v _8093_/A2 (sky130_fd_sc_hd__a21o_4)
     2    0.01    0.12    0.93   27.14 v _8093_/X (sky130_fd_sc_hd__a21o_4)
                                         _3335_ (net)
                  0.12    0.00   27.14 v _8115_/A3 (sky130_fd_sc_hd__a31o_4)
     3    0.01    0.11    1.01   28.15 v _8115_/X (sky130_fd_sc_hd__a31o_4)
                                         _3355_ (net)
                  0.11    0.00   28.15 v _8139_/C (sky130_fd_sc_hd__and3_1)
     2    0.00    0.10    0.73   28.88 v _8139_/X (sky130_fd_sc_hd__and3_1)
                                         _3377_ (net)
                  0.10    0.00   28.88 v _8140_/C (sky130_fd_sc_hd__or3_1)
     1    0.00    0.22    1.69   30.57 v _8140_/X (sky130_fd_sc_hd__or3_1)
                                         _3378_ (net)
                  0.22    0.00   30.57 v _8145_/A2 (sky130_fd_sc_hd__a31oi_1)
     1    0.00    0.52    0.74   31.32 ^ _8145_/Y (sky130_fd_sc_hd__a31oi_1)
                                         _3383_ (net)
                  0.52    0.00   31.32 ^ _8148_/A1 (sky130_fd_sc_hd__o21ai_0)
     1    0.00    0.11    0.38   31.70 v _8148_/Y (sky130_fd_sc_hd__o21ai_0)
                                         _0269_ (net)
                  0.11    0.00   31.70 v reg_next_pc[30]$_SDFFE_PN0P_/D (sky130_fd_sc_hd__dfxtp_1)
                                 31.70   data arrival time
-----------------------------------------------------------------------------
(Path is unconstrained)


Startpoint: latched_stalu$_SDFFE_PN0P_ (rising edge-triggered flip-flop)
Endpoint: reg_next_pc[27]$_SDFFE_PN0P_ (rising edge-triggered flip-flop)
Path Group: unconstrained
Path Type: max
Corner: slow

Fanout     Cap    Slew   Delay    Time   Description
-----------------------------------------------------------------------------
                  0.82    0.00    0.00 ^ latched_stalu$_SDFFE_PN0P_/CLK (sky130_fd_sc_hd__dfxtp_2)
    33    0.21    3.82    4.30    4.30 ^ latched_stalu$_SDFFE_PN0P_/Q (sky130_fd_sc_hd__dfxtp_2)
                                         latched_stalu (net)
                  3.82    0.02    4.32 ^ _5682_/S (sky130_fd_sc_hd__mux2i_1)
     2    0.01    1.21    2.68    7.00 ^ _5682_/Y (sky130_fd_sc_hd__mux2i_1)
                                         _1275_ (net)
                  1.21    0.00    7.00 ^ _5684_/A2 (sky130_fd_sc_hd__o21a_1)
     4    0.02    0.74    1.26    8.26 ^ _5684_/X (sky130_fd_sc_hd__o21a_1)
                                         _1277_ (net)
                  0.74    0.00    8.26 ^ _5685_/A (sky130_fd_sc_hd__inv_1)
     2    0.01    0.15    0.44    8.70 v _5685_/Y (sky130_fd_sc_hd__inv_1)
                                         _4144_ (net)
                  0.15    0.00    8.70 v _9165_/B (sky130_fd_sc_hd__ha_1)
     3    0.01    0.22    1.47   10.18 v _9165_/SUM (sky130_fd_sc_hd__ha_1)
                                         _4200_ (net)
                  0.22    0.00   10.18 v _7858_/B_N (sky130_fd_sc_hd__nor2b_1)
     1    0.00    0.08    0.55   10.72 v _7858_/Y (sky130_fd_sc_hd__nor2b_1)
                                         _3121_ (net)
                  0.08    0.00   10.72 v _7859_/A2 (sky130_fd_sc_hd__o21ai_0)
     2    0.01    1.03    0.97   11.69 ^ _7859_/Y (sky130_fd_sc_hd__o21ai_0)
                                         _3122_ (net)
                  1.03    0.00   11.70 ^ _7862_/A2 (sky130_fd_sc_hd__a21boi_2)
     2    0.01    0.14    0.56   12.26 v _7862_/Y (sky130_fd_sc_hd__a21boi_2)
                                         _3125_ (net)
                  0.14    0.00   12.26 v _7880_/A2 (sky130_fd_sc_hd__o21ai_0)
     2    0.01    1.03    1.00   13.26 ^ _7880_/Y (sky130_fd_sc_hd__o21ai_0)
                                         _3141_ (net)
                  1.03    0.00   13.26 ^ _7883_/A2 (sky130_fd_sc_hd__a21boi_1)
     2    0.01    0.18    0.63   13.89 v _7883_/Y (sky130_fd_sc_hd__a21boi_1)
                                         _3144_ (net)
                  0.18    0.00   13.89 v _7899_/A2 (sky130_fd_sc_hd__o21ai_0)
     2    0.01    0.85    0.89   14.78 ^ _7899_/Y (sky130_fd_sc_hd__o21ai_0)
                                         _3158_ (net)
                  0.85    0.00   14.78 ^ _7900_/A2 (sky130_fd_sc_hd__a21boi_0)
     2    0.00    0.21    0.61   15.40 v _7900_/Y (sky130_fd_sc_hd__a21boi_0)
                                         _3159_ (net)
                  0.21    0.00   15.40 v _7923_/A2 (sky130_fd_sc_hd__o21ai_0)
     2    0.01    1.09    1.09   16.49 ^ _7923_/Y (sky130_fd_sc_hd__o21ai_0)
                                         _3180_ (net)
                  1.09    0.00   16.49 ^ _7924_/A2 (sky130_fd_sc_hd__a21boi_2)
     2    0.01    0.14    0.59   17.08 v _7924_/Y (sky130_fd_sc_hd__a21boi_2)
                                         _3181_ (net)
                  0.14    0.00   17.08 v _7947_/A2 (sky130_fd_sc_hd__o21ai_0)
     2    0.01    1.02    1.00   18.08 ^ _7947_/Y (sky130_fd_sc_hd__o21ai_0)
                                         _3202_ (net)
                  1.02    0.00   18.08 ^ _7948_/A2 (sky130_fd_sc_hd__a21boi_0)
     2    0.00    0.22    0.70   18.78 v _7948_/Y (sky130_fd_sc_hd__a21boi_0)
                                         _3203_ (net)
                  0.22    0.00   18.78 v _7975_/A2 (sky130_fd_sc_hd__o21ai_0)
     2    0.01    1.07    1.09   19.87 ^ _7975_/Y (sky130_fd_sc_hd__o21ai_0)
                                         _3228_ (net)
                  1.07    0.00   19.87 ^ _7976_/A2 (sky130_fd_sc_hd__a21boi_2)
     2    0.01    0.13    0.57   20.44 v _7976_/Y (sky130_fd_sc_hd__a21boi_2)
                                         _3229_ (net)
                  0.13    0.00   20.44 v _7999_/A2 (sky130_fd_sc_hd__o21ai_0)
     2    0.00    0.75    0.79   21.22 ^ _7999_/Y (sky130_fd_sc_hd__o21ai_0)
                                         _3250_ (net)
                  0.75    0.00   21.22 ^ _8000_/A2 (sky130_fd_sc_hd__a21boi_0)
     2    0.00    0.20    0.56   21.79 v _8000_/Y (sky130_fd_sc_hd__a21boi_0)
                                         _3251_ (net)
                  0.20    0.00   21.79 v _8021_/A2 (sky130_fd_sc_hd__o21ai_0)
     2    0.01    0.95    0.98   22.77 ^ _8021_/Y (sky130_fd_sc_hd__o21ai_0)
                                         _3270_ (net)
                  0.95    0.00   22.77 ^ _8022_/A2 (sky130_fd_sc_hd__a21boi_1)
     2    0.00    0.16    0.59   23.36 v _8022_/Y (sky130_fd_sc_hd__a21boi_1)
                                         _3271_ (net)
                  0.16    0.00   23.36 v _8042_/A2 (sky130_fd_sc_hd__o21ai_0)
     2    0.01    0.89    0.91   24.27 ^ _8042_/Y (sky130_fd_sc_hd__o21ai_0)
                                         _3289_ (net)
                  0.89    0.00   24.27 ^ _8044_/A2 (sky130_fd_sc_hd__a21oi_1)
     2    0.01    0.16    0.56   24.83 v _8044_/Y (sky130_fd_sc_hd__a21oi_1)
                                         _3291_ (net)
                  0.16    0.00   24.83 v _8065_/A2 (sky130_fd_sc_hd__o21ai_0)
     2    0.01    1.27    1.21   26.04 ^ _8065_/Y (sky130_fd_sc_hd__o21ai_0)
                                         _3310_ (net)
                  1.27    0.00   26.04 ^ _8066_/A2 (sky130_fd_sc_hd__a21boi_1)
     2    0.01    0.19    0.72   26.77 v _8066_/Y (sky130_fd_sc_hd__a21boi_1)
                                         _3311_ (net)
                  0.19    0.00   26.77 v _8081_/A2 (sky130_fd_sc_hd__o21ai_0)
     2    0.01    0.91    0.93   27.70 ^ _8081_/Y (sky130_fd_sc_hd__o21ai_0)
                                         _3324_ (net)
                  0.91    0.00   27.70 ^ _8084_/A2 (sky130_fd_sc_hd__a21boi_0)
     2    0.00    0.21    0.65   28.35 v _8084_/Y (sky130_fd_sc_hd__a21boi_0)
                                         _3327_ (net)
                  0.21    0.00   28.35 v _8102_/A2 (sky130_fd_sc_hd__o21ai_0)
     3    0.01    1.23    1.20   29.55 ^ _8102_/Y (sky130_fd_sc_hd__o21ai_0)
                                         _3343_ (net)
                  1.23    0.00   29.55 ^ _8103_/B (sky130_fd_sc_hd__nand2_1)
     1    0.00    0.18    0.66   30.21 v _8103_/Y (sky130_fd_sc_hd__nand2_1)
                                         _3344_ (net)
                  0.18    0.00   30.21 v _8104_/B (sky130_fd_sc_hd__xnor2_1)
     1    0.00    0.57    0.68   30.89 ^ _8104_/Y (sky130_fd_sc_hd__xnor2_1)
                                         _3345_ (net)
                  0.57    0.00   30.89 ^ _8105_/B (sky130_fd_sc_hd__nor2_1)
     1    0.00    0.10    0.29   31.18 v _8105_/Y (sky130_fd_sc_hd__nor2_1)
                                         _3346_ (net)
                  0.10    0.00   31.18 v _8112_/A1 (sky130_fd_sc_hd__o21ai_0)
     1    0.00    0.37    0.50   31.68 ^ _8112_/Y (sky130_fd_sc_hd__o21ai_0)
                                         _0266_ (net)
                  0.37    0.00   31.68 ^ reg_next_pc[27]$_SDFFE_PN0P_/D (sky130_fd_sc_hd__dfxtp_2)
                                 31.68   data arrival time
-----------------------------------------------------------------------------
(Path is unconstrained)


Startpoint: latched_stalu$_SDFFE_PN0P_ (rising edge-triggered flip-flop)
Endpoint: reg_next_pc[28]$_SDFFE_PN0P_ (rising edge-triggered flip-flop)
Path Group: unconstrained
Path Type: max
Corner: slow

Fanout     Cap    Slew   Delay    Time   Description
-----------------------------------------------------------------------------
                  0.82    0.00    0.00 ^ latched_stalu$_SDFFE_PN0P_/CLK (sky130_fd_sc_hd__dfxtp_2)
    33    0.21    3.82    4.30    4.30 ^ latched_stalu$_SDFFE_PN0P_/Q (sky130_fd_sc_hd__dfxtp_2)
                                         latched_stalu (net)
                  3.82    0.02    4.32 ^ _5678_/S (sky130_fd_sc_hd__mux2i_1)
     2    0.01    0.78    2.34    6.67 ^ _5678_/Y (sky130_fd_sc_hd__mux2i_1)
                                         _1273_ (net)
                  0.78    0.00    6.67 ^ _5680_/A2 (sky130_fd_sc_hd__o21a_1)
     5    0.03    1.05    1.31    7.98 ^ _5680_/X (sky130_fd_sc_hd__o21a_1)
                                         _4165_ (net)
                  1.05    0.01    7.98 ^ _5681_/A (sky130_fd_sc_hd__inv_2)
     3    0.01    0.17    0.52    8.50 v _5681_/Y (sky130_fd_sc_hd__inv_2)
                                         _4133_ (net)
                  0.17    0.00    8.50 v _9163_/B (sky130_fd_sc_hd__ha_1)
     1    0.00    0.17    1.39    9.89 v _9163_/SUM (sky130_fd_sc_hd__ha_1)
                                         _4196_ (net)
                  0.17    0.00    9.89 v _7845_/A2 (sky130_fd_sc_hd__a21o_1)
     1    0.00    0.10    0.72   10.61 v _7845_/X (sky130_fd_sc_hd__a21o_1)
                                         _3109_ (net)
                  0.10    0.00   10.61 v _7846_/A2 (sky130_fd_sc_hd__a21oi_1)
     2    0.01    0.68    0.75   11.36 ^ _7846_/Y (sky130_fd_sc_hd__a21oi_1)
                                         _3110_ (net)
                  0.68    0.00   11.37 ^ _7868_/A2 (sky130_fd_sc_hd__o21ai_0)
     1    0.01    0.23    0.55   11.92 v _7868_/Y (sky130_fd_sc_hd__o21ai_0)
                                         _3130_ (net)
                  0.23    0.00   11.92 v _7869_/A2 (sky130_fd_sc_hd__a21oi_2)
     2    0.01    0.57    0.78   12.70 ^ _7869_/Y (sky130_fd_sc_hd__a21oi_2)
                                         _3131_ (net)
                  0.57    0.00   12.70 ^ _7889_/A2 (sky130_fd_sc_hd__o21ai_0)
     1    0.00    0.17    0.44   13.14 v _7889_/Y (sky130_fd_sc_hd__o21ai_0)
                                         _3149_ (net)
                  0.17    0.00   13.14 v _7890_/A2 (sky130_fd_sc_hd__a21oi_1)
     2    0.01    0.70    0.81   13.95 ^ _7890_/Y (sky130_fd_sc_hd__a21oi_1)
                                         _3150_ (net)
                  0.70    0.00   13.95 ^ _7912_/A2 (sky130_fd_sc_hd__o21ai_0)
     1    0.00    0.15    0.48   14.43 v _7912_/Y (sky130_fd_sc_hd__o21ai_0)
                                         _3170_ (net)
                  0.15    0.00   14.43 v _7913_/A2 (sky130_fd_sc_hd__a21oi_1)
     2    0.01    0.72    0.82   15.25 ^ _7913_/Y (sky130_fd_sc_hd__a21oi_1)
                                         _3171_ (net)
                  0.72    0.00   15.25 ^ _7939_/A2 (sky130_fd_sc_hd__o21ai_0)
     1    0.01    0.25    0.59   15.84 v _7939_/Y (sky130_fd_sc_hd__o21ai_0)
                                         _3195_ (net)
                  0.25    0.00   15.84 v _7940_/A2 (sky130_fd_sc_hd__a21o_4)
     3    0.01    0.11    1.00   16.84 v _7940_/X (sky130_fd_sc_hd__a21o_4)
                                         _3196_ (net)
                  0.11    0.00   16.84 v _7962_/A2 (sky130_fd_sc_hd__a21o_1)
     1    0.00    0.10    0.68   17.53 v _7962_/X (sky130_fd_sc_hd__a21o_1)
                                         _3216_ (net)
                  0.10    0.00   17.53 v _7963_/A2 (sky130_fd_sc_hd__a21o_1)
     3    0.01    0.12    0.70   18.22 v _7963_/X (sky130_fd_sc_hd__a21o_1)
                                         _3217_ (net)
                  0.12    0.00   18.22 v _7987_/A2 (sky130_fd_sc_hd__a21o_1)
     1    0.00    0.10    0.69   18.91 v _7987_/X (sky130_fd_sc_hd__a21o_1)
                                         _3239_ (net)
                  0.10    0.00   18.91 v _7988_/A2 (sky130_fd_sc_hd__a21o_4)
     3    0.01    0.11    0.91   19.83 v _7988_/X (sky130_fd_sc_hd__a21o_4)
                                         _3240_ (net)
                  0.11    0.00   19.83 v _8010_/A2 (sky130_fd_sc_hd__a21o_1)
     1    0.00    0.09    0.67   20.49 v _8010_/X (sky130_fd_sc_hd__a21o_1)
                                         _3260_ (net)
                  0.09    0.00   20.49 v _8011_/A2 (sky130_fd_sc_hd__a21o_1)
     3    0.01    0.12    0.69   21.19 v _8011_/X (sky130_fd_sc_hd__a21o_1)
                                         _3261_ (net)
                  0.12    0.00   21.19 v _8032_/A2 (sky130_fd_sc_hd__a21o_1)
     1    0.01    0.11    0.71   21.89 v _8032_/X (sky130_fd_sc_hd__a21o_1)
                                         _3280_ (net)
                  0.11    0.00   21.89 v _8033_/A2 (sky130_fd_sc_hd__a21o_4)
     3    0.01    0.11    0.91   22.81 v _8033_/X (sky130_fd_sc_hd__a21o_4)
                                         _3281_ (net)
                  0.11    0.00   22.81 v _8055_/A2 (sky130_fd_sc_hd__a21oi_1)
     1    0.01    0.53    0.64   23.45 ^ _8055_/Y (sky130_fd_sc_hd__a21oi_1)
                                         _3301_ (net)
                  0.53    0.00   23.45 ^ _8056_/A2 (sky130_fd_sc_hd__o21bai_2)
     3    0.01    0.17    0.39   23.84 v _8056_/Y (sky130_fd_sc_hd__o21bai_2)
                                         _3302_ (net)
                  0.17    0.00   23.84 v _8072_/A2 (sky130_fd_sc_hd__a21o_4)
     1    0.01    0.11    0.95   24.79 v _8072_/X (sky130_fd_sc_hd__a21o_4)
                                         _3316_ (net)
                  0.11    0.00   24.79 v _8073_/A2 (sky130_fd_sc_hd__a21o_1)
     2    0.01    0.12    0.71   25.50 v _8073_/X (sky130_fd_sc_hd__a21o_1)
                                         _3317_ (net)
                  0.12    0.00   25.50 v _8092_/A2 (sky130_fd_sc_hd__a21o_1)
     1    0.01    0.12    0.71   26.21 v _8092_/X (sky130_fd_sc_hd__a21o_1)
                                         _3334_ (net)
                  0.12    0.00   26.21 v _8093_/A2 (sky130_fd_sc_hd__a21o_4)
     2    0.01    0.12    0.93   27.14 v _8093_/X (sky130_fd_sc_hd__a21o_4)
                                         _3335_ (net)
                  0.12    0.00   27.14 v _8115_/A3 (sky130_fd_sc_hd__a31o_4)
     3    0.01    0.11    1.01   28.15 v _8115_/X (sky130_fd_sc_hd__a31o_4)
                                         _3355_ (net)
                  0.11    0.00   28.15 v _8117_/A_N (sky130_fd_sc_hd__nand2b_1)
     1    0.00    0.11    0.53   28.68 v _8117_/Y (sky130_fd_sc_hd__nand2b_1)
                                         _3357_ (net)
                  0.11    0.00   28.68 v _8122_/A2 (sky130_fd_sc_hd__a31oi_1)
     1    0.00    0.44    0.61   29.28 ^ _8122_/Y (sky130_fd_sc_hd__a31oi_1)
                                         _3362_ (net)
                  0.44    0.00   29.28 ^ _8124_/A2 (sky130_fd_sc_hd__o21ai_0)
     1    0.00    0.11    0.33   29.61 v _8124_/Y (sky130_fd_sc_hd__o21ai_0)
                                         _0267_ (net)
                  0.11    0.00   29.61 v reg_next_pc[28]$_SDFFE_PN0P_/D (sky130_fd_sc_hd__dfxtp_2)
                                 29.61   data arrival time
-----------------------------------------------------------------------------
(Path is unconstrained)


Startpoint: latched_stalu$_SDFFE_PN0P_ (rising edge-triggered flip-flop)
Endpoint: reg_next_pc[25]$_SDFFE_PN0P_ (rising edge-triggered flip-flop)
Path Group: unconstrained
Path Type: max
Corner: slow

Fanout     Cap    Slew   Delay    Time   Description
-----------------------------------------------------------------------------
                  0.82    0.00    0.00 ^ latched_stalu$_SDFFE_PN0P_/CLK (sky130_fd_sc_hd__dfxtp_2)
    33    0.21    3.82    4.30    4.30 ^ latched_stalu$_SDFFE_PN0P_/Q (sky130_fd_sc_hd__dfxtp_2)
                                         latched_stalu (net)
                  3.82    0.02    4.32 ^ _5682_/S (sky130_fd_sc_hd__mux2i_1)
     2    0.01    1.21    2.68    7.00 ^ _5682_/Y (sky130_fd_sc_hd__mux2i_1)
                                         _1275_ (net)
                  1.21    0.00    7.00 ^ _5684_/A2 (sky130_fd_sc_hd__o21a_1)
     4    0.02    0.74    1.26    8.26 ^ _5684_/X (sky130_fd_sc_hd__o21a_1)
                                         _1277_ (net)
                  0.74    0.00    8.26 ^ _5685_/A (sky130_fd_sc_hd__inv_1)
     2    0.01    0.15    0.44    8.70 v _5685_/Y (sky130_fd_sc_hd__inv_1)
                                         _4144_ (net)
                  0.15    0.00    8.70 v _9165_/B (sky130_fd_sc_hd__ha_1)
     3    0.01    0.22    1.47   10.18 v _9165_/SUM (sky130_fd_sc_hd__ha_1)
                                         _4200_ (net)
                  0.22    0.00   10.18 v _7858_/B_N (sky130_fd_sc_hd__nor2b_1)
     1    0.00    0.08    0.55   10.72 v _7858_/Y (sky130_fd_sc_hd__nor2b_1)
                                         _3121_ (net)
                  0.08    0.00   10.72 v _7859_/A2 (sky130_fd_sc_hd__o21ai_0)
     2    0.01    1.03    0.97   11.69 ^ _7859_/Y (sky130_fd_sc_hd__o21ai_0)
                                         _3122_ (net)
                  1.03    0.00   11.70 ^ _7862_/A2 (sky130_fd_sc_hd__a21boi_2)
     2    0.01    0.14    0.56   12.26 v _7862_/Y (sky130_fd_sc_hd__a21boi_2)
                                         _3125_ (net)
                  0.14    0.00   12.26 v _7880_/A2 (sky130_fd_sc_hd__o21ai_0)
     2    0.01    1.03    1.00   13.26 ^ _7880_/Y (sky130_fd_sc_hd__o21ai_0)
                                         _3141_ (net)
                  1.03    0.00   13.26 ^ _7883_/A2 (sky130_fd_sc_hd__a21boi_1)
     2    0.01    0.18    0.63   13.89 v _7883_/Y (sky130_fd_sc_hd__a21boi_1)
                                         _3144_ (net)
                  0.18    0.00   13.89 v _7899_/A2 (sky130_fd_sc_hd__o21ai_0)
     2    0.01    0.85    0.89   14.78 ^ _7899_/Y (sky130_fd_sc_hd__o21ai_0)
                                         _3158_ (net)
                  0.85    0.00   14.78 ^ _7900_/A2 (sky130_fd_sc_hd__a21boi_0)
     2    0.00    0.21    0.61   15.40 v _7900_/Y (sky130_fd_sc_hd__a21boi_0)
                                         _3159_ (net)
                  0.21    0.00   15.40 v _7923_/A2 (sky130_fd_sc_hd__o21ai_0)
     2    0.01    1.09    1.09   16.49 ^ _7923_/Y (sky130_fd_sc_hd__o21ai_0)
                                         _3180_ (net)
                  1.09    0.00   16.49 ^ _7924_/A2 (sky130_fd_sc_hd__a21boi_2)
     2    0.01    0.14    0.59   17.08 v _7924_/Y (sky130_fd_sc_hd__a21boi_2)
                                         _3181_ (net)
                  0.14    0.00   17.08 v _7947_/A2 (sky130_fd_sc_hd__o21ai_0)
     2    0.01    1.02    1.00   18.08 ^ _7947_/Y (sky130_fd_sc_hd__o21ai_0)
                                         _3202_ (net)
                  1.02    0.00   18.08 ^ _7948_/A2 (sky130_fd_sc_hd__a21boi_0)
     2    0.00    0.22    0.70   18.78 v _7948_/Y (sky130_fd_sc_hd__a21boi_0)
                                         _3203_ (net)
                  0.22    0.00   18.78 v _7975_/A2 (sky130_fd_sc_hd__o21ai_0)
     2    0.01    1.07    1.09   19.87 ^ _7975_/Y (sky130_fd_sc_hd__o21ai_0)
                                         _3228_ (net)
                  1.07    0.00   19.87 ^ _7976_/A2 (sky130_fd_sc_hd__a21boi_2)
     2    0.01    0.13    0.57   20.44 v _7976_/Y (sky130_fd_sc_hd__a21boi_2)
                                         _3229_ (net)
                  0.13    0.00   20.44 v _7999_/A2 (sky130_fd_sc_hd__o21ai_0)
     2    0.00    0.75    0.79   21.22 ^ _7999_/Y (sky130_fd_sc_hd__o21ai_0)
                                         _3250_ (net)
                  0.75    0.00   21.22 ^ _8000_/A2 (sky130_fd_sc_hd__a21boi_0)
     2    0.00    0.20    0.56   21.79 v _8000_/Y (sky130_fd_sc_hd__a21boi_0)
                                         _3251_ (net)
                  0.20    0.00   21.79 v _8021_/A2 (sky130_fd_sc_hd__o21ai_0)
     2    0.01    0.95    0.98   22.77 ^ _8021_/Y (sky130_fd_sc_hd__o21ai_0)
                                         _3270_ (net)
                  0.95    0.00   22.77 ^ _8022_/A2 (sky130_fd_sc_hd__a21boi_1)
     2    0.00    0.16    0.59   23.36 v _8022_/Y (sky130_fd_sc_hd__a21boi_1)
                                         _3271_ (net)
                  0.16    0.00   23.36 v _8042_/A2 (sky130_fd_sc_hd__o21ai_0)
     2    0.01    0.89    0.91   24.27 ^ _8042_/Y (sky130_fd_sc_hd__o21ai_0)
                                         _3289_ (net)
                  0.89    0.00   24.27 ^ _8044_/A2 (sky130_fd_sc_hd__a21oi_1)
     2    0.01    0.16    0.56   24.83 v _8044_/Y (sky130_fd_sc_hd__a21oi_1)
                                         _3291_ (net)
                  0.16    0.00   24.83 v _8065_/A2 (sky130_fd_sc_hd__o21ai_0)
     2    0.01    1.27    1.21   26.04 ^ _8065_/Y (sky130_fd_sc_hd__o21ai_0)
                                         _3310_ (net)
                  1.27    0.00   26.04 ^ _8066_/A2 (sky130_fd_sc_hd__a21boi_1)
     2    0.01    0.19    0.72   26.77 v _8066_/Y (sky130_fd_sc_hd__a21boi_1)
                                         _3311_ (net)
                  0.19    0.00   26.77 v _8081_/A2 (sky130_fd_sc_hd__o21ai_0)
     2    0.01    0.91    0.93   27.70 ^ _8081_/Y (sky130_fd_sc_hd__o21ai_0)
                                         _3324_ (net)
                  0.91    0.00   27.70 ^ _8084_/A2 (sky130_fd_sc_hd__a21boi_0)
     2    0.00    0.21    0.65   28.35 v _8084_/Y (sky130_fd_sc_hd__a21boi_0)
                                         _3327_ (net)
                  0.21    0.00   28.35 v _8085_/A2 (sky130_fd_sc_hd__o21a_1)
     1    0.00    0.09    0.75   29.10 v _8085_/X (sky130_fd_sc_hd__o21a_1)
                                         _3328_ (net)
                  0.09    0.00   29.10 v _8090_/A1 (sky130_fd_sc_hd__o21ai_0)
     1    0.00    0.36    0.48   29.58 ^ _8090_/Y (sky130_fd_sc_hd__o21ai_0)
                                         _0264_ (net)
                  0.36    0.00   29.58 ^ reg_next_pc[25]$_SDFFE_PN0P_/D (sky130_fd_sc_hd__dfxtp_2)
                                 29.58   data arrival time
-----------------------------------------------------------------------------
(Path is unconstrained)


Startpoint: latched_stalu$_SDFFE_PN0P_ (rising edge-triggered flip-flop)
Endpoint: reg_next_pc[26]$_SDFFE_PN0P_ (rising edge-triggered flip-flop)
Path Group: unconstrained
Path Type: max
Corner: slow

Fanout     Cap    Slew   Delay    Time   Description
-----------------------------------------------------------------------------
                  0.82    0.00    0.00 ^ latched_stalu$_SDFFE_PN0P_/CLK (sky130_fd_sc_hd__dfxtp_2)
    33    0.21    3.82    4.30    4.30 ^ latched_stalu$_SDFFE_PN0P_/Q (sky130_fd_sc_hd__dfxtp_2)
                                         latched_stalu (net)
                  3.82    0.02    4.32 ^ _5678_/S (sky130_fd_sc_hd__mux2i_1)
     2    0.01    0.78    2.34    6.67 ^ _5678_/Y (sky130_fd_sc_hd__mux2i_1)
                                         _1273_ (net)
                  0.78    0.00    6.67 ^ _5680_/A2 (sky130_fd_sc_hd__o21a_1)
     5    0.03    1.05    1.31    7.98 ^ _5680_/X (sky130_fd_sc_hd__o21a_1)
                                         _4165_ (net)
                  1.05    0.01    7.98 ^ _5681_/A (sky130_fd_sc_hd__inv_2)
     3    0.01    0.17    0.52    8.50 v _5681_/Y (sky130_fd_sc_hd__inv_2)
                                         _4133_ (net)
                  0.17    0.00    8.50 v _9163_/B (sky130_fd_sc_hd__ha_1)
     1    0.00    0.17    1.39    9.89 v _9163_/SUM (sky130_fd_sc_hd__ha_1)
                                         _4196_ (net)
                  0.17    0.00    9.89 v _7845_/A2 (sky130_fd_sc_hd__a21o_1)
     1    0.00    0.10    0.72   10.61 v _7845_/X (sky130_fd_sc_hd__a21o_1)
                                         _3109_ (net)
                  0.10    0.00   10.61 v _7846_/A2 (sky130_fd_sc_hd__a21oi_1)
     2    0.01    0.68    0.75   11.36 ^ _7846_/Y (sky130_fd_sc_hd__a21oi_1)
                                         _3110_ (net)
                  0.68    0.00   11.37 ^ _7868_/A2 (sky130_fd_sc_hd__o21ai_0)
     1    0.01    0.23    0.55   11.92 v _7868_/Y (sky130_fd_sc_hd__o21ai_0)
                                         _3130_ (net)
                  0.23    0.00   11.92 v _7869_/A2 (sky130_fd_sc_hd__a21oi_2)
     2    0.01    0.57    0.78   12.70 ^ _7869_/Y (sky130_fd_sc_hd__a21oi_2)
                                         _3131_ (net)
                  0.57    0.00   12.70 ^ _7889_/A2 (sky130_fd_sc_hd__o21ai_0)
     1    0.00    0.17    0.44   13.14 v _7889_/Y (sky130_fd_sc_hd__o21ai_0)
                                         _3149_ (net)
                  0.17    0.00   13.14 v _7890_/A2 (sky130_fd_sc_hd__a21oi_1)
     2    0.01    0.70    0.81   13.95 ^ _7890_/Y (sky130_fd_sc_hd__a21oi_1)
                                         _3150_ (net)
                  0.70    0.00   13.95 ^ _7912_/A2 (sky130_fd_sc_hd__o21ai_0)
     1    0.00    0.15    0.48   14.43 v _7912_/Y (sky130_fd_sc_hd__o21ai_0)
                                         _3170_ (net)
                  0.15    0.00   14.43 v _7913_/A2 (sky130_fd_sc_hd__a21oi_1)
     2    0.01    0.72    0.82   15.25 ^ _7913_/Y (sky130_fd_sc_hd__a21oi_1)
                                         _3171_ (net)
                  0.72    0.00   15.25 ^ _7939_/A2 (sky130_fd_sc_hd__o21ai_0)
     1    0.01    0.25    0.59   15.84 v _7939_/Y (sky130_fd_sc_hd__o21ai_0)
                                         _3195_ (net)
                  0.25    0.00   15.84 v _7940_/A2 (sky130_fd_sc_hd__a21o_4)
     3    0.01    0.11    1.00   16.84 v _7940_/X (sky130_fd_sc_hd__a21o_4)
                                         _3196_ (net)
                  0.11    0.00   16.84 v _7962_/A2 (sky130_fd_sc_hd__a21o_1)
     1    0.00    0.10    0.68   17.53 v _7962_/X (sky130_fd_sc_hd__a21o_1)
                                         _3216_ (net)
                  0.10    0.00   17.53 v _7963_/A2 (sky130_fd_sc_hd__a21o_1)
     3    0.01    0.12    0.70   18.22 v _7963_/X (sky130_fd_sc_hd__a21o_1)
                                         _3217_ (net)
                  0.12    0.00   18.22 v _7987_/A2 (sky130_fd_sc_hd__a21o_1)
     1    0.00    0.10    0.69   18.91 v _7987_/X (sky130_fd_sc_hd__a21o_1)
                                         _3239_ (net)
                  0.10    0.00   18.91 v _7988_/A2 (sky130_fd_sc_hd__a21o_4)
     3    0.01    0.11    0.91   19.83 v _7988_/X (sky130_fd_sc_hd__a21o_4)
                                         _3240_ (net)
                  0.11    0.00   19.83 v _8010_/A2 (sky130_fd_sc_hd__a21o_1)
     1    0.00    0.09    0.67   20.49 v _8010_/X (sky130_fd_sc_hd__a21o_1)
                                         _3260_ (net)
                  0.09    0.00   20.49 v _8011_/A2 (sky130_fd_sc_hd__a21o_1)
     3    0.01    0.12    0.69   21.19 v _8011_/X (sky130_fd_sc_hd__a21o_1)
                                         _3261_ (net)
                  0.12    0.00   21.19 v _8032_/A2 (sky130_fd_sc_hd__a21o_1)
     1    0.01    0.11    0.71   21.89 v _8032_/X (sky130_fd_sc_hd__a21o_1)
                                         _3280_ (net)
                  0.11    0.00   21.89 v _8033_/A2 (sky130_fd_sc_hd__a21o_4)
     3    0.01    0.11    0.91   22.81 v _8033_/X (sky130_fd_sc_hd__a21o_4)
                                         _3281_ (net)
                  0.11    0.00   22.81 v _8055_/A2 (sky130_fd_sc_hd__a21oi_1)
     1    0.01    0.53    0.64   23.45 ^ _8055_/Y (sky130_fd_sc_hd__a21oi_1)
                                         _3301_ (net)
                  0.53    0.00   23.45 ^ _8056_/A2 (sky130_fd_sc_hd__o21bai_2)
     3    0.01    0.17    0.39   23.84 v _8056_/Y (sky130_fd_sc_hd__o21bai_2)
                                         _3302_ (net)
                  0.17    0.00   23.84 v _8072_/A2 (sky130_fd_sc_hd__a21o_4)
     1    0.01    0.11    0.95   24.79 v _8072_/X (sky130_fd_sc_hd__a21o_4)
                                         _3316_ (net)
                  0.11    0.00   24.79 v _8073_/A2 (sky130_fd_sc_hd__a21o_1)
     2    0.01    0.12    0.71   25.50 v _8073_/X (sky130_fd_sc_hd__a21o_1)
                                         _3317_ (net)
                  0.12    0.00   25.50 v _8092_/A2 (sky130_fd_sc_hd__a21o_1)
     1    0.01    0.12    0.71   26.21 v _8092_/X (sky130_fd_sc_hd__a21o_1)
                                         _3334_ (net)
                  0.12    0.00   26.21 v _8093_/A2 (sky130_fd_sc_hd__a21o_4)
     2    0.01    0.12    0.93   27.14 v _8093_/X (sky130_fd_sc_hd__a21o_4)
                                         _3335_ (net)
                  0.12    0.00   27.14 v _8094_/B (sky130_fd_sc_hd__xnor2_1)
     1    0.00    0.46    0.55   27.70 ^ _8094_/Y (sky130_fd_sc_hd__xnor2_1)
                                         _3336_ (net)
                  0.46    0.00   27.70 ^ _8098_/A2 (sky130_fd_sc_hd__a22oi_1)
     1    0.00    0.29    0.38   28.08 v _8098_/Y (sky130_fd_sc_hd__a22oi_1)
                                         _3340_ (net)
                  0.29    0.00   28.08 v _8099_/B2 (sky130_fd_sc_hd__a22o_1)
     1    0.00    0.09    0.88   28.96 v _8099_/X (sky130_fd_sc_hd__a22o_1)
                                         _0265_ (net)
                  0.09    0.00   28.96 v reg_next_pc[26]$_SDFFE_PN0P_/D (sky130_fd_sc_hd__dfxtp_2)
                                 28.96   data arrival time
-----------------------------------------------------------------------------
(Path is unconstrained)


Startpoint: latched_stalu$_SDFFE_PN0P_ (rising edge-triggered flip-flop)
Endpoint: reg_next_pc[23]$_SDFFE_PN0P_ (rising edge-triggered flip-flop)
Path Group: unconstrained
Path Type: max
Corner: slow

Fanout     Cap    Slew   Delay    Time   Description
-----------------------------------------------------------------------------
                  0.82    0.00    0.00 ^ latched_stalu$_SDFFE_PN0P_/CLK (sky130_fd_sc_hd__dfxtp_2)
    33    0.21    3.82    4.30    4.30 ^ latched_stalu$_SDFFE_PN0P_/Q (sky130_fd_sc_hd__dfxtp_2)
                                         latched_stalu (net)
                  3.82    0.02    4.32 ^ _5682_/S (sky130_fd_sc_hd__mux2i_1)
     2    0.01    1.21    2.68    7.00 ^ _5682_/Y (sky130_fd_sc_hd__mux2i_1)
                                         _1275_ (net)
                  1.21    0.00    7.00 ^ _5684_/A2 (sky130_fd_sc_hd__o21a_1)
     4    0.02    0.74    1.26    8.26 ^ _5684_/X (sky130_fd_sc_hd__o21a_1)
                                         _1277_ (net)
                  0.74    0.00    8.26 ^ _5685_/A (sky130_fd_sc_hd__inv_1)
     2    0.01    0.15    0.44    8.70 v _5685_/Y (sky130_fd_sc_hd__inv_1)
                                         _4144_ (net)
                  0.15    0.00    8.70 v _9165_/B (sky130_fd_sc_hd__ha_1)
     3    0.01    0.22    1.47   10.18 v _9165_/SUM (sky130_fd_sc_hd__ha_1)
                                         _4200_ (net)
                  0.22    0.00   10.18 v _7858_/B_N (sky130_fd_sc_hd__nor2b_1)
     1    0.00    0.08    0.55   10.72 v _7858_/Y (sky130_fd_sc_hd__nor2b_1)
                                         _3121_ (net)
                  0.08    0.00   10.72 v _7859_/A2 (sky130_fd_sc_hd__o21ai_0)
     2    0.01    1.03    0.97   11.69 ^ _7859_/Y (sky130_fd_sc_hd__o21ai_0)
                                         _3122_ (net)
                  1.03    0.00   11.70 ^ _7862_/A2 (sky130_fd_sc_hd__a21boi_2)
     2    0.01    0.14    0.56   12.26 v _7862_/Y (sky130_fd_sc_hd__a21boi_2)
                                         _3125_ (net)
                  0.14    0.00   12.26 v _7880_/A2 (sky130_fd_sc_hd__o21ai_0)
     2    0.01    1.03    1.00   13.26 ^ _7880_/Y (sky130_fd_sc_hd__o21ai_0)
                                         _3141_ (net)
                  1.03    0.00   13.26 ^ _7883_/A2 (sky130_fd_sc_hd__a21boi_1)
     2    0.01    0.18    0.63   13.89 v _7883_/Y (sky130_fd_sc_hd__a21boi_1)
                                         _3144_ (net)
                  0.18    0.00   13.89 v _7899_/A2 (sky130_fd_sc_hd__o21ai_0)
     2    0.01    0.85    0.89   14.78 ^ _7899_/Y (sky130_fd_sc_hd__o21ai_0)
                                         _3158_ (net)
                  0.85    0.00   14.78 ^ _7900_/A2 (sky130_fd_sc_hd__a21boi_0)
     2    0.00    0.21    0.61   15.40 v _7900_/Y (sky130_fd_sc_hd__a21boi_0)
                                         _3159_ (net)
                  0.21    0.00   15.40 v _7923_/A2 (sky130_fd_sc_hd__o21ai_0)
     2    0.01    1.09    1.09   16.49 ^ _7923_/Y (sky130_fd_sc_hd__o21ai_0)
                                         _3180_ (net)
                  1.09    0.00   16.49 ^ _7924_/A2 (sky130_fd_sc_hd__a21boi_2)
     2    0.01    0.14    0.59   17.08 v _7924_/Y (sky130_fd_sc_hd__a21boi_2)
                                         _3181_ (net)
                  0.14    0.00   17.08 v _7947_/A2 (sky130_fd_sc_hd__o21ai_0)
     2    0.01    1.02    1.00   18.08 ^ _7947_/Y (sky130_fd_sc_hd__o21ai_0)
                                         _3202_ (net)
                  1.02    0.00   18.08 ^ _7948_/A2 (sky130_fd_sc_hd__a21boi_0)
     2    0.00    0.22    0.70   18.78 v _7948_/Y (sky130_fd_sc_hd__a21boi_0)
                                         _3203_ (net)
                  0.22    0.00   18.78 v _7975_/A2 (sky130_fd_sc_hd__o21ai_0)
     2    0.01    1.07    1.09   19.87 ^ _7975_/Y (sky130_fd_sc_hd__o21ai_0)
                                         _3228_ (net)
                  1.07    0.00   19.87 ^ _7976_/A2 (sky130_fd_sc_hd__a21boi_2)
     2    0.01    0.13    0.57   20.44 v _7976_/Y (sky130_fd_sc_hd__a21boi_2)
                                         _3229_ (net)
                  0.13    0.00   20.44 v _7999_/A2 (sky130_fd_sc_hd__o21ai_0)
     2    0.00    0.75    0.79   21.22 ^ _7999_/Y (sky130_fd_sc_hd__o21ai_0)
                                         _3250_ (net)
                  0.75    0.00   21.22 ^ _8000_/A2 (sky130_fd_sc_hd__a21boi_0)
     2    0.00    0.20    0.56   21.79 v _8000_/Y (sky130_fd_sc_hd__a21boi_0)
                                         _3251_ (net)
                  0.20    0.00   21.79 v _8021_/A2 (sky130_fd_sc_hd__o21ai_0)
     2    0.01    0.95    0.98   22.77 ^ _8021_/Y (sky130_fd_sc_hd__o21ai_0)
                                         _3270_ (net)
                  0.95    0.00   22.77 ^ _8022_/A2 (sky130_fd_sc_hd__a21boi_1)
     2    0.00    0.16    0.59   23.36 v _8022_/Y (sky130_fd_sc_hd__a21boi_1)
                                         _3271_ (net)
                  0.16    0.00   23.36 v _8042_/A2 (sky130_fd_sc_hd__o21ai_0)
     2    0.01    0.89    0.91   24.27 ^ _8042_/Y (sky130_fd_sc_hd__o21ai_0)
                                         _3289_ (net)
                  0.89    0.00   24.27 ^ _8044_/A2 (sky130_fd_sc_hd__a21oi_1)
     2    0.01    0.16    0.56   24.83 v _8044_/Y (sky130_fd_sc_hd__a21oi_1)
                                         _3291_ (net)
                  0.16    0.00   24.83 v _8065_/A2 (sky130_fd_sc_hd__o21ai_0)
     2    0.01    1.27    1.21   26.04 ^ _8065_/Y (sky130_fd_sc_hd__o21ai_0)
                                         _3310_ (net)
                  1.27    0.00   26.04 ^ _8067_/B (sky130_fd_sc_hd__nand2_1)
     1    0.00    0.14    0.61   26.65 v _8067_/Y (sky130_fd_sc_hd__nand2_1)
                                         _3312_ (net)
                  0.14    0.00   26.65 v _8068_/A2 (sky130_fd_sc_hd__o21ai_0)
     1    0.00    0.46    0.56   27.21 ^ _8068_/Y (sky130_fd_sc_hd__o21ai_0)
                                         _3313_ (net)
                  0.46    0.00   27.21 ^ _8069_/B2 (sky130_fd_sc_hd__o221ai_1)
     1    0.00    0.41    0.38   27.60 v _8069_/Y (sky130_fd_sc_hd__o221ai_1)
                                         _3314_ (net)
                  0.41    0.00   27.60 v _8070_/B1 (sky130_fd_sc_hd__o21ai_0)
     1    0.00    0.47    0.42   28.01 ^ _8070_/Y (sky130_fd_sc_hd__o21ai_0)
                                         _3315_ (net)
                  0.47    0.00   28.01 ^ _8071_/B (sky130_fd_sc_hd__nand2_1)
     1    0.00    0.08    0.29   28.31 v _8071_/Y (sky130_fd_sc_hd__nand2_1)
                                         _0262_ (net)
                  0.08    0.00   28.31 v reg_next_pc[23]$_SDFFE_PN0P_/D (sky130_fd_sc_hd__dfxtp_2)
                                 28.31   data arrival time
-----------------------------------------------------------------------------
(Path is unconstrained)


Startpoint: latched_stalu$_SDFFE_PN0P_ (rising edge-triggered flip-flop)
Endpoint: reg_next_pc[24]$_SDFFE_PN0P_ (rising edge-triggered flip-flop)
Path Group: unconstrained
Path Type: max
Corner: slow

Fanout     Cap    Slew   Delay    Time   Description
-----------------------------------------------------------------------------
                  0.82    0.00    0.00 ^ latched_stalu$_SDFFE_PN0P_/CLK (sky130_fd_sc_hd__dfxtp_2)
    33    0.21    3.82    4.30    4.30 ^ latched_stalu$_SDFFE_PN0P_/Q (sky130_fd_sc_hd__dfxtp_2)
                                         latched_stalu (net)
                  3.82    0.02    4.32 ^ _5678_/S (sky130_fd_sc_hd__mux2i_1)
     2    0.01    0.78    2.34    6.67 ^ _5678_/Y (sky130_fd_sc_hd__mux2i_1)
                                         _1273_ (net)
                  0.78    0.00    6.67 ^ _5680_/A2 (sky130_fd_sc_hd__o21a_1)
     5    0.03    1.05    1.31    7.98 ^ _5680_/X (sky130_fd_sc_hd__o21a_1)
                                         _4165_ (net)
                  1.05    0.01    7.98 ^ _5681_/A (sky130_fd_sc_hd__inv_2)
     3    0.01    0.17    0.52    8.50 v _5681_/Y (sky130_fd_sc_hd__inv_2)
                                         _4133_ (net)
                  0.17    0.00    8.50 v _9163_/B (sky130_fd_sc_hd__ha_1)
     1    0.00    0.17    1.39    9.89 v _9163_/SUM (sky130_fd_sc_hd__ha_1)
                                         _4196_ (net)
                  0.17    0.00    9.89 v _7845_/A2 (sky130_fd_sc_hd__a21o_1)
     1    0.00    0.10    0.72   10.61 v _7845_/X (sky130_fd_sc_hd__a21o_1)
                                         _3109_ (net)
                  0.10    0.00   10.61 v _7846_/A2 (sky130_fd_sc_hd__a21oi_1)
     2    0.01    0.68    0.75   11.36 ^ _7846_/Y (sky130_fd_sc_hd__a21oi_1)
                                         _3110_ (net)
                  0.68    0.00   11.37 ^ _7868_/A2 (sky130_fd_sc_hd__o21ai_0)
     1    0.01    0.23    0.55   11.92 v _7868_/Y (sky130_fd_sc_hd__o21ai_0)
                                         _3130_ (net)
                  0.23    0.00   11.92 v _7869_/A2 (sky130_fd_sc_hd__a21oi_2)
     2    0.01    0.57    0.78   12.70 ^ _7869_/Y (sky130_fd_sc_hd__a21oi_2)
                                         _3131_ (net)
                  0.57    0.00   12.70 ^ _7889_/A2 (sky130_fd_sc_hd__o21ai_0)
     1    0.00    0.17    0.44   13.14 v _7889_/Y (sky130_fd_sc_hd__o21ai_0)
                                         _3149_ (net)
                  0.17    0.00   13.14 v _7890_/A2 (sky130_fd_sc_hd__a21oi_1)
     2    0.01    0.70    0.81   13.95 ^ _7890_/Y (sky130_fd_sc_hd__a21oi_1)
                                         _3150_ (net)
                  0.70    0.00   13.95 ^ _7912_/A2 (sky130_fd_sc_hd__o21ai_0)
     1    0.00    0.15    0.48   14.43 v _7912_/Y (sky130_fd_sc_hd__o21ai_0)
                                         _3170_ (net)
                  0.15    0.00   14.43 v _7913_/A2 (sky130_fd_sc_hd__a21oi_1)
     2    0.01    0.72    0.82   15.25 ^ _7913_/Y (sky130_fd_sc_hd__a21oi_1)
                                         _3171_ (net)
                  0.72    0.00   15.25 ^ _7939_/A2 (sky130_fd_sc_hd__o21ai_0)
     1    0.01    0.25    0.59   15.84 v _7939_/Y (sky130_fd_sc_hd__o21ai_0)
                                         _3195_ (net)
                  0.25    0.00   15.84 v _7940_/A2 (sky130_fd_sc_hd__a21o_4)
     3    0.01    0.11    1.00   16.84 v _7940_/X (sky130_fd_sc_hd__a21o_4)
                                         _3196_ (net)
                  0.11    0.00   16.84 v _7962_/A2 (sky130_fd_sc_hd__a21o_1)
     1    0.00    0.10    0.68   17.53 v _7962_/X (sky130_fd_sc_hd__a21o_1)
                                         _3216_ (net)
                  0.10    0.00   17.53 v _7963_/A2 (sky130_fd_sc_hd__a21o_1)
     3    0.01    0.12    0.70   18.22 v _7963_/X (sky130_fd_sc_hd__a21o_1)
                                         _3217_ (net)
                  0.12    0.00   18.22 v _7987_/A2 (sky130_fd_sc_hd__a21o_1)
     1    0.00    0.10    0.69   18.91 v _7987_/X (sky130_fd_sc_hd__a21o_1)
                                         _3239_ (net)
                  0.10    0.00   18.91 v _7988_/A2 (sky130_fd_sc_hd__a21o_4)
     3    0.01    0.11    0.91   19.83 v _7988_/X (sky130_fd_sc_hd__a21o_4)
                                         _3240_ (net)
                  0.11    0.00   19.83 v _8010_/A2 (sky130_fd_sc_hd__a21o_1)
     1    0.00    0.09    0.67   20.49 v _8010_/X (sky130_fd_sc_hd__a21o_1)
                                         _3260_ (net)
                  0.09    0.00   20.49 v _8011_/A2 (sky130_fd_sc_hd__a21o_1)
     3    0.01    0.12    0.69   21.19 v _8011_/X (sky130_fd_sc_hd__a21o_1)
                                         _3261_ (net)
                  0.12    0.00   21.19 v _8032_/A2 (sky130_fd_sc_hd__a21o_1)
     1    0.01    0.11    0.71   21.89 v _8032_/X (sky130_fd_sc_hd__a21o_1)
                                         _3280_ (net)
                  0.11    0.00   21.89 v _8033_/A2 (sky130_fd_sc_hd__a21o_4)
     3    0.01    0.11    0.91   22.81 v _8033_/X (sky130_fd_sc_hd__a21o_4)
                                         _3281_ (net)
                  0.11    0.00   22.81 v _8055_/A2 (sky130_fd_sc_hd__a21oi_1)
     1    0.01    0.53    0.64   23.45 ^ _8055_/Y (sky130_fd_sc_hd__a21oi_1)
                                         _3301_ (net)
                  0.53    0.00   23.45 ^ _8056_/A2 (sky130_fd_sc_hd__o21bai_2)
     3    0.01    0.17    0.39   23.84 v _8056_/Y (sky130_fd_sc_hd__o21bai_2)
                                         _3302_ (net)
                  0.17    0.00   23.84 v _8072_/A2 (sky130_fd_sc_hd__a21o_4)
     1    0.01    0.11    0.95   24.79 v _8072_/X (sky130_fd_sc_hd__a21o_4)
                                         _3316_ (net)
                  0.11    0.00   24.79 v _8073_/A2 (sky130_fd_sc_hd__a21o_1)
     2    0.01    0.12    0.71   25.50 v _8073_/X (sky130_fd_sc_hd__a21o_1)
                                         _3317_ (net)
                  0.12    0.00   25.50 v _8074_/B (sky130_fd_sc_hd__xnor2_1)
     1    0.00    0.44    0.54   26.04 ^ _8074_/Y (sky130_fd_sc_hd__xnor2_1)
                                         _3318_ (net)
                  0.44    0.00   26.04 ^ _8078_/A2 (sky130_fd_sc_hd__a21oi_1)
     1    0.00    0.25    0.32   26.35 v _8078_/Y (sky130_fd_sc_hd__a21oi_1)
                                         _3322_ (net)
                  0.25    0.00   26.36 v _8079_/B1 (sky130_fd_sc_hd__a21o_1)
     1    0.00    0.07    0.66   27.02 v _8079_/X (sky130_fd_sc_hd__a21o_1)
                                         _0263_ (net)
                  0.07    0.00   27.02 v reg_next_pc[24]$_SDFFE_PN0P_/D (sky130_fd_sc_hd__dfxtp_2)
                                 27.02   data arrival time
-----------------------------------------------------------------------------
(Path is unconstrained)


Startpoint: latched_stalu$_SDFFE_PN0P_ (rising edge-triggered flip-flop)
Endpoint: reg_next_pc[21]$_SDFFE_PN0P_ (rising edge-triggered flip-flop)
Path Group: unconstrained
Path Type: max
Corner: slow

Fanout     Cap    Slew   Delay    Time   Description
-----------------------------------------------------------------------------
                  0.82    0.00    0.00 ^ latched_stalu$_SDFFE_PN0P_/CLK (sky130_fd_sc_hd__dfxtp_2)
    33    0.21    3.82    4.30    4.30 ^ latched_stalu$_SDFFE_PN0P_/Q (sky130_fd_sc_hd__dfxtp_2)
                                         latched_stalu (net)
                  3.82    0.02    4.32 ^ _5682_/S (sky130_fd_sc_hd__mux2i_1)
     2    0.01    1.21    2.68    7.00 ^ _5682_/Y (sky130_fd_sc_hd__mux2i_1)
                                         _1275_ (net)
                  1.21    0.00    7.00 ^ _5684_/A2 (sky130_fd_sc_hd__o21a_1)
     4    0.02    0.74    1.26    8.26 ^ _5684_/X (sky130_fd_sc_hd__o21a_1)
                                         _1277_ (net)
                  0.74    0.00    8.26 ^ _5685_/A (sky130_fd_sc_hd__inv_1)
     2    0.01    0.15    0.44    8.70 v _5685_/Y (sky130_fd_sc_hd__inv_1)
                                         _4144_ (net)
                  0.15    0.00    8.70 v _9165_/B (sky130_fd_sc_hd__ha_1)
     3    0.01    0.22    1.47   10.18 v _9165_/SUM (sky130_fd_sc_hd__ha_1)
                                         _4200_ (net)
                  0.22    0.00   10.18 v _7858_/B_N (sky130_fd_sc_hd__nor2b_1)
     1    0.00    0.08    0.55   10.72 v _7858_/Y (sky130_fd_sc_hd__nor2b_1)
                                         _3121_ (net)
                  0.08    0.00   10.72 v _7859_/A2 (sky130_fd_sc_hd__o21ai_0)
     2    0.01    1.03    0.97   11.69 ^ _7859_/Y (sky130_fd_sc_hd__o21ai_0)
                                         _3122_ (net)
                  1.03    0.00   11.70 ^ _7862_/A2 (sky130_fd_sc_hd__a21boi_2)
     2    0.01    0.14    0.56   12.26 v _7862_/Y (sky130_fd_sc_hd__a21boi_2)
                                         _3125_ (net)
                  0.14    0.00   12.26 v _7880_/A2 (sky130_fd_sc_hd__o21ai_0)
     2    0.01    1.03    1.00   13.26 ^ _7880_/Y (sky130_fd_sc_hd__o21ai_0)
                                         _3141_ (net)
                  1.03    0.00   13.26 ^ _7883_/A2 (sky130_fd_sc_hd__a21boi_1)
     2    0.01    0.18    0.63   13.89 v _7883_/Y (sky130_fd_sc_hd__a21boi_1)
                                         _3144_ (net)
                  0.18    0.00   13.89 v _7899_/A2 (sky130_fd_sc_hd__o21ai_0)
     2    0.01    0.85    0.89   14.78 ^ _7899_/Y (sky130_fd_sc_hd__o21ai_0)
                                         _3158_ (net)
                  0.85    0.00   14.78 ^ _7900_/A2 (sky130_fd_sc_hd__a21boi_0)
     2    0.00    0.21    0.61   15.40 v _7900_/Y (sky130_fd_sc_hd__a21boi_0)
                                         _3159_ (net)
                  0.21    0.00   15.40 v _7923_/A2 (sky130_fd_sc_hd__o21ai_0)
     2    0.01    1.09    1.09   16.49 ^ _7923_/Y (sky130_fd_sc_hd__o21ai_0)
                                         _3180_ (net)
                  1.09    0.00   16.49 ^ _7924_/A2 (sky130_fd_sc_hd__a21boi_2)
     2    0.01    0.14    0.59   17.08 v _7924_/Y (sky130_fd_sc_hd__a21boi_2)
                                         _3181_ (net)
                  0.14    0.00   17.08 v _7947_/A2 (sky130_fd_sc_hd__o21ai_0)
     2    0.01    1.02    1.00   18.08 ^ _7947_/Y (sky130_fd_sc_hd__o21ai_0)
                                         _3202_ (net)
                  1.02    0.00   18.08 ^ _7948_/A2 (sky130_fd_sc_hd__a21boi_0)
     2    0.00    0.22    0.70   18.78 v _7948_/Y (sky130_fd_sc_hd__a21boi_0)
                                         _3203_ (net)
                  0.22    0.00   18.78 v _7975_/A2 (sky130_fd_sc_hd__o21ai_0)
     2    0.01    1.07    1.09   19.87 ^ _7975_/Y (sky130_fd_sc_hd__o21ai_0)
                                         _3228_ (net)
                  1.07    0.00   19.87 ^ _7976_/A2 (sky130_fd_sc_hd__a21boi_2)
     2    0.01    0.13    0.57   20.44 v _7976_/Y (sky130_fd_sc_hd__a21boi_2)
                                         _3229_ (net)
                  0.13    0.00   20.44 v _7999_/A2 (sky130_fd_sc_hd__o21ai_0)
     2    0.00    0.75    0.79   21.22 ^ _7999_/Y (sky130_fd_sc_hd__o21ai_0)
                                         _3250_ (net)
                  0.75    0.00   21.22 ^ _8000_/A2 (sky130_fd_sc_hd__a21boi_0)
     2    0.00    0.20    0.56   21.79 v _8000_/Y (sky130_fd_sc_hd__a21boi_0)
                                         _3251_ (net)
                  0.20    0.00   21.79 v _8021_/A2 (sky130_fd_sc_hd__o21ai_0)
     2    0.01    0.95    0.98   22.77 ^ _8021_/Y (sky130_fd_sc_hd__o21ai_0)
                                         _3270_ (net)
                  0.95    0.00   22.77 ^ _8022_/A2 (sky130_fd_sc_hd__a21boi_1)
     2    0.00    0.16    0.59   23.36 v _8022_/Y (sky130_fd_sc_hd__a21boi_1)
                                         _3271_ (net)
                  0.16    0.00   23.36 v _8042_/A2 (sky130_fd_sc_hd__o21ai_0)
     2    0.01    0.89    0.91   24.27 ^ _8042_/Y (sky130_fd_sc_hd__o21ai_0)
                                         _3289_ (net)
                  0.89    0.00   24.27 ^ _8044_/A2 (sky130_fd_sc_hd__a21oi_1)
     2    0.01    0.16    0.56   24.83 v _8044_/Y (sky130_fd_sc_hd__a21oi_1)
                                         _3291_ (net)
                  0.16    0.00   24.83 v _8047_/B1 (sky130_fd_sc_hd__o221ai_1)
     1    0.00    0.60    0.75   25.59 ^ _8047_/Y (sky130_fd_sc_hd__o221ai_1)
                                         _3294_ (net)
                  0.60    0.00   25.59 ^ _8048_/B1 (sky130_fd_sc_hd__o21ai_0)
     1    0.00    0.15    0.42   26.01 v _8048_/Y (sky130_fd_sc_hd__o21ai_0)
                                         _3295_ (net)
                  0.15    0.00   26.01 v _8049_/B (sky130_fd_sc_hd__nand2_1)
     1    0.00    0.11    0.21   26.22 ^ _8049_/Y (sky130_fd_sc_hd__nand2_1)
                                         _0260_ (net)
                  0.11    0.00   26.22 ^ reg_next_pc[21]$_SDFFE_PN0P_/D (sky130_fd_sc_hd__dfxtp_2)
                                 26.22   data arrival time
-----------------------------------------------------------------------------
(Path is unconstrained)


