[-28.590, -26.028): ** (57)
[-26.028, -23.466): * (12)
[-23.466, -20.903):  (0)
[-20.903, -18.341):  (0)
[-18.341, -15.779):  (0)
[-15.779, -13.217):  (0)
[-13.217, -10.654):  (0)
[-10.654, -8.092):  (0)
[-8.092, -5.530):  (0)
[-5.530, -2.968): * (1)
[-2.968, -0.405): * (6)
[-0.405,  2.157): * (6)
[ 2.157,  4.719): * (48)
[ 4.719,  7.281): *** (97)
[ 7.281,  9.844): ******** (275)
[ 9.844, 12.406): ************************************************** (1783)
[12.406, 14.968): ****** (227)
[14.968, 17.530): **** (135)
[17.530, 20.092): ** (86)
[20.092, 22.655]: * (33)
