[WARNING STA-0503] report_checks -group_count is deprecated. Use -group_path_count instead.
Startpoint: mem_valid$_SDFFCE_PP0P_
            (rising edge-triggered flip-flop clocked by clk0)
Endpoint: mem_ready$_DFF_P_ (rising edge-triggered flip-flop clocked by clk0)
Path Group: clk0
Path Type: min
Corner: fast

Fanout     Cap    Slew   Delay    Time   Description
-----------------------------------------------------------------------------
                          0.00    0.00   clock clk0 (rise edge)
                          1.02    1.02   clock network delay (propagated)
                  0.09    0.00    1.02 ^ mem_valid$_SDFFCE_PP0P_/CLK (sky130_fd_sc_hd__edfxtp_1)
     2    0.01    0.05    0.24    1.26 ^ mem_valid$_SDFFCE_PP0P_/Q (sky130_fd_sc_hd__edfxtp_1)
                                         mem_valid (net)
                  0.05    0.00    1.26 ^ mem_ready$_DFF_P_/D (sky130_fd_sc_hd__dfxtp_1)
                                  1.26   data arrival time

                          0.00    0.00   clock clk0 (rise edge)
                          1.02    1.02   clock network delay (propagated)
                          0.00    1.02   clock reconvergence pessimism
                                  1.02 ^ mem_ready$_DFF_P_/CLK (sky130_fd_sc_hd__dfxtp_1)
                         -0.02    1.00   library hold time
                                  1.00   data required time
-----------------------------------------------------------------------------
                                  1.00   data required time
                                 -1.26   data arrival time
-----------------------------------------------------------------------------
                                  0.26   slack (MET)


Startpoint: rv32_soc/count_cycle[63]$_SDFF_PN0_
            (rising edge-triggered flip-flop clocked by clk0)
Endpoint: rv32_soc/count_cycle[63]$_SDFF_PN0_
          (rising edge-triggered flip-flop clocked by clk0)
Path Group: clk0
Path Type: min
Corner: fast

Fanout     Cap    Slew   Delay    Time   Description
-----------------------------------------------------------------------------
                          0.00    0.00   clock clk0 (rise edge)
                          1.01    1.01   clock network delay (propagated)
                  0.08    0.00    1.01 ^ rv32_soc/count_cycle[63]$_SDFF_PN0_/CLK (sky130_fd_sc_hd__dfxtp_2)
     3    0.01    0.04    0.22    1.23 ^ rv32_soc/count_cycle[63]$_SDFF_PN0_/Q (sky130_fd_sc_hd__dfxtp_2)
                                         rv32_soc/count_cycle[63] (net)
                  0.04    0.00    1.23 ^ _8522_/A1 (sky130_fd_sc_hd__a21oi_1)
     1    0.00    0.02    0.04    1.27 v _8522_/Y (sky130_fd_sc_hd__a21oi_1)
                                         _0334_ (net)
                  0.02    0.00    1.27 v rv32_soc/count_cycle[63]$_SDFF_PN0_/D (sky130_fd_sc_hd__dfxtp_2)
                                  1.27   data arrival time

                          0.00    0.00   clock clk0 (rise edge)
                          1.01    1.01   clock network delay (propagated)
                          0.00    1.01   clock reconvergence pessimism
                                  1.01 ^ rv32_soc/count_cycle[63]$_SDFF_PN0_/CLK (sky130_fd_sc_hd__dfxtp_2)
                         -0.02    0.99   library hold time
                                  0.99   data required time
-----------------------------------------------------------------------------
                                  0.99   data required time
                                 -1.27   data arrival time
-----------------------------------------------------------------------------
                                  0.28   slack (MET)


Startpoint: rv32_soc/count_instr[63]$_SDFFE_PN0P_
            (rising edge-triggered flip-flop clocked by clk0)
Endpoint: rv32_soc/count_instr[63]$_SDFFE_PN0P_
          (rising edge-triggered flip-flop clocked by clk0)
Path Group: clk0
Path Type: min
Corner: fast

Fanout     Cap    Slew   Delay    Time   Description
-----------------------------------------------------------------------------
                          0.00    0.00   clock clk0 (rise edge)
                          1.01    1.01   clock network delay (propagated)
                  0.08    0.00    1.01 ^ rv32_soc/count_instr[63]$_SDFFE_PN0P_/CLK (sky130_fd_sc_hd__dfxtp_2)
     3    0.01    0.04    0.22    1.23 ^ rv32_soc/count_instr[63]$_SDFFE_PN0P_/Q (sky130_fd_sc_hd__dfxtp_2)
                                         rv32_soc/count_instr[63] (net)
                  0.04    0.00    1.23 ^ _7911_/A1 (sky130_fd_sc_hd__a21oi_1)
     1    0.00    0.02    0.04    1.27 v _7911_/Y (sky130_fd_sc_hd__a21oi_1)
                                         _0208_ (net)
                  0.02    0.00    1.27 v rv32_soc/count_instr[63]$_SDFFE_PN0P_/D (sky130_fd_sc_hd__dfxtp_2)
                                  1.27   data arrival time

                          0.00    0.00   clock clk0 (rise edge)
                          1.01    1.01   clock network delay (propagated)
                          0.00    1.01   clock reconvergence pessimism
                                  1.01 ^ rv32_soc/count_instr[63]$_SDFFE_PN0P_/CLK (sky130_fd_sc_hd__dfxtp_2)
                         -0.02    0.99   library hold time
                                  0.99   data required time
-----------------------------------------------------------------------------
                                  0.99   data required time
                                 -1.27   data arrival time
-----------------------------------------------------------------------------
                                  0.28   slack (MET)


Startpoint: rv32_soc/reg_sh[2]$_DFF_P_
            (rising edge-triggered flip-flop clocked by clk0)
Endpoint: rv32_soc/reg_sh[2]$_DFF_P_
          (rising edge-triggered flip-flop clocked by clk0)
Path Group: clk0
Path Type: min
Corner: fast

Fanout     Cap    Slew   Delay    Time   Description
-----------------------------------------------------------------------------
                          0.00    0.00   clock clk0 (rise edge)
                          1.02    1.02   clock network delay (propagated)
                  0.09    0.00    1.02 ^ rv32_soc/reg_sh[2]$_DFF_P_/CLK (sky130_fd_sc_hd__dfxtp_2)
     3    0.01    0.05    0.23    1.25 ^ rv32_soc/reg_sh[2]$_DFF_P_/Q (sky130_fd_sc_hd__dfxtp_2)
                                         rv32_soc/reg_sh[2] (net)
                  0.05    0.00    1.25 ^ _7394_/B2 (sky130_fd_sc_hd__o2bb2ai_1)
     1    0.00    0.02    0.04    1.29 v _7394_/Y (sky130_fd_sc_hd__o2bb2ai_1)
                                         _0045_ (net)
                  0.02    0.00    1.29 v rv32_soc/reg_sh[2]$_DFF_P_/D (sky130_fd_sc_hd__dfxtp_2)
                                  1.29   data arrival time

                          0.00    0.00   clock clk0 (rise edge)
                          1.02    1.02   clock network delay (propagated)
                          0.00    1.02   clock reconvergence pessimism
                                  1.02 ^ rv32_soc/reg_sh[2]$_DFF_P_/CLK (sky130_fd_sc_hd__dfxtp_2)
                         -0.01    1.00   library hold time
                                  1.00   data required time
-----------------------------------------------------------------------------
                                  1.00   data required time
                                 -1.29   data arrival time
-----------------------------------------------------------------------------
                                  0.29   slack (MET)


Startpoint: rv32_soc/count_cycle[4]$_SDFF_PN0_
            (rising edge-triggered flip-flop clocked by clk0)
Endpoint: rv32_soc/count_cycle[4]$_SDFF_PN0_
          (rising edge-triggered flip-flop clocked by clk0)
Path Group: clk0
Path Type: min
Corner: fast

Fanout     Cap    Slew   Delay    Time   Description
-----------------------------------------------------------------------------
                          0.00    0.00   clock clk0 (rise edge)
                          1.02    1.02   clock network delay (propagated)
                  0.09    0.00    1.02 ^ rv32_soc/count_cycle[4]$_SDFF_PN0_/CLK (sky130_fd_sc_hd__dfxtp_2)
     5    0.01    0.05    0.23    1.25 ^ rv32_soc/count_cycle[4]$_SDFF_PN0_/Q (sky130_fd_sc_hd__dfxtp_2)
                                         rv32_soc/count_cycle[4] (net)
                  0.05    0.00    1.25 ^ _8331_/A1 (sky130_fd_sc_hd__a21oi_1)
     1    0.00    0.02    0.04    1.29 v _8331_/Y (sky130_fd_sc_hd__a21oi_1)
                                         _0275_ (net)
                  0.02    0.00    1.29 v rv32_soc/count_cycle[4]$_SDFF_PN0_/D (sky130_fd_sc_hd__dfxtp_2)
                                  1.29   data arrival time

                          0.00    0.00   clock clk0 (rise edge)
                          1.02    1.02   clock network delay (propagated)
                          0.00    1.02   clock reconvergence pessimism
                                  1.02 ^ rv32_soc/count_cycle[4]$_SDFF_PN0_/CLK (sky130_fd_sc_hd__dfxtp_2)
                         -0.02    1.00   library hold time
                                  1.00   data required time
-----------------------------------------------------------------------------
                                  1.00   data required time
                                 -1.29   data arrival time
-----------------------------------------------------------------------------
                                  0.29   slack (MET)


Startpoint: rv32_soc/reg_next_pc[22]$_SDFFE_PN0P_
            (rising edge-triggered flip-flop clocked by clk0)
Endpoint: rv32_soc/reg_next_pc[22]$_SDFFE_PN0P_
          (rising edge-triggered flip-flop clocked by clk0)
Path Group: clk0
Path Type: min
Corner: fast

Fanout     Cap    Slew   Delay    Time   Description
-----------------------------------------------------------------------------
                          0.00    0.00   clock clk0 (rise edge)
                          1.02    1.02   clock network delay (propagated)
                  0.07    0.00    1.02 ^ rv32_soc/reg_next_pc[22]$_SDFFE_PN0P_/CLK (sky130_fd_sc_hd__dfxtp_2)
     2    0.01    0.04    0.22    1.24 ^ rv32_soc/reg_next_pc[22]$_SDFFE_PN0P_/Q (sky130_fd_sc_hd__dfxtp_2)
                                         rv32_soc/reg_next_pc[22] (net)
                  0.04    0.00    1.24 ^ _8206_/A (sky130_fd_sc_hd__nand2_1)
     1    0.00    0.03    0.03    1.27 v _8206_/Y (sky130_fd_sc_hd__nand2_1)
                                         _3375_ (net)
                  0.03    0.00    1.27 v _8216_/A (sky130_fd_sc_hd__nand2_1)
     1    0.00    0.02    0.03    1.30 ^ _8216_/Y (sky130_fd_sc_hd__nand2_1)
                                         _0261_ (net)
                  0.02    0.00    1.30 ^ rv32_soc/reg_next_pc[22]$_SDFFE_PN0P_/D (sky130_fd_sc_hd__dfxtp_2)
                                  1.30   data arrival time

                          0.00    0.00   clock clk0 (rise edge)
                          1.02    1.02   clock network delay (propagated)
                          0.00    1.02   clock reconvergence pessimism
                                  1.02 ^ rv32_soc/reg_next_pc[22]$_SDFFE_PN0P_/CLK (sky130_fd_sc_hd__dfxtp_2)
                         -0.02    1.01   library hold time
                                  1.01   data required time
-----------------------------------------------------------------------------
                                  1.01   data required time
                                 -1.30   data arrival time
-----------------------------------------------------------------------------
                                  0.29   slack (MET)


Startpoint: rv32_soc/count_cycle[3]$_SDFF_PN0_
            (rising edge-triggered flip-flop clocked by clk0)
Endpoint: rv32_soc/count_cycle[3]$_SDFF_PN0_
          (rising edge-triggered flip-flop clocked by clk0)
Path Group: clk0
Path Type: min
Corner: fast

Fanout     Cap    Slew   Delay    Time   Description
-----------------------------------------------------------------------------
                          0.00    0.00   clock clk0 (rise edge)
                          1.02    1.02   clock network delay (propagated)
                  0.09    0.00    1.02 ^ rv32_soc/count_cycle[3]$_SDFF_PN0_/CLK (sky130_fd_sc_hd__dfxtp_2)
     5    0.01    0.05    0.24    1.25 ^ rv32_soc/count_cycle[3]$_SDFF_PN0_/Q (sky130_fd_sc_hd__dfxtp_2)
                                         rv32_soc/count_cycle[3] (net)
                  0.05    0.00    1.25 ^ _8328_/A1 (sky130_fd_sc_hd__a21oi_1)
     1    0.00    0.02    0.04    1.29 v _8328_/Y (sky130_fd_sc_hd__a21oi_1)
                                         _0274_ (net)
                  0.02    0.00    1.29 v rv32_soc/count_cycle[3]$_SDFF_PN0_/D (sky130_fd_sc_hd__dfxtp_2)
                                  1.29   data arrival time

                          0.00    0.00   clock clk0 (rise edge)
                          1.02    1.02   clock network delay (propagated)
                          0.00    1.02   clock reconvergence pessimism
                                  1.02 ^ rv32_soc/count_cycle[3]$_SDFF_PN0_/CLK (sky130_fd_sc_hd__dfxtp_2)
                         -0.01    1.00   library hold time
                                  1.00   data required time
-----------------------------------------------------------------------------
                                  1.00   data required time
                                 -1.29   data arrival time
-----------------------------------------------------------------------------
                                  0.29   slack (MET)


Startpoint: rv32_soc/reg_next_pc[23]$_SDFFE_PN0P_
            (rising edge-triggered flip-flop clocked by clk0)
Endpoint: rv32_soc/reg_next_pc[23]$_SDFFE_PN0P_
          (rising edge-triggered flip-flop clocked by clk0)
Path Group: clk0
Path Type: min
Corner: fast

Fanout     Cap    Slew   Delay    Time   Description
-----------------------------------------------------------------------------
                          0.00    0.00   clock clk0 (rise edge)
                          1.02    1.02   clock network delay (propagated)
                  0.07    0.00    1.02 ^ rv32_soc/reg_next_pc[23]$_SDFFE_PN0P_/CLK (sky130_fd_sc_hd__dfxtp_1)
     2    0.01    0.05    0.22    1.24 ^ rv32_soc/reg_next_pc[23]$_SDFFE_PN0P_/Q (sky130_fd_sc_hd__dfxtp_1)
                                         rv32_soc/reg_next_pc[23] (net)
                  0.05    0.00    1.24 ^ _8217_/A (sky130_fd_sc_hd__nand2_1)
     1    0.00    0.03    0.03    1.27 v _8217_/Y (sky130_fd_sc_hd__nand2_1)
                                         _3385_ (net)
                  0.03    0.00    1.27 v _8229_/A (sky130_fd_sc_hd__nand2_1)
     1    0.00    0.02    0.03    1.30 ^ _8229_/Y (sky130_fd_sc_hd__nand2_1)
                                         _0262_ (net)
                  0.02    0.00    1.30 ^ rv32_soc/reg_next_pc[23]$_SDFFE_PN0P_/D (sky130_fd_sc_hd__dfxtp_1)
                                  1.30   data arrival time

                          0.00    0.00   clock clk0 (rise edge)
                          1.02    1.02   clock network delay (propagated)
                          0.00    1.02   clock reconvergence pessimism
                                  1.02 ^ rv32_soc/reg_next_pc[23]$_SDFFE_PN0P_/CLK (sky130_fd_sc_hd__dfxtp_1)
                         -0.02    1.01   library hold time
                                  1.01   data required time
-----------------------------------------------------------------------------
                                  1.01   data required time
                                 -1.30   data arrival time
-----------------------------------------------------------------------------
                                  0.29   slack (MET)


Startpoint: rv32_soc/count_cycle[27]$_SDFF_PN0_
            (rising edge-triggered flip-flop clocked by clk0)
Endpoint: rv32_soc/count_cycle[27]$_SDFF_PN0_
          (rising edge-triggered flip-flop clocked by clk0)
Path Group: clk0
Path Type: min
Corner: fast

Fanout     Cap    Slew   Delay    Time   Description
-----------------------------------------------------------------------------
                          0.00    0.00   clock clk0 (rise edge)
                          1.01    1.01   clock network delay (propagated)
                  0.08    0.00    1.01 ^ rv32_soc/count_cycle[27]$_SDFF_PN0_/CLK (sky130_fd_sc_hd__dfxtp_2)
     5    0.01    0.06    0.24    1.24 ^ rv32_soc/count_cycle[27]$_SDFF_PN0_/Q (sky130_fd_sc_hd__dfxtp_2)
                                         rv32_soc/count_cycle[27] (net)
                  0.06    0.00    1.24 ^ _8402_/A1 (sky130_fd_sc_hd__a21oi_1)
     1    0.00    0.02    0.04    1.29 v _8402_/Y (sky130_fd_sc_hd__a21oi_1)
                                         _0298_ (net)
                  0.02    0.00    1.29 v rv32_soc/count_cycle[27]$_SDFF_PN0_/D (sky130_fd_sc_hd__dfxtp_2)
                                  1.29   data arrival time

                          0.00    0.00   clock clk0 (rise edge)
                          1.01    1.01   clock network delay (propagated)
                          0.00    1.01   clock reconvergence pessimism
                                  1.01 ^ rv32_soc/count_cycle[27]$_SDFF_PN0_/CLK (sky130_fd_sc_hd__dfxtp_2)
                         -0.02    0.99   library hold time
                                  0.99   data required time
-----------------------------------------------------------------------------
                                  0.99   data required time
                                 -1.29   data arrival time
-----------------------------------------------------------------------------
                                  0.29   slack (MET)


Startpoint: rv32_soc/reg_next_pc[19]$_SDFFE_PN0P_
            (rising edge-triggered flip-flop clocked by clk0)
Endpoint: rv32_soc/reg_next_pc[19]$_SDFFE_PN0P_
          (rising edge-triggered flip-flop clocked by clk0)
Path Group: clk0
Path Type: min
Corner: fast

Fanout     Cap    Slew   Delay    Time   Description
-----------------------------------------------------------------------------
                          0.00    0.00   clock clk0 (rise edge)
                          1.02    1.02   clock network delay (propagated)
                  0.07    0.00    1.02 ^ rv32_soc/reg_next_pc[19]$_SDFFE_PN0P_/CLK (sky130_fd_sc_hd__dfxtp_1)
     2    0.01    0.05    0.22    1.24 ^ rv32_soc/reg_next_pc[19]$_SDFFE_PN0P_/Q (sky130_fd_sc_hd__dfxtp_1)
                                         rv32_soc/reg_next_pc[19] (net)
                  0.05    0.00    1.24 ^ _8171_/A (sky130_fd_sc_hd__nand2_1)
     1    0.00    0.03    0.03    1.27 v _8171_/Y (sky130_fd_sc_hd__nand2_1)
                                         _3343_ (net)
                  0.03    0.00    1.27 v _8182_/A (sky130_fd_sc_hd__nand2_1)
     1    0.00    0.02    0.03    1.30 ^ _8182_/Y (sky130_fd_sc_hd__nand2_1)
                                         _0258_ (net)
                  0.02    0.00    1.30 ^ rv32_soc/reg_next_pc[19]$_SDFFE_PN0P_/D (sky130_fd_sc_hd__dfxtp_1)
                                  1.30   data arrival time

                          0.00    0.00   clock clk0 (rise edge)
                          1.02    1.02   clock network delay (propagated)
                          0.00    1.02   clock reconvergence pessimism
                                  1.02 ^ rv32_soc/reg_next_pc[19]$_SDFFE_PN0P_/CLK (sky130_fd_sc_hd__dfxtp_1)
                         -0.02    1.01   library hold time
                                  1.01   data required time
-----------------------------------------------------------------------------
                                  1.01   data required time
                                 -1.30   data arrival time
-----------------------------------------------------------------------------
                                  0.29   slack (MET)


