[ 0.263,  0.354): ****************** (154)
[ 0.354,  0.446): ************ (105)
[ 0.446,  0.538): **************** (136)
[ 0.538,  0.630): **** (38)
[ 0.630,  0.722): ******************* (165)
[ 0.722,  0.814): ************************************************** (424)
[ 0.814,  0.906): ***************** (141)
[ 0.906,  0.998): *********************** (197)
[ 0.998,  1.090): *************************** (226)
[ 1.090,  1.182): ***************************** (242)
[ 1.182,  1.274): ****************************** (252)
[ 1.274,  1.365): ************************* (213)
[ 1.365,  1.457): ***************** (148)
[ 1.457,  1.549): *********** (90)
[ 1.549,  1.641): *********** (93)
[ 1.641,  1.733): *** (23)
[ 1.733,  1.825): *** (27)
[ 1.825,  1.917): *** (25)
[ 1.917,  2.009): ******** (66)
[ 2.009,  2.101]: * (1)
