[-4.712, -3.346): * (10)
[-3.346, -1.981): *** (25)
[-1.981, -0.616): ***** (36)
[-0.616,  0.749): ************************************* (270)
[ 0.749,  2.114): *********************************************** (345)
[ 2.114,  3.480): *************************************** (283)
[ 3.480,  4.845): ************************************************** (366)
[ 4.845,  6.210): ******************************** (235)
[ 6.210,  7.575): ************************************************** (365)
[ 7.575,  8.940): ******************************** (235)
[ 8.940, 10.306): ***************************** (213)
[10.306, 11.671): ***************** (121)
[11.671, 13.036): ***** (39)
[13.036, 14.401): ****** (46)
[14.401, 15.766): *********** (84)
[15.766, 17.131): ***** (37)
[17.131, 18.497): **** (26)
[18.497, 19.862): *** (20)
[19.862, 21.227): * (5)
[21.227, 22.592]: * (5)
