[-13.937, -12.105): * (6)
[-12.105, -10.273): * (2)
[-10.273, -8.441): * (2)
[-8.441, -6.609): * (1)
[-6.609, -4.777): * (3)
[-4.777, -2.945): * (8)
[-2.945, -1.113): * (11)
[-1.113,  0.719): * (13)
[ 0.719,  2.551): * (14)
[ 2.551,  4.383): ** (30)
[ 4.383,  6.215): **** (62)
[ 6.215,  8.048): ************* (215)
[ 8.048,  9.880): ************************ (399)
[ 9.880, 11.712): ************************************************** (832)
[11.712, 13.544): *********************** (388)
[13.544, 15.376): ************************* (417)
[15.376, 17.208): ********** (162)
[17.208, 19.040): ****** (99)
[19.040, 20.872): ****** (94)
[20.872, 22.704]: * (8)
