Startpoint: rv32_soc/latched_stalu$_SDFFE_PN0P_
            (rising edge-triggered flip-flop clocked by clk0)
Endpoint: rv32_soc/reg_next_pc[31]$_SDFFE_PN0P_
          (rising edge-triggered flip-flop clocked by clk0)
Path Group: clk0
Path Type: max
Corner: slow

Fanout     Cap    Slew   Delay    Time   Description
-----------------------------------------------------------------------------
                  0.00    0.00    0.00   clock clk0 (rise edge)
                          0.00    0.00   clock network delay (ideal)
                  0.00    0.00    0.00 ^ rv32_soc/latched_stalu$_SDFFE_PN0P_/CLK (sky130_fd_sc_hd__dfxtp_2)
    33    0.21    3.79    3.87    3.87 ^ rv32_soc/latched_stalu$_SDFFE_PN0P_/Q (sky130_fd_sc_hd__dfxtp_2)
                                         rv32_soc/latched_stalu (net)
                  3.79    0.02    3.89 ^ _5049_/S (sky130_fd_sc_hd__mux2i_1)
     2    0.01    0.99    2.48    6.37 ^ _5049_/Y (sky130_fd_sc_hd__mux2i_1)
                                         _0610_ (net)
                  0.99    0.00    6.37 ^ _5050_/B (sky130_fd_sc_hd__nor2_2)
     1    0.01    0.37    0.51    6.88 v _5050_/Y (sky130_fd_sc_hd__nor2_2)
                                         _0611_ (net)
                  0.37    0.00    6.88 v _5051_/B1 (sky130_fd_sc_hd__a21oi_2)
     3    0.01    0.65    0.82    7.70 ^ _5051_/Y (sky130_fd_sc_hd__a21oi_2)
                                         _0612_ (net)
                  0.65    0.00    7.70 ^ _5052_/A (sky130_fd_sc_hd__inv_1)
     1    0.01    0.14    0.40    8.10 v _5052_/Y (sky130_fd_sc_hd__inv_1)
                                         _4236_ (net)
                  0.14    0.00    8.10 v _9467_/A (sky130_fd_sc_hd__ha_1)
     2    0.01    0.18    0.93    9.03 v _9467_/COUT (sky130_fd_sc_hd__ha_1)
                                         _4641_ (net)
                  0.18    0.00    9.03 v _7527_/A (sky130_fd_sc_hd__clkinv_1)
     1    0.01    0.22    0.30    9.33 ^ _7527_/Y (sky130_fd_sc_hd__clkinv_1)
                                         _4253_ (net)
                  0.22    0.00    9.33 ^ _9304_/CIN (sky130_fd_sc_hd__fa_1)
     2    0.01    0.35    0.67    9.99 ^ _9304_/COUT (sky130_fd_sc_hd__fa_1)
                                         _4254_ (net)
                  0.35    0.00    9.99 ^ _8014_/A (sky130_fd_sc_hd__nor2b_1)
     1    0.01    0.11    0.25   10.25 v _8014_/Y (sky130_fd_sc_hd__nor2b_1)
                                         _3200_ (net)
                  0.11    0.00   10.25 v _8015_/A2 (sky130_fd_sc_hd__o21ai_0)
     2    0.01    1.48    1.32   11.57 ^ _8015_/Y (sky130_fd_sc_hd__o21ai_0)
                                         _3201_ (net)
                  1.48    0.00   11.57 ^ _8037_/A2 (sky130_fd_sc_hd__a21boi_2)
     1    0.00    0.15    0.69   12.27 v _8037_/Y (sky130_fd_sc_hd__a21boi_2)
                                         _3221_ (net)
                  0.15    0.00   12.27 v _8038_/A2 (sky130_fd_sc_hd__o21ai_0)
     2    0.01    1.22    1.15   13.41 ^ _8038_/Y (sky130_fd_sc_hd__o21ai_0)
                                         _3222_ (net)
                  1.22    0.00   13.41 ^ _8039_/A2 (sky130_fd_sc_hd__a21boi_2)
     2    0.01    0.17    0.65   14.06 v _8039_/Y (sky130_fd_sc_hd__a21boi_2)
                                         _3223_ (net)
                  0.17    0.00   14.06 v _8057_/A2 (sky130_fd_sc_hd__o21ai_0)
     2    0.01    1.37    1.27   15.33 ^ _8057_/Y (sky130_fd_sc_hd__o21ai_0)
                                         _3239_ (net)
                  1.37    0.00   15.33 ^ _8058_/A2 (sky130_fd_sc_hd__a21boi_2)
     2    0.01    0.15    0.66   15.99 v _8058_/Y (sky130_fd_sc_hd__a21boi_2)
                                         _3240_ (net)
                  0.15    0.00   15.99 v _8081_/A2 (sky130_fd_sc_hd__o21ai_0)
     2    0.01    1.56    1.41   17.40 ^ _8081_/Y (sky130_fd_sc_hd__o21ai_0)
                                         _3261_ (net)
                  1.56    0.00   17.40 ^ _8082_/A2 (sky130_fd_sc_hd__a21boi_2)
     2    0.01    0.18    0.75   18.15 v _8082_/Y (sky130_fd_sc_hd__a21boi_2)
                                         _3262_ (net)
                  0.18    0.00   18.15 v _8107_/A2 (sky130_fd_sc_hd__o21ai_0)
     2    0.01    1.38    1.29   19.44 ^ _8107_/Y (sky130_fd_sc_hd__o21ai_0)
                                         _3285_ (net)
                  1.38    0.00   19.44 ^ _8108_/A2 (sky130_fd_sc_hd__a21boi_2)
     2    0.01    0.17    0.69   20.13 v _8108_/Y (sky130_fd_sc_hd__a21boi_2)
                                         _3286_ (net)
                  0.17    0.00   20.13 v _8131_/A2 (sky130_fd_sc_hd__o21ai_0)
     2    0.01    1.73    1.55   21.68 ^ _8131_/Y (sky130_fd_sc_hd__o21ai_0)
                                         _3307_ (net)
                  1.73    0.00   21.68 ^ _8132_/A2 (sky130_fd_sc_hd__a21boi_2)
     2    0.01    0.18    0.79   22.47 v _8132_/Y (sky130_fd_sc_hd__a21boi_2)
                                         _3308_ (net)
                  0.18    0.00   22.47 v _8154_/A2 (sky130_fd_sc_hd__o21ai_0)
     2    0.01    1.62    1.48   23.95 ^ _8154_/Y (sky130_fd_sc_hd__o21ai_0)
                                         _3328_ (net)
                  1.62    0.00   23.95 ^ _8155_/A2 (sky130_fd_sc_hd__a21boi_2)
     2    0.01    0.17    0.76   24.71 v _8155_/Y (sky130_fd_sc_hd__a21boi_2)
                                         _3329_ (net)
                  0.17    0.00   24.71 v _8176_/A2 (sky130_fd_sc_hd__o21ai_0)
     2    0.01    1.25    1.18   25.90 ^ _8176_/Y (sky130_fd_sc_hd__o21ai_0)
                                         _3348_ (net)
                  1.25    0.00   25.90 ^ _8177_/A2 (sky130_fd_sc_hd__a21boi_2)
     2    0.01    0.15    0.64   26.54 v _8177_/Y (sky130_fd_sc_hd__a21boi_2)
                                         _3349_ (net)
                  0.15    0.00   26.54 v _8199_/A2 (sky130_fd_sc_hd__o21ai_0)
     2    0.01    1.27    1.19   27.72 ^ _8199_/Y (sky130_fd_sc_hd__o21ai_0)
                                         _3369_ (net)
                  1.27    0.00   27.72 ^ _8200_/A2 (sky130_fd_sc_hd__a21boi_2)
     2    0.01    0.15    0.64   28.36 v _8200_/Y (sky130_fd_sc_hd__a21boi_2)
                                         _3370_ (net)
                  0.15    0.00   28.36 v _8223_/A2 (sky130_fd_sc_hd__o21ai_0)
     2    0.01    1.51    1.37   29.74 ^ _8223_/Y (sky130_fd_sc_hd__o21ai_0)
                                         _3391_ (net)
                  1.51    0.00   29.74 ^ _8224_/A2 (sky130_fd_sc_hd__a21boi_1)
     2    0.01    0.25    0.86   30.60 v _8224_/Y (sky130_fd_sc_hd__a21boi_1)
                                         _3392_ (net)
                  0.25    0.00   30.60 v _8240_/A2 (sky130_fd_sc_hd__o21ai_0)
     2    0.01    1.52    1.44   32.03 ^ _8240_/Y (sky130_fd_sc_hd__o21ai_0)
                                         _3406_ (net)
                  1.52    0.00   32.03 ^ _8243_/A2 (sky130_fd_sc_hd__a21boi_2)
     2    0.01    0.16    0.71   32.75 v _8243_/Y (sky130_fd_sc_hd__a21boi_2)
                                         _3409_ (net)
                  0.16    0.00   32.75 v _8266_/A2 (sky130_fd_sc_hd__o21ai_0)
     3    0.01    1.79    1.60   34.34 ^ _8266_/Y (sky130_fd_sc_hd__o21ai_0)
                                         _3430_ (net)
                  1.79    0.00   34.34 ^ _8309_/A2 (sky130_fd_sc_hd__a2111oi_1)
     2    0.01    0.29    1.00   35.35 v _8309_/Y (sky130_fd_sc_hd__a2111oi_1)
                                         _3469_ (net)
                  0.29    0.00   35.35 v _8313_/A (sky130_fd_sc_hd__nor3_1)
     1    0.01    0.88    1.08   36.42 ^ _8313_/Y (sky130_fd_sc_hd__nor3_1)
                                         _3473_ (net)
                  0.88    0.00   36.42 ^ _8318_/A1 (sky130_fd_sc_hd__o221ai_1)
     1    0.00    0.59    0.68   37.11 v _8318_/Y (sky130_fd_sc_hd__o221ai_1)
                                         _3478_ (net)
                  0.59    0.00   37.11 v _8320_/B1 (sky130_fd_sc_hd__a22o_1)
     1    0.00    0.10    0.99   38.10 v _8320_/X (sky130_fd_sc_hd__a22o_1)
                                         _0270_ (net)
                  0.10    0.00   38.10 v rv32_soc/reg_next_pc[31]$_SDFFE_PN0P_/D (sky130_fd_sc_hd__dfxtp_2)
                                 38.10   data arrival time

                  0.00   25.00   25.00   clock clk0 (rise edge)
                          0.00   25.00   clock network delay (ideal)
                          0.00   25.00   clock reconvergence pessimism
                                 25.00 ^ rv32_soc/reg_next_pc[31]$_SDFFE_PN0P_/CLK (sky130_fd_sc_hd__dfxtp_2)
                         -0.84   24.16   library setup time
                                 24.16   data required time
-----------------------------------------------------------------------------
                                 24.16   data required time
                                -38.10   data arrival time
-----------------------------------------------------------------------------
                                -13.94   slack (VIOLATED)


