[WARNING STA-0503] report_checks -group_count is deprecated. Use -group_path_count instead.
Startpoint: rv32_soc/latched_stalu$_SDFFE_PN0P_
            (rising edge-triggered flip-flop clocked by clk0)
Endpoint: rv32_soc/reg_next_pc[31]$_SDFFE_PN0P_
          (rising edge-triggered flip-flop clocked by clk0)
Path Group: clk0
Path Type: max
Corner: slow

Fanout     Cap    Slew   Delay    Time   Description
-----------------------------------------------------------------------------
                  0.00    0.00    0.00   clock clk0 (rise edge)
                          0.00    0.00   clock network delay (ideal)
                  0.00    0.00    0.00 ^ rv32_soc/latched_stalu$_SDFFE_PN0P_/CLK (sky130_fd_sc_hd__dfxtp_2)
    33    0.21    3.79    3.87    3.87 ^ rv32_soc/latched_stalu$_SDFFE_PN0P_/Q (sky130_fd_sc_hd__dfxtp_2)
                                         rv32_soc/latched_stalu (net)
                  3.79    0.02    3.89 ^ _5049_/S (sky130_fd_sc_hd__mux2i_1)
     2    0.01    0.99    2.48    6.37 ^ _5049_/Y (sky130_fd_sc_hd__mux2i_1)
                                         _0610_ (net)
                  0.99    0.00    6.37 ^ _5050_/B (sky130_fd_sc_hd__nor2_2)
     1    0.01    0.37    0.51    6.88 v _5050_/Y (sky130_fd_sc_hd__nor2_2)
                                         _0611_ (net)
                  0.37    0.00    6.88 v _5051_/B1 (sky130_fd_sc_hd__a21oi_2)
     3    0.01    0.65    0.82    7.70 ^ _5051_/Y (sky130_fd_sc_hd__a21oi_2)
                                         _0612_ (net)
                  0.65    0.00    7.70 ^ _5052_/A (sky130_fd_sc_hd__inv_1)
     1    0.01    0.14    0.40    8.10 v _5052_/Y (sky130_fd_sc_hd__inv_1)
                                         _4236_ (net)
                  0.14    0.00    8.10 v _9467_/A (sky130_fd_sc_hd__ha_1)
     2    0.01    0.18    0.93    9.03 v _9467_/COUT (sky130_fd_sc_hd__ha_1)
                                         _4641_ (net)
                  0.18    0.00    9.03 v _7527_/A (sky130_fd_sc_hd__clkinv_1)
     1    0.01    0.22    0.30    9.33 ^ _7527_/Y (sky130_fd_sc_hd__clkinv_1)
                                         _4253_ (net)
                  0.22    0.00    9.33 ^ _9304_/CIN (sky130_fd_sc_hd__fa_1)
     2    0.01    0.35    0.67    9.99 ^ _9304_/COUT (sky130_fd_sc_hd__fa_1)
                                         _4254_ (net)
                  0.35    0.00    9.99 ^ _8014_/A (sky130_fd_sc_hd__nor2b_1)
     1    0.01    0.11    0.25   10.25 v _8014_/Y (sky130_fd_sc_hd__nor2b_1)
                                         _3200_ (net)
                  0.11    0.00   10.25 v _8015_/A2 (sky130_fd_sc_hd__o21ai_0)
     2    0.01    1.48    1.32   11.57 ^ _8015_/Y (sky130_fd_sc_hd__o21ai_0)
                                         _3201_ (net)
                  1.48    0.00   11.57 ^ _8037_/A2 (sky130_fd_sc_hd__a21boi_2)
     1    0.00    0.15    0.69   12.27 v _8037_/Y (sky130_fd_sc_hd__a21boi_2)
                                         _3221_ (net)
                  0.15    0.00   12.27 v _8038_/A2 (sky130_fd_sc_hd__o21ai_0)
     2    0.01    1.22    1.15   13.41 ^ _8038_/Y (sky130_fd_sc_hd__o21ai_0)
                                         _3222_ (net)
                  1.22    0.00   13.41 ^ _8039_/A2 (sky130_fd_sc_hd__a21boi_2)
     2    0.01    0.17    0.65   14.06 v _8039_/Y (sky130_fd_sc_hd__a21boi_2)
                                         _3223_ (net)
                  0.17    0.00   14.06 v _8057_/A2 (sky130_fd_sc_hd__o21ai_0)
     2    0.01    1.37    1.27   15.33 ^ _8057_/Y (sky130_fd_sc_hd__o21ai_0)
                                         _3239_ (net)
                  1.37    0.00   15.33 ^ _8058_/A2 (sky130_fd_sc_hd__a21boi_2)
     2    0.01    0.15    0.66   15.99 v _8058_/Y (sky130_fd_sc_hd__a21boi_2)
                                         _3240_ (net)
                  0.15    0.00   15.99 v _8081_/A2 (sky130_fd_sc_hd__o21ai_0)
     2    0.01    1.56    1.41   17.40 ^ _8081_/Y (sky130_fd_sc_hd__o21ai_0)
                                         _3261_ (net)
                  1.56    0.00   17.40 ^ _8082_/A2 (sky130_fd_sc_hd__a21boi_2)
     2    0.01    0.18    0.75   18.15 v _8082_/Y (sky130_fd_sc_hd__a21boi_2)
                                         _3262_ (net)
                  0.18    0.00   18.15 v _8107_/A2 (sky130_fd_sc_hd__o21ai_0)
     2    0.01    1.38    1.29   19.44 ^ _8107_/Y (sky130_fd_sc_hd__o21ai_0)
                                         _3285_ (net)
                  1.38    0.00   19.44 ^ _8108_/A2 (sky130_fd_sc_hd__a21boi_2)
     2    0.01    0.17    0.69   20.13 v _8108_/Y (sky130_fd_sc_hd__a21boi_2)
                                         _3286_ (net)
                  0.17    0.00   20.13 v _8131_/A2 (sky130_fd_sc_hd__o21ai_0)
     2    0.01    1.73    1.55   21.68 ^ _8131_/Y (sky130_fd_sc_hd__o21ai_0)
                                         _3307_ (net)
                  1.73    0.00   21.68 ^ _8132_/A2 (sky130_fd_sc_hd__a21boi_2)
     2    0.01    0.18    0.79   22.47 v _8132_/Y (sky130_fd_sc_hd__a21boi_2)
                                         _3308_ (net)
                  0.18    0.00   22.47 v _8154_/A2 (sky130_fd_sc_hd__o21ai_0)
     2    0.01    1.62    1.48   23.95 ^ _8154_/Y (sky130_fd_sc_hd__o21ai_0)
                                         _3328_ (net)
                  1.62    0.00   23.95 ^ _8155_/A2 (sky130_fd_sc_hd__a21boi_2)
     2    0.01    0.17    0.76   24.71 v _8155_/Y (sky130_fd_sc_hd__a21boi_2)
                                         _3329_ (net)
                  0.17    0.00   24.71 v _8176_/A2 (sky130_fd_sc_hd__o21ai_0)
     2    0.01    1.25    1.18   25.90 ^ _8176_/Y (sky130_fd_sc_hd__o21ai_0)
                                         _3348_ (net)
                  1.25    0.00   25.90 ^ _8177_/A2 (sky130_fd_sc_hd__a21boi_2)
     2    0.01    0.15    0.64   26.54 v _8177_/Y (sky130_fd_sc_hd__a21boi_2)
                                         _3349_ (net)
                  0.15    0.00   26.54 v _8199_/A2 (sky130_fd_sc_hd__o21ai_0)
     2    0.01    1.27    1.19   27.72 ^ _8199_/Y (sky130_fd_sc_hd__o21ai_0)
                                         _3369_ (net)
                  1.27    0.00   27.72 ^ _8200_/A2 (sky130_fd_sc_hd__a21boi_2)
     2    0.01    0.15    0.64   28.36 v _8200_/Y (sky130_fd_sc_hd__a21boi_2)
                                         _3370_ (net)
                  0.15    0.00   28.36 v _8223_/A2 (sky130_fd_sc_hd__o21ai_0)
     2    0.01    1.51    1.37   29.74 ^ _8223_/Y (sky130_fd_sc_hd__o21ai_0)
                                         _3391_ (net)
                  1.51    0.00   29.74 ^ _8224_/A2 (sky130_fd_sc_hd__a21boi_1)
     2    0.01    0.25    0.86   30.60 v _8224_/Y (sky130_fd_sc_hd__a21boi_1)
                                         _3392_ (net)
                  0.25    0.00   30.60 v _8240_/A2 (sky130_fd_sc_hd__o21ai_0)
     2    0.01    1.52    1.44   32.03 ^ _8240_/Y (sky130_fd_sc_hd__o21ai_0)
                                         _3406_ (net)
                  1.52    0.00   32.03 ^ _8243_/A2 (sky130_fd_sc_hd__a21boi_2)
     2    0.01    0.16    0.71   32.75 v _8243_/Y (sky130_fd_sc_hd__a21boi_2)
                                         _3409_ (net)
                  0.16    0.00   32.75 v _8266_/A2 (sky130_fd_sc_hd__o21ai_0)
     3    0.01    1.79    1.60   34.34 ^ _8266_/Y (sky130_fd_sc_hd__o21ai_0)
                                         _3430_ (net)
                  1.79    0.00   34.34 ^ _8309_/A2 (sky130_fd_sc_hd__a2111oi_1)
     2    0.01    0.29    1.00   35.35 v _8309_/Y (sky130_fd_sc_hd__a2111oi_1)
                                         _3469_ (net)
                  0.29    0.00   35.35 v _8313_/A (sky130_fd_sc_hd__nor3_1)
     1    0.01    0.88    1.08   36.42 ^ _8313_/Y (sky130_fd_sc_hd__nor3_1)
                                         _3473_ (net)
                  0.88    0.00   36.42 ^ _8318_/A1 (sky130_fd_sc_hd__o221ai_1)
     1    0.00    0.59    0.68   37.11 v _8318_/Y (sky130_fd_sc_hd__o221ai_1)
                                         _3478_ (net)
                  0.59    0.00   37.11 v _8320_/B1 (sky130_fd_sc_hd__a22o_1)
     1    0.00    0.10    0.99   38.10 v _8320_/X (sky130_fd_sc_hd__a22o_1)
                                         _0270_ (net)
                  0.10    0.00   38.10 v rv32_soc/reg_next_pc[31]$_SDFFE_PN0P_/D (sky130_fd_sc_hd__dfxtp_2)
                                 38.10   data arrival time

                  0.00   25.00   25.00   clock clk0 (rise edge)
                          0.00   25.00   clock network delay (ideal)
                          0.00   25.00   clock reconvergence pessimism
                                 25.00 ^ rv32_soc/reg_next_pc[31]$_SDFFE_PN0P_/CLK (sky130_fd_sc_hd__dfxtp_2)
                         -0.84   24.16   library setup time
                                 24.16   data required time
-----------------------------------------------------------------------------
                                 24.16   data required time
                                -38.10   data arrival time
-----------------------------------------------------------------------------
                                -13.94   slack (VIOLATED)


Startpoint: rv32_soc/latched_stalu$_SDFFE_PN0P_
            (rising edge-triggered flip-flop clocked by clk0)
Endpoint: rv32_soc/reg_next_pc[29]$_SDFFE_PN0P_
          (rising edge-triggered flip-flop clocked by clk0)
Path Group: clk0
Path Type: max
Corner: slow

Fanout     Cap    Slew   Delay    Time   Description
-----------------------------------------------------------------------------
                  0.00    0.00    0.00   clock clk0 (rise edge)
                          0.00    0.00   clock network delay (ideal)
                  0.00    0.00    0.00 ^ rv32_soc/latched_stalu$_SDFFE_PN0P_/CLK (sky130_fd_sc_hd__dfxtp_2)
    33    0.21    3.79    3.87    3.87 ^ rv32_soc/latched_stalu$_SDFFE_PN0P_/Q (sky130_fd_sc_hd__dfxtp_2)
                                         rv32_soc/latched_stalu (net)
                  3.79    0.02    3.89 ^ _5049_/S (sky130_fd_sc_hd__mux2i_1)
     2    0.01    0.99    2.48    6.37 ^ _5049_/Y (sky130_fd_sc_hd__mux2i_1)
                                         _0610_ (net)
                  0.99    0.00    6.37 ^ _5050_/B (sky130_fd_sc_hd__nor2_2)
     1    0.01    0.37    0.51    6.88 v _5050_/Y (sky130_fd_sc_hd__nor2_2)
                                         _0611_ (net)
                  0.37    0.00    6.88 v _5051_/B1 (sky130_fd_sc_hd__a21oi_2)
     3    0.01    0.65    0.82    7.70 ^ _5051_/Y (sky130_fd_sc_hd__a21oi_2)
                                         _0612_ (net)
                  0.65    0.00    7.70 ^ _5052_/A (sky130_fd_sc_hd__inv_1)
     1    0.01    0.14    0.40    8.10 v _5052_/Y (sky130_fd_sc_hd__inv_1)
                                         _4236_ (net)
                  0.14    0.00    8.10 v _9467_/A (sky130_fd_sc_hd__ha_1)
     2    0.01    0.18    0.93    9.03 v _9467_/COUT (sky130_fd_sc_hd__ha_1)
                                         _4641_ (net)
                  0.18    0.00    9.03 v _7527_/A (sky130_fd_sc_hd__clkinv_1)
     1    0.01    0.22    0.30    9.33 ^ _7527_/Y (sky130_fd_sc_hd__clkinv_1)
                                         _4253_ (net)
                  0.22    0.00    9.33 ^ _9304_/CIN (sky130_fd_sc_hd__fa_1)
     2    0.01    0.35    0.67    9.99 ^ _9304_/COUT (sky130_fd_sc_hd__fa_1)
                                         _4254_ (net)
                  0.35    0.00    9.99 ^ _8014_/A (sky130_fd_sc_hd__nor2b_1)
     1    0.01    0.11    0.25   10.25 v _8014_/Y (sky130_fd_sc_hd__nor2b_1)
                                         _3200_ (net)
                  0.11    0.00   10.25 v _8015_/A2 (sky130_fd_sc_hd__o21ai_0)
     2    0.01    1.48    1.32   11.57 ^ _8015_/Y (sky130_fd_sc_hd__o21ai_0)
                                         _3201_ (net)
                  1.48    0.00   11.57 ^ _8037_/A2 (sky130_fd_sc_hd__a21boi_2)
     1    0.00    0.15    0.69   12.27 v _8037_/Y (sky130_fd_sc_hd__a21boi_2)
                                         _3221_ (net)
                  0.15    0.00   12.27 v _8038_/A2 (sky130_fd_sc_hd__o21ai_0)
     2    0.01    1.22    1.15   13.41 ^ _8038_/Y (sky130_fd_sc_hd__o21ai_0)
                                         _3222_ (net)
                  1.22    0.00   13.41 ^ _8039_/A2 (sky130_fd_sc_hd__a21boi_2)
     2    0.01    0.17    0.65   14.06 v _8039_/Y (sky130_fd_sc_hd__a21boi_2)
                                         _3223_ (net)
                  0.17    0.00   14.06 v _8057_/A2 (sky130_fd_sc_hd__o21ai_0)
     2    0.01    1.37    1.27   15.33 ^ _8057_/Y (sky130_fd_sc_hd__o21ai_0)
                                         _3239_ (net)
                  1.37    0.00   15.33 ^ _8058_/A2 (sky130_fd_sc_hd__a21boi_2)
     2    0.01    0.15    0.66   15.99 v _8058_/Y (sky130_fd_sc_hd__a21boi_2)
                                         _3240_ (net)
                  0.15    0.00   15.99 v _8081_/A2 (sky130_fd_sc_hd__o21ai_0)
     2    0.01    1.56    1.41   17.40 ^ _8081_/Y (sky130_fd_sc_hd__o21ai_0)
                                         _3261_ (net)
                  1.56    0.00   17.40 ^ _8082_/A2 (sky130_fd_sc_hd__a21boi_2)
     2    0.01    0.18    0.75   18.15 v _8082_/Y (sky130_fd_sc_hd__a21boi_2)
                                         _3262_ (net)
                  0.18    0.00   18.15 v _8107_/A2 (sky130_fd_sc_hd__o21ai_0)
     2    0.01    1.38    1.29   19.44 ^ _8107_/Y (sky130_fd_sc_hd__o21ai_0)
                                         _3285_ (net)
                  1.38    0.00   19.44 ^ _8108_/A2 (sky130_fd_sc_hd__a21boi_2)
     2    0.01    0.17    0.69   20.13 v _8108_/Y (sky130_fd_sc_hd__a21boi_2)
                                         _3286_ (net)
                  0.17    0.00   20.13 v _8131_/A2 (sky130_fd_sc_hd__o21ai_0)
     2    0.01    1.73    1.55   21.68 ^ _8131_/Y (sky130_fd_sc_hd__o21ai_0)
                                         _3307_ (net)
                  1.73    0.00   21.68 ^ _8132_/A2 (sky130_fd_sc_hd__a21boi_2)
     2    0.01    0.18    0.79   22.47 v _8132_/Y (sky130_fd_sc_hd__a21boi_2)
                                         _3308_ (net)
                  0.18    0.00   22.47 v _8154_/A2 (sky130_fd_sc_hd__o21ai_0)
     2    0.01    1.62    1.48   23.95 ^ _8154_/Y (sky130_fd_sc_hd__o21ai_0)
                                         _3328_ (net)
                  1.62    0.00   23.95 ^ _8155_/A2 (sky130_fd_sc_hd__a21boi_2)
     2    0.01    0.17    0.76   24.71 v _8155_/Y (sky130_fd_sc_hd__a21boi_2)
                                         _3329_ (net)
                  0.17    0.00   24.71 v _8176_/A2 (sky130_fd_sc_hd__o21ai_0)
     2    0.01    1.25    1.18   25.90 ^ _8176_/Y (sky130_fd_sc_hd__o21ai_0)
                                         _3348_ (net)
                  1.25    0.00   25.90 ^ _8177_/A2 (sky130_fd_sc_hd__a21boi_2)
     2    0.01    0.15    0.64   26.54 v _8177_/Y (sky130_fd_sc_hd__a21boi_2)
                                         _3349_ (net)
                  0.15    0.00   26.54 v _8199_/A2 (sky130_fd_sc_hd__o21ai_0)
     2    0.01    1.27    1.19   27.72 ^ _8199_/Y (sky130_fd_sc_hd__o21ai_0)
                                         _3369_ (net)
                  1.27    0.00   27.72 ^ _8200_/A2 (sky130_fd_sc_hd__a21boi_2)
     2    0.01    0.15    0.64   28.36 v _8200_/Y (sky130_fd_sc_hd__a21boi_2)
                                         _3370_ (net)
                  0.15    0.00   28.36 v _8223_/A2 (sky130_fd_sc_hd__o21ai_0)
     2    0.01    1.51    1.37   29.74 ^ _8223_/Y (sky130_fd_sc_hd__o21ai_0)
                                         _3391_ (net)
                  1.51    0.00   29.74 ^ _8224_/A2 (sky130_fd_sc_hd__a21boi_1)
     2    0.01    0.25    0.86   30.60 v _8224_/Y (sky130_fd_sc_hd__a21boi_1)
                                         _3392_ (net)
                  0.25    0.00   30.60 v _8240_/A2 (sky130_fd_sc_hd__o21ai_0)
     2    0.01    1.52    1.44   32.03 ^ _8240_/Y (sky130_fd_sc_hd__o21ai_0)
                                         _3406_ (net)
                  1.52    0.00   32.03 ^ _8243_/A2 (sky130_fd_sc_hd__a21boi_2)
     2    0.01    0.16    0.71   32.75 v _8243_/Y (sky130_fd_sc_hd__a21boi_2)
                                         _3409_ (net)
                  0.16    0.00   32.75 v _8266_/A2 (sky130_fd_sc_hd__o21ai_0)
     3    0.01    1.79    1.60   34.34 ^ _8266_/Y (sky130_fd_sc_hd__o21ai_0)
                                         _3430_ (net)
                  1.79    0.00   34.34 ^ _8284_/A2 (sky130_fd_sc_hd__a211oi_1)
     1    0.00    0.22    0.89   35.24 v _8284_/Y (sky130_fd_sc_hd__a211oi_1)
                                         _3446_ (net)
                  0.22    0.00   35.24 v _8286_/A_N (sky130_fd_sc_hd__nand2b_1)
     2    0.01    0.19    0.66   35.89 v _8286_/Y (sky130_fd_sc_hd__nand2b_1)
                                         _3448_ (net)
                  0.19    0.00   35.89 v _8288_/B (sky130_fd_sc_hd__or2_0)
     1    0.00    0.15    0.93   36.82 v _8288_/X (sky130_fd_sc_hd__or2_0)
                                         _3450_ (net)
                  0.15    0.00   36.82 v _8292_/A3 (sky130_fd_sc_hd__a31oi_1)
     1    0.00    0.61    0.74   37.56 ^ _8292_/Y (sky130_fd_sc_hd__a31oi_1)
                                         _3454_ (net)
                  0.61    0.00   37.56 ^ _8295_/A1 (sky130_fd_sc_hd__o21ai_0)
     1    0.00    0.16    0.46   38.02 v _8295_/Y (sky130_fd_sc_hd__o21ai_0)
                                         _0268_ (net)
                  0.16    0.00   38.02 v rv32_soc/reg_next_pc[29]$_SDFFE_PN0P_/D (sky130_fd_sc_hd__dfxtp_2)
                                 38.02   data arrival time

                  0.00   25.00   25.00   clock clk0 (rise edge)
                          0.00   25.00   clock network delay (ideal)
                          0.00   25.00   clock reconvergence pessimism
                                 25.00 ^ rv32_soc/reg_next_pc[29]$_SDFFE_PN0P_/CLK (sky130_fd_sc_hd__dfxtp_2)
                         -0.88   24.12   library setup time
                                 24.12   data required time
-----------------------------------------------------------------------------
                                 24.12   data required time
                                -38.02   data arrival time
-----------------------------------------------------------------------------
                                -13.90   slack (VIOLATED)


Startpoint: mem_la_wdata[3]$_DFFE_PP_
            (rising edge-triggered flip-flop clocked by clk0)
Endpoint: rv32_soc/latched_branch$_SDFFE_PN0P_
          (rising edge-triggered flip-flop clocked by clk0)
Path Group: clk0
Path Type: max
Corner: slow

Fanout     Cap    Slew   Delay    Time   Description
-----------------------------------------------------------------------------
                  0.00    0.00    0.00   clock clk0 (rise edge)
                          0.00    0.00   clock network delay (ideal)
                  0.00    0.00    0.00 ^ mem_la_wdata[3]$_DFFE_PP_/CLK (sky130_fd_sc_hd__edfxtp_1)
     6    0.11    3.38    3.38    3.38 ^ mem_la_wdata[3]$_DFFE_PP_/Q (sky130_fd_sc_hd__edfxtp_1)
                                         mem_la_wdata[3] (net)
                  3.38    0.01    3.39 ^ _7532_/A (sky130_fd_sc_hd__clkinv_1)
     3    0.01    0.60    1.77    5.15 v _7532_/Y (sky130_fd_sc_hd__clkinv_1)
                                         _4407_ (net)
                  0.60    0.00    5.15 v _9379_/A (sky130_fd_sc_hd__ha_1)
     8    0.03    0.95    2.03    7.18 ^ _9379_/SUM (sky130_fd_sc_hd__ha_1)
                                         _4410_ (net)
                  0.95    0.00    7.18 ^ _7420_/C (sky130_fd_sc_hd__nor3_1)
     1    0.01    0.19    0.55    7.73 v _7420_/Y (sky130_fd_sc_hd__nor3_1)
                                         _2789_ (net)
                  0.19    0.00    7.73 v _7422_/B (sky130_fd_sc_hd__nor3_2)
     2    0.01    0.82    0.95    8.68 ^ _7422_/Y (sky130_fd_sc_hd__nor3_2)
                                         _2791_ (net)
                  0.82    0.00    8.68 ^ _7423_/C (sky130_fd_sc_hd__nor3_1)
     1    0.01    0.19    0.48    9.16 v _7423_/Y (sky130_fd_sc_hd__nor3_1)
                                         _2792_ (net)
                  0.19    0.00    9.16 v _7425_/B (sky130_fd_sc_hd__nor3_2)
     2    0.01    0.94    1.07   10.23 ^ _7425_/Y (sky130_fd_sc_hd__nor3_2)
                                         _2794_ (net)
                  0.94    0.00   10.23 ^ _7426_/B (sky130_fd_sc_hd__nor2_1)
     1    0.00    0.16    0.48   10.71 v _7426_/Y (sky130_fd_sc_hd__nor2_1)
                                         _2795_ (net)
                  0.16    0.00   10.71 v _7427_/B (sky130_fd_sc_hd__nor2_1)
     1    0.01    0.55    0.56   11.27 ^ _7427_/Y (sky130_fd_sc_hd__nor2_1)
                                         _2796_ (net)
                  0.55    0.00   11.27 ^ _7428_/A2 (sky130_fd_sc_hd__o21bai_2)
     2    0.01    0.15    0.38   11.65 v _7428_/Y (sky130_fd_sc_hd__o21bai_2)
                                         _2797_ (net)
                  0.15    0.00   11.65 v _7431_/B1 (sky130_fd_sc_hd__a221oi_1)
     2    0.01    1.81    1.71   13.36 ^ _7431_/Y (sky130_fd_sc_hd__a221oi_1)
                                         _2800_ (net)
                  1.81    0.00   13.36 ^ _7434_/A3 (sky130_fd_sc_hd__o31ai_1)
     2    0.00    0.24    0.89   14.25 v _7434_/Y (sky130_fd_sc_hd__o31ai_1)
                                         _2803_ (net)
                  0.24    0.00   14.25 v _7435_/A2 (sky130_fd_sc_hd__a21oi_1)
     1    0.01    0.62    0.78   15.03 ^ _7435_/Y (sky130_fd_sc_hd__a21oi_1)
                                         _2804_ (net)
                  0.62    0.00   15.03 ^ _7436_/B1 (sky130_fd_sc_hd__o21ai_0)
     2    0.01    0.25    0.53   15.56 v _7436_/Y (sky130_fd_sc_hd__o21ai_0)
                                         _2805_ (net)
                  0.25    0.00   15.56 v _7437_/B2 (sky130_fd_sc_hd__a221oi_1)
     2    0.02    2.31    2.37   17.93 ^ _7437_/Y (sky130_fd_sc_hd__a221oi_1)
                                         _2806_ (net)
                  2.31    0.00   17.93 ^ _7440_/A3 (sky130_fd_sc_hd__o31ai_1)
     2    0.01    0.34    1.17   19.10 v _7440_/Y (sky130_fd_sc_hd__o31ai_1)
                                         _2809_ (net)
                  0.34    0.00   19.10 v _7441_/B2 (sky130_fd_sc_hd__a221oi_1)
     2    0.01    1.25    1.53   20.63 ^ _7441_/Y (sky130_fd_sc_hd__a221oi_1)
                                         _2810_ (net)
                  1.25    0.00   20.63 ^ _7442_/C (sky130_fd_sc_hd__nor3_1)
     1    0.00    0.20    0.60   21.24 v _7442_/Y (sky130_fd_sc_hd__nor3_1)
                                         _2811_ (net)
                  0.20    0.00   21.24 v _7443_/C (sky130_fd_sc_hd__nor3_1)
     2    0.01    1.05    1.00   22.24 ^ _7443_/Y (sky130_fd_sc_hd__nor3_1)
                                         _2812_ (net)
                  1.05    0.00   22.24 ^ _7446_/A3 (sky130_fd_sc_hd__o31ai_1)
     2    0.01    0.19    0.64   22.88 v _7446_/Y (sky130_fd_sc_hd__o31ai_1)
                                         _2815_ (net)
                  0.19    0.00   22.88 v _7448_/B1 (sky130_fd_sc_hd__a221o_1)
     2    0.01    0.17    1.34   24.23 v _7448_/X (sky130_fd_sc_hd__a221o_1)
                                         _2817_ (net)
                  0.17    0.00   24.23 v _7449_/B2 (sky130_fd_sc_hd__a221oi_1)
     3    0.01    1.99    2.02   26.25 ^ _7449_/Y (sky130_fd_sc_hd__a221oi_1)
                                         _2818_ (net)
                  1.99    0.00   26.25 ^ _7454_/A2 (sky130_fd_sc_hd__o21ai_0)
     1    0.00    0.25    0.98   27.23 v _7454_/Y (sky130_fd_sc_hd__o21ai_0)
                                         _2823_ (net)
                  0.25    0.00   27.23 v _7456_/A2 (sky130_fd_sc_hd__o21ai_0)
     3    0.04    4.60    3.80   31.03 ^ _7456_/Y (sky130_fd_sc_hd__o21ai_0)
                                         _2825_ (net)
                  4.60    0.00   31.03 ^ _7472_/A2 (sky130_fd_sc_hd__o21ai_0)
     1    0.01    0.59    2.10   33.13 v _7472_/Y (sky130_fd_sc_hd__o21ai_0)
                                         _2841_ (net)
                  0.59    0.00   33.13 v _7473_/S (sky130_fd_sc_hd__mux2i_1)
     1    0.01    1.28    1.34   34.48 ^ _7473_/Y (sky130_fd_sc_hd__mux2i_1)
                                         _2842_ (net)
                  1.28    0.00   34.48 ^ _7474_/B (sky130_fd_sc_hd__nand2_4)
     3    0.01    0.16    0.62   35.10 v _7474_/Y (sky130_fd_sc_hd__nand2_4)
                                         _2843_ (net)
                  0.16    0.00   35.10 v _8523_/A2 (sky130_fd_sc_hd__a21oi_2)
     2    0.01    0.55    0.71   35.81 ^ _8523_/Y (sky130_fd_sc_hd__a21oi_2)
                                         _3618_ (net)
                  0.55    0.00   35.81 ^ _8533_/A1 (sky130_fd_sc_hd__o21ai_0)
     1    0.01    0.25    0.49   36.30 v _8533_/Y (sky130_fd_sc_hd__o21ai_0)
                                         _3626_ (net)
                  0.25    0.00   36.30 v _8534_/B1 (sky130_fd_sc_hd__o311a_1)
     1    0.00    0.18    0.56   36.86 v _8534_/X (sky130_fd_sc_hd__o311a_1)
                                         _0342_ (net)
                  0.18    0.00   36.86 v rv32_soc/latched_branch$_SDFFE_PN0P_/D (sky130_fd_sc_hd__dfxtp_2)
                                 36.86   data arrival time

                  0.00   25.00   25.00   clock clk0 (rise edge)
                          0.00   25.00   clock network delay (ideal)
                          0.00   25.00   clock reconvergence pessimism
                                 25.00 ^ rv32_soc/latched_branch$_SDFFE_PN0P_/CLK (sky130_fd_sc_hd__dfxtp_2)
                         -0.89   24.11   library setup time
                                 24.11   data required time
-----------------------------------------------------------------------------
                                 24.11   data required time
                                -36.86   data arrival time
-----------------------------------------------------------------------------
                                -12.75   slack (VIOLATED)


Startpoint: rv32_soc/latched_stalu$_SDFFE_PN0P_
            (rising edge-triggered flip-flop clocked by clk0)
Endpoint: rv32_soc/reg_next_pc[27]$_SDFFE_PN0P_
          (rising edge-triggered flip-flop clocked by clk0)
Path Group: clk0
Path Type: max
Corner: slow

Fanout     Cap    Slew   Delay    Time   Description
-----------------------------------------------------------------------------
                  0.00    0.00    0.00   clock clk0 (rise edge)
                          0.00    0.00   clock network delay (ideal)
                  0.00    0.00    0.00 ^ rv32_soc/latched_stalu$_SDFFE_PN0P_/CLK (sky130_fd_sc_hd__dfxtp_2)
    33    0.21    3.79    3.87    3.87 ^ rv32_soc/latched_stalu$_SDFFE_PN0P_/Q (sky130_fd_sc_hd__dfxtp_2)
                                         rv32_soc/latched_stalu (net)
                  3.79    0.02    3.89 ^ _5049_/S (sky130_fd_sc_hd__mux2i_1)
     2    0.01    0.99    2.48    6.37 ^ _5049_/Y (sky130_fd_sc_hd__mux2i_1)
                                         _0610_ (net)
                  0.99    0.00    6.37 ^ _5050_/B (sky130_fd_sc_hd__nor2_2)
     1    0.01    0.37    0.51    6.88 v _5050_/Y (sky130_fd_sc_hd__nor2_2)
                                         _0611_ (net)
                  0.37    0.00    6.88 v _5051_/B1 (sky130_fd_sc_hd__a21oi_2)
     3    0.01    0.65    0.82    7.70 ^ _5051_/Y (sky130_fd_sc_hd__a21oi_2)
                                         _0612_ (net)
                  0.65    0.00    7.70 ^ _5052_/A (sky130_fd_sc_hd__inv_1)
     1    0.01    0.14    0.40    8.10 v _5052_/Y (sky130_fd_sc_hd__inv_1)
                                         _4236_ (net)
                  0.14    0.00    8.10 v _9467_/A (sky130_fd_sc_hd__ha_1)
     2    0.01    0.18    0.93    9.03 v _9467_/COUT (sky130_fd_sc_hd__ha_1)
                                         _4641_ (net)
                  0.18    0.00    9.03 v _7527_/A (sky130_fd_sc_hd__clkinv_1)
     1    0.01    0.22    0.30    9.33 ^ _7527_/Y (sky130_fd_sc_hd__clkinv_1)
                                         _4253_ (net)
                  0.22    0.00    9.33 ^ _9304_/CIN (sky130_fd_sc_hd__fa_1)
     2    0.01    0.35    0.67    9.99 ^ _9304_/COUT (sky130_fd_sc_hd__fa_1)
                                         _4254_ (net)
                  0.35    0.00    9.99 ^ _8014_/A (sky130_fd_sc_hd__nor2b_1)
     1    0.01    0.11    0.25   10.25 v _8014_/Y (sky130_fd_sc_hd__nor2b_1)
                                         _3200_ (net)
                  0.11    0.00   10.25 v _8015_/A2 (sky130_fd_sc_hd__o21ai_0)
     2    0.01    1.48    1.32   11.57 ^ _8015_/Y (sky130_fd_sc_hd__o21ai_0)
                                         _3201_ (net)
                  1.48    0.00   11.57 ^ _8037_/A2 (sky130_fd_sc_hd__a21boi_2)
     1    0.00    0.15    0.69   12.27 v _8037_/Y (sky130_fd_sc_hd__a21boi_2)
                                         _3221_ (net)
                  0.15    0.00   12.27 v _8038_/A2 (sky130_fd_sc_hd__o21ai_0)
     2    0.01    1.22    1.15   13.41 ^ _8038_/Y (sky130_fd_sc_hd__o21ai_0)
                                         _3222_ (net)
                  1.22    0.00   13.41 ^ _8039_/A2 (sky130_fd_sc_hd__a21boi_2)
     2    0.01    0.17    0.65   14.06 v _8039_/Y (sky130_fd_sc_hd__a21boi_2)
                                         _3223_ (net)
                  0.17    0.00   14.06 v _8057_/A2 (sky130_fd_sc_hd__o21ai_0)
     2    0.01    1.37    1.27   15.33 ^ _8057_/Y (sky130_fd_sc_hd__o21ai_0)
                                         _3239_ (net)
                  1.37    0.00   15.33 ^ _8058_/A2 (sky130_fd_sc_hd__a21boi_2)
     2    0.01    0.15    0.66   15.99 v _8058_/Y (sky130_fd_sc_hd__a21boi_2)
                                         _3240_ (net)
                  0.15    0.00   15.99 v _8081_/A2 (sky130_fd_sc_hd__o21ai_0)
     2    0.01    1.56    1.41   17.40 ^ _8081_/Y (sky130_fd_sc_hd__o21ai_0)
                                         _3261_ (net)
                  1.56    0.00   17.40 ^ _8082_/A2 (sky130_fd_sc_hd__a21boi_2)
     2    0.01    0.18    0.75   18.15 v _8082_/Y (sky130_fd_sc_hd__a21boi_2)
                                         _3262_ (net)
                  0.18    0.00   18.15 v _8107_/A2 (sky130_fd_sc_hd__o21ai_0)
     2    0.01    1.38    1.29   19.44 ^ _8107_/Y (sky130_fd_sc_hd__o21ai_0)
                                         _3285_ (net)
                  1.38    0.00   19.44 ^ _8108_/A2 (sky130_fd_sc_hd__a21boi_2)
     2    0.01    0.17    0.69   20.13 v _8108_/Y (sky130_fd_sc_hd__a21boi_2)
                                         _3286_ (net)
                  0.17    0.00   20.13 v _8131_/A2 (sky130_fd_sc_hd__o21ai_0)
     2    0.01    1.73    1.55   21.68 ^ _8131_/Y (sky130_fd_sc_hd__o21ai_0)
                                         _3307_ (net)
                  1.73    0.00   21.68 ^ _8132_/A2 (sky130_fd_sc_hd__a21boi_2)
     2    0.01    0.18    0.79   22.47 v _8132_/Y (sky130_fd_sc_hd__a21boi_2)
                                         _3308_ (net)
                  0.18    0.00   22.47 v _8154_/A2 (sky130_fd_sc_hd__o21ai_0)
     2    0.01    1.62    1.48   23.95 ^ _8154_/Y (sky130_fd_sc_hd__o21ai_0)
                                         _3328_ (net)
                  1.62    0.00   23.95 ^ _8155_/A2 (sky130_fd_sc_hd__a21boi_2)
     2    0.01    0.17    0.76   24.71 v _8155_/Y (sky130_fd_sc_hd__a21boi_2)
                                         _3329_ (net)
                  0.17    0.00   24.71 v _8176_/A2 (sky130_fd_sc_hd__o21ai_0)
     2    0.01    1.25    1.18   25.90 ^ _8176_/Y (sky130_fd_sc_hd__o21ai_0)
                                         _3348_ (net)
                  1.25    0.00   25.90 ^ _8177_/A2 (sky130_fd_sc_hd__a21boi_2)
     2    0.01    0.15    0.64   26.54 v _8177_/Y (sky130_fd_sc_hd__a21boi_2)
                                         _3349_ (net)
                  0.15    0.00   26.54 v _8199_/A2 (sky130_fd_sc_hd__o21ai_0)
     2    0.01    1.27    1.19   27.72 ^ _8199_/Y (sky130_fd_sc_hd__o21ai_0)
                                         _3369_ (net)
                  1.27    0.00   27.72 ^ _8200_/A2 (sky130_fd_sc_hd__a21boi_2)
     2    0.01    0.15    0.64   28.36 v _8200_/Y (sky130_fd_sc_hd__a21boi_2)
                                         _3370_ (net)
                  0.15    0.00   28.36 v _8223_/A2 (sky130_fd_sc_hd__o21ai_0)
     2    0.01    1.51    1.37   29.74 ^ _8223_/Y (sky130_fd_sc_hd__o21ai_0)
                                         _3391_ (net)
                  1.51    0.00   29.74 ^ _8224_/A2 (sky130_fd_sc_hd__a21boi_1)
     2    0.01    0.25    0.86   30.60 v _8224_/Y (sky130_fd_sc_hd__a21boi_1)
                                         _3392_ (net)
                  0.25    0.00   30.60 v _8240_/A2 (sky130_fd_sc_hd__o21ai_0)
     2    0.01    1.52    1.44   32.03 ^ _8240_/Y (sky130_fd_sc_hd__o21ai_0)
                                         _3406_ (net)
                  1.52    0.00   32.03 ^ _8243_/A2 (sky130_fd_sc_hd__a21boi_2)
     2    0.01    0.16    0.71   32.75 v _8243_/Y (sky130_fd_sc_hd__a21boi_2)
                                         _3409_ (net)
                  0.16    0.00   32.75 v _8266_/A2 (sky130_fd_sc_hd__o21ai_0)
     3    0.01    1.79    1.60   34.34 ^ _8266_/Y (sky130_fd_sc_hd__o21ai_0)
                                         _3430_ (net)
                  1.79    0.00   34.34 ^ _8267_/B (sky130_fd_sc_hd__nand2_1)
     1    0.00    0.24    0.87   35.22 v _8267_/Y (sky130_fd_sc_hd__nand2_1)
                                         _3431_ (net)
                  0.24    0.00   35.22 v _8268_/B (sky130_fd_sc_hd__xnor2_1)
     1    0.00    0.10    0.45   35.66 v _8268_/Y (sky130_fd_sc_hd__xnor2_1)
                                         _3432_ (net)
                  0.10    0.00   35.66 v _8269_/B2 (sky130_fd_sc_hd__o221ai_1)
     1    0.00    0.58    0.63   36.29 ^ _8269_/Y (sky130_fd_sc_hd__o221ai_1)
                                         _3433_ (net)
                  0.58    0.00   36.29 ^ _8271_/A2 (sky130_fd_sc_hd__o21ai_0)
     1    0.00    0.11    0.38   36.67 v _8271_/Y (sky130_fd_sc_hd__o21ai_0)
                                         _0266_ (net)
                  0.11    0.00   36.67 v rv32_soc/reg_next_pc[27]$_SDFFE_PN0P_/D (sky130_fd_sc_hd__dfxtp_2)
                                 36.67   data arrival time

                  0.00   25.00   25.00   clock clk0 (rise edge)
                          0.00   25.00   clock network delay (ideal)
                          0.00   25.00   clock reconvergence pessimism
                                 25.00 ^ rv32_soc/reg_next_pc[27]$_SDFFE_PN0P_/CLK (sky130_fd_sc_hd__dfxtp_2)
                         -0.84   24.16   library setup time
                                 24.16   data required time
-----------------------------------------------------------------------------
                                 24.16   data required time
                                -36.67   data arrival time
-----------------------------------------------------------------------------
                                -12.52   slack (VIOLATED)


Startpoint: mem_la_wdata[3]$_DFFE_PP_
            (rising edge-triggered flip-flop clocked by clk0)
Endpoint: rv32_soc/alu_out_q[0]$_DFF_P_
          (rising edge-triggered flip-flop clocked by clk0)
Path Group: clk0
Path Type: max
Corner: slow

Fanout     Cap    Slew   Delay    Time   Description
-----------------------------------------------------------------------------
                  0.00    0.00    0.00   clock clk0 (rise edge)
                          0.00    0.00   clock network delay (ideal)
                  0.00    0.00    0.00 ^ mem_la_wdata[3]$_DFFE_PP_/CLK (sky130_fd_sc_hd__edfxtp_1)
     6    0.11    3.38    3.38    3.38 ^ mem_la_wdata[3]$_DFFE_PP_/Q (sky130_fd_sc_hd__edfxtp_1)
                                         mem_la_wdata[3] (net)
                  3.38    0.01    3.39 ^ _7532_/A (sky130_fd_sc_hd__clkinv_1)
     3    0.01    0.60    1.77    5.15 v _7532_/Y (sky130_fd_sc_hd__clkinv_1)
                                         _4407_ (net)
                  0.60    0.00    5.15 v _9379_/A (sky130_fd_sc_hd__ha_1)
     8    0.03    0.95    2.03    7.18 ^ _9379_/SUM (sky130_fd_sc_hd__ha_1)
                                         _4410_ (net)
                  0.95    0.00    7.18 ^ _7420_/C (sky130_fd_sc_hd__nor3_1)
     1    0.01    0.19    0.55    7.73 v _7420_/Y (sky130_fd_sc_hd__nor3_1)
                                         _2789_ (net)
                  0.19    0.00    7.73 v _7422_/B (sky130_fd_sc_hd__nor3_2)
     2    0.01    0.82    0.95    8.68 ^ _7422_/Y (sky130_fd_sc_hd__nor3_2)
                                         _2791_ (net)
                  0.82    0.00    8.68 ^ _7423_/C (sky130_fd_sc_hd__nor3_1)
     1    0.01    0.19    0.48    9.16 v _7423_/Y (sky130_fd_sc_hd__nor3_1)
                                         _2792_ (net)
                  0.19    0.00    9.16 v _7425_/B (sky130_fd_sc_hd__nor3_2)
     2    0.01    0.94    1.07   10.23 ^ _7425_/Y (sky130_fd_sc_hd__nor3_2)
                                         _2794_ (net)
                  0.94    0.00   10.23 ^ _7426_/B (sky130_fd_sc_hd__nor2_1)
     1    0.00    0.16    0.48   10.71 v _7426_/Y (sky130_fd_sc_hd__nor2_1)
                                         _2795_ (net)
                  0.16    0.00   10.71 v _7427_/B (sky130_fd_sc_hd__nor2_1)
     1    0.01    0.55    0.56   11.27 ^ _7427_/Y (sky130_fd_sc_hd__nor2_1)
                                         _2796_ (net)
                  0.55    0.00   11.27 ^ _7428_/A2 (sky130_fd_sc_hd__o21bai_2)
     2    0.01    0.15    0.38   11.65 v _7428_/Y (sky130_fd_sc_hd__o21bai_2)
                                         _2797_ (net)
                  0.15    0.00   11.65 v _7431_/B1 (sky130_fd_sc_hd__a221oi_1)
     2    0.01    1.81    1.71   13.36 ^ _7431_/Y (sky130_fd_sc_hd__a221oi_1)
                                         _2800_ (net)
                  1.81    0.00   13.36 ^ _7434_/A3 (sky130_fd_sc_hd__o31ai_1)
     2    0.00    0.24    0.89   14.25 v _7434_/Y (sky130_fd_sc_hd__o31ai_1)
                                         _2803_ (net)
                  0.24    0.00   14.25 v _7435_/A2 (sky130_fd_sc_hd__a21oi_1)
     1    0.01    0.62    0.78   15.03 ^ _7435_/Y (sky130_fd_sc_hd__a21oi_1)
                                         _2804_ (net)
                  0.62    0.00   15.03 ^ _7436_/B1 (sky130_fd_sc_hd__o21ai_0)
     2    0.01    0.25    0.53   15.56 v _7436_/Y (sky130_fd_sc_hd__o21ai_0)
                                         _2805_ (net)
                  0.25    0.00   15.56 v _7437_/B2 (sky130_fd_sc_hd__a221oi_1)
     2    0.02    2.31    2.37   17.93 ^ _7437_/Y (sky130_fd_sc_hd__a221oi_1)
                                         _2806_ (net)
                  2.31    0.00   17.93 ^ _7440_/A3 (sky130_fd_sc_hd__o31ai_1)
     2    0.01    0.34    1.17   19.10 v _7440_/Y (sky130_fd_sc_hd__o31ai_1)
                                         _2809_ (net)
                  0.34    0.00   19.10 v _7441_/B2 (sky130_fd_sc_hd__a221oi_1)
     2    0.01    1.25    1.53   20.63 ^ _7441_/Y (sky130_fd_sc_hd__a221oi_1)
                                         _2810_ (net)
                  1.25    0.00   20.63 ^ _7442_/C (sky130_fd_sc_hd__nor3_1)
     1    0.00    0.20    0.60   21.24 v _7442_/Y (sky130_fd_sc_hd__nor3_1)
                                         _2811_ (net)
                  0.20    0.00   21.24 v _7443_/C (sky130_fd_sc_hd__nor3_1)
     2    0.01    1.05    1.00   22.24 ^ _7443_/Y (sky130_fd_sc_hd__nor3_1)
                                         _2812_ (net)
                  1.05    0.00   22.24 ^ _7446_/A3 (sky130_fd_sc_hd__o31ai_1)
     2    0.01    0.19    0.64   22.88 v _7446_/Y (sky130_fd_sc_hd__o31ai_1)
                                         _2815_ (net)
                  0.19    0.00   22.88 v _7448_/B1 (sky130_fd_sc_hd__a221o_1)
     2    0.01    0.17    1.34   24.23 v _7448_/X (sky130_fd_sc_hd__a221o_1)
                                         _2817_ (net)
                  0.17    0.00   24.23 v _7449_/B2 (sky130_fd_sc_hd__a221oi_1)
     3    0.01    1.99    2.02   26.25 ^ _7449_/Y (sky130_fd_sc_hd__a221oi_1)
                                         _2818_ (net)
                  1.99    0.00   26.25 ^ _7454_/A2 (sky130_fd_sc_hd__o21ai_0)
     1    0.00    0.25    0.98   27.23 v _7454_/Y (sky130_fd_sc_hd__o21ai_0)
                                         _2823_ (net)
                  0.25    0.00   27.23 v _7456_/A2 (sky130_fd_sc_hd__o21ai_0)
     3    0.04    4.60    3.80   31.03 ^ _7456_/Y (sky130_fd_sc_hd__o21ai_0)
                                         _2825_ (net)
                  4.60    0.00   31.03 ^ _7472_/A2 (sky130_fd_sc_hd__o21ai_0)
     1    0.01    0.59    2.10   33.13 v _7472_/Y (sky130_fd_sc_hd__o21ai_0)
                                         _2841_ (net)
                  0.59    0.00   33.13 v _7473_/S (sky130_fd_sc_hd__mux2i_1)
     1    0.01    1.28    1.34   34.48 ^ _7473_/Y (sky130_fd_sc_hd__mux2i_1)
                                         _2842_ (net)
                  1.28    0.00   34.48 ^ _7474_/B (sky130_fd_sc_hd__nand2_4)
     3    0.01    0.16    0.62   35.10 v _7474_/Y (sky130_fd_sc_hd__nand2_4)
                                         _2843_ (net)
                  0.16    0.00   35.10 v _8825_/A2 (sky130_fd_sc_hd__a221o_1)
     1    0.00    0.13    1.49   36.58 v _8825_/X (sky130_fd_sc_hd__a221o_1)
                                         rv32_soc/alu_out[0] (net)
                  0.13    0.00   36.58 v rv32_soc/alu_out_q[0]$_DFF_P_/D (sky130_fd_sc_hd__dfxtp_2)
                                 36.58   data arrival time

                  0.00   25.00   25.00   clock clk0 (rise edge)
                          0.00   25.00   clock network delay (ideal)
                          0.00   25.00   clock reconvergence pessimism
                                 25.00 ^ rv32_soc/alu_out_q[0]$_DFF_P_/CLK (sky130_fd_sc_hd__dfxtp_2)
                         -0.86   24.14   library setup time
                                 24.14   data required time
-----------------------------------------------------------------------------
                                 24.14   data required time
                                -36.58   data arrival time
-----------------------------------------------------------------------------
                                -12.44   slack (VIOLATED)


Startpoint: mem_la_wdata[3]$_DFFE_PP_
            (rising edge-triggered flip-flop clocked by clk0)
Endpoint: rv32_soc/latched_store$_SDFFE_PN0P_
          (rising edge-triggered flip-flop clocked by clk0)
Path Group: clk0
Path Type: max
Corner: slow

Fanout     Cap    Slew   Delay    Time   Description
-----------------------------------------------------------------------------
                  0.00    0.00    0.00   clock clk0 (rise edge)
                          0.00    0.00   clock network delay (ideal)
                  0.00    0.00    0.00 ^ mem_la_wdata[3]$_DFFE_PP_/CLK (sky130_fd_sc_hd__edfxtp_1)
     6    0.11    3.38    3.38    3.38 ^ mem_la_wdata[3]$_DFFE_PP_/Q (sky130_fd_sc_hd__edfxtp_1)
                                         mem_la_wdata[3] (net)
                  3.38    0.01    3.39 ^ _7532_/A (sky130_fd_sc_hd__clkinv_1)
     3    0.01    0.60    1.77    5.15 v _7532_/Y (sky130_fd_sc_hd__clkinv_1)
                                         _4407_ (net)
                  0.60    0.00    5.15 v _9379_/A (sky130_fd_sc_hd__ha_1)
     8    0.03    0.95    2.03    7.18 ^ _9379_/SUM (sky130_fd_sc_hd__ha_1)
                                         _4410_ (net)
                  0.95    0.00    7.18 ^ _7420_/C (sky130_fd_sc_hd__nor3_1)
     1    0.01    0.19    0.55    7.73 v _7420_/Y (sky130_fd_sc_hd__nor3_1)
                                         _2789_ (net)
                  0.19    0.00    7.73 v _7422_/B (sky130_fd_sc_hd__nor3_2)
     2    0.01    0.82    0.95    8.68 ^ _7422_/Y (sky130_fd_sc_hd__nor3_2)
                                         _2791_ (net)
                  0.82    0.00    8.68 ^ _7423_/C (sky130_fd_sc_hd__nor3_1)
     1    0.01    0.19    0.48    9.16 v _7423_/Y (sky130_fd_sc_hd__nor3_1)
                                         _2792_ (net)
                  0.19    0.00    9.16 v _7425_/B (sky130_fd_sc_hd__nor3_2)
     2    0.01    0.94    1.07   10.23 ^ _7425_/Y (sky130_fd_sc_hd__nor3_2)
                                         _2794_ (net)
                  0.94    0.00   10.23 ^ _7426_/B (sky130_fd_sc_hd__nor2_1)
     1    0.00    0.16    0.48   10.71 v _7426_/Y (sky130_fd_sc_hd__nor2_1)
                                         _2795_ (net)
                  0.16    0.00   10.71 v _7427_/B (sky130_fd_sc_hd__nor2_1)
     1    0.01    0.55    0.56   11.27 ^ _7427_/Y (sky130_fd_sc_hd__nor2_1)
                                         _2796_ (net)
                  0.55    0.00   11.27 ^ _7428_/A2 (sky130_fd_sc_hd__o21bai_2)
     2    0.01    0.15    0.38   11.65 v _7428_/Y (sky130_fd_sc_hd__o21bai_2)
                                         _2797_ (net)
                  0.15    0.00   11.65 v _7431_/B1 (sky130_fd_sc_hd__a221oi_1)
     2    0.01    1.81    1.71   13.36 ^ _7431_/Y (sky130_fd_sc_hd__a221oi_1)
                                         _2800_ (net)
                  1.81    0.00   13.36 ^ _7434_/A3 (sky130_fd_sc_hd__o31ai_1)
     2    0.00    0.24    0.89   14.25 v _7434_/Y (sky130_fd_sc_hd__o31ai_1)
                                         _2803_ (net)
                  0.24    0.00   14.25 v _7435_/A2 (sky130_fd_sc_hd__a21oi_1)
     1    0.01    0.62    0.78   15.03 ^ _7435_/Y (sky130_fd_sc_hd__a21oi_1)
                                         _2804_ (net)
                  0.62    0.00   15.03 ^ _7436_/B1 (sky130_fd_sc_hd__o21ai_0)
     2    0.01    0.25    0.53   15.56 v _7436_/Y (sky130_fd_sc_hd__o21ai_0)
                                         _2805_ (net)
                  0.25    0.00   15.56 v _7437_/B2 (sky130_fd_sc_hd__a221oi_1)
     2    0.02    2.31    2.37   17.93 ^ _7437_/Y (sky130_fd_sc_hd__a221oi_1)
                                         _2806_ (net)
                  2.31    0.00   17.93 ^ _7440_/A3 (sky130_fd_sc_hd__o31ai_1)
     2    0.01    0.34    1.17   19.10 v _7440_/Y (sky130_fd_sc_hd__o31ai_1)
                                         _2809_ (net)
                  0.34    0.00   19.10 v _7441_/B2 (sky130_fd_sc_hd__a221oi_1)
     2    0.01    1.25    1.53   20.63 ^ _7441_/Y (sky130_fd_sc_hd__a221oi_1)
                                         _2810_ (net)
                  1.25    0.00   20.63 ^ _7442_/C (sky130_fd_sc_hd__nor3_1)
     1    0.00    0.20    0.60   21.24 v _7442_/Y (sky130_fd_sc_hd__nor3_1)
                                         _2811_ (net)
                  0.20    0.00   21.24 v _7443_/C (sky130_fd_sc_hd__nor3_1)
     2    0.01    1.05    1.00   22.24 ^ _7443_/Y (sky130_fd_sc_hd__nor3_1)
                                         _2812_ (net)
                  1.05    0.00   22.24 ^ _7446_/A3 (sky130_fd_sc_hd__o31ai_1)
     2    0.01    0.19    0.64   22.88 v _7446_/Y (sky130_fd_sc_hd__o31ai_1)
                                         _2815_ (net)
                  0.19    0.00   22.88 v _7448_/B1 (sky130_fd_sc_hd__a221o_1)
     2    0.01    0.17    1.34   24.23 v _7448_/X (sky130_fd_sc_hd__a221o_1)
                                         _2817_ (net)
                  0.17    0.00   24.23 v _7449_/B2 (sky130_fd_sc_hd__a221oi_1)
     3    0.01    1.99    2.02   26.25 ^ _7449_/Y (sky130_fd_sc_hd__a221oi_1)
                                         _2818_ (net)
                  1.99    0.00   26.25 ^ _7454_/A2 (sky130_fd_sc_hd__o21ai_0)
     1    0.00    0.25    0.98   27.23 v _7454_/Y (sky130_fd_sc_hd__o21ai_0)
                                         _2823_ (net)
                  0.25    0.00   27.23 v _7456_/A2 (sky130_fd_sc_hd__o21ai_0)
     3    0.04    4.60    3.80   31.03 ^ _7456_/Y (sky130_fd_sc_hd__o21ai_0)
                                         _2825_ (net)
                  4.60    0.00   31.03 ^ _7472_/A2 (sky130_fd_sc_hd__o21ai_0)
     1    0.01    0.59    2.10   33.13 v _7472_/Y (sky130_fd_sc_hd__o21ai_0)
                                         _2841_ (net)
                  0.59    0.00   33.13 v _7473_/S (sky130_fd_sc_hd__mux2i_1)
     1    0.01    1.28    1.34   34.48 ^ _7473_/Y (sky130_fd_sc_hd__mux2i_1)
                                         _2842_ (net)
                  1.28    0.00   34.48 ^ _7474_/B (sky130_fd_sc_hd__nand2_4)
     3    0.01    0.16    0.62   35.10 v _7474_/Y (sky130_fd_sc_hd__nand2_4)
                                         _2843_ (net)
                  0.16    0.00   35.10 v _8523_/A2 (sky130_fd_sc_hd__a21oi_2)
     2    0.01    0.55    0.71   35.81 ^ _8523_/Y (sky130_fd_sc_hd__a21oi_2)
                                         _3618_ (net)
                  0.55    0.00   35.81 ^ _8527_/A3 (sky130_fd_sc_hd__a41oi_1)
     1    0.00    0.20    0.48   36.29 v _8527_/Y (sky130_fd_sc_hd__a41oi_1)
                                         _0340_ (net)
                  0.20    0.00   36.29 v rv32_soc/latched_store$_SDFFE_PN0P_/D (sky130_fd_sc_hd__dfxtp_2)
                                 36.29   data arrival time

                  0.00   25.00   25.00   clock clk0 (rise edge)
                          0.00   25.00   clock network delay (ideal)
                          0.00   25.00   clock reconvergence pessimism
                                 25.00 ^ rv32_soc/latched_store$_SDFFE_PN0P_/CLK (sky130_fd_sc_hd__dfxtp_2)
                         -0.90   24.10   library setup time
                                 24.10   data required time
-----------------------------------------------------------------------------
                                 24.10   data required time
                                -36.29   data arrival time
-----------------------------------------------------------------------------
                                -12.19   slack (VIOLATED)


Startpoint: mem_la_wdata[3]$_DFFE_PP_
            (rising edge-triggered flip-flop clocked by clk0)
Endpoint: rv32_soc/decoder_trigger$_DFF_P_
          (rising edge-triggered flip-flop clocked by clk0)
Path Group: clk0
Path Type: max
Corner: slow

Fanout     Cap    Slew   Delay    Time   Description
-----------------------------------------------------------------------------
                  0.00    0.00    0.00   clock clk0 (rise edge)
                          0.00    0.00   clock network delay (ideal)
                  0.00    0.00    0.00 ^ mem_la_wdata[3]$_DFFE_PP_/CLK (sky130_fd_sc_hd__edfxtp_1)
     6    0.11    3.38    3.38    3.38 ^ mem_la_wdata[3]$_DFFE_PP_/Q (sky130_fd_sc_hd__edfxtp_1)
                                         mem_la_wdata[3] (net)
                  3.38    0.01    3.39 ^ _7532_/A (sky130_fd_sc_hd__clkinv_1)
     3    0.01    0.60    1.77    5.15 v _7532_/Y (sky130_fd_sc_hd__clkinv_1)
                                         _4407_ (net)
                  0.60    0.00    5.15 v _9379_/A (sky130_fd_sc_hd__ha_1)
     8    0.03    0.95    2.03    7.18 ^ _9379_/SUM (sky130_fd_sc_hd__ha_1)
                                         _4410_ (net)
                  0.95    0.00    7.18 ^ _7420_/C (sky130_fd_sc_hd__nor3_1)
     1    0.01    0.19    0.55    7.73 v _7420_/Y (sky130_fd_sc_hd__nor3_1)
                                         _2789_ (net)
                  0.19    0.00    7.73 v _7422_/B (sky130_fd_sc_hd__nor3_2)
     2    0.01    0.82    0.95    8.68 ^ _7422_/Y (sky130_fd_sc_hd__nor3_2)
                                         _2791_ (net)
                  0.82    0.00    8.68 ^ _7423_/C (sky130_fd_sc_hd__nor3_1)
     1    0.01    0.19    0.48    9.16 v _7423_/Y (sky130_fd_sc_hd__nor3_1)
                                         _2792_ (net)
                  0.19    0.00    9.16 v _7425_/B (sky130_fd_sc_hd__nor3_2)
     2    0.01    0.94    1.07   10.23 ^ _7425_/Y (sky130_fd_sc_hd__nor3_2)
                                         _2794_ (net)
                  0.94    0.00   10.23 ^ _7426_/B (sky130_fd_sc_hd__nor2_1)
     1    0.00    0.16    0.48   10.71 v _7426_/Y (sky130_fd_sc_hd__nor2_1)
                                         _2795_ (net)
                  0.16    0.00   10.71 v _7427_/B (sky130_fd_sc_hd__nor2_1)
     1    0.01    0.55    0.56   11.27 ^ _7427_/Y (sky130_fd_sc_hd__nor2_1)
                                         _2796_ (net)
                  0.55    0.00   11.27 ^ _7428_/A2 (sky130_fd_sc_hd__o21bai_2)
     2    0.01    0.15    0.38   11.65 v _7428_/Y (sky130_fd_sc_hd__o21bai_2)
                                         _2797_ (net)
                  0.15    0.00   11.65 v _7431_/B1 (sky130_fd_sc_hd__a221oi_1)
     2    0.01    1.81    1.71   13.36 ^ _7431_/Y (sky130_fd_sc_hd__a221oi_1)
                                         _2800_ (net)
                  1.81    0.00   13.36 ^ _7434_/A3 (sky130_fd_sc_hd__o31ai_1)
     2    0.00    0.24    0.89   14.25 v _7434_/Y (sky130_fd_sc_hd__o31ai_1)
                                         _2803_ (net)
                  0.24    0.00   14.25 v _7435_/A2 (sky130_fd_sc_hd__a21oi_1)
     1    0.01    0.62    0.78   15.03 ^ _7435_/Y (sky130_fd_sc_hd__a21oi_1)
                                         _2804_ (net)
                  0.62    0.00   15.03 ^ _7436_/B1 (sky130_fd_sc_hd__o21ai_0)
     2    0.01    0.25    0.53   15.56 v _7436_/Y (sky130_fd_sc_hd__o21ai_0)
                                         _2805_ (net)
                  0.25    0.00   15.56 v _7437_/B2 (sky130_fd_sc_hd__a221oi_1)
     2    0.02    2.31    2.37   17.93 ^ _7437_/Y (sky130_fd_sc_hd__a221oi_1)
                                         _2806_ (net)
                  2.31    0.00   17.93 ^ _7440_/A3 (sky130_fd_sc_hd__o31ai_1)
     2    0.01    0.34    1.17   19.10 v _7440_/Y (sky130_fd_sc_hd__o31ai_1)
                                         _2809_ (net)
                  0.34    0.00   19.10 v _7441_/B2 (sky130_fd_sc_hd__a221oi_1)
     2    0.01    1.25    1.53   20.63 ^ _7441_/Y (sky130_fd_sc_hd__a221oi_1)
                                         _2810_ (net)
                  1.25    0.00   20.63 ^ _7442_/C (sky130_fd_sc_hd__nor3_1)
     1    0.00    0.20    0.60   21.24 v _7442_/Y (sky130_fd_sc_hd__nor3_1)
                                         _2811_ (net)
                  0.20    0.00   21.24 v _7443_/C (sky130_fd_sc_hd__nor3_1)
     2    0.01    1.05    1.00   22.24 ^ _7443_/Y (sky130_fd_sc_hd__nor3_1)
                                         _2812_ (net)
                  1.05    0.00   22.24 ^ _7446_/A3 (sky130_fd_sc_hd__o31ai_1)
     2    0.01    0.19    0.64   22.88 v _7446_/Y (sky130_fd_sc_hd__o31ai_1)
                                         _2815_ (net)
                  0.19    0.00   22.88 v _7448_/B1 (sky130_fd_sc_hd__a221o_1)
     2    0.01    0.17    1.34   24.23 v _7448_/X (sky130_fd_sc_hd__a221o_1)
                                         _2817_ (net)
                  0.17    0.00   24.23 v _7449_/B2 (sky130_fd_sc_hd__a221oi_1)
     3    0.01    1.99    2.02   26.25 ^ _7449_/Y (sky130_fd_sc_hd__a221oi_1)
                                         _2818_ (net)
                  1.99    0.00   26.25 ^ _7454_/A2 (sky130_fd_sc_hd__o21ai_0)
     1    0.00    0.25    0.98   27.23 v _7454_/Y (sky130_fd_sc_hd__o21ai_0)
                                         _2823_ (net)
                  0.25    0.00   27.23 v _7456_/A2 (sky130_fd_sc_hd__o21ai_0)
     3    0.04    4.60    3.80   31.03 ^ _7456_/Y (sky130_fd_sc_hd__o21ai_0)
                                         _2825_ (net)
                  4.60    0.00   31.03 ^ _7472_/A2 (sky130_fd_sc_hd__o21ai_0)
     1    0.01    0.59    2.10   33.13 v _7472_/Y (sky130_fd_sc_hd__o21ai_0)
                                         _2841_ (net)
                  0.59    0.00   33.13 v _7473_/S (sky130_fd_sc_hd__mux2i_1)
     1    0.01    0.27    0.74   33.88 v _7473_/Y (sky130_fd_sc_hd__mux2i_1)
                                         _2842_ (net)
                  0.27    0.00   33.88 v _7474_/B (sky130_fd_sc_hd__nand2_4)
     3    0.01    0.21    0.38   34.26 ^ _7474_/Y (sky130_fd_sc_hd__nand2_4)
                                         _2843_ (net)
                  0.21    0.00   34.26 ^ _7475_/B (sky130_fd_sc_hd__nand2_1)
     2    0.01    0.34    0.25   34.51 v _7475_/Y (sky130_fd_sc_hd__nand2_1)
                                         _2844_ (net)
                  0.34    0.00   34.51 v _7477_/A3 (sky130_fd_sc_hd__a311o_1)
     1    0.00    0.14    1.69   36.20 v _7477_/X (sky130_fd_sc_hd__a311o_1)
                                         _0039_ (net)
                  0.14    0.00   36.20 v rv32_soc/decoder_trigger$_DFF_P_/D (sky130_fd_sc_hd__dfxtp_2)
                                 36.20   data arrival time

                  0.00   25.00   25.00   clock clk0 (rise edge)
                          0.00   25.00   clock network delay (ideal)
                          0.00   25.00   clock reconvergence pessimism
                                 25.00 ^ rv32_soc/decoder_trigger$_DFF_P_/CLK (sky130_fd_sc_hd__dfxtp_2)
                         -0.86   24.14   library setup time
                                 24.14   data required time
-----------------------------------------------------------------------------
                                 24.14   data required time
                                -36.20   data arrival time
-----------------------------------------------------------------------------
                                -12.06   slack (VIOLATED)


Startpoint: mem_la_wdata[3]$_DFFE_PP_
            (rising edge-triggered flip-flop clocked by clk0)
Endpoint: rv32_soc/mem_do_rinst$_SDFFE_PP1P_
          (rising edge-triggered flip-flop clocked by clk0)
Path Group: clk0
Path Type: max
Corner: slow

Fanout     Cap    Slew   Delay    Time   Description
-----------------------------------------------------------------------------
                  0.00    0.00    0.00   clock clk0 (rise edge)
                          0.00    0.00   clock network delay (ideal)
                  0.00    0.00    0.00 ^ mem_la_wdata[3]$_DFFE_PP_/CLK (sky130_fd_sc_hd__edfxtp_1)
     6    0.11    3.38    3.38    3.38 ^ mem_la_wdata[3]$_DFFE_PP_/Q (sky130_fd_sc_hd__edfxtp_1)
                                         mem_la_wdata[3] (net)
                  3.38    0.01    3.39 ^ _7532_/A (sky130_fd_sc_hd__clkinv_1)
     3    0.01    0.60    1.77    5.15 v _7532_/Y (sky130_fd_sc_hd__clkinv_1)
                                         _4407_ (net)
                  0.60    0.00    5.15 v _9379_/A (sky130_fd_sc_hd__ha_1)
     8    0.03    0.95    2.03    7.18 ^ _9379_/SUM (sky130_fd_sc_hd__ha_1)
                                         _4410_ (net)
                  0.95    0.00    7.18 ^ _7420_/C (sky130_fd_sc_hd__nor3_1)
     1    0.01    0.19    0.55    7.73 v _7420_/Y (sky130_fd_sc_hd__nor3_1)
                                         _2789_ (net)
                  0.19    0.00    7.73 v _7422_/B (sky130_fd_sc_hd__nor3_2)
     2    0.01    0.82    0.95    8.68 ^ _7422_/Y (sky130_fd_sc_hd__nor3_2)
                                         _2791_ (net)
                  0.82    0.00    8.68 ^ _7423_/C (sky130_fd_sc_hd__nor3_1)
     1    0.01    0.19    0.48    9.16 v _7423_/Y (sky130_fd_sc_hd__nor3_1)
                                         _2792_ (net)
                  0.19    0.00    9.16 v _7425_/B (sky130_fd_sc_hd__nor3_2)
     2    0.01    0.94    1.07   10.23 ^ _7425_/Y (sky130_fd_sc_hd__nor3_2)
                                         _2794_ (net)
                  0.94    0.00   10.23 ^ _7426_/B (sky130_fd_sc_hd__nor2_1)
     1    0.00    0.16    0.48   10.71 v _7426_/Y (sky130_fd_sc_hd__nor2_1)
                                         _2795_ (net)
                  0.16    0.00   10.71 v _7427_/B (sky130_fd_sc_hd__nor2_1)
     1    0.01    0.55    0.56   11.27 ^ _7427_/Y (sky130_fd_sc_hd__nor2_1)
                                         _2796_ (net)
                  0.55    0.00   11.27 ^ _7428_/A2 (sky130_fd_sc_hd__o21bai_2)
     2    0.01    0.15    0.38   11.65 v _7428_/Y (sky130_fd_sc_hd__o21bai_2)
                                         _2797_ (net)
                  0.15    0.00   11.65 v _7431_/B1 (sky130_fd_sc_hd__a221oi_1)
     2    0.01    1.81    1.71   13.36 ^ _7431_/Y (sky130_fd_sc_hd__a221oi_1)
                                         _2800_ (net)
                  1.81    0.00   13.36 ^ _7434_/A3 (sky130_fd_sc_hd__o31ai_1)
     2    0.00    0.24    0.89   14.25 v _7434_/Y (sky130_fd_sc_hd__o31ai_1)
                                         _2803_ (net)
                  0.24    0.00   14.25 v _7435_/A2 (sky130_fd_sc_hd__a21oi_1)
     1    0.01    0.62    0.78   15.03 ^ _7435_/Y (sky130_fd_sc_hd__a21oi_1)
                                         _2804_ (net)
                  0.62    0.00   15.03 ^ _7436_/B1 (sky130_fd_sc_hd__o21ai_0)
     2    0.01    0.25    0.53   15.56 v _7436_/Y (sky130_fd_sc_hd__o21ai_0)
                                         _2805_ (net)
                  0.25    0.00   15.56 v _7437_/B2 (sky130_fd_sc_hd__a221oi_1)
     2    0.02    2.31    2.37   17.93 ^ _7437_/Y (sky130_fd_sc_hd__a221oi_1)
                                         _2806_ (net)
                  2.31    0.00   17.93 ^ _7440_/A3 (sky130_fd_sc_hd__o31ai_1)
     2    0.01    0.34    1.17   19.10 v _7440_/Y (sky130_fd_sc_hd__o31ai_1)
                                         _2809_ (net)
                  0.34    0.00   19.10 v _7441_/B2 (sky130_fd_sc_hd__a221oi_1)
     2    0.01    1.25    1.53   20.63 ^ _7441_/Y (sky130_fd_sc_hd__a221oi_1)
                                         _2810_ (net)
                  1.25    0.00   20.63 ^ _7442_/C (sky130_fd_sc_hd__nor3_1)
     1    0.00    0.20    0.60   21.24 v _7442_/Y (sky130_fd_sc_hd__nor3_1)
                                         _2811_ (net)
                  0.20    0.00   21.24 v _7443_/C (sky130_fd_sc_hd__nor3_1)
     2    0.01    1.05    1.00   22.24 ^ _7443_/Y (sky130_fd_sc_hd__nor3_1)
                                         _2812_ (net)
                  1.05    0.00   22.24 ^ _7446_/A3 (sky130_fd_sc_hd__o31ai_1)
     2    0.01    0.19    0.64   22.88 v _7446_/Y (sky130_fd_sc_hd__o31ai_1)
                                         _2815_ (net)
                  0.19    0.00   22.88 v _7448_/B1 (sky130_fd_sc_hd__a221o_1)
     2    0.01    0.17    1.34   24.23 v _7448_/X (sky130_fd_sc_hd__a221o_1)
                                         _2817_ (net)
                  0.17    0.00   24.23 v _7449_/B2 (sky130_fd_sc_hd__a221oi_1)
     3    0.01    1.99    2.02   26.25 ^ _7449_/Y (sky130_fd_sc_hd__a221oi_1)
                                         _2818_ (net)
                  1.99    0.00   26.25 ^ _7454_/A2 (sky130_fd_sc_hd__o21ai_0)
     1    0.00    0.25    0.98   27.23 v _7454_/Y (sky130_fd_sc_hd__o21ai_0)
                                         _2823_ (net)
                  0.25    0.00   27.23 v _7456_/A2 (sky130_fd_sc_hd__o21ai_0)
     3    0.04    4.60    3.80   31.03 ^ _7456_/Y (sky130_fd_sc_hd__o21ai_0)
                                         _2825_ (net)
                  4.60    0.00   31.03 ^ _7472_/A2 (sky130_fd_sc_hd__o21ai_0)
     1    0.01    0.59    2.10   33.13 v _7472_/Y (sky130_fd_sc_hd__o21ai_0)
                                         _2841_ (net)
                  0.59    0.00   33.13 v _7473_/S (sky130_fd_sc_hd__mux2i_1)
     1    0.01    1.28    1.34   34.48 ^ _7473_/Y (sky130_fd_sc_hd__mux2i_1)
                                         _2842_ (net)
                  1.28    0.00   34.48 ^ _7474_/B (sky130_fd_sc_hd__nand2_4)
     3    0.01    0.16    0.62   35.10 v _7474_/Y (sky130_fd_sc_hd__nand2_4)
                                         _2843_ (net)
                  0.16    0.00   35.10 v _7475_/B (sky130_fd_sc_hd__nand2_1)
     2    0.01    0.29    0.36   35.45 ^ _7475_/Y (sky130_fd_sc_hd__nand2_1)
                                         _2844_ (net)
                  0.29    0.00   35.45 ^ _7587_/B2 (sky130_fd_sc_hd__o22ai_1)
     1    0.00    0.12    0.25   35.70 v _7587_/Y (sky130_fd_sc_hd__o22ai_1)
                                         _0336_ (net)
                  0.12    0.00   35.70 v rv32_soc/mem_do_rinst$_SDFFE_PP1P_/D (sky130_fd_sc_hd__dfxtp_2)
                                 35.70   data arrival time

                  0.00   25.00   25.00   clock clk0 (rise edge)
                          0.00   25.00   clock network delay (ideal)
                          0.00   25.00   clock reconvergence pessimism
                                 25.00 ^ rv32_soc/mem_do_rinst$_SDFFE_PP1P_/CLK (sky130_fd_sc_hd__dfxtp_2)
                         -0.85   24.15   library setup time
                                 24.15   data required time
-----------------------------------------------------------------------------
                                 24.15   data required time
                                -35.70   data arrival time
-----------------------------------------------------------------------------
                                -11.55   slack (VIOLATED)


Startpoint: rv32_soc/latched_stalu$_SDFFE_PN0P_
            (rising edge-triggered flip-flop clocked by clk0)
Endpoint: rv32_soc/reg_next_pc[25]$_SDFFE_PN0P_
          (rising edge-triggered flip-flop clocked by clk0)
Path Group: clk0
Path Type: max
Corner: slow

Fanout     Cap    Slew   Delay    Time   Description
-----------------------------------------------------------------------------
                  0.00    0.00    0.00   clock clk0 (rise edge)
                          0.00    0.00   clock network delay (ideal)
                  0.00    0.00    0.00 ^ rv32_soc/latched_stalu$_SDFFE_PN0P_/CLK (sky130_fd_sc_hd__dfxtp_2)
    33    0.21    3.79    3.87    3.87 ^ rv32_soc/latched_stalu$_SDFFE_PN0P_/Q (sky130_fd_sc_hd__dfxtp_2)
                                         rv32_soc/latched_stalu (net)
                  3.79    0.02    3.89 ^ _5049_/S (sky130_fd_sc_hd__mux2i_1)
     2    0.01    0.99    2.48    6.37 ^ _5049_/Y (sky130_fd_sc_hd__mux2i_1)
                                         _0610_ (net)
                  0.99    0.00    6.37 ^ _5050_/B (sky130_fd_sc_hd__nor2_2)
     1    0.01    0.37    0.51    6.88 v _5050_/Y (sky130_fd_sc_hd__nor2_2)
                                         _0611_ (net)
                  0.37    0.00    6.88 v _5051_/B1 (sky130_fd_sc_hd__a21oi_2)
     3    0.01    0.65    0.82    7.70 ^ _5051_/Y (sky130_fd_sc_hd__a21oi_2)
                                         _0612_ (net)
                  0.65    0.00    7.70 ^ _5052_/A (sky130_fd_sc_hd__inv_1)
     1    0.01    0.14    0.40    8.10 v _5052_/Y (sky130_fd_sc_hd__inv_1)
                                         _4236_ (net)
                  0.14    0.00    8.10 v _9467_/A (sky130_fd_sc_hd__ha_1)
     2    0.01    0.18    0.93    9.03 v _9467_/COUT (sky130_fd_sc_hd__ha_1)
                                         _4641_ (net)
                  0.18    0.00    9.03 v _7527_/A (sky130_fd_sc_hd__clkinv_1)
     1    0.01    0.22    0.30    9.33 ^ _7527_/Y (sky130_fd_sc_hd__clkinv_1)
                                         _4253_ (net)
                  0.22    0.00    9.33 ^ _9304_/CIN (sky130_fd_sc_hd__fa_1)
     2    0.01    0.35    0.67    9.99 ^ _9304_/COUT (sky130_fd_sc_hd__fa_1)
                                         _4254_ (net)
                  0.35    0.00    9.99 ^ _8014_/A (sky130_fd_sc_hd__nor2b_1)
     1    0.01    0.11    0.25   10.25 v _8014_/Y (sky130_fd_sc_hd__nor2b_1)
                                         _3200_ (net)
                  0.11    0.00   10.25 v _8015_/A2 (sky130_fd_sc_hd__o21ai_0)
     2    0.01    1.48    1.32   11.57 ^ _8015_/Y (sky130_fd_sc_hd__o21ai_0)
                                         _3201_ (net)
                  1.48    0.00   11.57 ^ _8037_/A2 (sky130_fd_sc_hd__a21boi_2)
     1    0.00    0.15    0.69   12.27 v _8037_/Y (sky130_fd_sc_hd__a21boi_2)
                                         _3221_ (net)
                  0.15    0.00   12.27 v _8038_/A2 (sky130_fd_sc_hd__o21ai_0)
     2    0.01    1.22    1.15   13.41 ^ _8038_/Y (sky130_fd_sc_hd__o21ai_0)
                                         _3222_ (net)
                  1.22    0.00   13.41 ^ _8039_/A2 (sky130_fd_sc_hd__a21boi_2)
     2    0.01    0.17    0.65   14.06 v _8039_/Y (sky130_fd_sc_hd__a21boi_2)
                                         _3223_ (net)
                  0.17    0.00   14.06 v _8057_/A2 (sky130_fd_sc_hd__o21ai_0)
     2    0.01    1.37    1.27   15.33 ^ _8057_/Y (sky130_fd_sc_hd__o21ai_0)
                                         _3239_ (net)
                  1.37    0.00   15.33 ^ _8058_/A2 (sky130_fd_sc_hd__a21boi_2)
     2    0.01    0.15    0.66   15.99 v _8058_/Y (sky130_fd_sc_hd__a21boi_2)
                                         _3240_ (net)
                  0.15    0.00   15.99 v _8081_/A2 (sky130_fd_sc_hd__o21ai_0)
     2    0.01    1.56    1.41   17.40 ^ _8081_/Y (sky130_fd_sc_hd__o21ai_0)
                                         _3261_ (net)
                  1.56    0.00   17.40 ^ _8082_/A2 (sky130_fd_sc_hd__a21boi_2)
     2    0.01    0.18    0.75   18.15 v _8082_/Y (sky130_fd_sc_hd__a21boi_2)
                                         _3262_ (net)
                  0.18    0.00   18.15 v _8107_/A2 (sky130_fd_sc_hd__o21ai_0)
     2    0.01    1.38    1.29   19.44 ^ _8107_/Y (sky130_fd_sc_hd__o21ai_0)
                                         _3285_ (net)
                  1.38    0.00   19.44 ^ _8108_/A2 (sky130_fd_sc_hd__a21boi_2)
     2    0.01    0.17    0.69   20.13 v _8108_/Y (sky130_fd_sc_hd__a21boi_2)
                                         _3286_ (net)
                  0.17    0.00   20.13 v _8131_/A2 (sky130_fd_sc_hd__o21ai_0)
     2    0.01    1.73    1.55   21.68 ^ _8131_/Y (sky130_fd_sc_hd__o21ai_0)
                                         _3307_ (net)
                  1.73    0.00   21.68 ^ _8132_/A2 (sky130_fd_sc_hd__a21boi_2)
     2    0.01    0.18    0.79   22.47 v _8132_/Y (sky130_fd_sc_hd__a21boi_2)
                                         _3308_ (net)
                  0.18    0.00   22.47 v _8154_/A2 (sky130_fd_sc_hd__o21ai_0)
     2    0.01    1.62    1.48   23.95 ^ _8154_/Y (sky130_fd_sc_hd__o21ai_0)
                                         _3328_ (net)
                  1.62    0.00   23.95 ^ _8155_/A2 (sky130_fd_sc_hd__a21boi_2)
     2    0.01    0.17    0.76   24.71 v _8155_/Y (sky130_fd_sc_hd__a21boi_2)
                                         _3329_ (net)
                  0.17    0.00   24.71 v _8176_/A2 (sky130_fd_sc_hd__o21ai_0)
     2    0.01    1.25    1.18   25.90 ^ _8176_/Y (sky130_fd_sc_hd__o21ai_0)
                                         _3348_ (net)
                  1.25    0.00   25.90 ^ _8177_/A2 (sky130_fd_sc_hd__a21boi_2)
     2    0.01    0.15    0.64   26.54 v _8177_/Y (sky130_fd_sc_hd__a21boi_2)
                                         _3349_ (net)
                  0.15    0.00   26.54 v _8199_/A2 (sky130_fd_sc_hd__o21ai_0)
     2    0.01    1.27    1.19   27.72 ^ _8199_/Y (sky130_fd_sc_hd__o21ai_0)
                                         _3369_ (net)
                  1.27    0.00   27.72 ^ _8200_/A2 (sky130_fd_sc_hd__a21boi_2)
     2    0.01    0.15    0.64   28.36 v _8200_/Y (sky130_fd_sc_hd__a21boi_2)
                                         _3370_ (net)
                  0.15    0.00   28.36 v _8223_/A2 (sky130_fd_sc_hd__o21ai_0)
     2    0.01    1.51    1.37   29.74 ^ _8223_/Y (sky130_fd_sc_hd__o21ai_0)
                                         _3391_ (net)
                  1.51    0.00   29.74 ^ _8224_/A2 (sky130_fd_sc_hd__a21boi_1)
     2    0.01    0.25    0.86   30.60 v _8224_/Y (sky130_fd_sc_hd__a21boi_1)
                                         _3392_ (net)
                  0.25    0.00   30.60 v _8240_/A2 (sky130_fd_sc_hd__o21ai_0)
     2    0.01    1.52    1.44   32.03 ^ _8240_/Y (sky130_fd_sc_hd__o21ai_0)
                                         _3406_ (net)
                  1.52    0.00   32.03 ^ _8241_/B (sky130_fd_sc_hd__nand2_1)
     1    0.00    0.18    0.72   32.75 v _8241_/Y (sky130_fd_sc_hd__nand2_1)
                                         _3407_ (net)
                  0.18    0.00   32.75 v _8242_/B (sky130_fd_sc_hd__nor2_1)
     1    0.00    0.31    0.39   33.14 ^ _8242_/Y (sky130_fd_sc_hd__nor2_1)
                                         _3408_ (net)
                  0.31    0.00   33.14 ^ _8244_/A1 (sky130_fd_sc_hd__o21ai_0)
     1    0.00    0.21    0.31   33.45 v _8244_/Y (sky130_fd_sc_hd__o21ai_0)
                                         _3410_ (net)
                  0.21    0.00   33.45 v _8250_/A1 (sky130_fd_sc_hd__a32o_1)
     1    0.00    0.10    0.93   34.39 v _8250_/X (sky130_fd_sc_hd__a32o_1)
                                         _0264_ (net)
                  0.10    0.00   34.39 v rv32_soc/reg_next_pc[25]$_SDFFE_PN0P_/D (sky130_fd_sc_hd__dfxtp_2)
                                 34.39   data arrival time

                  0.00   25.00   25.00   clock clk0 (rise edge)
                          0.00   25.00   clock network delay (ideal)
                          0.00   25.00   clock reconvergence pessimism
                                 25.00 ^ rv32_soc/reg_next_pc[25]$_SDFFE_PN0P_/CLK (sky130_fd_sc_hd__dfxtp_2)
                         -0.84   24.16   library setup time
                                 24.16   data required time
-----------------------------------------------------------------------------
                                 24.16   data required time
                                -34.39   data arrival time
-----------------------------------------------------------------------------
                                -10.23   slack (VIOLATED)


Startpoint: rv32_soc/latched_stalu$_SDFFE_PN0P_
            (rising edge-triggered flip-flop clocked by clk0)
Endpoint: rv32_soc/reg_next_pc[30]$_SDFFE_PN0P_
          (rising edge-triggered flip-flop clocked by clk0)
Path Group: clk0
Path Type: max
Corner: slow

Fanout     Cap    Slew   Delay    Time   Description
-----------------------------------------------------------------------------
                  0.00    0.00    0.00   clock clk0 (rise edge)
                          0.00    0.00   clock network delay (ideal)
                  0.00    0.00    0.00 ^ rv32_soc/latched_stalu$_SDFFE_PN0P_/CLK (sky130_fd_sc_hd__dfxtp_2)
    33    0.21    3.79    3.87    3.87 ^ rv32_soc/latched_stalu$_SDFFE_PN0P_/Q (sky130_fd_sc_hd__dfxtp_2)
                                         rv32_soc/latched_stalu (net)
                  3.79    0.00    3.88 ^ _5053_/S (sky130_fd_sc_hd__mux2i_1)
     2    0.01    0.87    2.39    6.27 ^ _5053_/Y (sky130_fd_sc_hd__mux2i_1)
                                         _0613_ (net)
                  0.87    0.00    6.27 ^ _5055_/A2 (sky130_fd_sc_hd__o21a_1)
     6    0.03    1.08    1.37    7.64 ^ _5055_/X (sky130_fd_sc_hd__o21a_1)
                                         _0615_ (net)
                  1.08    0.00    7.64 ^ _5057_/A (sky130_fd_sc_hd__clkinv_1)
     3    0.01    0.26    0.73    8.38 v _5057_/Y (sky130_fd_sc_hd__clkinv_1)
                                         _4206_ (net)
                  0.26    0.00    8.38 v _9468_/A (sky130_fd_sc_hd__ha_1)
     1    0.00    0.19    1.55    9.92 v _9468_/SUM (sky130_fd_sc_hd__ha_1)
                                         _4644_ (net)
                  0.19    0.00    9.92 v _8002_/A2 (sky130_fd_sc_hd__a21o_1)
     1    0.01    0.12    0.75   10.68 v _8002_/X (sky130_fd_sc_hd__a21o_1)
                                         _3189_ (net)
                  0.12    0.00   10.68 v _8003_/A2 (sky130_fd_sc_hd__a21oi_2)
     2    0.01    0.61    0.73   11.41 ^ _8003_/Y (sky130_fd_sc_hd__a21oi_2)
                                         _3190_ (net)
                  0.61    0.00   11.41 ^ _8021_/A2 (sky130_fd_sc_hd__o21ai_0)
     1    0.01    0.28    0.56   11.96 v _8021_/Y (sky130_fd_sc_hd__o21ai_0)
                                         _3206_ (net)
                  0.28    0.00   11.96 v _8022_/A2 (sky130_fd_sc_hd__a21oi_2)
     2    0.01    0.63    0.85   12.81 ^ _8022_/Y (sky130_fd_sc_hd__a21oi_2)
                                         _3207_ (net)
                  0.63    0.00   12.81 ^ _8047_/A2 (sky130_fd_sc_hd__o21ai_0)
     1    0.01    0.29    0.57   13.39 v _8047_/Y (sky130_fd_sc_hd__o21ai_0)
                                         _3230_ (net)
                  0.29    0.00   13.39 v _8048_/A2 (sky130_fd_sc_hd__a21oi_2)
     2    0.01    0.60    0.83   14.22 ^ _8048_/Y (sky130_fd_sc_hd__a21oi_2)
                                         _3231_ (net)
                  0.60    0.00   14.22 ^ _8069_/A2 (sky130_fd_sc_hd__o21ai_0)
     1    0.01    0.31    0.57   14.79 v _8069_/Y (sky130_fd_sc_hd__o21ai_0)
                                         _3250_ (net)
                  0.31    0.00   14.79 v _8070_/A2 (sky130_fd_sc_hd__a21oi_2)
     2    0.01    0.59    0.84   15.63 ^ _8070_/Y (sky130_fd_sc_hd__a21oi_2)
                                         _3251_ (net)
                  0.59    0.00   15.63 ^ _8099_/A2 (sky130_fd_sc_hd__o21ai_0)
     1    0.00    0.15    0.43   16.06 v _8099_/Y (sky130_fd_sc_hd__o21ai_0)
                                         _3278_ (net)
                  0.15    0.00   16.06 v _8100_/A2 (sky130_fd_sc_hd__a21o_1)
     3    0.01    0.13    0.74   16.81 v _8100_/X (sky130_fd_sc_hd__a21o_1)
                                         _3279_ (net)
                  0.13    0.00   16.81 v _8121_/A2 (sky130_fd_sc_hd__a21o_1)
     1    0.00    0.10    0.69   17.50 v _8121_/X (sky130_fd_sc_hd__a21o_1)
                                         _3298_ (net)
                  0.10    0.00   17.50 v _8122_/A2 (sky130_fd_sc_hd__a21o_1)
     3    0.01    0.12    0.71   18.20 v _8122_/X (sky130_fd_sc_hd__a21o_1)
                                         _3299_ (net)
                  0.12    0.00   18.20 v _8142_/A2 (sky130_fd_sc_hd__a21o_1)
     1    0.01    0.12    0.72   18.92 v _8142_/X (sky130_fd_sc_hd__a21o_1)
                                         _3317_ (net)
                  0.12    0.00   18.92 v _8143_/A2 (sky130_fd_sc_hd__a21o_4)
     3    0.01    0.12    0.93   19.86 v _8143_/X (sky130_fd_sc_hd__a21o_4)
                                         _3318_ (net)
                  0.12    0.00   19.86 v _8165_/A2 (sky130_fd_sc_hd__a21o_1)
     1    0.01    0.13    0.72   20.58 v _8165_/X (sky130_fd_sc_hd__a21o_1)
                                         _3338_ (net)
                  0.13    0.00   20.58 v _8166_/A2 (sky130_fd_sc_hd__a21o_4)
     3    0.01    0.12    0.94   21.52 v _8166_/X (sky130_fd_sc_hd__a21o_4)
                                         _3339_ (net)
                  0.12    0.00   21.52 v _8187_/A2 (sky130_fd_sc_hd__a21o_1)
     1    0.01    0.11    0.70   22.22 v _8187_/X (sky130_fd_sc_hd__a21o_1)
                                         _3358_ (net)
                  0.11    0.00   22.22 v _8188_/A2 (sky130_fd_sc_hd__a21o_4)
     3    0.01    0.12    0.92   23.14 v _8188_/X (sky130_fd_sc_hd__a21o_4)
                                         _3359_ (net)
                  0.12    0.00   23.14 v _8211_/A2 (sky130_fd_sc_hd__a21o_1)
     1    0.01    0.12    0.71   23.85 v _8211_/X (sky130_fd_sc_hd__a21o_1)
                                         _3380_ (net)
                  0.12    0.00   23.85 v _8212_/A2 (sky130_fd_sc_hd__a21o_4)
     3    0.01    0.12    0.94   24.79 v _8212_/X (sky130_fd_sc_hd__a21o_4)
                                         _3381_ (net)
                  0.12    0.00   24.79 v _8231_/A2 (sky130_fd_sc_hd__a21o_4)
     1    0.01    0.12    0.93   25.72 v _8231_/X (sky130_fd_sc_hd__a21o_4)
                                         _3398_ (net)
                  0.12    0.00   25.72 v _8232_/A2 (sky130_fd_sc_hd__a21o_4)
     2    0.01    0.11    0.92   26.64 v _8232_/X (sky130_fd_sc_hd__a21o_4)
                                         _3399_ (net)
                  0.11    0.00   26.65 v _8252_/A2 (sky130_fd_sc_hd__a21o_1)
     1    0.01    0.12    0.71   27.36 v _8252_/X (sky130_fd_sc_hd__a21o_1)
                                         _3417_ (net)
                  0.12    0.00   27.36 v _8253_/A2 (sky130_fd_sc_hd__a21o_4)
     2    0.01    0.12    0.94   28.29 v _8253_/X (sky130_fd_sc_hd__a21o_4)
                                         _3418_ (net)
                  0.12    0.00   28.29 v _8274_/A3 (sky130_fd_sc_hd__a31o_4)
     3    0.01    0.12    1.02   29.31 v _8274_/X (sky130_fd_sc_hd__a31o_4)
                                         _3437_ (net)
                  0.12    0.00   29.31 v _8298_/C (sky130_fd_sc_hd__and3_4)
     2    0.01    0.11    0.77   30.09 v _8298_/X (sky130_fd_sc_hd__and3_4)
                                         _3459_ (net)
                  0.11    0.00   30.09 v _8299_/C (sky130_fd_sc_hd__or3_1)
     1    0.00    0.24    1.72   31.81 v _8299_/X (sky130_fd_sc_hd__or3_1)
                                         _3460_ (net)
                  0.24    0.00   31.81 v _8304_/A2 (sky130_fd_sc_hd__a31oi_1)
     1    0.00    0.38    0.63   32.44 ^ _8304_/Y (sky130_fd_sc_hd__a31oi_1)
                                         _3465_ (net)
                  0.38    0.00   32.44 ^ _8307_/A1 (sky130_fd_sc_hd__o21ai_0)
     1    0.00    0.13    0.34   32.78 v _8307_/Y (sky130_fd_sc_hd__o21ai_0)
                                         _0269_ (net)
                  0.13    0.00   32.78 v rv32_soc/reg_next_pc[30]$_SDFFE_PN0P_/D (sky130_fd_sc_hd__dfxtp_2)
                                 32.78   data arrival time

                  0.00   25.00   25.00   clock clk0 (rise edge)
                          0.00   25.00   clock network delay (ideal)
                          0.00   25.00   clock reconvergence pessimism
                                 25.00 ^ rv32_soc/reg_next_pc[30]$_SDFFE_PN0P_/CLK (sky130_fd_sc_hd__dfxtp_2)
                         -0.86   24.14   library setup time
                                 24.14   data required time
-----------------------------------------------------------------------------
                                 24.14   data required time
                                -32.78   data arrival time
-----------------------------------------------------------------------------
                                 -8.64   slack (VIOLATED)


