max slew

Pin                                    Limit    Slew   Slack
------------------------------------------------------------
_9157_/Y                                9.99   17.65   -7.66 (VIOLATED)
_9233_/B                               10.00   17.65   -7.65 (VIOLATED)
_9266_/A                               10.00   17.65   -7.65 (VIOLATED)
_9267_/A2                              10.00   17.65   -7.65 (VIOLATED)
_9255_/A                               10.00   17.65   -7.65 (VIOLATED)
_9256_/A2                              10.00   17.65   -7.65 (VIOLATED)
_9261_/A                               10.00   17.65   -7.65 (VIOLATED)
_9262_/A2                              10.00   17.65   -7.65 (VIOLATED)
_9251_/A                               10.00   17.65   -7.65 (VIOLATED)
_9252_/A2                              10.00   17.65   -7.65 (VIOLATED)
_9238_/A                               10.00   17.65   -7.65 (VIOLATED)
_9239_/A2                              10.00   17.65   -7.65 (VIOLATED)
_9242_/A                               10.00   17.65   -7.65 (VIOLATED)
_9243_/A2                              10.00   17.65   -7.65 (VIOLATED)
_9221_/A                               10.00   17.65   -7.65 (VIOLATED)
_9222_/A2                              10.00   17.65   -7.65 (VIOLATED)
_9234_/A1                              10.00   17.65   -7.65 (VIOLATED)
_9229_/A                               10.00   17.65   -7.65 (VIOLATED)
_9230_/A2                              10.00   17.65   -7.65 (VIOLATED)
_9225_/A                               10.00   17.65   -7.65 (VIOLATED)
_9217_/A                               10.00   17.65   -7.65 (VIOLATED)
_9203_/A                               10.00   17.65   -7.65 (VIOLATED)
_9204_/A2                              10.00   17.65   -7.65 (VIOLATED)
_9199_/A                               10.00   17.65   -7.65 (VIOLATED)
_9200_/A2                              10.00   17.65   -7.65 (VIOLATED)
_9195_/A                               10.00   17.65   -7.65 (VIOLATED)
_9186_/A                               10.00   17.65   -7.65 (VIOLATED)
_9182_/A                               10.00   17.65   -7.65 (VIOLATED)
_9178_/A                               10.00   17.65   -7.65 (VIOLATED)
_9183_/A2                              10.00   17.65   -7.65 (VIOLATED)
_9173_/A                               10.00   17.65   -7.65 (VIOLATED)
_9174_/A2                              10.00   17.65   -7.65 (VIOLATED)
_9163_/A                               10.00   17.65   -7.65 (VIOLATED)
_9286_/A                               10.00   17.65   -7.65 (VIOLATED)
_9283_/A                               10.00   17.65   -7.65 (VIOLATED)
_9280_/A                               10.00   17.65   -7.65 (VIOLATED)
_9277_/A                               10.00   17.65   -7.65 (VIOLATED)
_9274_/A                               10.00   17.65   -7.65 (VIOLATED)
_9271_/A                               10.00   17.65   -7.65 (VIOLATED)
_9272_/A2                              10.00   17.65   -7.65 (VIOLATED)
_9257_/S                               10.00   17.65   -7.65 (VIOLATED)
_4872_/X                                9.98   15.37   -5.40 (VIOLATED)
_8720_/B                               10.00   15.38   -5.38 (VIOLATED)
_8721_/A1                              10.00   15.38   -5.38 (VIOLATED)
_8723_/B                               10.00   15.38   -5.38 (VIOLATED)
_8724_/A1                              10.00   15.38   -5.38 (VIOLATED)
_8729_/B                               10.00   15.38   -5.38 (VIOLATED)
_8730_/A1                              10.00   15.38   -5.38 (VIOLATED)
_8726_/B                               10.00   15.38   -5.38 (VIOLATED)
_8727_/A1                              10.00   15.38   -5.38 (VIOLATED)
_8732_/B                               10.00   15.38   -5.38 (VIOLATED)
_8733_/A1                              10.00   15.38   -5.38 (VIOLATED)
_8741_/B                               10.00   15.38   -5.38 (VIOLATED)
_8742_/A1                              10.00   15.38   -5.38 (VIOLATED)
_8744_/B                               10.00   15.38   -5.38 (VIOLATED)
_8745_/A1                              10.00   15.38   -5.38 (VIOLATED)
_8717_/B                               10.00   15.38   -5.38 (VIOLATED)
_8718_/A1                              10.00   15.38   -5.38 (VIOLATED)
_8714_/B                               10.00   15.38   -5.38 (VIOLATED)
_8715_/A1                              10.00   15.38   -5.38 (VIOLATED)
_8711_/B                               10.00   15.38   -5.38 (VIOLATED)
_8712_/A1                              10.00   15.38   -5.38 (VIOLATED)
_8708_/B                               10.00   15.38   -5.38 (VIOLATED)
_8709_/A1                              10.00   15.38   -5.38 (VIOLATED)
_8705_/B                               10.00   15.38   -5.38 (VIOLATED)
_8706_/A1                              10.00   15.38   -5.38 (VIOLATED)
_8699_/B                               10.00   15.38   -5.38 (VIOLATED)
_8700_/A1                              10.00   15.38   -5.38 (VIOLATED)
_8696_/B                               10.00   15.38   -5.38 (VIOLATED)
_8697_/A1                              10.00   15.38   -5.38 (VIOLATED)
_8693_/B                               10.00   15.38   -5.38 (VIOLATED)
_8694_/A1                              10.00   15.38   -5.38 (VIOLATED)
_8690_/B                               10.00   15.38   -5.38 (VIOLATED)
_8691_/A1                              10.00   15.38   -5.38 (VIOLATED)
_8688_/A1                              10.00   15.38   -5.38 (VIOLATED)
_8687_/B                               10.00   15.38   -5.38 (VIOLATED)
_8684_/B                               10.00   15.38   -5.38 (VIOLATED)
_8685_/A1                              10.00   15.38   -5.38 (VIOLATED)
_8682_/A1                              10.00   15.38   -5.38 (VIOLATED)
_8681_/B                               10.00   15.38   -5.38 (VIOLATED)
_8678_/B                               10.00   15.38   -5.38 (VIOLATED)
_8679_/A1                              10.00   15.38   -5.38 (VIOLATED)
_8675_/B                               10.00   15.38   -5.38 (VIOLATED)
_8673_/A1                              10.00   15.38   -5.38 (VIOLATED)
_8676_/A1                              10.00   15.38   -5.38 (VIOLATED)
_8672_/B                               10.00   15.38   -5.38 (VIOLATED)
_8766_/A1                              10.00   15.38   -5.38 (VIOLATED)
_8762_/B                               10.00   15.38   -5.38 (VIOLATED)
_8765_/B                               10.00   15.38   -5.38 (VIOLATED)
_8763_/A1                              10.00   15.38   -5.38 (VIOLATED)
_8759_/B                               10.00   15.38   -5.38 (VIOLATED)
_8760_/A1                              10.00   15.37   -5.37 (VIOLATED)
_8753_/B                               10.00   15.37   -5.37 (VIOLATED)
_8756_/B                               10.00   15.37   -5.37 (VIOLATED)
_8757_/A1                              10.00   15.37   -5.37 (VIOLATED)
_8754_/A1                              10.00   15.37   -5.37 (VIOLATED)
_8750_/B                               10.00   15.37   -5.37 (VIOLATED)
_8751_/A1                              10.00   15.37   -5.37 (VIOLATED)
_8748_/A1                              10.00   15.37   -5.37 (VIOLATED)
_8738_/B                               10.00   15.37   -5.37 (VIOLATED)
_8747_/B                               10.00   15.37   -5.37 (VIOLATED)
_8739_/A1                              10.00   15.37   -5.37 (VIOLATED)
_4874_/B                               10.00   15.37   -5.37 (VIOLATED)
pcpi_rs2[21]$_DFFE_PP_/DE              10.00   12.80   -2.80 (VIOLATED)
pcpi_rs2[22]$_DFFE_PP_/DE              10.00   12.80   -2.80 (VIOLATED)
pcpi_rs2[31]$_DFFE_PP_/DE              10.00   12.80   -2.80 (VIOLATED)
pcpi_rs2[25]$_DFFE_PP_/DE              10.00   12.80   -2.80 (VIOLATED)
pcpi_rs2[26]$_DFFE_PP_/DE              10.00   12.80   -2.80 (VIOLATED)
pcpi_rs2[18]$_DFFE_PP_/DE              10.00   12.80   -2.80 (VIOLATED)
pcpi_rs2[27]$_DFFE_PP_/DE              10.00   12.80   -2.80 (VIOLATED)
pcpi_rs2[30]$_DFFE_PP_/DE              10.00   12.80   -2.80 (VIOLATED)
pcpi_rs2[24]$_DFFE_PP_/DE              10.00   12.80   -2.80 (VIOLATED)
pcpi_rs2[29]$_DFFE_PP_/DE              10.00   12.80   -2.80 (VIOLATED)
pcpi_rs2[28]$_DFFE_PP_/DE              10.00   12.80   -2.80 (VIOLATED)
pcpi_rs2[14]$_DFFE_PP_/DE              10.00   12.80   -2.80 (VIOLATED)
pcpi_rs2[23]$_DFFE_PP_/DE              10.00   12.80   -2.80 (VIOLATED)
pcpi_rs2[20]$_DFFE_PP_/DE              10.00   12.80   -2.80 (VIOLATED)
pcpi_rs2[19]$_DFFE_PP_/DE              10.00   12.80   -2.80 (VIOLATED)
pcpi_rs2[12]$_DFFE_PP_/DE              10.00   12.80   -2.80 (VIOLATED)
pcpi_rs2[17]$_DFFE_PP_/DE              10.00   12.80   -2.80 (VIOLATED)
pcpi_rs2[13]$_DFFE_PP_/DE              10.00   12.80   -2.80 (VIOLATED)
mem_la_wdata[5]$_DFFE_PP_/DE           10.00   12.80   -2.80 (VIOLATED)
pcpi_rs2[10]$_DFFE_PP_/DE              10.00   12.80   -2.80 (VIOLATED)
pcpi_rs2[15]$_DFFE_PP_/DE              10.00   12.80   -2.80 (VIOLATED)
pcpi_rs2[11]$_DFFE_PP_/DE              10.00   12.80   -2.80 (VIOLATED)
mem_la_wdata[6]$_DFFE_PP_/DE           10.00   12.80   -2.80 (VIOLATED)
pcpi_rs2[16]$_DFFE_PP_/DE              10.00   12.80   -2.80 (VIOLATED)
mem_la_wdata[2]$_DFFE_PP_/DE           10.00   12.80   -2.80 (VIOLATED)
mem_la_wdata[7]$_DFFE_PP_/DE           10.00   12.80   -2.80 (VIOLATED)
mem_la_wdata[3]$_DFFE_PP_/DE           10.00   12.80   -2.80 (VIOLATED)
mem_la_wdata[4]$_DFFE_PP_/DE           10.00   12.80   -2.80 (VIOLATED)
pcpi_rs2[8]$_DFFE_PP_/DE               10.00   12.80   -2.80 (VIOLATED)
pcpi_rs2[9]$_DFFE_PP_/DE               10.00   12.80   -2.80 (VIOLATED)
mem_la_wdata[0]$_DFFE_PP_/DE           10.00   12.80   -2.80 (VIOLATED)
mem_la_wdata[1]$_DFFE_PP_/DE           10.00   12.80   -2.80 (VIOLATED)
_4793_/X                               10.03   12.80   -2.77 (VIOLATED)
clkbuf_0_clk/A                         10.00   12.08   -2.08 (VIOLATED)
clkbuf_regs_0_clk0/A                   10.00   12.08   -2.08 (VIOLATED)
ANTENNA_9/DIODE                        10.00   12.08   -2.08 (VIOLATED)
_4786_/Y                                1.49    3.55   -2.06 (VIOLATED)
_6654_/S                                1.50    3.56   -2.06 (VIOLATED)
rv32_soc/mem_rdata_q[18]$_DFFE_PP_/DE    1.50    3.56   -2.06 (VIOLATED)
rv32_soc/mem_rdata_q[16]$_DFFE_PP_/DE    1.50    3.56   -2.06 (VIOLATED)
_6660_/S                                1.50    3.56   -2.06 (VIOLATED)
_6658_/S                                1.50    3.56   -2.06 (VIOLATED)
_6656_/S                                1.50    3.56   -2.06 (VIOLATED)
rv32_soc/mem_rdata_q[19]$_DFFE_PP_/DE    1.50    3.56   -2.06 (VIOLATED)
rv32_soc/mem_rdata_q[17]$_DFFE_PP_/DE    1.50    3.56   -2.06 (VIOLATED)
clk                                    10.02   12.08   -2.06 (VIOLATED)
_6651_/S                                1.50    3.56   -2.06 (VIOLATED)
_5035_/S                                1.50    3.56   -2.06 (VIOLATED)
rv32_soc/mem_rdata_q[20]$_DFFE_PP_/DE    1.50    3.56   -2.06 (VIOLATED)
_6662_/S                                1.50    3.56   -2.06 (VIOLATED)
_5033_/S                                1.50    3.56   -2.06 (VIOLATED)
rv32_soc/mem_rdata_q[15]$_DFFE_PP_/DE    1.50    3.56   -2.06 (VIOLATED)
_5034_/S                                1.50    3.56   -2.06 (VIOLATED)
rv32_soc/mem_rdata_q[12]$_DFFE_PP_/DE    1.50    3.56   -2.06 (VIOLATED)
rv32_soc/mem_rdata_q[28]$_DFFE_PP_/DE    1.50    3.56   -2.06 (VIOLATED)
rv32_soc/mem_rdata_q[30]$_DFFE_PP_/DE    1.50    3.56   -2.06 (VIOLATED)
rv32_soc/mem_rdata_q[13]$_DFFE_PP_/DE    1.50    3.56   -2.06 (VIOLATED)
rv32_soc/mem_rdata_q[31]$_DFFE_PP_/DE    1.50    3.56   -2.06 (VIOLATED)
_9290_/S                                1.50    3.56   -2.06 (VIOLATED)
_9291_/S                                1.50    3.56   -2.06 (VIOLATED)
_9292_/S                                1.50    3.56   -2.06 (VIOLATED)
_9294_/S                                1.50    3.56   -2.06 (VIOLATED)
rv32_soc/mem_rdata_q[24]$_DFFE_PP_/DE    1.50    3.56   -2.06 (VIOLATED)
_6668_/S                                1.50    3.56   -2.06 (VIOLATED)
_9293_/S                                1.50    3.56   -2.06 (VIOLATED)
_9289_/S                                1.50    3.56   -2.06 (VIOLATED)
_9295_/S                                1.50    3.56   -2.06 (VIOLATED)
rv32_soc/mem_rdata_q[21]$_DFFE_PP_/DE    1.50    3.56   -2.06 (VIOLATED)
_6664_/S                                1.50    3.56   -2.06 (VIOLATED)
_9288_/S                                1.50    3.56   -2.06 (VIOLATED)
rv32_soc/mem_rdata_q[29]$_DFFE_PP_/DE    1.50    3.56   -2.06 (VIOLATED)
_6670_/S                                1.50    3.56   -2.06 (VIOLATED)
rv32_soc/mem_rdata_q[11]$_DFFE_PP_/DE    1.50    3.56   -2.06 (VIOLATED)
rv32_soc/mem_rdata_q[9]$_DFFE_PP_/DE    1.50    3.56   -2.06 (VIOLATED)
_9296_/S                                1.50    3.56   -2.06 (VIOLATED)
rv32_soc/mem_rdata_q[23]$_DFFE_PP_/DE    1.50    3.56   -2.06 (VIOLATED)
rv32_soc/mem_rdata_q[10]$_DFFE_PP_/DE    1.50    3.56   -2.06 (VIOLATED)
_9299_/S                                1.50    3.56   -2.06 (VIOLATED)
rv32_soc/mem_rdata_q[22]$_DFFE_PP_/DE    1.50    3.56   -2.06 (VIOLATED)
_9297_/S                                1.50    3.56   -2.06 (VIOLATED)
rv32_soc/mem_rdata_q[7]$_DFFE_PP_/DE    1.50    3.56   -2.06 (VIOLATED)
rv32_soc/mem_rdata_q[26]$_DFFE_PP_/DE    1.50    3.56   -2.06 (VIOLATED)
rv32_soc/mem_rdata_q[27]$_DFFE_PP_/DE    1.50    3.56   -2.06 (VIOLATED)
rv32_soc/mem_rdata_q[25]$_DFFE_PP_/DE    1.50    3.56   -2.06 (VIOLATED)
_6666_/S                                1.50    3.56   -2.06 (VIOLATED)
rv32_soc/mem_rdata_q[8]$_DFFE_PP_/DE    1.50    3.56   -2.06 (VIOLATED)
_9298_/S                                1.50    3.56   -2.06 (VIOLATED)
rv32_soc/mem_rdata_q[14]$_DFFE_PP_/DE    1.50    3.55   -2.05 (VIOLATED)
rv32_soc/mem_rdata_q[4]$_DFFE_PP_/DE    1.50    3.55   -2.05 (VIOLATED)
rv32_soc/mem_rdata_q[2]$_DFFE_PP_/DE    1.50    3.55   -2.05 (VIOLATED)
rv32_soc/mem_rdata_q[3]$_DFFE_PP_/DE    1.50    3.55   -2.05 (VIOLATED)
rv32_soc/mem_rdata_q[5]$_DFFE_PP_/DE    1.50    3.55   -2.05 (VIOLATED)
rv32_soc/mem_rdata_q[1]$_DFFE_PP_/DE    1.50    3.55   -2.05 (VIOLATED)
rv32_soc/mem_rdata_q[0]$_DFFE_PP_/DE    1.50    3.55   -2.05 (VIOLATED)
rv32_soc/mem_rdata_q[6]$_DFFE_PP_/DE    1.50    3.55   -2.05 (VIOLATED)
_4970_/S                                1.50    3.55   -2.05 (VIOLATED)
_4964_/S                                1.50    3.55   -2.05 (VIOLATED)
_4969_/S                                1.50    3.55   -2.05 (VIOLATED)
_4961_/S                                1.50    3.55   -2.05 (VIOLATED)
_4976_/S                                1.50    3.55   -2.05 (VIOLATED)
_4963_/S                                1.50    3.55   -2.05 (VIOLATED)
_4949_/A2                               1.50    3.55   -2.05 (VIOLATED)
_9156_/Y                                1.49    2.70   -1.21 (VIOLATED)
rv32_soc/cpuregs[29][0]$_DFFE_PP_/D     1.50    2.70   -1.20 (VIOLATED)
rv32_soc/cpuregs[28][0]$_DFFE_PP_/D     1.50    2.70   -1.20 (VIOLATED)
rv32_soc/cpuregs[22][0]$_DFFE_PP_/D     1.50    2.70   -1.20 (VIOLATED)
rv32_soc/cpuregs[18][0]$_DFFE_PP_/D     1.50    2.70   -1.20 (VIOLATED)
rv32_soc/cpuregs[19][0]$_DFFE_PP_/D     1.50    2.70   -1.20 (VIOLATED)
rv32_soc/cpuregs[16][0]$_DFFE_PP_/D     1.50    2.70   -1.20 (VIOLATED)
rv32_soc/cpuregs[20][0]$_DFFE_PP_/D     1.50    2.70   -1.20 (VIOLATED)
rv32_soc/cpuregs[21][0]$_DFFE_PP_/D     1.50    2.70   -1.20 (VIOLATED)
rv32_soc/cpuregs[23][0]$_DFFE_PP_/D     1.50    2.70   -1.20 (VIOLATED)
rv32_soc/cpuregs[6][0]$_DFFE_PP_/D      1.50    2.70   -1.20 (VIOLATED)
rv32_soc/cpuregs[7][0]$_DFFE_PP_/D      1.50    2.70   -1.20 (VIOLATED)
rv32_soc/cpuregs[3][0]$_DFFE_PP_/D      1.50    2.70   -1.20 (VIOLATED)
rv32_soc/cpuregs[2][0]$_DFFE_PP_/D      1.50    2.70   -1.20 (VIOLATED)
rv32_soc/cpuregs[17][0]$_DFFE_PP_/D     1.50    2.70   -1.20 (VIOLATED)
rv32_soc/cpuregs[12][0]$_DFFE_PP_/D     1.50    2.70   -1.20 (VIOLATED)
rv32_soc/cpuregs[13][0]$_DFFE_PP_/D     1.50    2.70   -1.20 (VIOLATED)
rv32_soc/cpuregs[25][0]$_DFFE_PP_/D     1.50    2.70   -1.20 (VIOLATED)
rv32_soc/cpuregs[30][0]$_DFFE_PP_/D     1.50    2.70   -1.20 (VIOLATED)
rv32_soc/cpuregs[27][0]$_DFFE_PP_/D     1.50    2.70   -1.20 (VIOLATED)
rv32_soc/cpuregs[24][0]$_DFFE_PP_/D     1.50    2.70   -1.20 (VIOLATED)
rv32_soc/cpuregs[26][0]$_DFFE_PP_/D     1.50    2.70   -1.20 (VIOLATED)
rv32_soc/cpuregs[31][0]$_DFFE_PP_/D     1.50    2.70   -1.20 (VIOLATED)
rv32_soc/cpuregs[8][0]$_DFFE_PP_/D      1.50    2.70   -1.20 (VIOLATED)
rv32_soc/cpuregs[9][0]$_DFFE_PP_/D      1.50    2.70   -1.20 (VIOLATED)
rv32_soc/cpuregs[11][0]$_DFFE_PP_/D     1.50    2.70   -1.20 (VIOLATED)
rv32_soc/cpuregs[14][0]$_DFFE_PP_/D     1.50    2.70   -1.20 (VIOLATED)
rv32_soc/cpuregs[1][0]$_DFFE_PP_/D      1.50    2.70   -1.20 (VIOLATED)
rv32_soc/cpuregs[4][0]$_DFFE_PP_/D      1.50    2.70   -1.20 (VIOLATED)
rv32_soc/cpuregs[5][0]$_DFFE_PP_/D      1.50    2.70   -1.20 (VIOLATED)
rv32_soc/cpuregs[0][0]$_DFFE_PP_/D      1.50    2.70   -1.20 (VIOLATED)
rv32_soc/cpuregs[15][0]$_DFFE_PP_/D     1.50    2.70   -1.20 (VIOLATED)
rv32_soc/cpuregs[10][0]$_DFFE_PP_/D     1.50    2.70   -1.20 (VIOLATED)
_7963_/A                                1.50    2.27   -0.77 (VIOLATED)
_7961_/A                                1.50    2.27   -0.77 (VIOLATED)
_7958_/A                                1.50    2.27   -0.77 (VIOLATED)
_7956_/A                                1.50    2.27   -0.77 (VIOLATED)
_7954_/A                                1.50    2.27   -0.77 (VIOLATED)
_7952_/A                                1.50    2.27   -0.77 (VIOLATED)
_7950_/A                                1.50    2.27   -0.77 (VIOLATED)
_7948_/A                                1.50    2.27   -0.77 (VIOLATED)
_7946_/A                                1.50    2.27   -0.77 (VIOLATED)
_7944_/A                                1.50    2.27   -0.77 (VIOLATED)
_7942_/A                                1.50    2.27   -0.77 (VIOLATED)
_7940_/A                                1.50    2.27   -0.77 (VIOLATED)
_7937_/A                                1.50    2.27   -0.77 (VIOLATED)
_7935_/A                                1.50    2.27   -0.77 (VIOLATED)
_7933_/A                                1.50    2.27   -0.77 (VIOLATED)
_7564_/Y                                1.50    2.26   -0.77 (VIOLATED)
_7931_/A                                1.50    2.27   -0.77 (VIOLATED)
_7929_/A                                1.50    2.27   -0.77 (VIOLATED)
_7987_/B1                               1.50    2.27   -0.77 (VIOLATED)
_7915_/A1                               1.50    2.27   -0.77 (VIOLATED)
_8018_/C1                               1.50    2.27   -0.77 (VIOLATED)
_7921_/A1                               1.50    2.27   -0.77 (VIOLATED)
_7923_/A1                               1.50    2.27   -0.77 (VIOLATED)
_7992_/B                                1.50    2.26   -0.76 (VIOLATED)
_8007_/C1                               1.50    2.26   -0.76 (VIOLATED)
_7919_/A1                               1.50    2.26   -0.76 (VIOLATED)
_8000_/A2                               1.50    2.26   -0.76 (VIOLATED)
_7991_/A                                1.50    2.26   -0.76 (VIOLATED)
_7994_/A2                               1.50    2.26   -0.76 (VIOLATED)
_7917_/A1                               1.50    2.26   -0.76 (VIOLATED)
_7967_/A1                               1.50    2.26   -0.76 (VIOLATED)
_7969_/A1                               1.50    2.26   -0.76 (VIOLATED)
_8251_/A1                               1.50    2.26   -0.76 (VIOLATED)
_8246_/A1                               1.50    2.26   -0.76 (VIOLATED)
_7973_/A1                               1.50    2.26   -0.76 (VIOLATED)
_7977_/A                                1.50    2.26   -0.76 (VIOLATED)
_7983_/A1                               1.50    2.26   -0.76 (VIOLATED)
_8319_/A1                               1.50    2.26   -0.76 (VIOLATED)
_7971_/A1                               1.50    2.26   -0.76 (VIOLATED)
_7566_/A1                               1.50    2.26   -0.76 (VIOLATED)
_7567_/B                                1.50    2.26   -0.76 (VIOLATED)
_4986_/Y                                1.49    2.25   -0.76 (VIOLATED)
_7477_/A2                               1.50    2.25   -0.75 (VIOLATED)
rv32_soc/instr_jalr$_DFFE_PP_/DE        1.50    2.25   -0.75 (VIOLATED)
rv32_soc/is_alu_reg_reg$_DFFE_PP_/DE    1.50    2.25   -0.75 (VIOLATED)
rv32_soc/instr_auipc$_DFFE_PP_/DE       1.50    2.25   -0.75 (VIOLATED)
rv32_soc/instr_jal$_DFFE_PP_/DE         1.50    2.25   -0.75 (VIOLATED)
rv32_soc/is_alu_reg_imm$_DFFE_PP_/DE    1.50    2.25   -0.75 (VIOLATED)
rv32_soc/instr_lui$_DFFE_PP_/DE         1.50    2.25   -0.75 (VIOLATED)
rv32_soc/is_lb_lh_lw_lbu_lhu$_DFFE_PP_/DE    1.50    2.25   -0.75 (VIOLATED)
rv32_soc/is_sb_sh_sw$_DFFE_PP_/DE       1.50    2.25   -0.75 (VIOLATED)
rv32_soc/decoded_imm_j[2]$_DFFE_PP_/DE    1.50    2.25   -0.75 (VIOLATED)
rv32_soc/decoded_imm_j[1]$_DFFE_PP_/DE    1.50    2.25   -0.75 (VIOLATED)
rv32_soc/decoded_imm_j[5]$_DFFE_PP_/DE    1.50    2.25   -0.75 (VIOLATED)
rv32_soc/decoded_imm_j[6]$_DFFE_PP_/DE    1.50    2.25   -0.75 (VIOLATED)
rv32_soc/decoded_imm_j[8]$_DFFE_PP_/DE    1.50    2.25   -0.75 (VIOLATED)
rv32_soc/decoded_imm_j[7]$_DFFE_PP_/DE    1.50    2.25   -0.75 (VIOLATED)
rv32_soc/decoded_imm_j[9]$_DFFE_PP_/DE    1.50    2.25   -0.75 (VIOLATED)
rv32_soc/decoded_rd[4]$_DFFE_PP_/DE     1.50    2.25   -0.75 (VIOLATED)
rv32_soc/decoded_imm_j[19]$_DFFE_PP_/DE    1.50    2.25   -0.75 (VIOLATED)
rv32_soc/decoded_imm_j[18]$_DFFE_PP_/DE    1.50    2.25   -0.75 (VIOLATED)
rv32_soc/decoded_imm_j[17]$_DFFE_PP_/DE    1.50    2.25   -0.75 (VIOLATED)
rv32_soc/decoded_imm_j[15]$_DFFE_PP_/DE    1.50    2.25   -0.75 (VIOLATED)
rv32_soc/decoded_imm_j[13]$_DFFE_PP_/DE    1.50    2.25   -0.75 (VIOLATED)
rv32_soc/decoded_imm_j[14]$_DFFE_PP_/DE    1.50    2.25   -0.75 (VIOLATED)
rv32_soc/decoded_imm_j[16]$_DFFE_PP_/DE    1.50    2.25   -0.75 (VIOLATED)
rv32_soc/decoded_imm_j[11]$_DFFE_PP_/DE    1.50    2.25   -0.75 (VIOLATED)
rv32_soc/decoded_imm_j[3]$_DFFE_PP_/DE    1.50    2.25   -0.75 (VIOLATED)
rv32_soc/decoded_imm_j[4]$_DFFE_PP_/DE    1.50    2.25   -0.75 (VIOLATED)
rv32_soc/decoded_imm_j[12]$_DFFE_PP_/DE    1.50    2.25   -0.75 (VIOLATED)
rv32_soc/decoded_rd[3]$_DFFE_PP_/DE     1.50    2.25   -0.75 (VIOLATED)
rv32_soc/decoded_rd[2]$_DFFE_PP_/DE     1.50    2.25   -0.75 (VIOLATED)
rv32_soc/decoded_imm_j[10]$_DFFE_PP_/DE    1.50    2.25   -0.75 (VIOLATED)
rv32_soc/decoded_rd[1]$_DFFE_PP_/DE     1.50    2.25   -0.75 (VIOLATED)
rv32_soc/decoded_rd[0]$_DFFE_PP_/DE     1.50    2.25   -0.75 (VIOLATED)
rv32_soc/decoded_imm_j[31]$_DFFE_PP_/DE    1.50    2.25   -0.75 (VIOLATED)
_5517_/B1                               1.50    2.16   -0.66 (VIOLATED)
_5486_/B1                               1.50    2.16   -0.66 (VIOLATED)
_5533_/B1                               1.50    2.16   -0.66 (VIOLATED)
_5544_/B1                               1.50    2.16   -0.66 (VIOLATED)
_5475_/B1                               1.50    2.16   -0.66 (VIOLATED)
_5550_/B1                               1.50    2.16   -0.66 (VIOLATED)
_5496_/B1                               1.50    2.16   -0.66 (VIOLATED)
_5507_/B1                               1.50    2.16   -0.66 (VIOLATED)
_5465_/B1                               1.50    2.16   -0.66 (VIOLATED)
_5454_/B1                               1.50    2.16   -0.66 (VIOLATED)
_5444_/B1                               1.50    2.16   -0.66 (VIOLATED)
_5433_/B1                               1.50    2.16   -0.66 (VIOLATED)
_5423_/B1                               1.50    2.16   -0.66 (VIOLATED)
_5412_/B1                               1.50    2.16   -0.66 (VIOLATED)
_5388_/B1                               1.50    2.16   -0.66 (VIOLATED)
_5402_/B1                               1.50    2.16   -0.66 (VIOLATED)
_5379_/B1                               1.50    2.16   -0.66 (VIOLATED)
_5336_/B1                               1.50    2.16   -0.66 (VIOLATED)
_5362_/B1                               1.50    2.16   -0.66 (VIOLATED)
_5348_/B1                               1.50    2.16   -0.66 (VIOLATED)
_5313_/B1                               1.50    2.16   -0.66 (VIOLATED)
_5301_/B1                               1.50    2.16   -0.66 (VIOLATED)
_5324_/B1                               1.50    2.16   -0.66 (VIOLATED)
_5189_/B1                               1.50    2.16   -0.66 (VIOLATED)
_5240_/B1                               1.50    2.16   -0.66 (VIOLATED)
_5255_/B1                               1.50    2.16   -0.66 (VIOLATED)
_5217_/B1                               1.50    2.16   -0.66 (VIOLATED)
_5230_/B1                               1.50    2.16   -0.66 (VIOLATED)
_5287_/B1                               1.50    2.16   -0.66 (VIOLATED)
_5269_/B1                               1.50    2.16   -0.66 (VIOLATED)
_5208_/B1                               1.50    2.16   -0.66 (VIOLATED)
_5200_/B1                               1.50    2.16   -0.66 (VIOLATED)
_8524_/A2                               1.50    2.16   -0.66 (VIOLATED)
_5186_/X                                1.50    2.16   -0.65 (VIOLATED)
rv32_soc/cpu_state[3]$_DFF_P_/Q         1.50    2.14   -0.64 (VIOLATED)
_5460_/A                                1.50    2.14   -0.64 (VIOLATED)
_5481_/A                                1.50    2.14   -0.64 (VIOLATED)
_5502_/A                                1.50    2.14   -0.64 (VIOLATED)
_5559_/A                                1.50    2.14   -0.64 (VIOLATED)
_5439_/A                                1.50    2.14   -0.64 (VIOLATED)
_5523_/A                                1.50    2.14   -0.64 (VIOLATED)
_5418_/A                                1.50    2.14   -0.64 (VIOLATED)
_5367_/B1                               1.50    2.14   -0.64 (VIOLATED)
_5394_/A                                1.50    2.14   -0.64 (VIOLATED)
_4804_/A                                1.50    2.14   -0.64 (VIOLATED)
_5512_/A                                1.50    2.14   -0.64 (VIOLATED)
_5343_/A                                1.50    2.14   -0.64 (VIOLATED)
_7597_/A                                1.50    2.14   -0.64 (VIOLATED)
_7601_/A                                1.50    2.14   -0.64 (VIOLATED)
_7599_/A                                1.50    2.14   -0.64 (VIOLATED)
_7600_/A                                1.50    2.14   -0.64 (VIOLATED)
_5307_/A                                1.50    2.14   -0.64 (VIOLATED)
_7598_/A                                1.50    2.14   -0.64 (VIOLATED)
_5190_/B2                               1.50    2.14   -0.64 (VIOLATED)
_5201_/B2                               1.50    2.14   -0.64 (VIOLATED)
_8523_/A1                               1.50    2.14   -0.64 (VIOLATED)
_8529_/A2                               1.50    2.14   -0.64 (VIOLATED)
_5209_/B2                               1.50    2.14   -0.64 (VIOLATED)
_5231_/B2                               1.50    2.14   -0.64 (VIOLATED)
_5241_/B2                               1.50    2.14   -0.64 (VIOLATED)
_5218_/B1                               1.50    2.14   -0.64 (VIOLATED)
_4803_/B                                1.50    2.14   -0.64 (VIOLATED)
_8534_/A2                               1.50    2.14   -0.64 (VIOLATED)
_7476_/A1                               1.50    2.14   -0.64 (VIOLATED)
_7477_/A1                               1.50    2.14   -0.64 (VIOLATED)
_7589_/B                                1.50    2.14   -0.64 (VIOLATED)
_4937_/A                                1.50    2.14   -0.64 (VIOLATED)
_5186_/A                                1.50    2.14   -0.64 (VIOLATED)
_4925_/A                                1.50    2.14   -0.64 (VIOLATED)
_5110_/B                                1.50    2.12   -0.62 (VIOLATED)
_5114_/B                                1.50    2.12   -0.62 (VIOLATED)
_5115_/A1                               1.50    2.12   -0.62 (VIOLATED)
_5119_/A1                               1.50    2.12   -0.62 (VIOLATED)
_5118_/B                                1.50    2.12   -0.62 (VIOLATED)
_5122_/B                                1.50    2.11   -0.61 (VIOLATED)
_5123_/A1                               1.50    2.11   -0.61 (VIOLATED)
_5126_/B                                1.50    2.11   -0.61 (VIOLATED)
_5127_/A1                               1.50    2.11   -0.61 (VIOLATED)
_5130_/B                                1.50    2.11   -0.61 (VIOLATED)
_5131_/A1                               1.50    2.11   -0.61 (VIOLATED)
_5134_/B                                1.50    2.11   -0.61 (VIOLATED)
_5135_/A1                               1.50    2.11   -0.61 (VIOLATED)
_5138_/B                                1.50    2.11   -0.61 (VIOLATED)
_5139_/A1                               1.50    2.11   -0.61 (VIOLATED)
_5142_/B                                1.50    2.11   -0.61 (VIOLATED)
_5143_/A1                               1.50    2.11   -0.61 (VIOLATED)
_5147_/A1                               1.50    2.11   -0.61 (VIOLATED)
_5146_/B                                1.50    2.11   -0.61 (VIOLATED)
_5150_/B                                1.50    2.11   -0.61 (VIOLATED)
_5151_/A1                               1.50    2.11   -0.61 (VIOLATED)
_5154_/B                                1.50    2.11   -0.61 (VIOLATED)
_7981_/A1                               1.50    2.11   -0.61 (VIOLATED)
_5155_/A1                               1.50    2.11   -0.61 (VIOLATED)
_5158_/B                                1.50    2.11   -0.61 (VIOLATED)
_5159_/A1                               1.50    2.11   -0.61 (VIOLATED)
_7980_/B                                1.50    2.11   -0.61 (VIOLATED)
_5162_/A1                               1.50    2.11   -0.61 (VIOLATED)
_5161_/B                                1.50    2.11   -0.61 (VIOLATED)
_5164_/B                                1.50    2.11   -0.61 (VIOLATED)
_5165_/A1                               1.50    2.11   -0.61 (VIOLATED)
split14/X                               1.51    2.11   -0.61 (VIOLATED)
_8097_/B1                               1.50    2.06   -0.56 (VIOLATED)
_8120_/B1                               1.50    2.06   -0.56 (VIOLATED)
_8135_/C1                               1.50    2.06   -0.56 (VIOLATED)
_8141_/B1                               1.50    2.06   -0.56 (VIOLATED)
_8152_/B1                               1.50    2.06   -0.56 (VIOLATED)
_8164_/B1                               1.50    2.06   -0.56 (VIOLATED)
_8174_/B1                               1.50    2.06   -0.56 (VIOLATED)
_8186_/B1                               1.50    2.06   -0.56 (VIOLATED)
rv32_soc/decoder_trigger$_DFF_P_/Q      1.50    2.05   -0.56 (VIOLATED)
_8203_/C1                               1.50    2.06   -0.56 (VIOLATED)
_8210_/B1                               1.50    2.06   -0.56 (VIOLATED)
_8227_/C1                               1.50    2.05   -0.55 (VIOLATED)
_7986_/B                                1.50    2.05   -0.55 (VIOLATED)
_8230_/A1                               1.50    2.05   -0.55 (VIOLATED)
_8245_/A                                1.50    2.05   -0.55 (VIOLATED)
_8280_/B1                               1.50    2.05   -0.55 (VIOLATED)
_8269_/A1                               1.50    2.05   -0.55 (VIOLATED)
_8272_/A1                               1.50    2.05   -0.55 (VIOLATED)
_8303_/B1                               1.50    2.05   -0.55 (VIOLATED)
_8291_/B1                               1.50    2.05   -0.55 (VIOLATED)
_8318_/C1                               1.50    2.05   -0.55 (VIOLATED)
_4942_/B                                1.50    2.05   -0.55 (VIOLATED)
_7995_/B                                1.50    2.05   -0.55 (VIOLATED)
_7576_/B_N                              1.50    2.05   -0.55 (VIOLATED)
_7607_/B                                1.50    2.05   -0.55 (VIOLATED)
_7617_/B                                1.50    2.05   -0.55 (VIOLATED)
_7612_/C                                1.50    2.05   -0.55 (VIOLATED)
_8043_/B1                               1.50    2.05   -0.55 (VIOLATED)
_4934_/B                                1.50    2.05   -0.55 (VIOLATED)
_8010_/A1                               1.50    2.05   -0.55 (VIOLATED)
_8005_/B1                               1.50    2.05   -0.55 (VIOLATED)
_8000_/A1                               1.50    2.05   -0.55 (VIOLATED)
_7994_/A1                               1.50    2.05   -0.55 (VIOLATED)
_4807_/B_N                              1.50    2.05   -0.55 (VIOLATED)
_7594_/Y                                1.50    1.99   -0.49 (VIOLATED)
_8591_/B                                1.50    1.99   -0.49 (VIOLATED)
_8567_/B                                1.50    1.99   -0.49 (VIOLATED)
_8582_/B                                1.50    1.99   -0.49 (VIOLATED)
_8562_/B                                1.50    1.99   -0.49 (VIOLATED)
_8584_/B                                1.50    1.99   -0.49 (VIOLATED)
_8564_/B                                1.50    1.99   -0.49 (VIOLATED)
_8551_/B                                1.50    1.99   -0.49 (VIOLATED)
_7596_/B1_N                             1.50    1.99   -0.49 (VIOLATED)
_8559_/B                                1.50    1.99   -0.49 (VIOLATED)
_8586_/B                                1.50    1.99   -0.49 (VIOLATED)
_8580_/B                                1.50    1.99   -0.49 (VIOLATED)
_8665_/B                                1.50    1.99   -0.49 (VIOLATED)
_8547_/B                                1.50    1.99   -0.49 (VIOLATED)
_8557_/B                                1.50    1.99   -0.49 (VIOLATED)
_8573_/B                                1.50    1.99   -0.49 (VIOLATED)
_8554_/B                                1.50    1.99   -0.49 (VIOLATED)
_8578_/B                                1.50    1.99   -0.49 (VIOLATED)
_8590_/B1                               1.50    1.99   -0.49 (VIOLATED)
_8570_/B                                1.50    1.99   -0.49 (VIOLATED)
_8588_/B                                1.50    1.99   -0.49 (VIOLATED)
_8593_/B                                1.50    1.99   -0.49 (VIOLATED)
_8663_/B                                1.50    1.99   -0.49 (VIOLATED)
_8549_/B1                               1.50    1.99   -0.49 (VIOLATED)
_8595_/B                                1.50    1.99   -0.49 (VIOLATED)
rv32_soc/cpuregs[16][23]$_DFFE_PP_/D    1.50    1.93   -0.43 (VIOLATED)
rv32_soc/cpuregs[20][23]$_DFFE_PP_/D    1.50    1.93   -0.43 (VIOLATED)
rv32_soc/cpuregs[21][23]$_DFFE_PP_/D    1.50    1.93   -0.43 (VIOLATED)
rv32_soc/cpuregs[17][23]$_DFFE_PP_/D    1.50    1.93   -0.43 (VIOLATED)
rv32_soc/cpuregs[23][23]$_DFFE_PP_/D    1.50    1.93   -0.43 (VIOLATED)
rv32_soc/cpuregs[19][23]$_DFFE_PP_/D    1.50    1.93   -0.43 (VIOLATED)
rv32_soc/cpuregs[18][23]$_DFFE_PP_/D    1.50    1.93   -0.43 (VIOLATED)
rv32_soc/cpuregs[22][23]$_DFFE_PP_/D    1.50    1.93   -0.43 (VIOLATED)
rv32_soc/cpuregs[8][23]$_DFFE_PP_/D     1.50    1.93   -0.43 (VIOLATED)
rv32_soc/cpuregs[12][23]$_DFFE_PP_/D    1.50    1.93   -0.43 (VIOLATED)
rv32_soc/cpuregs[3][23]$_DFFE_PP_/D     1.50    1.93   -0.43 (VIOLATED)
rv32_soc/cpuregs[5][23]$_DFFE_PP_/D     1.50    1.93   -0.43 (VIOLATED)
rv32_soc/cpuregs[9][23]$_DFFE_PP_/D     1.50    1.93   -0.43 (VIOLATED)
rv32_soc/cpuregs[13][23]$_DFFE_PP_/D    1.50    1.93   -0.43 (VIOLATED)
rv32_soc/cpuregs[1][23]$_DFFE_PP_/D     1.50    1.93   -0.43 (VIOLATED)
rv32_soc/cpuregs[4][23]$_DFFE_PP_/D     1.50    1.93   -0.43 (VIOLATED)
rv32_soc/cpuregs[31][23]$_DFFE_PP_/D    1.50    1.93   -0.43 (VIOLATED)
rv32_soc/cpuregs[30][23]$_DFFE_PP_/D    1.50    1.93   -0.43 (VIOLATED)
rv32_soc/cpuregs[26][23]$_DFFE_PP_/D    1.50    1.93   -0.43 (VIOLATED)
rv32_soc/cpuregs[27][23]$_DFFE_PP_/D    1.50    1.93   -0.43 (VIOLATED)
rv32_soc/cpuregs[29][23]$_DFFE_PP_/D    1.50    1.93   -0.43 (VIOLATED)
rv32_soc/cpuregs[25][23]$_DFFE_PP_/D    1.50    1.93   -0.43 (VIOLATED)
rv32_soc/cpuregs[24][23]$_DFFE_PP_/D    1.50    1.93   -0.43 (VIOLATED)
rv32_soc/cpuregs[28][23]$_DFFE_PP_/D    1.50    1.93   -0.43 (VIOLATED)
rv32_soc/cpuregs[0][23]$_DFFE_PP_/D     1.50    1.93   -0.43 (VIOLATED)
rv32_soc/cpuregs[7][23]$_DFFE_PP_/D     1.50    1.93   -0.43 (VIOLATED)
rv32_soc/cpuregs[6][23]$_DFFE_PP_/D     1.50    1.93   -0.43 (VIOLATED)
rv32_soc/cpuregs[2][23]$_DFFE_PP_/D     1.50    1.93   -0.43 (VIOLATED)
rv32_soc/cpuregs[15][23]$_DFFE_PP_/D    1.50    1.93   -0.43 (VIOLATED)
rv32_soc/cpuregs[14][23]$_DFFE_PP_/D    1.50    1.93   -0.43 (VIOLATED)
rv32_soc/cpuregs[11][23]$_DFFE_PP_/D    1.50    1.93   -0.43 (VIOLATED)
rv32_soc/cpuregs[10][23]$_DFFE_PP_/D    1.50    1.93   -0.43 (VIOLATED)
_9230_/Y                                1.50    1.93   -0.43 (VIOLATED)
_5861_/Y                                1.48    1.91   -0.42 (VIOLATED)
rv32_soc/cpuregs[1][13]$_DFFE_PP_/D     1.50    1.92   -0.42 (VIOLATED)
rv32_soc/cpuregs[4][13]$_DFFE_PP_/D     1.50    1.92   -0.42 (VIOLATED)
rv32_soc/cpuregs[16][13]$_DFFE_PP_/D    1.50    1.92   -0.42 (VIOLATED)
rv32_soc/cpuregs[21][13]$_DFFE_PP_/D    1.50    1.92   -0.42 (VIOLATED)
rv32_soc/cpuregs[17][13]$_DFFE_PP_/D    1.50    1.92   -0.42 (VIOLATED)
rv32_soc/cpuregs[7][13]$_DFFE_PP_/D     1.50    1.92   -0.42 (VIOLATED)
rv32_soc/cpuregs[6][13]$_DFFE_PP_/D     1.50    1.92   -0.42 (VIOLATED)
rv32_soc/cpuregs[20][13]$_DFFE_PP_/D    1.50    1.92   -0.42 (VIOLATED)
rv32_soc/cpuregs[22][13]$_DFFE_PP_/D    1.50    1.92   -0.42 (VIOLATED)
rv32_soc/cpuregs[18][13]$_DFFE_PP_/D    1.50    1.92   -0.42 (VIOLATED)
rv32_soc/cpuregs[23][13]$_DFFE_PP_/D    1.50    1.92   -0.42 (VIOLATED)
rv32_soc/cpuregs[24][13]$_DFFE_PP_/D    1.50    1.92   -0.42 (VIOLATED)
rv32_soc/cpuregs[19][13]$_DFFE_PP_/D    1.50    1.92   -0.42 (VIOLATED)
rv32_soc/cpuregs[25][13]$_DFFE_PP_/D    1.50    1.92   -0.42 (VIOLATED)
rv32_soc/cpuregs[29][13]$_DFFE_PP_/D    1.50    1.92   -0.42 (VIOLATED)
rv32_soc/cpuregs[31][13]$_DFFE_PP_/D    1.50    1.92   -0.42 (VIOLATED)
rv32_soc/cpuregs[28][13]$_DFFE_PP_/D    1.50    1.92   -0.42 (VIOLATED)
rv32_soc/cpuregs[30][13]$_DFFE_PP_/D    1.50    1.92   -0.42 (VIOLATED)
rv32_soc/cpuregs[27][13]$_DFFE_PP_/D    1.50    1.92   -0.42 (VIOLATED)
rv32_soc/cpuregs[26][13]$_DFFE_PP_/D    1.50    1.92   -0.42 (VIOLATED)
rv32_soc/cpuregs[5][13]$_DFFE_PP_/D     1.50    1.92   -0.42 (VIOLATED)
rv32_soc/cpuregs[0][13]$_DFFE_PP_/D     1.50    1.92   -0.42 (VIOLATED)
rv32_soc/cpuregs[2][13]$_DFFE_PP_/D     1.50    1.92   -0.42 (VIOLATED)
rv32_soc/cpuregs[3][13]$_DFFE_PP_/D     1.50    1.92   -0.42 (VIOLATED)
rv32_soc/cpuregs[10][13]$_DFFE_PP_/D    1.50    1.92   -0.42 (VIOLATED)
rv32_soc/cpuregs[15][13]$_DFFE_PP_/D    1.50    1.92   -0.42 (VIOLATED)
rv32_soc/cpuregs[11][13]$_DFFE_PP_/D    1.50    1.92   -0.42 (VIOLATED)
rv32_soc/cpuregs[14][13]$_DFFE_PP_/D    1.50    1.92   -0.42 (VIOLATED)
rv32_soc/cpuregs[12][13]$_DFFE_PP_/D    1.50    1.92   -0.42 (VIOLATED)
rv32_soc/cpuregs[13][13]$_DFFE_PP_/D    1.50    1.92   -0.42 (VIOLATED)
rv32_soc/cpuregs[8][13]$_DFFE_PP_/D     1.50    1.92   -0.42 (VIOLATED)
rv32_soc/cpuregs[9][13]$_DFFE_PP_/D     1.50    1.92   -0.42 (VIOLATED)
_9183_/Y                                1.50    1.92   -0.42 (VIOLATED)
ANTENNA_4/DIODE                         1.50    1.91   -0.41 (VIOLATED)
ANTENNA_6/DIODE                         1.50    1.91   -0.41 (VIOLATED)
_5873_/A2                               1.50    1.91   -0.41 (VIOLATED)
ANTENNA_3/DIODE                         1.50    1.91   -0.41 (VIOLATED)
ANTENNA_5/DIODE                         1.50    1.91   -0.41 (VIOLATED)
ANTENNA_7/DIODE                         1.50    1.91   -0.41 (VIOLATED)
rv32_soc/cpuregs[0][31]$_DFFE_PP_/D     1.50    1.88   -0.38 (VIOLATED)
rv32_soc/cpuregs[1][31]$_DFFE_PP_/D     1.50    1.88   -0.38 (VIOLATED)
rv32_soc/cpuregs[5][31]$_DFFE_PP_/D     1.50    1.88   -0.38 (VIOLATED)
rv32_soc/cpuregs[18][31]$_DFFE_PP_/D    1.50    1.88   -0.38 (VIOLATED)
rv32_soc/cpuregs[4][31]$_DFFE_PP_/D     1.50    1.88   -0.38 (VIOLATED)
rv32_soc/cpuregs[2][31]$_DFFE_PP_/D     1.50    1.88   -0.38 (VIOLATED)
rv32_soc/cpuregs[6][31]$_DFFE_PP_/D     1.50    1.88   -0.38 (VIOLATED)
rv32_soc/cpuregs[3][31]$_DFFE_PP_/D     1.50    1.88   -0.38 (VIOLATED)
rv32_soc/cpuregs[7][31]$_DFFE_PP_/D     1.50    1.88   -0.38 (VIOLATED)
rv32_soc/cpuregs[17][31]$_DFFE_PP_/D    1.50    1.88   -0.38 (VIOLATED)
rv32_soc/cpuregs[20][31]$_DFFE_PP_/D    1.50    1.88   -0.38 (VIOLATED)
rv32_soc/cpuregs[21][31]$_DFFE_PP_/D    1.50    1.88   -0.38 (VIOLATED)
rv32_soc/cpuregs[16][31]$_DFFE_PP_/D    1.50    1.88   -0.38 (VIOLATED)
rv32_soc/cpuregs[19][31]$_DFFE_PP_/D    1.50    1.88   -0.38 (VIOLATED)
rv32_soc/cpuregs[22][31]$_DFFE_PP_/D    1.50    1.88   -0.38 (VIOLATED)
rv32_soc/cpuregs[23][31]$_DFFE_PP_/D    1.50    1.88   -0.38 (VIOLATED)
rv32_soc/cpuregs[31][31]$_DFFE_PP_/D    1.50    1.88   -0.38 (VIOLATED)
rv32_soc/cpuregs[30][31]$_DFFE_PP_/D    1.50    1.88   -0.38 (VIOLATED)
rv32_soc/cpuregs[26][31]$_DFFE_PP_/D    1.50    1.88   -0.38 (VIOLATED)
rv32_soc/cpuregs[27][31]$_DFFE_PP_/D    1.50    1.88   -0.38 (VIOLATED)
rv32_soc/cpuregs[28][31]$_DFFE_PP_/D    1.50    1.88   -0.38 (VIOLATED)
rv32_soc/cpuregs[29][31]$_DFFE_PP_/D    1.50    1.88   -0.38 (VIOLATED)
rv32_soc/cpuregs[25][31]$_DFFE_PP_/D    1.50    1.88   -0.38 (VIOLATED)
rv32_soc/cpuregs[24][31]$_DFFE_PP_/D    1.50    1.88   -0.38 (VIOLATED)
rv32_soc/cpuregs[13][31]$_DFFE_PP_/D    1.50    1.88   -0.38 (VIOLATED)
rv32_soc/cpuregs[12][31]$_DFFE_PP_/D    1.50    1.88   -0.38 (VIOLATED)
rv32_soc/cpuregs[15][31]$_DFFE_PP_/D    1.50    1.88   -0.38 (VIOLATED)
rv32_soc/cpuregs[10][31]$_DFFE_PP_/D    1.50    1.88   -0.38 (VIOLATED)
rv32_soc/cpuregs[14][31]$_DFFE_PP_/D    1.50    1.88   -0.38 (VIOLATED)
rv32_soc/cpuregs[11][31]$_DFFE_PP_/D    1.50    1.88   -0.38 (VIOLATED)
rv32_soc/cpuregs[9][31]$_DFFE_PP_/D     1.50    1.88   -0.38 (VIOLATED)
rv32_soc/cpuregs[8][31]$_DFFE_PP_/D     1.50    1.88   -0.38 (VIOLATED)
_9267_/Y                                1.50    1.88   -0.37 (VIOLATED)
rv32_soc/cpuregs[16][11]$_DFFE_PP_/D    1.50    1.81   -0.31 (VIOLATED)
rv32_soc/cpuregs[18][11]$_DFFE_PP_/D    1.50    1.81   -0.31 (VIOLATED)
rv32_soc/cpuregs[19][11]$_DFFE_PP_/D    1.50    1.81   -0.31 (VIOLATED)
rv32_soc/cpuregs[22][11]$_DFFE_PP_/D    1.50    1.81   -0.31 (VIOLATED)
rv32_soc/cpuregs[23][11]$_DFFE_PP_/D    1.50    1.81   -0.31 (VIOLATED)
rv32_soc/cpuregs[20][11]$_DFFE_PP_/D    1.50    1.81   -0.31 (VIOLATED)
rv32_soc/cpuregs[21][11]$_DFFE_PP_/D    1.50    1.81   -0.31 (VIOLATED)
rv32_soc/cpuregs[17][11]$_DFFE_PP_/D    1.50    1.81   -0.31 (VIOLATED)
rv32_soc/cpuregs[27][11]$_DFFE_PP_/D    1.50    1.81   -0.31 (VIOLATED)
rv32_soc/cpuregs[26][11]$_DFFE_PP_/D    1.50    1.81   -0.31 (VIOLATED)
rv32_soc/cpuregs[24][11]$_DFFE_PP_/D    1.50    1.81   -0.31 (VIOLATED)
rv32_soc/cpuregs[29][11]$_DFFE_PP_/D    1.50    1.81   -0.31 (VIOLATED)
rv32_soc/cpuregs[28][11]$_DFFE_PP_/D    1.50    1.81   -0.31 (VIOLATED)
rv32_soc/cpuregs[25][11]$_DFFE_PP_/D    1.50    1.81   -0.31 (VIOLATED)
rv32_soc/cpuregs[0][11]$_DFFE_PP_/D     1.50    1.81   -0.31 (VIOLATED)
rv32_soc/cpuregs[4][11]$_DFFE_PP_/D     1.50    1.81   -0.31 (VIOLATED)
rv32_soc/cpuregs[5][11]$_DFFE_PP_/D     1.50    1.81   -0.31 (VIOLATED)
rv32_soc/cpuregs[13][11]$_DFFE_PP_/D    1.50    1.81   -0.31 (VIOLATED)
rv32_soc/cpuregs[1][11]$_DFFE_PP_/D     1.50    1.81   -0.31 (VIOLATED)
rv32_soc/cpuregs[12][11]$_DFFE_PP_/D    1.50    1.81   -0.31 (VIOLATED)
rv32_soc/cpuregs[8][11]$_DFFE_PP_/D     1.50    1.81   -0.31 (VIOLATED)
rv32_soc/cpuregs[9][11]$_DFFE_PP_/D     1.50    1.81   -0.31 (VIOLATED)
rv32_soc/cpuregs[31][11]$_DFFE_PP_/D    1.50    1.81   -0.31 (VIOLATED)
rv32_soc/cpuregs[30][11]$_DFFE_PP_/D    1.50    1.81   -0.31 (VIOLATED)
rv32_soc/cpuregs[6][11]$_DFFE_PP_/D     1.50    1.81   -0.31 (VIOLATED)
rv32_soc/cpuregs[15][11]$_DFFE_PP_/D    1.50    1.81   -0.31 (VIOLATED)
rv32_soc/cpuregs[11][11]$_DFFE_PP_/D    1.50    1.81   -0.31 (VIOLATED)
rv32_soc/cpuregs[14][11]$_DFFE_PP_/D    1.50    1.81   -0.31 (VIOLATED)
rv32_soc/cpuregs[10][11]$_DFFE_PP_/D    1.50    1.81   -0.31 (VIOLATED)
rv32_soc/cpuregs[2][11]$_DFFE_PP_/D     1.50    1.81   -0.31 (VIOLATED)
rv32_soc/cpuregs[3][11]$_DFFE_PP_/D     1.50    1.81   -0.31 (VIOLATED)
rv32_soc/cpuregs[7][11]$_DFFE_PP_/D     1.50    1.81   -0.31 (VIOLATED)
_9174_/Y                                1.50    1.81   -0.31 (VIOLATED)
_5769_/B                                1.50    1.75   -0.25 (VIOLATED)
_5838_/A1                               1.50    1.75   -0.25 (VIOLATED)
_5627_/B2                               1.50    1.75   -0.25 (VIOLATED)
_5871_/B1                               1.50    1.75   -0.25 (VIOLATED)
_5903_/A1                               1.50    1.75   -0.25 (VIOLATED)
_6017_/A1                               1.50    1.75   -0.25 (VIOLATED)
_5945_/A                                1.50    1.75   -0.25 (VIOLATED)
_5979_/A1                               1.50    1.75   -0.25 (VIOLATED)
_6077_/B1                               1.50    1.74   -0.24 (VIOLATED)
rv32_soc/reg_sh[1]$_DFFE_PP_/DE         1.50    1.74   -0.24 (VIOLATED)
_6047_/A1                               1.50    1.74   -0.24 (VIOLATED)
rv32_soc/reg_sh[0]$_DFFE_PP_/DE         1.50    1.74   -0.24 (VIOLATED)
_7397_/B1                               1.50    1.74   -0.24 (VIOLATED)
_6099_/A                                1.50    1.74   -0.24 (VIOLATED)
_6135_/A1                               1.50    1.74   -0.24 (VIOLATED)
_4799_/Y                                1.50    1.74   -0.24 (VIOLATED)
_6189_/A                                1.50    1.74   -0.24 (VIOLATED)
_6167_/A                                1.50    1.74   -0.24 (VIOLATED)
_6227_/A                                1.50    1.74   -0.24 (VIOLATED)
_6286_/A                                1.50    1.74   -0.24 (VIOLATED)
_6257_/B1                               1.50    1.74   -0.24 (VIOLATED)
_6318_/A                                1.50    1.74   -0.24 (VIOLATED)
_6396_/A                                1.50    1.74   -0.24 (VIOLATED)
_6370_/A                                1.50    1.74   -0.24 (VIOLATED)
_6464_/A                                1.50    1.74   -0.24 (VIOLATED)
_6501_/A1                               1.50    1.74   -0.24 (VIOLATED)
_6343_/A1                               1.50    1.74   -0.24 (VIOLATED)
_6528_/B2                               1.50    1.74   -0.24 (VIOLATED)
rv32_soc/cpuregs[2][30]$_DFFE_PP_/D     1.50    1.73   -0.23 (VIOLATED)
rv32_soc/cpuregs[3][30]$_DFFE_PP_/D     1.50    1.73   -0.23 (VIOLATED)
rv32_soc/cpuregs[7][30]$_DFFE_PP_/D     1.50    1.73   -0.23 (VIOLATED)
rv32_soc/cpuregs[17][30]$_DFFE_PP_/D    1.50    1.73   -0.23 (VIOLATED)
rv32_soc/cpuregs[20][30]$_DFFE_PP_/D    1.50    1.73   -0.23 (VIOLATED)
rv32_soc/cpuregs[6][30]$_DFFE_PP_/D     1.50    1.73   -0.23 (VIOLATED)
rv32_soc/cpuregs[21][30]$_DFFE_PP_/D    1.50    1.73   -0.23 (VIOLATED)
rv32_soc/cpuregs[16][30]$_DFFE_PP_/D    1.50    1.73   -0.23 (VIOLATED)
rv32_soc/cpuregs[22][30]$_DFFE_PP_/D    1.50    1.73   -0.23 (VIOLATED)
rv32_soc/cpuregs[19][30]$_DFFE_PP_/D    1.50    1.73   -0.23 (VIOLATED)
rv32_soc/cpuregs[0][30]$_DFFE_PP_/D     1.50    1.73   -0.23 (VIOLATED)
rv32_soc/cpuregs[1][30]$_DFFE_PP_/D     1.50    1.73   -0.23 (VIOLATED)
rv32_soc/cpuregs[5][30]$_DFFE_PP_/D     1.50    1.73   -0.23 (VIOLATED)
rv32_soc/cpuregs[11][30]$_DFFE_PP_/D    1.50    1.73   -0.23 (VIOLATED)
rv32_soc/cpuregs[15][30]$_DFFE_PP_/D    1.50    1.73   -0.23 (VIOLATED)
rv32_soc/cpuregs[4][30]$_DFFE_PP_/D     1.50    1.73   -0.23 (VIOLATED)
rv32_soc/cpuregs[14][30]$_DFFE_PP_/D    1.50    1.73   -0.23 (VIOLATED)
rv32_soc/cpuregs[31][30]$_DFFE_PP_/D    1.50    1.73   -0.23 (VIOLATED)
rv32_soc/cpuregs[30][30]$_DFFE_PP_/D    1.50    1.73   -0.23 (VIOLATED)
rv32_soc/cpuregs[26][30]$_DFFE_PP_/D    1.50    1.73   -0.23 (VIOLATED)
rv32_soc/cpuregs[23][30]$_DFFE_PP_/D    1.50    1.73   -0.23 (VIOLATED)
rv32_soc/cpuregs[10][30]$_DFFE_PP_/D    1.50    1.73   -0.23 (VIOLATED)
rv32_soc/cpuregs[27][30]$_DFFE_PP_/D    1.50    1.73   -0.23 (VIOLATED)
rv32_soc/cpuregs[28][30]$_DFFE_PP_/D    1.50    1.73   -0.23 (VIOLATED)
rv32_soc/cpuregs[18][30]$_DFFE_PP_/D    1.50    1.73   -0.23 (VIOLATED)
rv32_soc/cpuregs[29][30]$_DFFE_PP_/D    1.50    1.73   -0.23 (VIOLATED)
rv32_soc/cpuregs[25][30]$_DFFE_PP_/D    1.50    1.73   -0.23 (VIOLATED)
rv32_soc/cpuregs[24][30]$_DFFE_PP_/D    1.50    1.73   -0.23 (VIOLATED)
rv32_soc/cpuregs[13][30]$_DFFE_PP_/D    1.50    1.73   -0.23 (VIOLATED)
rv32_soc/cpuregs[8][30]$_DFFE_PP_/D     1.50    1.73   -0.23 (VIOLATED)
rv32_soc/cpuregs[9][30]$_DFFE_PP_/D     1.50    1.73   -0.23 (VIOLATED)
rv32_soc/cpuregs[12][30]$_DFFE_PP_/D    1.50    1.73   -0.23 (VIOLATED)
_9262_/Y                                1.50    1.73   -0.22 (VIOLATED)
rv32_soc/cpuregs[31][26]$_DFFE_PP_/D    1.50    1.71   -0.21 (VIOLATED)
rv32_soc/cpuregs[30][26]$_DFFE_PP_/D    1.50    1.71   -0.21 (VIOLATED)
rv32_soc/cpuregs[27][26]$_DFFE_PP_/D    1.50    1.71   -0.21 (VIOLATED)
rv32_soc/cpuregs[26][26]$_DFFE_PP_/D    1.50    1.71   -0.21 (VIOLATED)
rv32_soc/cpuregs[13][26]$_DFFE_PP_/D    1.50    1.71   -0.21 (VIOLATED)
rv32_soc/cpuregs[8][26]$_DFFE_PP_/D     1.50    1.71   -0.21 (VIOLATED)
rv32_soc/cpuregs[28][26]$_DFFE_PP_/D    1.50    1.71   -0.21 (VIOLATED)
rv32_soc/cpuregs[29][26]$_DFFE_PP_/D    1.50    1.71   -0.21 (VIOLATED)
rv32_soc/cpuregs[12][26]$_DFFE_PP_/D    1.50    1.71   -0.21 (VIOLATED)
rv32_soc/cpuregs[9][26]$_DFFE_PP_/D     1.50    1.71   -0.21 (VIOLATED)
rv32_soc/cpuregs[11][26]$_DFFE_PP_/D    1.50    1.71   -0.21 (VIOLATED)
rv32_soc/cpuregs[14][26]$_DFFE_PP_/D    1.50    1.71   -0.21 (VIOLATED)
rv32_soc/cpuregs[15][26]$_DFFE_PP_/D    1.50    1.71   -0.21 (VIOLATED)
rv32_soc/cpuregs[10][26]$_DFFE_PP_/D    1.50    1.71   -0.21 (VIOLATED)
rv32_soc/cpuregs[16][26]$_DFFE_PP_/D    1.50    1.71   -0.21 (VIOLATED)
rv32_soc/cpuregs[17][26]$_DFFE_PP_/D    1.50    1.71   -0.21 (VIOLATED)
rv32_soc/cpuregs[21][26]$_DFFE_PP_/D    1.50    1.71   -0.21 (VIOLATED)
rv32_soc/cpuregs[1][26]$_DFFE_PP_/D     1.50    1.71   -0.21 (VIOLATED)
rv32_soc/cpuregs[5][26]$_DFFE_PP_/D     1.50    1.71   -0.21 (VIOLATED)
rv32_soc/cpuregs[0][26]$_DFFE_PP_/D     1.50    1.71   -0.21 (VIOLATED)
rv32_soc/cpuregs[4][26]$_DFFE_PP_/D     1.50    1.71   -0.21 (VIOLATED)
rv32_soc/cpuregs[3][26]$_DFFE_PP_/D     1.50    1.71   -0.21 (VIOLATED)
rv32_soc/cpuregs[6][26]$_DFFE_PP_/D     1.50    1.71   -0.21 (VIOLATED)
rv32_soc/cpuregs[7][26]$_DFFE_PP_/D     1.50    1.71   -0.21 (VIOLATED)
rv32_soc/cpuregs[2][26]$_DFFE_PP_/D     1.50    1.71   -0.21 (VIOLATED)
rv32_soc/cpuregs[20][26]$_DFFE_PP_/D    1.50    1.71   -0.21 (VIOLATED)
rv32_soc/cpuregs[18][26]$_DFFE_PP_/D    1.50    1.71   -0.21 (VIOLATED)
rv32_soc/cpuregs[22][26]$_DFFE_PP_/D    1.50    1.71   -0.21 (VIOLATED)
rv32_soc/cpuregs[19][26]$_DFFE_PP_/D    1.50    1.71   -0.21 (VIOLATED)
rv32_soc/cpuregs[23][26]$_DFFE_PP_/D    1.50    1.71   -0.21 (VIOLATED)
rv32_soc/cpuregs[24][26]$_DFFE_PP_/D    1.50    1.71   -0.21 (VIOLATED)
rv32_soc/cpuregs[25][26]$_DFFE_PP_/D    1.50    1.71   -0.21 (VIOLATED)
_9243_/Y                                1.50    1.71   -0.20 (VIOLATED)
_5117_/S                                1.50    1.70   -0.20 (VIOLATED)
_5121_/S                                1.50    1.70   -0.20 (VIOLATED)
_5125_/S                                1.50    1.70   -0.20 (VIOLATED)
_5129_/S                                1.50    1.70   -0.20 (VIOLATED)
_5133_/S                                1.50    1.70   -0.20 (VIOLATED)
_5137_/S                                1.50    1.70   -0.20 (VIOLATED)
_5141_/S                                1.50    1.70   -0.20 (VIOLATED)
_5145_/S                                1.50    1.70   -0.20 (VIOLATED)
_7979_/S                                1.50    1.70   -0.20 (VIOLATED)
_5149_/S                                1.50    1.70   -0.20 (VIOLATED)
_5153_/S                                1.50    1.70   -0.20 (VIOLATED)
_5157_/S                                1.50    1.70   -0.20 (VIOLATED)
_5163_/S                                1.50    1.70   -0.20 (VIOLATED)
_5160_/S                                1.50    1.70   -0.20 (VIOLATED)
_9155_/S                                1.50    1.70   -0.20 (VIOLATED)
_8528_/A                                1.50    1.70   -0.20 (VIOLATED)
split13/X                               1.51    1.70   -0.19 (VIOLATED)
rv32_soc/cpuregs[19][29]$_DFFE_PP_/D    1.50    1.69   -0.19 (VIOLATED)
rv32_soc/cpuregs[22][29]$_DFFE_PP_/D    1.50    1.69   -0.19 (VIOLATED)
rv32_soc/cpuregs[18][29]$_DFFE_PP_/D    1.50    1.69   -0.19 (VIOLATED)
rv32_soc/cpuregs[23][29]$_DFFE_PP_/D    1.50    1.69   -0.19 (VIOLATED)
rv32_soc/cpuregs[21][29]$_DFFE_PP_/D    1.50    1.69   -0.19 (VIOLATED)
rv32_soc/cpuregs[5][29]$_DFFE_PP_/D     1.50    1.69   -0.19 (VIOLATED)
rv32_soc/cpuregs[20][29]$_DFFE_PP_/D    1.50    1.69   -0.19 (VIOLATED)
rv32_soc/cpuregs[17][29]$_DFFE_PP_/D    1.50    1.69   -0.19 (VIOLATED)
rv32_soc/cpuregs[16][29]$_DFFE_PP_/D    1.50    1.69   -0.19 (VIOLATED)
rv32_soc/cpuregs[6][29]$_DFFE_PP_/D     1.50    1.69   -0.19 (VIOLATED)
rv32_soc/cpuregs[4][29]$_DFFE_PP_/D     1.50    1.69   -0.19 (VIOLATED)
rv32_soc/cpuregs[1][29]$_DFFE_PP_/D     1.50    1.69   -0.19 (VIOLATED)
rv32_soc/cpuregs[3][29]$_DFFE_PP_/D     1.50    1.69   -0.19 (VIOLATED)
rv32_soc/cpuregs[7][29]$_DFFE_PP_/D     1.50    1.69   -0.19 (VIOLATED)
rv32_soc/cpuregs[2][29]$_DFFE_PP_/D     1.50    1.69   -0.19 (VIOLATED)
rv32_soc/cpuregs[14][29]$_DFFE_PP_/D    1.50    1.69   -0.19 (VIOLATED)
rv32_soc/cpuregs[10][29]$_DFFE_PP_/D    1.50    1.69   -0.19 (VIOLATED)
rv32_soc/cpuregs[11][29]$_DFFE_PP_/D    1.50    1.69   -0.19 (VIOLATED)
rv32_soc/cpuregs[15][29]$_DFFE_PP_/D    1.50    1.69   -0.19 (VIOLATED)
rv32_soc/cpuregs[8][29]$_DFFE_PP_/D     1.50    1.69   -0.19 (VIOLATED)
rv32_soc/cpuregs[12][29]$_DFFE_PP_/D    1.50    1.69   -0.19 (VIOLATED)
rv32_soc/cpuregs[13][29]$_DFFE_PP_/D    1.50    1.69   -0.19 (VIOLATED)
rv32_soc/cpuregs[9][29]$_DFFE_PP_/D     1.50    1.69   -0.19 (VIOLATED)
rv32_soc/cpuregs[30][29]$_DFFE_PP_/D    1.50    1.69   -0.19 (VIOLATED)
rv32_soc/cpuregs[31][29]$_DFFE_PP_/D    1.50    1.69   -0.19 (VIOLATED)
rv32_soc/cpuregs[24][29]$_DFFE_PP_/D    1.50    1.69   -0.19 (VIOLATED)
rv32_soc/cpuregs[0][29]$_DFFE_PP_/D     1.50    1.69   -0.19 (VIOLATED)
rv32_soc/cpuregs[27][29]$_DFFE_PP_/D    1.50    1.69   -0.19 (VIOLATED)
rv32_soc/cpuregs[28][29]$_DFFE_PP_/D    1.50    1.69   -0.19 (VIOLATED)
rv32_soc/cpuregs[25][29]$_DFFE_PP_/D    1.50    1.69   -0.19 (VIOLATED)
rv32_soc/cpuregs[26][29]$_DFFE_PP_/D    1.50    1.69   -0.19 (VIOLATED)
rv32_soc/cpuregs[29][29]$_DFFE_PP_/D    1.50    1.69   -0.19 (VIOLATED)
_9256_/Y                                1.50    1.69   -0.19 (VIOLATED)
rv32_soc/cpuregs[3][27]$_DFFE_PP_/D     1.50    1.69   -0.19 (VIOLATED)
rv32_soc/cpuregs[6][27]$_DFFE_PP_/D     1.50    1.69   -0.19 (VIOLATED)
rv32_soc/cpuregs[7][27]$_DFFE_PP_/D     1.50    1.69   -0.19 (VIOLATED)
rv32_soc/cpuregs[2][27]$_DFFE_PP_/D     1.50    1.69   -0.19 (VIOLATED)
rv32_soc/cpuregs[5][27]$_DFFE_PP_/D     1.50    1.69   -0.19 (VIOLATED)
rv32_soc/cpuregs[0][27]$_DFFE_PP_/D     1.50    1.69   -0.19 (VIOLATED)
rv32_soc/cpuregs[1][27]$_DFFE_PP_/D     1.50    1.69   -0.19 (VIOLATED)
rv32_soc/cpuregs[4][27]$_DFFE_PP_/D     1.50    1.69   -0.19 (VIOLATED)
rv32_soc/cpuregs[14][27]$_DFFE_PP_/D    1.50    1.69   -0.19 (VIOLATED)
rv32_soc/cpuregs[15][27]$_DFFE_PP_/D    1.50    1.69   -0.19 (VIOLATED)
rv32_soc/cpuregs[10][27]$_DFFE_PP_/D    1.50    1.69   -0.19 (VIOLATED)
rv32_soc/cpuregs[11][27]$_DFFE_PP_/D    1.50    1.69   -0.19 (VIOLATED)
rv32_soc/cpuregs[9][27]$_DFFE_PP_/D     1.50    1.69   -0.19 (VIOLATED)
rv32_soc/cpuregs[13][27]$_DFFE_PP_/D    1.50    1.69   -0.19 (VIOLATED)
rv32_soc/cpuregs[12][27]$_DFFE_PP_/D    1.50    1.69   -0.19 (VIOLATED)
rv32_soc/cpuregs[16][27]$_DFFE_PP_/D    1.50    1.69   -0.19 (VIOLATED)
rv32_soc/cpuregs[17][27]$_DFFE_PP_/D    1.50    1.69   -0.19 (VIOLATED)
rv32_soc/cpuregs[20][27]$_DFFE_PP_/D    1.50    1.69   -0.19 (VIOLATED)
rv32_soc/cpuregs[23][27]$_DFFE_PP_/D    1.50    1.69   -0.19 (VIOLATED)
rv32_soc/cpuregs[21][27]$_DFFE_PP_/D    1.50    1.69   -0.19 (VIOLATED)
rv32_soc/cpuregs[22][27]$_DFFE_PP_/D    1.50    1.69   -0.19 (VIOLATED)
rv32_soc/cpuregs[18][27]$_DFFE_PP_/D    1.50    1.69   -0.19 (VIOLATED)
rv32_soc/cpuregs[26][27]$_DFFE_PP_/D    1.50    1.69   -0.19 (VIOLATED)
rv32_soc/cpuregs[27][27]$_DFFE_PP_/D    1.50    1.69   -0.19 (VIOLATED)
rv32_soc/cpuregs[19][27]$_DFFE_PP_/D    1.50    1.69   -0.19 (VIOLATED)
rv32_soc/cpuregs[8][27]$_DFFE_PP_/D     1.50    1.69   -0.19 (VIOLATED)
rv32_soc/cpuregs[30][27]$_DFFE_PP_/D    1.50    1.69   -0.19 (VIOLATED)
rv32_soc/cpuregs[31][27]$_DFFE_PP_/D    1.50    1.69   -0.19 (VIOLATED)
rv32_soc/cpuregs[28][27]$_DFFE_PP_/D    1.50    1.69   -0.19 (VIOLATED)
rv32_soc/cpuregs[24][27]$_DFFE_PP_/D    1.50    1.69   -0.19 (VIOLATED)
rv32_soc/cpuregs[25][27]$_DFFE_PP_/D    1.50    1.69   -0.19 (VIOLATED)
rv32_soc/cpuregs[29][27]$_DFFE_PP_/D    1.50    1.69   -0.19 (VIOLATED)
_9248_/Y                                1.50    1.69   -0.18 (VIOLATED)
rv32_soc/cpuregs[17][8]$_DFFE_PP_/D     1.50    1.68   -0.18 (VIOLATED)
rv32_soc/cpuregs[21][8]$_DFFE_PP_/D     1.50    1.68   -0.18 (VIOLATED)
rv32_soc/cpuregs[16][8]$_DFFE_PP_/D     1.50    1.68   -0.18 (VIOLATED)
rv32_soc/cpuregs[20][8]$_DFFE_PP_/D     1.50    1.68   -0.18 (VIOLATED)
rv32_soc/cpuregs[24][8]$_DFFE_PP_/D     1.50    1.68   -0.18 (VIOLATED)
rv32_soc/cpuregs[25][8]$_DFFE_PP_/D     1.50    1.68   -0.18 (VIOLATED)
rv32_soc/cpuregs[28][8]$_DFFE_PP_/D     1.50    1.68   -0.18 (VIOLATED)
rv32_soc/cpuregs[27][8]$_DFFE_PP_/D     1.50    1.68   -0.18 (VIOLATED)
rv32_soc/cpuregs[29][8]$_DFFE_PP_/D     1.50    1.68   -0.18 (VIOLATED)
rv32_soc/cpuregs[30][8]$_DFFE_PP_/D     1.50    1.68   -0.18 (VIOLATED)
rv32_soc/cpuregs[31][8]$_DFFE_PP_/D     1.50    1.68   -0.18 (VIOLATED)
rv32_soc/cpuregs[22][8]$_DFFE_PP_/D     1.50    1.68   -0.18 (VIOLATED)
rv32_soc/cpuregs[26][8]$_DFFE_PP_/D     1.50    1.68   -0.18 (VIOLATED)
rv32_soc/cpuregs[2][8]$_DFFE_PP_/D      1.50    1.68   -0.18 (VIOLATED)
rv32_soc/cpuregs[19][8]$_DFFE_PP_/D     1.50    1.68   -0.18 (VIOLATED)
rv32_soc/cpuregs[6][8]$_DFFE_PP_/D      1.50    1.68   -0.18 (VIOLATED)
rv32_soc/cpuregs[18][8]$_DFFE_PP_/D     1.50    1.68   -0.18 (VIOLATED)
rv32_soc/cpuregs[23][8]$_DFFE_PP_/D     1.50    1.68   -0.18 (VIOLATED)
rv32_soc/cpuregs[7][8]$_DFFE_PP_/D      1.50    1.68   -0.18 (VIOLATED)
rv32_soc/cpuregs[15][8]$_DFFE_PP_/D     1.50    1.68   -0.18 (VIOLATED)
rv32_soc/cpuregs[0][8]$_DFFE_PP_/D      1.50    1.68   -0.18 (VIOLATED)
rv32_soc/cpuregs[10][8]$_DFFE_PP_/D     1.50    1.68   -0.18 (VIOLATED)
rv32_soc/cpuregs[11][8]$_DFFE_PP_/D     1.50    1.68   -0.18 (VIOLATED)
_9284_/Y                                1.50    1.67   -0.18 (VIOLATED)
rv32_soc/cpuregs[1][8]$_DFFE_PP_/D      1.50    1.68   -0.18 (VIOLATED)
rv32_soc/cpuregs[4][8]$_DFFE_PP_/D      1.50    1.68   -0.18 (VIOLATED)
rv32_soc/cpuregs[3][8]$_DFFE_PP_/D      1.50    1.68   -0.18 (VIOLATED)
rv32_soc/cpuregs[5][8]$_DFFE_PP_/D      1.50    1.68   -0.18 (VIOLATED)
rv32_soc/cpuregs[14][8]$_DFFE_PP_/D     1.50    1.68   -0.18 (VIOLATED)
rv32_soc/cpuregs[13][8]$_DFFE_PP_/D     1.50    1.68   -0.18 (VIOLATED)
rv32_soc/cpuregs[12][8]$_DFFE_PP_/D     1.50    1.68   -0.18 (VIOLATED)
rv32_soc/cpuregs[9][8]$_DFFE_PP_/D      1.50    1.68   -0.18 (VIOLATED)
rv32_soc/cpuregs[8][8]$_DFFE_PP_/D      1.50    1.68   -0.18 (VIOLATED)
_6680_/Y                                1.48    1.61   -0.12 (VIOLATED)
rv32_soc/cpuregs[26][21]$_DFFE_PP_/D    1.50    1.61   -0.11 (VIOLATED)
rv32_soc/cpuregs[30][21]$_DFFE_PP_/D    1.50    1.61   -0.11 (VIOLATED)
rv32_soc/cpuregs[31][21]$_DFFE_PP_/D    1.50    1.61   -0.11 (VIOLATED)
rv32_soc/cpuregs[27][21]$_DFFE_PP_/D    1.50    1.61   -0.11 (VIOLATED)
rv32_soc/cpuregs[28][21]$_DFFE_PP_/D    1.50    1.61   -0.11 (VIOLATED)
rv32_soc/cpuregs[29][21]$_DFFE_PP_/D    1.50    1.61   -0.11 (VIOLATED)
rv32_soc/cpuregs[25][21]$_DFFE_PP_/D    1.50    1.61   -0.11 (VIOLATED)
rv32_soc/cpuregs[24][21]$_DFFE_PP_/D    1.50    1.61   -0.11 (VIOLATED)
rv32_soc/cpuregs[22][21]$_DFFE_PP_/D    1.50    1.61   -0.11 (VIOLATED)
rv32_soc/cpuregs[23][21]$_DFFE_PP_/D    1.50    1.61   -0.11 (VIOLATED)
rv32_soc/cpuregs[1][21]$_DFFE_PP_/D     1.50    1.61   -0.11 (VIOLATED)
rv32_soc/cpuregs[0][21]$_DFFE_PP_/D     1.50    1.61   -0.11 (VIOLATED)
rv32_soc/cpuregs[4][21]$_DFFE_PP_/D     1.50    1.61   -0.11 (VIOLATED)
rv32_soc/cpuregs[5][21]$_DFFE_PP_/D     1.50    1.61   -0.11 (VIOLATED)
rv32_soc/cpuregs[12][21]$_DFFE_PP_/D    1.50    1.61   -0.11 (VIOLATED)
rv32_soc/cpuregs[6][21]$_DFFE_PP_/D     1.50    1.61   -0.11 (VIOLATED)
rv32_soc/cpuregs[19][21]$_DFFE_PP_/D    1.50    1.61   -0.11 (VIOLATED)
rv32_soc/cpuregs[18][21]$_DFFE_PP_/D    1.50    1.61   -0.11 (VIOLATED)
rv32_soc/cpuregs[8][21]$_DFFE_PP_/D     1.50    1.61   -0.11 (VIOLATED)
rv32_soc/cpuregs[2][21]$_DFFE_PP_/D     1.50    1.61   -0.11 (VIOLATED)
rv32_soc/cpuregs[9][21]$_DFFE_PP_/D     1.50    1.61   -0.11 (VIOLATED)
rv32_soc/cpuregs[13][21]$_DFFE_PP_/D    1.50    1.61   -0.11 (VIOLATED)
rv32_soc/cpuregs[7][21]$_DFFE_PP_/D     1.50    1.61   -0.11 (VIOLATED)
rv32_soc/cpuregs[3][21]$_DFFE_PP_/D     1.50    1.61   -0.11 (VIOLATED)
rv32_soc/cpuregs[16][21]$_DFFE_PP_/D    1.50    1.61   -0.11 (VIOLATED)
rv32_soc/cpuregs[17][21]$_DFFE_PP_/D    1.50    1.61   -0.11 (VIOLATED)
rv32_soc/cpuregs[15][21]$_DFFE_PP_/D    1.50    1.61   -0.11 (VIOLATED)
rv32_soc/cpuregs[21][21]$_DFFE_PP_/D    1.50    1.61   -0.11 (VIOLATED)
rv32_soc/cpuregs[20][21]$_DFFE_PP_/D    1.50    1.61   -0.11 (VIOLATED)
rv32_soc/cpuregs[14][21]$_DFFE_PP_/D    1.50    1.61   -0.11 (VIOLATED)
rv32_soc/cpuregs[10][21]$_DFFE_PP_/D    1.50    1.61   -0.11 (VIOLATED)
rv32_soc/cpuregs[11][21]$_DFFE_PP_/D    1.50    1.61   -0.11 (VIOLATED)
_9222_/Y                                1.50    1.61   -0.11 (VIOLATED)
load_slew11/A                           1.50    1.61   -0.11 (VIOLATED)
mem_wdata[5]$_DFFE_PP_/D                1.50    1.60   -0.10 (VIOLATED)
_7534_/A                                1.50    1.60   -0.10 (VIOLATED)
_9387_/A                                1.50    1.60   -0.10 (VIOLATED)
_8773_/A2                               1.50    1.60   -0.10 (VIOLATED)
mem_la_wdata[5]$_DFFE_PP_/Q             1.50    1.60   -0.10 (VIOLATED)
rv32_soc/cpuregs[22][17]$_DFFE_PP_/D    1.50    1.58   -0.08 (VIOLATED)
rv32_soc/cpuregs[21][17]$_DFFE_PP_/D    1.50    1.58   -0.08 (VIOLATED)
rv32_soc/cpuregs[17][17]$_DFFE_PP_/D    1.50    1.58   -0.08 (VIOLATED)
rv32_soc/cpuregs[20][17]$_DFFE_PP_/D    1.50    1.58   -0.08 (VIOLATED)
rv32_soc/cpuregs[16][17]$_DFFE_PP_/D    1.50    1.58   -0.08 (VIOLATED)
rv32_soc/cpuregs[7][17]$_DFFE_PP_/D     1.50    1.58   -0.08 (VIOLATED)
rv32_soc/cpuregs[3][17]$_DFFE_PP_/D     1.50    1.58   -0.08 (VIOLATED)
rv32_soc/cpuregs[6][17]$_DFFE_PP_/D     1.50    1.58   -0.08 (VIOLATED)
rv32_soc/cpuregs[4][17]$_DFFE_PP_/D     1.50    1.58   -0.08 (VIOLATED)
rv32_soc/cpuregs[5][17]$_DFFE_PP_/D     1.50    1.58   -0.08 (VIOLATED)
rv32_soc/cpuregs[1][17]$_DFFE_PP_/D     1.50    1.58   -0.08 (VIOLATED)
rv32_soc/cpuregs[0][17]$_DFFE_PP_/D     1.50    1.58   -0.08 (VIOLATED)
rv32_soc/cpuregs[29][17]$_DFFE_PP_/D    1.50    1.58   -0.08 (VIOLATED)
rv32_soc/cpuregs[28][17]$_DFFE_PP_/D    1.50    1.58   -0.08 (VIOLATED)
rv32_soc/cpuregs[31][17]$_DFFE_PP_/D    1.50    1.58   -0.08 (VIOLATED)
rv32_soc/cpuregs[25][17]$_DFFE_PP_/D    1.50    1.58   -0.08 (VIOLATED)
rv32_soc/cpuregs[24][17]$_DFFE_PP_/D    1.50    1.58   -0.08 (VIOLATED)
rv32_soc/cpuregs[18][17]$_DFFE_PP_/D    1.50    1.58   -0.08 (VIOLATED)
rv32_soc/cpuregs[23][17]$_DFFE_PP_/D    1.50    1.58   -0.08 (VIOLATED)
rv32_soc/cpuregs[19][17]$_DFFE_PP_/D    1.50    1.58   -0.08 (VIOLATED)
rv32_soc/cpuregs[27][17]$_DFFE_PP_/D    1.50    1.58   -0.08 (VIOLATED)
rv32_soc/cpuregs[26][17]$_DFFE_PP_/D    1.50    1.58   -0.08 (VIOLATED)
rv32_soc/cpuregs[2][17]$_DFFE_PP_/D     1.50    1.58   -0.08 (VIOLATED)
rv32_soc/cpuregs[14][17]$_DFFE_PP_/D    1.50    1.58   -0.08 (VIOLATED)
rv32_soc/cpuregs[11][17]$_DFFE_PP_/D    1.50    1.58   -0.08 (VIOLATED)
rv32_soc/cpuregs[10][17]$_DFFE_PP_/D    1.50    1.58   -0.08 (VIOLATED)
rv32_soc/cpuregs[30][17]$_DFFE_PP_/D    1.50    1.58   -0.08 (VIOLATED)
rv32_soc/cpuregs[12][17]$_DFFE_PP_/D    1.50    1.58   -0.08 (VIOLATED)
rv32_soc/cpuregs[15][17]$_DFFE_PP_/D    1.50    1.58   -0.08 (VIOLATED)
rv32_soc/cpuregs[9][17]$_DFFE_PP_/D     1.50    1.58   -0.08 (VIOLATED)
rv32_soc/cpuregs[13][17]$_DFFE_PP_/D    1.50    1.58   -0.08 (VIOLATED)
rv32_soc/cpuregs[8][17]$_DFFE_PP_/D     1.50    1.58   -0.08 (VIOLATED)
_6683_/Y                                1.48    1.57   -0.08 (VIOLATED)
_9200_/Y                                1.50    1.58   -0.08 (VIOLATED)
load_slew10/A                           1.50    1.57   -0.07 (VIOLATED)
rv32_soc/cpuregs[29][28]$_DFFE_PP_/D    1.50    1.57   -0.07 (VIOLATED)
rv32_soc/cpuregs[25][28]$_DFFE_PP_/D    1.50    1.57   -0.07 (VIOLATED)
rv32_soc/cpuregs[27][28]$_DFFE_PP_/D    1.50    1.57   -0.07 (VIOLATED)
rv32_soc/cpuregs[24][28]$_DFFE_PP_/D    1.50    1.57   -0.07 (VIOLATED)
rv32_soc/cpuregs[28][28]$_DFFE_PP_/D    1.50    1.57   -0.07 (VIOLATED)
rv32_soc/cpuregs[22][28]$_DFFE_PP_/D    1.50    1.57   -0.07 (VIOLATED)
rv32_soc/cpuregs[31][28]$_DFFE_PP_/D    1.50    1.57   -0.07 (VIOLATED)
rv32_soc/cpuregs[30][28]$_DFFE_PP_/D    1.50    1.57   -0.07 (VIOLATED)
rv32_soc/cpuregs[26][28]$_DFFE_PP_/D    1.50    1.57   -0.07 (VIOLATED)
rv32_soc/cpuregs[16][28]$_DFFE_PP_/D    1.50    1.57   -0.07 (VIOLATED)
rv32_soc/cpuregs[17][28]$_DFFE_PP_/D    1.50    1.57   -0.07 (VIOLATED)
rv32_soc/cpuregs[20][28]$_DFFE_PP_/D    1.50    1.57   -0.07 (VIOLATED)
rv32_soc/cpuregs[21][28]$_DFFE_PP_/D    1.50    1.57   -0.07 (VIOLATED)
rv32_soc/cpuregs[23][28]$_DFFE_PP_/D    1.50    1.57   -0.07 (VIOLATED)
rv32_soc/cpuregs[19][28]$_DFFE_PP_/D    1.50    1.57   -0.07 (VIOLATED)
rv32_soc/cpuregs[18][28]$_DFFE_PP_/D    1.50    1.57   -0.07 (VIOLATED)
rv32_soc/cpuregs[8][28]$_DFFE_PP_/D     1.50    1.57   -0.07 (VIOLATED)
rv32_soc/cpuregs[9][28]$_DFFE_PP_/D     1.50    1.57   -0.07 (VIOLATED)
rv32_soc/cpuregs[12][28]$_DFFE_PP_/D    1.50    1.57   -0.07 (VIOLATED)
rv32_soc/cpuregs[13][28]$_DFFE_PP_/D    1.50    1.57   -0.07 (VIOLATED)
rv32_soc/cpuregs[11][28]$_DFFE_PP_/D    1.50    1.57   -0.07 (VIOLATED)
rv32_soc/cpuregs[7][28]$_DFFE_PP_/D     1.50    1.57   -0.07 (VIOLATED)
rv32_soc/cpuregs[3][28]$_DFFE_PP_/D     1.50    1.57   -0.07 (VIOLATED)
rv32_soc/cpuregs[6][28]$_DFFE_PP_/D     1.50    1.57   -0.07 (VIOLATED)
rv32_soc/cpuregs[14][28]$_DFFE_PP_/D    1.50    1.57   -0.07 (VIOLATED)
rv32_soc/cpuregs[15][28]$_DFFE_PP_/D    1.50    1.57   -0.07 (VIOLATED)
rv32_soc/cpuregs[10][28]$_DFFE_PP_/D    1.50    1.57   -0.07 (VIOLATED)
rv32_soc/cpuregs[1][28]$_DFFE_PP_/D     1.50    1.57   -0.07 (VIOLATED)
rv32_soc/cpuregs[4][28]$_DFFE_PP_/D     1.50    1.57   -0.07 (VIOLATED)
rv32_soc/cpuregs[5][28]$_DFFE_PP_/D     1.50    1.57   -0.07 (VIOLATED)
rv32_soc/cpuregs[0][28]$_DFFE_PP_/D     1.50    1.57   -0.07 (VIOLATED)
rv32_soc/cpuregs[2][28]$_DFFE_PP_/D     1.50    1.57   -0.07 (VIOLATED)
_9252_/Y                                1.50    1.57   -0.07 (VIOLATED)
_5543_/C2                               1.50    1.56   -0.06 (VIOLATED)
_5516_/C2                               1.50    1.56   -0.06 (VIOLATED)
_5532_/C2                               1.50    1.56   -0.06 (VIOLATED)
_5505_/A                                1.50    1.56   -0.06 (VIOLATED)
_5548_/A                                1.50    1.56   -0.06 (VIOLATED)
_5485_/C2                               1.50    1.56   -0.06 (VIOLATED)
_5494_/A                                1.50    1.56   -0.06 (VIOLATED)
_5453_/C2                               1.50    1.56   -0.06 (VIOLATED)
_5473_/A                                1.50    1.56   -0.06 (VIOLATED)
_4845_/A                                1.50    1.56   -0.06 (VIOLATED)
_5464_/C2                               1.50    1.56   -0.06 (VIOLATED)
_5432_/C2                               1.50    1.56   -0.06 (VIOLATED)
_5442_/A                                1.50    1.56   -0.06 (VIOLATED)
_5422_/C2                               1.50    1.56   -0.06 (VIOLATED)
_5411_/C2                               1.50    1.56   -0.06 (VIOLATED)
_5400_/C2                               1.50    1.56   -0.06 (VIOLATED)
_5387_/C2                               1.50    1.56   -0.06 (VIOLATED)
_5376_/A                                1.50    1.56   -0.06 (VIOLATED)
_5360_/A                                1.50    1.56   -0.06 (VIOLATED)
_5347_/C2                               1.50    1.56   -0.06 (VIOLATED)
_5335_/C2                               1.50    1.56   -0.06 (VIOLATED)
_5312_/C2                               1.50    1.56   -0.06 (VIOLATED)
_5323_/C2                               1.50    1.56   -0.06 (VIOLATED)
_5185_/B2                               1.50    1.56   -0.06 (VIOLATED)
_5216_/C2                               1.50    1.56   -0.06 (VIOLATED)
_5300_/C2                               1.50    1.56   -0.06 (VIOLATED)
_5285_/C2                               1.50    1.56   -0.06 (VIOLATED)
_5268_/C2                               1.50    1.56   -0.06 (VIOLATED)
_5254_/C2                               1.50    1.56   -0.06 (VIOLATED)
_5229_/C2                               1.50    1.56   -0.06 (VIOLATED)
_5239_/C2                               1.50    1.56   -0.06 (VIOLATED)
_5206_/A                                1.50    1.56   -0.06 (VIOLATED)
_5196_/A                                1.50    1.56   -0.06 (VIOLATED)
_4903_/A                                1.50    1.56   -0.06 (VIOLATED)
_6931_/S1                               1.50    1.56   -0.06 (VIOLATED)
_6928_/S1                               1.50    1.56   -0.06 (VIOLATED)
_6925_/S1                               1.50    1.56   -0.06 (VIOLATED)
_6924_/S1                               1.50    1.56   -0.06 (VIOLATED)
_6906_/S1                               1.50    1.56   -0.06 (VIOLATED)
_6909_/S1                               1.50    1.56   -0.06 (VIOLATED)
_6917_/S1                               1.50    1.56   -0.06 (VIOLATED)
_6913_/S1                               1.50    1.56   -0.06 (VIOLATED)
_6803_/S1                               1.50    1.56   -0.06 (VIOLATED)
_6889_/S1                               1.50    1.56   -0.06 (VIOLATED)
_6806_/S                                1.50    1.56   -0.06 (VIOLATED)
_6810_/A2                               1.50    1.56   -0.06 (VIOLATED)
_6807_/A                                1.50    1.56   -0.06 (VIOLATED)
_6900_/S1                               1.50    1.56   -0.06 (VIOLATED)
_6873_/S1                               1.50    1.56   -0.06 (VIOLATED)
_6871_/S1                               1.50    1.56   -0.06 (VIOLATED)
_6893_/S1                               1.50    1.56   -0.06 (VIOLATED)
_6895_/S1                               1.50    1.56   -0.06 (VIOLATED)
_6743_/S1                               1.50    1.56   -0.06 (VIOLATED)
rv32_soc/instr_rdinstr$_DFFE_PP_/Q      1.50    1.56   -0.06 (VIOLATED)
_5495_/C2                               1.50    1.55   -0.05 (VIOLATED)
_5549_/C2                               1.50    1.55   -0.05 (VIOLATED)
_5506_/C2                               1.50    1.55   -0.05 (VIOLATED)
_5484_/A                                1.50    1.55   -0.05 (VIOLATED)
_5515_/A                                1.50    1.55   -0.05 (VIOLATED)
_5531_/A                                1.50    1.55   -0.05 (VIOLATED)
_5542_/A                                1.50    1.55   -0.05 (VIOLATED)
_5474_/C2                               1.50    1.55   -0.05 (VIOLATED)
_8766_/Y                                1.49    1.55   -0.05 (VIOLATED)
_4845_/C                                1.50    1.55   -0.05 (VIOLATED)
_5443_/C2                               1.50    1.55   -0.05 (VIOLATED)
_5431_/A                                1.50    1.55   -0.05 (VIOLATED)
_5463_/A                                1.50    1.55   -0.05 (VIOLATED)
_5452_/A                                1.50    1.55   -0.05 (VIOLATED)
_5421_/A                                1.50    1.55   -0.05 (VIOLATED)
_5410_/A                                1.50    1.55   -0.05 (VIOLATED)
_5398_/A                                1.50    1.55   -0.05 (VIOLATED)
_5386_/A                                1.50    1.55   -0.05 (VIOLATED)
load_slew1727/X                         1.51    1.56   -0.05 (VIOLATED)
_5378_/C2                               1.50    1.55   -0.05 (VIOLATED)
_5361_/C2                               1.50    1.55   -0.05 (VIOLATED)
_5347_/B2                               1.50    1.55   -0.05 (VIOLATED)
_5335_/B2                               1.50    1.55   -0.05 (VIOLATED)
_5323_/B2                               1.50    1.55   -0.05 (VIOLATED)
_5312_/B2                               1.50    1.55   -0.05 (VIOLATED)
_5300_/B2                               1.50    1.55   -0.05 (VIOLATED)
_5268_/B2                               1.50    1.55   -0.05 (VIOLATED)
_5285_/B2                               1.50    1.55   -0.05 (VIOLATED)
_5207_/C2                               1.50    1.55   -0.05 (VIOLATED)
_5182_/A                                1.50    1.55   -0.05 (VIOLATED)
_5199_/C2                               1.50    1.55   -0.05 (VIOLATED)
_5216_/B2                               1.50    1.55   -0.05 (VIOLATED)
_5253_/A                                1.50    1.55   -0.05 (VIOLATED)
_5228_/A                                1.50    1.55   -0.05 (VIOLATED)
_5238_/A                                1.50    1.55   -0.05 (VIOLATED)
_4903_/C                                1.50    1.55   -0.05 (VIOLATED)
rv32_soc/instr_rdcycleh$_DFFE_PP_/Q     1.50    1.55   -0.05 (VIOLATED)
_8886_/A                                1.50    1.54   -0.04 (VIOLATED)
_9038_/A                                1.50    1.54   -0.04 (VIOLATED)
_9081_/A1                               1.50    1.54   -0.04 (VIOLATED)
_9068_/A                                1.50    1.54   -0.04 (VIOLATED)
_9039_/A1                               1.50    1.54   -0.04 (VIOLATED)
_9026_/A1                               1.50    1.54   -0.04 (VIOLATED)
_9025_/A                                1.50    1.54   -0.04 (VIOLATED)
_9016_/B1                               1.50    1.54   -0.04 (VIOLATED)
_9017_/A1                               1.50    1.54   -0.04 (VIOLATED)
_9057_/A                                1.50    1.54   -0.04 (VIOLATED)
_9069_/A1                               1.50    1.54   -0.04 (VIOLATED)
_9058_/A1                               1.50    1.54   -0.04 (VIOLATED)
_9095_/C1                               1.50    1.54   -0.04 (VIOLATED)
_9080_/A                                1.50    1.54   -0.04 (VIOLATED)
_8999_/A1                               1.50    1.54   -0.04 (VIOLATED)
_8998_/A                                1.50    1.54   -0.04 (VIOLATED)
_8970_/A                                1.50    1.54   -0.04 (VIOLATED)
_8971_/A1                               1.50    1.54   -0.04 (VIOLATED)
_9094_/A                                1.50    1.54   -0.04 (VIOLATED)
_9107_/C1                               1.50    1.54   -0.04 (VIOLATED)
_8960_/A1                               1.50    1.54   -0.04 (VIOLATED)
_8951_/A1                               1.50    1.54   -0.04 (VIOLATED)
_8950_/A                                1.50    1.54   -0.04 (VIOLATED)
_8926_/B1                               1.50    1.54   -0.04 (VIOLATED)
_8927_/A1                               1.50    1.54   -0.04 (VIOLATED)
_8915_/A                                1.50    1.54   -0.04 (VIOLATED)
_8906_/A1                               1.50    1.54   -0.04 (VIOLATED)
_8892_/B1                               1.50    1.54   -0.04 (VIOLATED)
_8905_/A                                1.50    1.54   -0.04 (VIOLATED)
_8881_/A1                               1.50    1.53   -0.03 (VIOLATED)
_8880_/A                                1.50    1.53   -0.03 (VIOLATED)
_8841_/B1                               1.50    1.53   -0.03 (VIOLATED)
_8842_/A1                               1.50    1.53   -0.03 (VIOLATED)
_9148_/S                                1.50    1.53   -0.03 (VIOLATED)
_9137_/A1                               1.50    1.53   -0.03 (VIOLATED)
_9136_/A                                1.50    1.53   -0.03 (VIOLATED)
_9143_/A1                               1.50    1.53   -0.03 (VIOLATED)
_9131_/A1                               1.50    1.53   -0.03 (VIOLATED)
_9130_/A                                1.50    1.53   -0.03 (VIOLATED)
_9124_/S                                1.50    1.53   -0.03 (VIOLATED)
_8676_/Y                                1.49    1.52   -0.02 (VIOLATED)
_9119_/A1                               1.50    1.52   -0.02 (VIOLATED)
_9118_/B1                               1.50    1.52   -0.02 (VIOLATED)
_6880_/S                                1.50    1.52   -0.02 (VIOLATED)
_6878_/S1                               1.50    1.52   -0.02 (VIOLATED)
_6881_/S                                1.50    1.52   -0.02 (VIOLATED)
load_slew1727/A                         1.50    1.52   -0.02 (VIOLATED)
_6733_/S1                               1.50    1.52   -0.02 (VIOLATED)
load_slew1724/A                         1.50    1.52   -0.02 (VIOLATED)
_6765_/S1                               1.50    1.52   -0.02 (VIOLATED)
_6738_/S1                               1.50    1.52   -0.02 (VIOLATED)
_6736_/S1                               1.50    1.52   -0.02 (VIOLATED)
_6757_/S1                               1.50    1.52   -0.02 (VIOLATED)
_6731_/S1                               1.50    1.52   -0.02 (VIOLATED)
_6753_/S1                               1.50    1.52   -0.02 (VIOLATED)
_6767_/S1                               1.50    1.52   -0.02 (VIOLATED)
_6771_/S1                               1.50    1.52   -0.02 (VIOLATED)
_6769_/S1                               1.50    1.52   -0.02 (VIOLATED)
_6760_/S1                               1.50    1.52   -0.02 (VIOLATED)
_6761_/S1                               1.50    1.52   -0.02 (VIOLATED)
_6785_/S1                               1.50    1.52   -0.02 (VIOLATED)
_6783_/S1                               1.50    1.52   -0.02 (VIOLATED)
_6796_/S1                               1.50    1.52   -0.02 (VIOLATED)
_9113_/S                                1.50    1.52   -0.02 (VIOLATED)
_9088_/A1                               1.50    1.52   -0.02 (VIOLATED)
_9087_/A                                1.50    1.52   -0.02 (VIOLATED)
_8977_/S                                1.50    1.52   -0.02 (VIOLATED)
load_slew1728/X                         1.51    1.52   -0.01 (VIOLATED)
_4848_/A                                1.50    1.51   -0.01 (VIOLATED)
_8578_/A                                1.50    1.51   -0.01 (VIOLATED)
_7110_/S1                               1.50    1.51   -0.01 (VIOLATED)
_7116_/S1                               1.50    1.51   -0.01 (VIOLATED)
_7051_/S1                               1.50    1.51   -0.01 (VIOLATED)
_7057_/S1                               1.50    1.51   -0.01 (VIOLATED)
_7058_/S1                               1.50    1.51   -0.01 (VIOLATED)
_7055_/S1                               1.50    1.51   -0.01 (VIOLATED)
_7059_/S1                               1.50    1.51   -0.01 (VIOLATED)
_7050_/S1                               1.50    1.51   -0.01 (VIOLATED)
_7048_/S1                               1.50    1.51   -0.01 (VIOLATED)
_7049_/S1                               1.50    1.51   -0.01 (VIOLATED)
_7107_/S1                               1.50    1.51   -0.01 (VIOLATED)
_7118_/S1                               1.50    1.51   -0.01 (VIOLATED)
_7106_/S1                               1.50    1.51   -0.01 (VIOLATED)
_7104_/S1                               1.50    1.51   -0.01 (VIOLATED)
_7113_/S                                1.50    1.51   -0.01 (VIOLATED)
_7112_/S                                1.50    1.51   -0.01 (VIOLATED)
_7105_/S1                               1.50    1.51   -0.01 (VIOLATED)
_6741_/S1                               1.50    1.51   -0.01 (VIOLATED)
_6747_/S1                               1.50    1.51   -0.01 (VIOLATED)
_6745_/S1                               1.50    1.51   -0.01 (VIOLATED)
_6883_/A1                               1.50    1.51   -0.01 (VIOLATED)
_6878_/S0                               1.50    1.51   -0.01 (VIOLATED)
_6882_/A1                               1.50    1.51   -0.01 (VIOLATED)
_6757_/S0                               1.50    1.51   -0.01 (VIOLATED)
load_slew1760/A                         1.50    1.51   -0.01 (VIOLATED)
_6765_/S0                               1.50    1.51   -0.01 (VIOLATED)
_6753_/S0                               1.50    1.51   -0.01 (VIOLATED)
_6767_/S0                               1.50    1.51   -0.01 (VIOLATED)
_6780_/S0                               1.50    1.51   -0.01 (VIOLATED)
_6788_/S0                               1.50    1.51   -0.01 (VIOLATED)
_6790_/S0                               1.50    1.51   -0.01 (VIOLATED)
_6778_/S0                               1.50    1.51   -0.01 (VIOLATED)
_6783_/S0                               1.50    1.51   -0.01 (VIOLATED)
rv32_soc/instr_sub$_SDFFE_PN0P_/Q       1.50    1.51   -0.01 (VIOLATED)
load_slew1724/X                         1.51    1.51   -0.01 (VIOLATED)
load_slew1761/X                         1.51    1.51   -0.00 (VIOLATED)

max capacitance

Pin                                    Limit     Cap   Slack
------------------------------------------------------------
_4786_/Y                                0.15    0.38   -0.23 (VIOLATED)
_4872_/X                                0.10    0.32   -0.22 (VIOLATED)
_9157_/Y                                0.08    0.26   -0.17 (VIOLATED)
_4793_/X                                0.11    0.28   -0.17 (VIOLATED)
clk                                     0.13    0.27   -0.14 (VIOLATED)
_7564_/Y                                0.17    0.26   -0.09 (VIOLATED)
_4986_/Y                                0.15    0.24   -0.09 (VIOLATED)
_5186_/X                                0.17    0.24   -0.07 (VIOLATED)
_9156_/Y                                0.09    0.16   -0.07 (VIOLATED)
rv32_soc/cpu_state[3]$_DFF_P_/Q         0.16    0.23   -0.07 (VIOLATED)
rv32_soc/decoder_trigger$_DFF_P_/Q      0.16    0.22   -0.06 (VIOLATED)
split14/X                               0.13    0.18   -0.05 (VIOLATED)
_9230_/Y                                0.13    0.17   -0.04 (VIOLATED)
_9183_/Y                                0.13    0.16   -0.04 (VIOLATED)
_9267_/Y                                0.13    0.16   -0.03 (VIOLATED)
_4799_/Y                                0.17    0.20   -0.03 (VIOLATED)
_7594_/Y                                0.08    0.11   -0.03 (VIOLATED)
_9174_/Y                                0.13    0.16   -0.03 (VIOLATED)
_9262_/Y                                0.13    0.15   -0.02 (VIOLATED)
_9248_/Y                                0.14    0.16   -0.02 (VIOLATED)
_9284_/Y                                0.14    0.16   -0.02 (VIOLATED)
split13/X                               0.13    0.15   -0.02 (VIOLATED)
_9243_/Y                                0.13    0.15   -0.02 (VIOLATED)
_9256_/Y                                0.13    0.15   -0.02 (VIOLATED)
_5861_/Y                                0.05    0.07   -0.02 (VIOLATED)
mem_la_wdata[5]$_DFFE_PP_/Q             0.17    0.18   -0.01 (VIOLATED)
_9222_/Y                                0.13    0.14   -0.01 (VIOLATED)
_9200_/Y                                0.13    0.14   -0.01 (VIOLATED)
rv32_soc/instr_rdinstr$_DFFE_PP_/Q      0.17    0.18   -0.01 (VIOLATED)
load_slew1727/X                         0.13    0.14   -0.01 (VIOLATED)
_9252_/Y                                0.13    0.13   -0.01 (VIOLATED)
rv32_soc/instr_rdcycleh$_DFFE_PP_/Q     0.17    0.18   -0.01 (VIOLATED)
_6680_/Y                                0.05    0.06   -0.01 (VIOLATED)
_6683_/Y                                0.05    0.05   -0.00 (VIOLATED)
load_slew1728/X                         0.13    0.13   -0.00 (VIOLATED)
load_slew1724/X                         0.13    0.13   -0.00 (VIOLATED)
load_slew1761/X                         0.13    0.13   -0.00 (VIOLATED)
rv32_soc/instr_sub$_SDFFE_PN0P_/Q       0.30    0.30   -0.00 (VIOLATED)

