Startpoint: mem_valid$_SDFFCE_PP0P_
            (rising edge-triggered flip-flop clocked by clk0)
Endpoint: mem_ready$_DFF_P_ (rising edge-triggered flip-flop clocked by clk0)
Path Group: clk0
Path Type: min
Corner: fast

Fanout     Cap    Slew   Delay    Time   Description
-----------------------------------------------------------------------------
                          0.00    0.00   clock clk0 (rise edge)
                          0.00    0.00   clock source latency
     3    0.27    2.19    1.46    1.46 ^ clk (in)
                                         clk (net)
                  2.19    0.00    1.46 ^ clkbuf_regs_0_clk0/A (sky130_fd_sc_hd__clkbuf_16)
     1    0.01    0.08    0.17    1.63 ^ clkbuf_regs_0_clk0/X (sky130_fd_sc_hd__clkbuf_16)
                                         clk_regs (net)
                  0.08    0.00    1.63 ^ clkbuf_0_clk_regs/A (sky130_fd_sc_hd__clkbuf_16)
     2    0.03    0.04    0.11    1.74 ^ clkbuf_0_clk_regs/X (sky130_fd_sc_hd__clkbuf_16)
                                         clknet_0_clk_regs (net)
                  0.04    0.00    1.74 ^ clkbuf_1_1_0_clk_regs/A (sky130_fd_sc_hd__clkbuf_16)
     2    0.05    0.05    0.10    1.84 ^ clkbuf_1_1_0_clk_regs/X (sky130_fd_sc_hd__clkbuf_16)
                                         clknet_1_1_0_clk_regs (net)
                  0.05    0.01    1.85 ^ clkbuf_2_2_0_clk_regs/A (sky130_fd_sc_hd__clkbuf_16)
     2    0.03    0.04    0.10    1.95 ^ clkbuf_2_2_0_clk_regs/X (sky130_fd_sc_hd__clkbuf_16)
                                         clknet_2_2_0_clk_regs (net)
                  0.04    0.00    1.96 ^ clkbuf_3_5__f_clk_regs/A (sky130_fd_sc_hd__clkbuf_16)
     7    0.10    0.09    0.13    2.09 ^ clkbuf_3_5__f_clk_regs/X (sky130_fd_sc_hd__clkbuf_16)
                                         clknet_3_5__leaf_clk_regs (net)
                  0.09    0.01    2.10 ^ clkbuf_leaf_41_clk_regs/A (sky130_fd_sc_hd__clkbuf_16)
    31    0.13    0.11    0.16    2.26 ^ clkbuf_leaf_41_clk_regs/X (sky130_fd_sc_hd__clkbuf_16)
                                         clknet_leaf_41_clk_regs (net)
                  0.11    0.01    2.26 ^ mem_valid$_SDFFCE_PP0P_/CLK (sky130_fd_sc_hd__edfxtp_1)
     2    0.01    0.07    0.27    2.53 ^ mem_valid$_SDFFCE_PP0P_/Q (sky130_fd_sc_hd__edfxtp_1)
                                         mem_valid (net)
                  0.07    0.00    2.53 ^ mem_ready$_DFF_P_/D (sky130_fd_sc_hd__dfxtp_1)
                                  2.53   data arrival time

                          0.00    0.00   clock clk0 (rise edge)
                          0.00    0.00   clock source latency
     3    0.27    2.19    1.46    1.46 ^ clk (in)
                                         clk (net)
                  2.19    0.00    1.46 ^ clkbuf_regs_0_clk0/A (sky130_fd_sc_hd__clkbuf_16)
     1    0.01    0.08    0.17    1.63 ^ clkbuf_regs_0_clk0/X (sky130_fd_sc_hd__clkbuf_16)
                                         clk_regs (net)
                  0.08    0.00    1.63 ^ clkbuf_0_clk_regs/A (sky130_fd_sc_hd__clkbuf_16)
     2    0.03    0.04    0.11    1.74 ^ clkbuf_0_clk_regs/X (sky130_fd_sc_hd__clkbuf_16)
                                         clknet_0_clk_regs (net)
                  0.04    0.00    1.74 ^ clkbuf_1_1_0_clk_regs/A (sky130_fd_sc_hd__clkbuf_16)
     2    0.05    0.05    0.10    1.84 ^ clkbuf_1_1_0_clk_regs/X (sky130_fd_sc_hd__clkbuf_16)
                                         clknet_1_1_0_clk_regs (net)
                  0.05    0.01    1.85 ^ clkbuf_2_2_0_clk_regs/A (sky130_fd_sc_hd__clkbuf_16)
     2    0.03    0.04    0.10    1.95 ^ clkbuf_2_2_0_clk_regs/X (sky130_fd_sc_hd__clkbuf_16)
                                         clknet_2_2_0_clk_regs (net)
                  0.04    0.00    1.96 ^ clkbuf_3_5__f_clk_regs/A (sky130_fd_sc_hd__clkbuf_16)
     7    0.10    0.09    0.13    2.09 ^ clkbuf_3_5__f_clk_regs/X (sky130_fd_sc_hd__clkbuf_16)
                                         clknet_3_5__leaf_clk_regs (net)
                  0.09    0.01    2.10 ^ clkbuf_leaf_41_clk_regs/A (sky130_fd_sc_hd__clkbuf_16)
    31    0.13    0.11    0.16    2.26 ^ clkbuf_leaf_41_clk_regs/X (sky130_fd_sc_hd__clkbuf_16)
                                         clknet_leaf_41_clk_regs (net)
                  0.11    0.01    2.26 ^ mem_ready$_DFF_P_/CLK (sky130_fd_sc_hd__dfxtp_1)
                          0.00    2.26   clock reconvergence pessimism
                         -0.02    2.25   library hold time
                                  2.25   data required time
-----------------------------------------------------------------------------
                                  2.25   data required time
                                 -2.53   data arrival time
-----------------------------------------------------------------------------
                                  0.28   slack (MET)


