[ 0.284,  0.393): *********************** (153)
[ 0.393,  0.502): ****************** (121)
[ 0.502,  0.611): ******************* (126)
[ 0.611,  0.720): ******** (52)
[ 0.720,  0.829): ******************************* (201)
[ 0.829,  0.938): ****************************************** (276)
[ 0.938,  1.047): ************************************************** (328)
[ 1.047,  1.156): ******************************************** (287)
[ 1.156,  1.265): ********************************* (216)
[ 1.265,  1.374): ************************************************ (314)
[ 1.374,  1.483): ************************** (173)
[ 1.483,  1.591): ************************* (166)
[ 1.591,  1.700): ******************* (125)
[ 1.700,  1.809): ************* (87)
[ 1.809,  1.918): ***** (31)
[ 1.918,  2.027): * (7)
[ 2.027,  2.136): ** (10)
[ 2.136,  2.245): ***** (33)
[ 2.245,  2.354): ******* (44)
[ 2.354,  2.463]: ** (16)
