[WARNING STA-0503] report_checks -group_count is deprecated. Use -group_path_count instead.
Startpoint: mem_valid$_SDFFCE_PP0P_
            (rising edge-triggered flip-flop clocked by clk0)
Endpoint: mem_ready$_DFF_P_ (rising edge-triggered flip-flop clocked by clk0)
Path Group: clk0
Path Type: min
Corner: fast

Fanout     Cap    Slew   Delay    Time   Description
-----------------------------------------------------------------------------
                          0.00    0.00   clock clk0 (rise edge)
                          2.26    2.26   clock network delay (propagated)
                  0.11    0.00    2.26 ^ mem_valid$_SDFFCE_PP0P_/CLK (sky130_fd_sc_hd__edfxtp_1)
     2    0.01    0.07    0.27    2.53 ^ mem_valid$_SDFFCE_PP0P_/Q (sky130_fd_sc_hd__edfxtp_1)
                                         mem_valid (net)
                  0.07    0.00    2.53 ^ mem_ready$_DFF_P_/D (sky130_fd_sc_hd__dfxtp_1)
                                  2.53   data arrival time

                          0.00    0.00   clock clk0 (rise edge)
                          2.26    2.26   clock network delay (propagated)
                          0.00    2.26   clock reconvergence pessimism
                                  2.26 ^ mem_ready$_DFF_P_/CLK (sky130_fd_sc_hd__dfxtp_1)
                         -0.02    2.25   library hold time
                                  2.25   data required time
-----------------------------------------------------------------------------
                                  2.25   data required time
                                 -2.53   data arrival time
-----------------------------------------------------------------------------
                                  0.28   slack (MET)


Startpoint: rv32_soc/reg_sh[2]$_DFF_P_
            (rising edge-triggered flip-flop clocked by clk0)
Endpoint: rv32_soc/reg_sh[2]$_DFF_P_
          (rising edge-triggered flip-flop clocked by clk0)
Path Group: clk0
Path Type: min
Corner: fast

Fanout     Cap    Slew   Delay    Time   Description
-----------------------------------------------------------------------------
                          0.00    0.00   clock clk0 (rise edge)
                          2.26    2.26   clock network delay (propagated)
                  0.11    0.00    2.26 ^ rv32_soc/reg_sh[2]$_DFF_P_/CLK (sky130_fd_sc_hd__dfxtp_2)
     3    0.02    0.07    0.25    2.51 ^ rv32_soc/reg_sh[2]$_DFF_P_/Q (sky130_fd_sc_hd__dfxtp_2)
                                         rv32_soc/reg_sh[2] (net)
                  0.07    0.00    2.51 ^ _7394_/B2 (sky130_fd_sc_hd__o2bb2ai_1)
     1    0.00    0.03    0.05    2.56 v _7394_/Y (sky130_fd_sc_hd__o2bb2ai_1)
                                         _0045_ (net)
                  0.03    0.00    2.56 v rv32_soc/reg_sh[2]$_DFF_P_/D (sky130_fd_sc_hd__dfxtp_2)
                                  2.56   data arrival time

                          0.00    0.00   clock clk0 (rise edge)
                          2.26    2.26   clock network delay (propagated)
                          0.00    2.26   clock reconvergence pessimism
                                  2.26 ^ rv32_soc/reg_sh[2]$_DFF_P_/CLK (sky130_fd_sc_hd__dfxtp_2)
                         -0.01    2.25   library hold time
                                  2.25   data required time
-----------------------------------------------------------------------------
                                  2.25   data required time
                                 -2.56   data arrival time
-----------------------------------------------------------------------------
                                  0.31   slack (MET)


Startpoint: rv32_soc/count_cycle[3]$_SDFF_PN0_
            (rising edge-triggered flip-flop clocked by clk0)
Endpoint: rv32_soc/count_cycle[3]$_SDFF_PN0_
          (rising edge-triggered flip-flop clocked by clk0)
Path Group: clk0
Path Type: min
Corner: fast

Fanout     Cap    Slew   Delay    Time   Description
-----------------------------------------------------------------------------
                          0.00    0.00   clock clk0 (rise edge)
                          2.27    2.27   clock network delay (propagated)
                  0.11    0.00    2.27 ^ rv32_soc/count_cycle[3]$_SDFF_PN0_/CLK (sky130_fd_sc_hd__dfxtp_2)
     5    0.02    0.07    0.25    2.52 ^ rv32_soc/count_cycle[3]$_SDFF_PN0_/Q (sky130_fd_sc_hd__dfxtp_2)
                                         rv32_soc/count_cycle[3] (net)
                  0.07    0.00    2.52 ^ _8328_/A1 (sky130_fd_sc_hd__a21oi_1)
     1    0.00    0.03    0.05    2.57 v _8328_/Y (sky130_fd_sc_hd__a21oi_1)
                                         _0274_ (net)
                  0.03    0.00    2.57 v rv32_soc/count_cycle[3]$_SDFF_PN0_/D (sky130_fd_sc_hd__dfxtp_2)
                                  2.57   data arrival time

                          0.00    0.00   clock clk0 (rise edge)
                          2.27    2.27   clock network delay (propagated)
                          0.00    2.27   clock reconvergence pessimism
                                  2.27 ^ rv32_soc/count_cycle[3]$_SDFF_PN0_/CLK (sky130_fd_sc_hd__dfxtp_2)
                         -0.01    2.25   library hold time
                                  2.25   data required time
-----------------------------------------------------------------------------
                                  2.25   data required time
                                 -2.57   data arrival time
-----------------------------------------------------------------------------
                                  0.31   slack (MET)


Startpoint: rv32_soc/count_instr[63]$_SDFFE_PN0P_
            (rising edge-triggered flip-flop clocked by clk0)
Endpoint: rv32_soc/count_instr[63]$_SDFFE_PN0P_
          (rising edge-triggered flip-flop clocked by clk0)
Path Group: clk0
Path Type: min
Corner: fast

Fanout     Cap    Slew   Delay    Time   Description
-----------------------------------------------------------------------------
                          0.00    0.00   clock clk0 (rise edge)
                          2.27    2.27   clock network delay (propagated)
                  0.11    0.00    2.27 ^ rv32_soc/count_instr[63]$_SDFFE_PN0P_/CLK (sky130_fd_sc_hd__dfxtp_2)
     3    0.01    0.06    0.24    2.51 ^ rv32_soc/count_instr[63]$_SDFFE_PN0P_/Q (sky130_fd_sc_hd__dfxtp_2)
                                         rv32_soc/count_instr[63] (net)
                  0.06    0.00    2.51 ^ _7911_/A1 (sky130_fd_sc_hd__a21oi_1)
     1    0.01    0.04    0.06    2.57 v _7911_/Y (sky130_fd_sc_hd__a21oi_1)
                                         _0208_ (net)
                  0.04    0.00    2.57 v rv32_soc/count_instr[63]$_SDFFE_PN0P_/D (sky130_fd_sc_hd__dfxtp_2)
                                  2.57   data arrival time

                          0.00    0.00   clock clk0 (rise edge)
                          2.27    2.27   clock network delay (propagated)
                          0.00    2.27   clock reconvergence pessimism
                                  2.27 ^ rv32_soc/count_instr[63]$_SDFFE_PN0P_/CLK (sky130_fd_sc_hd__dfxtp_2)
                         -0.02    2.25   library hold time
                                  2.25   data required time
-----------------------------------------------------------------------------
                                  2.25   data required time
                                 -2.57   data arrival time
-----------------------------------------------------------------------------
                                  0.32   slack (MET)


Startpoint: rv32_soc/count_cycle[27]$_SDFF_PN0_
            (rising edge-triggered flip-flop clocked by clk0)
Endpoint: rv32_soc/count_cycle[27]$_SDFF_PN0_
          (rising edge-triggered flip-flop clocked by clk0)
Path Group: clk0
Path Type: min
Corner: fast

Fanout     Cap    Slew   Delay    Time   Description
-----------------------------------------------------------------------------
                          0.00    0.00   clock clk0 (rise edge)
                          2.27    2.27   clock network delay (propagated)
                  0.11    0.00    2.27 ^ rv32_soc/count_cycle[27]$_SDFF_PN0_/CLK (sky130_fd_sc_hd__dfxtp_2)
     5    0.02    0.08    0.26    2.52 ^ rv32_soc/count_cycle[27]$_SDFF_PN0_/Q (sky130_fd_sc_hd__dfxtp_2)
                                         rv32_soc/count_cycle[27] (net)
                  0.08    0.00    2.53 ^ _8402_/A1 (sky130_fd_sc_hd__a21oi_1)
     1    0.00    0.03    0.05    2.57 v _8402_/Y (sky130_fd_sc_hd__a21oi_1)
                                         _0298_ (net)
                  0.03    0.00    2.57 v rv32_soc/count_cycle[27]$_SDFF_PN0_/D (sky130_fd_sc_hd__dfxtp_2)
                                  2.57   data arrival time

                          0.00    0.00   clock clk0 (rise edge)
                          2.27    2.27   clock network delay (propagated)
                          0.00    2.27   clock reconvergence pessimism
                                  2.27 ^ rv32_soc/count_cycle[27]$_SDFF_PN0_/CLK (sky130_fd_sc_hd__dfxtp_2)
                         -0.01    2.25   library hold time
                                  2.25   data required time
-----------------------------------------------------------------------------
                                  2.25   data required time
                                 -2.57   data arrival time
-----------------------------------------------------------------------------
                                  0.32   slack (MET)


Startpoint: rv32_soc/reg_next_pc[25]$_SDFFE_PN0P_
            (rising edge-triggered flip-flop clocked by clk0)
Endpoint: rv32_soc/reg_next_pc[25]$_SDFFE_PN0P_
          (rising edge-triggered flip-flop clocked by clk0)
Path Group: clk0
Path Type: min
Corner: fast

Fanout     Cap    Slew   Delay    Time   Description
-----------------------------------------------------------------------------
                          0.00    0.00   clock clk0 (rise edge)
                          2.26    2.26   clock network delay (propagated)
                  0.09    0.00    2.26 ^ rv32_soc/reg_next_pc[25]$_SDFFE_PN0P_/CLK (sky130_fd_sc_hd__dfxtp_1)
     2    0.01    0.06    0.23    2.49 ^ rv32_soc/reg_next_pc[25]$_SDFFE_PN0P_/Q (sky130_fd_sc_hd__dfxtp_1)
                                         rv32_soc/reg_next_pc[25] (net)
                  0.06    0.00    2.49 ^ _8250_/B2 (sky130_fd_sc_hd__a32o_1)
     1    0.00    0.03    0.07    2.56 ^ _8250_/X (sky130_fd_sc_hd__a32o_1)
                                         _0264_ (net)
                  0.03    0.00    2.56 ^ rv32_soc/reg_next_pc[25]$_SDFFE_PN0P_/D (sky130_fd_sc_hd__dfxtp_1)
                                  2.56   data arrival time

                          0.00    0.00   clock clk0 (rise edge)
                          2.26    2.26   clock network delay (propagated)
                          0.00    2.26   clock reconvergence pessimism
                                  2.26 ^ rv32_soc/reg_next_pc[25]$_SDFFE_PN0P_/CLK (sky130_fd_sc_hd__dfxtp_1)
                         -0.02    2.24   library hold time
                                  2.24   data required time
-----------------------------------------------------------------------------
                                  2.24   data required time
                                 -2.56   data arrival time
-----------------------------------------------------------------------------
                                  0.32   slack (MET)


Startpoint: rv32_soc/count_cycle[63]$_SDFF_PN0_
            (rising edge-triggered flip-flop clocked by clk0)
Endpoint: rv32_soc/count_cycle[63]$_SDFF_PN0_
          (rising edge-triggered flip-flop clocked by clk0)
Path Group: clk0
Path Type: min
Corner: fast

Fanout     Cap    Slew   Delay    Time   Description
-----------------------------------------------------------------------------
                          0.00    0.00   clock clk0 (rise edge)
                          2.27    2.27   clock network delay (propagated)
                  0.11    0.00    2.27 ^ rv32_soc/count_cycle[63]$_SDFF_PN0_/CLK (sky130_fd_sc_hd__dfxtp_2)
     3    0.01    0.06    0.24    2.51 ^ rv32_soc/count_cycle[63]$_SDFF_PN0_/Q (sky130_fd_sc_hd__dfxtp_2)
                                         rv32_soc/count_cycle[63] (net)
                  0.06    0.00    2.51 ^ _8522_/A1 (sky130_fd_sc_hd__a21oi_1)
     1    0.01    0.04    0.06    2.57 v _8522_/Y (sky130_fd_sc_hd__a21oi_1)
                                         _0334_ (net)
                  0.04    0.00    2.57 v rv32_soc/count_cycle[63]$_SDFF_PN0_/D (sky130_fd_sc_hd__dfxtp_2)
                                  2.57   data arrival time

                          0.00    0.00   clock clk0 (rise edge)
                          2.27    2.27   clock network delay (propagated)
                          0.00    2.27   clock reconvergence pessimism
                                  2.27 ^ rv32_soc/count_cycle[63]$_SDFF_PN0_/CLK (sky130_fd_sc_hd__dfxtp_2)
                         -0.02    2.25   library hold time
                                  2.25   data required time
-----------------------------------------------------------------------------
                                  2.25   data required time
                                 -2.57   data arrival time
-----------------------------------------------------------------------------
                                  0.32   slack (MET)


Startpoint: rv32_soc/count_cycle[28]$_SDFF_PN0_
            (rising edge-triggered flip-flop clocked by clk0)
Endpoint: rv32_soc/count_cycle[28]$_SDFF_PN0_
          (rising edge-triggered flip-flop clocked by clk0)
Path Group: clk0
Path Type: min
Corner: fast

Fanout     Cap    Slew   Delay    Time   Description
-----------------------------------------------------------------------------
                          0.00    0.00   clock clk0 (rise edge)
                          2.27    2.27   clock network delay (propagated)
                  0.11    0.00    2.27 ^ rv32_soc/count_cycle[28]$_SDFF_PN0_/CLK (sky130_fd_sc_hd__dfxtp_2)
     5    0.02    0.07    0.25    2.52 ^ rv32_soc/count_cycle[28]$_SDFF_PN0_/Q (sky130_fd_sc_hd__dfxtp_2)
                                         rv32_soc/count_cycle[28] (net)
                  0.07    0.00    2.52 ^ _8405_/A1 (sky130_fd_sc_hd__a21oi_1)
     1    0.00    0.03    0.05    2.57 v _8405_/Y (sky130_fd_sc_hd__a21oi_1)
                                         _0299_ (net)
                  0.03    0.00    2.57 v rv32_soc/count_cycle[28]$_SDFF_PN0_/D (sky130_fd_sc_hd__dfxtp_2)
                                  2.57   data arrival time

                          0.00    0.00   clock clk0 (rise edge)
                          2.27    2.27   clock network delay (propagated)
                          0.00    2.27   clock reconvergence pessimism
                                  2.27 ^ rv32_soc/count_cycle[28]$_SDFF_PN0_/CLK (sky130_fd_sc_hd__dfxtp_2)
                         -0.01    2.25   library hold time
                                  2.25   data required time
-----------------------------------------------------------------------------
                                  2.25   data required time
                                 -2.57   data arrival time
-----------------------------------------------------------------------------
                                  0.32   slack (MET)


Startpoint: rv32_soc/count_cycle[9]$_SDFF_PN0_
            (rising edge-triggered flip-flop clocked by clk0)
Endpoint: rv32_soc/count_cycle[9]$_SDFF_PN0_
          (rising edge-triggered flip-flop clocked by clk0)
Path Group: clk0
Path Type: min
Corner: fast

Fanout     Cap    Slew   Delay    Time   Description
-----------------------------------------------------------------------------
                          0.00    0.00   clock clk0 (rise edge)
                          2.25    2.25   clock network delay (propagated)
                  0.08    0.00    2.25 ^ rv32_soc/count_cycle[9]$_SDFF_PN0_/CLK (sky130_fd_sc_hd__dfxtp_2)
     6    0.02    0.08    0.25    2.51 ^ rv32_soc/count_cycle[9]$_SDFF_PN0_/Q (sky130_fd_sc_hd__dfxtp_2)
                                         rv32_soc/count_cycle[9] (net)
                  0.08    0.00    2.51 ^ _8346_/A1 (sky130_fd_sc_hd__a21oi_1)
     1    0.00    0.03    0.05    2.56 v _8346_/Y (sky130_fd_sc_hd__a21oi_1)
                                         _0280_ (net)
                  0.03    0.00    2.56 v rv32_soc/count_cycle[9]$_SDFF_PN0_/D (sky130_fd_sc_hd__dfxtp_2)
                                  2.56   data arrival time

                          0.00    0.00   clock clk0 (rise edge)
                          2.25    2.25   clock network delay (propagated)
                          0.00    2.25   clock reconvergence pessimism
                                  2.25 ^ rv32_soc/count_cycle[9]$_SDFF_PN0_/CLK (sky130_fd_sc_hd__dfxtp_2)
                         -0.02    2.23   library hold time
                                  2.23   data required time
-----------------------------------------------------------------------------
                                  2.23   data required time
                                 -2.56   data arrival time
-----------------------------------------------------------------------------
                                  0.32   slack (MET)


Startpoint: rv32_soc/reg_next_pc[19]$_SDFFE_PN0P_
            (rising edge-triggered flip-flop clocked by clk0)
Endpoint: rv32_soc/reg_next_pc[19]$_SDFFE_PN0P_
          (rising edge-triggered flip-flop clocked by clk0)
Path Group: clk0
Path Type: min
Corner: fast

Fanout     Cap    Slew   Delay    Time   Description
-----------------------------------------------------------------------------
                          0.00    0.00   clock clk0 (rise edge)
                          2.26    2.26   clock network delay (propagated)
                  0.09    0.00    2.26 ^ rv32_soc/reg_next_pc[19]$_SDFFE_PN0P_/CLK (sky130_fd_sc_hd__dfxtp_1)
     2    0.01    0.07    0.23    2.49 ^ rv32_soc/reg_next_pc[19]$_SDFFE_PN0P_/Q (sky130_fd_sc_hd__dfxtp_1)
                                         rv32_soc/reg_next_pc[19] (net)
                  0.07    0.00    2.49 ^ _8171_/A (sky130_fd_sc_hd__nand2_1)
     1    0.00    0.03    0.04    2.53 v _8171_/Y (sky130_fd_sc_hd__nand2_1)
                                         _3343_ (net)
                  0.03    0.00    2.53 v _8182_/A (sky130_fd_sc_hd__nand2_1)
     1    0.00    0.03    0.03    2.57 ^ _8182_/Y (sky130_fd_sc_hd__nand2_1)
                                         _0258_ (net)
                  0.03    0.00    2.57 ^ rv32_soc/reg_next_pc[19]$_SDFFE_PN0P_/D (sky130_fd_sc_hd__dfxtp_1)
                                  2.57   data arrival time

                          0.00    0.00   clock clk0 (rise edge)
                          2.26    2.26   clock network delay (propagated)
                          0.00    2.26   clock reconvergence pessimism
                                  2.26 ^ rv32_soc/reg_next_pc[19]$_SDFFE_PN0P_/CLK (sky130_fd_sc_hd__dfxtp_1)
                         -0.02    2.25   library hold time
                                  2.25   data required time
-----------------------------------------------------------------------------
                                  2.25   data required time
                                 -2.57   data arrival time
-----------------------------------------------------------------------------
                                  0.32   slack (MET)


