[-9.818, -8.204): ** (15)
[-8.204, -6.590): ************* (97)
[-6.590, -4.976): ********************************** (254)
[-4.976, -3.362): ********************* (159)
[-3.362, -1.748): **************************** (210)
[-1.748, -0.134): ****************************** (224)
[-0.134,  1.480): **************** (121)
[ 1.480,  3.094): ****************************** (229)
[ 3.094,  4.708): ************************************** (283)
[ 4.708,  6.322): ******************************************* (321)
[ 6.322,  7.936): ************************************************** (377)
[ 7.936,  9.551): ************************ (183)
[ 9.551, 11.165): ********* (71)
[11.165, 12.779): ***** (40)
[12.779, 14.393): ********** (73)
[14.393, 16.007): ****** (47)
[16.007, 17.621): **** (27)
[17.621, 19.235): *** (20)
[19.235, 20.849): * (8)
[20.849, 22.463]: * (7)
