[WARNING STA-0503] report_checks -group_count is deprecated. Use -group_path_count instead.
Startpoint: mem_la_wdata[3]$_DFFE_PP_
            (rising edge-triggered flip-flop clocked by clk0)
Endpoint: rv32_soc/latched_branch$_SDFFE_PN0P_
          (rising edge-triggered flip-flop clocked by clk0)
Path Group: clk0
Path Type: max
Corner: slow

Fanout     Cap    Slew   Delay    Time   Description
-----------------------------------------------------------------------------
                          0.00    0.00   clock clk0 (rise edge)
                         16.28   16.28   clock network delay (propagated)
                  0.45    0.00   16.28 ^ mem_la_wdata[3]$_DFFE_PP_/CLK (sky130_fd_sc_hd__edfxtp_1)
     6    0.14    4.33    4.30   20.58 ^ mem_la_wdata[3]$_DFFE_PP_/Q (sky130_fd_sc_hd__edfxtp_1)
                                         mem_la_wdata[3] (net)
                  4.33    0.03   20.60 ^ _7532_/A (sky130_fd_sc_hd__inv_1)
     3    0.02    0.68    1.99   22.59 v _7532_/Y (sky130_fd_sc_hd__inv_1)
                                         _4407_ (net)
                  0.68    0.00   22.59 v _9379_/A (sky130_fd_sc_hd__ha_4)
     8    0.05    0.62    1.74   24.33 ^ _9379_/SUM (sky130_fd_sc_hd__ha_4)
                                         _4410_ (net)
                  0.62    0.00   24.33 ^ _7420_/C (sky130_fd_sc_hd__nor3_2)
     1    0.01    0.12    0.35   24.69 v _7420_/Y (sky130_fd_sc_hd__nor3_2)
                                         _2789_ (net)
                  0.12    0.00   24.69 v _7422_/B (sky130_fd_sc_hd__nor3_2)
     2    0.01    1.09    1.14   25.83 ^ _7422_/Y (sky130_fd_sc_hd__nor3_2)
                                         _2791_ (net)
                  1.09    0.00   25.83 ^ _7423_/C (sky130_fd_sc_hd__nor3_2)
     1    0.01    0.18    0.55   26.39 v _7423_/Y (sky130_fd_sc_hd__nor3_2)
                                         _2792_ (net)
                  0.18    0.00   26.39 v _7425_/B (sky130_fd_sc_hd__nor3_2)
     2    0.01    0.82    0.96   27.35 ^ _7425_/Y (sky130_fd_sc_hd__nor3_2)
                                         _2794_ (net)
                  0.82    0.00   27.35 ^ _7426_/B (sky130_fd_sc_hd__nor2_1)
     1    0.01    0.20    0.49   27.84 v _7426_/Y (sky130_fd_sc_hd__nor2_1)
                                         _2795_ (net)
                  0.20    0.00   27.85 v _7427_/B (sky130_fd_sc_hd__nor2_1)
     1    0.01    0.69    0.70   28.55 ^ _7427_/Y (sky130_fd_sc_hd__nor2_1)
                                         _2796_ (net)
                  0.69    0.00   28.55 ^ _7428_/A2 (sky130_fd_sc_hd__o21bai_2)
     2    0.01    0.21    0.47   29.01 v _7428_/Y (sky130_fd_sc_hd__o21bai_2)
                                         _2797_ (net)
                  0.21    0.00   29.02 v _7431_/B1 (sky130_fd_sc_hd__a221oi_1)
     2    0.01    1.73    1.69   30.70 ^ _7431_/Y (sky130_fd_sc_hd__a221oi_1)
                                         _2800_ (net)
                  1.73    0.00   30.70 ^ _7434_/A3 (sky130_fd_sc_hd__o31ai_1)
     1    0.00    0.19    0.80   31.50 v _7434_/Y (sky130_fd_sc_hd__o31ai_1)
                                         _2803_ (net)
                  0.19    0.00   31.50 v rebuffer26/A (sky130_fd_sc_hd__buf_2)
     2    0.01    0.10    0.53   32.03 v rebuffer26/X (sky130_fd_sc_hd__buf_2)
                                         net175 (net)
                  0.10    0.00   32.03 v _7435_/A2 (sky130_fd_sc_hd__a21oi_1)
     1    0.00    0.48    0.58   32.61 ^ _7435_/Y (sky130_fd_sc_hd__a21oi_1)
                                         _2804_ (net)
                  0.48    0.00   32.61 ^ _7436_/B1 (sky130_fd_sc_hd__o21ai_0)
     2    0.01    0.34    0.53   33.14 v _7436_/Y (sky130_fd_sc_hd__o21ai_0)
                                         _2805_ (net)
                  0.34    0.00   33.14 v _7437_/B2 (sky130_fd_sc_hd__a221oi_1)
     1    0.01    1.16    1.46   34.60 ^ _7437_/Y (sky130_fd_sc_hd__a221oi_1)
                                         _2806_ (net)
                  1.16    0.00   34.60 ^ rebuffer17/A (sky130_fd_sc_hd__buf_2)
     2    0.02    0.36    1.03   35.63 ^ rebuffer17/X (sky130_fd_sc_hd__buf_2)
                                         net166 (net)
                  0.36    0.00   35.63 ^ _7440_/A3 (sky130_fd_sc_hd__o31ai_1)
     1    0.00    0.17    0.30   35.93 v _7440_/Y (sky130_fd_sc_hd__o31ai_1)
                                         _2809_ (net)
                  0.17    0.00   35.93 v rebuffer25/A (sky130_fd_sc_hd__buf_2)
     2    0.01    0.09    0.51   36.44 v rebuffer25/X (sky130_fd_sc_hd__buf_2)
                                         net174 (net)
                  0.09    0.00   36.44 v _7441_/B2 (sky130_fd_sc_hd__a221oi_1)
     1    0.00    0.88    1.09   37.54 ^ _7441_/Y (sky130_fd_sc_hd__a221oi_1)
                                         _2810_ (net)
                  0.88    0.00   37.54 ^ rebuffer51/A (sky130_fd_sc_hd__buf_2)
     2    0.01    0.26    0.82   38.36 ^ rebuffer51/X (sky130_fd_sc_hd__buf_2)
                                         net200 (net)
                  0.26    0.00   38.36 ^ _7442_/C (sky130_fd_sc_hd__nor3_2)
     1    0.01    0.16    0.18   38.54 v _7442_/Y (sky130_fd_sc_hd__nor3_2)
                                         _2811_ (net)
                  0.16    0.00   38.54 v _7443_/C (sky130_fd_sc_hd__nor3_2)
     2    0.01    0.82    0.81   39.34 ^ _7443_/Y (sky130_fd_sc_hd__nor3_2)
                                         _2812_ (net)
                  0.82    0.00   39.35 ^ _7446_/A3 (sky130_fd_sc_hd__o31ai_1)
     1    0.00    0.16    0.50   39.85 v _7446_/Y (sky130_fd_sc_hd__o31ai_1)
                                         _2815_ (net)
                  0.16    0.00   39.85 v rebuffer49/A (sky130_fd_sc_hd__buf_2)
     2    0.01    0.10    0.51   40.36 v rebuffer49/X (sky130_fd_sc_hd__buf_2)
                                         net198 (net)
                  0.10    0.00   40.36 v _7448_/B1 (sky130_fd_sc_hd__a221o_1)
     2    0.01    0.20    1.34   41.70 v _7448_/X (sky130_fd_sc_hd__a221o_1)
                                         _2817_ (net)
                  0.20    0.00   41.70 v _7449_/B2 (sky130_fd_sc_hd__a221oi_1)
     1    0.01    1.16    1.38   43.08 ^ _7449_/Y (sky130_fd_sc_hd__a221oi_1)
                                         _2818_ (net)
                  1.16    0.00   43.08 ^ rebuffer24/A (sky130_fd_sc_hd__buf_4)
     3    0.01    0.19    0.90   43.98 ^ rebuffer24/X (sky130_fd_sc_hd__buf_4)
                                         net173 (net)
                  0.19    0.00   43.98 ^ _7454_/A2 (sky130_fd_sc_hd__o21ai_0)
     1    0.00    0.20    0.26   44.24 v _7454_/Y (sky130_fd_sc_hd__o21ai_0)
                                         _2823_ (net)
                  0.20    0.00   44.24 v _7456_/A2 (sky130_fd_sc_hd__o21ai_0)
     2    0.01    1.24    1.21   45.45 ^ _7456_/Y (sky130_fd_sc_hd__o21ai_0)
                                         _2825_ (net)
                  1.24    0.00   45.45 ^ _7472_/A2 (sky130_fd_sc_hd__o21ai_0)
     1    0.02    0.76    1.22   46.67 v _7472_/Y (sky130_fd_sc_hd__o21ai_0)
                                         _2841_ (net)
                  0.76    0.00   46.68 v _7473_/S (sky130_fd_sc_hd__mux2i_1)
     1    0.01    1.27    1.45   48.13 ^ _7473_/Y (sky130_fd_sc_hd__mux2i_1)
                                         _2842_ (net)
                  1.27    0.00   48.13 ^ _7474_/B (sky130_fd_sc_hd__nand2_4)
     3    0.02    0.18    0.64   48.77 v _7474_/Y (sky130_fd_sc_hd__nand2_4)
                                         _2843_ (net)
                  0.18    0.00   48.77 v _8523_/A2 (sky130_fd_sc_hd__a21oi_2)
     2    0.01    0.57    0.73   49.50 ^ _8523_/Y (sky130_fd_sc_hd__a21oi_2)
                                         _3618_ (net)
                  0.57    0.00   49.50 ^ _8533_/A1 (sky130_fd_sc_hd__o21ai_0)
     1    0.01    0.22    0.49   49.99 v _8533_/Y (sky130_fd_sc_hd__o21ai_0)
                                         _3626_ (net)
                  0.22    0.00   49.99 v _8534_/B1 (sky130_fd_sc_hd__o311a_1)
     1    0.00    0.17    0.53   50.52 v _8534_/X (sky130_fd_sc_hd__o311a_1)
                                         _0342_ (net)
                  0.17    0.00   50.52 v rv32_soc/latched_branch$_SDFFE_PN0P_/D (sky130_fd_sc_hd__dfxtp_1)
                                 50.52   data arrival time

                         25.00   25.00   clock clk0 (rise edge)
                         16.36   41.36   clock network delay (propagated)
                          0.00   41.36   clock reconvergence pessimism
                                 41.36 ^ rv32_soc/latched_branch$_SDFFE_PN0P_/CLK (sky130_fd_sc_hd__dfxtp_1)
                         -0.66   40.70   library setup time
                                 40.70   data required time
-----------------------------------------------------------------------------
                                 40.70   data required time
                                -50.52   data arrival time
-----------------------------------------------------------------------------
                                 -9.82   slack (VIOLATED)


Startpoint: mem_la_wdata[3]$_DFFE_PP_
            (rising edge-triggered flip-flop clocked by clk0)
Endpoint: rv32_soc/alu_out_q[0]$_DFF_P_
          (rising edge-triggered flip-flop clocked by clk0)
Path Group: clk0
Path Type: max
Corner: slow

Fanout     Cap    Slew   Delay    Time   Description
-----------------------------------------------------------------------------
                          0.00    0.00   clock clk0 (rise edge)
                         16.28   16.28   clock network delay (propagated)
                  0.45    0.00   16.28 ^ mem_la_wdata[3]$_DFFE_PP_/CLK (sky130_fd_sc_hd__edfxtp_1)
     6    0.14    4.33    4.30   20.58 ^ mem_la_wdata[3]$_DFFE_PP_/Q (sky130_fd_sc_hd__edfxtp_1)
                                         mem_la_wdata[3] (net)
                  4.33    0.03   20.60 ^ _7532_/A (sky130_fd_sc_hd__inv_1)
     3    0.02    0.68    1.99   22.59 v _7532_/Y (sky130_fd_sc_hd__inv_1)
                                         _4407_ (net)
                  0.68    0.00   22.59 v _9379_/A (sky130_fd_sc_hd__ha_4)
     8    0.05    0.62    1.74   24.33 ^ _9379_/SUM (sky130_fd_sc_hd__ha_4)
                                         _4410_ (net)
                  0.62    0.00   24.33 ^ _7420_/C (sky130_fd_sc_hd__nor3_2)
     1    0.01    0.12    0.35   24.69 v _7420_/Y (sky130_fd_sc_hd__nor3_2)
                                         _2789_ (net)
                  0.12    0.00   24.69 v _7422_/B (sky130_fd_sc_hd__nor3_2)
     2    0.01    1.09    1.14   25.83 ^ _7422_/Y (sky130_fd_sc_hd__nor3_2)
                                         _2791_ (net)
                  1.09    0.00   25.83 ^ _7423_/C (sky130_fd_sc_hd__nor3_2)
     1    0.01    0.18    0.55   26.39 v _7423_/Y (sky130_fd_sc_hd__nor3_2)
                                         _2792_ (net)
                  0.18    0.00   26.39 v _7425_/B (sky130_fd_sc_hd__nor3_2)
     2    0.01    0.82    0.96   27.35 ^ _7425_/Y (sky130_fd_sc_hd__nor3_2)
                                         _2794_ (net)
                  0.82    0.00   27.35 ^ _7426_/B (sky130_fd_sc_hd__nor2_1)
     1    0.01    0.20    0.49   27.84 v _7426_/Y (sky130_fd_sc_hd__nor2_1)
                                         _2795_ (net)
                  0.20    0.00   27.85 v _7427_/B (sky130_fd_sc_hd__nor2_1)
     1    0.01    0.69    0.70   28.55 ^ _7427_/Y (sky130_fd_sc_hd__nor2_1)
                                         _2796_ (net)
                  0.69    0.00   28.55 ^ _7428_/A2 (sky130_fd_sc_hd__o21bai_2)
     2    0.01    0.21    0.47   29.01 v _7428_/Y (sky130_fd_sc_hd__o21bai_2)
                                         _2797_ (net)
                  0.21    0.00   29.02 v _7431_/B1 (sky130_fd_sc_hd__a221oi_1)
     2    0.01    1.73    1.69   30.70 ^ _7431_/Y (sky130_fd_sc_hd__a221oi_1)
                                         _2800_ (net)
                  1.73    0.00   30.70 ^ _7434_/A3 (sky130_fd_sc_hd__o31ai_1)
     1    0.00    0.19    0.80   31.50 v _7434_/Y (sky130_fd_sc_hd__o31ai_1)
                                         _2803_ (net)
                  0.19    0.00   31.50 v rebuffer26/A (sky130_fd_sc_hd__buf_2)
     2    0.01    0.10    0.53   32.03 v rebuffer26/X (sky130_fd_sc_hd__buf_2)
                                         net175 (net)
                  0.10    0.00   32.03 v _7435_/A2 (sky130_fd_sc_hd__a21oi_1)
     1    0.00    0.48    0.58   32.61 ^ _7435_/Y (sky130_fd_sc_hd__a21oi_1)
                                         _2804_ (net)
                  0.48    0.00   32.61 ^ _7436_/B1 (sky130_fd_sc_hd__o21ai_0)
     2    0.01    0.34    0.53   33.14 v _7436_/Y (sky130_fd_sc_hd__o21ai_0)
                                         _2805_ (net)
                  0.34    0.00   33.14 v _7437_/B2 (sky130_fd_sc_hd__a221oi_1)
     1    0.01    1.16    1.46   34.60 ^ _7437_/Y (sky130_fd_sc_hd__a221oi_1)
                                         _2806_ (net)
                  1.16    0.00   34.60 ^ rebuffer17/A (sky130_fd_sc_hd__buf_2)
     2    0.02    0.36    1.03   35.63 ^ rebuffer17/X (sky130_fd_sc_hd__buf_2)
                                         net166 (net)
                  0.36    0.00   35.63 ^ _7440_/A3 (sky130_fd_sc_hd__o31ai_1)
     1    0.00    0.17    0.30   35.93 v _7440_/Y (sky130_fd_sc_hd__o31ai_1)
                                         _2809_ (net)
                  0.17    0.00   35.93 v rebuffer25/A (sky130_fd_sc_hd__buf_2)
     2    0.01    0.09    0.51   36.44 v rebuffer25/X (sky130_fd_sc_hd__buf_2)
                                         net174 (net)
                  0.09    0.00   36.44 v _7441_/B2 (sky130_fd_sc_hd__a221oi_1)
     1    0.00    0.88    1.09   37.54 ^ _7441_/Y (sky130_fd_sc_hd__a221oi_1)
                                         _2810_ (net)
                  0.88    0.00   37.54 ^ rebuffer51/A (sky130_fd_sc_hd__buf_2)
     2    0.01    0.26    0.82   38.36 ^ rebuffer51/X (sky130_fd_sc_hd__buf_2)
                                         net200 (net)
                  0.26    0.00   38.36 ^ _7442_/C (sky130_fd_sc_hd__nor3_2)
     1    0.01    0.16    0.18   38.54 v _7442_/Y (sky130_fd_sc_hd__nor3_2)
                                         _2811_ (net)
                  0.16    0.00   38.54 v _7443_/C (sky130_fd_sc_hd__nor3_2)
     2    0.01    0.82    0.81   39.34 ^ _7443_/Y (sky130_fd_sc_hd__nor3_2)
                                         _2812_ (net)
                  0.82    0.00   39.35 ^ _7446_/A3 (sky130_fd_sc_hd__o31ai_1)
     1    0.00    0.16    0.50   39.85 v _7446_/Y (sky130_fd_sc_hd__o31ai_1)
                                         _2815_ (net)
                  0.16    0.00   39.85 v rebuffer49/A (sky130_fd_sc_hd__buf_2)
     2    0.01    0.10    0.51   40.36 v rebuffer49/X (sky130_fd_sc_hd__buf_2)
                                         net198 (net)
                  0.10    0.00   40.36 v _7448_/B1 (sky130_fd_sc_hd__a221o_1)
     2    0.01    0.20    1.34   41.70 v _7448_/X (sky130_fd_sc_hd__a221o_1)
                                         _2817_ (net)
                  0.20    0.00   41.70 v _7449_/B2 (sky130_fd_sc_hd__a221oi_1)
     1    0.01    1.16    1.38   43.08 ^ _7449_/Y (sky130_fd_sc_hd__a221oi_1)
                                         _2818_ (net)
                  1.16    0.00   43.08 ^ rebuffer24/A (sky130_fd_sc_hd__buf_4)
     3    0.01    0.19    0.90   43.98 ^ rebuffer24/X (sky130_fd_sc_hd__buf_4)
                                         net173 (net)
                  0.19    0.00   43.98 ^ _7454_/A2 (sky130_fd_sc_hd__o21ai_0)
     1    0.00    0.20    0.26   44.24 v _7454_/Y (sky130_fd_sc_hd__o21ai_0)
                                         _2823_ (net)
                  0.20    0.00   44.24 v _7456_/A2 (sky130_fd_sc_hd__o21ai_0)
     2    0.01    1.24    1.21   45.45 ^ _7456_/Y (sky130_fd_sc_hd__o21ai_0)
                                         _2825_ (net)
                  1.24    0.00   45.45 ^ _7472_/A2 (sky130_fd_sc_hd__o21ai_0)
     1    0.02    0.76    1.22   46.67 v _7472_/Y (sky130_fd_sc_hd__o21ai_0)
                                         _2841_ (net)
                  0.76    0.00   46.68 v _7473_/S (sky130_fd_sc_hd__mux2i_1)
     1    0.01    1.27    1.45   48.13 ^ _7473_/Y (sky130_fd_sc_hd__mux2i_1)
                                         _2842_ (net)
                  1.27    0.00   48.13 ^ _7474_/B (sky130_fd_sc_hd__nand2_4)
     3    0.02    0.18    0.64   48.77 v _7474_/Y (sky130_fd_sc_hd__nand2_4)
                                         _2843_ (net)
                  0.18    0.00   48.77 v _8825_/A2 (sky130_fd_sc_hd__a221o_1)
     1    0.00    0.15    1.55   50.31 v _8825_/X (sky130_fd_sc_hd__a221o_1)
                                         rv32_soc/alu_out[0] (net)
                  0.15    0.00   50.31 v rv32_soc/alu_out_q[0]$_DFF_P_/D (sky130_fd_sc_hd__dfxtp_2)
                                 50.31   data arrival time

                         25.00   25.00   clock clk0 (rise edge)
                         16.36   41.36   clock network delay (propagated)
                          0.00   41.36   clock reconvergence pessimism
                                 41.36 ^ rv32_soc/alu_out_q[0]$_DFF_P_/CLK (sky130_fd_sc_hd__dfxtp_2)
                         -0.65   40.71   library setup time
                                 40.71   data required time
-----------------------------------------------------------------------------
                                 40.71   data required time
                                -50.31   data arrival time
-----------------------------------------------------------------------------
                                 -9.60   slack (VIOLATED)


Startpoint: mem_la_wdata[3]$_DFFE_PP_
            (rising edge-triggered flip-flop clocked by clk0)
Endpoint: rv32_soc/decoder_trigger$_DFF_P_
          (rising edge-triggered flip-flop clocked by clk0)
Path Group: clk0
Path Type: max
Corner: slow

Fanout     Cap    Slew   Delay    Time   Description
-----------------------------------------------------------------------------
                          0.00    0.00   clock clk0 (rise edge)
                         16.28   16.28   clock network delay (propagated)
                  0.45    0.00   16.28 ^ mem_la_wdata[3]$_DFFE_PP_/CLK (sky130_fd_sc_hd__edfxtp_1)
     6    0.14    4.33    4.30   20.58 ^ mem_la_wdata[3]$_DFFE_PP_/Q (sky130_fd_sc_hd__edfxtp_1)
                                         mem_la_wdata[3] (net)
                  4.33    0.03   20.60 ^ _7532_/A (sky130_fd_sc_hd__inv_1)
     3    0.02    0.68    1.99   22.59 v _7532_/Y (sky130_fd_sc_hd__inv_1)
                                         _4407_ (net)
                  0.68    0.00   22.59 v _9379_/A (sky130_fd_sc_hd__ha_4)
     8    0.05    0.62    1.74   24.33 ^ _9379_/SUM (sky130_fd_sc_hd__ha_4)
                                         _4410_ (net)
                  0.62    0.00   24.33 ^ _7420_/C (sky130_fd_sc_hd__nor3_2)
     1    0.01    0.12    0.35   24.69 v _7420_/Y (sky130_fd_sc_hd__nor3_2)
                                         _2789_ (net)
                  0.12    0.00   24.69 v _7422_/B (sky130_fd_sc_hd__nor3_2)
     2    0.01    1.09    1.14   25.83 ^ _7422_/Y (sky130_fd_sc_hd__nor3_2)
                                         _2791_ (net)
                  1.09    0.00   25.83 ^ _7423_/C (sky130_fd_sc_hd__nor3_2)
     1    0.01    0.18    0.55   26.39 v _7423_/Y (sky130_fd_sc_hd__nor3_2)
                                         _2792_ (net)
                  0.18    0.00   26.39 v _7425_/B (sky130_fd_sc_hd__nor3_2)
     2    0.01    0.82    0.96   27.35 ^ _7425_/Y (sky130_fd_sc_hd__nor3_2)
                                         _2794_ (net)
                  0.82    0.00   27.35 ^ _7426_/B (sky130_fd_sc_hd__nor2_1)
     1    0.01    0.20    0.49   27.84 v _7426_/Y (sky130_fd_sc_hd__nor2_1)
                                         _2795_ (net)
                  0.20    0.00   27.85 v _7427_/B (sky130_fd_sc_hd__nor2_1)
     1    0.01    0.69    0.70   28.55 ^ _7427_/Y (sky130_fd_sc_hd__nor2_1)
                                         _2796_ (net)
                  0.69    0.00   28.55 ^ _7428_/A2 (sky130_fd_sc_hd__o21bai_2)
     2    0.01    0.21    0.47   29.01 v _7428_/Y (sky130_fd_sc_hd__o21bai_2)
                                         _2797_ (net)
                  0.21    0.00   29.02 v _7431_/B1 (sky130_fd_sc_hd__a221oi_1)
     2    0.01    1.73    1.69   30.70 ^ _7431_/Y (sky130_fd_sc_hd__a221oi_1)
                                         _2800_ (net)
                  1.73    0.00   30.70 ^ _7434_/A3 (sky130_fd_sc_hd__o31ai_1)
     1    0.00    0.19    0.80   31.50 v _7434_/Y (sky130_fd_sc_hd__o31ai_1)
                                         _2803_ (net)
                  0.19    0.00   31.50 v rebuffer26/A (sky130_fd_sc_hd__buf_2)
     2    0.01    0.10    0.53   32.03 v rebuffer26/X (sky130_fd_sc_hd__buf_2)
                                         net175 (net)
                  0.10    0.00   32.03 v _7435_/A2 (sky130_fd_sc_hd__a21oi_1)
     1    0.00    0.48    0.58   32.61 ^ _7435_/Y (sky130_fd_sc_hd__a21oi_1)
                                         _2804_ (net)
                  0.48    0.00   32.61 ^ _7436_/B1 (sky130_fd_sc_hd__o21ai_0)
     2    0.01    0.34    0.53   33.14 v _7436_/Y (sky130_fd_sc_hd__o21ai_0)
                                         _2805_ (net)
                  0.34    0.00   33.14 v _7437_/B2 (sky130_fd_sc_hd__a221oi_1)
     1    0.01    1.16    1.46   34.60 ^ _7437_/Y (sky130_fd_sc_hd__a221oi_1)
                                         _2806_ (net)
                  1.16    0.00   34.60 ^ rebuffer17/A (sky130_fd_sc_hd__buf_2)
     2    0.02    0.36    1.03   35.63 ^ rebuffer17/X (sky130_fd_sc_hd__buf_2)
                                         net166 (net)
                  0.36    0.00   35.63 ^ _7440_/A3 (sky130_fd_sc_hd__o31ai_1)
     1    0.00    0.17    0.30   35.93 v _7440_/Y (sky130_fd_sc_hd__o31ai_1)
                                         _2809_ (net)
                  0.17    0.00   35.93 v rebuffer25/A (sky130_fd_sc_hd__buf_2)
     2    0.01    0.09    0.51   36.44 v rebuffer25/X (sky130_fd_sc_hd__buf_2)
                                         net174 (net)
                  0.09    0.00   36.44 v _7441_/B2 (sky130_fd_sc_hd__a221oi_1)
     1    0.00    0.88    1.09   37.54 ^ _7441_/Y (sky130_fd_sc_hd__a221oi_1)
                                         _2810_ (net)
                  0.88    0.00   37.54 ^ rebuffer51/A (sky130_fd_sc_hd__buf_2)
     2    0.01    0.26    0.82   38.36 ^ rebuffer51/X (sky130_fd_sc_hd__buf_2)
                                         net200 (net)
                  0.26    0.00   38.36 ^ _7442_/C (sky130_fd_sc_hd__nor3_2)
     1    0.01    0.16    0.18   38.54 v _7442_/Y (sky130_fd_sc_hd__nor3_2)
                                         _2811_ (net)
                  0.16    0.00   38.54 v _7443_/C (sky130_fd_sc_hd__nor3_2)
     2    0.01    0.82    0.81   39.34 ^ _7443_/Y (sky130_fd_sc_hd__nor3_2)
                                         _2812_ (net)
                  0.82    0.00   39.35 ^ _7446_/A3 (sky130_fd_sc_hd__o31ai_1)
     1    0.00    0.16    0.50   39.85 v _7446_/Y (sky130_fd_sc_hd__o31ai_1)
                                         _2815_ (net)
                  0.16    0.00   39.85 v rebuffer49/A (sky130_fd_sc_hd__buf_2)
     2    0.01    0.10    0.51   40.36 v rebuffer49/X (sky130_fd_sc_hd__buf_2)
                                         net198 (net)
                  0.10    0.00   40.36 v _7448_/B1 (sky130_fd_sc_hd__a221o_1)
     2    0.01    0.20    1.34   41.70 v _7448_/X (sky130_fd_sc_hd__a221o_1)
                                         _2817_ (net)
                  0.20    0.00   41.70 v _7449_/B2 (sky130_fd_sc_hd__a221oi_1)
     1    0.01    1.16    1.38   43.08 ^ _7449_/Y (sky130_fd_sc_hd__a221oi_1)
                                         _2818_ (net)
                  1.16    0.00   43.08 ^ rebuffer24/A (sky130_fd_sc_hd__buf_4)
     3    0.01    0.19    0.90   43.98 ^ rebuffer24/X (sky130_fd_sc_hd__buf_4)
                                         net173 (net)
                  0.19    0.00   43.98 ^ _7454_/A2 (sky130_fd_sc_hd__o21ai_0)
     1    0.00    0.20    0.26   44.24 v _7454_/Y (sky130_fd_sc_hd__o21ai_0)
                                         _2823_ (net)
                  0.20    0.00   44.24 v _7456_/A2 (sky130_fd_sc_hd__o21ai_0)
     2    0.01    1.24    1.21   45.45 ^ _7456_/Y (sky130_fd_sc_hd__o21ai_0)
                                         _2825_ (net)
                  1.24    0.00   45.45 ^ _7472_/A2 (sky130_fd_sc_hd__o21ai_0)
     1    0.02    0.76    1.22   46.67 v _7472_/Y (sky130_fd_sc_hd__o21ai_0)
                                         _2841_ (net)
                  0.76    0.00   46.68 v _7473_/S (sky130_fd_sc_hd__mux2i_1)
     1    0.01    0.45    0.84   47.52 v _7473_/Y (sky130_fd_sc_hd__mux2i_1)
                                         _2842_ (net)
                  0.45    0.00   47.52 v _7474_/B (sky130_fd_sc_hd__nand2_4)
     3    0.02    0.25    0.52   48.04 ^ _7474_/Y (sky130_fd_sc_hd__nand2_4)
                                         _2843_ (net)
                  0.25    0.00   48.05 ^ _7475_/B (sky130_fd_sc_hd__nand2_1)
     2    0.01    0.40    0.28   48.33 v _7475_/Y (sky130_fd_sc_hd__nand2_1)
                                         _2844_ (net)
                  0.40    0.00   48.33 v _7477_/A3 (sky130_fd_sc_hd__a311o_1)
     1    0.00    0.15    1.76   50.08 v _7477_/X (sky130_fd_sc_hd__a311o_1)
                                         _0039_ (net)
                  0.15    0.00   50.08 v rv32_soc/decoder_trigger$_DFF_P_/D (sky130_fd_sc_hd__dfxtp_1)
                                 50.08   data arrival time

                         25.00   25.00   clock clk0 (rise edge)
                         16.36   41.36   clock network delay (propagated)
                          0.00   41.36   clock reconvergence pessimism
                                 41.36 ^ rv32_soc/decoder_trigger$_DFF_P_/CLK (sky130_fd_sc_hd__dfxtp_1)
                         -0.65   40.71   library setup time
                                 40.71   data required time
-----------------------------------------------------------------------------
                                 40.71   data required time
                                -50.08   data arrival time
-----------------------------------------------------------------------------
                                 -9.37   slack (VIOLATED)


Startpoint: mem_la_wdata[3]$_DFFE_PP_
            (rising edge-triggered flip-flop clocked by clk0)
Endpoint: rv32_soc/latched_store$_SDFFE_PN0P_
          (rising edge-triggered flip-flop clocked by clk0)
Path Group: clk0
Path Type: max
Corner: slow

Fanout     Cap    Slew   Delay    Time   Description
-----------------------------------------------------------------------------
                          0.00    0.00   clock clk0 (rise edge)
                         16.28   16.28   clock network delay (propagated)
                  0.45    0.00   16.28 ^ mem_la_wdata[3]$_DFFE_PP_/CLK (sky130_fd_sc_hd__edfxtp_1)
     6    0.14    4.33    4.30   20.58 ^ mem_la_wdata[3]$_DFFE_PP_/Q (sky130_fd_sc_hd__edfxtp_1)
                                         mem_la_wdata[3] (net)
                  4.33    0.03   20.60 ^ _7532_/A (sky130_fd_sc_hd__inv_1)
     3    0.02    0.68    1.99   22.59 v _7532_/Y (sky130_fd_sc_hd__inv_1)
                                         _4407_ (net)
                  0.68    0.00   22.59 v _9379_/A (sky130_fd_sc_hd__ha_4)
     8    0.05    0.62    1.74   24.33 ^ _9379_/SUM (sky130_fd_sc_hd__ha_4)
                                         _4410_ (net)
                  0.62    0.00   24.33 ^ _7420_/C (sky130_fd_sc_hd__nor3_2)
     1    0.01    0.12    0.35   24.69 v _7420_/Y (sky130_fd_sc_hd__nor3_2)
                                         _2789_ (net)
                  0.12    0.00   24.69 v _7422_/B (sky130_fd_sc_hd__nor3_2)
     2    0.01    1.09    1.14   25.83 ^ _7422_/Y (sky130_fd_sc_hd__nor3_2)
                                         _2791_ (net)
                  1.09    0.00   25.83 ^ _7423_/C (sky130_fd_sc_hd__nor3_2)
     1    0.01    0.18    0.55   26.39 v _7423_/Y (sky130_fd_sc_hd__nor3_2)
                                         _2792_ (net)
                  0.18    0.00   26.39 v _7425_/B (sky130_fd_sc_hd__nor3_2)
     2    0.01    0.82    0.96   27.35 ^ _7425_/Y (sky130_fd_sc_hd__nor3_2)
                                         _2794_ (net)
                  0.82    0.00   27.35 ^ _7426_/B (sky130_fd_sc_hd__nor2_1)
     1    0.01    0.20    0.49   27.84 v _7426_/Y (sky130_fd_sc_hd__nor2_1)
                                         _2795_ (net)
                  0.20    0.00   27.85 v _7427_/B (sky130_fd_sc_hd__nor2_1)
     1    0.01    0.69    0.70   28.55 ^ _7427_/Y (sky130_fd_sc_hd__nor2_1)
                                         _2796_ (net)
                  0.69    0.00   28.55 ^ _7428_/A2 (sky130_fd_sc_hd__o21bai_2)
     2    0.01    0.21    0.47   29.01 v _7428_/Y (sky130_fd_sc_hd__o21bai_2)
                                         _2797_ (net)
                  0.21    0.00   29.02 v _7431_/B1 (sky130_fd_sc_hd__a221oi_1)
     2    0.01    1.73    1.69   30.70 ^ _7431_/Y (sky130_fd_sc_hd__a221oi_1)
                                         _2800_ (net)
                  1.73    0.00   30.70 ^ _7434_/A3 (sky130_fd_sc_hd__o31ai_1)
     1    0.00    0.19    0.80   31.50 v _7434_/Y (sky130_fd_sc_hd__o31ai_1)
                                         _2803_ (net)
                  0.19    0.00   31.50 v rebuffer26/A (sky130_fd_sc_hd__buf_2)
     2    0.01    0.10    0.53   32.03 v rebuffer26/X (sky130_fd_sc_hd__buf_2)
                                         net175 (net)
                  0.10    0.00   32.03 v _7435_/A2 (sky130_fd_sc_hd__a21oi_1)
     1    0.00    0.48    0.58   32.61 ^ _7435_/Y (sky130_fd_sc_hd__a21oi_1)
                                         _2804_ (net)
                  0.48    0.00   32.61 ^ _7436_/B1 (sky130_fd_sc_hd__o21ai_0)
     2    0.01    0.34    0.53   33.14 v _7436_/Y (sky130_fd_sc_hd__o21ai_0)
                                         _2805_ (net)
                  0.34    0.00   33.14 v _7437_/B2 (sky130_fd_sc_hd__a221oi_1)
     1    0.01    1.16    1.46   34.60 ^ _7437_/Y (sky130_fd_sc_hd__a221oi_1)
                                         _2806_ (net)
                  1.16    0.00   34.60 ^ rebuffer17/A (sky130_fd_sc_hd__buf_2)
     2    0.02    0.36    1.03   35.63 ^ rebuffer17/X (sky130_fd_sc_hd__buf_2)
                                         net166 (net)
                  0.36    0.00   35.63 ^ _7440_/A3 (sky130_fd_sc_hd__o31ai_1)
     1    0.00    0.17    0.30   35.93 v _7440_/Y (sky130_fd_sc_hd__o31ai_1)
                                         _2809_ (net)
                  0.17    0.00   35.93 v rebuffer25/A (sky130_fd_sc_hd__buf_2)
     2    0.01    0.09    0.51   36.44 v rebuffer25/X (sky130_fd_sc_hd__buf_2)
                                         net174 (net)
                  0.09    0.00   36.44 v _7441_/B2 (sky130_fd_sc_hd__a221oi_1)
     1    0.00    0.88    1.09   37.54 ^ _7441_/Y (sky130_fd_sc_hd__a221oi_1)
                                         _2810_ (net)
                  0.88    0.00   37.54 ^ rebuffer51/A (sky130_fd_sc_hd__buf_2)
     2    0.01    0.26    0.82   38.36 ^ rebuffer51/X (sky130_fd_sc_hd__buf_2)
                                         net200 (net)
                  0.26    0.00   38.36 ^ _7442_/C (sky130_fd_sc_hd__nor3_2)
     1    0.01    0.16    0.18   38.54 v _7442_/Y (sky130_fd_sc_hd__nor3_2)
                                         _2811_ (net)
                  0.16    0.00   38.54 v _7443_/C (sky130_fd_sc_hd__nor3_2)
     2    0.01    0.82    0.81   39.34 ^ _7443_/Y (sky130_fd_sc_hd__nor3_2)
                                         _2812_ (net)
                  0.82    0.00   39.35 ^ _7446_/A3 (sky130_fd_sc_hd__o31ai_1)
     1    0.00    0.16    0.50   39.85 v _7446_/Y (sky130_fd_sc_hd__o31ai_1)
                                         _2815_ (net)
                  0.16    0.00   39.85 v rebuffer49/A (sky130_fd_sc_hd__buf_2)
     2    0.01    0.10    0.51   40.36 v rebuffer49/X (sky130_fd_sc_hd__buf_2)
                                         net198 (net)
                  0.10    0.00   40.36 v _7448_/B1 (sky130_fd_sc_hd__a221o_1)
     2    0.01    0.20    1.34   41.70 v _7448_/X (sky130_fd_sc_hd__a221o_1)
                                         _2817_ (net)
                  0.20    0.00   41.70 v _7449_/B2 (sky130_fd_sc_hd__a221oi_1)
     1    0.01    1.16    1.38   43.08 ^ _7449_/Y (sky130_fd_sc_hd__a221oi_1)
                                         _2818_ (net)
                  1.16    0.00   43.08 ^ rebuffer24/A (sky130_fd_sc_hd__buf_4)
     3    0.01    0.19    0.90   43.98 ^ rebuffer24/X (sky130_fd_sc_hd__buf_4)
                                         net173 (net)
                  0.19    0.00   43.98 ^ _7454_/A2 (sky130_fd_sc_hd__o21ai_0)
     1    0.00    0.20    0.26   44.24 v _7454_/Y (sky130_fd_sc_hd__o21ai_0)
                                         _2823_ (net)
                  0.20    0.00   44.24 v _7456_/A2 (sky130_fd_sc_hd__o21ai_0)
     2    0.01    1.24    1.21   45.45 ^ _7456_/Y (sky130_fd_sc_hd__o21ai_0)
                                         _2825_ (net)
                  1.24    0.00   45.45 ^ _7472_/A2 (sky130_fd_sc_hd__o21ai_0)
     1    0.02    0.76    1.22   46.67 v _7472_/Y (sky130_fd_sc_hd__o21ai_0)
                                         _2841_ (net)
                  0.76    0.00   46.68 v _7473_/S (sky130_fd_sc_hd__mux2i_1)
     1    0.01    1.27    1.45   48.13 ^ _7473_/Y (sky130_fd_sc_hd__mux2i_1)
                                         _2842_ (net)
                  1.27    0.00   48.13 ^ _7474_/B (sky130_fd_sc_hd__nand2_4)
     3    0.02    0.18    0.64   48.77 v _7474_/Y (sky130_fd_sc_hd__nand2_4)
                                         _2843_ (net)
                  0.18    0.00   48.77 v _8523_/A2 (sky130_fd_sc_hd__a21oi_2)
     2    0.01    0.57    0.73   49.50 ^ _8523_/Y (sky130_fd_sc_hd__a21oi_2)
                                         _3618_ (net)
                  0.57    0.00   49.50 ^ _8527_/A3 (sky130_fd_sc_hd__a41oi_1)
     1    0.00    0.24    0.52   50.02 v _8527_/Y (sky130_fd_sc_hd__a41oi_1)
                                         _0340_ (net)
                  0.24    0.00   50.02 v rv32_soc/latched_store$_SDFFE_PN0P_/D (sky130_fd_sc_hd__dfxtp_1)
                                 50.02   data arrival time

                         25.00   25.00   clock clk0 (rise edge)
                         16.36   41.36   clock network delay (propagated)
                          0.00   41.36   clock reconvergence pessimism
                                 41.36 ^ rv32_soc/latched_store$_SDFFE_PN0P_/CLK (sky130_fd_sc_hd__dfxtp_1)
                         -0.70   40.66   library setup time
                                 40.66   data required time
-----------------------------------------------------------------------------
                                 40.66   data required time
                                -50.02   data arrival time
-----------------------------------------------------------------------------
                                 -9.36   slack (VIOLATED)


Startpoint: mem_la_wdata[3]$_DFFE_PP_
            (rising edge-triggered flip-flop clocked by clk0)
Endpoint: rv32_soc/alu_out_q[24]$_DFF_P_
          (rising edge-triggered flip-flop clocked by clk0)
Path Group: clk0
Path Type: max
Corner: slow

Fanout     Cap    Slew   Delay    Time   Description
-----------------------------------------------------------------------------
                          0.00    0.00   clock clk0 (rise edge)
                         16.28   16.28   clock network delay (propagated)
                  0.45    0.00   16.28 ^ mem_la_wdata[3]$_DFFE_PP_/CLK (sky130_fd_sc_hd__edfxtp_1)
     6    0.14    4.33    4.30   20.58 ^ mem_la_wdata[3]$_DFFE_PP_/Q (sky130_fd_sc_hd__edfxtp_1)
                                         mem_la_wdata[3] (net)
                  4.33    0.03   20.60 ^ _7532_/A (sky130_fd_sc_hd__inv_1)
     3    0.02    0.68    1.99   22.59 v _7532_/Y (sky130_fd_sc_hd__inv_1)
                                         _4407_ (net)
                  0.68    0.00   22.59 v _9379_/A (sky130_fd_sc_hd__ha_4)
     8    0.05    0.62    1.74   24.33 ^ _9379_/SUM (sky130_fd_sc_hd__ha_4)
                                         _4410_ (net)
                  0.62    0.00   24.33 ^ _7420_/C (sky130_fd_sc_hd__nor3_2)
     1    0.01    0.12    0.35   24.69 v _7420_/Y (sky130_fd_sc_hd__nor3_2)
                                         _2789_ (net)
                  0.12    0.00   24.69 v _7422_/B (sky130_fd_sc_hd__nor3_2)
     2    0.01    1.09    1.14   25.83 ^ _7422_/Y (sky130_fd_sc_hd__nor3_2)
                                         _2791_ (net)
                  1.09    0.00   25.83 ^ _7423_/C (sky130_fd_sc_hd__nor3_2)
     1    0.01    0.18    0.55   26.39 v _7423_/Y (sky130_fd_sc_hd__nor3_2)
                                         _2792_ (net)
                  0.18    0.00   26.39 v _7425_/B (sky130_fd_sc_hd__nor3_2)
     2    0.01    0.82    0.96   27.35 ^ _7425_/Y (sky130_fd_sc_hd__nor3_2)
                                         _2794_ (net)
                  0.82    0.00   27.35 ^ _7426_/B (sky130_fd_sc_hd__nor2_1)
     1    0.01    0.20    0.49   27.84 v _7426_/Y (sky130_fd_sc_hd__nor2_1)
                                         _2795_ (net)
                  0.20    0.00   27.85 v _7427_/B (sky130_fd_sc_hd__nor2_1)
     1    0.01    0.69    0.70   28.55 ^ _7427_/Y (sky130_fd_sc_hd__nor2_1)
                                         _2796_ (net)
                  0.69    0.00   28.55 ^ _7428_/A2 (sky130_fd_sc_hd__o21bai_2)
     2    0.01    0.21    0.47   29.01 v _7428_/Y (sky130_fd_sc_hd__o21bai_2)
                                         _2797_ (net)
                  0.21    0.00   29.02 v _7431_/B1 (sky130_fd_sc_hd__a221oi_1)
     2    0.01    1.73    1.69   30.70 ^ _7431_/Y (sky130_fd_sc_hd__a221oi_1)
                                         _2800_ (net)
                  1.73    0.00   30.70 ^ _7434_/A3 (sky130_fd_sc_hd__o31ai_1)
     1    0.00    0.19    0.80   31.50 v _7434_/Y (sky130_fd_sc_hd__o31ai_1)
                                         _2803_ (net)
                  0.19    0.00   31.50 v rebuffer26/A (sky130_fd_sc_hd__buf_2)
     2    0.01    0.10    0.53   32.03 v rebuffer26/X (sky130_fd_sc_hd__buf_2)
                                         net175 (net)
                  0.10    0.00   32.03 v _7435_/A2 (sky130_fd_sc_hd__a21oi_1)
     1    0.00    0.48    0.58   32.61 ^ _7435_/Y (sky130_fd_sc_hd__a21oi_1)
                                         _2804_ (net)
                  0.48    0.00   32.61 ^ _7436_/B1 (sky130_fd_sc_hd__o21ai_0)
     2    0.01    0.34    0.53   33.14 v _7436_/Y (sky130_fd_sc_hd__o21ai_0)
                                         _2805_ (net)
                  0.34    0.00   33.14 v _7437_/B2 (sky130_fd_sc_hd__a221oi_1)
     1    0.01    1.16    1.46   34.60 ^ _7437_/Y (sky130_fd_sc_hd__a221oi_1)
                                         _2806_ (net)
                  1.16    0.00   34.60 ^ rebuffer17/A (sky130_fd_sc_hd__buf_2)
     2    0.02    0.36    1.03   35.63 ^ rebuffer17/X (sky130_fd_sc_hd__buf_2)
                                         net166 (net)
                  0.36    0.00   35.63 ^ _7440_/A3 (sky130_fd_sc_hd__o31ai_1)
     1    0.00    0.17    0.30   35.93 v _7440_/Y (sky130_fd_sc_hd__o31ai_1)
                                         _2809_ (net)
                  0.17    0.00   35.93 v rebuffer25/A (sky130_fd_sc_hd__buf_2)
     2    0.01    0.09    0.51   36.44 v rebuffer25/X (sky130_fd_sc_hd__buf_2)
                                         net174 (net)
                  0.09    0.00   36.44 v _7441_/B2 (sky130_fd_sc_hd__a221oi_1)
     1    0.00    0.88    1.09   37.54 ^ _7441_/Y (sky130_fd_sc_hd__a221oi_1)
                                         _2810_ (net)
                  0.88    0.00   37.54 ^ rebuffer51/A (sky130_fd_sc_hd__buf_2)
     2    0.01    0.26    0.82   38.36 ^ rebuffer51/X (sky130_fd_sc_hd__buf_2)
                                         net200 (net)
                  0.26    0.00   38.36 ^ _7442_/C (sky130_fd_sc_hd__nor3_2)
     1    0.01    0.16    0.18   38.54 v _7442_/Y (sky130_fd_sc_hd__nor3_2)
                                         _2811_ (net)
                  0.16    0.00   38.54 v _7443_/C (sky130_fd_sc_hd__nor3_2)
     2    0.01    0.82    0.81   39.34 ^ _7443_/Y (sky130_fd_sc_hd__nor3_2)
                                         _2812_ (net)
                  0.82    0.00   39.35 ^ _7446_/A3 (sky130_fd_sc_hd__o31ai_1)
     1    0.00    0.16    0.50   39.85 v _7446_/Y (sky130_fd_sc_hd__o31ai_1)
                                         _2815_ (net)
                  0.16    0.00   39.85 v rebuffer49/A (sky130_fd_sc_hd__buf_2)
     2    0.01    0.10    0.51   40.36 v rebuffer49/X (sky130_fd_sc_hd__buf_2)
                                         net198 (net)
                  0.10    0.00   40.36 v rebuffer48/A (sky130_fd_sc_hd__buf_2)
     1    0.00    0.06    0.42   40.78 v rebuffer48/X (sky130_fd_sc_hd__buf_2)
                                         net197 (net)
                  0.06    0.00   40.79 v rebuffer47/A (sky130_fd_sc_hd__buf_2)
     1    0.00    0.07    0.41   41.19 v rebuffer47/X (sky130_fd_sc_hd__buf_2)
                                         net196 (net)
                  0.07    0.00   41.19 v rebuffer46/A (sky130_fd_sc_hd__buf_2)
     1    0.01    0.08    0.42   41.61 v rebuffer46/X (sky130_fd_sc_hd__buf_2)
                                         net195 (net)
                  0.08    0.00   41.61 v rebuffer45/A (sky130_fd_sc_hd__buf_2)
     1    0.01    0.08    0.43   42.04 v rebuffer45/X (sky130_fd_sc_hd__buf_2)
                                         net194 (net)
                  0.08    0.00   42.04 v rebuffer44/A (sky130_fd_sc_hd__buf_2)
     1    0.00    0.07    0.42   42.46 v rebuffer44/X (sky130_fd_sc_hd__buf_2)
                                         net193 (net)
                  0.07    0.00   42.46 v rebuffer43/A (sky130_fd_sc_hd__buf_2)
     1    0.01    0.08    0.43   42.89 v rebuffer43/X (sky130_fd_sc_hd__buf_2)
                                         net192 (net)
                  0.08    0.00   42.89 v rebuffer42/A (sky130_fd_sc_hd__buf_2)
     1    0.01    0.07    0.43   43.32 v rebuffer42/X (sky130_fd_sc_hd__buf_2)
                                         net191 (net)
                  0.07    0.00   43.32 v rebuffer41/A (sky130_fd_sc_hd__buf_2)
     1    0.00    0.06    0.41   43.73 v rebuffer41/X (sky130_fd_sc_hd__buf_2)
                                         net190 (net)
                  0.06    0.00   43.73 v rebuffer40/A (sky130_fd_sc_hd__buf_2)
     1    0.00    0.07    0.41   44.14 v rebuffer40/X (sky130_fd_sc_hd__buf_2)
                                         net189 (net)
                  0.07    0.00   44.14 v rebuffer39/A (sky130_fd_sc_hd__buf_2)
     1    0.00    0.06    0.41   44.54 v rebuffer39/X (sky130_fd_sc_hd__buf_2)
                                         net188 (net)
                  0.06    0.00   44.54 v rebuffer38/A (sky130_fd_sc_hd__buf_2)
     1    0.00    0.06    0.40   44.94 v rebuffer38/X (sky130_fd_sc_hd__buf_2)
                                         net187 (net)
                  0.06    0.00   44.94 v rebuffer37/A (sky130_fd_sc_hd__buf_2)
     1    0.00    0.07    0.40   45.35 v rebuffer37/X (sky130_fd_sc_hd__buf_2)
                                         net186 (net)
                  0.07    0.00   45.35 v rebuffer36/A (sky130_fd_sc_hd__buf_2)
     1    0.00    0.07    0.42   45.76 v rebuffer36/X (sky130_fd_sc_hd__buf_2)
                                         net185 (net)
                  0.07    0.00   45.76 v rebuffer35/A (sky130_fd_sc_hd__buf_2)
     1    0.00    0.07    0.42   46.19 v rebuffer35/X (sky130_fd_sc_hd__buf_2)
                                         net184 (net)
                  0.07    0.00   46.19 v rebuffer34/A (sky130_fd_sc_hd__buf_2)
     1    0.00    0.06    0.41   46.59 v rebuffer34/X (sky130_fd_sc_hd__buf_2)
                                         net183 (net)
                  0.06    0.00   46.59 v rebuffer33/A (sky130_fd_sc_hd__buf_2)
     1    0.01    0.07    0.42   47.01 v rebuffer33/X (sky130_fd_sc_hd__buf_2)
                                         net182 (net)
                  0.07    0.00   47.01 v rebuffer32/A (sky130_fd_sc_hd__buf_2)
     1    0.01    0.09    0.44   47.46 v rebuffer32/X (sky130_fd_sc_hd__buf_2)
                                         net181 (net)
                  0.09    0.00   47.46 v _9026_/A2 (sky130_fd_sc_hd__a21oi_2)
     2    0.01    0.46    0.61   48.07 ^ _9026_/Y (sky130_fd_sc_hd__a21oi_2)
                                         _3991_ (net)
                  0.46    0.00   48.07 ^ _9027_/A2 (sky130_fd_sc_hd__a21oi_1)
     1    0.00    0.33    0.35   48.42 v _9027_/Y (sky130_fd_sc_hd__a21oi_1)
                                         _3992_ (net)
                  0.33    0.00   48.42 v _9028_/B1 (sky130_fd_sc_hd__o21ai_0)
     1    0.01    0.76    0.47   48.88 ^ _9028_/Y (sky130_fd_sc_hd__o21ai_0)
                                         _3993_ (net)
                  0.76    0.00   48.89 ^ _9030_/B1 (sky130_fd_sc_hd__o211ai_1)
     1    0.01    0.32    0.65   49.54 v _9030_/Y (sky130_fd_sc_hd__o211ai_1)
                                         rv32_soc/alu_out[24] (net)
                  0.32    0.00   49.54 v rv32_soc/alu_out_q[24]$_DFF_P_/D (sky130_fd_sc_hd__dfxtp_2)
                                 49.54   data arrival time

                         25.00   25.00   clock clk0 (rise edge)
                         16.32   41.32   clock network delay (propagated)
                          0.00   41.32   clock reconvergence pessimism
                                 41.32 ^ rv32_soc/alu_out_q[24]$_DFF_P_/CLK (sky130_fd_sc_hd__dfxtp_2)
                         -0.81   40.51   library setup time
                                 40.51   data required time
-----------------------------------------------------------------------------
                                 40.51   data required time
                                -49.54   data arrival time
-----------------------------------------------------------------------------
                                 -9.03   slack (VIOLATED)


Startpoint: rv32_soc/decoder_trigger$_DFF_P_
            (rising edge-triggered flip-flop clocked by clk0)
Endpoint: rv32_soc/count_instr[63]$_SDFFE_PN0P_
          (rising edge-triggered flip-flop clocked by clk0)
Path Group: clk0
Path Type: max
Corner: slow

Fanout     Cap    Slew   Delay    Time   Description
-----------------------------------------------------------------------------
                          0.00    0.00   clock clk0 (rise edge)
                         16.36   16.36   clock network delay (propagated)
                  0.51    0.00   16.36 ^ rv32_soc/decoder_trigger$_DFF_P_/CLK (sky130_fd_sc_hd__dfxtp_1)
    33    0.22    6.99    6.47   22.83 ^ rv32_soc/decoder_trigger$_DFF_P_/Q (sky130_fd_sc_hd__dfxtp_1)
                                         rv32_soc/decoder_trigger (net)
                  6.99    0.02   22.85 ^ _4934_/B (sky130_fd_sc_hd__nand2_1)
     4    0.03    1.09    3.37   26.22 v _4934_/Y (sky130_fd_sc_hd__nand2_1)
                                         _0532_ (net)
                  1.09    0.00   26.22 v _7622_/A (sky130_fd_sc_hd__nor2_1)
     3    0.02    1.34    1.77   27.99 ^ _7622_/Y (sky130_fd_sc_hd__nor2_1)
                                         _2904_ (net)
                  1.34    0.00   27.99 ^ _7624_/B (sky130_fd_sc_hd__nand2_4)
     6    0.02    0.22    0.71   28.71 v _7624_/Y (sky130_fd_sc_hd__nand2_4)
                                         _2906_ (net)
                  0.22    0.00   28.71 v _7654_/C (sky130_fd_sc_hd__nor4_1)
     3    0.01    2.46    2.34   31.05 ^ _7654_/Y (sky130_fd_sc_hd__nor4_1)
                                         _2930_ (net)
                  2.46    0.00   31.05 ^ _7667_/C (sky130_fd_sc_hd__nand3_1)
     1    0.01    0.32    1.22   32.27 v _7667_/Y (sky130_fd_sc_hd__nand3_1)
                                         _2939_ (net)
                  0.32    0.00   32.27 v _7669_/A (sky130_fd_sc_hd__nor2_1)
     3    0.01    0.85    0.94   33.21 ^ _7669_/Y (sky130_fd_sc_hd__nor2_1)
                                         _2941_ (net)
                  0.85    0.00   33.21 ^ _7700_/D (sky130_fd_sc_hd__nand4_1)
     1    0.00    0.27    0.64   33.85 v _7700_/Y (sky130_fd_sc_hd__nand4_1)
                                         _2966_ (net)
                  0.27    0.00   33.85 v _7701_/B (sky130_fd_sc_hd__nor3_1)
     3    0.02    2.15    2.05   35.90 ^ _7701_/Y (sky130_fd_sc_hd__nor3_1)
                                         _2967_ (net)
                  2.15    0.00   35.90 ^ _7731_/D (sky130_fd_sc_hd__and4_1)
     1    0.01    0.29    1.54   37.44 ^ _7731_/X (sky130_fd_sc_hd__and4_1)
                                         _2991_ (net)
                  0.29    0.00   37.44 ^ _7732_/D (sky130_fd_sc_hd__and4_4)
     2    0.01    0.21    0.86   38.30 ^ _7732_/X (sky130_fd_sc_hd__and4_4)
                                         _2992_ (net)
                  0.21    0.00   38.30 ^ _7755_/D (sky130_fd_sc_hd__nand4_1)
     2    0.01    0.42    0.50   38.80 v _7755_/Y (sky130_fd_sc_hd__nand4_1)
                                         _3009_ (net)
                  0.42    0.00   38.81 v _7787_/A (sky130_fd_sc_hd__nor3_1)
     2    0.01    1.31    1.50   40.30 ^ _7787_/Y (sky130_fd_sc_hd__nor3_1)
                                         _3035_ (net)
                  1.31    0.00   40.30 ^ _7796_/D (sky130_fd_sc_hd__nand4_1)
     2    0.01    0.41    0.96   41.26 v _7796_/Y (sky130_fd_sc_hd__nand4_1)
                                         _3042_ (net)
                  0.41    0.00   41.27 v _7837_/B (sky130_fd_sc_hd__nor4_1)
     3    0.01    2.41    2.53   43.80 ^ _7837_/Y (sky130_fd_sc_hd__nor4_1)
                                         _3075_ (net)
                  2.41    0.00   43.80 ^ _7875_/C (sky130_fd_sc_hd__nand3_1)
     1    0.01    0.35    1.23   45.03 v _7875_/Y (sky130_fd_sc_hd__nand3_1)
                                         _3105_ (net)
                  0.35    0.00   45.03 v _7877_/A (sky130_fd_sc_hd__nor3_2)
     5    0.02    1.65    1.78   46.81 ^ _7877_/Y (sky130_fd_sc_hd__nor3_2)
                                         _3107_ (net)
                  1.65    0.00   46.81 ^ _7891_/B (sky130_fd_sc_hd__and3_4)
     3    0.01    0.22    1.36   48.17 ^ _7891_/X (sky130_fd_sc_hd__and3_4)
                                         _3117_ (net)
                  0.22    0.00   48.17 ^ _7909_/B (sky130_fd_sc_hd__and3_1)
     2    0.01    0.32    0.64   48.81 ^ _7909_/X (sky130_fd_sc_hd__and3_1)
                                         _3131_ (net)
                  0.32    0.00   48.81 ^ _7910_/A2 (sky130_fd_sc_hd__o21ai_0)
     1    0.01    0.22    0.37   49.18 v _7910_/Y (sky130_fd_sc_hd__o21ai_0)
                                         _3132_ (net)
                  0.22    0.00   49.18 v _7911_/B1 (sky130_fd_sc_hd__a21oi_1)
     1    0.01    0.55    0.65   49.83 ^ _7911_/Y (sky130_fd_sc_hd__a21oi_1)
                                         _0208_ (net)
                  0.55    0.00   49.83 ^ rv32_soc/count_instr[63]$_SDFFE_PN0P_/D (sky130_fd_sc_hd__dfxtp_2)
                                 49.83   data arrival time

                         25.00   25.00   clock clk0 (rise edge)
                         16.35   41.35   clock network delay (propagated)
                          0.00   41.35   clock reconvergence pessimism
                                 41.35 ^ rv32_soc/count_instr[63]$_SDFFE_PN0P_/CLK (sky130_fd_sc_hd__dfxtp_2)
                         -0.32   41.02   library setup time
                                 41.02   data required time
-----------------------------------------------------------------------------
                                 41.02   data required time
                                -49.83   data arrival time
-----------------------------------------------------------------------------
                                 -8.80   slack (VIOLATED)


Startpoint: mem_la_wdata[3]$_DFFE_PP_
            (rising edge-triggered flip-flop clocked by clk0)
Endpoint: rv32_soc/mem_do_rinst$_SDFFE_PP1P_
          (rising edge-triggered flip-flop clocked by clk0)
Path Group: clk0
Path Type: max
Corner: slow

Fanout     Cap    Slew   Delay    Time   Description
-----------------------------------------------------------------------------
                          0.00    0.00   clock clk0 (rise edge)
                         16.28   16.28   clock network delay (propagated)
                  0.45    0.00   16.28 ^ mem_la_wdata[3]$_DFFE_PP_/CLK (sky130_fd_sc_hd__edfxtp_1)
     6    0.14    4.33    4.30   20.58 ^ mem_la_wdata[3]$_DFFE_PP_/Q (sky130_fd_sc_hd__edfxtp_1)
                                         mem_la_wdata[3] (net)
                  4.33    0.03   20.60 ^ _7532_/A (sky130_fd_sc_hd__inv_1)
     3    0.02    0.68    1.99   22.59 v _7532_/Y (sky130_fd_sc_hd__inv_1)
                                         _4407_ (net)
                  0.68    0.00   22.59 v _9379_/A (sky130_fd_sc_hd__ha_4)
     8    0.05    0.62    1.74   24.33 ^ _9379_/SUM (sky130_fd_sc_hd__ha_4)
                                         _4410_ (net)
                  0.62    0.00   24.33 ^ _7420_/C (sky130_fd_sc_hd__nor3_2)
     1    0.01    0.12    0.35   24.69 v _7420_/Y (sky130_fd_sc_hd__nor3_2)
                                         _2789_ (net)
                  0.12    0.00   24.69 v _7422_/B (sky130_fd_sc_hd__nor3_2)
     2    0.01    1.09    1.14   25.83 ^ _7422_/Y (sky130_fd_sc_hd__nor3_2)
                                         _2791_ (net)
                  1.09    0.00   25.83 ^ _7423_/C (sky130_fd_sc_hd__nor3_2)
     1    0.01    0.18    0.55   26.39 v _7423_/Y (sky130_fd_sc_hd__nor3_2)
                                         _2792_ (net)
                  0.18    0.00   26.39 v _7425_/B (sky130_fd_sc_hd__nor3_2)
     2    0.01    0.82    0.96   27.35 ^ _7425_/Y (sky130_fd_sc_hd__nor3_2)
                                         _2794_ (net)
                  0.82    0.00   27.35 ^ _7426_/B (sky130_fd_sc_hd__nor2_1)
     1    0.01    0.20    0.49   27.84 v _7426_/Y (sky130_fd_sc_hd__nor2_1)
                                         _2795_ (net)
                  0.20    0.00   27.85 v _7427_/B (sky130_fd_sc_hd__nor2_1)
     1    0.01    0.69    0.70   28.55 ^ _7427_/Y (sky130_fd_sc_hd__nor2_1)
                                         _2796_ (net)
                  0.69    0.00   28.55 ^ _7428_/A2 (sky130_fd_sc_hd__o21bai_2)
     2    0.01    0.21    0.47   29.01 v _7428_/Y (sky130_fd_sc_hd__o21bai_2)
                                         _2797_ (net)
                  0.21    0.00   29.02 v _7431_/B1 (sky130_fd_sc_hd__a221oi_1)
     2    0.01    1.73    1.69   30.70 ^ _7431_/Y (sky130_fd_sc_hd__a221oi_1)
                                         _2800_ (net)
                  1.73    0.00   30.70 ^ _7434_/A3 (sky130_fd_sc_hd__o31ai_1)
     1    0.00    0.19    0.80   31.50 v _7434_/Y (sky130_fd_sc_hd__o31ai_1)
                                         _2803_ (net)
                  0.19    0.00   31.50 v rebuffer26/A (sky130_fd_sc_hd__buf_2)
     2    0.01    0.10    0.53   32.03 v rebuffer26/X (sky130_fd_sc_hd__buf_2)
                                         net175 (net)
                  0.10    0.00   32.03 v _7435_/A2 (sky130_fd_sc_hd__a21oi_1)
     1    0.00    0.48    0.58   32.61 ^ _7435_/Y (sky130_fd_sc_hd__a21oi_1)
                                         _2804_ (net)
                  0.48    0.00   32.61 ^ _7436_/B1 (sky130_fd_sc_hd__o21ai_0)
     2    0.01    0.34    0.53   33.14 v _7436_/Y (sky130_fd_sc_hd__o21ai_0)
                                         _2805_ (net)
                  0.34    0.00   33.14 v _7437_/B2 (sky130_fd_sc_hd__a221oi_1)
     1    0.01    1.16    1.46   34.60 ^ _7437_/Y (sky130_fd_sc_hd__a221oi_1)
                                         _2806_ (net)
                  1.16    0.00   34.60 ^ rebuffer17/A (sky130_fd_sc_hd__buf_2)
     2    0.02    0.36    1.03   35.63 ^ rebuffer17/X (sky130_fd_sc_hd__buf_2)
                                         net166 (net)
                  0.36    0.00   35.63 ^ _7440_/A3 (sky130_fd_sc_hd__o31ai_1)
     1    0.00    0.17    0.30   35.93 v _7440_/Y (sky130_fd_sc_hd__o31ai_1)
                                         _2809_ (net)
                  0.17    0.00   35.93 v rebuffer25/A (sky130_fd_sc_hd__buf_2)
     2    0.01    0.09    0.51   36.44 v rebuffer25/X (sky130_fd_sc_hd__buf_2)
                                         net174 (net)
                  0.09    0.00   36.44 v _7441_/B2 (sky130_fd_sc_hd__a221oi_1)
     1    0.00    0.88    1.09   37.54 ^ _7441_/Y (sky130_fd_sc_hd__a221oi_1)
                                         _2810_ (net)
                  0.88    0.00   37.54 ^ rebuffer51/A (sky130_fd_sc_hd__buf_2)
     2    0.01    0.26    0.82   38.36 ^ rebuffer51/X (sky130_fd_sc_hd__buf_2)
                                         net200 (net)
                  0.26    0.00   38.36 ^ _7442_/C (sky130_fd_sc_hd__nor3_2)
     1    0.01    0.16    0.18   38.54 v _7442_/Y (sky130_fd_sc_hd__nor3_2)
                                         _2811_ (net)
                  0.16    0.00   38.54 v _7443_/C (sky130_fd_sc_hd__nor3_2)
     2    0.01    0.82    0.81   39.34 ^ _7443_/Y (sky130_fd_sc_hd__nor3_2)
                                         _2812_ (net)
                  0.82    0.00   39.35 ^ _7446_/A3 (sky130_fd_sc_hd__o31ai_1)
     1    0.00    0.16    0.50   39.85 v _7446_/Y (sky130_fd_sc_hd__o31ai_1)
                                         _2815_ (net)
                  0.16    0.00   39.85 v rebuffer49/A (sky130_fd_sc_hd__buf_2)
     2    0.01    0.10    0.51   40.36 v rebuffer49/X (sky130_fd_sc_hd__buf_2)
                                         net198 (net)
                  0.10    0.00   40.36 v _7448_/B1 (sky130_fd_sc_hd__a221o_1)
     2    0.01    0.20    1.34   41.70 v _7448_/X (sky130_fd_sc_hd__a221o_1)
                                         _2817_ (net)
                  0.20    0.00   41.70 v _7449_/B2 (sky130_fd_sc_hd__a221oi_1)
     1    0.01    1.16    1.38   43.08 ^ _7449_/Y (sky130_fd_sc_hd__a221oi_1)
                                         _2818_ (net)
                  1.16    0.00   43.08 ^ rebuffer24/A (sky130_fd_sc_hd__buf_4)
     3    0.01    0.19    0.90   43.98 ^ rebuffer24/X (sky130_fd_sc_hd__buf_4)
                                         net173 (net)
                  0.19    0.00   43.98 ^ _7454_/A2 (sky130_fd_sc_hd__o21ai_0)
     1    0.00    0.20    0.26   44.24 v _7454_/Y (sky130_fd_sc_hd__o21ai_0)
                                         _2823_ (net)
                  0.20    0.00   44.24 v _7456_/A2 (sky130_fd_sc_hd__o21ai_0)
     2    0.01    1.24    1.21   45.45 ^ _7456_/Y (sky130_fd_sc_hd__o21ai_0)
                                         _2825_ (net)
                  1.24    0.00   45.45 ^ _7472_/A2 (sky130_fd_sc_hd__o21ai_0)
     1    0.02    0.76    1.22   46.67 v _7472_/Y (sky130_fd_sc_hd__o21ai_0)
                                         _2841_ (net)
                  0.76    0.00   46.68 v _7473_/S (sky130_fd_sc_hd__mux2i_1)
     1    0.01    1.27    1.45   48.13 ^ _7473_/Y (sky130_fd_sc_hd__mux2i_1)
                                         _2842_ (net)
                  1.27    0.00   48.13 ^ _7474_/B (sky130_fd_sc_hd__nand2_4)
     3    0.02    0.18    0.64   48.77 v _7474_/Y (sky130_fd_sc_hd__nand2_4)
                                         _2843_ (net)
                  0.18    0.00   48.77 v _7475_/B (sky130_fd_sc_hd__nand2_1)
     2    0.01    0.33    0.39   49.16 ^ _7475_/Y (sky130_fd_sc_hd__nand2_1)
                                         _2844_ (net)
                  0.33    0.00   49.16 ^ _7587_/B2 (sky130_fd_sc_hd__o22ai_1)
     1    0.00    0.12    0.26   49.42 v _7587_/Y (sky130_fd_sc_hd__o22ai_1)
                                         _0336_ (net)
                  0.12    0.00   49.42 v rv32_soc/mem_do_rinst$_SDFFE_PP1P_/D (sky130_fd_sc_hd__dfxtp_2)
                                 49.42   data arrival time

                         25.00   25.00   clock clk0 (rise edge)
                         16.35   41.35   clock network delay (propagated)
                          0.00   41.35   clock reconvergence pessimism
                                 41.35 ^ rv32_soc/mem_do_rinst$_SDFFE_PP1P_/CLK (sky130_fd_sc_hd__dfxtp_2)
                         -0.63   40.71   library setup time
                                 40.71   data required time
-----------------------------------------------------------------------------
                                 40.71   data required time
                                -49.42   data arrival time
-----------------------------------------------------------------------------
                                 -8.70   slack (VIOLATED)


Startpoint: rv32_soc/latched_store$_SDFFE_PN0P_
            (rising edge-triggered flip-flop clocked by clk0)
Endpoint: rv32_soc/cpuregs[17][24]$_DFFE_PP_
          (rising edge-triggered flip-flop clocked by clk0)
Path Group: clk0
Path Type: max
Corner: slow

Fanout     Cap    Slew   Delay    Time   Description
-----------------------------------------------------------------------------
                          0.00    0.00   clock clk0 (rise edge)
                         16.36   16.36   clock network delay (propagated)
                  0.51    0.00   16.36 ^ rv32_soc/latched_store$_SDFFE_PN0P_/CLK (sky130_fd_sc_hd__dfxtp_1)
     6    0.02    0.82    1.98   18.34 ^ rv32_soc/latched_store$_SDFFE_PN0P_/Q (sky130_fd_sc_hd__dfxtp_1)
                                         rv32_soc/latched_store (net)
                  0.82    0.00   18.34 ^ _9157_/B_N (sky130_fd_sc_hd__nor2b_1)
    40    0.24   17.65   13.82   32.17 ^ _9157_/Y (sky130_fd_sc_hd__nor2b_1)
                                         _4105_ (net)
                 17.65    0.15   32.32 ^ _9233_/B (sky130_fd_sc_hd__nand2b_1)
     1    0.01    1.82    6.22   38.54 v _9233_/Y (sky130_fd_sc_hd__nand2b_1)
                                         _4166_ (net)
                  1.82    0.00   38.54 v _9234_/B1 (sky130_fd_sc_hd__o31ai_1)
     1    0.01    1.77    1.48   40.02 ^ _9234_/Y (sky130_fd_sc_hd__o31ai_1)
                                         rv32_soc/cpuregs_wrdata[24] (net)
                  1.77    0.00   40.03 ^ wire1121/A (sky130_fd_sc_hd__buf_1)
     2    0.02    0.74    1.40   41.43 ^ wire1121/X (sky130_fd_sc_hd__buf_1)
                                         net1121 (net)
                  0.74    0.00   41.43 ^ load_slew1120/A (sky130_fd_sc_hd__buf_1)
     3    0.01    0.61    0.93   42.36 ^ load_slew1120/X (sky130_fd_sc_hd__buf_1)
                                         net1120 (net)
                  0.61    0.00   42.36 ^ load_slew1119/A (sky130_fd_sc_hd__buf_1)
     3    0.01    0.51    0.80   43.15 ^ load_slew1119/X (sky130_fd_sc_hd__buf_1)
                                         net1119 (net)
                  0.51    0.00   43.16 ^ wire1117/A (sky130_fd_sc_hd__buf_1)
     3    0.01    0.57    0.79   43.94 ^ wire1117/X (sky130_fd_sc_hd__buf_1)
                                         net1117 (net)
                  0.57    0.00   43.94 ^ load_slew1116/A (sky130_fd_sc_hd__buf_1)
     3    0.01    0.52    0.78   44.73 ^ load_slew1116/X (sky130_fd_sc_hd__buf_1)
                                         net1116 (net)
                  0.52    0.00   44.73 ^ load_slew1115/A (sky130_fd_sc_hd__buf_1)
     2    0.01    0.32    0.61   45.33 ^ load_slew1115/X (sky130_fd_sc_hd__buf_1)
                                         net1115 (net)
                  0.32    0.00   45.33 ^ load_slew1114/A (sky130_fd_sc_hd__buf_1)
     3    0.01    0.64    0.76   46.09 ^ load_slew1114/X (sky130_fd_sc_hd__buf_1)
                                         net1114 (net)
                  0.64    0.00   46.09 ^ load_slew1113/A (sky130_fd_sc_hd__buf_1)
     3    0.01    0.54    0.83   46.92 ^ load_slew1113/X (sky130_fd_sc_hd__buf_1)
                                         net1113 (net)
                  0.54    0.00   46.92 ^ load_slew1112/A (sky130_fd_sc_hd__buf_1)
     3    0.01    0.59    0.82   47.74 ^ load_slew1112/X (sky130_fd_sc_hd__buf_1)
                                         net1112 (net)
                  0.59    0.00   47.74 ^ load_slew1111/A (sky130_fd_sc_hd__buf_1)
     3    0.01    0.61    0.85   48.59 ^ load_slew1111/X (sky130_fd_sc_hd__buf_1)
                                         net1111 (net)
                  0.61    0.00   48.59 ^ load_slew1110/A (sky130_fd_sc_hd__buf_1)
     3    0.01    0.55    0.82   49.41 ^ load_slew1110/X (sky130_fd_sc_hd__buf_1)
                                         net1110 (net)
                  0.55    0.00   49.41 ^ rv32_soc/cpuregs[17][24]$_DFFE_PP_/D (sky130_fd_sc_hd__edfxtp_1)
                                 49.41   data arrival time

                         25.00   25.00   clock clk0 (rise edge)
                         16.31   41.31   clock network delay (propagated)
                          0.00   41.31   clock reconvergence pessimism
                                 41.31 ^ rv32_soc/cpuregs[17][24]$_DFFE_PP_/CLK (sky130_fd_sc_hd__edfxtp_1)
                         -0.51   40.80   library setup time
                                 40.80   data required time
-----------------------------------------------------------------------------
                                 40.80   data required time
                                -49.41   data arrival time
-----------------------------------------------------------------------------
                                 -8.61   slack (VIOLATED)


Startpoint: rv32_soc/latched_store$_SDFFE_PN0P_
            (rising edge-triggered flip-flop clocked by clk0)
Endpoint: rv32_soc/cpuregs[20][24]$_DFFE_PP_
          (rising edge-triggered flip-flop clocked by clk0)
Path Group: clk0
Path Type: max
Corner: slow

Fanout     Cap    Slew   Delay    Time   Description
-----------------------------------------------------------------------------
                          0.00    0.00   clock clk0 (rise edge)
                         16.36   16.36   clock network delay (propagated)
                  0.51    0.00   16.36 ^ rv32_soc/latched_store$_SDFFE_PN0P_/CLK (sky130_fd_sc_hd__dfxtp_1)
     6    0.02    0.82    1.98   18.34 ^ rv32_soc/latched_store$_SDFFE_PN0P_/Q (sky130_fd_sc_hd__dfxtp_1)
                                         rv32_soc/latched_store (net)
                  0.82    0.00   18.34 ^ _9157_/B_N (sky130_fd_sc_hd__nor2b_1)
    40    0.24   17.65   13.82   32.17 ^ _9157_/Y (sky130_fd_sc_hd__nor2b_1)
                                         _4105_ (net)
                 17.65    0.15   32.32 ^ _9233_/B (sky130_fd_sc_hd__nand2b_1)
     1    0.01    1.82    6.22   38.54 v _9233_/Y (sky130_fd_sc_hd__nand2b_1)
                                         _4166_ (net)
                  1.82    0.00   38.54 v _9234_/B1 (sky130_fd_sc_hd__o31ai_1)
     1    0.01    1.77    1.48   40.02 ^ _9234_/Y (sky130_fd_sc_hd__o31ai_1)
                                         rv32_soc/cpuregs_wrdata[24] (net)
                  1.77    0.00   40.03 ^ wire1121/A (sky130_fd_sc_hd__buf_1)
     2    0.02    0.74    1.40   41.43 ^ wire1121/X (sky130_fd_sc_hd__buf_1)
                                         net1121 (net)
                  0.74    0.00   41.43 ^ load_slew1120/A (sky130_fd_sc_hd__buf_1)
     3    0.01    0.61    0.93   42.36 ^ load_slew1120/X (sky130_fd_sc_hd__buf_1)
                                         net1120 (net)
                  0.61    0.00   42.36 ^ load_slew1119/A (sky130_fd_sc_hd__buf_1)
     3    0.01    0.51    0.80   43.15 ^ load_slew1119/X (sky130_fd_sc_hd__buf_1)
                                         net1119 (net)
                  0.51    0.00   43.16 ^ wire1117/A (sky130_fd_sc_hd__buf_1)
     3    0.01    0.57    0.79   43.94 ^ wire1117/X (sky130_fd_sc_hd__buf_1)
                                         net1117 (net)
                  0.57    0.00   43.94 ^ load_slew1116/A (sky130_fd_sc_hd__buf_1)
     3    0.01    0.52    0.78   44.73 ^ load_slew1116/X (sky130_fd_sc_hd__buf_1)
                                         net1116 (net)
                  0.52    0.00   44.73 ^ load_slew1115/A (sky130_fd_sc_hd__buf_1)
     2    0.01    0.32    0.61   45.33 ^ load_slew1115/X (sky130_fd_sc_hd__buf_1)
                                         net1115 (net)
                  0.32    0.00   45.33 ^ load_slew1114/A (sky130_fd_sc_hd__buf_1)
     3    0.01    0.64    0.76   46.09 ^ load_slew1114/X (sky130_fd_sc_hd__buf_1)
                                         net1114 (net)
                  0.64    0.00   46.09 ^ load_slew1113/A (sky130_fd_sc_hd__buf_1)
     3    0.01    0.54    0.83   46.92 ^ load_slew1113/X (sky130_fd_sc_hd__buf_1)
                                         net1113 (net)
                  0.54    0.00   46.92 ^ load_slew1112/A (sky130_fd_sc_hd__buf_1)
     3    0.01    0.59    0.82   47.74 ^ load_slew1112/X (sky130_fd_sc_hd__buf_1)
                                         net1112 (net)
                  0.59    0.00   47.74 ^ load_slew1111/A (sky130_fd_sc_hd__buf_1)
     3    0.01    0.61    0.85   48.59 ^ load_slew1111/X (sky130_fd_sc_hd__buf_1)
                                         net1111 (net)
                  0.61    0.00   48.59 ^ load_slew1110/A (sky130_fd_sc_hd__buf_1)
     3    0.01    0.55    0.82   49.41 ^ load_slew1110/X (sky130_fd_sc_hd__buf_1)
                                         net1110 (net)
                  0.55    0.00   49.41 ^ rv32_soc/cpuregs[20][24]$_DFFE_PP_/D (sky130_fd_sc_hd__edfxtp_1)
                                 49.41   data arrival time

                         25.00   25.00   clock clk0 (rise edge)
                         16.34   41.34   clock network delay (propagated)
                          0.00   41.34   clock reconvergence pessimism
                                 41.34 ^ rv32_soc/cpuregs[20][24]$_DFFE_PP_/CLK (sky130_fd_sc_hd__edfxtp_1)
                         -0.50   40.84   library setup time
                                 40.84   data required time
-----------------------------------------------------------------------------
                                 40.84   data required time
                                -49.41   data arrival time
-----------------------------------------------------------------------------
                                 -8.57   slack (VIOLATED)


Startpoint: rv32_soc/latched_store$_SDFFE_PN0P_
            (rising edge-triggered flip-flop clocked by clk0)
Endpoint: rv32_soc/cpuregs[21][24]$_DFFE_PP_
          (rising edge-triggered flip-flop clocked by clk0)
Path Group: clk0
Path Type: max
Corner: slow

Fanout     Cap    Slew   Delay    Time   Description
-----------------------------------------------------------------------------
                          0.00    0.00   clock clk0 (rise edge)
                         16.36   16.36   clock network delay (propagated)
                  0.51    0.00   16.36 ^ rv32_soc/latched_store$_SDFFE_PN0P_/CLK (sky130_fd_sc_hd__dfxtp_1)
     6    0.02    0.82    1.98   18.34 ^ rv32_soc/latched_store$_SDFFE_PN0P_/Q (sky130_fd_sc_hd__dfxtp_1)
                                         rv32_soc/latched_store (net)
                  0.82    0.00   18.34 ^ _9157_/B_N (sky130_fd_sc_hd__nor2b_1)
    40    0.24   17.65   13.82   32.17 ^ _9157_/Y (sky130_fd_sc_hd__nor2b_1)
                                         _4105_ (net)
                 17.65    0.15   32.32 ^ _9233_/B (sky130_fd_sc_hd__nand2b_1)
     1    0.01    1.82    6.22   38.54 v _9233_/Y (sky130_fd_sc_hd__nand2b_1)
                                         _4166_ (net)
                  1.82    0.00   38.54 v _9234_/B1 (sky130_fd_sc_hd__o31ai_1)
     1    0.01    1.77    1.48   40.02 ^ _9234_/Y (sky130_fd_sc_hd__o31ai_1)
                                         rv32_soc/cpuregs_wrdata[24] (net)
                  1.77    0.00   40.03 ^ wire1121/A (sky130_fd_sc_hd__buf_1)
     2    0.02    0.74    1.40   41.43 ^ wire1121/X (sky130_fd_sc_hd__buf_1)
                                         net1121 (net)
                  0.74    0.00   41.43 ^ load_slew1120/A (sky130_fd_sc_hd__buf_1)
     3    0.01    0.61    0.93   42.36 ^ load_slew1120/X (sky130_fd_sc_hd__buf_1)
                                         net1120 (net)
                  0.61    0.00   42.36 ^ load_slew1119/A (sky130_fd_sc_hd__buf_1)
     3    0.01    0.51    0.80   43.15 ^ load_slew1119/X (sky130_fd_sc_hd__buf_1)
                                         net1119 (net)
                  0.51    0.00   43.16 ^ wire1117/A (sky130_fd_sc_hd__buf_1)
     3    0.01    0.57    0.79   43.94 ^ wire1117/X (sky130_fd_sc_hd__buf_1)
                                         net1117 (net)
                  0.57    0.00   43.94 ^ load_slew1116/A (sky130_fd_sc_hd__buf_1)
     3    0.01    0.52    0.78   44.73 ^ load_slew1116/X (sky130_fd_sc_hd__buf_1)
                                         net1116 (net)
                  0.52    0.00   44.73 ^ load_slew1115/A (sky130_fd_sc_hd__buf_1)
     2    0.01    0.32    0.61   45.33 ^ load_slew1115/X (sky130_fd_sc_hd__buf_1)
                                         net1115 (net)
                  0.32    0.00   45.33 ^ load_slew1114/A (sky130_fd_sc_hd__buf_1)
     3    0.01    0.64    0.76   46.09 ^ load_slew1114/X (sky130_fd_sc_hd__buf_1)
                                         net1114 (net)
                  0.64    0.00   46.09 ^ load_slew1113/A (sky130_fd_sc_hd__buf_1)
     3    0.01    0.54    0.83   46.92 ^ load_slew1113/X (sky130_fd_sc_hd__buf_1)
                                         net1113 (net)
                  0.54    0.00   46.92 ^ load_slew1112/A (sky130_fd_sc_hd__buf_1)
     3    0.01    0.59    0.82   47.74 ^ load_slew1112/X (sky130_fd_sc_hd__buf_1)
                                         net1112 (net)
                  0.59    0.00   47.74 ^ load_slew1111/A (sky130_fd_sc_hd__buf_1)
     3    0.01    0.61    0.85   48.59 ^ load_slew1111/X (sky130_fd_sc_hd__buf_1)
                                         net1111 (net)
                  0.61    0.00   48.59 ^ load_slew1110/A (sky130_fd_sc_hd__buf_1)
     3    0.01    0.55    0.82   49.41 ^ load_slew1110/X (sky130_fd_sc_hd__buf_1)
                                         net1110 (net)
                  0.55    0.00   49.41 ^ rv32_soc/cpuregs[21][24]$_DFFE_PP_/D (sky130_fd_sc_hd__edfxtp_1)
                                 49.41   data arrival time

                         25.00   25.00   clock clk0 (rise edge)
                         16.34   41.34   clock network delay (propagated)
                          0.00   41.34   clock reconvergence pessimism
                                 41.34 ^ rv32_soc/cpuregs[21][24]$_DFFE_PP_/CLK (sky130_fd_sc_hd__edfxtp_1)
                         -0.50   40.84   library setup time
                                 40.84   data required time
-----------------------------------------------------------------------------
                                 40.84   data required time
                                -49.41   data arrival time
-----------------------------------------------------------------------------
                                 -8.57   slack (VIOLATED)


